Arguments: 
  /usr/local/Cellar/node/9.3.0_1/bin/node /usr/local/Cellar/yarn/1.3.2/libexec/bin/yarn.js install

PATH: 
  /usr/local/bin:/usr/bin:/bin:/usr/sbin:/sbin

Yarn version: 
  1.3.2

Node version: 
  9.3.0

Platform: 
  darwin x64

npm manifest: 
  {
    "name": "pano-backstage",
    "version": "1.0.0",
    "description": "pano-backstage",
    "main": "gulpfile.js",
    "scripts": {
      "test": "echo \"Error: no test specified\" && exit 1"
    },
    "repository": {
      "type": "git",
      "url": "http://gitlab.support.visualbusiness.cn/jason/pano-backstage.git"
    },
    "author": "jolie",
    "license": "ISC",
    "devDependencies": {
      "gulp": "^3.9.1",
      "gulp-concat": "^2.6.1",
      "gulp-jshint": "^2.0.4",
      "gulp-rename": "^1.2.2",
      "gulp-sass": "^3.0.0",
      "gulp-uglify": "^2.1.2",
      "jshint": "^2.9.5"
    }
  }

yarn manifest: 
  No manifest

Lockfile: 
  No lockfile

Trace: 
  Error: http://r.cnpmjs.org/interpret/download/interpret-1.1.0.tgz: ESOCKETTIMEDOUT
      at ClientRequest.<anonymous> (/usr/local/Cellar/yarn/1.3.2/libexec/lib/cli.js:123716:19)
      at Object.onceWrapper (events.js:254:19)
      at ClientRequest.emit (events.js:159:13)
      at TLSSocket.emitTimeout (_http_client.js:710:34)
      at Object.onceWrapper (events.js:254:19)
      at TLSSocket.emit (events.js:159:13)
      at TLSSocket.Socket._onTimeout (net.js:421:8)
      at ontimeout (timers.js:466:11)
      at tryOnTimeout (timers.js:304:5)
      at Timer.listOnTimeout (timers.js:264:5)
