<xml><appid><![CDATA[wx3d00770652053edd]]></appid>
<attach><![CDATA[test]]></attach>
<bank_type><![CDATA[CFT]]></bank_type>
<cash_fee><![CDATA[1]]></cash_fee>
<fee_type><![CDATA[CNY]]></fee_type>
<is_subscribe><![CDATA[N]]></is_subscribe>
<mch_id><![CDATA[1418910502]]></mch_id>
<nonce_str><![CDATA[1kiwtarajmbfjedem6yxp9xg7qm0wz57]]></nonce_str>
<openid><![CDATA[oeDcV0W0lW2u-WnondVku8uZZo4k]]></openid>
<out_trade_no><![CDATA[141891050220180110090939]]></out_trade_no>
<result_code><![CDATA[SUCCESS]]></result_code>
<return_code><![CDATA[SUCCESS]]></return_code>
<sign><![CDATA[4D13A1FE9635152B61C754C9385C6CA6]]></sign>
<time_end><![CDATA[20180110090943]]></time_end>
<total_fee>1</total_fee>
<trade_type><![CDATA[JSAPI]]></trade_type>
<transaction_id><![CDATA[4200000080201801101399545265]]></transaction_id>
</xml>---
<xml><appid><![CDATA[wx3d00770652053edd]]></appid>
<attach><![CDATA[test]]></attach>
<bank_type><![CDATA[PAB_CREDIT]]></bank_type>
<cash_fee><![CDATA[1]]></cash_fee>
<fee_type><![CDATA[CNY]]></fee_type>
<is_subscribe><![CDATA[N]]></is_subscribe>
<mch_id><![CDATA[1418910502]]></mch_id>
<nonce_str><![CDATA[xop3fd3qts4j1yzgkh90mehhsew7apuc]]></nonce_str>
<openid><![CDATA[oeDcV0TIhZCvU1UFnqrdS_fKJxW0]]></openid>
<out_trade_no><![CDATA[141891050220180110112652]]></out_trade_no>
<result_code><![CDATA[SUCCESS]]></result_code>
<return_code><![CDATA[SUCCESS]]></return_code>
<sign><![CDATA[A9394A35F8CF2B0ECEDFD5DBA8981792]]></sign>
<time_end><![CDATA[20180110112703]]></time_end>
<total_fee>1</total_fee>
<trade_type><![CDATA[JSAPI]]></trade_type>
<transaction_id><![CDATA[4200000052201801101414460099]]></transaction_id>
</xml>---
<xml><appid><![CDATA[wx3d00770652053edd]]></appid>
<attach><![CDATA[test]]></attach>
<bank_type><![CDATA[CFT]]></bank_type>
<cash_fee><![CDATA[1]]></cash_fee>
<fee_type><![CDATA[CNY]]></fee_type>
<is_subscribe><![CDATA[N]]></is_subscribe>
<mch_id><![CDATA[1418910502]]></mch_id>
<nonce_str><![CDATA[8ycm67vre000vjj7e226px2s6sz365sv]]></nonce_str>
<openid><![CDATA[oeDcV0W0lW2u-WnondVku8uZZo4k]]></openid>
<out_trade_no><![CDATA[141891050220180110113038]]></out_trade_no>
<result_code><![CDATA[SUCCESS]]></result_code>
<return_code><![CDATA[SUCCESS]]></return_code>
<sign><![CDATA[775BA1A7D3728FB40340C16FB00A2E06]]></sign>
<time_end><![CDATA[20180110113042]]></time_end>
<total_fee>1</total_fee>
<trade_type><![CDATA[JSAPI]]></trade_type>
<transaction_id><![CDATA[4200000067201801101381248114]]></transaction_id>
</xml>---
<xml><appid><![CDATA[wx3d00770652053edd]]></appid>
<attach><![CDATA[test]]></attach>
<bank_type><![CDATA[PAB_CREDIT]]></bank_type>
<cash_fee><![CDATA[1]]></cash_fee>
<fee_type><![CDATA[CNY]]></fee_type>
<is_subscribe><![CDATA[N]]></is_subscribe>
<mch_id><![CDATA[1418910502]]></mch_id>
<nonce_str><![CDATA[vxc2o3jxiejgdpvi45qh9ppzaa1zkmyc]]></nonce_str>
<openid><![CDATA[oeDcV0TIhZCvU1UFnqrdS_fKJxW0]]></openid>
<out_trade_no><![CDATA[141891050220180110122428]]></out_trade_no>
<result_code><![CDATA[SUCCESS]]></result_code>
<return_code><![CDATA[SUCCESS]]></return_code>
<sign><![CDATA[CF3CCC30A01615C0E3718066980B93CF]]></sign>
<time_end><![CDATA[20180110122433]]></time_end>
<total_fee>1</total_fee>
<trade_type><![CDATA[JSAPI]]></trade_type>
<transaction_id><![CDATA[4200000057201801101463515461]]></transaction_id>
</xml>---
<xml><appid><![CDATA[wx3d00770652053edd]]></appid>
<attach><![CDATA[test]]></attach>
<bank_type><![CDATA[PAB_CREDIT]]></bank_type>
<cash_fee><![CDATA[1]]></cash_fee>
<fee_type><![CDATA[CNY]]></fee_type>
<is_subscribe><![CDATA[N]]></is_subscribe>
<mch_id><![CDATA[1418910502]]></mch_id>
<nonce_str><![CDATA[3a36dv4qy4m9wfmks7mbc8xwmgf41nsf]]></nonce_str>
<openid><![CDATA[oeDcV0TIhZCvU1UFnqrdS_fKJxW0]]></openid>
<out_trade_no><![CDATA[141891050220180110124321]]></out_trade_no>
<result_code><![CDATA[SUCCESS]]></result_code>
<return_code><![CDATA[SUCCESS]]></return_code>
<sign><![CDATA[4881E58E6F9916DC276F0656A7A70305]]></sign>
<time_end><![CDATA[20180110124326]]></time_end>
<total_fee>1</total_fee>
<trade_type><![CDATA[JSAPI]]></trade_type>
<transaction_id><![CDATA[4200000066201801101383295895]]></transaction_id>
</xml>---
<xml><appid><![CDATA[wx3d00770652053edd]]></appid>
<attach><![CDATA[test]]></attach>
<bank_type><![CDATA[CFT]]></bank_type>
<cash_fee><![CDATA[1]]></cash_fee>
<fee_type><![CDATA[CNY]]></fee_type>
<is_subscribe><![CDATA[N]]></is_subscribe>
<mch_id><![CDATA[1418910502]]></mch_id>
<nonce_str><![CDATA[q0vdrqikfchmp4fvxzk0gcgq7ne8dfep]]></nonce_str>
<openid><![CDATA[oeDcV0fcvgQXwTF1AXrK17a5-l-M]]></openid>
<out_trade_no><![CDATA[141891050220180110142431]]></out_trade_no>
<result_code><![CDATA[SUCCESS]]></result_code>
<return_code><![CDATA[SUCCESS]]></return_code>
<sign><![CDATA[3C6F928DD95E9D12088697C45A594B48]]></sign>
<time_end><![CDATA[20180110142446]]></time_end>
<total_fee>1</total_fee>
<trade_type><![CDATA[JSAPI]]></trade_type>
<transaction_id><![CDATA[4200000062201801101439876435]]></transaction_id>
</xml>---
<xml><appid><![CDATA[wx3d00770652053edd]]></appid>
<attach><![CDATA[test]]></attach>
<bank_type><![CDATA[PAB_CREDIT]]></bank_type>
<cash_fee><![CDATA[1]]></cash_fee>
<fee_type><![CDATA[CNY]]></fee_type>
<is_subscribe><![CDATA[N]]></is_subscribe>
<mch_id><![CDATA[1418910502]]></mch_id>
<nonce_str><![CDATA[5y3s9t74lip35sqpm8d9kyf8ql8scy5f]]></nonce_str>
<openid><![CDATA[oeDcV0TIhZCvU1UFnqrdS_fKJxW0]]></openid>
<out_trade_no><![CDATA[141891050220180110173119]]></out_trade_no>
<result_code><![CDATA[SUCCESS]]></result_code>
<return_code><![CDATA[SUCCESS]]></return_code>
<sign><![CDATA[C275579EB8A88801487B27BA56D760B0]]></sign>
<time_end><![CDATA[20180110173123]]></time_end>
<total_fee>1</total_fee>
<trade_type><![CDATA[JSAPI]]></trade_type>
<transaction_id><![CDATA[4200000069201801101652515911]]></transaction_id>
</xml>---
<xml><appid><![CDATA[wx3d00770652053edd]]></appid>
<attach><![CDATA[test]]></attach>
<bank_type><![CDATA[CMB_CREDIT]]></bank_type>
<cash_fee><![CDATA[1]]></cash_fee>
<fee_type><![CDATA[CNY]]></fee_type>
<is_subscribe><![CDATA[N]]></is_subscribe>
<mch_id><![CDATA[1418910502]]></mch_id>
<nonce_str><![CDATA[oyg2152a2hhokp5d0isitlo9518q1ogh]]></nonce_str>
<openid><![CDATA[oeDcV0TIhZCvU1UFnqrdS_fKJxW0]]></openid>
<out_trade_no><![CDATA[141891050220180110205002]]></out_trade_no>
<result_code><![CDATA[SUCCESS]]></result_code>
<return_code><![CDATA[SUCCESS]]></return_code>
<sign><![CDATA[9CE709A67E89C3BD92BF33E23A985C41]]></sign>
<time_end><![CDATA[20180110205007]]></time_end>
<total_fee>1</total_fee>
<trade_type><![CDATA[JSAPI]]></trade_type>
<transaction_id><![CDATA[4200000079201801101616892115]]></transaction_id>
</xml>---
