<xml><appid><![CDATA[wx3d00770652053edd]]></appid>
<attach><![CDATA[test]]></attach>
<bank_type><![CDATA[PAB_CREDIT]]></bank_type>
<cash_fee><![CDATA[1]]></cash_fee>
<fee_type><![CDATA[CNY]]></fee_type>
<is_subscribe><![CDATA[N]]></is_subscribe>
<mch_id><![CDATA[1418910502]]></mch_id>
<nonce_str><![CDATA[bcxkl7lcr85hwoohitg5em9psoailf3v]]></nonce_str>
<openid><![CDATA[oeDcV0TIhZCvU1UFnqrdS_fKJxW0]]></openid>
<out_trade_no><![CDATA[141891050220180109015427]]></out_trade_no>
<result_code><![CDATA[SUCCESS]]></result_code>
<return_code><![CDATA[SUCCESS]]></return_code>
<sign><![CDATA[EE92B88400D920FECB5B20D5D5E382D4]]></sign>
<time_end><![CDATA[20180109015434]]></time_end>
<total_fee>1</total_fee>
<trade_type><![CDATA[JSAPI]]></trade_type>
<transaction_id><![CDATA[4200000065201801090724772378]]></transaction_id>
</xml>---
<xml><appid><![CDATA[wx3d00770652053edd]]></appid>
<attach><![CDATA[test]]></attach>
<bank_type><![CDATA[CFT]]></bank_type>
<cash_fee><![CDATA[1]]></cash_fee>
<fee_type><![CDATA[CNY]]></fee_type>
<is_subscribe><![CDATA[N]]></is_subscribe>
<mch_id><![CDATA[1418910502]]></mch_id>
<nonce_str><![CDATA[i8gskentlzt77hmfyjrayjmheimtn0d6]]></nonce_str>
<openid><![CDATA[oeDcV0W0lW2u-WnondVku8uZZo4k]]></openid>
<out_trade_no><![CDATA[141891050220180109112357]]></out_trade_no>
<result_code><![CDATA[SUCCESS]]></result_code>
<return_code><![CDATA[SUCCESS]]></return_code>
<sign><![CDATA[E18573C921D862F36B62DEE8F85AD49B]]></sign>
<time_end><![CDATA[20180109112402]]></time_end>
<total_fee>1</total_fee>
<trade_type><![CDATA[JSAPI]]></trade_type>
<transaction_id><![CDATA[4200000075201801090723965802]]></transaction_id>
</xml>---
<xml><appid><![CDATA[wx3d00770652053edd]]></appid>
<attach><![CDATA[test]]></attach>
<bank_type><![CDATA[PAB_CREDIT]]></bank_type>
<cash_fee><![CDATA[1]]></cash_fee>
<fee_type><![CDATA[CNY]]></fee_type>
<is_subscribe><![CDATA[N]]></is_subscribe>
<mch_id><![CDATA[1418910502]]></mch_id>
<nonce_str><![CDATA[2yr8gc80y92q18ne7s84omaf83iiw826]]></nonce_str>
<openid><![CDATA[oeDcV0TIhZCvU1UFnqrdS_fKJxW0]]></openid>
<out_trade_no><![CDATA[141891050220180109124511]]></out_trade_no>
<result_code><![CDATA[SUCCESS]]></result_code>
<return_code><![CDATA[SUCCESS]]></return_code>
<sign><![CDATA[D782C1FF9C4BF5617470BC0A8554C2F0]]></sign>
<time_end><![CDATA[20180109124516]]></time_end>
<total_fee>1</total_fee>
<trade_type><![CDATA[JSAPI]]></trade_type>
<transaction_id><![CDATA[4200000061201801090938587345]]></transaction_id>
</xml>---
<xml><appid><![CDATA[wx3d00770652053edd]]></appid>
<attach><![CDATA[test]]></attach>
<bank_type><![CDATA[CFT]]></bank_type>
<cash_fee><![CDATA[1]]></cash_fee>
<fee_type><![CDATA[CNY]]></fee_type>
<is_subscribe><![CDATA[N]]></is_subscribe>
<mch_id><![CDATA[1418910502]]></mch_id>
<nonce_str><![CDATA[65afx4ibqtump2n5a27salg0airaqe6a]]></nonce_str>
<openid><![CDATA[oeDcV0W0lW2u-WnondVku8uZZo4k]]></openid>
<out_trade_no><![CDATA[141891050220180109133428]]></out_trade_no>
<result_code><![CDATA[SUCCESS]]></result_code>
<return_code><![CDATA[SUCCESS]]></return_code>
<sign><![CDATA[9DE29B4BABBF2959C345672F963287E7]]></sign>
<time_end><![CDATA[20180109133454]]></time_end>
<total_fee>1</total_fee>
<trade_type><![CDATA[JSAPI]]></trade_type>
<transaction_id><![CDATA[4200000071201801090968787216]]></transaction_id>
</xml>---
<xml><appid><![CDATA[wx3d00770652053edd]]></appid>
<attach><![CDATA[test]]></attach>
<bank_type><![CDATA[CFT]]></bank_type>
<cash_fee><![CDATA[1]]></cash_fee>
<fee_type><![CDATA[CNY]]></fee_type>
<is_subscribe><![CDATA[N]]></is_subscribe>
<mch_id><![CDATA[1418910502]]></mch_id>
<nonce_str><![CDATA[q0tktwo5n8ay38u64nvrsuakrqgthpxu]]></nonce_str>
<openid><![CDATA[oeDcV0W0lW2u-WnondVku8uZZo4k]]></openid>
<out_trade_no><![CDATA[141891050220180109134525]]></out_trade_no>
<result_code><![CDATA[SUCCESS]]></result_code>
<return_code><![CDATA[SUCCESS]]></return_code>
<sign><![CDATA[9DD4B6344CBD0957E33A131C7E569CF1]]></sign>
<time_end><![CDATA[20180109134557]]></time_end>
<total_fee>1</total_fee>
<trade_type><![CDATA[JSAPI]]></trade_type>
<transaction_id><![CDATA[4200000059201801090861492095]]></transaction_id>
</xml>---
<xml><appid><![CDATA[wx3d00770652053edd]]></appid>
<attach><![CDATA[test]]></attach>
<bank_type><![CDATA[PAB_CREDIT]]></bank_type>
<cash_fee><![CDATA[1]]></cash_fee>
<fee_type><![CDATA[CNY]]></fee_type>
<is_subscribe><![CDATA[N]]></is_subscribe>
<mch_id><![CDATA[1418910502]]></mch_id>
<nonce_str><![CDATA[v656okioirpzc0dlpn8jwjutio87t8cl]]></nonce_str>
<openid><![CDATA[oeDcV0TIhZCvU1UFnqrdS_fKJxW0]]></openid>
<out_trade_no><![CDATA[141891050220180109141911]]></out_trade_no>
<result_code><![CDATA[SUCCESS]]></result_code>
<return_code><![CDATA[SUCCESS]]></return_code>
<sign><![CDATA[72C27B241330FF3C4A1673F1A7BFB734]]></sign>
<time_end><![CDATA[20180109141917]]></time_end>
<total_fee>1</total_fee>
<trade_type><![CDATA[JSAPI]]></trade_type>
<transaction_id><![CDATA[4200000059201801090861077372]]></transaction_id>
</xml>---
<xml><appid><![CDATA[wx3d00770652053edd]]></appid>
<attach><![CDATA[test]]></attach>
<bank_type><![CDATA[CFT]]></bank_type>
<cash_fee><![CDATA[1]]></cash_fee>
<fee_type><![CDATA[CNY]]></fee_type>
<is_subscribe><![CDATA[N]]></is_subscribe>
<mch_id><![CDATA[1418910502]]></mch_id>
<nonce_str><![CDATA[63qcpb4a5oxhohn61ew23q0fzop6lsac]]></nonce_str>
<openid><![CDATA[oeDcV0W0lW2u-WnondVku8uZZo4k]]></openid>
<out_trade_no><![CDATA[141891050220180109144724]]></out_trade_no>
<result_code><![CDATA[SUCCESS]]></result_code>
<return_code><![CDATA[SUCCESS]]></return_code>
<sign><![CDATA[782A890B649D09317C3682D80375C06D]]></sign>
<time_end><![CDATA[20180109144728]]></time_end>
<total_fee>1</total_fee>
<trade_type><![CDATA[JSAPI]]></trade_type>
<transaction_id><![CDATA[4200000057201801090834126753]]></transaction_id>
</xml>---
<xml><appid><![CDATA[wx3d00770652053edd]]></appid>
<attach><![CDATA[test]]></attach>
<bank_type><![CDATA[PAB_CREDIT]]></bank_type>
<cash_fee><![CDATA[1]]></cash_fee>
<fee_type><![CDATA[CNY]]></fee_type>
<is_subscribe><![CDATA[N]]></is_subscribe>
<mch_id><![CDATA[1418910502]]></mch_id>
<nonce_str><![CDATA[08ukrsrc0szprodpe5r6m21ga94f0gls]]></nonce_str>
<openid><![CDATA[oeDcV0TIhZCvU1UFnqrdS_fKJxW0]]></openid>
<out_trade_no><![CDATA[141891050220180109170421]]></out_trade_no>
<result_code><![CDATA[SUCCESS]]></result_code>
<return_code><![CDATA[SUCCESS]]></return_code>
<sign><![CDATA[AEF60A68671CE626C78AB3559DE95EEF]]></sign>
<time_end><![CDATA[20180109170427]]></time_end>
<total_fee>1</total_fee>
<trade_type><![CDATA[JSAPI]]></trade_type>
<transaction_id><![CDATA[4200000072201801091032425392]]></transaction_id>
</xml>---
<xml><appid><![CDATA[wx3d00770652053edd]]></appid>
<attach><![CDATA[test]]></attach>
<bank_type><![CDATA[PAB_CREDIT]]></bank_type>
<cash_fee><![CDATA[1]]></cash_fee>
<fee_type><![CDATA[CNY]]></fee_type>
<is_subscribe><![CDATA[N]]></is_subscribe>
<mch_id><![CDATA[1418910502]]></mch_id>
<nonce_str><![CDATA[73sb59zbx0dm0jpwqyvogo95292w0rm9]]></nonce_str>
<openid><![CDATA[oeDcV0TIhZCvU1UFnqrdS_fKJxW0]]></openid>
<out_trade_no><![CDATA[141891050220180109170437]]></out_trade_no>
<result_code><![CDATA[SUCCESS]]></result_code>
<return_code><![CDATA[SUCCESS]]></return_code>
<sign><![CDATA[4DDA4BA0C5B9A5615B3547248BABBC3C]]></sign>
<time_end><![CDATA[20180109170443]]></time_end>
<total_fee>1</total_fee>
<trade_type><![CDATA[JSAPI]]></trade_type>
<transaction_id><![CDATA[4200000071201801091072469793]]></transaction_id>
</xml>---
<xml><appid><![CDATA[wx3d00770652053edd]]></appid>
<attach><![CDATA[test]]></attach>
<bank_type><![CDATA[PAB_CREDIT]]></bank_type>
<cash_fee><![CDATA[1]]></cash_fee>
<fee_type><![CDATA[CNY]]></fee_type>
<is_subscribe><![CDATA[N]]></is_subscribe>
<mch_id><![CDATA[1418910502]]></mch_id>
<nonce_str><![CDATA[8qs7c80xdbc3fy6ic34ca2z386yfhys1]]></nonce_str>
<openid><![CDATA[oeDcV0TIhZCvU1UFnqrdS_fKJxW0]]></openid>
<out_trade_no><![CDATA[141891050220180109174522]]></out_trade_no>
<result_code><![CDATA[SUCCESS]]></result_code>
<return_code><![CDATA[SUCCESS]]></return_code>
<sign><![CDATA[52BF1D03B715EF2ABFF1487BBDAF6295]]></sign>
<time_end><![CDATA[20180109174527]]></time_end>
<total_fee>1</total_fee>
<trade_type><![CDATA[JSAPI]]></trade_type>
<transaction_id><![CDATA[4200000060201801091117267507]]></transaction_id>
</xml>---
<xml><appid><![CDATA[wx3d00770652053edd]]></appid>
<attach><![CDATA[test]]></attach>
<bank_type><![CDATA[PAB_CREDIT]]></bank_type>
<cash_fee><![CDATA[1]]></cash_fee>
<fee_type><![CDATA[CNY]]></fee_type>
<is_subscribe><![CDATA[N]]></is_subscribe>
<mch_id><![CDATA[1418910502]]></mch_id>
<nonce_str><![CDATA[k12mtltmt68qw54qmu8xol7eihku5vtn]]></nonce_str>
<openid><![CDATA[oeDcV0TIhZCvU1UFnqrdS_fKJxW0]]></openid>
<out_trade_no><![CDATA[141891050220180109175039]]></out_trade_no>
<result_code><![CDATA[SUCCESS]]></result_code>
<return_code><![CDATA[SUCCESS]]></return_code>
<sign><![CDATA[55EA122AFA9331AE9DE2AF8488064088]]></sign>
<time_end><![CDATA[20180109175046]]></time_end>
<total_fee>1</total_fee>
<trade_type><![CDATA[JSAPI]]></trade_type>
<transaction_id><![CDATA[4200000060201801091055900339]]></transaction_id>
</xml>---
<xml><appid><![CDATA[wx3d00770652053edd]]></appid>
<attach><![CDATA[test]]></attach>
<bank_type><![CDATA[PAB_CREDIT]]></bank_type>
<cash_fee><![CDATA[1]]></cash_fee>
<fee_type><![CDATA[CNY]]></fee_type>
<is_subscribe><![CDATA[N]]></is_subscribe>
<mch_id><![CDATA[1418910502]]></mch_id>
<nonce_str><![CDATA[2n1c1vrx2a61i4vx0e1w6btryv1hozfi]]></nonce_str>
<openid><![CDATA[oeDcV0TIhZCvU1UFnqrdS_fKJxW0]]></openid>
<out_trade_no><![CDATA[141891050220180109184543]]></out_trade_no>
<result_code><![CDATA[SUCCESS]]></result_code>
<return_code><![CDATA[SUCCESS]]></return_code>
<sign><![CDATA[920D684D5E62AF3BB4F6C50C48FED171]]></sign>
<time_end><![CDATA[20180109184548]]></time_end>
<total_fee>1</total_fee>
<trade_type><![CDATA[JSAPI]]></trade_type>
<transaction_id><![CDATA[4200000061201801091025090361]]></transaction_id>
</xml>---
<xml><appid><![CDATA[wx3d00770652053edd]]></appid>
<attach><![CDATA[test]]></attach>
<bank_type><![CDATA[PAB_CREDIT]]></bank_type>
<cash_fee><![CDATA[1]]></cash_fee>
<fee_type><![CDATA[CNY]]></fee_type>
<is_subscribe><![CDATA[N]]></is_subscribe>
<mch_id><![CDATA[1418910502]]></mch_id>
<nonce_str><![CDATA[c55ctz76b1vxccx3t24a7xuqunje0yhg]]></nonce_str>
<openid><![CDATA[oeDcV0TIhZCvU1UFnqrdS_fKJxW0]]></openid>
<out_trade_no><![CDATA[141891050220180109184812]]></out_trade_no>
<result_code><![CDATA[SUCCESS]]></result_code>
<return_code><![CDATA[SUCCESS]]></return_code>
<sign><![CDATA[5F536352815829757D21649700C15E6A]]></sign>
<time_end><![CDATA[20180109184817]]></time_end>
<total_fee>1</total_fee>
<trade_type><![CDATA[JSAPI]]></trade_type>
<transaction_id><![CDATA[4200000060201801091124530575]]></transaction_id>
</xml>---
<xml><appid><![CDATA[wx3d00770652053edd]]></appid>
<attach><![CDATA[test]]></attach>
<bank_type><![CDATA[PAB_CREDIT]]></bank_type>
<cash_fee><![CDATA[1]]></cash_fee>
<fee_type><![CDATA[CNY]]></fee_type>
<is_subscribe><![CDATA[N]]></is_subscribe>
<mch_id><![CDATA[1418910502]]></mch_id>
<nonce_str><![CDATA[w1pna6w0f9055hg6znjoj1rkkum2xha9]]></nonce_str>
<openid><![CDATA[oeDcV0TIhZCvU1UFnqrdS_fKJxW0]]></openid>
<out_trade_no><![CDATA[141891050220180109185213]]></out_trade_no>
<result_code><![CDATA[SUCCESS]]></result_code>
<return_code><![CDATA[SUCCESS]]></return_code>
<sign><![CDATA[29F4505068839FF567A29C4BC55254F3]]></sign>
<time_end><![CDATA[20180109185219]]></time_end>
<total_fee>1</total_fee>
<trade_type><![CDATA[JSAPI]]></trade_type>
<transaction_id><![CDATA[4200000076201801091034120264]]></transaction_id>
</xml>---
<xml><appid><![CDATA[wx3d00770652053edd]]></appid>
<attach><![CDATA[test]]></attach>
<bank_type><![CDATA[PAB_CREDIT]]></bank_type>
<cash_fee><![CDATA[1]]></cash_fee>
<fee_type><![CDATA[CNY]]></fee_type>
<is_subscribe><![CDATA[N]]></is_subscribe>
<mch_id><![CDATA[1418910502]]></mch_id>
<nonce_str><![CDATA[fc8ueo4cqjqfk79houvqqkzxjohnojj2]]></nonce_str>
<openid><![CDATA[oeDcV0TIhZCvU1UFnqrdS_fKJxW0]]></openid>
<out_trade_no><![CDATA[141891050220180109205048]]></out_trade_no>
<result_code><![CDATA[SUCCESS]]></result_code>
<return_code><![CDATA[SUCCESS]]></return_code>
<sign><![CDATA[610FB6FDD4A70AD7C4092CFDD9B15E4C]]></sign>
<time_end><![CDATA[20180109205053]]></time_end>
<total_fee>1</total_fee>
<trade_type><![CDATA[JSAPI]]></trade_type>
<transaction_id><![CDATA[4200000073201801091125507726]]></transaction_id>
</xml>---
