<xml><appid><![CDATA[wx3d00770652053edd]]></appid>
<attach><![CDATA[test]]></attach>
<bank_type><![CDATA[CFT]]></bank_type>
<cash_fee><![CDATA[1]]></cash_fee>
<fee_type><![CDATA[CNY]]></fee_type>
<is_subscribe><![CDATA[N]]></is_subscribe>
<mch_id><![CDATA[1418910502]]></mch_id>
<nonce_str><![CDATA[azven70q19xilu587vyea4unbp63n4rp]]></nonce_str>
<openid><![CDATA[oeDcV0W0lW2u-WnondVku8uZZo4k]]></openid>
<out_trade_no><![CDATA[141891050220180104143427]]></out_trade_no>
<result_code><![CDATA[SUCCESS]]></result_code>
<return_code><![CDATA[SUCCESS]]></return_code>
<sign><![CDATA[E51DACA12E7F1B76E3500FFC6D46FFF2]]></sign>
<time_end><![CDATA[20180104143441]]></time_end>
<total_fee>1</total_fee>
<trade_type><![CDATA[JSAPI]]></trade_type>
<transaction_id><![CDATA[4200000014201801047859400489]]></transaction_id>
</xml>---
<xml><appid><![CDATA[wx3d00770652053edd]]></appid>
<attach><![CDATA[test]]></attach>
<bank_type><![CDATA[CFT]]></bank_type>
<cash_fee><![CDATA[1]]></cash_fee>
<fee_type><![CDATA[CNY]]></fee_type>
<is_subscribe><![CDATA[N]]></is_subscribe>
<mch_id><![CDATA[1418910502]]></mch_id>
<nonce_str><![CDATA[1eob4irnzge6nhrye02zna6dsoj1i4qw]]></nonce_str>
<openid><![CDATA[oeDcV0W0lW2u-WnondVku8uZZo4k]]></openid>
<out_trade_no><![CDATA[141891050220180104144717]]></out_trade_no>
<result_code><![CDATA[SUCCESS]]></result_code>
<return_code><![CDATA[SUCCESS]]></return_code>
<sign><![CDATA[71BD36387074B6011DDBF40C4A2D4A9B]]></sign>
<time_end><![CDATA[20180104144727]]></time_end>
<total_fee>1</total_fee>
<trade_type><![CDATA[JSAPI]]></trade_type>
<transaction_id><![CDATA[4200000026201801047918128145]]></transaction_id>
</xml>---
<xml><appid><![CDATA[wx3d00770652053edd]]></appid>
<attach><![CDATA[test]]></attach>
<bank_type><![CDATA[PAB_CREDIT]]></bank_type>
<cash_fee><![CDATA[1]]></cash_fee>
<fee_type><![CDATA[CNY]]></fee_type>
<is_subscribe><![CDATA[N]]></is_subscribe>
<mch_id><![CDATA[1418910502]]></mch_id>
<nonce_str><![CDATA[dbcawnznke3zd90vefmjsvg39qikr565]]></nonce_str>
<openid><![CDATA[oeDcV0TIhZCvU1UFnqrdS_fKJxW0]]></openid>
<out_trade_no><![CDATA[141891050220180104161346]]></out_trade_no>
<result_code><![CDATA[SUCCESS]]></result_code>
<return_code><![CDATA[SUCCESS]]></return_code>
<sign><![CDATA[9B0E62309D4CD807979F706443A48E08]]></sign>
<time_end><![CDATA[20180104161351]]></time_end>
<total_fee>1</total_fee>
<trade_type><![CDATA[JSAPI]]></trade_type>
<transaction_id><![CDATA[4200000001201801047918317066]]></transaction_id>
</xml>---
