<xml><appid><![CDATA[wx3d00770652053edd]]></appid>
<attach><![CDATA[test]]></attach>
<bank_type><![CDATA[CFT]]></bank_type>
<cash_fee><![CDATA[1]]></cash_fee>
<fee_type><![CDATA[CNY]]></fee_type>
<is_subscribe><![CDATA[N]]></is_subscribe>
<mch_id><![CDATA[1418910502]]></mch_id>
<nonce_str><![CDATA[aeqvbc0hp00f9ocipqt9e778ziarkdes]]></nonce_str>
<openid><![CDATA[oeDcV0Zc4eR8nIigyAVbHx0c5oAc]]></openid>
<out_trade_no><![CDATA[141891050220180113123631]]></out_trade_no>
<result_code><![CDATA[SUCCESS]]></result_code>
<return_code><![CDATA[SUCCESS]]></return_code>
<sign><![CDATA[A2860308FA8891C2AE13B9227D7ADDA4]]></sign>
<time_end><![CDATA[20180113123637]]></time_end>
<total_fee>1</total_fee>
<trade_type><![CDATA[JSAPI]]></trade_type>
<transaction_id><![CDATA[4200000063201801133168517679]]></transaction_id>
</xml>---
<xml><appid><![CDATA[wx3d00770652053edd]]></appid>
<attach><![CDATA[test]]></attach>
<bank_type><![CDATA[CFT]]></bank_type>
<cash_fee><![CDATA[1]]></cash_fee>
<fee_type><![CDATA[CNY]]></fee_type>
<is_subscribe><![CDATA[N]]></is_subscribe>
<mch_id><![CDATA[1418910502]]></mch_id>
<nonce_str><![CDATA[wlqwh04d772d7m7mm6zau7lyk9gmwose]]></nonce_str>
<openid><![CDATA[oeDcV0Zc4eR8nIigyAVbHx0c5oAc]]></openid>
<out_trade_no><![CDATA[141891050220180113123728]]></out_trade_no>
<result_code><![CDATA[SUCCESS]]></result_code>
<return_code><![CDATA[SUCCESS]]></return_code>
<sign><![CDATA[822C22ADE7F52EDE9F46D2FCA476E820]]></sign>
<time_end><![CDATA[20180113123734]]></time_end>
<total_fee>1</total_fee>
<trade_type><![CDATA[JSAPI]]></trade_type>
<transaction_id><![CDATA[4200000080201801133277213751]]></transaction_id>
</xml>---
