<xml><appid><![CDATA[wx3d00770652053edd]]></appid>
<attach><![CDATA[test]]></attach>
<bank_type><![CDATA[CFT]]></bank_type>
<cash_fee><![CDATA[1]]></cash_fee>
<fee_type><![CDATA[CNY]]></fee_type>
<is_subscribe><![CDATA[N]]></is_subscribe>
<mch_id><![CDATA[1418910502]]></mch_id>
<nonce_str><![CDATA[lvruzbzjgmz9ydenxx908iwdtze29ra6]]></nonce_str>
<openid><![CDATA[oeDcV0Zc4eR8nIigyAVbHx0c5oAc]]></openid>
<out_trade_no><![CDATA[141891050220171231192010]]></out_trade_no>
<result_code><![CDATA[SUCCESS]]></result_code>
<return_code><![CDATA[SUCCESS]]></return_code>
<sign><![CDATA[4C11F4A746A54E47618FFABA39A642BF]]></sign>
<time_end><![CDATA[20171231192027]]></time_end>
<total_fee>1</total_fee>
<trade_type><![CDATA[JSAPI]]></trade_type>
<transaction_id><![CDATA[4200000026201712315300820560]]></transaction_id>
</xml>---
<xml><appid><![CDATA[wx3d00770652053edd]]></appid>
<attach><![CDATA[test]]></attach>
<bank_type><![CDATA[CFT]]></bank_type>
<cash_fee><![CDATA[1]]></cash_fee>
<fee_type><![CDATA[CNY]]></fee_type>
<is_subscribe><![CDATA[N]]></is_subscribe>
<mch_id><![CDATA[1418910502]]></mch_id>
<nonce_str><![CDATA[apa814b002asal53lob9432sjgqa747y]]></nonce_str>
<openid><![CDATA[oeDcV0Zc4eR8nIigyAVbHx0c5oAc]]></openid>
<out_trade_no><![CDATA[141891050220171231192050]]></out_trade_no>
<result_code><![CDATA[SUCCESS]]></result_code>
<return_code><![CDATA[SUCCESS]]></return_code>
<sign><![CDATA[21690D66FF8250E718DAD4B4D75C7549]]></sign>
<time_end><![CDATA[20171231192106]]></time_end>
<total_fee>1</total_fee>
<trade_type><![CDATA[JSAPI]]></trade_type>
<transaction_id><![CDATA[4200000009201712315342736220]]></transaction_id>
</xml>---
<xml><appid><![CDATA[wx3d00770652053edd]]></appid>
<attach><![CDATA[test]]></attach>
<bank_type><![CDATA[CFT]]></bank_type>
<cash_fee><![CDATA[1]]></cash_fee>
<fee_type><![CDATA[CNY]]></fee_type>
<is_subscribe><![CDATA[N]]></is_subscribe>
<mch_id><![CDATA[1418910502]]></mch_id>
<nonce_str><![CDATA[n2lmo4es4eei0qmjdwvjwkbwnevpuhwr]]></nonce_str>
<openid><![CDATA[oeDcV0Zc4eR8nIigyAVbHx0c5oAc]]></openid>
<out_trade_no><![CDATA[141891050220171231191504]]></out_trade_no>
<result_code><![CDATA[SUCCESS]]></result_code>
<return_code><![CDATA[SUCCESS]]></return_code>
<sign><![CDATA[4C1C5ADFE4236E233C5E993453DE16D1]]></sign>
<time_end><![CDATA[20171231191653]]></time_end>
<total_fee>1</total_fee>
<trade_type><![CDATA[JSAPI]]></trade_type>
<transaction_id><![CDATA[4200000027201712315338716011]]></transaction_id>
</xml>---
<xml><appid><![CDATA[wx3d00770652053edd]]></appid>
<attach><![CDATA[test]]></attach>
<bank_type><![CDATA[CFT]]></bank_type>
<cash_fee><![CDATA[1]]></cash_fee>
<fee_type><![CDATA[CNY]]></fee_type>
<is_subscribe><![CDATA[N]]></is_subscribe>
<mch_id><![CDATA[1418910502]]></mch_id>
<nonce_str><![CDATA[k7qt979rd2tu9gac3sspss93cbcq0l9w]]></nonce_str>
<openid><![CDATA[oeDcV0Zc4eR8nIigyAVbHx0c5oAc]]></openid>
<out_trade_no><![CDATA[141891050220171231192202]]></out_trade_no>
<result_code><![CDATA[SUCCESS]]></result_code>
<return_code><![CDATA[SUCCESS]]></return_code>
<sign><![CDATA[2B59D0B2A005E8E52864A699FACD3A70]]></sign>
<time_end><![CDATA[20171231192217]]></time_end>
<total_fee>1</total_fee>
<trade_type><![CDATA[JSAPI]]></trade_type>
<transaction_id><![CDATA[4200000026201712315337816778]]></transaction_id>
</xml>---
<xml><appid><![CDATA[wx3d00770652053edd]]></appid>
<attach><![CDATA[test]]></attach>
<bank_type><![CDATA[CFT]]></bank_type>
<cash_fee><![CDATA[1]]></cash_fee>
<fee_type><![CDATA[CNY]]></fee_type>
<is_subscribe><![CDATA[N]]></is_subscribe>
<mch_id><![CDATA[1418910502]]></mch_id>
<nonce_str><![CDATA[3v0qi3lvspxdhch8up8v1g52e3vzen1x]]></nonce_str>
<openid><![CDATA[oeDcV0Zc4eR8nIigyAVbHx0c5oAc]]></openid>
<out_trade_no><![CDATA[141891050220171231192226]]></out_trade_no>
<result_code><![CDATA[SUCCESS]]></result_code>
<return_code><![CDATA[SUCCESS]]></return_code>
<sign><![CDATA[DF4ACA02E37E7D9A97FD6E680E071A49]]></sign>
<time_end><![CDATA[20171231192241]]></time_end>
<total_fee>1</total_fee>
<trade_type><![CDATA[JSAPI]]></trade_type>
<transaction_id><![CDATA[4200000005201712315288016851]]></transaction_id>
</xml>---
