<xml><appid><![CDATA[wx3d00770652053edd]]></appid>
<attach><![CDATA[test]]></attach>
<bank_type><![CDATA[CMB_CREDIT]]></bank_type>
<cash_fee><![CDATA[1]]></cash_fee>
<fee_type><![CDATA[CNY]]></fee_type>
<is_subscribe><![CDATA[N]]></is_subscribe>
<mch_id><![CDATA[1418910502]]></mch_id>
<nonce_str><![CDATA[y6hhvdfcbavtab9sk0wg8mc0ni8lmin1]]></nonce_str>
<openid><![CDATA[oeDcV0TIhZCvU1UFnqrdS_fKJxW0]]></openid>
<out_trade_no><![CDATA[141891050220180111171939]]></out_trade_no>
<result_code><![CDATA[SUCCESS]]></result_code>
<return_code><![CDATA[SUCCESS]]></return_code>
<sign><![CDATA[BA839B44446A96BE5518173E54D3D372]]></sign>
<time_end><![CDATA[20180111171943]]></time_end>
<total_fee>1</total_fee>
<trade_type><![CDATA[JSAPI]]></trade_type>
<transaction_id><![CDATA[4200000052201801112168383256]]></transaction_id>
</xml>---
<xml><appid><![CDATA[wx3d00770652053edd]]></appid>
<attach><![CDATA[test]]></attach>
<bank_type><![CDATA[CMB_CREDIT]]></bank_type>
<cash_fee><![CDATA[1]]></cash_fee>
<fee_type><![CDATA[CNY]]></fee_type>
<is_subscribe><![CDATA[N]]></is_subscribe>
<mch_id><![CDATA[1418910502]]></mch_id>
<nonce_str><![CDATA[0fjhw1w4xozl7rtfwtq2rn4jfe44jw0l]]></nonce_str>
<openid><![CDATA[oeDcV0TIhZCvU1UFnqrdS_fKJxW0]]></openid>
<out_trade_no><![CDATA[141891050220180111220611]]></out_trade_no>
<result_code><![CDATA[SUCCESS]]></result_code>
<return_code><![CDATA[SUCCESS]]></return_code>
<sign><![CDATA[7739F2DE809AF54C70AEE6911B62DCA3]]></sign>
<time_end><![CDATA[20180111220616]]></time_end>
<total_fee>1</total_fee>
<trade_type><![CDATA[JSAPI]]></trade_type>
<transaction_id><![CDATA[4200000080201801112400576130]]></transaction_id>
</xml>---
<xml><appid><![CDATA[wx3d00770652053edd]]></appid>
<attach><![CDATA[test]]></attach>
<bank_type><![CDATA[CFT]]></bank_type>
<cash_fee><![CDATA[1]]></cash_fee>
<fee_type><![CDATA[CNY]]></fee_type>
<is_subscribe><![CDATA[N]]></is_subscribe>
<mch_id><![CDATA[1418910502]]></mch_id>
<nonce_str><![CDATA[73c89gzynqq5hxf755x5b9nf1jcquf41]]></nonce_str>
<openid><![CDATA[oeDcV0W0lW2u-WnondVku8uZZo4k]]></openid>
<out_trade_no><![CDATA[141891050220180111220907]]></out_trade_no>
<result_code><![CDATA[SUCCESS]]></result_code>
<return_code><![CDATA[SUCCESS]]></return_code>
<sign><![CDATA[644E6E307DCF53CD691E87BBF7473AF9]]></sign>
<time_end><![CDATA[20180111220911]]></time_end>
<total_fee>1</total_fee>
<trade_type><![CDATA[JSAPI]]></trade_type>
<transaction_id><![CDATA[4200000069201801112314892845]]></transaction_id>
</xml>---
