<xml><appid><![CDATA[wx3d00770652053edd]]></appid>
<attach><![CDATA[test]]></attach>
<bank_type><![CDATA[CFT]]></bank_type>
<cash_fee><![CDATA[1]]></cash_fee>
<fee_type><![CDATA[CNY]]></fee_type>
<is_subscribe><![CDATA[N]]></is_subscribe>
<mch_id><![CDATA[1418910502]]></mch_id>
<nonce_str><![CDATA[xzo7b1xge8qm2zqg64rhu5yapri0po6r]]></nonce_str>
<openid><![CDATA[oeDcV0W0lW2u-WnondVku8uZZo4k]]></openid>
<out_trade_no><![CDATA[141891050220180112110128]]></out_trade_no>
<result_code><![CDATA[SUCCESS]]></result_code>
<return_code><![CDATA[SUCCESS]]></return_code>
<sign><![CDATA[39D1A28BCCD054E3A4408DA0BD4193E9]]></sign>
<time_end><![CDATA[20180112110132]]></time_end>
<total_fee>1</total_fee>
<trade_type><![CDATA[JSAPI]]></trade_type>
<transaction_id><![CDATA[4200000065201801122496763773]]></transaction_id>
</xml>---
<xml><appid><![CDATA[wx3d00770652053edd]]></appid>
<attach><![CDATA[test]]></attach>
<bank_type><![CDATA[CFT]]></bank_type>
<cash_fee><![CDATA[1]]></cash_fee>
<fee_type><![CDATA[CNY]]></fee_type>
<is_subscribe><![CDATA[N]]></is_subscribe>
<mch_id><![CDATA[1418910502]]></mch_id>
<nonce_str><![CDATA[jpb8e27gpoann2jp1f5ren51ypokzi13]]></nonce_str>
<openid><![CDATA[oeDcV0W0lW2u-WnondVku8uZZo4k]]></openid>
<out_trade_no><![CDATA[141891050220180112151751]]></out_trade_no>
<result_code><![CDATA[SUCCESS]]></result_code>
<return_code><![CDATA[SUCCESS]]></return_code>
<sign><![CDATA[4B502BE67F0C14508DB644918DEA3A09]]></sign>
<time_end><![CDATA[20180112151755]]></time_end>
<total_fee>1</total_fee>
<trade_type><![CDATA[JSAPI]]></trade_type>
<transaction_id><![CDATA[4200000066201801122758062562]]></transaction_id>
</xml>---
<xml><appid><![CDATA[wx3d00770652053edd]]></appid>
<attach><![CDATA[test]]></attach>
<bank_type><![CDATA[CMB_CREDIT]]></bank_type>
<cash_fee><![CDATA[1]]></cash_fee>
<fee_type><![CDATA[CNY]]></fee_type>
<is_subscribe><![CDATA[N]]></is_subscribe>
<mch_id><![CDATA[1418910502]]></mch_id>
<nonce_str><![CDATA[vyv4i5al4a9ru7ea8sbtsdccw2a691md]]></nonce_str>
<openid><![CDATA[oeDcV0TIhZCvU1UFnqrdS_fKJxW0]]></openid>
<out_trade_no><![CDATA[141891050220180112152717]]></out_trade_no>
<result_code><![CDATA[SUCCESS]]></result_code>
<return_code><![CDATA[SUCCESS]]></return_code>
<sign><![CDATA[4519FCB983D113D613443CB693F2082A]]></sign>
<time_end><![CDATA[20180112152721]]></time_end>
<total_fee>1</total_fee>
<trade_type><![CDATA[JSAPI]]></trade_type>
<transaction_id><![CDATA[4200000055201801122717769361]]></transaction_id>
</xml>---
<xml><appid><![CDATA[wx3d00770652053edd]]></appid>
<attach><![CDATA[test]]></attach>
<bank_type><![CDATA[CFT]]></bank_type>
<cash_fee><![CDATA[1]]></cash_fee>
<fee_type><![CDATA[CNY]]></fee_type>
<is_subscribe><![CDATA[N]]></is_subscribe>
<mch_id><![CDATA[1418910502]]></mch_id>
<nonce_str><![CDATA[qgr26aiepwsu2sn1kyyn4nm9zbdbabtb]]></nonce_str>
<openid><![CDATA[oeDcV0W0lW2u-WnondVku8uZZo4k]]></openid>
<out_trade_no><![CDATA[141891050220180112171355]]></out_trade_no>
<result_code><![CDATA[SUCCESS]]></result_code>
<return_code><![CDATA[SUCCESS]]></return_code>
<sign><![CDATA[61381BD1723D2A9C0FFCF2BB8FEA1889]]></sign>
<time_end><![CDATA[20180112171400]]></time_end>
<total_fee>1</total_fee>
<trade_type><![CDATA[JSAPI]]></trade_type>
<transaction_id><![CDATA[4200000073201801122778120203]]></transaction_id>
</xml>---
<xml><appid><![CDATA[wx3d00770652053edd]]></appid>
<attach><![CDATA[test]]></attach>
<bank_type><![CDATA[CMB_CREDIT]]></bank_type>
<cash_fee><![CDATA[1]]></cash_fee>
<fee_type><![CDATA[CNY]]></fee_type>
<is_subscribe><![CDATA[N]]></is_subscribe>
<mch_id><![CDATA[1418910502]]></mch_id>
<nonce_str><![CDATA[x857p3wiz4na16b9uqwvoylzmzvsnfbl]]></nonce_str>
<openid><![CDATA[oeDcV0TIhZCvU1UFnqrdS_fKJxW0]]></openid>
<out_trade_no><![CDATA[141891050220180112172748]]></out_trade_no>
<result_code><![CDATA[SUCCESS]]></result_code>
<return_code><![CDATA[SUCCESS]]></return_code>
<sign><![CDATA[F838F74CC30DEDEAE2753312959CC080]]></sign>
<time_end><![CDATA[20180112172753]]></time_end>
<total_fee>1</total_fee>
<trade_type><![CDATA[JSAPI]]></trade_type>
<transaction_id><![CDATA[4200000056201801122829211954]]></transaction_id>
</xml>---
<xml><appid><![CDATA[wx3d00770652053edd]]></appid>
<attach><![CDATA[test]]></attach>
<bank_type><![CDATA[CMB_CREDIT]]></bank_type>
<cash_fee><![CDATA[1]]></cash_fee>
<fee_type><![CDATA[CNY]]></fee_type>
<is_subscribe><![CDATA[N]]></is_subscribe>
<mch_id><![CDATA[1418910502]]></mch_id>
<nonce_str><![CDATA[13tet7w3zgy08flnpsg2ook9tyr3kmh6]]></nonce_str>
<openid><![CDATA[oeDcV0TIhZCvU1UFnqrdS_fKJxW0]]></openid>
<out_trade_no><![CDATA[141891050220180112181447]]></out_trade_no>
<result_code><![CDATA[SUCCESS]]></result_code>
<return_code><![CDATA[SUCCESS]]></return_code>
<sign><![CDATA[83FC35CED2CB803FEAE7547DBEB805CE]]></sign>
<time_end><![CDATA[20180112181452]]></time_end>
<total_fee>1</total_fee>
<trade_type><![CDATA[JSAPI]]></trade_type>
<transaction_id><![CDATA[4200000079201801122850217844]]></transaction_id>
</xml>---
<xml><appid><![CDATA[wx3d00770652053edd]]></appid>
<attach><![CDATA[test]]></attach>
<bank_type><![CDATA[CMB_CREDIT]]></bank_type>
<cash_fee><![CDATA[1]]></cash_fee>
<fee_type><![CDATA[CNY]]></fee_type>
<is_subscribe><![CDATA[N]]></is_subscribe>
<mch_id><![CDATA[1418910502]]></mch_id>
<nonce_str><![CDATA[4h2itjj17jqmbctp3mscj76xpau69l4z]]></nonce_str>
<openid><![CDATA[oeDcV0TIhZCvU1UFnqrdS_fKJxW0]]></openid>
<out_trade_no><![CDATA[141891050220180112181546]]></out_trade_no>
<result_code><![CDATA[SUCCESS]]></result_code>
<return_code><![CDATA[SUCCESS]]></return_code>
<sign><![CDATA[1F78EE330753594DACC7C6FB7C4C3701]]></sign>
<time_end><![CDATA[20180112181550]]></time_end>
<total_fee>1</total_fee>
<trade_type><![CDATA[JSAPI]]></trade_type>
<transaction_id><![CDATA[4200000061201801122810000048]]></transaction_id>
</xml>---
<xml><appid><![CDATA[wx3d00770652053edd]]></appid>
<attach><![CDATA[test]]></attach>
<bank_type><![CDATA[CFT]]></bank_type>
<cash_fee><![CDATA[1]]></cash_fee>
<fee_type><![CDATA[CNY]]></fee_type>
<is_subscribe><![CDATA[N]]></is_subscribe>
<mch_id><![CDATA[1418910502]]></mch_id>
<nonce_str><![CDATA[d3puzb14yr451q8r9ordmyhapjuzcipl]]></nonce_str>
<openid><![CDATA[oeDcV0W0lW2u-WnondVku8uZZo4k]]></openid>
<out_trade_no><![CDATA[141891050220180112213751]]></out_trade_no>
<result_code><![CDATA[SUCCESS]]></result_code>
<return_code><![CDATA[SUCCESS]]></return_code>
<sign><![CDATA[EFF65A6D503C9914C925512864C5D5AD]]></sign>
<time_end><![CDATA[20180112213900]]></time_end>
<total_fee>1</total_fee>
<trade_type><![CDATA[JSAPI]]></trade_type>
<transaction_id><![CDATA[4200000056201801122987472935]]></transaction_id>
</xml>---
<xml><appid><![CDATA[wx3d00770652053edd]]></appid>
<attach><![CDATA[test]]></attach>
<bank_type><![CDATA[CFT]]></bank_type>
<cash_fee><![CDATA[1]]></cash_fee>
<fee_type><![CDATA[CNY]]></fee_type>
<is_subscribe><![CDATA[N]]></is_subscribe>
<mch_id><![CDATA[1418910502]]></mch_id>
<nonce_str><![CDATA[g14azv0po2tqfyzlqpxxv3wg47y7ud2l]]></nonce_str>
<openid><![CDATA[oeDcV0Zc4eR8nIigyAVbHx0c5oAc]]></openid>
<out_trade_no><![CDATA[141891050220180112233812]]></out_trade_no>
<result_code><![CDATA[SUCCESS]]></result_code>
<return_code><![CDATA[SUCCESS]]></return_code>
<sign><![CDATA[51D1A91B3D695892AE8FD721C1974775]]></sign>
<time_end><![CDATA[20180112233818]]></time_end>
<total_fee>1</total_fee>
<trade_type><![CDATA[JSAPI]]></trade_type>
<transaction_id><![CDATA[4200000052201801123060394246]]></transaction_id>
</xml>---
