1111111111111----run in----2018-01-19 00:00:10+++files[]+++get{"_C":"Pay","_A":"trans"}+++request{"_C":"Pay","_A":"trans"}---
1111111111111----run in----2018-01-19 00:01:22+++files[]+++get{"_C":"Pay","_A":"trans","openid":"33"}+++request{"_C":"Pay","_A":"trans","openid":"33"}---
1111111111111----run in----2018-01-19 00:02:25+++files[]+++get{"_C":"Pay","_A":"trans","openid":"33"}+++request{"_C":"Pay","_A":"trans","openid":"33"}---
1111111111111----run in----2018-01-19 00:02:26+++files[]+++get{"_C":"Pay","_A":"trans","openid":"33"}+++request{"_C":"Pay","_A":"trans","openid":"33"}---
1111111111111----run in----2018-01-19 00:02:38+++files[]+++get{"_C":"Pay","_A":"trans","openid":"33"}+++request{"_C":"Pay","_A":"trans","openid":"33"}---
1111111111111----run in----2018-01-19 00:02:40+++files[]+++get{"_C":"Pay","_A":"trans","openid":"33"}+++request{"_C":"Pay","_A":"trans","openid":"33"}---
1111111111111----run in----2018-01-19 00:03:49+++files[]+++get{"_C":"Pay","_A":"trans","openid":"33"}+++request{"_C":"Pay","_A":"trans","openid":"33"}---
1111111111111----run in----2018-01-19 00:06:52+++files[]+++get{"_C":"Pay","_A":"trans","openid":"33"}+++request{"_C":"Pay","_A":"trans","openid":"33"}---
1111111111111----run in----2018-01-19 00:07:07+++files[]+++get{"_C":"Pay","_A":"trans","openid":"33"}+++request{"PHPSESSID":"4dru908166abnf1r65sivdecu2","_C":"Pay","_A":"trans","openid":"33"}---
1111111111111----run in----2018-01-19 00:07:22+++files[]+++get{"_C":"Pay","_A":"trans","openid":"33"}+++request{"PHPSESSID":"4dru908166abnf1r65sivdecu2","_C":"Pay","_A":"trans","openid":"33"}---
1111111111111----run in----2018-01-19 00:07:23+++files[]+++get{"_C":"Pay","_A":"trans","openid":"33"}+++request{"PHPSESSID":"4dru908166abnf1r65sivdecu2","_C":"Pay","_A":"trans","openid":"33"}---
1111111111111----run in----2018-01-19 00:07:33+++files[]+++get{"_C":"Pay","_A":"trans","openid":"'444444'"}+++request{"PHPSESSID":"4dru908166abnf1r65sivdecu2","_C":"Pay","_A":"trans","openid":"'444444'"}---
1111111111111----run in----2018-01-19 00:07:42+++files[]+++get{"_C":"Pay","_A":"trans","openid":"44"}+++request{"PHPSESSID":"4dru908166abnf1r65sivdecu2","_C":"Pay","_A":"trans","openid":"44"}---
1111111111111----run in----2018-01-19 00:07:53+++files[]+++get{"_C":"Pay","_A":"trans","openid":"44","money":"0.01"}+++request{"PHPSESSID":"4dru908166abnf1r65sivdecu2","_C":"Pay","_A":"trans","openid":"44","money":"0.01"}---
1111111111111----run in----2018-01-19 00:08:14+++files[]+++get{"_C":"Pay","_A":"trans","openid":"44","money":"0.01"}+++request{"PHPSESSID":"4dru908166abnf1r65sivdecu2","_C":"Pay","_A":"trans","openid":"44","money":"0.01"}---
1111111111111----run in----2018-01-19 00:08:16+++files[]+++get{"_C":"Pay","_A":"trans","openid":"44","money":"0.01"}+++request{"PHPSESSID":"4dru908166abnf1r65sivdecu2","_C":"Pay","_A":"trans","openid":"44","money":"0.01"}---
1111111111111----run in----2018-01-19 00:08:17+++files[]+++get{"_C":"Pay","_A":"trans","openid":"44","money":"0.01"}+++request{"PHPSESSID":"4dru908166abnf1r65sivdecu2","_C":"Pay","_A":"trans","openid":"44","money":"0.01"}---
1111111111111----run in----2018-01-19 00:08:27+++files[]+++get{"_C":"Pay","_A":"trans","openid":"44","money":"0.01"}+++request{"PHPSESSID":"4dru908166abnf1r65sivdecu2","_C":"Pay","_A":"trans","openid":"44","money":"0.01"}---
1111111111111----run in----2018-01-19 00:08:30+++files[]+++get{"_C":"Pay","_A":"trans","openid":"44","money":"0.01"}+++request{"PHPSESSID":"4dru908166abnf1r65sivdecu2","_C":"Pay","_A":"trans","openid":"44","money":"0.01"}---
1111111111111----run in----2018-01-19 00:08:42+++files[]+++get{"_C":"Pay","_A":"trans","openid":"44","money":"0.01"}+++request{"PHPSESSID":"4dru908166abnf1r65sivdecu2","_C":"Pay","_A":"trans","openid":"44","money":"0.01"}---
1111111111111----run in----2018-01-19 00:12:29+++files[]+++get{"_C":"Pay","_A":"trans","openid":"44","money":"0.01"}+++request{"PHPSESSID":"4dru908166abnf1r65sivdecu2","_C":"Pay","_A":"trans","openid":"44","money":"0.01"}---
1111111111111----run in----2018-01-19 00:12:31+++files[]+++get{"_C":"Pay","_A":"trans","openid":"44","money":"0.01"}+++request{"PHPSESSID":"4dru908166abnf1r65sivdecu2","_C":"Pay","_A":"trans","openid":"44","money":"0.01"}---
1111111111111----run in----2018-01-19 00:14:09+++files[]+++get{"_C":"Pay","_A":"trans","openid":"44","money":"0.01"}+++request{"PHPSESSID":"4dru908166abnf1r65sivdecu2","_C":"Pay","_A":"trans","openid":"44","money":"0.01"}---
1111111111111----run in----2018-01-19 00:16:58+++files[]+++get{"_C":"Pay","_A":"trans","openid":"oeDcV0TIhZCvU1UFnqrdS_fKJxW0","money":"0.01"}+++request{"PHPSESSID":"4dru908166abnf1r65sivdecu2","_C":"Pay","_A":"trans","openid":"oeDcV0TIhZCvU1UFnqrdS_fKJxW0","money":"0.01"}---
1111111111111----run in----2018-01-19 00:17:06+++files[]+++get{"_C":"Pay","_A":"trans","openid":"oeDcV0TIhZCvU1UFnqrdS_fKJxW0","money":"1"}+++request{"PHPSESSID":"4dru908166abnf1r65sivdecu2","_C":"Pay","_A":"trans","openid":"oeDcV0TIhZCvU1UFnqrdS_fKJxW0","money":"1"}---
1111111111111----run in----2018-01-19 00:21:30+++files[]+++get{"_C":"Pay","_A":"trans","openid":"oeDcV0TIhZCvU1UFnqrdS_fKJxW0","money":"1"}+++request{"PHPSESSID":"4dru908166abnf1r65sivdecu2","_C":"Pay","_A":"trans","openid":"oeDcV0TIhZCvU1UFnqrdS_fKJxW0","money":"1"}---
1111111111111----run in----2018-01-19 00:22:22+++files[]+++get{"_C":"Pay","_A":"trans","openid":"oeDcV0TIhZCvU1UFnqrdS_fKJxW0","money":"1"}+++request{"PHPSESSID":"4dru908166abnf1r65sivdecu2","_C":"Pay","_A":"trans","openid":"oeDcV0TIhZCvU1UFnqrdS_fKJxW0","money":"1"}---
1111111111111----run in----2018-01-19 00:25:55+++files[]+++get{"_C":"Pay","_A":"trans","openid":"oeDcV0TIhZCvU1UFnqrdS_fKJxW0","money":"1"}+++request{"PHPSESSID":"4dru908166abnf1r65sivdecu2","_C":"Pay","_A":"trans","openid":"oeDcV0TIhZCvU1UFnqrdS_fKJxW0","money":"1"}---
1111111111111----run in----2018-01-19 00:26:36+++files[]+++get{"_C":"Pay","_A":"trans","openid":"oeDcV0TIhZCvU1UFnqrdS_fKJxW0","money":"1"}+++request{"PHPSESSID":"4dru908166abnf1r65sivdecu2","_C":"Pay","_A":"trans","openid":"oeDcV0TIhZCvU1UFnqrdS_fKJxW0","money":"1"}---
1111111111111----run in----2018-01-19 00:26:52+++files[]+++get{"_C":"Pay","_A":"trans","openid":"oeDcV0TIhZCvU1UFnqrdS_fKJxW0","money":"1"}+++request{"PHPSESSID":"4dru908166abnf1r65sivdecu2","_C":"Pay","_A":"trans","openid":"oeDcV0TIhZCvU1UFnqrdS_fKJxW0","money":"1"}---
1111111111111----run in----2018-01-19 00:27:05+++files[]+++get{"_C":"Pay","_A":"trans","openid":"oeDcV0TIhZCvU1UFnqrdS_fKJxW0","money":"1"}+++request{"PHPSESSID":"4dru908166abnf1r65sivdecu2","_C":"Pay","_A":"trans","openid":"oeDcV0TIhZCvU1UFnqrdS_fKJxW0","money":"1"}---
1111111111111----run in----2018-01-19 00:27:21+++files[]+++get{"_C":"Pay","_A":"trans","openid":"oeDcV0TIhZCvU1UFnqrdS_fKJxW0","money":"1"}+++request{"PHPSESSID":"4dru908166abnf1r65sivdecu2","_C":"Pay","_A":"trans","openid":"oeDcV0TIhZCvU1UFnqrdS_fKJxW0","money":"1"}---
1111111111111----run in----2018-01-19 00:28:49+++files[]+++get{"_C":"Pay","_A":"trans","openid":"oeDcV0TIhZCvU1UFnqrdS_fKJxW0","money":"1"}+++request{"PHPSESSID":"4dru908166abnf1r65sivdecu2","_C":"Pay","_A":"trans","openid":"oeDcV0TIhZCvU1UFnqrdS_fKJxW0","money":"1"}---
1111111111111----run in----2018-01-19 00:31:04+++files[]+++get{"_C":"Pay","_A":"trans","openid":"oeDcV0TIhZCvU1UFnqrdS_fKJxW0","money":"1"}+++request{"PHPSESSID":"4dru908166abnf1r65sivdecu2","_C":"Pay","_A":"trans","openid":"oeDcV0TIhZCvU1UFnqrdS_fKJxW0","money":"1"}---
1111111111111----run in----2018-01-19 00:31:44+++files[]+++get{"_C":"Pay","_A":"trans","openid":"oeDcV0TIhZCvU1UFnqrdS_fKJxW0","money":"1"}+++request{"PHPSESSID":"4dru908166abnf1r65sivdecu2","_C":"Pay","_A":"trans","openid":"oeDcV0TIhZCvU1UFnqrdS_fKJxW0","money":"1"}---
1111111111111----run in----2018-01-19 00:31:55+++files[]+++get{"_C":"Pay","_A":"trans","openid":"oeDcV0TIhZCvU1UFnqrdS_fKJxW0","money":"1"}+++request{"PHPSESSID":"4dru908166abnf1r65sivdecu2","_C":"Pay","_A":"trans","openid":"oeDcV0TIhZCvU1UFnqrdS_fKJxW0","money":"1"}---
1111111111111----run in----2018-01-19 00:59:13+++files[]+++get{"_C":"Pay","_A":"trans","openid":"oeDcV0TIhZCvU1UFnqrdS_fKJxW0","money":"1"}+++request{"PHPSESSID":"4dru908166abnf1r65sivdecu2","_C":"Pay","_A":"trans","openid":"oeDcV0TIhZCvU1UFnqrdS_fKJxW0","money":"1"}---
1111111111111----run in----2018-01-19 01:01:25+++files[]+++get{"_C":"Pay","_A":"trans","openid":"oeDcV0TIhZCvU1UFnqrdS_fKJxW0","money":"1"}+++request{"PHPSESSID":"4dru908166abnf1r65sivdecu2","_C":"Pay","_A":"trans","openid":"oeDcV0TIhZCvU1UFnqrdS_fKJxW0","money":"1"}---
1111111111111----run in----2018-01-19 01:10:20+++files[]+++get{"_C":"Pay","_A":"trans","openid":"oeDcV0TIhZCvU1UFnqrdS_fKJxW0","money":"1"}+++request{"PHPSESSID":"4dru908166abnf1r65sivdecu2","_C":"Pay","_A":"trans","openid":"oeDcV0TIhZCvU1UFnqrdS_fKJxW0","money":"1"}---
1111111111111----run in----2018-01-19 01:23:47+++files[]+++get{"_C":"Pay","_A":"trans","openid":"oeDcV0TIhZCvU1UFnqrdS_fKJxW0","money":"1"}+++request{"PHPSESSID":"4dru908166abnf1r65sivdecu2","_C":"Pay","_A":"trans","openid":"oeDcV0TIhZCvU1UFnqrdS_fKJxW0","money":"1"}---
1111111111111----run in----2018-01-19 01:24:03+++files[]+++get{"_C":"Pay","_A":"trans","openid":"oeDcV0TIhZCvU1UFnqrdS_fKJxW0","money":"1"}+++request{"PHPSESSID":"4dru908166abnf1r65sivdecu2","_C":"Pay","_A":"trans","openid":"oeDcV0TIhZCvU1UFnqrdS_fKJxW0","money":"1"}---
1111111111111----run in----2018-01-19 01:27:57+++files[]+++get{"_C":"Pay","_A":"trans","openid":"oeDcV0TIhZCvU1UFnqrdS_fKJxW0","money":"1"}+++request{"PHPSESSID":"4dru908166abnf1r65sivdecu2","_C":"Pay","_A":"trans","openid":"oeDcV0TIhZCvU1UFnqrdS_fKJxW0","money":"1"}---
1111111111111----run in----2018-01-19 01:29:37+++files[]+++get{"_C":"Pay","_A":"trans","openid":"oeDcV0TIhZCvU1UFnqrdS_fKJxW0","money":"1"}+++request{"PHPSESSID":"4dru908166abnf1r65sivdecu2","_C":"Pay","_A":"trans","openid":"oeDcV0TIhZCvU1UFnqrdS_fKJxW0","money":"1"}---
1111111111111----run in----2018-01-19 01:41:14+++files[]+++get{"_C":"Pay","_A":"trans","openid":"oeDcV0TIhZCvU1UFnqrdS_fKJxW0","money":"1"}+++request{"PHPSESSID":"4dru908166abnf1r65sivdecu2","_C":"Pay","_A":"trans","openid":"oeDcV0TIhZCvU1UFnqrdS_fKJxW0","money":"1"}---
1111111111111----run in----2018-01-19 09:56:25+++files[]+++get[]+++request{"_C":"User","_A":"selectOne","openid":"oeDcV0W0lW2u-WnondVku8uZZo4k"}---
1111111111111----run in----2018-01-19 10:21:32+++files[]+++get[]+++request{"_C":"Key","_A":"getWxId","code":"0118WjdP1fMHF31S1rcP1GXidP18Wjd6","openid":""}---
1111111111111----run in----2018-01-19 10:21:32+++files[]+++get[]+++request{"_C":"Key","_A":"getWxId","code":"0118WjdP1fMHF31S1rcP1GXidP18Wjd6","openid":""}---
1111111111111----run in----2018-01-19 10:21:32+++files[]+++get[]+++request{"_C":"User","_A":"selectOne","openid":"oqwUY4yUqU2tV5iezn8AOBiC0Kj0"}---
1111111111111----run in----2018-01-19 10:21:32+++files[]+++get[]+++request{"_C":"User","_A":"selectOne","openid":"oqwUY4yUqU2tV5iezn8AOBiC0Kj0"}---
1111111111111----run in----2018-01-19 10:21:47+++files[]+++get[]+++request{"_C":"Key","_A":"getWxId","code":"0617LH3H0Z7gPk2rPS1H0EBX3H07LH3j","openid":""}---
1111111111111----run in----2018-01-19 10:21:47+++files[]+++get[]+++request{"_C":"User","_A":"selectOne","openid":"oqwUY4yUqU2tV5iezn8AOBiC0Kj0"}---
1111111111111----run in----2018-01-19 10:21:50+++files[]+++get[]+++request{"_C":"Key","_A":"getWxId","code":"0617LH3H0Z7gPk2rPS1H0EBX3H07LH3j","openid":"oqwUY4yUqU2tV5iezn8AOBiC0Kj0"}---
1111111111111----run in----2018-01-19 10:21:50+++files[]+++get[]+++request{"_C":"User","_A":"selectOne","openid":"oqwUY4yUqU2tV5iezn8AOBiC0Kj0"}---
1111111111111----run in----2018-01-19 10:22:25+++files[]+++get[]+++request{"_C":"Key","_A":"getWxId","code":"071HSIz709CBmH1zi4A70uLMz70HSIzc","openid":""}---
1111111111111----run in----2018-01-19 10:22:26+++files[]+++get[]+++request{"_C":"Key","_A":"getWxId","code":"081MCaQQ1vZIP91PAeRQ1m4bQQ1MCaQi","openid":""}---
1111111111111----run in----2018-01-19 10:22:26+++files[]+++get[]+++request{"_C":"User","_A":"selectOne","openid":""}---
1111111111111----run in----2018-01-19 10:22:27+++files[]+++get[]+++request{"_C":"User","_A":"selectOne","openid":"oqwUY4yUqU2tV5iezn8AOBiC0Kj0"}---
1111111111111----run in----2018-01-19 10:22:31+++files[]+++get[]+++request{"_C":"Act","_A":"select","_LIMIT":"0,8","_FILTER":"","openid":"oqwUY4yUqU2tV5iezn8AOBiC0Kj0"}---
1111111111111----run in----2018-01-19 10:23:03+++files[]+++get[]+++request{"_C":"Key","_A":"getWxId","code":"071XA80a1emZIQ1vNDZ91Y2r0a1XA80O","openid":""}---
1111111111111----run in----2018-01-19 10:23:03+++files[]+++get[]+++request{"_C":"Key","_A":"getWxId","code":"071XA80a1emZIQ1vNDZ91Y2r0a1XA80O","openid":""}---
1111111111111----run in----2018-01-19 10:23:03+++files[]+++get[]+++request{"_C":"User","_A":"selectOne","openid":"oqwUY4yUqU2tV5iezn8AOBiC0Kj0"}---
1111111111111----run in----2018-01-19 10:23:03+++files[]+++get[]+++request{"_C":"User","_A":"selectOne","openid":"oqwUY4yUqU2tV5iezn8AOBiC0Kj0"}---
1111111111111----run in----2018-01-19 10:23:15+++files[]+++get[]+++request{"_C":"User","_A":"selectOne","openid":"oqwUY4yUqU2tV5iezn8AOBiC0Kj0"}---
1111111111111----run in----2018-01-19 10:23:16+++files[]+++get[]+++request{"_C":"Key","_A":"getWxId","code":"021qqX6a0tqsHv1e985a0pUJ6a0qqX6v","openid":"oqwUY4yUqU2tV5iezn8AOBiC0Kj0"}---
1111111111111----run in----2018-01-19 10:23:16+++files[]+++get[]+++request{"_C":"User","_A":"selectOne","openid":"oqwUY4yUqU2tV5iezn8AOBiC0Kj0"}---
1111111111111----run in----2018-01-19 10:23:39+++files[]+++get[]+++request{"_C":"Act","_A":"select","_LIMIT":"0,8","_FILTER":"","openid":"oqwUY4yUqU2tV5iezn8AOBiC0Kj0"}---
1111111111111----run in----2018-01-19 10:24:42+++files[]+++get[]+++request{"_C":"Money","_A":"selectOne","openid":"oqwUY4yUqU2tV5iezn8AOBiC0Kj0"}---
1111111111111----run in----2018-01-19 10:24:42+++files[]+++get[]+++request{"_C":"My","_A":"selectIn","_LIMIT":"0,2","openid":"oqwUY4yUqU2tV5iezn8AOBiC0Kj0"}---
1111111111111----run in----2018-01-19 10:24:44+++files[]+++get[]+++request{"_C":"My","_A":"selectOut","_LIMIT":"0,20","openid":"oqwUY4yUqU2tV5iezn8AOBiC0Kj0"}---
1111111111111----run in----2018-01-19 10:24:47+++files[]+++get[]+++request{"_C":"Money","_A":"selectOne","openid":"oqwUY4yUqU2tV5iezn8AOBiC0Kj0"}---
1111111111111----run in----2018-01-19 10:24:47+++files[]+++get[]+++request{"_C":"My","_A":"selectIn","_LIMIT":"0,2","openid":"oqwUY4yUqU2tV5iezn8AOBiC0Kj0"}---
1111111111111----run in----2018-01-19 10:24:48+++files[]+++get[]+++request{"_C":"My","_A":"selectIn","_LIMIT":"0,20","openid":"oqwUY4yUqU2tV5iezn8AOBiC0Kj0"}---
1111111111111----run in----2018-01-19 10:25:56+++files[]+++get[]+++request{"_C":"My","_A":"selectIn","_LIMIT":"0,20","openid":"oqwUY4yUqU2tV5iezn8AOBiC0Kj0"}---
1111111111111----run in----2018-01-19 10:26:45+++files[]+++get[]+++request{"_C":"Act","_A":"select","_LIMIT":"0,8","_FILTER":"","openid":"oqwUY4yUqU2tV5iezn8AOBiC0Kj0"}---
1111111111111----run in----2018-01-19 10:27:46+++files[]+++get[]+++request{"_C":"Key","_A":"getWxId","code":"071fyc7o0z5A6s1Aji6o089k7o0fyc7Z","openid":""}---
1111111111111----run in----2018-01-19 10:27:47+++files[]+++get[]+++request{"_C":"Key","_A":"getWxId","code":"071fyc7o0z5A6s1Aji6o089k7o0fyc7Z","openid":""}---
1111111111111----run in----2018-01-19 10:27:47+++files[]+++get[]+++request{"_C":"User","_A":"selectOne","openid":"oqwUY4yUqU2tV5iezn8AOBiC0Kj0"}---
1111111111111----run in----2018-01-19 10:27:47+++files[]+++get[]+++request{"_C":"Key","_A":"getWxId","code":"071fyc7o0z5A6s1Aji6o089k7o0fyc7Z","openid":"oqwUY4yUqU2tV5iezn8AOBiC0Kj0"}---
1111111111111----run in----2018-01-19 10:27:47+++files[]+++get[]+++request{"_C":"User","_A":"selectOne","openid":"oqwUY4yUqU2tV5iezn8AOBiC0Kj0"}---
1111111111111----run in----2018-01-19 10:27:47+++files[]+++get[]+++request{"_C":"User","_A":"selectOne","openid":"oqwUY4yUqU2tV5iezn8AOBiC0Kj0"}---
1111111111111----run in----2018-01-19 10:35:21+++files[]+++get[]+++request{"_C":"My","_A":"selectIn","_LIMIT":"0,20","openid":"oqwUY4yUqU2tV5iezn8AOBiC0Kj0"}---
1111111111111----run in----2018-01-19 13:39:41+++files[]+++get[]+++request{"_C":"Key","_A":"getWxId","code":"081ITHOv0K6jVh16z4Pv0OXjOv0ITHOc","openid":""}---
1111111111111----run in----2018-01-19 13:39:41+++files[]+++get[]+++request{"_C":"User","_A":"selectOne","openid":"oqwUY4yUqU2tV5iezn8AOBiC0Kj0"}---
1111111111111----run in----2018-01-19 13:39:43+++files[]+++get[]+++request{"_C":"Key","_A":"getWxId","code":"081ITHOv0K6jVh16z4Pv0OXjOv0ITHOc","openid":"oqwUY4yUqU2tV5iezn8AOBiC0Kj0"}---
1111111111111----run in----2018-01-19 13:39:43+++files[]+++get[]+++request{"_C":"User","_A":"selectOne","openid":"oqwUY4yUqU2tV5iezn8AOBiC0Kj0"}---
1111111111111----run in----2018-01-19 13:40:20+++files[]+++get[]+++request{"_C":"Money","_A":"selectOne","openid":"oqwUY4yUqU2tV5iezn8AOBiC0Kj0"}---
1111111111111----run in----2018-01-19 13:40:20+++files[]+++get[]+++request{"_C":"My","_A":"selectIn","_LIMIT":"0,2","openid":"oqwUY4yUqU2tV5iezn8AOBiC0Kj0"}---
1111111111111----run in----2018-01-19 13:40:24+++files[]+++get[]+++request{"_C":"My","_A":"selectOut","_LIMIT":"0,20","openid":"oqwUY4yUqU2tV5iezn8AOBiC0Kj0"}---
1111111111111----run in----2018-01-19 13:41:38+++files[]+++get[]+++request{"_C":"User","_A":"selectOne","openid":"oqwUY4yUqU2tV5iezn8AOBiC0Kj0"}---
1111111111111----run in----2018-01-19 13:41:39+++files[]+++get[]+++request{"_C":"Key","_A":"getWxId","code":"081EnvLi1sk6ex0t2sMi123HLi1EnvLL","openid":"oqwUY4yUqU2tV5iezn8AOBiC0Kj0"}---
1111111111111----run in----2018-01-19 13:41:39+++files[]+++get[]+++request{"_C":"User","_A":"selectOne","openid":"oqwUY4yUqU2tV5iezn8AOBiC0Kj0"}---
1111111111111----run in----2018-01-19 13:41:43+++files[]+++get[]+++request{"_C":"Money","_A":"selectOne","openid":"oqwUY4yUqU2tV5iezn8AOBiC0Kj0"}---
1111111111111----run in----2018-01-19 13:41:43+++files[]+++get[]+++request{"_C":"My","_A":"selectIn","_LIMIT":"0,2","openid":"oqwUY4yUqU2tV5iezn8AOBiC0Kj0"}---
1111111111111----run in----2018-01-19 13:41:45+++files[]+++get[]+++request{"_C":"My","_A":"selectOut","_LIMIT":"0,20","openid":"oqwUY4yUqU2tV5iezn8AOBiC0Kj0"}---
1111111111111----run in----2018-01-19 13:41:47+++files[]+++get[]+++request{"_C":"My","_A":"selectIn","_LIMIT":"0,20","openid":"oqwUY4yUqU2tV5iezn8AOBiC0Kj0"}---
1111111111111----run in----2018-01-19 13:42:03+++files[]+++get[]+++request{"_C":"User","_A":"selectOne","openid":"oqwUY4yUqU2tV5iezn8AOBiC0Kj0"}---
1111111111111----run in----2018-01-19 13:42:04+++files[]+++get[]+++request{"_C":"Key","_A":"getWxId","code":"061d5ia01mlZkZ1tJGb01eiza01d5iaO","openid":"oqwUY4yUqU2tV5iezn8AOBiC0Kj0"}---
1111111111111----run in----2018-01-19 13:42:04+++files[]+++get[]+++request{"_C":"User","_A":"selectOne","openid":"oqwUY4yUqU2tV5iezn8AOBiC0Kj0"}---
1111111111111----run in----2018-01-19 13:42:07+++files[]+++get[]+++request{"_C":"Money","_A":"selectOne","openid":"oqwUY4yUqU2tV5iezn8AOBiC0Kj0"}---
1111111111111----run in----2018-01-19 13:42:07+++files[]+++get[]+++request{"_C":"My","_A":"selectIn","_LIMIT":"0,2","openid":"oqwUY4yUqU2tV5iezn8AOBiC0Kj0"}---
1111111111111----run in----2018-01-19 13:42:12+++files[]+++get[]+++request{"_C":"My","_A":"selectIn","_LIMIT":"0,20","openid":"oqwUY4yUqU2tV5iezn8AOBiC0Kj0"}---
1111111111111----run in----2018-01-19 13:42:15+++files[]+++get[]+++request{"_C":"My","_A":"selectOut","_LIMIT":"0,20","openid":"oqwUY4yUqU2tV5iezn8AOBiC0Kj0"}---
1111111111111----run in----2018-01-19 13:42:17+++files[]+++get[]+++request{"_C":"My","_A":"selectIn","_LIMIT":"0,20","openid":"oqwUY4yUqU2tV5iezn8AOBiC0Kj0"}---
1111111111111----run in----2018-01-19 13:46:30+++files[]+++get[]+++request{"_C":"User","_A":"selectOne","openid":"oqwUY4yUqU2tV5iezn8AOBiC0Kj0"}---
1111111111111----run in----2018-01-19 13:46:35+++files[]+++get[]+++request{"_C":"Money","_A":"selectOne","openid":"oqwUY4yUqU2tV5iezn8AOBiC0Kj0"}---
1111111111111----run in----2018-01-19 13:46:35+++files[]+++get[]+++request{"_C":"My","_A":"selectIn","_LIMIT":"0,2","openid":"oqwUY4yUqU2tV5iezn8AOBiC0Kj0"}---
1111111111111----run in----2018-01-19 13:46:37+++files[]+++get[]+++request{"_C":"My","_A":"selectOut","_LIMIT":"0,20","openid":"oqwUY4yUqU2tV5iezn8AOBiC0Kj0"}---
1111111111111----run in----2018-01-19 13:46:38+++files[]+++get[]+++request{"_C":"My","_A":"selectIn","_LIMIT":"0,20","openid":"oqwUY4yUqU2tV5iezn8AOBiC0Kj0"}---
1111111111111----run in----2018-01-19 13:46:40+++files[]+++get[]+++request{"_C":"My","_A":"selectOut","_LIMIT":"0,20","openid":"oqwUY4yUqU2tV5iezn8AOBiC0Kj0"}---
1111111111111----run in----2018-01-19 13:47:40+++files[]+++get[]+++request{"_C":"User","_A":"selectOne","openid":"oqwUY4yUqU2tV5iezn8AOBiC0Kj0"}---
1111111111111----run in----2018-01-19 13:47:45+++files[]+++get[]+++request{"_C":"Money","_A":"selectOne","openid":"oqwUY4yUqU2tV5iezn8AOBiC0Kj0"}---
1111111111111----run in----2018-01-19 13:47:45+++files[]+++get[]+++request{"_C":"My","_A":"selectIn","_LIMIT":"0,2","openid":"oqwUY4yUqU2tV5iezn8AOBiC0Kj0"}---
1111111111111----run in----2018-01-19 13:47:48+++files[]+++get[]+++request{"_C":"My","_A":"selectOut","_LIMIT":"0,20","openid":"oqwUY4yUqU2tV5iezn8AOBiC0Kj0"}---
1111111111111----run in----2018-01-19 13:48:11+++files[]+++get[]+++request{"_C":"User","_A":"selectOne","openid":"oqwUY4yUqU2tV5iezn8AOBiC0Kj0"}---
1111111111111----run in----2018-01-19 13:48:15+++files[]+++get[]+++request{"_C":"Money","_A":"selectOne","openid":"oqwUY4yUqU2tV5iezn8AOBiC0Kj0"}---
1111111111111----run in----2018-01-19 13:48:15+++files[]+++get[]+++request{"_C":"My","_A":"selectIn","_LIMIT":"0,2","openid":"oqwUY4yUqU2tV5iezn8AOBiC0Kj0"}---
1111111111111----run in----2018-01-19 13:48:19+++files[]+++get[]+++request{"_C":"My","_A":"selectOut","_LIMIT":"0,20","openid":"oqwUY4yUqU2tV5iezn8AOBiC0Kj0"}---
1111111111111----run in----2018-01-19 13:48:31+++files[]+++get[]+++request{"_C":"Money","_A":"selectOne","openid":"oqwUY4yUqU2tV5iezn8AOBiC0Kj0"}---
1111111111111----run in----2018-01-19 13:48:31+++files[]+++get[]+++request{"_C":"My","_A":"selectIn","_LIMIT":"0,2","openid":"oqwUY4yUqU2tV5iezn8AOBiC0Kj0"}---
1111111111111----run in----2018-01-19 13:48:36+++files[]+++get[]+++request{"_C":"My","_A":"selectIn","_LIMIT":"0,20","openid":"oqwUY4yUqU2tV5iezn8AOBiC0Kj0"}---
1111111111111----run in----2018-01-19 13:48:36+++files[]+++get[]+++request{"_C":"My","_A":"selectIn","_LIMIT":"0,20","openid":"oqwUY4yUqU2tV5iezn8AOBiC0Kj0"}---
1111111111111----run in----2018-01-19 13:48:55+++files[]+++get[]+++request{"_C":"Money","_A":"selectOne","openid":"oqwUY4yUqU2tV5iezn8AOBiC0Kj0"}---
1111111111111----run in----2018-01-19 13:48:55+++files[]+++get[]+++request{"_C":"My","_A":"selectIn","_LIMIT":"0,2","openid":"oqwUY4yUqU2tV5iezn8AOBiC0Kj0"}---
1111111111111----run in----2018-01-19 13:49:00+++files[]+++get[]+++request{"_C":"My","_A":"selectIn","_LIMIT":"0,20","openid":"oqwUY4yUqU2tV5iezn8AOBiC0Kj0"}---
1111111111111----run in----2018-01-19 13:49:04+++files[]+++get[]+++request{"_C":"My","_A":"selectOut","_LIMIT":"0,20","openid":"oqwUY4yUqU2tV5iezn8AOBiC0Kj0"}---
1111111111111----run in----2018-01-19 13:49:19+++files[]+++get[]+++request{"_C":"My","_A":"selectIn","_LIMIT":"0,20","openid":"oqwUY4yUqU2tV5iezn8AOBiC0Kj0"}---
1111111111111----run in----2018-01-19 13:49:21+++files[]+++get[]+++request{"_C":"My","_A":"selectOut","_LIMIT":"0,20","openid":"oqwUY4yUqU2tV5iezn8AOBiC0Kj0"}---
1111111111111----run in----2018-01-19 13:49:33+++files[]+++get[]+++request{"_C":"Money","_A":"selectOne","openid":"oqwUY4yUqU2tV5iezn8AOBiC0Kj0"}---
1111111111111----run in----2018-01-19 13:49:33+++files[]+++get[]+++request{"_C":"My","_A":"selectIn","_LIMIT":"0,2","openid":"oqwUY4yUqU2tV5iezn8AOBiC0Kj0"}---
1111111111111----run in----2018-01-19 13:49:36+++files[]+++get[]+++request{"_C":"User","_A":"selectOne","openid":"oqwUY4yUqU2tV5iezn8AOBiC0Kj0"}---
1111111111111----run in----2018-01-19 13:49:46+++files[]+++get[]+++request{"_C":"Money","_A":"selectOne","openid":"oqwUY4yUqU2tV5iezn8AOBiC0Kj0"}---
1111111111111----run in----2018-01-19 13:49:46+++files[]+++get[]+++request{"_C":"My","_A":"selectIn","_LIMIT":"0,2","openid":"oqwUY4yUqU2tV5iezn8AOBiC0Kj0"}---
1111111111111----run in----2018-01-19 13:49:48+++files[]+++get[]+++request{"_C":"Act","_A":"select","_LIMIT":"0,8","_FILTER":"","openid":"oqwUY4yUqU2tV5iezn8AOBiC0Kj0"}---
1111111111111----run in----2018-01-19 13:50:14+++files[]+++get[]+++request{"_C":"User","_A":"selectOne","openid":"oqwUY4yUqU2tV5iezn8AOBiC0Kj0"}---
1111111111111----run in----2018-01-19 13:50:17+++files[]+++get[]+++request{"_C":"Act","_A":"select","_LIMIT":"0,8","_FILTER":"","openid":"oqwUY4yUqU2tV5iezn8AOBiC0Kj0"}---
1111111111111----run in----2018-01-19 13:57:21+++files[]+++get{"_C":"Act","_A":"select","id":"1","openid":"oeDcV0W0lW2u-WnondVku8uZZo4k","_LIMIT":"0,20"}+++request{"_C":"Act","_A":"select","id":"1","openid":"oeDcV0W0lW2u-WnondVku8uZZo4k","_LIMIT":"0,20"}---
1111111111111----run in----2018-01-19 13:57:33+++files[]+++get{"_C":"Act","_A":"select","id":"1","openid":"oeDcV0W0lW2u-WnondVku8uZZo4k","_LIMIT":"0,20"}+++request{"_C":"Act","_A":"select","id":"1","openid":"oeDcV0W0lW2u-WnondVku8uZZo4k","_LIMIT":"0,20"}---
1111111111111----run in----2018-01-19 13:58:02+++files[]+++get{"_C":"Act","_A":"select","id":"1","openid":"oeDcV0W0lW2u-WnondVku8uZZo4k","_LIMIT":"0,20"}+++request{"_C":"Act","_A":"select","id":"1","openid":"oeDcV0W0lW2u-WnondVku8uZZo4k","_LIMIT":"0,20"}---
1111111111111----run in----2018-01-19 13:58:19+++files[]+++get{"_C":"Act","_A":"select","id":"1","openid":"oeDcV0W0lW2u-WnondVku8uZZo4k","_LIMIT":"0,20"}+++request{"_C":"Act","_A":"select","id":"1","openid":"oeDcV0W0lW2u-WnondVku8uZZo4k","_LIMIT":"0,20"}---
1111111111111----run in----2018-01-19 13:59:58+++files[]+++get[]+++request{"_C":"User","_A":"selectOne","openid":"oqwUY4yUqU2tV5iezn8AOBiC0Kj0"}---
1111111111111----run in----2018-01-19 14:00:05+++files[]+++get[]+++request{"_C":"Act","_A":"select","_LIMIT":"0,8","_FILTER":"","openid":"oqwUY4yUqU2tV5iezn8AOBiC0Kj0"}---
1111111111111----run in----2018-01-19 14:19:03+++files[]+++get[]+++request{"_C":"User","_A":"selectOne","openid":"oqwUY4yUqU2tV5iezn8AOBiC0Kj0"}---
1111111111111----run in----2018-01-19 14:19:06+++files[]+++get[]+++request{"_C":"Money","_A":"selectOne","openid":"oqwUY4yUqU2tV5iezn8AOBiC0Kj0"}---
1111111111111----run in----2018-01-19 14:19:06+++files[]+++get[]+++request{"_C":"My","_A":"selectIn","_LIMIT":"0,2","openid":"oqwUY4yUqU2tV5iezn8AOBiC0Kj0"}---
1111111111111----run in----2018-01-19 14:19:09+++files[]+++get[]+++request{"_C":"User","_A":"selectOne","openid":"oqwUY4yUqU2tV5iezn8AOBiC0Kj0"}---
1111111111111----run in----2018-01-19 14:19:13+++files[]+++get[]+++request{"_C":"Money","_A":"selectOne","openid":"oqwUY4yUqU2tV5iezn8AOBiC0Kj0"}---
1111111111111----run in----2018-01-19 14:19:13+++files[]+++get[]+++request{"_C":"My","_A":"selectIn","_LIMIT":"0,2","openid":"oqwUY4yUqU2tV5iezn8AOBiC0Kj0"}---
1111111111111----run in----2018-01-19 14:19:18+++files[]+++get[]+++request{"_C":"Money","_A":"selectOne","openid":"oqwUY4yUqU2tV5iezn8AOBiC0Kj0"}---
1111111111111----run in----2018-01-19 14:19:18+++files[]+++get[]+++request{"_C":"My","_A":"selectIn","_LIMIT":"0,2","openid":"oqwUY4yUqU2tV5iezn8AOBiC0Kj0"}---
1111111111111----run in----2018-01-19 14:19:21+++files[]+++get[]+++request{"_C":"My","_A":"selectIn","_LIMIT":"0,20","openid":"oqwUY4yUqU2tV5iezn8AOBiC0Kj0"}---
1111111111111----run in----2018-01-19 14:19:23+++files[]+++get[]+++request{"_C":"My","_A":"selectOut","_LIMIT":"0,20","openid":"oqwUY4yUqU2tV5iezn8AOBiC0Kj0"}---
1111111111111----run in----2018-01-19 14:19:24+++files[]+++get[]+++request{"_C":"Money","_A":"selectOne","openid":"oqwUY4yUqU2tV5iezn8AOBiC0Kj0"}---
1111111111111----run in----2018-01-19 14:19:24+++files[]+++get[]+++request{"_C":"My","_A":"selectIn","_LIMIT":"0,2","openid":"oqwUY4yUqU2tV5iezn8AOBiC0Kj0"}---
1111111111111----run in----2018-01-19 14:19:26+++files[]+++get[]+++request{"_C":"My","_A":"selectOut","_LIMIT":"0,20","openid":"oqwUY4yUqU2tV5iezn8AOBiC0Kj0"}---
1111111111111----run in----2018-01-19 14:19:28+++files[]+++get[]+++request{"_C":"Money","_A":"selectOne","openid":"oqwUY4yUqU2tV5iezn8AOBiC0Kj0"}---
1111111111111----run in----2018-01-19 14:19:28+++files[]+++get[]+++request{"_C":"My","_A":"selectIn","_LIMIT":"0,2","openid":"oqwUY4yUqU2tV5iezn8AOBiC0Kj0"}---
1111111111111----run in----2018-01-19 14:25:24+++files[]+++get[]+++request{"_C":"Key","_A":"getWxId","code":"071ALEPY1BkYEZ0aggPY1FcoPY1ALEP8","openid":""}---
1111111111111----run in----2018-01-19 14:25:24+++files[]+++get[]+++request{"_C":"User","_A":"selectOne","openid":"oqwUY4yUqU2tV5iezn8AOBiC0Kj0"}---
1111111111111----run in----2018-01-19 14:25:48+++files[]+++get[]+++request{"_C":"Key","_A":"getWxId","code":"081T7ZSg2YBWEH0V7GSg2KFVSg2T7ZSo","openid":""}---
1111111111111----run in----2018-01-19 14:25:48+++files[]+++get[]+++request{"_C":"Key","_A":"getWxId","code":"081T7ZSg2YBWEH0V7GSg2KFVSg2T7ZSo","openid":""}---
1111111111111----run in----2018-01-19 14:25:48+++files[]+++get[]+++request{"_C":"User","_A":"selectOne","openid":"oqwUY4yUqU2tV5iezn8AOBiC0Kj0"}---
1111111111111----run in----2018-01-19 14:25:48+++files[]+++get[]+++request{"_C":"User","_A":"selectOne","openid":"oqwUY4yUqU2tV5iezn8AOBiC0Kj0"}---
1111111111111----run in----2018-01-19 14:26:03+++files[]+++get[]+++request{"_C":"Act","_A":"select","_LIMIT":"0,8","_FILTER":"","openid":"oqwUY4yUqU2tV5iezn8AOBiC0Kj0"}---
1111111111111----run in----2018-01-19 14:26:08+++files[]+++get[]+++request{"_C":"Money","_A":"selectOne","openid":"oqwUY4yUqU2tV5iezn8AOBiC0Kj0"}---
1111111111111----run in----2018-01-19 14:26:08+++files[]+++get[]+++request{"_C":"My","_A":"selectIn","_LIMIT":"0,2","openid":"oqwUY4yUqU2tV5iezn8AOBiC0Kj0"}---
1111111111111----run in----2018-01-19 14:26:09+++files[]+++get[]+++request{"_C":"My","_A":"selectOut","_LIMIT":"0,20","openid":"oqwUY4yUqU2tV5iezn8AOBiC0Kj0"}---
1111111111111----run in----2018-01-19 14:26:13+++files[]+++get[]+++request{"_C":"My","_A":"selectIn","_LIMIT":"0,20","openid":"oqwUY4yUqU2tV5iezn8AOBiC0Kj0"}---
1111111111111----run in----2018-01-19 14:26:16+++files[]+++get[]+++request{"_C":"My","_A":"selectOut","_LIMIT":"0,20","openid":"oqwUY4yUqU2tV5iezn8AOBiC0Kj0"}---
1111111111111----run in----2018-01-19 14:26:22+++files[]+++get[]+++request{"_C":"Money","_A":"selectOne","openid":"oqwUY4yUqU2tV5iezn8AOBiC0Kj0"}---
1111111111111----run in----2018-01-19 14:26:22+++files[]+++get[]+++request{"_C":"My","_A":"selectIn","_LIMIT":"0,2","openid":"oqwUY4yUqU2tV5iezn8AOBiC0Kj0"}---
1111111111111----run in----2018-01-19 14:26:25+++files[]+++get[]+++request{"_C":"My","_A":"selectIn","_LIMIT":"0,20","openid":"oqwUY4yUqU2tV5iezn8AOBiC0Kj0"}---
1111111111111----run in----2018-01-19 14:26:32+++files[]+++get[]+++request{"_C":"Money","_A":"selectOne","openid":"oqwUY4yUqU2tV5iezn8AOBiC0Kj0"}---
1111111111111----run in----2018-01-19 14:26:33+++files[]+++get[]+++request{"_C":"My","_A":"selectIn","_LIMIT":"0,2","openid":"oqwUY4yUqU2tV5iezn8AOBiC0Kj0"}---
1111111111111----run in----2018-01-19 14:26:34+++files[]+++get[]+++request{"_C":"My","_A":"selectOut","_LIMIT":"0,20","openid":"oqwUY4yUqU2tV5iezn8AOBiC0Kj0"}---
1111111111111----run in----2018-01-19 14:26:46+++files[]+++get[]+++request{"_C":"My","_A":"selectOut","_LIMIT":"0,20","openid":"oqwUY4yUqU2tV5iezn8AOBiC0Kj0"}---
1111111111111----run in----2018-01-19 14:27:37+++files[]+++get[]+++request{"_C":"Money","_A":"selectOne","openid":"oqwUY4yUqU2tV5iezn8AOBiC0Kj0"}---
1111111111111----run in----2018-01-19 14:27:37+++files[]+++get[]+++request{"_C":"My","_A":"selectIn","_LIMIT":"0,2","openid":"oqwUY4yUqU2tV5iezn8AOBiC0Kj0"}---
1111111111111----run in----2018-01-19 14:28:32+++files[]+++get[]+++request{"_C":"User","_A":"selectOne","openid":"oqwUY4yUqU2tV5iezn8AOBiC0Kj0"}---
1111111111111----run in----2018-01-19 14:28:33+++files[]+++get[]+++request{"_C":"Act","_A":"select","_LIMIT":"0,8","_FILTER":"","openid":"oqwUY4yUqU2tV5iezn8AOBiC0Kj0"}---
1111111111111----run in----2018-01-19 14:28:33+++files[]+++get[]+++request{"_C":"Money","_A":"selectOne","openid":"oqwUY4yUqU2tV5iezn8AOBiC0Kj0"}---
1111111111111----run in----2018-01-19 14:28:34+++files[]+++get[]+++request{"_C":"My","_A":"selectIn","_LIMIT":"0,2","openid":"oqwUY4yUqU2tV5iezn8AOBiC0Kj0"}---
1111111111111----run in----2018-01-19 14:28:35+++files[]+++get[]+++request{"_C":"My","_A":"selectOut","_LIMIT":"0,20","openid":"oqwUY4yUqU2tV5iezn8AOBiC0Kj0"}---
1111111111111----run in----2018-01-19 14:28:39+++files[]+++get[]+++request{"_C":"My","_A":"selectIn","_LIMIT":"0,20","openid":"oqwUY4yUqU2tV5iezn8AOBiC0Kj0"}---
1111111111111----run in----2018-01-19 14:28:42+++files[]+++get[]+++request{"_C":"Money","_A":"selectOne","openid":"oqwUY4yUqU2tV5iezn8AOBiC0Kj0"}---
1111111111111----run in----2018-01-19 14:28:42+++files[]+++get[]+++request{"_C":"My","_A":"selectIn","_LIMIT":"0,2","openid":"oqwUY4yUqU2tV5iezn8AOBiC0Kj0"}---
1111111111111----run in----2018-01-19 14:28:54+++files[]+++get[]+++request{"_C":"Money","_A":"selectOne","openid":"oqwUY4yUqU2tV5iezn8AOBiC0Kj0"}---
1111111111111----run in----2018-01-19 14:28:54+++files[]+++get[]+++request{"_C":"My","_A":"selectIn","_LIMIT":"0,2","openid":"oqwUY4yUqU2tV5iezn8AOBiC0Kj0"}---
1111111111111----run in----2018-01-19 14:28:54+++files[]+++get[]+++request{"_C":"Act","_A":"select","_LIMIT":"0,8","_FILTER":"","openid":"oqwUY4yUqU2tV5iezn8AOBiC0Kj0"}---
1111111111111----run in----2018-01-19 14:28:54+++files[]+++get[]+++request{"_C":"User","_A":"selectOne","openid":"oqwUY4yUqU2tV5iezn8AOBiC0Kj0"}---
1111111111111----run in----2018-01-19 14:28:56+++files[]+++get[]+++request{"_C":"User","_A":"selectOne","openid":"oqwUY4yUqU2tV5iezn8AOBiC0Kj0"}---
1111111111111----run in----2018-01-19 14:28:58+++files[]+++get[]+++request{"_C":"Act","_A":"select","_LIMIT":"0,8","_FILTER":"","openid":"oqwUY4yUqU2tV5iezn8AOBiC0Kj0"}---
1111111111111----run in----2018-01-19 14:28:59+++files[]+++get[]+++request{"_C":"User","_A":"selectOne","openid":"oqwUY4yUqU2tV5iezn8AOBiC0Kj0"}---
1111111111111----run in----2018-01-19 14:29:02+++files[]+++get[]+++request{"_C":"Money","_A":"selectOne","openid":"oqwUY4yUqU2tV5iezn8AOBiC0Kj0"}---
1111111111111----run in----2018-01-19 14:29:02+++files[]+++get[]+++request{"_C":"My","_A":"selectIn","_LIMIT":"0,2","openid":"oqwUY4yUqU2tV5iezn8AOBiC0Kj0"}---
1111111111111----run in----2018-01-19 14:29:03+++files[]+++get[]+++request{"_C":"User","_A":"selectOne","openid":"oqwUY4yUqU2tV5iezn8AOBiC0Kj0"}---
1111111111111----run in----2018-01-19 14:29:11+++files[]+++get[]+++request{"_C":"Money","_A":"selectOne","openid":"oqwUY4yUqU2tV5iezn8AOBiC0Kj0"}---
1111111111111----run in----2018-01-19 14:29:11+++files[]+++get[]+++request{"_C":"My","_A":"selectIn","_LIMIT":"0,2","openid":"oqwUY4yUqU2tV5iezn8AOBiC0Kj0"}---
1111111111111----run in----2018-01-19 14:29:12+++files[]+++get[]+++request{"_C":"User","_A":"selectOne","openid":"oqwUY4yUqU2tV5iezn8AOBiC0Kj0"}---
1111111111111----run in----2018-01-19 14:30:05+++files[]+++get[]+++request{"_C":"User","_A":"selectOne","openid":"oqwUY4yUqU2tV5iezn8AOBiC0Kj0"}---
1111111111111----run in----2018-01-19 14:30:12+++files[]+++get[]+++request{"_C":"User","_A":"selectOne","openid":"oqwUY4yUqU2tV5iezn8AOBiC0Kj0"}---
1111111111111----run in----2018-01-19 14:30:15+++files[]+++get[]+++request{"_C":"User","_A":"updateOne","_DATA":"{\"lat\":28.2026955419641,\"lng\":112.8716475788061,\"mobile\":\"15580907641\",\"avatarUrl\":\"https:\/\/wx.qlogo.cn\/mmopen\/vi_32\/DYAIOgq83eoaY4mH0CA2IaCNjlYvDhkYvHNXQpOvSakekvQW1kZUNnSvdmrhgALWzJrpn0HUYu9Nlbiah4VYsMg\/0\",\"is_show_info\":\"SHOW\",\"name\":\"\u5c0f\u77f3\u5934\",\"nick_name\":\"shiela47\",\"wx\":\"Shiela\",\"address\":\"\u6e56\u5357\u7701\u957f\u6c99\u5e02\u5cb3\u9e93\u533a\u67ab\u6797\u4e09\u8def822\u53f7\",\"gender\":2,\"city\":\"Changsha\",\"logo\":\"wxfile:\/\/tmp_b2f2e60413adeb69d27f347c7041ad2e.jpg\",\"openid\":\"oqwUY4yUqU2tV5iezn8AOBiC0Kj0\"}","openid":"oqwUY4yUqU2tV5iezn8AOBiC0Kj0"}---
1111111111111----run in----2018-01-19 14:30:17+++files{"file":{"name":"tmp_b2f2e60413adeb69d27f347c7041ad2e.jpg","type":"image\/jpg","tmp_name":"\/tmp\/php8ApGEv","error":0,"size":204666}}+++get[]+++request{"path":"logo","_C":"Pic","_A":"upload","openid":"oqwUY4yUqU2tV5iezn8AOBiC0Kj0"}---
2018-01-19 14:30:17:{"file":{"name":"tmp_b2f2e60413adeb69d27f347c7041ad2e.jpg","type":"image\/jpg","tmp_name":"\/tmp\/php8ApGEv","error":0,"size":204666}}
1111111111111----run in----2018-01-19 14:30:23+++files[]+++get[]+++request{"_C":"User","_A":"selectOne","openid":"oqwUY4yUqU2tV5iezn8AOBiC0Kj0"}---
1111111111111----run in----2018-01-19 14:30:23+++files[]+++get[]+++request{"_C":"Act","_A":"select","_LIMIT":"0,8","_FILTER":"","openid":"oqwUY4yUqU2tV5iezn8AOBiC0Kj0"}---
1111111111111----run in----2018-01-19 14:30:24+++files[]+++get[]+++request{"_C":"Money","_A":"selectOne","openid":"oqwUY4yUqU2tV5iezn8AOBiC0Kj0"}---
1111111111111----run in----2018-01-19 14:30:24+++files[]+++get[]+++request{"_C":"My","_A":"selectIn","_LIMIT":"0,2","openid":"oqwUY4yUqU2tV5iezn8AOBiC0Kj0"}---
1111111111111----run in----2018-01-19 14:30:26+++files[]+++get[]+++request{"_C":"User","_A":"selectOne","openid":"oqwUY4yUqU2tV5iezn8AOBiC0Kj0"}---
1111111111111----run in----2018-01-19 14:30:26+++files[]+++get[]+++request{"_C":"Money","_A":"selectOne","openid":"oqwUY4yUqU2tV5iezn8AOBiC0Kj0"}---
1111111111111----run in----2018-01-19 14:30:26+++files[]+++get[]+++request{"_C":"My","_A":"selectIn","_LIMIT":"0,2","openid":"oqwUY4yUqU2tV5iezn8AOBiC0Kj0"}---
1111111111111----run in----2018-01-19 14:30:27+++files[]+++get[]+++request{"_C":"User","_A":"selectOne","openid":"oqwUY4yUqU2tV5iezn8AOBiC0Kj0"}---
1111111111111----run in----2018-01-19 14:30:37+++files[]+++get[]+++request{"_C":"My","_A":"selectIn","_LIMIT":"0,2","openid":"oqwUY4yUqU2tV5iezn8AOBiC0Kj0"}---
1111111111111----run in----2018-01-19 14:30:37+++files[]+++get[]+++request{"_C":"Money","_A":"selectOne","openid":"oqwUY4yUqU2tV5iezn8AOBiC0Kj0"}---
1111111111111----run in----2018-01-19 14:30:38+++files[]+++get[]+++request{"_C":"User","_A":"selectOne","openid":"oqwUY4yUqU2tV5iezn8AOBiC0Kj0"}---
1111111111111----run in----2018-01-19 14:30:42+++files[]+++get[]+++request{"_C":"User","_A":"selectOne","openid":"oqwUY4yUqU2tV5iezn8AOBiC0Kj0"}---
1111111111111----run in----2018-01-19 14:30:47+++files[]+++get[]+++request{"_C":"User","_A":"selectOne","openid":"oqwUY4yUqU2tV5iezn8AOBiC0Kj0"}---
1111111111111----run in----2018-01-19 14:30:47+++files[]+++get[]+++request{"_C":"Act","_A":"select","_LIMIT":"0,8","_FILTER":"","openid":"oqwUY4yUqU2tV5iezn8AOBiC0Kj0"}---
1111111111111----run in----2018-01-19 14:30:50+++files[]+++get[]+++request{"_C":"User","_A":"selectOne","openid":"oqwUY4yUqU2tV5iezn8AOBiC0Kj0"}---
1111111111111----run in----2018-01-19 14:30:54+++files[]+++get[]+++request{"_C":"User","_A":"selectOne","openid":"oqwUY4yUqU2tV5iezn8AOBiC0Kj0"}---
1111111111111----run in----2018-01-19 14:30:58+++files[]+++get[]+++request{"_C":"Key","_A":"getAccessToken","openid":"oqwUY4yUqU2tV5iezn8AOBiC0Kj0"}---
1111111111111----run in----2018-01-19 14:31:10+++files[]+++get[]+++request{"_C":"Key","_A":"getAccessToken","openid":"oqwUY4yUqU2tV5iezn8AOBiC0Kj0"}---
1111111111111----run in----2018-01-19 14:31:10+++files{"file":{"name":"tmp_d2dd1c299d4adfef68f3d04c832ea41d.jpg","type":"image\/jpg","tmp_name":"\/tmp\/phpWqnXuB","error":0,"size":138494}}+++get[]+++request{"path":"act","_C":"Pic","_A":"upload","openid":"oqwUY4yUqU2tV5iezn8AOBiC0Kj0"}---
2018-01-19 14:31:10:{"file":{"name":"tmp_d2dd1c299d4adfef68f3d04c832ea41d.jpg","type":"image\/jpg","tmp_name":"\/tmp\/phpWqnXuB","error":0,"size":138494}}
1111111111111----run in----2018-01-19 14:31:18+++files[]+++get[]+++request{"_C":"Key","_A":"getAccessToken","openid":"oqwUY4yUqU2tV5iezn8AOBiC0Kj0"}---
1111111111111----run in----2018-01-19 14:31:19+++files{"file":{"name":"tmp_9760237dcc1ae36e7b123b3ac215b55b.jpg","type":"image\/jpg","tmp_name":"\/tmp\/phpM0f1YC","error":0,"size":138990}}+++get[]+++request{"path":"act","_C":"Pic","_A":"upload","openid":"oqwUY4yUqU2tV5iezn8AOBiC0Kj0"}---
2018-01-19 14:31:19:{"file":{"name":"tmp_9760237dcc1ae36e7b123b3ac215b55b.jpg","type":"image\/jpg","tmp_name":"\/tmp\/phpM0f1YC","error":0,"size":138990}}
1111111111111----run in----2018-01-19 14:31:19+++files{"file":{"name":"tmp_dfd4340dea3f67f15159dc3f996c6e5a.jpg","type":"image\/jpg","tmp_name":"\/tmp\/phpCfP5iW","error":0,"size":98155}}+++get[]+++request{"path":"act","_C":"Pic","_A":"upload","openid":"oqwUY4yUqU2tV5iezn8AOBiC0Kj0"}---
2018-01-19 14:31:19:{"file":{"name":"tmp_dfd4340dea3f67f15159dc3f996c6e5a.jpg","type":"image\/jpg","tmp_name":"\/tmp\/phpCfP5iW","error":0,"size":98155}}
1111111111111----run in----2018-01-19 14:31:41+++files{"file":{"name":"tmp_569f4daf51d1be852c1c6b8b8d908cc2.png","type":"image\/png","tmp_name":"\/tmp\/phpmeXTUX","error":0,"size":349818}}+++get[]+++request{"path":"act\/poster","_C":"Pic","_A":"upload","openid":"oqwUY4yUqU2tV5iezn8AOBiC0Kj0"}---
2018-01-19 14:31:41:{"file":{"name":"tmp_569f4daf51d1be852c1c6b8b8d908cc2.png","type":"image\/png","tmp_name":"\/tmp\/phpmeXTUX","error":0,"size":349818}}
1111111111111----run in----2018-01-19 14:38:19+++files[]+++get[]+++request{"_C":"User","_A":"selectOne","openid":"oqwUY4yUqU2tV5iezn8AOBiC0Kj0"}---
1111111111111----run in----2018-01-19 14:38:32+++files[]+++get[]+++request{"_C":"User","_A":"selectOne","openid":"oqwUY4yUqU2tV5iezn8AOBiC0Kj0"}---
1111111111111----run in----2018-01-19 14:38:33+++files[]+++get[]+++request{"_C":"Key","_A":"getWxId","code":"0012jfeQ03OI882LbkhQ0PwyeQ02jfe5","openid":"oqwUY4yUqU2tV5iezn8AOBiC0Kj0"}---
1111111111111----run in----2018-01-19 14:38:33+++files[]+++get[]+++request{"_C":"User","_A":"selectOne","openid":"oqwUY4yUqU2tV5iezn8AOBiC0Kj0"}---
1111111111111----run in----2018-01-19 14:40:41+++files[]+++get[]+++request{"_C":"Key","_A":"getWxId","code":"071ywHJL1VTRJ41bHLJL19EVJL1ywHJc","openid":""}---
1111111111111----run in----2018-01-19 14:40:41+++files[]+++get[]+++request{"_C":"Key","_A":"getWxId","code":"071ywHJL1VTRJ41bHLJL19EVJL1ywHJc","openid":""}---
1111111111111----run in----2018-01-19 14:40:41+++files[]+++get[]+++request{"_C":"User","_A":"selectOne","openid":"oqwUY4yUqU2tV5iezn8AOBiC0Kj0"}---
1111111111111----run in----2018-01-19 14:40:41+++files[]+++get[]+++request{"_C":"User","_A":"selectOne","openid":"oqwUY4yUqU2tV5iezn8AOBiC0Kj0"}---
1111111111111----run in----2018-01-19 14:40:45+++files[]+++get[]+++request{"_C":"Key","_A":"getWxId","code":"001KVUz71mvi7T1FxBB7158Rz71KVUzh","openid":"oqwUY4yUqU2tV5iezn8AOBiC0Kj0"}---
1111111111111----run in----2018-01-19 14:40:45+++files[]+++get[]+++request{"_C":"User","_A":"selectOne","openid":"oqwUY4yUqU2tV5iezn8AOBiC0Kj0"}---
1111111111111----run in----2018-01-19 14:40:51+++files[]+++get[]+++request{"_C":"User","_A":"selectOne","openid":"oqwUY4yUqU2tV5iezn8AOBiC0Kj0"}---
1111111111111----run in----2018-01-19 14:40:52+++files[]+++get[]+++request{"_C":"Money","_A":"selectOne","openid":"oqwUY4yUqU2tV5iezn8AOBiC0Kj0"}---
1111111111111----run in----2018-01-19 14:40:52+++files[]+++get[]+++request{"_C":"My","_A":"selectIn","_LIMIT":"0,2","openid":"oqwUY4yUqU2tV5iezn8AOBiC0Kj0"}---
1111111111111----run in----2018-01-19 14:40:53+++files[]+++get[]+++request{"_C":"User","_A":"selectOne","openid":"oqwUY4yUqU2tV5iezn8AOBiC0Kj0"}---
1111111111111----run in----2018-01-19 14:41:35+++files[]+++get[]+++request{"_C":"Money","_A":"selectOne","openid":"oqwUY4yUqU2tV5iezn8AOBiC0Kj0"}---
1111111111111----run in----2018-01-19 14:41:35+++files[]+++get[]+++request{"_C":"My","_A":"selectIn","_LIMIT":"0,2","openid":"oqwUY4yUqU2tV5iezn8AOBiC0Kj0"}---
1111111111111----run in----2018-01-19 14:41:39+++files[]+++get[]+++request{"_C":"User","_A":"selectOne","openid":"oqwUY4yUqU2tV5iezn8AOBiC0Kj0"}---
1111111111111----run in----2018-01-19 14:43:28+++files[]+++get[]+++request{"_C":"Money","_A":"selectOne","openid":"oqwUY4yUqU2tV5iezn8AOBiC0Kj0"}---
1111111111111----run in----2018-01-19 14:43:28+++files[]+++get[]+++request{"_C":"My","_A":"selectIn","_LIMIT":"0,2","openid":"oqwUY4yUqU2tV5iezn8AOBiC0Kj0"}---
1111111111111----run in----2018-01-19 14:43:29+++files[]+++get[]+++request{"_C":"User","_A":"selectOne","openid":"oqwUY4yUqU2tV5iezn8AOBiC0Kj0"}---
1111111111111----run in----2018-01-19 14:43:38+++files[]+++get[]+++request{"_C":"User","_A":"selectOne","openid":"oqwUY4yUqU2tV5iezn8AOBiC0Kj0"}---
1111111111111----run in----2018-01-19 14:43:49+++files[]+++get[]+++request{"_C":"User","_A":"selectOne","openid":"oqwUY4yUqU2tV5iezn8AOBiC0Kj0"}---
1111111111111----run in----2018-01-19 14:43:53+++files[]+++get[]+++request{"_C":"Key","_A":"getAccessToken","openid":"oqwUY4yUqU2tV5iezn8AOBiC0Kj0"}---
1111111111111----run in----2018-01-19 14:46:56+++files[]+++get[]+++request{"_C":"Act","_A":"select","_LIMIT":"0,8","_FILTER":"","openid":"oqwUY4yUqU2tV5iezn8AOBiC0Kj0"}---
1111111111111----run in----2018-01-19 14:48:48+++files[]+++get[]+++request{"_C":"Money","_A":"selectOne","openid":"oqwUY4yUqU2tV5iezn8AOBiC0Kj0"}---
1111111111111----run in----2018-01-19 14:48:49+++files[]+++get[]+++request{"_C":"My","_A":"selectIn","_LIMIT":"0,2","openid":"oqwUY4yUqU2tV5iezn8AOBiC0Kj0"}---
1111111111111----run in----2018-01-19 14:48:50+++files[]+++get[]+++request{"_C":"User","_A":"selectOne","openid":"oqwUY4yUqU2tV5iezn8AOBiC0Kj0"}---
1111111111111----run in----2018-01-19 14:48:56+++files[]+++get[]+++request{"_C":"Money","_A":"selectOne","openid":"oqwUY4yUqU2tV5iezn8AOBiC0Kj0"}---
1111111111111----run in----2018-01-19 14:48:56+++files[]+++get[]+++request{"_C":"My","_A":"selectIn","_LIMIT":"0,2","openid":"oqwUY4yUqU2tV5iezn8AOBiC0Kj0"}---
1111111111111----run in----2018-01-19 14:48:56+++files[]+++get[]+++request{"_C":"User","_A":"selectOne","openid":"oqwUY4yUqU2tV5iezn8AOBiC0Kj0"}---
1111111111111----run in----2018-01-19 14:49:01+++files[]+++get[]+++request{"_C":"User","_A":"selectOne","openid":"oqwUY4yUqU2tV5iezn8AOBiC0Kj0"}---
1111111111111----run in----2018-01-19 14:49:07+++files[]+++get[]+++request{"_C":"Key","_A":"getAccessToken","openid":"oqwUY4yUqU2tV5iezn8AOBiC0Kj0"}---
1111111111111----run in----2018-01-19 14:49:12+++files[]+++get[]+++request{"_C":"Key","_A":"getAccessToken","openid":"oqwUY4yUqU2tV5iezn8AOBiC0Kj0"}---
1111111111111----run in----2018-01-19 14:49:15+++files{"file":{"name":"tmp_45ee9459ba315261298f641d49a10dbe.jpg","type":"image\/jpg","tmp_name":"\/tmp\/phphBRvZv","error":0,"size":106413}}+++get[]+++request{"path":"act","_C":"Pic","_A":"upload","openid":"oqwUY4yUqU2tV5iezn8AOBiC0Kj0"}---
2018-01-19 14:49:15:{"file":{"name":"tmp_45ee9459ba315261298f641d49a10dbe.jpg","type":"image\/jpg","tmp_name":"\/tmp\/phphBRvZv","error":0,"size":106413}}
1111111111111----run in----2018-01-19 14:49:31+++files[]+++get[]+++request{"_C":"User","_A":"selectOne","openid":"oqwUY4yUqU2tV5iezn8AOBiC0Kj0"}---
1111111111111----run in----2018-01-19 14:49:31+++files[]+++get[]+++request{"_C":"Money","_A":"selectOne","openid":"oqwUY4yUqU2tV5iezn8AOBiC0Kj0"}---
1111111111111----run in----2018-01-19 14:49:31+++files[]+++get[]+++request{"_C":"My","_A":"selectIn","_LIMIT":"0,2","openid":"oqwUY4yUqU2tV5iezn8AOBiC0Kj0"}---
1111111111111----run in----2018-01-19 14:49:32+++files[]+++get[]+++request{"_C":"User","_A":"selectOne","openid":"oqwUY4yUqU2tV5iezn8AOBiC0Kj0"}---
1111111111111----run in----2018-01-19 14:50:54+++files[]+++get[]+++request{"_C":"User","_A":"selectOne","openid":"oqwUY4yUqU2tV5iezn8AOBiC0Kj0"}---
1111111111111----run in----2018-01-19 15:00:39+++files[]+++get[]+++request{"_C":"My","_A":"selectIn","_LIMIT":"0,2","openid":"oqwUY4yUqU2tV5iezn8AOBiC0Kj0"}---
1111111111111----run in----2018-01-19 15:00:43+++files[]+++get[]+++request{"_C":"User","_A":"selectOne","openid":"oqwUY4yUqU2tV5iezn8AOBiC0Kj0"}---
1111111111111----run in----2018-01-19 15:00:49+++files[]+++get[]+++request{"_C":"Key","_A":"getAccessToken","openid":"oqwUY4yUqU2tV5iezn8AOBiC0Kj0"}---
1111111111111----run in----2018-01-19 15:00:59+++files[]+++get[]+++request{"_C":"Key","_A":"getAccessToken","openid":"oqwUY4yUqU2tV5iezn8AOBiC0Kj0"}---
1111111111111----run in----2018-01-19 15:01:01+++files{"file":{"name":"tmp_b97ebf6a657de76f316a64464cdfcca7.jpg","type":"image\/jpg","tmp_name":"\/tmp\/phpo7gmgF","error":0,"size":256210}}+++get[]+++request{"path":"act","_C":"Pic","_A":"upload","openid":"oqwUY4yUqU2tV5iezn8AOBiC0Kj0"}---
2018-01-19 15:01:01:{"file":{"name":"tmp_b97ebf6a657de76f316a64464cdfcca7.jpg","type":"image\/jpg","tmp_name":"\/tmp\/phpo7gmgF","error":0,"size":256210}}
1111111111111----run in----2018-01-19 15:01:22+++files{"file":{"name":"tmp_249d8bbfdffe31f0002172c6294e4e28.png","type":"image\/png","tmp_name":"\/tmp\/phpn7VjVh","error":0,"size":700831}}+++get[]+++request{"path":"act\/poster","_C":"Pic","_A":"upload","openid":"oqwUY4yUqU2tV5iezn8AOBiC0Kj0"}---
2018-01-19 15:01:22:{"file":{"name":"tmp_249d8bbfdffe31f0002172c6294e4e28.png","type":"image\/png","tmp_name":"\/tmp\/phpn7VjVh","error":0,"size":700831}}
1111111111111----run in----2018-01-19 15:02:12+++files[]+++get[]+++request{"_C":"User","_A":"selectOne","openid":"oqwUY4yUqU2tV5iezn8AOBiC0Kj0"}---
1111111111111----run in----2018-01-19 15:02:54+++files[]+++get[]+++request{"_C":"Key","_A":"getWxId","code":"061uH8on1QcaGj0KZEon1Qoeon1uH8oG","openid":"oqwUY4yUqU2tV5iezn8AOBiC0Kj0"}---
1111111111111----run in----2018-01-19 15:02:54+++files[]+++get[]+++request{"_C":"User","_A":"selectOne","openid":"oqwUY4yUqU2tV5iezn8AOBiC0Kj0"}---
1111111111111----run in----2018-01-19 15:03:01+++files[]+++get[]+++request{"_C":"User","_A":"selectOne","openid":"oqwUY4yUqU2tV5iezn8AOBiC0Kj0"}---
1111111111111----run in----2018-01-19 15:03:03+++files[]+++get[]+++request{"_C":"Key","_A":"getAccessToken","openid":"oqwUY4yUqU2tV5iezn8AOBiC0Kj0"}---
1111111111111----run in----2018-01-19 15:03:14+++files[]+++get[]+++request{"_C":"Key","_A":"getAccessToken","openid":"oqwUY4yUqU2tV5iezn8AOBiC0Kj0"}---
1111111111111----run in----2018-01-19 15:03:17+++files{"file":{"name":"tmp_b3ca0aa962cec54c6654bd8a7c6e67c1.jpg","type":"image\/jpg","tmp_name":"\/tmp\/phpqv1UKs","error":0,"size":138494}}+++get[]+++request{"path":"act","_C":"Pic","_A":"upload","openid":"oqwUY4yUqU2tV5iezn8AOBiC0Kj0"}---
2018-01-19 15:03:17:{"file":{"name":"tmp_b3ca0aa962cec54c6654bd8a7c6e67c1.jpg","type":"image\/jpg","tmp_name":"\/tmp\/phpqv1UKs","error":0,"size":138494}}
1111111111111----run in----2018-01-19 15:03:34+++files{"file":{"name":"tmp_ceb8bca0e46136ebdad2789064303944.png","type":"image\/png","tmp_name":"\/tmp\/phpvR9kXh","error":0,"size":338888}}+++get[]+++request{"path":"act\/poster","_C":"Pic","_A":"upload","openid":"oqwUY4yUqU2tV5iezn8AOBiC0Kj0"}---
2018-01-19 15:03:34:{"file":{"name":"tmp_ceb8bca0e46136ebdad2789064303944.png","type":"image\/png","tmp_name":"\/tmp\/phpvR9kXh","error":0,"size":338888}}
1111111111111----run in----2018-01-19 15:07:31+++files[]+++get[]+++request{"_C":"User","_A":"selectOne","openid":"oqwUY4yUqU2tV5iezn8AOBiC0Kj0"}---
1111111111111----run in----2018-01-19 15:07:36+++files[]+++get[]+++request{"_C":"Key","_A":"getAccessToken","openid":"oqwUY4yUqU2tV5iezn8AOBiC0Kj0"}---
1111111111111----run in----2018-01-19 15:07:45+++files[]+++get[]+++request{"_C":"Key","_A":"getAccessToken","openid":"oqwUY4yUqU2tV5iezn8AOBiC0Kj0"}---
1111111111111----run in----2018-01-19 15:07:45+++files{"file":{"name":"wxd727ee9e47b2faa6.o6zAJs9bs--3Qn1Jkc_lFPynmD4A.63e45f76f36000fe96f5d75406f0fb15.png","type":"image\/png","tmp_name":"\/tmp\/phpxRq7vf","error":0,"size":155236}}+++get[]+++request{"path":"act","openid":"oqwUY4yUqU2tV5iezn8AOBiC0Kj0","_C":"Pic","_A":"upload"}---
2018-01-19 15:07:45:{"file":{"name":"wxd727ee9e47b2faa6.o6zAJs9bs--3Qn1Jkc_lFPynmD4A.63e45f76f36000fe96f5d75406f0fb15.png","type":"image\/png","tmp_name":"\/tmp\/phpxRq7vf","error":0,"size":155236}}
1111111111111----run in----2018-01-19 15:07:51+++files{"file":{"name":"wxd727ee9e47b2faa6.o6zAJs9bs--3Qn1Jkc_lFPynmD4A.c6e57583bf7144e882cc3c419d5c9cd8.png","type":"image\/png","tmp_name":"\/tmp\/phpDg83wi","error":0,"size":53284}}+++get[]+++request{"path":"act\/poster","openid":"oqwUY4yUqU2tV5iezn8AOBiC0Kj0","_C":"Pic","_A":"upload"}---
2018-01-19 15:07:51:{"file":{"name":"wxd727ee9e47b2faa6.o6zAJs9bs--3Qn1Jkc_lFPynmD4A.c6e57583bf7144e882cc3c419d5c9cd8.png","type":"image\/png","tmp_name":"\/tmp\/phpDg83wi","error":0,"size":53284}}
1111111111111----run in----2018-01-19 15:42:25+++files[]+++get[]+++request{"_C":"Money","_A":"selectOne","openid":""}---
1111111111111----run in----2018-01-19 15:42:25+++files[]+++get[]+++request{"_C":"My","_A":"selectIn","_LIMIT":"0,2","openid":""}---
1111111111111----run in----2018-01-19 16:28:34+++files[]+++get[]+++request{"_C":"Money","_A":"selectOne","openid":""}---
1111111111111----run in----2018-01-19 16:28:34+++files[]+++get[]+++request{"_C":"My","_A":"selectIn","_LIMIT":"0,2","openid":""}---
1111111111111----run in----2018-01-19 17:54:04+++files[]+++get[]+++request{"_C":"User","_A":"selectOne","openid":"oqwUY4yUqU2tV5iezn8AOBiC0Kj0"}---
1111111111111----run in----2018-01-19 18:00:37+++files[]+++get[]+++request{"_C":"User","_A":"selectOne","openid":"oqwUY4yUqU2tV5iezn8AOBiC0Kj0"}---
1111111111111----run in----2018-01-19 18:00:49+++files[]+++get[]+++request{"_C":"Key","_A":"getWxId","code":"0612lhEy0W53eg1J4gHy0KxcEy02lhE7","openid":""}---
1111111111111----run in----2018-01-19 18:00:49+++files[]+++get[]+++request{"_C":"User","_A":"selectOne","openid":"oqwUY4yUqU2tV5iezn8AOBiC0Kj0"}---
1111111111111----run in----2018-01-19 18:00:51+++files[]+++get[]+++request{"_C":"Key","_A":"getWxId","code":"0612lhEy0W53eg1J4gHy0KxcEy02lhE7","openid":"oqwUY4yUqU2tV5iezn8AOBiC0Kj0"}---
1111111111111----run in----2018-01-19 18:00:51+++files[]+++get[]+++request{"_C":"User","_A":"selectOne","openid":"oqwUY4yUqU2tV5iezn8AOBiC0Kj0"}---
1111111111111----run in----2018-01-19 18:24:58+++files[]+++get[]+++request{"_C":"User","_A":"selectOne","openid":"oqwUY4yUqU2tV5iezn8AOBiC0Kj0"}---
1111111111111----run in----2018-01-19 18:25:01+++files[]+++get[]+++request{"_C":"Money","_A":"selectOne","openid":"oqwUY4yUqU2tV5iezn8AOBiC0Kj0"}---
1111111111111----run in----2018-01-19 18:25:01+++files[]+++get[]+++request{"_C":"My","_A":"selectIn","_LIMIT":"0,2","openid":"oqwUY4yUqU2tV5iezn8AOBiC0Kj0"}---
1111111111111----run in----2018-01-19 18:25:15+++files[]+++get[]+++request{"_C":"User","_A":"selectOne","openid":"oqwUY4yUqU2tV5iezn8AOBiC0Kj0"}---
1111111111111----run in----2018-01-19 18:25:18+++files[]+++get[]+++request{"_C":"Money","_A":"selectOne","openid":"oqwUY4yUqU2tV5iezn8AOBiC0Kj0"}---
1111111111111----run in----2018-01-19 18:25:18+++files[]+++get[]+++request{"_C":"My","_A":"selectIn","_LIMIT":"0,2","openid":"oqwUY4yUqU2tV5iezn8AOBiC0Kj0"}---
1111111111111----run in----2018-01-19 18:25:21+++files[]+++get[]+++request{"_C":"User","_A":"selectOne","openid":"oqwUY4yUqU2tV5iezn8AOBiC0Kj0"}---
1111111111111----run in----2018-01-19 18:25:33+++files[]+++get[]+++request{"_C":"Act","_A":"select","_LIMIT":"0,8","_FILTER":"","openid":"oqwUY4yUqU2tV5iezn8AOBiC0Kj0"}---
1111111111111----run in----2018-01-19 18:25:35+++files[]+++get[]+++request{"_C":"User","_A":"selectOne","openid":"oqwUY4yUqU2tV5iezn8AOBiC0Kj0"}---
1111111111111----run in----2018-01-19 18:25:49+++files[]+++get[]+++request{"_C":"User","_A":"selectOne","openid":"oqwUY4yUqU2tV5iezn8AOBiC0Kj0"}---
1111111111111----run in----2018-01-19 18:25:51+++files[]+++get[]+++request{"_C":"Key","_A":"getAccessToken","openid":"oqwUY4yUqU2tV5iezn8AOBiC0Kj0"}---
1111111111111----run in----2018-01-19 18:25:59+++files{"file":{"name":"wxd727ee9e47b2faa6.o6zAJs9bs--3Qn1Jkc_lFPynmD4A.c6e57583bf7144e882cc3c419d5c9cd8.png","type":"image\/png","tmp_name":"\/tmp\/phpmxCd4s","error":0,"size":53284}}+++get[]+++request{"path":"act\/poster","openid":"oqwUY4yUqU2tV5iezn8AOBiC0Kj0","_C":"Pic","_A":"upload"}---
2018-01-19 18:25:59:{"file":{"name":"wxd727ee9e47b2faa6.o6zAJs9bs--3Qn1Jkc_lFPynmD4A.c6e57583bf7144e882cc3c419d5c9cd8.png","type":"image\/png","tmp_name":"\/tmp\/phpmxCd4s","error":0,"size":53284}}
1111111111111----run in----2018-01-19 18:26:10+++files[]+++get[]+++request{"_C":"User","_A":"selectOne","openid":"oqwUY4yUqU2tV5iezn8AOBiC0Kj0"}---
1111111111111----run in----2018-01-19 19:24:48+++files[]+++get[]+++request{"_C":"Key","_A":"getWxId","code":"003iyvYb24zLOP04j3Zb2kZKYb2iyvYP","openid":"oeDcV0TIhZCvU1UFnqrdS_fKJxW0"}---
1111111111111----run in----2018-01-19 19:24:48+++files[]+++get[]+++request{"_C":"Act","_A":"select","_LIMIT":"0,10","_FILTER":"","openid":"oeDcV0TIhZCvU1UFnqrdS_fKJxW0"}---
1111111111111----run in----2018-01-19 19:24:49+++files[]+++get[]+++request{"_C":"User","_A":"selectOne","openid":"oeDcV0TIhZCvU1UFnqrdS_fKJxW0"}---
1111111111111----run in----2018-01-19 19:24:52+++files[]+++get[]+++request{"_C":"Act","_A":"select","_LIMIT":"0,10","_FILTER":"","openid":"oeDcV0TIhZCvU1UFnqrdS_fKJxW0"}---
1111111111111----run in----2018-01-19 19:24:52+++files[]+++get[]+++request{"_C":"User","_A":"selectOne","openid":"oeDcV0TIhZCvU1UFnqrdS_fKJxW0"}---
1111111111111----run in----2018-01-19 19:25:12+++files[]+++get[]+++request{"_C":"User","_A":"selectOne","openid":"oeDcV0TIhZCvU1UFnqrdS_fKJxW0"}---
1111111111111----run in----2018-01-19 19:25:14+++files[]+++get[]+++request{"_C":"User","_A":"updateOne","_DATA":"{\"lat\":22.526864948759606,\"lng\":113.93494667213797,\"mobile\":\"18971234567\",\"avatarUrl\":\"https:\/\/wx.qlogo.cn\/mmopen\/vi_32\/Fp75BwsBiaLEb5LZPDViaWJRVCjs9bib5HKCcWiaF1DjTdMwCStJD4KcaMZibuAs94SHszvA0pG8arMCPXy3I7e7dYw\/0\",\"is_show_info\":\"SHOW\",\"name\":\"1236\",\"nick_name\":\"\u963f\u4e09\",\"wx\":\"1233\",\"address\":\"\u6df1\u5733\u5e02\u5357\u5c71\u533a\u6842\u5e99\u65b0\u6751(\u767d\u77f3\u8def\u897f100\u7c73)\",\"gender\":1,\"city\":\"Shenzhen\",\"logo\":\"wxfile:\/\/tmp_773aec3483180c63d8ede8dd200c0074.jpg\",\"openid\":\"oeDcV0TIhZCvU1UFnqrdS_fKJxW0\"}","openid":"oeDcV0TIhZCvU1UFnqrdS_fKJxW0"}---
1111111111111----run in----2018-01-19 19:25:14+++files{"file":{"name":"tmp_773aec3483180c63d8ede8dd200c0074.jpg","type":"image\/jpg","tmp_name":"\/tmp\/phplRP17j","error":0,"size":179350}}+++get[]+++request{"path":"logo","openid":"oeDcV0TIhZCvU1UFnqrdS_fKJxW0","_A":"upload","_C":"Pic"}---
2018-01-19 19:25:14:{"file":{"name":"tmp_773aec3483180c63d8ede8dd200c0074.jpg","type":"image\/jpg","tmp_name":"\/tmp\/phplRP17j","error":0,"size":179350}}
1111111111111----run in----2018-01-19 19:25:20+++files[]+++get[]+++request{"_C":"User","_A":"selectOne","openid":"oeDcV0TIhZCvU1UFnqrdS_fKJxW0"}---
1111111111111----run in----2018-01-19 19:26:30+++files{"file":{"name":"tmp_29eb25fbaef0600a350a5e49671ced11.jpg","type":"image\/jpg","tmp_name":"\/tmp\/phpGVf1R0","error":0,"size":254703}}+++get[]+++request{"path":"act","openid":"oeDcV0TIhZCvU1UFnqrdS_fKJxW0","_A":"upload","_C":"Pic"}---
2018-01-19 19:26:30:{"file":{"name":"tmp_29eb25fbaef0600a350a5e49671ced11.jpg","type":"image\/jpg","tmp_name":"\/tmp\/phpGVf1R0","error":0,"size":254703}}
1111111111111----run in----2018-01-19 19:26:54+++files{"file":{"name":"tmp_35fa9841b112a69fa1797fc9595021a7.png","type":"image\/png","tmp_name":"\/tmp\/phpWcFo8v","error":0,"size":1420194}}+++get[]+++request{"path":"act\/poster","openid":"oeDcV0TIhZCvU1UFnqrdS_fKJxW0","_A":"upload","_C":"Pic"}---
2018-01-19 19:26:54:{"file":{"name":"tmp_35fa9841b112a69fa1797fc9595021a7.png","type":"image\/png","tmp_name":"\/tmp\/phpWcFo8v","error":0,"size":1420194}}
