1111111111111----run in----2018-01-13 00:00:00+++files[]+++get[]+++request{"_C":"User","_A":"selectOne","openid":"oeDcV0Zc4eR8nIigyAVbHx0c5oAc"}---
1111111111111----run in----2018-01-13 00:00:02+++files[]+++get[]+++request{"_C":"Money","_A":"selectOne","openid":"oeDcV0Zc4eR8nIigyAVbHx0c5oAc"}---
1111111111111----run in----2018-01-13 00:00:03+++files[]+++get[]+++request{"_C":"User","_A":"selectOne","openid":"oeDcV0Zc4eR8nIigyAVbHx0c5oAc"}---
1111111111111----run in----2018-01-13 00:00:46+++files[]+++get[]+++request{"_C":"Money","_A":"selectOne","openid":"oeDcV0Zc4eR8nIigyAVbHx0c5oAc"}---
1111111111111----run in----2018-01-13 00:00:48+++files[]+++get[]+++request{"_C":"User","_A":"selectOne","openid":"oeDcV0Zc4eR8nIigyAVbHx0c5oAc"}---
1111111111111----run in----2018-01-13 00:00:50+++files[]+++get[]+++request{"_C":"Act","_A":"select","_LIMIT":"0,10","_FILTER":"","openid":"oeDcV0Zc4eR8nIigyAVbHx0c5oAc"}---
1111111111111----run in----2018-01-13 00:01:42+++files[]+++get[]+++request{"_C":"Money","_A":"selectOne","openid":"oeDcV0Zc4eR8nIigyAVbHx0c5oAc"}---
1111111111111----run in----2018-01-13 00:02:02+++files[]+++get[]+++request{"_C":"Money","_A":"selectOne","openid":"oeDcV0Zc4eR8nIigyAVbHx0c5oAc"}---
1111111111111----run in----2018-01-13 00:02:09+++files[]+++get[]+++request{"_C":"Act","_A":"select","_LIMIT":"0,10","_FILTER":"","openid":"oeDcV0Zc4eR8nIigyAVbHx0c5oAc"}---
1111111111111----run in----2018-01-13 00:02:10+++files[]+++get[]+++request{"_C":"User","_A":"selectOne","openid":"oeDcV0Zc4eR8nIigyAVbHx0c5oAc"}---
1111111111111----run in----2018-01-13 00:02:29+++files[]+++get[]+++request{"_C":"Act","_A":"select","_LIMIT":"0,10","_FILTER":"","openid":"oeDcV0Zc4eR8nIigyAVbHx0c5oAc"}---
1111111111111----run in----2018-01-13 00:02:53+++files[]+++get[]+++request{"_C":"User","_A":"selectOne","openid":"oeDcV0Zc4eR8nIigyAVbHx0c5oAc"}---
1111111111111----run in----2018-01-13 00:03:22+++files[]+++get[]+++request{"_C":"User","_A":"selectOne","openid":"oeDcV0Zc4eR8nIigyAVbHx0c5oAc"}---
1111111111111----run in----2018-01-13 00:03:24+++files[]+++get[]+++request{"_C":"Act","_A":"select","_LIMIT":"0,10","_FILTER":"","openid":"oeDcV0Zc4eR8nIigyAVbHx0c5oAc"}---
1111111111111----run in----2018-01-13 00:03:26+++files[]+++get[]+++request{"_C":"Money","_A":"selectOne","openid":"oeDcV0Zc4eR8nIigyAVbHx0c5oAc"}---
1111111111111----run in----2018-01-13 00:03:29+++files[]+++get[]+++request{"_C":"Money","_A":"selectOne","openid":"oeDcV0Zc4eR8nIigyAVbHx0c5oAc"}---
1111111111111----run in----2018-01-13 00:03:31+++files[]+++get[]+++request{"_C":"User","_A":"selectOne","openid":"oeDcV0Zc4eR8nIigyAVbHx0c5oAc"}---
1111111111111----run in----2018-01-13 00:04:07+++files[]+++get[]+++request{"_C":"User","_A":"selectOne","openid":"oeDcV0Zc4eR8nIigyAVbHx0c5oAc"}---
1111111111111----run in----2018-01-13 00:09:36+++files[]+++get[]+++request{"_C":"User","_A":"selectOne","openid":"oeDcV0Zc4eR8nIigyAVbHx0c5oAc"}---
1111111111111----run in----2018-01-13 00:09:37+++files[]+++get[]+++request{"_C":"Money","_A":"selectOne","openid":"oeDcV0Zc4eR8nIigyAVbHx0c5oAc"}---
1111111111111----run in----2018-01-13 00:09:38+++files[]+++get[]+++request{"_C":"My","_A":"selectOut","_LIMIT":"0,20","openid":"oeDcV0Zc4eR8nIigyAVbHx0c5oAc"}---
1111111111111----run in----2018-01-13 00:09:43+++files[]+++get[]+++request{"_C":"Money","_A":"selectOne","openid":"oeDcV0Zc4eR8nIigyAVbHx0c5oAc"}---
1111111111111----run in----2018-01-13 00:09:44+++files[]+++get[]+++request{"_C":"My","_A":"selectOut","_LIMIT":"0,20","openid":"oeDcV0Zc4eR8nIigyAVbHx0c5oAc"}---
1111111111111----run in----2018-01-13 00:09:46+++files[]+++get[]+++request{"_C":"Money","_A":"selectOne","openid":"oeDcV0Zc4eR8nIigyAVbHx0c5oAc"}---
1111111111111----run in----2018-01-13 00:09:47+++files[]+++get[]+++request{"_C":"My","_A":"selectOut","_LIMIT":"0,20","openid":"oeDcV0Zc4eR8nIigyAVbHx0c5oAc"}---
1111111111111----run in----2018-01-13 00:09:50+++files[]+++get[]+++request{"_C":"Money","_A":"selectOne","openid":"oeDcV0Zc4eR8nIigyAVbHx0c5oAc"}---
1111111111111----run in----2018-01-13 00:09:51+++files[]+++get[]+++request{"_C":"My","_A":"selectIn","_LIMIT":"0,20","openid":"oeDcV0Zc4eR8nIigyAVbHx0c5oAc"}---
1111111111111----run in----2018-01-13 00:09:53+++files[]+++get[]+++request{"_C":"Money","_A":"selectOne","openid":"oeDcV0Zc4eR8nIigyAVbHx0c5oAc"}---
1111111111111----run in----2018-01-13 00:09:56+++files[]+++get[]+++request{"_C":"Money","_A":"selectOne","openid":"oeDcV0Zc4eR8nIigyAVbHx0c5oAc"}---
1111111111111----run in----2018-01-13 00:11:10+++files[]+++get[]+++request{"_C":"Money","_A":"selectOne","openid":"oeDcV0Zc4eR8nIigyAVbHx0c5oAc"}---
1111111111111----run in----2018-01-13 10:16:35+++files[]+++get[]+++request{"_C":"User","_A":"selectOne","openid":"oeDcV0TIhZCvU1UFnqrdS_fKJxW0"}---
1111111111111----run in----2018-01-13 10:16:38+++files[]+++get[]+++request{"_C":"Act","_A":"select","_LIMIT":"0,10","_FILTER":"","openid":"oeDcV0TIhZCvU1UFnqrdS_fKJxW0"}---
1111111111111----run in----2018-01-13 10:17:00+++files[]+++get[]+++request{"_C":"Money","_A":"selectOne","openid":"oeDcV0TIhZCvU1UFnqrdS_fKJxW0"}---
1111111111111----run in----2018-01-13 10:17:02+++files[]+++get[]+++request{"_C":"Act","_A":"select","_LIMIT":"0,10","_FILTER":"","openid":"oeDcV0TIhZCvU1UFnqrdS_fKJxW0"}---
1111111111111----run in----2018-01-13 10:17:03+++files[]+++get[]+++request{"_C":"User","_A":"selectOne","openid":"oeDcV0TIhZCvU1UFnqrdS_fKJxW0"}---
1111111111111----run in----2018-01-13 10:17:04+++files[]+++get[]+++request{"_C":"Act","_A":"select","_LIMIT":"0,10","_FILTER":"","openid":"oeDcV0TIhZCvU1UFnqrdS_fKJxW0"}---
1111111111111----run in----2018-01-13 10:17:06+++files[]+++get[]+++request{"_C":"Money","_A":"selectOne","openid":"oeDcV0TIhZCvU1UFnqrdS_fKJxW0"}---
1111111111111----run in----2018-01-13 10:17:07+++files[]+++get[]+++request{"_C":"Act","_A":"select","_LIMIT":"0,10","_FILTER":"","openid":"oeDcV0TIhZCvU1UFnqrdS_fKJxW0"}---
1111111111111----run in----2018-01-13 10:17:07+++files[]+++get[]+++request{"_C":"User","_A":"selectOne","openid":"oeDcV0TIhZCvU1UFnqrdS_fKJxW0"}---
1111111111111----run in----2018-01-13 10:17:08+++files[]+++get[]+++request{"_C":"Act","_A":"select","_LIMIT":"0,10","_FILTER":"","openid":"oeDcV0TIhZCvU1UFnqrdS_fKJxW0"}---
1111111111111----run in----2018-01-13 10:17:13+++files[]+++get[]+++request{"_C":"Act","_A":"selectOne","id":"45","group_id":"","openid":"oeDcV0TIhZCvU1UFnqrdS_fKJxW0"}---
1111111111111----run in----2018-01-13 10:17:41+++files[]+++get[]+++request{"_C":"Act","_A":"select","_LIMIT":"0,10","_FILTER":"","openid":"oeDcV0TIhZCvU1UFnqrdS_fKJxW0"}---
1111111111111----run in----2018-01-13 10:17:42+++files[]+++get[]+++request{"_C":"Money","_A":"selectOne","openid":"oeDcV0TIhZCvU1UFnqrdS_fKJxW0"}---
1111111111111----run in----2018-01-13 10:17:43+++files[]+++get[]+++request{"_C":"User","_A":"selectOne","openid":"oeDcV0TIhZCvU1UFnqrdS_fKJxW0"}---
1111111111111----run in----2018-01-13 10:17:54+++files[]+++get[]+++request{"_C":"Money","_A":"selectOne","openid":"oeDcV0TIhZCvU1UFnqrdS_fKJxW0"}---
1111111111111----run in----2018-01-13 10:17:55+++files[]+++get[]+++request{"_C":"User","_A":"selectOne","openid":"oeDcV0TIhZCvU1UFnqrdS_fKJxW0"}---
1111111111111----run in----2018-01-13 10:17:56+++files[]+++get[]+++request{"_C":"Act","_A":"select","_LIMIT":"0,10","_FILTER":"","openid":"oeDcV0TIhZCvU1UFnqrdS_fKJxW0"}---
1111111111111----run in----2018-01-13 10:17:57+++files[]+++get[]+++request{"_C":"User","_A":"selectOne","openid":"oeDcV0TIhZCvU1UFnqrdS_fKJxW0"}---
1111111111111----run in----2018-01-13 10:17:57+++files[]+++get[]+++request{"_C":"Act","_A":"select","_LIMIT":"0,10","_FILTER":"","openid":"oeDcV0TIhZCvU1UFnqrdS_fKJxW0"}---
1111111111111----run in----2018-01-13 10:59:21+++files[]+++get[]+++request{"_C":"Act","_A":"select","_LIMIT":"0,10","_FILTER":"","openid":"oeDcV0TIhZCvU1UFnqrdS_fKJxW0"}---
1111111111111----run in----2018-01-13 12:34:45+++files[]+++get[]+++request{"_C":"User","_A":"selectOne","openid":"oeDcV0Zc4eR8nIigyAVbHx0c5oAc"}---
1111111111111----run in----2018-01-13 12:34:54+++files[]+++get[]+++request{"_C":"User","_A":"selectOne","openid":"oeDcV0Zc4eR8nIigyAVbHx0c5oAc"}---
1111111111111----run in----2018-01-13 12:35:17+++files{"file":{"name":"tmp_edc88e04d20d70208b72b626b31ecec16e807b23eaa66f3d.png","type":"image\/png","tmp_name":"\/tmp\/phpY6vX9F","error":0,"size":731591}}+++get[]+++request{"_C":"Pic","path":"act\/poster","_A":"upload","openid":"oeDcV0Zc4eR8nIigyAVbHx0c5oAc"}---
2018-01-13 12:35:17:{"file":{"name":"tmp_edc88e04d20d70208b72b626b31ecec16e807b23eaa66f3d.png","type":"image\/png","tmp_name":"\/tmp\/phpY6vX9F","error":0,"size":731591}}
1111111111111----run in----2018-01-13 12:35:17+++files[]+++get[]+++request{"_C":"Pay","_A":"get","money":"0.01","openid":"oeDcV0Zc4eR8nIigyAVbHx0c5oAc"}---
1111111111111----run in----2018-01-13 12:35:46+++files{"file":{"name":"tmp_e1643727a250795601f7f9cfc1032a9677d4bd6d1095b76e.jpg","type":"image\/jpg","tmp_name":"\/tmp\/php8q8uwc","error":0,"size":79998}}+++get[]+++request{"_C":"Pic","path":"act","_A":"upload","openid":"oeDcV0Zc4eR8nIigyAVbHx0c5oAc"}---
2018-01-13 12:35:46:{"file":{"name":"tmp_e1643727a250795601f7f9cfc1032a9677d4bd6d1095b76e.jpg","type":"image\/jpg","tmp_name":"\/tmp\/php8q8uwc","error":0,"size":79998}}
1111111111111----run in----2018-01-13 12:36:14+++files{"file":{"name":"tmp_edc88e04d20d70208b72b626b31ecec16e807b23eaa66f3d.png","type":"image\/png","tmp_name":"\/tmp\/phpLNH2AO","error":0,"size":731591}}+++get[]+++request{"_C":"Pic","path":"act\/poster","_A":"upload","openid":"oeDcV0Zc4eR8nIigyAVbHx0c5oAc"}---
2018-01-13 12:36:14:{"file":{"name":"tmp_edc88e04d20d70208b72b626b31ecec16e807b23eaa66f3d.png","type":"image\/png","tmp_name":"\/tmp\/phpLNH2AO","error":0,"size":731591}}
1111111111111----run in----2018-01-13 12:36:15+++files[]+++get[]+++request{"_C":"Pay","_A":"get","money":"0.01","openid":"oeDcV0Zc4eR8nIigyAVbHx0c5oAc"}---
1111111111111----run in----2018-01-13 12:36:30+++files{"file":{"name":"tmp_edc88e04d20d70208b72b626b31ecec16e807b23eaa66f3d.png","type":"image\/png","tmp_name":"\/tmp\/php1km6Nq","error":0,"size":731591}}+++get[]+++request{"_C":"Pic","path":"act\/poster","_A":"upload","openid":"oeDcV0Zc4eR8nIigyAVbHx0c5oAc"}---
2018-01-13 12:36:30:{"file":{"name":"tmp_edc88e04d20d70208b72b626b31ecec16e807b23eaa66f3d.png","type":"image\/png","tmp_name":"\/tmp\/php1km6Nq","error":0,"size":731591}}
1111111111111----run in----2018-01-13 12:36:31+++files[]+++get[]+++request{"_C":"Pay","_A":"get","money":"0.01","openid":"oeDcV0Zc4eR8nIigyAVbHx0c5oAc"}---
1111111111111----run in----2018-01-13 12:36:39+++files[]+++get[]+++request{"_C":"Act","_A":"insertOne","_DATA":"{\"type\":\"poster\",\"degree_type\":\"3*3\",\"pay_total\":\"53.55\",\"pay_fee\":\"1.07\",\"award_first\":\"2.00\",\"award_two\":\"1.00\",\"award_third\":\"0.50\",\"award_all\":\"0.25\",\"num_group\":10,\"num_person\":100,\"limit_sex\":\"2\",\"limit_distance\":\"\",\"description\":\"\",\"pic\":\"act\/poster\/tmp_edc88e04d20d70208b72b626b31ecec16e807b23eaa66f3d.png\",\"description_pic\":[\"act\/tmp_e1643727a250795601f7f9cfc1032a9677d4bd6d1095b76e.jpg\"],\"openid\":\"oeDcV0Zc4eR8nIigyAVbHx0c5oAc\"}","openid":"oeDcV0Zc4eR8nIigyAVbHx0c5oAc"}---
1111111111111----run in----2018-01-13 12:36:41+++files[]+++get[]+++request{"_C":"Code2d","_A":"get","_DATA":"{\"path\":\"pages\/share\/share?aid=46\",\"openid\":\"oeDcV0Zc4eR8nIigyAVbHx0c5oAc\"}","openid":"oeDcV0Zc4eR8nIigyAVbHx0c5oAc"}---
1111111111111----run in----2018-01-13 12:36:46+++files[]+++get[]+++request{"_C":"Act","_A":"selectOne","id":"46","group_id":"","openid":"oeDcV0Zc4eR8nIigyAVbHx0c5oAc"}---
1111111111111----run in----2018-01-13 12:37:08+++files[]+++get[]+++request{"_C":"Code2d","_A":"get","_DATA":"{\"path\":\"pages\/share\/share?aid=46\",\"openid\":\"oeDcV0Zc4eR8nIigyAVbHx0c5oAc\"}","openid":"oeDcV0Zc4eR8nIigyAVbHx0c5oAc"}---
1111111111111----run in----2018-01-13 12:37:27+++files{"file":{"name":"tmp_edc88e04d20d70208b72b626b31ecec16e807b23eaa66f3d.png","type":"image\/png","tmp_name":"\/tmp\/phpklnsXD","error":0,"size":731591}}+++get[]+++request{"_C":"Pic","path":"act\/poster","_A":"upload","openid":"oeDcV0Zc4eR8nIigyAVbHx0c5oAc"}---
2018-01-13 12:37:27:{"file":{"name":"tmp_edc88e04d20d70208b72b626b31ecec16e807b23eaa66f3d.png","type":"image\/png","tmp_name":"\/tmp\/phpklnsXD","error":0,"size":731591}}
1111111111111----run in----2018-01-13 12:37:28+++files[]+++get[]+++request{"_C":"Pay","_A":"get","money":"0.01","openid":"oeDcV0Zc4eR8nIigyAVbHx0c5oAc"}---
1111111111111----run in----2018-01-13 12:37:37+++files[]+++get[]+++request{"_C":"Act","_A":"insertOne","_DATA":"{\"type\":\"poster\",\"degree_type\":\"3*3\",\"pay_total\":\"53.55\",\"pay_fee\":\"1.07\",\"award_first\":\"2.00\",\"award_two\":\"1.00\",\"award_third\":\"0.50\",\"award_all\":\"0.25\",\"num_group\":10,\"num_person\":100,\"limit_sex\":\"1\",\"limit_distance\":\"\",\"description\":\"\",\"pic\":\"act\/poster\/tmp_edc88e04d20d70208b72b626b31ecec16e807b23eaa66f3d.png\",\"description_pic\":[\"act\/tmp_e1643727a250795601f7f9cfc1032a9677d4bd6d1095b76e.jpg\"],\"openid\":\"oeDcV0Zc4eR8nIigyAVbHx0c5oAc\"}","openid":"oeDcV0Zc4eR8nIigyAVbHx0c5oAc"}---
1111111111111----run in----2018-01-13 12:37:38+++files[]+++get[]+++request{"_C":"Code2d","_A":"get","_DATA":"{\"path\":\"pages\/share\/share?aid=47\",\"openid\":\"oeDcV0Zc4eR8nIigyAVbHx0c5oAc\"}","openid":"oeDcV0Zc4eR8nIigyAVbHx0c5oAc"}---
1111111111111----run in----2018-01-13 12:37:44+++files[]+++get[]+++request{"_C":"Act","_A":"selectOne","id":"47","group_id":"","openid":"oeDcV0Zc4eR8nIigyAVbHx0c5oAc"}---
1111111111111----run in----2018-01-13 12:38:18+++files[]+++get[]+++request{"_C":"Act","_A":"insertUser","_DATA":"{\"act_id\":\"47\",\"group_id\":443,\"use_time\":27,\"openid\":\"oeDcV0Zc4eR8nIigyAVbHx0c5oAc\"}","openid":"oeDcV0Zc4eR8nIigyAVbHx0c5oAc"}---
1111111111111----run in----2018-01-13 12:38:19+++files[]+++get[]+++request{"_C":"Act","_A":"selectOne","id":"47","group_id":"443","openid":"oeDcV0Zc4eR8nIigyAVbHx0c5oAc"}---
1111111111111----run in----2018-01-13 12:38:42+++files[]+++get[]+++request{"_C":"Act","_A":"selectOne","id":"47","group_id":"443","openid":"oeDcV0Zc4eR8nIigyAVbHx0c5oAc"}---
1111111111111----run in----2018-01-13 12:39:04+++files[]+++get[]+++request{"_C":"User","_A":"selectOne","openid":"oeDcV0Zc4eR8nIigyAVbHx0c5oAc"}---
1111111111111----run in----2018-01-13 12:39:17+++files[]+++get[]+++request{"_C":"User","_A":"selectOne","openid":"oeDcV0Zc4eR8nIigyAVbHx0c5oAc"}---
1111111111111----run in----2018-01-13 12:39:25+++files[]+++get[]+++request{"_C":"User","_A":"selectOne","openid":"oeDcV0Zc4eR8nIigyAVbHx0c5oAc"}---
1111111111111----run in----2018-01-13 12:39:31+++files[]+++get[]+++request{"_C":"Act","_A":"select","_LIMIT":"0,10","_FILTER":"","openid":"oeDcV0Zc4eR8nIigyAVbHx0c5oAc"}---
1111111111111----run in----2018-01-13 12:39:45+++files[]+++get[]+++request{"_C":"Act","_A":"selectOne","id":"47","group_id":"","openid":"oeDcV0Zc4eR8nIigyAVbHx0c5oAc"}---
1111111111111----run in----2018-01-13 12:39:59+++files[]+++get[]+++request{"_C":"Act","_A":"select","_LIMIT":"0,10","_FILTER":"","openid":"oeDcV0Zc4eR8nIigyAVbHx0c5oAc"}---
1111111111111----run in----2018-01-13 12:42:49+++files[]+++get[]+++request{"_C":"Money","_A":"selectOne","openid":"oeDcV0Zc4eR8nIigyAVbHx0c5oAc"}---
1111111111111----run in----2018-01-13 12:42:49+++files[]+++get[]+++request{"_C":"User","_A":"selectOne","openid":"oeDcV0Zc4eR8nIigyAVbHx0c5oAc"}---
1111111111111----run in----2018-01-13 12:42:54+++files[]+++get[]+++request{"_C":"My","_A":"selectOut","_LIMIT":"0,20","openid":"oeDcV0Zc4eR8nIigyAVbHx0c5oAc"}---
1111111111111----run in----2018-01-13 12:43:08+++files[]+++get[]+++request{"_C":"Money","_A":"selectOne","openid":"oeDcV0Zc4eR8nIigyAVbHx0c5oAc"}---
1111111111111----run in----2018-01-13 12:43:12+++files[]+++get[]+++request{"_C":"My","_A":"selectIn","_LIMIT":"0,20","openid":"oeDcV0Zc4eR8nIigyAVbHx0c5oAc"}---
1111111111111----run in----2018-01-13 12:43:23+++files[]+++get[]+++request{"_C":"Money","_A":"selectOne","openid":"oeDcV0Zc4eR8nIigyAVbHx0c5oAc"}---
1111111111111----run in----2018-01-13 12:44:34+++files[]+++get[]+++request{"_C":"Money","_A":"selectOne","openid":"oeDcV0Zc4eR8nIigyAVbHx0c5oAc"}---
1111111111111----run in----2018-01-13 12:47:20+++files[]+++get[]+++request{"_C":"Money","_A":"selectOne","openid":"oeDcV0Zc4eR8nIigyAVbHx0c5oAc"}---
