1111111111111----run in----2018-01-16 09:02:43+++files[]+++get[]+++request{"_C":"User","_A":"selectOne","openid":"oeDcV0W0lW2u-WnondVku8uZZo4k"}---
1111111111111----run in----2018-01-16 09:12:18+++files[]+++get[]+++request{"_C":"Act","_A":"selectOne","id":"31","group_id":"","openid":"oeDcV0W0lW2u-WnondVku8uZZo4k"}---
1111111111111----run in----2018-01-16 09:17:48+++files[]+++get[]+++request{"_C":"Act","_A":"selectOne","id":"31","group_id":"","openid":"oeDcV0W0lW2u-WnondVku8uZZo4k"}---
1111111111111----run in----2018-01-16 09:18:44+++files[]+++get[]+++request{"_C":"Act","_A":"selectOne","id":"31","group_id":"292","openid":"oeDcV0W0lW2u-WnondVku8uZZo4k"}---
1111111111111----run in----2018-01-16 09:43:02+++files[]+++get[]+++request{"_C":"Act","_A":"selectOne","id":"31","group_id":"292","openid":"oeDcV0W0lW2u-WnondVku8uZZo4k"}---
1111111111111----run in----2018-01-16 09:53:12+++files[]+++get[]+++request{"_C":"Act","_A":"selectOne","id":"31","group_id":"","openid":"oeDcV0W0lW2u-WnondVku8uZZo4k"}---
1111111111111----run in----2018-01-16 09:53:48+++files[]+++get[]+++request{"_C":"Act","_A":"selectOne","id":"31","group_id":"","openid":"oeDcV0W0lW2u-WnondVku8uZZo4k"}---
1111111111111----run in----2018-01-16 09:55:29+++files[]+++get[]+++request{"_C":"Act","_A":"selectOne","id":"31","group_id":"","openid":"oeDcV0W0lW2u-WnondVku8uZZo4k"}---
1111111111111----run in----2018-01-16 09:57:14+++files[]+++get[]+++request{"_C":"Act","_A":"selectOne","id":"31","group_id":"","openid":"oeDcV0W0lW2u-WnondVku8uZZo4k"}---
1111111111111----run in----2018-01-16 09:58:16+++files[]+++get[]+++request{"_C":"Act","_A":"selectOne","id":"31","group_id":"","openid":"oeDcV0W0lW2u-WnondVku8uZZo4k"}---
1111111111111----run in----2018-01-16 09:59:35+++files[]+++get[]+++request{"_C":"Act","_A":"selectOne","id":"31","group_id":"","openid":"oeDcV0W0lW2u-WnondVku8uZZo4k"}---
1111111111111----run in----2018-01-16 10:01:22+++files[]+++get[]+++request{"_C":"Act","_A":"selectOne","id":"31","group_id":"","openid":"oeDcV0W0lW2u-WnondVku8uZZo4k"}---
1111111111111----run in----2018-01-16 10:05:30+++files[]+++get[]+++request{"_C":"Act","_A":"selectOne","id":"31","group_id":"","openid":"oeDcV0W0lW2u-WnondVku8uZZo4k"}---
1111111111111----run in----2018-01-16 10:05:37+++files[]+++get[]+++request{"_C":"Act","_A":"selectOne","id":"31","group_id":"","openid":"oeDcV0W0lW2u-WnondVku8uZZo4k"}---
1111111111111----run in----2018-01-16 10:05:45+++files[]+++get[]+++request{"_C":"Act","_A":"selectOne","id":"31","group_id":"","openid":"oeDcV0W0lW2u-WnondVku8uZZo4k"}---
1111111111111----run in----2018-01-16 10:05:53+++files[]+++get[]+++request{"_C":"Act","_A":"selectOne","id":"31","group_id":"","openid":"oeDcV0W0lW2u-WnondVku8uZZo4k"}---
1111111111111----run in----2018-01-16 10:05:59+++files[]+++get[]+++request{"_C":"Act","_A":"selectOne","id":"31","group_id":"","openid":"oeDcV0W0lW2u-WnondVku8uZZo4k"}---
1111111111111----run in----2018-01-16 10:06:10+++files[]+++get[]+++request{"_C":"Act","_A":"selectOne","id":"31","group_id":"","openid":"oeDcV0W0lW2u-WnondVku8uZZo4k"}---
1111111111111----run in----2018-01-16 10:06:20+++files[]+++get[]+++request{"_C":"Act","_A":"selectOne","id":"31","group_id":"","openid":"oeDcV0W0lW2u-WnondVku8uZZo4k"}---
1111111111111----run in----2018-01-16 10:06:25+++files[]+++get[]+++request{"_C":"Act","_A":"selectOne","id":"31","group_id":"","openid":"oeDcV0W0lW2u-WnondVku8uZZo4k"}---
1111111111111----run in----2018-01-16 10:06:31+++files[]+++get[]+++request{"_C":"Act","_A":"selectOne","id":"31","group_id":"","openid":"oeDcV0W0lW2u-WnondVku8uZZo4k"}---
1111111111111----run in----2018-01-16 10:06:45+++files[]+++get[]+++request{"_C":"Act","_A":"selectOne","id":"31","group_id":"","openid":"oeDcV0W0lW2u-WnondVku8uZZo4k"}---
1111111111111----run in----2018-01-16 10:07:14+++files[]+++get[]+++request{"_C":"Act","_A":"selectOne","id":"31","group_id":"","openid":"oeDcV0W0lW2u-WnondVku8uZZo4k"}---
1111111111111----run in----2018-01-16 10:25:08+++files[]+++get[]+++request{"_C":"Act","_A":"selectOne","id":"31","group_id":"","openid":"oeDcV0W0lW2u-WnondVku8uZZo4k"}---
1111111111111----run in----2018-01-16 10:27:15+++files[]+++get[]+++request{"_C":"Act","_A":"selectOne","id":"31","group_id":"","openid":"oeDcV0W0lW2u-WnondVku8uZZo4k"}---
1111111111111----run in----2018-01-16 10:27:16+++files[]+++get[]+++request{"_C":"User","_A":"selectOne","openid":"oeDcV0W0lW2u-WnondVku8uZZo4k"}---
1111111111111----run in----2018-01-16 10:27:22+++files[]+++get[]+++request{"_C":"User","_A":"selectOne","openid":"oeDcV0W0lW2u-WnondVku8uZZo4k"}---
1111111111111----run in----2018-01-16 10:29:53+++files[]+++get[]+++request{"_C":"User","_A":"selectOne","openid":"oeDcV0W0lW2u-WnondVku8uZZo4k"}---
1111111111111----run in----2018-01-16 10:30:45+++files[]+++get[]+++request{"_C":"User","_A":"selectOne","openid":"oeDcV0W0lW2u-WnondVku8uZZo4k"}---
1111111111111----run in----2018-01-16 10:37:14+++files[]+++get[]+++request{"_C":"Act","_A":"selectOne","id":"31","group_id":"","openid":"oeDcV0W0lW2u-WnondVku8uZZo4k"}---
1111111111111----run in----2018-01-16 10:42:17+++files[]+++get[]+++request{"_C":"Code2d","_A":"get","_DATA":"{\"path\":\"pages\/share\/share?aid=2\",\"openid\":\"oeDcV0W0lW2u-WnondVku8uZZo4k\"}","openid":"oeDcV0W0lW2u-WnondVku8uZZo4k"}---
1111111111111----run in----2018-01-16 10:43:24+++files[]+++get[]+++request{"_C":"Code2d","_A":"get","_DATA":"{\"path\":\"pages\/share\/share?aid=2\",\"openid\":\"oeDcV0W0lW2u-WnondVku8uZZo4k\"}","openid":"oeDcV0W0lW2u-WnondVku8uZZo4k"}---
1111111111111----run in----2018-01-16 10:46:37+++files[]+++get[]+++request{"_C":"Code2d","_A":"get","_DATA":"{\"path\":\"pages\/share\/share?aid=2\",\"openid\":\"oeDcV0W0lW2u-WnondVku8uZZo4k\"}","openid":"oeDcV0W0lW2u-WnondVku8uZZo4k"}---
1111111111111----run in----2018-01-16 10:47:11+++files[]+++get[]+++request{"_C":"Code2d","_A":"get","_DATA":"{\"path\":\"pages\/share\/share?aid=2\",\"openid\":\"oeDcV0W0lW2u-WnondVku8uZZo4k\"}","openid":"oeDcV0W0lW2u-WnondVku8uZZo4k"}---
1111111111111----run in----2018-01-16 10:47:32+++files[]+++get[]+++request{"_C":"Code2d","_A":"get","_DATA":"{\"path\":\"pages\/share\/share?aid=2\",\"openid\":\"oeDcV0W0lW2u-WnondVku8uZZo4k\"}","openid":"oeDcV0W0lW2u-WnondVku8uZZo4k"}---
1111111111111----run in----2018-01-16 10:47:45+++files[]+++get[]+++request{"_C":"Code2d","_A":"get","_DATA":"{\"path\":\"pages\/share\/share?aid=2\",\"openid\":\"oeDcV0W0lW2u-WnondVku8uZZo4k\"}","openid":"oeDcV0W0lW2u-WnondVku8uZZo4k"}---
1111111111111----run in----2018-01-16 10:48:44+++files[]+++get[]+++request{"_C":"Code2d","_A":"get","_DATA":"{\"path\":\"pages\/share\/share?aid=2\",\"openid\":\"oeDcV0W0lW2u-WnondVku8uZZo4k\"}","openid":"oeDcV0W0lW2u-WnondVku8uZZo4k"}---
1111111111111----run in----2018-01-16 10:48:53+++files[]+++get[]+++request{"_C":"Code2d","_A":"get","_DATA":"{\"path\":\"pages\/share\/share?aid=2\",\"openid\":\"oeDcV0W0lW2u-WnondVku8uZZo4k\"}","openid":"oeDcV0W0lW2u-WnondVku8uZZo4k"}---
1111111111111----run in----2018-01-16 10:49:07+++files[]+++get[]+++request{"_C":"Code2d","_A":"get","_DATA":"{\"path\":\"pages\/share\/share?aid=2\",\"openid\":\"oeDcV0W0lW2u-WnondVku8uZZo4k\"}","openid":"oeDcV0W0lW2u-WnondVku8uZZo4k"}---
1111111111111----run in----2018-01-16 10:49:32+++files[]+++get[]+++request{"_C":"Code2d","_A":"get","_DATA":"{\"path\":\"pages\/share\/share?aid=2\",\"openid\":\"oeDcV0W0lW2u-WnondVku8uZZo4k\"}","openid":"oeDcV0W0lW2u-WnondVku8uZZo4k"}---
1111111111111----run in----2018-01-16 10:49:38+++files[]+++get[]+++request{"_C":"Code2d","_A":"get","_DATA":"{\"path\":\"pages\/share\/share?aid=2\",\"openid\":\"oeDcV0W0lW2u-WnondVku8uZZo4k\"}","openid":"oeDcV0W0lW2u-WnondVku8uZZo4k"}---
1111111111111----run in----2018-01-16 10:50:06+++files[]+++get[]+++request{"_C":"Code2d","_A":"get","_DATA":"{\"path\":\"pages\/share\/share?aid=2\",\"openid\":\"oeDcV0W0lW2u-WnondVku8uZZo4k\"}","openid":"oeDcV0W0lW2u-WnondVku8uZZo4k"}---
1111111111111----run in----2018-01-16 10:50:34+++files[]+++get[]+++request{"_C":"Code2d","_A":"get","_DATA":"{\"path\":\"pages\/share\/share?aid=2\",\"openid\":\"oeDcV0W0lW2u-WnondVku8uZZo4k\"}","openid":"oeDcV0W0lW2u-WnondVku8uZZo4k"}---
1111111111111----run in----2018-01-16 10:50:43+++files[]+++get[]+++request{"_C":"Code2d","_A":"get","_DATA":"{\"path\":\"pages\/share\/share?aid=2\",\"openid\":\"oeDcV0W0lW2u-WnondVku8uZZo4k\"}","openid":"oeDcV0W0lW2u-WnondVku8uZZo4k"}---
1111111111111----run in----2018-01-16 10:51:49+++files[]+++get[]+++request{"_C":"Code2d","_A":"get","_DATA":"{\"path\":\"pages\/share\/share?aid=2\",\"openid\":\"oeDcV0W0lW2u-WnondVku8uZZo4k\"}","openid":"oeDcV0W0lW2u-WnondVku8uZZo4k"}---
1111111111111----run in----2018-01-16 10:51:57+++files[]+++get[]+++request{"_C":"Act","_A":"selectOne","id":"31","group_id":"","openid":"oeDcV0W0lW2u-WnondVku8uZZo4k"}---
1111111111111----run in----2018-01-16 11:07:10+++files[]+++get[]+++request{"_C":"Code2d","_A":"get","_DATA":"{\"path\":\"pages\/share\/share?aid=2\",\"openid\":\"oeDcV0W0lW2u-WnondVku8uZZo4k\"}","openid":"oeDcV0W0lW2u-WnondVku8uZZo4k"}---
1111111111111----run in----2018-01-16 11:07:24+++files[]+++get[]+++request{"_C":"Code2d","_A":"get","_DATA":"{\"path\":\"pages\/share\/share?aid=2\",\"openid\":\"oeDcV0W0lW2u-WnondVku8uZZo4k\"}","openid":"oeDcV0W0lW2u-WnondVku8uZZo4k"}---
1111111111111----run in----2018-01-16 11:09:56+++files[]+++get[]+++request{"_C":"Act","_A":"selectOne","id":"31","group_id":"","openid":"oeDcV0W0lW2u-WnondVku8uZZo4k"}---
1111111111111----run in----2018-01-16 11:12:00+++files[]+++get[]+++request{"_C":"Act","_A":"selectOne","id":"31","group_id":"","openid":"oeDcV0W0lW2u-WnondVku8uZZo4k"}---
1111111111111----run in----2018-01-16 11:12:25+++files[]+++get[]+++request{"_C":"Act","_A":"selectOne","id":"31","group_id":"","openid":"oeDcV0W0lW2u-WnondVku8uZZo4k"}---
1111111111111----run in----2018-01-16 11:22:32+++files[]+++get[]+++request{"_C":"Act","_A":"selectOne","id":"31","group_id":"","openid":"oeDcV0W0lW2u-WnondVku8uZZo4k"}---
1111111111111----run in----2018-01-16 11:22:48+++files[]+++get[]+++request{"_C":"Act","_A":"selectOne","id":"31","group_id":"","openid":"oeDcV0W0lW2u-WnondVku8uZZo4k"}---
1111111111111----run in----2018-01-16 11:23:00+++files[]+++get[]+++request{"_C":"Act","_A":"selectOne","id":"31","group_id":"","openid":"oeDcV0W0lW2u-WnondVku8uZZo4k"}---
1111111111111----run in----2018-01-16 11:23:52+++files[]+++get[]+++request{"_C":"Act","_A":"selectOne","id":"31","group_id":"","openid":"oeDcV0W0lW2u-WnondVku8uZZo4k"}---
1111111111111----run in----2018-01-16 11:24:09+++files[]+++get[]+++request{"_C":"Act","_A":"selectOne","id":"31","group_id":"","openid":"oeDcV0W0lW2u-WnondVku8uZZo4k"}---
1111111111111----run in----2018-01-16 11:24:30+++files[]+++get[]+++request{"_C":"Act","_A":"selectOne","id":"31","group_id":"","openid":"oeDcV0W0lW2u-WnondVku8uZZo4k"}---
1111111111111----run in----2018-01-16 11:25:42+++files[]+++get[]+++request{"_C":"Act","_A":"selectOne","id":"31","group_id":"","openid":"oeDcV0W0lW2u-WnondVku8uZZo4k"}---
1111111111111----run in----2018-01-16 11:25:57+++files[]+++get[]+++request{"_C":"Act","_A":"selectOne","id":"31","group_id":"","openid":"oeDcV0W0lW2u-WnondVku8uZZo4k"}---
1111111111111----run in----2018-01-16 11:30:35+++files[]+++get[]+++request{"_C":"Act","_A":"selectOne","id":"31","group_id":"292","openid":"oeDcV0W0lW2u-WnondVku8uZZo4k"}---
1111111111111----run in----2018-01-16 11:31:26+++files[]+++get[]+++request{"_C":"User","_A":"selectOne","openid":"oeDcV0W0lW2u-WnondVku8uZZo4k"}---
1111111111111----run in----2018-01-16 11:31:29+++files[]+++get[]+++request{"_C":"Act","_A":"selectOne","id":"31","group_id":"","openid":"oeDcV0W0lW2u-WnondVku8uZZo4k"}---
1111111111111----run in----2018-01-16 11:32:35+++files[]+++get[]+++request{"_C":"Act","_A":"selectOne","id":"31","group_id":"","openid":"oeDcV0W0lW2u-WnondVku8uZZo4k"}---
1111111111111----run in----2018-01-16 11:33:17+++files[]+++get[]+++request{"_C":"Act","_A":"selectOne","id":"31","group_id":"","openid":"oeDcV0W0lW2u-WnondVku8uZZo4k"}---
1111111111111----run in----2018-01-16 11:34:09+++files[]+++get[]+++request{"_C":"Act","_A":"selectOne","id":"31","group_id":"","openid":"oeDcV0W0lW2u-WnondVku8uZZo4k"}---
1111111111111----run in----2018-01-16 11:46:08+++files[]+++get[]+++request{"_C":"Act","_A":"selectOne","id":"31","group_id":"","openid":"oeDcV0W0lW2u-WnondVku8uZZo4k"}---
1111111111111----run in----2018-01-16 11:46:28+++files[]+++get[]+++request{"_C":"Act","_A":"selectOne","id":"31","group_id":"","openid":"oeDcV0W0lW2u-WnondVku8uZZo4k"}---
1111111111111----run in----2018-01-16 11:52:08+++files[]+++get[]+++request{"_C":"Act","_A":"selectOne","id":"31","group_id":"","openid":"oeDcV0W0lW2u-WnondVku8uZZo4k"}---
1111111111111----run in----2018-01-16 11:54:29+++files[]+++get[]+++request{"_C":"Act","_A":"selectOne","id":"31","group_id":"","openid":"oeDcV0W0lW2u-WnondVku8uZZo4k"}---
1111111111111----run in----2018-01-16 11:57:36+++files[]+++get[]+++request{"_C":"Act","_A":"selectOne","id":"31","group_id":"","openid":"oeDcV0W0lW2u-WnondVku8uZZo4k"}---
1111111111111----run in----2018-01-16 11:57:55+++files[]+++get[]+++request{"_C":"Act","_A":"selectOne","id":"31","group_id":"292","openid":"oeDcV0W0lW2u-WnondVku8uZZo4k"}---
1111111111111----run in----2018-01-16 11:57:59+++files[]+++get[]+++request{"_C":"Act","_A":"selectOne","id":"31","group_id":"292","openid":"oeDcV0W0lW2u-WnondVku8uZZo4k"}---
1111111111111----run in----2018-01-16 11:58:13+++files[]+++get[]+++request{"_C":"Act","_A":"selectOne","id":"31","group_id":"","openid":"oeDcV0W0lW2u-WnondVku8uZZo4k"}---
1111111111111----run in----2018-01-16 12:00:16+++files[]+++get[]+++request{"_C":"Act","_A":"select","_LIMIT":"0,10","_FILTER":"","openid":"oeDcV0W0lW2u-WnondVku8uZZo4k"}---
1111111111111----run in----2018-01-16 12:00:18+++files[]+++get[]+++request{"_C":"User","_A":"selectOne","openid":"oeDcV0W0lW2u-WnondVku8uZZo4k"}---
1111111111111----run in----2018-01-16 12:00:20+++files[]+++get[]+++request{"_C":"Act","_A":"selectOne","id":"48","group_id":"","openid":"oeDcV0W0lW2u-WnondVku8uZZo4k"}---
1111111111111----run in----2018-01-16 12:01:02+++files[]+++get[]+++request{"_C":"Act","_A":"selectOne","id":"31","group_id":"","openid":"oeDcV0W0lW2u-WnondVku8uZZo4k"}---
1111111111111----run in----2018-01-16 12:01:27+++files[]+++get[]+++request{"_C":"Act","_A":"selectOne","id":"31","group_id":"","openid":"oeDcV0W0lW2u-WnondVku8uZZo4k"}---
1111111111111----run in----2018-01-16 12:03:30+++files[]+++get[]+++request{"_C":"User","_A":"selectOne","openid":"oeDcV0W0lW2u-WnondVku8uZZo4k"}---
1111111111111----run in----2018-01-16 12:03:32+++files[]+++get[]+++request{"_C":"Act","_A":"select","_LIMIT":"0,10","_FILTER":"","openid":"oeDcV0W0lW2u-WnondVku8uZZo4k"}---
1111111111111----run in----2018-01-16 12:03:36+++files[]+++get[]+++request{"_C":"Act","_A":"selectOne","id":"49","group_id":"","openid":"oeDcV0W0lW2u-WnondVku8uZZo4k"}---
1111111111111----run in----2018-01-16 12:04:38+++files[]+++get[]+++request{"_C":"Act","_A":"selectOne","id":"49","group_id":"456","openid":"oeDcV0W0lW2u-WnondVku8uZZo4k"}---
1111111111111----run in----2018-01-16 12:07:25+++files[]+++get[]+++request{"_C":"User","_A":"selectOne","openid":"oeDcV0TIhZCvU1UFnqrdS_fKJxW0"}---
1111111111111----run in----2018-01-16 12:14:48+++files[]+++get[]+++request{"_C":"User","_A":"selectOne","openid":"oeDcV0TIhZCvU1UFnqrdS_fKJxW0"}---
1111111111111----run in----2018-01-16 13:34:30+++files[]+++get[]+++request{"_C":"Act","_A":"selectOne","id":"31","group_id":"","openid":"oeDcV0W0lW2u-WnondVku8uZZo4k"}---
1111111111111----run in----2018-01-16 13:34:46+++files[]+++get[]+++request{"_C":"Act","_A":"selectOne","id":"31","group_id":"","openid":"oeDcV0W0lW2u-WnondVku8uZZo4k"}---
1111111111111----run in----2018-01-16 13:35:23+++files[]+++get[]+++request{"_C":"Act","_A":"selectOne","id":"31","group_id":"","openid":"oeDcV0W0lW2u-WnondVku8uZZo4k"}---
1111111111111----run in----2018-01-16 13:35:39+++files[]+++get[]+++request{"_C":"Act","_A":"selectOne","id":"31","group_id":"","openid":"oeDcV0W0lW2u-WnondVku8uZZo4k"}---
1111111111111----run in----2018-01-16 13:36:00+++files[]+++get[]+++request{"_C":"User","_A":"selectOne","openid":"oeDcV0W0lW2u-WnondVku8uZZo4k"}---
1111111111111----run in----2018-01-16 13:36:01+++files[]+++get[]+++request{"_C":"Act","_A":"select","_LIMIT":"0,10","_FILTER":"","openid":"oeDcV0W0lW2u-WnondVku8uZZo4k"}---
1111111111111----run in----2018-01-16 13:36:05+++files[]+++get[]+++request{"_C":"Act","_A":"selectOne","id":"49","group_id":"","openid":"oeDcV0W0lW2u-WnondVku8uZZo4k"}---
1111111111111----run in----2018-01-16 13:36:17+++files[]+++get[]+++request{"_C":"Act","_A":"select","_LIMIT":"0,10","_FILTER":"","openid":"oeDcV0W0lW2u-WnondVku8uZZo4k"}---
1111111111111----run in----2018-01-16 13:36:19+++files[]+++get[]+++request{"_C":"Act","_A":"selectOne","id":"43","group_id":"","openid":"oeDcV0W0lW2u-WnondVku8uZZo4k"}---
1111111111111----run in----2018-01-16 13:36:34+++files[]+++get[]+++request{"_C":"Act","_A":"select","_LIMIT":"0,10","_FILTER":"","openid":"oeDcV0W0lW2u-WnondVku8uZZo4k"}---
1111111111111----run in----2018-01-16 13:36:39+++files[]+++get[]+++request{"_C":"Act","_A":"selectOne","id":"46","group_id":"","openid":"oeDcV0W0lW2u-WnondVku8uZZo4k"}---
1111111111111----run in----2018-01-16 13:37:07+++files[]+++get[]+++request{"_C":"Act","_A":"selectOne","id":"46","group_id":"433","openid":"oeDcV0W0lW2u-WnondVku8uZZo4k"}---
1111111111111----run in----2018-01-16 13:37:19+++files[]+++get[]+++request{"_C":"Act","_A":"selectOne","id":"46","group_id":"433","openid":"oeDcV0W0lW2u-WnondVku8uZZo4k"}---
1111111111111----run in----2018-01-16 13:38:08+++files[]+++get[]+++request{"_C":"Act","_A":"select","_LIMIT":"0,10","_FILTER":"","openid":"oeDcV0W0lW2u-WnondVku8uZZo4k"}---
1111111111111----run in----2018-01-16 13:40:01+++files[]+++get[]+++request{"_C":"Act","_A":"select","_LIMIT":"0,10","_FILTER":"","openid":"oeDcV0W0lW2u-WnondVku8uZZo4k"}---
1111111111111----run in----2018-01-16 13:41:03+++files[]+++get[]+++request{"_C":"Code2d","_A":"get","_DATA":"{\"path\":\"pages\/share\/share?aid=2\",\"openid\":\"oeDcV0W0lW2u-WnondVku8uZZo4k\"}","openid":"oeDcV0W0lW2u-WnondVku8uZZo4k"}---
1111111111111----run in----2018-01-16 13:41:07+++files[]+++get[]+++request{"_C":"Code2d","_A":"get","_DATA":"{\"path\":\"pages\/share\/share?aid=2\",\"openid\":\"oeDcV0W0lW2u-WnondVku8uZZo4k\"}","openid":"oeDcV0W0lW2u-WnondVku8uZZo4k"}---
1111111111111----run in----2018-01-16 13:42:47+++files[]+++get[]+++request{"_C":"Code2d","_A":"get","_DATA":"{\"path\":\"pages\/share\/share?aid=2\",\"openid\":\"oeDcV0W0lW2u-WnondVku8uZZo4k\"}","openid":"oeDcV0W0lW2u-WnondVku8uZZo4k"}---
1111111111111----run in----2018-01-16 13:43:04+++files[]+++get[]+++request{"_C":"Code2d","_A":"get","_DATA":"{\"path\":\"pages\/share\/share?aid=2\",\"openid\":\"oeDcV0W0lW2u-WnondVku8uZZo4k\"}","openid":"oeDcV0W0lW2u-WnondVku8uZZo4k"}---
1111111111111----run in----2018-01-16 13:43:24+++files[]+++get[]+++request{"_C":"Code2d","_A":"get","_DATA":"{\"path\":\"pages\/share\/share?aid=2\",\"openid\":\"oeDcV0W0lW2u-WnondVku8uZZo4k\"}","openid":"oeDcV0W0lW2u-WnondVku8uZZo4k"}---
1111111111111----run in----2018-01-16 13:43:37+++files[]+++get[]+++request{"_C":"Code2d","_A":"get","_DATA":"{\"path\":\"pages\/share\/share?aid=2\",\"openid\":\"oeDcV0W0lW2u-WnondVku8uZZo4k\"}","openid":"oeDcV0W0lW2u-WnondVku8uZZo4k"}---
1111111111111----run in----2018-01-16 13:43:46+++files[]+++get[]+++request{"_C":"Code2d","_A":"get","_DATA":"{\"path\":\"pages\/share\/share?aid=2\",\"openid\":\"oeDcV0W0lW2u-WnondVku8uZZo4k\"}","openid":"oeDcV0W0lW2u-WnondVku8uZZo4k"}---
1111111111111----run in----2018-01-16 13:43:51+++files[]+++get[]+++request{"_C":"Code2d","_A":"get","_DATA":"{\"path\":\"pages\/share\/share?aid=2\",\"openid\":\"oeDcV0W0lW2u-WnondVku8uZZo4k\"}","openid":"oeDcV0W0lW2u-WnondVku8uZZo4k"}---
1111111111111----run in----2018-01-16 13:44:03+++files[]+++get[]+++request{"_C":"Code2d","_A":"get","_DATA":"{\"path\":\"pages\/share\/share?aid=2\",\"openid\":\"oeDcV0W0lW2u-WnondVku8uZZo4k\"}","openid":"oeDcV0W0lW2u-WnondVku8uZZo4k"}---
1111111111111----run in----2018-01-16 13:44:09+++files[]+++get[]+++request{"_C":"Code2d","_A":"get","_DATA":"{\"path\":\"pages\/share\/share?aid=2\",\"openid\":\"oeDcV0W0lW2u-WnondVku8uZZo4k\"}","openid":"oeDcV0W0lW2u-WnondVku8uZZo4k"}---
1111111111111----run in----2018-01-16 13:46:00+++files[]+++get[]+++request{"_C":"Code2d","_A":"get","_DATA":"{\"path\":\"pages\/share\/share?aid=2\",\"openid\":\"oeDcV0W0lW2u-WnondVku8uZZo4k\"}","openid":"oeDcV0W0lW2u-WnondVku8uZZo4k"}---
1111111111111----run in----2018-01-16 13:46:39+++files[]+++get[]+++request{"_C":"Code2d","_A":"get","_DATA":"{\"path\":\"pages\/share\/share?aid=2\",\"openid\":\"oeDcV0W0lW2u-WnondVku8uZZo4k\"}","openid":"oeDcV0W0lW2u-WnondVku8uZZo4k"}---
1111111111111----run in----2018-01-16 13:58:08+++files[]+++get[]+++request{"_C":"Code2d","_A":"get","_DATA":"{\"path\":\"pages\/share\/share?aid=2\",\"openid\":\"oeDcV0W0lW2u-WnondVku8uZZo4k\"}","openid":"oeDcV0W0lW2u-WnondVku8uZZo4k"}---
1111111111111----run in----2018-01-16 13:59:39+++files[]+++get[]+++request{"_C":"User","_A":"selectOne","openid":"oeDcV0TIhZCvU1UFnqrdS_fKJxW0"}---
1111111111111----run in----2018-01-16 14:01:54+++files[]+++get[]+++request{"_C":"User","_A":"selectOne","openid":"oeDcV0TIhZCvU1UFnqrdS_fKJxW0"}---
1111111111111----run in----2018-01-16 14:15:20+++files[]+++get[]+++request{"_C":"User","_A":"selectOne","openid":"oeDcV0TIhZCvU1UFnqrdS_fKJxW0"}---
1111111111111----run in----2018-01-16 14:15:32+++files[]+++get[]+++request{"_C":"User","_A":"selectOne","openid":"oeDcV0TIhZCvU1UFnqrdS_fKJxW0"}---
1111111111111----run in----2018-01-16 14:20:32+++files[]+++get[]+++request{"_C":"Code2d","_A":"get","_DATA":"{\"path\":\"pages\/share\/share?aid=2\",\"openid\":\"oeDcV0W0lW2u-WnondVku8uZZo4k\"}","openid":"oeDcV0W0lW2u-WnondVku8uZZo4k"}---
1111111111111----run in----2018-01-16 14:23:07+++files[]+++get[]+++request{"_C":"Code2d","_A":"get","_DATA":"{\"path\":\"pages\/share\/share?aid=2\",\"openid\":\"oeDcV0W0lW2u-WnondVku8uZZo4k\"}","openid":"oeDcV0W0lW2u-WnondVku8uZZo4k"}---
1111111111111----run in----2018-01-16 14:24:55+++files[]+++get[]+++request{"_C":"Code2d","_A":"get","_DATA":"{\"path\":\"pages\/share\/share?aid=2\",\"openid\":\"oeDcV0W0lW2u-WnondVku8uZZo4k\"}","openid":"oeDcV0W0lW2u-WnondVku8uZZo4k"}---
1111111111111----run in----2018-01-16 14:27:13+++files[]+++get[]+++request{"_C":"Code2d","_A":"get","_DATA":"{\"path\":\"pages\/share\/share?aid=2\",\"openid\":\"oeDcV0W0lW2u-WnondVku8uZZo4k\"}","openid":"oeDcV0W0lW2u-WnondVku8uZZo4k"}---
1111111111111----run in----2018-01-16 14:30:21+++files[]+++get[]+++request{"_C":"Code2d","_A":"get","_DATA":"{\"path\":\"pages\/share\/share?aid=2\",\"openid\":\"oeDcV0W0lW2u-WnondVku8uZZo4k\"}","openid":"oeDcV0W0lW2u-WnondVku8uZZo4k"}---
1111111111111----run in----2018-01-16 14:30:38+++files[]+++get[]+++request{"_C":"Code2d","_A":"get","_DATA":"{\"path\":\"pages\/share\/share?aid=2\",\"openid\":\"oeDcV0W0lW2u-WnondVku8uZZo4k\"}","openid":"oeDcV0W0lW2u-WnondVku8uZZo4k"}---
1111111111111----run in----2018-01-16 14:32:11+++files[]+++get[]+++request{"_C":"Code2d","_A":"get","_DATA":"{\"path\":\"pages\/share\/share?aid=2\",\"openid\":\"oeDcV0W0lW2u-WnondVku8uZZo4k\"}","openid":"oeDcV0W0lW2u-WnondVku8uZZo4k"}---
1111111111111----run in----2018-01-16 14:32:15+++files[]+++get[]+++request{"_C":"Code2d","_A":"get","_DATA":"{\"path\":\"pages\/share\/share?aid=2\",\"openid\":\"oeDcV0W0lW2u-WnondVku8uZZo4k\"}","openid":"oeDcV0W0lW2u-WnondVku8uZZo4k"}---
1111111111111----run in----2018-01-16 14:32:21+++files[]+++get[]+++request{"_C":"Code2d","_A":"get","_DATA":"{\"path\":\"pages\/share\/share?aid=2\",\"openid\":\"oeDcV0W0lW2u-WnondVku8uZZo4k\"}","openid":"oeDcV0W0lW2u-WnondVku8uZZo4k"}---
1111111111111----run in----2018-01-16 14:32:34+++files[]+++get[]+++request{"_C":"Code2d","_A":"get","_DATA":"{\"path\":\"pages\/share\/share?aid=2\",\"openid\":\"oeDcV0W0lW2u-WnondVku8uZZo4k\"}","openid":"oeDcV0W0lW2u-WnondVku8uZZo4k"}---
1111111111111----run in----2018-01-16 14:32:54+++files[]+++get[]+++request{"_C":"Code2d","_A":"get","_DATA":"{\"path\":\"pages\/share\/share?aid=2\",\"openid\":\"oeDcV0W0lW2u-WnondVku8uZZo4k\"}","openid":"oeDcV0W0lW2u-WnondVku8uZZo4k"}---
1111111111111----run in----2018-01-16 14:33:09+++files[]+++get[]+++request{"_C":"Code2d","_A":"get","_DATA":"{\"path\":\"pages\/share\/share?aid=2\",\"openid\":\"oeDcV0W0lW2u-WnondVku8uZZo4k\"}","openid":"oeDcV0W0lW2u-WnondVku8uZZo4k"}---
1111111111111----run in----2018-01-16 14:33:37+++files[]+++get[]+++request{"_C":"Code2d","_A":"get","_DATA":"{\"path\":\"pages\/share\/share?aid=2\",\"openid\":\"oeDcV0W0lW2u-WnondVku8uZZo4k\"}","openid":"oeDcV0W0lW2u-WnondVku8uZZo4k"}---
1111111111111----run in----2018-01-16 14:33:52+++files[]+++get[]+++request{"_C":"Act","_A":"selectOne","id":"2","group_id":"","openid":"oeDcV0W0lW2u-WnondVku8uZZo4k"}---
1111111111111----run in----2018-01-16 14:33:54+++files[]+++get[]+++request{"_C":"Code2d","_A":"get","_DATA":"{\"path\":\"pages\/share\/share?aid=2\",\"openid\":\"oeDcV0W0lW2u-WnondVku8uZZo4k\"}","openid":"oeDcV0W0lW2u-WnondVku8uZZo4k"}---
1111111111111----run in----2018-01-16 14:35:22+++files[]+++get[]+++request{"_C":"Code2d","_A":"get","_DATA":"{\"path\":\"pages\/share\/share?aid=2\",\"openid\":\"oeDcV0W0lW2u-WnondVku8uZZo4k\"}","openid":"oeDcV0W0lW2u-WnondVku8uZZo4k"}---
1111111111111----run in----2018-01-16 14:35:31+++files[]+++get[]+++request{"_C":"Code2d","_A":"get","_DATA":"{\"path\":\"pages\/share\/share?aid=2\",\"openid\":\"oeDcV0W0lW2u-WnondVku8uZZo4k\"}","openid":"oeDcV0W0lW2u-WnondVku8uZZo4k"}---
1111111111111----run in----2018-01-16 14:36:01+++files[]+++get[]+++request{"_C":"Code2d","_A":"get","_DATA":"{\"path\":\"pages\/share\/share?aid=2\",\"openid\":\"oeDcV0W0lW2u-WnondVku8uZZo4k\"}","openid":"oeDcV0W0lW2u-WnondVku8uZZo4k"}---
1111111111111----run in----2018-01-16 14:36:33+++files[]+++get[]+++request{"_C":"Code2d","_A":"get","_DATA":"{\"path\":\"pages\/share\/share?aid=2\",\"openid\":\"oeDcV0W0lW2u-WnondVku8uZZo4k\"}","openid":"oeDcV0W0lW2u-WnondVku8uZZo4k"}---
1111111111111----run in----2018-01-16 14:37:18+++files[]+++get[]+++request{"_C":"Code2d","_A":"get","_DATA":"{\"path\":\"pages\/share\/share?aid=2\",\"openid\":\"oeDcV0W0lW2u-WnondVku8uZZo4k\"}","openid":"oeDcV0W0lW2u-WnondVku8uZZo4k"}---
1111111111111----run in----2018-01-16 14:38:03+++files[]+++get[]+++request{"_C":"Code2d","_A":"get","_DATA":"{\"path\":\"pages\/share\/share?aid=2\",\"openid\":\"oeDcV0W0lW2u-WnondVku8uZZo4k\"}","openid":"oeDcV0W0lW2u-WnondVku8uZZo4k"}---
1111111111111----run in----2018-01-16 14:44:52+++files[]+++get[]+++request{"_C":"Code2d","_A":"get","_DATA":"{\"path\":\"pages\/share\/share?aid=2\",\"openid\":\"oeDcV0W0lW2u-WnondVku8uZZo4k\"}","openid":"oeDcV0W0lW2u-WnondVku8uZZo4k"}---
1111111111111----run in----2018-01-16 14:54:40+++files[]+++get[]+++request{"_C":"Code2d","_A":"get","_DATA":"{\"path\":\"pages\/share\/share?aid=2\",\"openid\":\"oeDcV0W0lW2u-WnondVku8uZZo4k\"}","openid":"oeDcV0W0lW2u-WnondVku8uZZo4k"}---
1111111111111----run in----2018-01-16 14:54:45+++files[]+++get[]+++request{"_C":"Code2d","_A":"get","_DATA":"{\"path\":\"pages\/share\/share?aid=2\",\"openid\":\"oeDcV0W0lW2u-WnondVku8uZZo4k\"}","openid":"oeDcV0W0lW2u-WnondVku8uZZo4k"}---
1111111111111----run in----2018-01-16 14:55:00+++files[]+++get[]+++request{"_C":"Code2d","_A":"get","_DATA":"{\"path\":\"pages\/share\/share?aid=2\",\"openid\":\"oeDcV0W0lW2u-WnondVku8uZZo4k\"}","openid":"oeDcV0W0lW2u-WnondVku8uZZo4k"}---
1111111111111----run in----2018-01-16 14:56:06+++files[]+++get[]+++request{"_C":"Code2d","_A":"get","_DATA":"{\"path\":\"pages\/share\/share?aid=2\",\"openid\":\"oeDcV0W0lW2u-WnondVku8uZZo4k\"}","openid":"oeDcV0W0lW2u-WnondVku8uZZo4k"}---
1111111111111----run in----2018-01-16 14:56:09+++files[]+++get[]+++request{"_C":"Code2d","_A":"get","_DATA":"{\"path\":\"pages\/share\/share?aid=2\",\"openid\":\"oeDcV0W0lW2u-WnondVku8uZZo4k\"}","openid":"oeDcV0W0lW2u-WnondVku8uZZo4k"}---
1111111111111----run in----2018-01-16 14:56:21+++files[]+++get[]+++request{"_C":"Code2d","_A":"get","_DATA":"{\"path\":\"pages\/share\/share?aid=2\",\"openid\":\"oeDcV0W0lW2u-WnondVku8uZZo4k\"}","openid":"oeDcV0W0lW2u-WnondVku8uZZo4k"}---
1111111111111----run in----2018-01-16 15:04:54+++files[]+++get[]+++request{"_C":"Code2d","_A":"get","_DATA":"{\"path\":\"pages\/share\/share?aid=2\",\"openid\":\"oeDcV0W0lW2u-WnondVku8uZZo4k\"}","openid":"oeDcV0W0lW2u-WnondVku8uZZo4k"}---
1111111111111----run in----2018-01-16 15:05:09+++files[]+++get[]+++request{"_C":"Code2d","_A":"get","_DATA":"{\"path\":\"pages\/share\/share?aid=2\",\"openid\":\"oeDcV0W0lW2u-WnondVku8uZZo4k\"}","openid":"oeDcV0W0lW2u-WnondVku8uZZo4k"}---
1111111111111----run in----2018-01-16 15:06:44+++files[]+++get[]+++request{"_C":"Code2d","_A":"get","_DATA":"{\"path\":\"pages\/share\/share?aid=2\",\"openid\":\"oeDcV0W0lW2u-WnondVku8uZZo4k\"}","openid":"oeDcV0W0lW2u-WnondVku8uZZo4k"}---
1111111111111----run in----2018-01-16 15:07:47+++files[]+++get[]+++request{"_C":"Code2d","_A":"get","_DATA":"{\"path\":\"pages\/share\/share?aid=2\",\"openid\":\"oeDcV0W0lW2u-WnondVku8uZZo4k\"}","openid":"oeDcV0W0lW2u-WnondVku8uZZo4k"}---
1111111111111----run in----2018-01-16 15:07:51+++files[]+++get[]+++request{"_C":"Code2d","_A":"get","_DATA":"{\"path\":\"pages\/share\/share?aid=2\",\"openid\":\"oeDcV0W0lW2u-WnondVku8uZZo4k\"}","openid":"oeDcV0W0lW2u-WnondVku8uZZo4k"}---
1111111111111----run in----2018-01-16 15:08:22+++files[]+++get[]+++request{"_C":"Code2d","_A":"get","_DATA":"{\"path\":\"pages\/share\/share?aid=2\",\"openid\":\"oeDcV0W0lW2u-WnondVku8uZZo4k\"}","openid":"oeDcV0W0lW2u-WnondVku8uZZo4k"}---
1111111111111----run in----2018-01-16 15:11:10+++files[]+++get[]+++request{"_C":"Code2d","_A":"get","_DATA":"{\"path\":\"pages\/share\/share?aid=2\",\"openid\":\"oeDcV0W0lW2u-WnondVku8uZZo4k\"}","openid":"oeDcV0W0lW2u-WnondVku8uZZo4k"}---
1111111111111----run in----2018-01-16 15:12:01+++files[]+++get[]+++request{"_C":"Code2d","_A":"get","_DATA":"{\"path\":\"pages\/share\/share?aid=2\",\"openid\":\"oeDcV0W0lW2u-WnondVku8uZZo4k\"}","openid":"oeDcV0W0lW2u-WnondVku8uZZo4k"}---
1111111111111----run in----2018-01-16 15:14:21+++files[]+++get[]+++request{"_C":"Code2d","_A":"get","_DATA":"{\"path\":\"pages\/share\/share?aid=2\",\"openid\":\"oeDcV0W0lW2u-WnondVku8uZZo4k\"}","openid":"oeDcV0W0lW2u-WnondVku8uZZo4k"}---
1111111111111----run in----2018-01-16 15:20:24+++files[]+++get[]+++request{"_C":"Code2d","_A":"get","_DATA":"{\"path\":\"pages\/share\/share?aid=2\",\"openid\":\"oeDcV0W0lW2u-WnondVku8uZZo4k\"}","openid":"oeDcV0W0lW2u-WnondVku8uZZo4k"}---
1111111111111----run in----2018-01-16 15:20:30+++files[]+++get[]+++request{"_C":"Code2d","_A":"get","_DATA":"{\"path\":\"pages\/share\/share?aid=2\",\"openid\":\"oeDcV0W0lW2u-WnondVku8uZZo4k\"}","openid":"oeDcV0W0lW2u-WnondVku8uZZo4k"}---
1111111111111----run in----2018-01-16 15:20:34+++files[]+++get[]+++request{"_C":"Code2d","_A":"get","_DATA":"{\"path\":\"pages\/share\/share?aid=2\",\"openid\":\"oeDcV0W0lW2u-WnondVku8uZZo4k\"}","openid":"oeDcV0W0lW2u-WnondVku8uZZo4k"}---
1111111111111----run in----2018-01-16 15:25:48+++files[]+++get[]+++request{"_C":"Code2d","_A":"get","_DATA":"{\"path\":\"pages\/share\/share?aid=2\",\"openid\":\"oeDcV0W0lW2u-WnondVku8uZZo4k\"}","openid":"oeDcV0W0lW2u-WnondVku8uZZo4k"}---
1111111111111----run in----2018-01-16 15:25:52+++files[]+++get[]+++request{"_C":"Code2d","_A":"get","_DATA":"{\"path\":\"pages\/share\/share?aid=2\",\"openid\":\"oeDcV0W0lW2u-WnondVku8uZZo4k\"}","openid":"oeDcV0W0lW2u-WnondVku8uZZo4k"}---
1111111111111----run in----2018-01-16 15:29:51+++files[]+++get[]+++request{"_C":"Code2d","_A":"get","_DATA":"{\"path\":\"pages\/share\/share?aid=2\",\"openid\":\"oeDcV0W0lW2u-WnondVku8uZZo4k\"}","openid":"oeDcV0W0lW2u-WnondVku8uZZo4k"}---
1111111111111----run in----2018-01-16 15:29:55+++files[]+++get[]+++request{"_C":"Code2d","_A":"get","_DATA":"{\"path\":\"pages\/share\/share?aid=2\",\"openid\":\"oeDcV0W0lW2u-WnondVku8uZZo4k\"}","openid":"oeDcV0W0lW2u-WnondVku8uZZo4k"}---
1111111111111----run in----2018-01-16 15:30:02+++files[]+++get[]+++request{"_C":"Code2d","_A":"get","_DATA":"{\"path\":\"pages\/share\/share?aid=2\",\"openid\":\"oeDcV0W0lW2u-WnondVku8uZZo4k\"}","openid":"oeDcV0W0lW2u-WnondVku8uZZo4k"}---
1111111111111----run in----2018-01-16 15:30:06+++files[]+++get[]+++request{"_C":"Code2d","_A":"get","_DATA":"{\"path\":\"pages\/share\/share?aid=2\",\"openid\":\"oeDcV0W0lW2u-WnondVku8uZZo4k\"}","openid":"oeDcV0W0lW2u-WnondVku8uZZo4k"}---
1111111111111----run in----2018-01-16 15:30:29+++files[]+++get[]+++request{"_C":"Code2d","_A":"get","_DATA":"{\"path\":\"pages\/share\/share?aid=2\",\"openid\":\"oeDcV0W0lW2u-WnondVku8uZZo4k\"}","openid":"oeDcV0W0lW2u-WnondVku8uZZo4k"}---
1111111111111----run in----2018-01-16 15:32:56+++files[]+++get[]+++request{"_C":"Code2d","_A":"get","_DATA":"{\"path\":\"pages\/share\/share?aid=2\",\"openid\":\"oeDcV0W0lW2u-WnondVku8uZZo4k\"}","openid":"oeDcV0W0lW2u-WnondVku8uZZo4k"}---
1111111111111----run in----2018-01-16 15:36:08+++files[]+++get[]+++request{"_C":"Code2d","_A":"get","_DATA":"{\"path\":\"pages\/share\/share?aid=2\",\"openid\":\"oeDcV0W0lW2u-WnondVku8uZZo4k\"}","openid":"oeDcV0W0lW2u-WnondVku8uZZo4k"}---
1111111111111----run in----2018-01-16 15:36:37+++files[]+++get[]+++request{"_C":"Code2d","_A":"get","_DATA":"{\"path\":\"pages\/share\/share?aid=2\",\"openid\":\"oeDcV0W0lW2u-WnondVku8uZZo4k\"}","openid":"oeDcV0W0lW2u-WnondVku8uZZo4k"}---
1111111111111----run in----2018-01-16 15:42:41+++files[]+++get[]+++request{"_C":"Code2d","_A":"get","_DATA":"{\"path\":\"pages\/share\/share?aid=2\",\"openid\":\"oeDcV0W0lW2u-WnondVku8uZZo4k\"}","openid":"oeDcV0W0lW2u-WnondVku8uZZo4k"}---
1111111111111----run in----2018-01-16 15:45:39+++files[]+++get[]+++request{"_C":"Code2d","_A":"get","_DATA":"{\"path\":\"pages\/share\/share?aid=2\",\"openid\":\"oeDcV0W0lW2u-WnondVku8uZZo4k\"}","openid":"oeDcV0W0lW2u-WnondVku8uZZo4k"}---
1111111111111----run in----2018-01-16 15:46:40+++files[]+++get[]+++request{"_C":"Code2d","_A":"get","_DATA":"{\"path\":\"pages\/share\/share?aid=2\",\"openid\":\"oeDcV0W0lW2u-WnondVku8uZZo4k\"}","openid":"oeDcV0W0lW2u-WnondVku8uZZo4k"}---
1111111111111----run in----2018-01-16 15:47:13+++files[]+++get[]+++request{"_C":"Code2d","_A":"get","_DATA":"{\"path\":\"pages\/share\/share?aid=2\",\"openid\":\"oeDcV0W0lW2u-WnondVku8uZZo4k\"}","openid":"oeDcV0W0lW2u-WnondVku8uZZo4k"}---
1111111111111----run in----2018-01-16 15:47:49+++files[]+++get[]+++request{"_C":"Code2d","_A":"get","_DATA":"{\"path\":\"pages\/share\/share?aid=2\",\"openid\":\"oeDcV0W0lW2u-WnondVku8uZZo4k\"}","openid":"oeDcV0W0lW2u-WnondVku8uZZo4k"}---
1111111111111----run in----2018-01-16 15:48:56+++files[]+++get[]+++request{"_C":"Code2d","_A":"get","_DATA":"{\"path\":\"pages\/share\/share?aid=2\",\"openid\":\"oeDcV0W0lW2u-WnondVku8uZZo4k\"}","openid":"oeDcV0W0lW2u-WnondVku8uZZo4k"}---
1111111111111----run in----2018-01-16 15:49:08+++files[]+++get[]+++request{"_C":"Code2d","_A":"get","_DATA":"{\"path\":\"pages\/share\/share?aid=2\",\"openid\":\"oeDcV0W0lW2u-WnondVku8uZZo4k\"}","openid":"oeDcV0W0lW2u-WnondVku8uZZo4k"}---
1111111111111----run in----2018-01-16 15:49:24+++files[]+++get[]+++request{"_C":"Code2d","_A":"get","_DATA":"{\"path\":\"pages\/share\/share?aid=2\",\"openid\":\"oeDcV0W0lW2u-WnondVku8uZZo4k\"}","openid":"oeDcV0W0lW2u-WnondVku8uZZo4k"}---
1111111111111----run in----2018-01-16 15:49:43+++files[]+++get[]+++request{"_C":"Code2d","_A":"get","_DATA":"{\"path\":\"pages\/share\/share?aid=2\",\"openid\":\"oeDcV0W0lW2u-WnondVku8uZZo4k\"}","openid":"oeDcV0W0lW2u-WnondVku8uZZo4k"}---
1111111111111----run in----2018-01-16 15:50:21+++files[]+++get[]+++request{"_C":"Code2d","_A":"get","_DATA":"{\"path\":\"pages\/share\/share?aid=2\",\"openid\":\"oeDcV0W0lW2u-WnondVku8uZZo4k\"}","openid":"oeDcV0W0lW2u-WnondVku8uZZo4k"}---
1111111111111----run in----2018-01-16 15:51:04+++files[]+++get[]+++request{"_C":"Code2d","_A":"get","_DATA":"{\"path\":\"pages\/share\/share?aid=2\",\"openid\":\"oeDcV0W0lW2u-WnondVku8uZZo4k\"}","openid":"oeDcV0W0lW2u-WnondVku8uZZo4k"}---
1111111111111----run in----2018-01-16 15:51:27+++files[]+++get[]+++request{"_C":"Code2d","_A":"get","_DATA":"{\"path\":\"pages\/share\/share?aid=2\",\"openid\":\"oeDcV0W0lW2u-WnondVku8uZZo4k\"}","openid":"oeDcV0W0lW2u-WnondVku8uZZo4k"}---
1111111111111----run in----2018-01-16 15:51:51+++files[]+++get[]+++request{"_C":"Code2d","_A":"get","_DATA":"{\"path\":\"pages\/share\/share?aid=2\",\"openid\":\"oeDcV0W0lW2u-WnondVku8uZZo4k\"}","openid":"oeDcV0W0lW2u-WnondVku8uZZo4k"}---
1111111111111----run in----2018-01-16 15:57:52+++files[]+++get[]+++request{"_C":"Code2d","_A":"get","_DATA":"{\"path\":\"pages\/share\/share?aid=2\",\"openid\":\"oeDcV0W0lW2u-WnondVku8uZZo4k\"}","openid":"oeDcV0W0lW2u-WnondVku8uZZo4k"}---
1111111111111----run in----2018-01-16 15:59:31+++files[]+++get[]+++request{"_C":"Code2d","_A":"get","_DATA":"{\"path\":\"pages\/share\/share?aid=2\",\"openid\":\"oeDcV0W0lW2u-WnondVku8uZZo4k\"}","openid":"oeDcV0W0lW2u-WnondVku8uZZo4k"}---
1111111111111----run in----2018-01-16 15:59:48+++files[]+++get[]+++request{"_C":"Code2d","_A":"get","_DATA":"{\"path\":\"pages\/share\/share?aid=2\",\"openid\":\"oeDcV0W0lW2u-WnondVku8uZZo4k\"}","openid":"oeDcV0W0lW2u-WnondVku8uZZo4k"}---
1111111111111----run in----2018-01-16 15:59:59+++files[]+++get[]+++request{"_C":"Code2d","_A":"get","_DATA":"{\"path\":\"pages\/share\/share?aid=2\",\"openid\":\"oeDcV0W0lW2u-WnondVku8uZZo4k\"}","openid":"oeDcV0W0lW2u-WnondVku8uZZo4k"}---
1111111111111----run in----2018-01-16 16:00:05+++files[]+++get[]+++request{"_C":"User","_A":"selectOne","openid":"oeDcV0W0lW2u-WnondVku8uZZo4k"}---
1111111111111----run in----2018-01-16 16:02:05+++files[]+++get[]+++request{"_C":"Code2d","_A":"get","_DATA":"{\"path\":\"pages\/share\/share?aid=2\",\"openid\":\"oeDcV0W0lW2u-WnondVku8uZZo4k\"}","openid":"oeDcV0W0lW2u-WnondVku8uZZo4k"}---
1111111111111----run in----2018-01-16 16:06:32+++files[]+++get[]+++request{"_C":"Key","_A":"getWxId","code":"021smTnr0qOAed1Dszlr0gTMnr0smTnM","openid":""}---
1111111111111----run in----2018-01-16 16:06:32+++files[]+++get[]+++request{"_C":"User","_A":"selectOne","openid":""}---
1111111111111----run in----2018-01-16 16:07:04+++files[]+++get[]+++request{"_C":"Key","_A":"getWxId","code":"011SM6jo0BAPVr1g0Eho0645jo0SM6jv","openid":""}---
1111111111111----run in----2018-01-16 16:07:04+++files[]+++get[]+++request{"_C":"User","_A":"selectOne","openid":""}---
1111111111111----run in----2018-01-16 16:07:12+++files[]+++get[]+++request{"_C":"Key","_A":"getWxId","code":"081VK6Zk1xuaUl0G8zYk1TqWYk1VK6ZF","openid":""}---
1111111111111----run in----2018-01-16 16:07:12+++files[]+++get[]+++request{"_C":"User","_A":"selectOne","openid":""}---
1111111111111----run in----2018-01-16 16:07:19+++files[]+++get[]+++request{"_C":"Act","_A":"select","_LIMIT":"0,10","_FILTER":"","openid":""}---
1111111111111----run in----2018-01-16 16:07:27+++files[]+++get[]+++request{"_C":"Key","_A":"getWxId","code":"081VK6Zk1xuaUl0G8zYk1TqWYk1VK6ZF","openid":""}---
1111111111111----run in----2018-01-16 16:07:28+++files[]+++get[]+++request{"_C":"User","_A":"selectOne","openid":""}---
1111111111111----run in----2018-01-16 16:07:46+++files[]+++get[]+++request{"_C":"Key","_A":"getWxId","code":"081Vbp88079K7I1bRU8809Dy880Vbp8X","openid":""}---
1111111111111----run in----2018-01-16 16:07:47+++files[]+++get[]+++request{"_C":"User","_A":"selectOne","openid":""}---
1111111111111----run in----2018-01-16 16:07:54+++files[]+++get[]+++request{"_C":"Key","_A":"getWxId","code":"071JaQRc2dNkyD0YYuPc2epKRc2JaQR0","openid":""}---
1111111111111----run in----2018-01-16 16:07:55+++files[]+++get[]+++request{"_C":"User","_A":"selectOne","openid":""}---
1111111111111----run in----2018-01-16 16:10:49+++files[]+++get[]+++request{"_C":"Key","_A":"getWxId","code":"021DI6uP1cVBu31qnKuP1rJZtP1DI6u8","openid":""}---
1111111111111----run in----2018-01-16 16:10:49+++files[]+++get[]+++request{"_C":"User","_A":"selectOne","openid":""}---
1111111111111----run in----2018-01-16 16:19:53+++files[]+++get[]+++request{"_C":"User","_A":"selectOne","openid":"oeDcV0W0lW2u-WnondVku8uZZo4k"}---
1111111111111----run in----2018-01-16 16:20:13+++files[]+++get[]+++request{"_C":"Code2d","_A":"get","_DATA":"{\"path\":\"pages\/share\/share?aid=2\",\"openid\":\"oeDcV0W0lW2u-WnondVku8uZZo4k\"}","openid":"oeDcV0W0lW2u-WnondVku8uZZo4k"}---
1111111111111----run in----2018-01-16 16:20:19+++files[]+++get[]+++request{"_C":"Code2d","_A":"get","_DATA":"{\"path\":\"pages\/share\/share?aid=2\",\"openid\":\"oeDcV0W0lW2u-WnondVku8uZZo4k\"}","openid":"oeDcV0W0lW2u-WnondVku8uZZo4k"}---
1111111111111----run in----2018-01-16 16:20:34+++files[]+++get[]+++request{"_C":"Code2d","_A":"get","_DATA":"{\"path\":\"pages\/share\/share?aid=2\",\"openid\":\"oeDcV0W0lW2u-WnondVku8uZZo4k\"}","openid":"oeDcV0W0lW2u-WnondVku8uZZo4k"}---
1111111111111----run in----2018-01-16 16:21:22+++files[]+++get[]+++request{"_C":"Code2d","_A":"get","_DATA":"{\"path\":\"pages\/share\/share?aid=2\",\"openid\":\"oeDcV0W0lW2u-WnondVku8uZZo4k\"}","openid":"oeDcV0W0lW2u-WnondVku8uZZo4k"}---
1111111111111----run in----2018-01-16 16:22:00+++files[]+++get[]+++request{"_C":"Code2d","_A":"get","_DATA":"{\"path\":\"pages\/share\/share?aid=2\",\"openid\":\"oeDcV0W0lW2u-WnondVku8uZZo4k\"}","openid":"oeDcV0W0lW2u-WnondVku8uZZo4k"}---
1111111111111----run in----2018-01-16 16:32:56+++files[]+++get[]+++request{"_C":"Code2d","_A":"get","_DATA":"{\"path\":\"pages\/share\/share?aid=2\",\"openid\":\"oeDcV0W0lW2u-WnondVku8uZZo4k\"}","openid":"oeDcV0W0lW2u-WnondVku8uZZo4k"}---
1111111111111----run in----2018-01-16 16:33:15+++files[]+++get[]+++request{"_C":"Code2d","_A":"get","_DATA":"{\"path\":\"pages\/share\/share?aid=2\",\"openid\":\"oeDcV0W0lW2u-WnondVku8uZZo4k\"}","openid":"oeDcV0W0lW2u-WnondVku8uZZo4k"}---
1111111111111----run in----2018-01-16 16:34:23+++files[]+++get[]+++request{"_C":"Code2d","_A":"get","_DATA":"{\"path\":\"pages\/share\/share?aid=2\",\"openid\":\"oeDcV0W0lW2u-WnondVku8uZZo4k\"}","openid":"oeDcV0W0lW2u-WnondVku8uZZo4k"}---
1111111111111----run in----2018-01-16 16:34:34+++files[]+++get[]+++request{"_C":"Code2d","_A":"get","_DATA":"{\"path\":\"pages\/share\/share?aid=2\",\"openid\":\"oeDcV0W0lW2u-WnondVku8uZZo4k\"}","openid":"oeDcV0W0lW2u-WnondVku8uZZo4k"}---
1111111111111----run in----2018-01-16 16:34:55+++files[]+++get[]+++request{"_C":"Code2d","_A":"get","_DATA":"{\"path\":\"pages\/share\/share?aid=2\",\"openid\":\"oeDcV0W0lW2u-WnondVku8uZZo4k\"}","openid":"oeDcV0W0lW2u-WnondVku8uZZo4k"}---
1111111111111----run in----2018-01-16 16:37:07+++files[]+++get[]+++request{"_C":"Code2d","_A":"get","_DATA":"{\"path\":\"pages\/share\/share?aid=2\",\"openid\":\"oeDcV0W0lW2u-WnondVku8uZZo4k\"}","openid":"oeDcV0W0lW2u-WnondVku8uZZo4k"}---
1111111111111----run in----2018-01-16 16:37:15+++files[]+++get[]+++request{"_C":"Code2d","_A":"get","_DATA":"{\"path\":\"pages\/share\/share?aid=2\",\"openid\":\"oeDcV0W0lW2u-WnondVku8uZZo4k\"}","openid":"oeDcV0W0lW2u-WnondVku8uZZo4k"}---
1111111111111----run in----2018-01-16 16:37:23+++files[]+++get[]+++request{"_C":"Code2d","_A":"get","_DATA":"{\"path\":\"pages\/share\/share?aid=2\",\"openid\":\"oeDcV0W0lW2u-WnondVku8uZZo4k\"}","openid":"oeDcV0W0lW2u-WnondVku8uZZo4k"}---
1111111111111----run in----2018-01-16 16:37:53+++files[]+++get[]+++request{"_C":"Code2d","_A":"get","_DATA":"{\"path\":\"pages\/share\/share?aid=2\",\"openid\":\"oeDcV0W0lW2u-WnondVku8uZZo4k\"}","openid":"oeDcV0W0lW2u-WnondVku8uZZo4k"}---
1111111111111----run in----2018-01-16 16:38:00+++files[]+++get[]+++request{"_C":"Code2d","_A":"get","_DATA":"{\"path\":\"pages\/share\/share?aid=2\",\"openid\":\"oeDcV0W0lW2u-WnondVku8uZZo4k\"}","openid":"oeDcV0W0lW2u-WnondVku8uZZo4k"}---
1111111111111----run in----2018-01-16 16:41:47+++files[]+++get[]+++request{"_C":"Code2d","_A":"get","_DATA":"{\"path\":\"pages\/share\/share?aid=2\",\"openid\":\"oeDcV0W0lW2u-WnondVku8uZZo4k\"}","openid":"oeDcV0W0lW2u-WnondVku8uZZo4k"}---
1111111111111----run in----2018-01-16 16:42:08+++files[]+++get[]+++request{"_C":"Code2d","_A":"get","_DATA":"{\"path\":\"pages\/share\/share?aid=2\",\"openid\":\"oeDcV0W0lW2u-WnondVku8uZZo4k\"}","openid":"oeDcV0W0lW2u-WnondVku8uZZo4k"}---
1111111111111----run in----2018-01-16 16:44:47+++files[]+++get[]+++request{"_C":"Code2d","_A":"get","_DATA":"{\"path\":\"pages\/share\/share?aid=2\",\"openid\":\"oeDcV0W0lW2u-WnondVku8uZZo4k\"}","openid":"oeDcV0W0lW2u-WnondVku8uZZo4k"}---
1111111111111----run in----2018-01-16 16:45:04+++files[]+++get[]+++request{"_C":"Code2d","_A":"get","_DATA":"{\"path\":\"pages\/share\/share?aid=2\",\"openid\":\"oeDcV0W0lW2u-WnondVku8uZZo4k\"}","openid":"oeDcV0W0lW2u-WnondVku8uZZo4k"}---
1111111111111----run in----2018-01-16 16:45:44+++files[]+++get[]+++request{"_C":"Key","_A":"getWxId","code":"0211Go2b1OrdAt02r03b1Ei32b11Go2C","openid":""}---
1111111111111----run in----2018-01-16 16:45:44+++files[]+++get[]+++request{"_C":"User","_A":"selectOne","openid":""}---
1111111111111----run in----2018-01-16 16:46:01+++files[]+++get[]+++request{"_C":"Key","_A":"getWxId","code":"0211Go2b1OrdAt02r03b1Ei32b11Go2C","openid":""}---
1111111111111----run in----2018-01-16 16:46:01+++files[]+++get[]+++request{"_C":"Key","_A":"getWxId","code":"0211Go2b1OrdAt02r03b1Ei32b11Go2C","openid":""}---
1111111111111----run in----2018-01-16 16:46:01+++files[]+++get[]+++request{"_C":"User","_A":"selectOne","openid":""}---
1111111111111----run in----2018-01-16 16:46:01+++files[]+++get[]+++request{"_C":"User","_A":"selectOne","openid":""}---
1111111111111----run in----2018-01-16 16:46:03+++files[]+++get[]+++request{"_C":"Key","_A":"getWxId","code":"0211Go2b1OrdAt02r03b1Ei32b11Go2C","openid":""}---
1111111111111----run in----2018-01-16 16:46:03+++files[]+++get[]+++request{"_C":"Key","_A":"getWxId","code":"0211Go2b1OrdAt02r03b1Ei32b11Go2C","openid":""}---
1111111111111----run in----2018-01-16 16:46:03+++files[]+++get[]+++request{"_C":"User","_A":"selectOne","openid":""}---
1111111111111----run in----2018-01-16 16:46:03+++files[]+++get[]+++request{"_C":"User","_A":"selectOne","openid":""}---
1111111111111----run in----2018-01-16 16:46:09+++files[]+++get[]+++request{"_C":"Key","_A":"getWxId","code":"0211Go2b1OrdAt02r03b1Ei32b11Go2C","openid":""}---
1111111111111----run in----2018-01-16 16:46:09+++files[]+++get[]+++request{"_C":"User","_A":"selectOne","openid":""}---
1111111111111----run in----2018-01-16 16:46:16+++files[]+++get[]+++request{"_C":"Key","_A":"getWxId","code":"0211Go2b1OrdAt02r03b1Ei32b11Go2C","openid":""}---
1111111111111----run in----2018-01-16 16:46:16+++files[]+++get[]+++request{"_C":"User","_A":"selectOne","openid":""}---
1111111111111----run in----2018-01-16 16:46:24+++files[]+++get[]+++request{"_C":"Act","_A":"select","_LIMIT":"0,10","_FILTER":"","openid":""}---
1111111111111----run in----2018-01-16 16:46:56+++files[]+++get[]+++request{"_C":"My","_A":"selectIn","_LIMIT":"0,2","openid":""}---
1111111111111----run in----2018-01-16 16:46:57+++files[]+++get[]+++request{"_C":"Money","_A":"selectOne","openid":""}---
1111111111111----run in----2018-01-16 16:47:08+++files[]+++get[]+++request{"_C":"Money","_A":"selectOne","openid":""}---
1111111111111----run in----2018-01-16 16:47:08+++files[]+++get[]+++request{"_C":"My","_A":"selectIn","_LIMIT":"0,2","openid":""}---
1111111111111----run in----2018-01-16 16:47:11+++files[]+++get[]+++request{"_C":"My","_A":"selectIn","_LIMIT":"0,2","openid":""}---
1111111111111----run in----2018-01-16 16:47:11+++files[]+++get[]+++request{"_C":"Money","_A":"selectOne","openid":""}---
1111111111111----run in----2018-01-16 16:47:53+++files[]+++get[]+++request{"_C":"Money","_A":"selectOne","openid":""}---
1111111111111----run in----2018-01-16 16:47:53+++files[]+++get[]+++request{"_C":"My","_A":"selectIn","_LIMIT":"0,2","openid":""}---
1111111111111----run in----2018-01-16 16:47:58+++files[]+++get[]+++request{"_C":"My","_A":"selectIn","_LIMIT":"0,20","openid":""}---
1111111111111----run in----2018-01-16 16:48:02+++files[]+++get[]+++request{"_C":"My","_A":"selectIn","_LIMIT":"0,20","openid":""}---
1111111111111----run in----2018-01-16 16:48:08+++files[]+++get[]+++request{"_C":"My","_A":"selectOut","_LIMIT":"0,20","openid":""}---
1111111111111----run in----2018-01-16 16:48:10+++files[]+++get[]+++request{"_C":"Money","_A":"selectOne","openid":""}---
1111111111111----run in----2018-01-16 16:48:10+++files[]+++get[]+++request{"_C":"My","_A":"selectIn","_LIMIT":"0,2","openid":""}---
1111111111111----run in----2018-01-16 16:48:12+++files[]+++get[]+++request{"_C":"My","_A":"selectOut","_LIMIT":"0,20","openid":""}---
1111111111111----run in----2018-01-16 16:48:15+++files[]+++get[]+++request{"_C":"Money","_A":"selectOne","openid":""}---
1111111111111----run in----2018-01-16 16:48:15+++files[]+++get[]+++request{"_C":"My","_A":"selectIn","_LIMIT":"0,2","openid":""}---
1111111111111----run in----2018-01-16 16:48:21+++files[]+++get[]+++request{"_C":"User","_A":"selectOne","openid":""}---
1111111111111----run in----2018-01-16 16:48:41+++files[]+++get[]+++request{"_C":"Code2d","_A":"get","_DATA":"{\"path\":\"pages\/share\/share?aid=2\",\"openid\":\"oeDcV0W0lW2u-WnondVku8uZZo4k\"}","openid":"oeDcV0W0lW2u-WnondVku8uZZo4k"}---
1111111111111----run in----2018-01-16 16:48:48+++files[]+++get[]+++request{"_C":"Code2d","_A":"get","_DATA":"{\"path\":\"pages\/share\/share?aid=2\",\"openid\":\"oeDcV0W0lW2u-WnondVku8uZZo4k\"}","openid":"oeDcV0W0lW2u-WnondVku8uZZo4k"}---
1111111111111----run in----2018-01-16 16:48:58+++files[]+++get[]+++request{"_C":"Money","_A":"selectOne","openid":""}---
1111111111111----run in----2018-01-16 16:48:58+++files[]+++get[]+++request{"_C":"My","_A":"selectIn","_LIMIT":"0,2","openid":""}---
1111111111111----run in----2018-01-16 16:49:32+++files[]+++get[]+++request{"_C":"Code2d","_A":"get","_DATA":"{\"path\":\"pages\/share\/share?aid=2\",\"openid\":\"oeDcV0W0lW2u-WnondVku8uZZo4k\"}","openid":"oeDcV0W0lW2u-WnondVku8uZZo4k"}---
1111111111111----run in----2018-01-16 16:49:56+++files[]+++get[]+++request{"_C":"Code2d","_A":"get","_DATA":"{\"path\":\"pages\/share\/share?aid=2\",\"openid\":\"oeDcV0W0lW2u-WnondVku8uZZo4k\"}","openid":"oeDcV0W0lW2u-WnondVku8uZZo4k"}---
1111111111111----run in----2018-01-16 16:50:15+++files[]+++get[]+++request{"_C":"Code2d","_A":"get","_DATA":"{\"path\":\"pages\/share\/share?aid=2\",\"openid\":\"oeDcV0W0lW2u-WnondVku8uZZo4k\"}","openid":"oeDcV0W0lW2u-WnondVku8uZZo4k"}---
1111111111111----run in----2018-01-16 16:50:22+++files[]+++get[]+++request{"_C":"Code2d","_A":"get","_DATA":"{\"path\":\"pages\/share\/share?aid=2\",\"openid\":\"oeDcV0W0lW2u-WnondVku8uZZo4k\"}","openid":"oeDcV0W0lW2u-WnondVku8uZZo4k"}---
1111111111111----run in----2018-01-16 16:54:44+++files[]+++get[]+++request{"_C":"Code2d","_A":"get","_DATA":"{\"path\":\"pages\/share\/share?aid=2\",\"openid\":\"oeDcV0W0lW2u-WnondVku8uZZo4k\"}","openid":"oeDcV0W0lW2u-WnondVku8uZZo4k"}---
1111111111111----run in----2018-01-16 16:54:53+++files[]+++get[]+++request{"_C":"Code2d","_A":"get","_DATA":"{\"path\":\"pages\/share\/share?aid=2\",\"openid\":\"oeDcV0W0lW2u-WnondVku8uZZo4k\"}","openid":"oeDcV0W0lW2u-WnondVku8uZZo4k"}---
1111111111111----run in----2018-01-16 16:54:58+++files[]+++get[]+++request{"_C":"Code2d","_A":"get","_DATA":"{\"path\":\"pages\/share\/share?aid=2\",\"openid\":\"oeDcV0W0lW2u-WnondVku8uZZo4k\"}","openid":"oeDcV0W0lW2u-WnondVku8uZZo4k"}---
1111111111111----run in----2018-01-16 16:55:15+++files[]+++get[]+++request{"_C":"Code2d","_A":"get","_DATA":"{\"path\":\"pages\/share\/share?aid=2\",\"openid\":\"oeDcV0W0lW2u-WnondVku8uZZo4k\"}","openid":"oeDcV0W0lW2u-WnondVku8uZZo4k"}---
1111111111111----run in----2018-01-16 16:56:05+++files[]+++get[]+++request{"_C":"Code2d","_A":"get","_DATA":"{\"path\":\"pages\/share\/share?aid=2\",\"openid\":\"oeDcV0W0lW2u-WnondVku8uZZo4k\"}","openid":"oeDcV0W0lW2u-WnondVku8uZZo4k"}---
1111111111111----run in----2018-01-16 16:56:30+++files[]+++get[]+++request{"_C":"Code2d","_A":"get","_DATA":"{\"path\":\"pages\/share\/share?aid=2\",\"openid\":\"oeDcV0W0lW2u-WnondVku8uZZo4k\"}","openid":"oeDcV0W0lW2u-WnondVku8uZZo4k"}---
1111111111111----run in----2018-01-16 16:56:43+++files[]+++get[]+++request{"_C":"Code2d","_A":"get","_DATA":"{\"path\":\"pages\/share\/share?aid=2\",\"openid\":\"oeDcV0W0lW2u-WnondVku8uZZo4k\"}","openid":"oeDcV0W0lW2u-WnondVku8uZZo4k"}---
1111111111111----run in----2018-01-16 16:57:24+++files[]+++get[]+++request{"_C":"Code2d","_A":"get","_DATA":"{\"path\":\"pages\/share\/share?aid=2\",\"openid\":\"oeDcV0W0lW2u-WnondVku8uZZo4k\"}","openid":"oeDcV0W0lW2u-WnondVku8uZZo4k"}---
1111111111111----run in----2018-01-16 16:58:27+++files[]+++get[]+++request{"_C":"Code2d","_A":"get","_DATA":"{\"path\":\"pages\/share\/share?aid=2\",\"openid\":\"oeDcV0W0lW2u-WnondVku8uZZo4k\"}","openid":"oeDcV0W0lW2u-WnondVku8uZZo4k"}---
1111111111111----run in----2018-01-16 16:58:45+++files[]+++get[]+++request{"_C":"Code2d","_A":"get","_DATA":"{\"path\":\"pages\/share\/share?aid=2\",\"openid\":\"oeDcV0W0lW2u-WnondVku8uZZo4k\"}","openid":"oeDcV0W0lW2u-WnondVku8uZZo4k"}---
1111111111111----run in----2018-01-16 16:59:09+++files[]+++get[]+++request{"_C":"Code2d","_A":"get","_DATA":"{\"path\":\"pages\/share\/share?aid=2\",\"openid\":\"oeDcV0W0lW2u-WnondVku8uZZo4k\"}","openid":"oeDcV0W0lW2u-WnondVku8uZZo4k"}---
1111111111111----run in----2018-01-16 16:59:29+++files[]+++get[]+++request{"_C":"Code2d","_A":"get","_DATA":"{\"path\":\"pages\/share\/share?aid=2\",\"openid\":\"oeDcV0W0lW2u-WnondVku8uZZo4k\"}","openid":"oeDcV0W0lW2u-WnondVku8uZZo4k"}---
1111111111111----run in----2018-01-16 17:00:15+++files[]+++get[]+++request{"_C":"Code2d","_A":"get","_DATA":"{\"path\":\"pages\/share\/share?aid=2\",\"openid\":\"oeDcV0W0lW2u-WnondVku8uZZo4k\"}","openid":"oeDcV0W0lW2u-WnondVku8uZZo4k"}---
1111111111111----run in----2018-01-16 17:00:28+++files[]+++get[]+++request{"_C":"User","_A":"selectOne","openid":"oeDcV0W0lW2u-WnondVku8uZZo4k"}---
1111111111111----run in----2018-01-16 17:00:34+++files[]+++get[]+++request{"_C":"Code2d","_A":"get","_DATA":"{\"path\":\"pages\/share\/share?aid=2\",\"openid\":\"oeDcV0W0lW2u-WnondVku8uZZo4k\"}","openid":"oeDcV0W0lW2u-WnondVku8uZZo4k"}---
1111111111111----run in----2018-01-16 17:00:51+++files[]+++get[]+++request{"_C":"Code2d","_A":"get","_DATA":"{\"path\":\"pages\/share\/share?aid=2\",\"openid\":\"oeDcV0W0lW2u-WnondVku8uZZo4k\"}","openid":"oeDcV0W0lW2u-WnondVku8uZZo4k"}---
1111111111111----run in----2018-01-16 17:01:11+++files[]+++get[]+++request{"_C":"Code2d","_A":"get","_DATA":"{\"path\":\"pages\/share\/share?aid=2\",\"openid\":\"oeDcV0W0lW2u-WnondVku8uZZo4k\"}","openid":"oeDcV0W0lW2u-WnondVku8uZZo4k"}---
1111111111111----run in----2018-01-16 17:01:12+++files[]+++get[]+++request{"_C":"Code2d","_A":"get","_DATA":"{\"path\":\"pages\/share\/share?aid=2\",\"openid\":\"oeDcV0W0lW2u-WnondVku8uZZo4k\"}","openid":"oeDcV0W0lW2u-WnondVku8uZZo4k"}---
1111111111111----run in----2018-01-16 17:01:20+++files[]+++get[]+++request{"_C":"Code2d","_A":"get","_DATA":"{\"path\":\"pages\/share\/share?aid=2\",\"openid\":\"oeDcV0W0lW2u-WnondVku8uZZo4k\"}","openid":"oeDcV0W0lW2u-WnondVku8uZZo4k"}---
1111111111111----run in----2018-01-16 17:01:27+++files[]+++get[]+++request{"_C":"Code2d","_A":"get","_DATA":"{\"path\":\"pages\/share\/share?aid=2\",\"openid\":\"oeDcV0W0lW2u-WnondVku8uZZo4k\"}","openid":"oeDcV0W0lW2u-WnondVku8uZZo4k"}---
1111111111111----run in----2018-01-16 17:01:53+++files[]+++get[]+++request{"_C":"Code2d","_A":"get","_DATA":"{\"path\":\"pages\/share\/share?aid=2\",\"openid\":\"oeDcV0W0lW2u-WnondVku8uZZo4k\"}","openid":"oeDcV0W0lW2u-WnondVku8uZZo4k"}---
1111111111111----run in----2018-01-16 17:01:58+++files[]+++get[]+++request{"_C":"Code2d","_A":"get","_DATA":"{\"path\":\"pages\/share\/share?aid=2\",\"openid\":\"oeDcV0W0lW2u-WnondVku8uZZo4k\"}","openid":"oeDcV0W0lW2u-WnondVku8uZZo4k"}---
1111111111111----run in----2018-01-16 17:02:13+++files[]+++get[]+++request{"_C":"Code2d","_A":"get","_DATA":"{\"path\":\"pages\/share\/share?aid=2\",\"openid\":\"oeDcV0W0lW2u-WnondVku8uZZo4k\"}","openid":"oeDcV0W0lW2u-WnondVku8uZZo4k"}---
1111111111111----run in----2018-01-16 17:02:44+++files[]+++get[]+++request{"_C":"Code2d","_A":"get","_DATA":"{\"path\":\"pages\/share\/share?aid=2\",\"openid\":\"oeDcV0W0lW2u-WnondVku8uZZo4k\"}","openid":"oeDcV0W0lW2u-WnondVku8uZZo4k"}---
1111111111111----run in----2018-01-16 17:03:51+++files[]+++get[]+++request{"_C":"Code2d","_A":"get","_DATA":"{\"path\":\"pages\/share\/share?aid=2\",\"openid\":\"oeDcV0W0lW2u-WnondVku8uZZo4k\"}","openid":"oeDcV0W0lW2u-WnondVku8uZZo4k"}---
1111111111111----run in----2018-01-16 17:04:46+++files[]+++get[]+++request{"_C":"Code2d","_A":"get","_DATA":"{\"path\":\"pages\/share\/share?aid=2\",\"openid\":\"oeDcV0W0lW2u-WnondVku8uZZo4k\"}","openid":"oeDcV0W0lW2u-WnondVku8uZZo4k"}---
1111111111111----run in----2018-01-16 17:05:35+++files[]+++get[]+++request{"_C":"Code2d","_A":"get","_DATA":"{\"path\":\"pages\/share\/share?aid=2\",\"openid\":\"oeDcV0W0lW2u-WnondVku8uZZo4k\"}","openid":"oeDcV0W0lW2u-WnondVku8uZZo4k"}---
1111111111111----run in----2018-01-16 17:05:47+++files[]+++get[]+++request{"_C":"Code2d","_A":"get","_DATA":"{\"path\":\"pages\/share\/share?aid=2\",\"openid\":\"oeDcV0W0lW2u-WnondVku8uZZo4k\"}","openid":"oeDcV0W0lW2u-WnondVku8uZZo4k"}---
1111111111111----run in----2018-01-16 17:05:58+++files[]+++get[]+++request{"_C":"Code2d","_A":"get","_DATA":"{\"path\":\"pages\/share\/share?aid=2\",\"openid\":\"oeDcV0W0lW2u-WnondVku8uZZo4k\"}","openid":"oeDcV0W0lW2u-WnondVku8uZZo4k"}---
1111111111111----run in----2018-01-16 17:06:01+++files[]+++get[]+++request{"_C":"Code2d","_A":"get","_DATA":"{\"path\":\"pages\/share\/share?aid=2\",\"openid\":\"oeDcV0W0lW2u-WnondVku8uZZo4k\"}","openid":"oeDcV0W0lW2u-WnondVku8uZZo4k"}---
1111111111111----run in----2018-01-16 17:06:12+++files[]+++get[]+++request{"_C":"Code2d","_A":"get","_DATA":"{\"path\":\"pages\/share\/share?aid=2\",\"openid\":\"oeDcV0W0lW2u-WnondVku8uZZo4k\"}","openid":"oeDcV0W0lW2u-WnondVku8uZZo4k"}---
1111111111111----run in----2018-01-16 17:06:23+++files[]+++get[]+++request{"_C":"Code2d","_A":"get","_DATA":"{\"path\":\"pages\/share\/share?aid=2\",\"openid\":\"oeDcV0W0lW2u-WnondVku8uZZo4k\"}","openid":"oeDcV0W0lW2u-WnondVku8uZZo4k"}---
1111111111111----run in----2018-01-16 17:07:27+++files[]+++get[]+++request{"_C":"Code2d","_A":"get","_DATA":"{\"path\":\"pages\/share\/share?aid=2\",\"openid\":\"oeDcV0W0lW2u-WnondVku8uZZo4k\"}","openid":"oeDcV0W0lW2u-WnondVku8uZZo4k"}---
1111111111111----run in----2018-01-16 17:07:36+++files[]+++get[]+++request{"_C":"Code2d","_A":"get","_DATA":"{\"path\":\"pages\/share\/share?aid=2\",\"openid\":\"oeDcV0W0lW2u-WnondVku8uZZo4k\"}","openid":"oeDcV0W0lW2u-WnondVku8uZZo4k"}---
1111111111111----run in----2018-01-16 17:07:54+++files[]+++get[]+++request{"_C":"Code2d","_A":"get","_DATA":"{\"path\":\"pages\/share\/share?aid=2\",\"openid\":\"oeDcV0W0lW2u-WnondVku8uZZo4k\"}","openid":"oeDcV0W0lW2u-WnondVku8uZZo4k"}---
1111111111111----run in----2018-01-16 17:08:06+++files[]+++get[]+++request{"_C":"Code2d","_A":"get","_DATA":"{\"path\":\"pages\/share\/share?aid=2\",\"openid\":\"oeDcV0W0lW2u-WnondVku8uZZo4k\"}","openid":"oeDcV0W0lW2u-WnondVku8uZZo4k"}---
1111111111111----run in----2018-01-16 17:08:15+++files[]+++get[]+++request{"_C":"Code2d","_A":"get","_DATA":"{\"path\":\"pages\/share\/share?aid=2\",\"openid\":\"oeDcV0W0lW2u-WnondVku8uZZo4k\"}","openid":"oeDcV0W0lW2u-WnondVku8uZZo4k"}---
1111111111111----run in----2018-01-16 17:08:48+++files[]+++get[]+++request{"_C":"Code2d","_A":"get","_DATA":"{\"path\":\"pages\/share\/share?aid=2\",\"openid\":\"oeDcV0W0lW2u-WnondVku8uZZo4k\"}","openid":"oeDcV0W0lW2u-WnondVku8uZZo4k"}---
1111111111111----run in----2018-01-16 17:09:22+++files[]+++get[]+++request{"_C":"Code2d","_A":"get","_DATA":"{\"path\":\"pages\/share\/share?aid=2\",\"openid\":\"oeDcV0W0lW2u-WnondVku8uZZo4k\"}","openid":"oeDcV0W0lW2u-WnondVku8uZZo4k"}---
1111111111111----run in----2018-01-16 17:10:03+++files[]+++get[]+++request{"_C":"Code2d","_A":"get","_DATA":"{\"path\":\"pages\/share\/share?aid=2\",\"openid\":\"oeDcV0W0lW2u-WnondVku8uZZo4k\"}","openid":"oeDcV0W0lW2u-WnondVku8uZZo4k"}---
1111111111111----run in----2018-01-16 17:11:21+++files[]+++get[]+++request{"_C":"Code2d","_A":"get","_DATA":"{\"path\":\"pages\/share\/share?aid=2\",\"openid\":\"oeDcV0W0lW2u-WnondVku8uZZo4k\"}","openid":"oeDcV0W0lW2u-WnondVku8uZZo4k"}---
1111111111111----run in----2018-01-16 17:12:29+++files[]+++get[]+++request{"_C":"Code2d","_A":"get","_DATA":"{\"path\":\"pages\/share\/share?aid=2\",\"openid\":\"oeDcV0W0lW2u-WnondVku8uZZo4k\"}","openid":"oeDcV0W0lW2u-WnondVku8uZZo4k"}---
1111111111111----run in----2018-01-16 17:12:59+++files[]+++get[]+++request{"_C":"Code2d","_A":"get","_DATA":"{\"path\":\"pages\/share\/share?aid=2\",\"openid\":\"oeDcV0W0lW2u-WnondVku8uZZo4k\"}","openid":"oeDcV0W0lW2u-WnondVku8uZZo4k"}---
1111111111111----run in----2018-01-16 17:13:10+++files[]+++get[]+++request{"_C":"Code2d","_A":"get","_DATA":"{\"path\":\"pages\/share\/share?aid=2\",\"openid\":\"oeDcV0W0lW2u-WnondVku8uZZo4k\"}","openid":"oeDcV0W0lW2u-WnondVku8uZZo4k"}---
1111111111111----run in----2018-01-16 17:14:01+++files[]+++get[]+++request{"_C":"Code2d","_A":"get","_DATA":"{\"path\":\"pages\/share\/share?aid=2\",\"openid\":\"oeDcV0W0lW2u-WnondVku8uZZo4k\"}","openid":"oeDcV0W0lW2u-WnondVku8uZZo4k"}---
1111111111111----run in----2018-01-16 17:14:27+++files[]+++get[]+++request{"_C":"Code2d","_A":"get","_DATA":"{\"path\":\"pages\/share\/share?aid=2\",\"openid\":\"oeDcV0W0lW2u-WnondVku8uZZo4k\"}","openid":"oeDcV0W0lW2u-WnondVku8uZZo4k"}---
1111111111111----run in----2018-01-16 17:14:33+++files[]+++get[]+++request{"_C":"Code2d","_A":"get","_DATA":"{\"path\":\"pages\/share\/share?aid=2\",\"openid\":\"oeDcV0W0lW2u-WnondVku8uZZo4k\"}","openid":"oeDcV0W0lW2u-WnondVku8uZZo4k"}---
1111111111111----run in----2018-01-16 17:20:16+++files[]+++get[]+++request{"_C":"Code2d","_A":"get","_DATA":"{\"path\":\"pages\/share\/share?aid=2\",\"openid\":\"oeDcV0W0lW2u-WnondVku8uZZo4k\"}","openid":"oeDcV0W0lW2u-WnondVku8uZZo4k"}---
1111111111111----run in----2018-01-16 17:20:57+++files[]+++get[]+++request{"_C":"Code2d","_A":"get","_DATA":"{\"path\":\"pages\/share\/share?aid=2\",\"openid\":\"oeDcV0W0lW2u-WnondVku8uZZo4k\"}","openid":"oeDcV0W0lW2u-WnondVku8uZZo4k"}---
1111111111111----run in----2018-01-16 17:21:57+++files[]+++get[]+++request{"_C":"Code2d","_A":"get","_DATA":"{\"path\":\"pages\/share\/share?aid=2\",\"openid\":\"oeDcV0W0lW2u-WnondVku8uZZo4k\"}","openid":"oeDcV0W0lW2u-WnondVku8uZZo4k"}---
1111111111111----run in----2018-01-16 17:22:04+++files[]+++get[]+++request{"_C":"Code2d","_A":"get","_DATA":"{\"path\":\"pages\/share\/share?aid=2\",\"openid\":\"oeDcV0W0lW2u-WnondVku8uZZo4k\"}","openid":"oeDcV0W0lW2u-WnondVku8uZZo4k"}---
1111111111111----run in----2018-01-16 17:22:16+++files[]+++get[]+++request{"_C":"Code2d","_A":"get","_DATA":"{\"path\":\"pages\/share\/share?aid=2\",\"openid\":\"oeDcV0W0lW2u-WnondVku8uZZo4k\"}","openid":"oeDcV0W0lW2u-WnondVku8uZZo4k"}---
1111111111111----run in----2018-01-16 17:22:54+++files[]+++get[]+++request{"_C":"Code2d","_A":"get","_DATA":"{\"path\":\"pages\/share\/share?aid=2\",\"openid\":\"oeDcV0W0lW2u-WnondVku8uZZo4k\"}","openid":"oeDcV0W0lW2u-WnondVku8uZZo4k"}---
1111111111111----run in----2018-01-16 17:22:56+++files[]+++get[]+++request{"_C":"Act","_A":"selectOne","id":"2","group_id":"","openid":"oeDcV0W0lW2u-WnondVku8uZZo4k"}---
1111111111111----run in----2018-01-16 17:22:58+++files[]+++get[]+++request{"_C":"Code2d","_A":"get","_DATA":"{\"path\":\"pages\/share\/share?aid=2\",\"openid\":\"oeDcV0W0lW2u-WnondVku8uZZo4k\"}","openid":"oeDcV0W0lW2u-WnondVku8uZZo4k"}---
1111111111111----run in----2018-01-16 17:23:41+++files[]+++get[]+++request{"_C":"Code2d","_A":"get","_DATA":"{\"path\":\"pages\/share\/share?aid=2\",\"openid\":\"oeDcV0W0lW2u-WnondVku8uZZo4k\"}","openid":"oeDcV0W0lW2u-WnondVku8uZZo4k"}---
1111111111111----run in----2018-01-16 17:25:01+++files[]+++get[]+++request{"_C":"Code2d","_A":"get","_DATA":"{\"path\":\"pages\/share\/share?aid=2\",\"openid\":\"oeDcV0W0lW2u-WnondVku8uZZo4k\"}","openid":"oeDcV0W0lW2u-WnondVku8uZZo4k"}---
1111111111111----run in----2018-01-16 17:29:29+++files[]+++get[]+++request{"_C":"Code2d","_A":"get","_DATA":"{\"path\":\"pages\/share\/share?aid=2\",\"openid\":\"oeDcV0W0lW2u-WnondVku8uZZo4k\"}","openid":"oeDcV0W0lW2u-WnondVku8uZZo4k"}---
1111111111111----run in----2018-01-16 17:29:55+++files[]+++get[]+++request{"_C":"Code2d","_A":"get","_DATA":"{\"path\":\"pages\/share\/share?aid=2\",\"openid\":\"oeDcV0W0lW2u-WnondVku8uZZo4k\"}","openid":"oeDcV0W0lW2u-WnondVku8uZZo4k"}---
1111111111111----run in----2018-01-16 17:30:05+++files[]+++get[]+++request{"_C":"Code2d","_A":"get","_DATA":"{\"path\":\"pages\/share\/share?aid=2\",\"openid\":\"oeDcV0W0lW2u-WnondVku8uZZo4k\"}","openid":"oeDcV0W0lW2u-WnondVku8uZZo4k"}---
1111111111111----run in----2018-01-16 17:32:51+++files[]+++get[]+++request{"_C":"Code2d","_A":"get","_DATA":"{\"path\":\"pages\/share\/share?aid=2\",\"openid\":\"oeDcV0W0lW2u-WnondVku8uZZo4k\"}","openid":"oeDcV0W0lW2u-WnondVku8uZZo4k"}---
1111111111111----run in----2018-01-16 17:32:53+++files[]+++get[]+++request{"_C":"Code2d","_A":"get","_DATA":"{\"path\":\"pages\/share\/share?aid=2\",\"openid\":\"oeDcV0W0lW2u-WnondVku8uZZo4k\"}","openid":"oeDcV0W0lW2u-WnondVku8uZZo4k"}---
1111111111111----run in----2018-01-16 17:33:04+++files[]+++get[]+++request{"_C":"Code2d","_A":"get","_DATA":"{\"path\":\"pages\/share\/share?aid=2\",\"openid\":\"oeDcV0W0lW2u-WnondVku8uZZo4k\"}","openid":"oeDcV0W0lW2u-WnondVku8uZZo4k"}---
1111111111111----run in----2018-01-16 17:33:50+++files[]+++get[]+++request{"_C":"Code2d","_A":"get","_DATA":"{\"path\":\"pages\/share\/share?aid=2\",\"openid\":\"oeDcV0W0lW2u-WnondVku8uZZo4k\"}","openid":"oeDcV0W0lW2u-WnondVku8uZZo4k"}---
1111111111111----run in----2018-01-16 17:34:45+++files[]+++get[]+++request{"_C":"Code2d","_A":"get","_DATA":"{\"path\":\"pages\/share\/share?aid=2\",\"openid\":\"oeDcV0W0lW2u-WnondVku8uZZo4k\"}","openid":"oeDcV0W0lW2u-WnondVku8uZZo4k"}---
1111111111111----run in----2018-01-16 17:37:15+++files[]+++get[]+++request{"_C":"Code2d","_A":"get","_DATA":"{\"path\":\"pages\/share\/share?aid=2\",\"openid\":\"oeDcV0W0lW2u-WnondVku8uZZo4k\"}","openid":"oeDcV0W0lW2u-WnondVku8uZZo4k"}---
1111111111111----run in----2018-01-16 17:37:25+++files[]+++get[]+++request{"_C":"Code2d","_A":"get","_DATA":"{\"path\":\"pages\/share\/share?aid=2\",\"openid\":\"oeDcV0W0lW2u-WnondVku8uZZo4k\"}","openid":"oeDcV0W0lW2u-WnondVku8uZZo4k"}---
1111111111111----run in----2018-01-16 17:38:01+++files[]+++get[]+++request{"_C":"Code2d","_A":"get","_DATA":"{\"path\":\"pages\/share\/share?aid=2\",\"openid\":\"oeDcV0W0lW2u-WnondVku8uZZo4k\"}","openid":"oeDcV0W0lW2u-WnondVku8uZZo4k"}---
1111111111111----run in----2018-01-16 17:38:06+++files[]+++get[]+++request{"_C":"Code2d","_A":"get","_DATA":"{\"path\":\"pages\/share\/share?aid=2\",\"openid\":\"oeDcV0W0lW2u-WnondVku8uZZo4k\"}","openid":"oeDcV0W0lW2u-WnondVku8uZZo4k"}---
1111111111111----run in----2018-01-16 17:38:10+++files[]+++get[]+++request{"_C":"Code2d","_A":"get","_DATA":"{\"path\":\"pages\/share\/share?aid=2\",\"openid\":\"oeDcV0W0lW2u-WnondVku8uZZo4k\"}","openid":"oeDcV0W0lW2u-WnondVku8uZZo4k"}---
1111111111111----run in----2018-01-16 17:38:16+++files[]+++get[]+++request{"_C":"Code2d","_A":"get","_DATA":"{\"path\":\"pages\/share\/share?aid=2\",\"openid\":\"oeDcV0W0lW2u-WnondVku8uZZo4k\"}","openid":"oeDcV0W0lW2u-WnondVku8uZZo4k"}---
1111111111111----run in----2018-01-16 17:38:30+++files[]+++get[]+++request{"_C":"Code2d","_A":"get","_DATA":"{\"path\":\"pages\/share\/share?aid=2\",\"openid\":\"oeDcV0W0lW2u-WnondVku8uZZo4k\"}","openid":"oeDcV0W0lW2u-WnondVku8uZZo4k"}---
1111111111111----run in----2018-01-16 17:38:59+++files[]+++get[]+++request{"_C":"Code2d","_A":"get","_DATA":"{\"path\":\"pages\/share\/share?aid=2\",\"openid\":\"oeDcV0W0lW2u-WnondVku8uZZo4k\"}","openid":"oeDcV0W0lW2u-WnondVku8uZZo4k"}---
1111111111111----run in----2018-01-16 17:40:50+++files[]+++get[]+++request{"_C":"Code2d","_A":"get","_DATA":"{\"path\":\"pages\/share\/share?aid=2\",\"openid\":\"oeDcV0W0lW2u-WnondVku8uZZo4k\"}","openid":"oeDcV0W0lW2u-WnondVku8uZZo4k"}---
1111111111111----run in----2018-01-16 17:40:57+++files[]+++get[]+++request{"_C":"Code2d","_A":"get","_DATA":"{\"path\":\"pages\/share\/share?aid=2\",\"openid\":\"oeDcV0W0lW2u-WnondVku8uZZo4k\"}","openid":"oeDcV0W0lW2u-WnondVku8uZZo4k"}---
1111111111111----run in----2018-01-16 17:41:07+++files[]+++get[]+++request{"_C":"Code2d","_A":"get","_DATA":"{\"path\":\"pages\/share\/share?aid=2\",\"openid\":\"oeDcV0W0lW2u-WnondVku8uZZo4k\"}","openid":"oeDcV0W0lW2u-WnondVku8uZZo4k"}---
1111111111111----run in----2018-01-16 17:41:16+++files[]+++get[]+++request{"_C":"Code2d","_A":"get","_DATA":"{\"path\":\"pages\/share\/share?aid=2\",\"openid\":\"oeDcV0W0lW2u-WnondVku8uZZo4k\"}","openid":"oeDcV0W0lW2u-WnondVku8uZZo4k"}---
1111111111111----run in----2018-01-16 17:41:23+++files[]+++get[]+++request{"_C":"Code2d","_A":"get","_DATA":"{\"path\":\"pages\/share\/share?aid=2\",\"openid\":\"oeDcV0W0lW2u-WnondVku8uZZo4k\"}","openid":"oeDcV0W0lW2u-WnondVku8uZZo4k"}---
1111111111111----run in----2018-01-16 17:42:03+++files[]+++get[]+++request{"_C":"Code2d","_A":"get","_DATA":"{\"path\":\"pages\/share\/share?aid=2\",\"openid\":\"oeDcV0W0lW2u-WnondVku8uZZo4k\"}","openid":"oeDcV0W0lW2u-WnondVku8uZZo4k"}---
1111111111111----run in----2018-01-16 17:59:31+++files[]+++get[]+++request{"_C":"Code2d","_A":"get","_DATA":"{\"path\":\"pages\/share\/share?aid=2\",\"openid\":\"oeDcV0fcvgQXwTF1AXrK17a5-l-M\"}","openid":"oeDcV0fcvgQXwTF1AXrK17a5-l-M"}---
1111111111111----run in----2018-01-16 17:59:38+++files[]+++get[]+++request{"_C":"Code2d","_A":"get","_DATA":"{\"path\":\"pages\/share\/share?aid=2\",\"openid\":\"oeDcV0fcvgQXwTF1AXrK17a5-l-M\"}","openid":"oeDcV0fcvgQXwTF1AXrK17a5-l-M"}---
1111111111111----run in----2018-01-16 17:59:47+++files[]+++get[]+++request{"_C":"Code2d","_A":"get","_DATA":"{\"path\":\"pages\/share\/share?aid=2\",\"openid\":\"oeDcV0fcvgQXwTF1AXrK17a5-l-M\"}","openid":"oeDcV0fcvgQXwTF1AXrK17a5-l-M"}---
1111111111111----run in----2018-01-16 18:02:05+++files[]+++get[]+++request{"_C":"Code2d","_A":"get","_DATA":"{\"path\":\"pages\/share\/share?aid=2\",\"openid\":\"oeDcV0W0lW2u-WnondVku8uZZo4k\"}","openid":"oeDcV0W0lW2u-WnondVku8uZZo4k"}---
1111111111111----run in----2018-01-16 18:02:12+++files[]+++get[]+++request{"_C":"Code2d","_A":"get","_DATA":"{\"path\":\"pages\/share\/share?aid=2\",\"openid\":\"oeDcV0W0lW2u-WnondVku8uZZo4k\"}","openid":"oeDcV0W0lW2u-WnondVku8uZZo4k"}---
1111111111111----run in----2018-01-16 18:02:18+++files[]+++get[]+++request{"_C":"Code2d","_A":"get","_DATA":"{\"path\":\"pages\/share\/share?aid=2\",\"openid\":\"oeDcV0W0lW2u-WnondVku8uZZo4k\"}","openid":"oeDcV0W0lW2u-WnondVku8uZZo4k"}---
1111111111111----run in----2018-01-16 18:02:24+++files[]+++get[]+++request{"_C":"Code2d","_A":"get","_DATA":"{\"path\":\"pages\/share\/share?aid=2\",\"openid\":\"oeDcV0W0lW2u-WnondVku8uZZo4k\"}","openid":"oeDcV0W0lW2u-WnondVku8uZZo4k"}---
1111111111111----run in----2018-01-16 18:05:04+++files[]+++get[]+++request{"_C":"Code2d","_A":"get","_DATA":"{\"path\":\"pages\/share\/share?aid=2\",\"openid\":\"oeDcV0W0lW2u-WnondVku8uZZo4k\"}","openid":"oeDcV0W0lW2u-WnondVku8uZZo4k"}---
1111111111111----run in----2018-01-16 18:05:11+++files[]+++get[]+++request{"_C":"Code2d","_A":"get","_DATA":"{\"path\":\"pages\/share\/share?aid=2\",\"openid\":\"oeDcV0W0lW2u-WnondVku8uZZo4k\"}","openid":"oeDcV0W0lW2u-WnondVku8uZZo4k"}---
1111111111111----run in----2018-01-16 18:05:21+++files[]+++get[]+++request{"_C":"Code2d","_A":"get","_DATA":"{\"path\":\"pages\/share\/share?aid=2\",\"openid\":\"oeDcV0W0lW2u-WnondVku8uZZo4k\"}","openid":"oeDcV0W0lW2u-WnondVku8uZZo4k"}---
1111111111111----run in----2018-01-16 18:05:30+++files[]+++get[]+++request{"_C":"Code2d","_A":"get","_DATA":"{\"path\":\"pages\/share\/share?aid=2\",\"openid\":\"oeDcV0W0lW2u-WnondVku8uZZo4k\"}","openid":"oeDcV0W0lW2u-WnondVku8uZZo4k"}---
1111111111111----run in----2018-01-16 18:05:33+++files[]+++get[]+++request{"_C":"Code2d","_A":"get","_DATA":"{\"path\":\"pages\/share\/share?aid=2\",\"openid\":\"oeDcV0W0lW2u-WnondVku8uZZo4k\"}","openid":"oeDcV0W0lW2u-WnondVku8uZZo4k"}---
1111111111111----run in----2018-01-16 18:05:39+++files[]+++get[]+++request{"_C":"Code2d","_A":"get","_DATA":"{\"path\":\"pages\/share\/share?aid=2\",\"openid\":\"oeDcV0W0lW2u-WnondVku8uZZo4k\"}","openid":"oeDcV0W0lW2u-WnondVku8uZZo4k"}---
1111111111111----run in----2018-01-16 18:07:01+++files[]+++get[]+++request{"_C":"Code2d","_A":"get","_DATA":"{\"path\":\"pages\/share\/share?aid=2\",\"openid\":\"oeDcV0W0lW2u-WnondVku8uZZo4k\"}","openid":"oeDcV0W0lW2u-WnondVku8uZZo4k"}---
1111111111111----run in----2018-01-16 18:07:04+++files[]+++get[]+++request{"_C":"Code2d","_A":"get","_DATA":"{\"path\":\"pages\/share\/share?aid=2\",\"openid\":\"oeDcV0W0lW2u-WnondVku8uZZo4k\"}","openid":"oeDcV0W0lW2u-WnondVku8uZZo4k"}---
1111111111111----run in----2018-01-16 18:08:45+++files[]+++get[]+++request{"_C":"Code2d","_A":"get","_DATA":"{\"path\":\"pages\/share\/share?aid=2\",\"openid\":\"oeDcV0W0lW2u-WnondVku8uZZo4k\"}","openid":"oeDcV0W0lW2u-WnondVku8uZZo4k"}---
1111111111111----run in----2018-01-16 18:08:59+++files[]+++get[]+++request{"_C":"Code2d","_A":"get","_DATA":"{\"path\":\"pages\/share\/share?aid=2\",\"openid\":\"oeDcV0W0lW2u-WnondVku8uZZo4k\"}","openid":"oeDcV0W0lW2u-WnondVku8uZZo4k"}---
1111111111111----run in----2018-01-16 18:09:56+++files[]+++get[]+++request{"_C":"Code2d","_A":"get","_DATA":"{\"path\":\"pages\/share\/share?aid=2\",\"openid\":\"oeDcV0W0lW2u-WnondVku8uZZo4k\"}","openid":"oeDcV0W0lW2u-WnondVku8uZZo4k"}---
1111111111111----run in----2018-01-16 18:10:03+++files[]+++get[]+++request{"_C":"Code2d","_A":"get","_DATA":"{\"path\":\"pages\/share\/share?aid=2\",\"openid\":\"oeDcV0W0lW2u-WnondVku8uZZo4k\"}","openid":"oeDcV0W0lW2u-WnondVku8uZZo4k"}---
1111111111111----run in----2018-01-16 18:10:44+++files[]+++get[]+++request{"_C":"Code2d","_A":"get","_DATA":"{\"path\":\"pages\/share\/share?aid=2\",\"openid\":\"oeDcV0W0lW2u-WnondVku8uZZo4k\"}","openid":"oeDcV0W0lW2u-WnondVku8uZZo4k"}---
1111111111111----run in----2018-01-16 18:10:52+++files[]+++get[]+++request{"_C":"Code2d","_A":"get","_DATA":"{\"path\":\"pages\/share\/share?aid=2\",\"openid\":\"oeDcV0W0lW2u-WnondVku8uZZo4k\"}","openid":"oeDcV0W0lW2u-WnondVku8uZZo4k"}---
1111111111111----run in----2018-01-16 18:11:26+++files[]+++get[]+++request{"_C":"Code2d","_A":"get","_DATA":"{\"path\":\"pages\/share\/share?aid=2\",\"openid\":\"oeDcV0W0lW2u-WnondVku8uZZo4k\"}","openid":"oeDcV0W0lW2u-WnondVku8uZZo4k"}---
1111111111111----run in----2018-01-16 18:11:31+++files[]+++get[]+++request{"_C":"Code2d","_A":"get","_DATA":"{\"path\":\"pages\/share\/share?aid=2\",\"openid\":\"oeDcV0W0lW2u-WnondVku8uZZo4k\"}","openid":"oeDcV0W0lW2u-WnondVku8uZZo4k"}---
1111111111111----run in----2018-01-16 18:12:05+++files[]+++get[]+++request{"_C":"Code2d","_A":"get","_DATA":"{\"path\":\"pages\/share\/share?aid=2\",\"openid\":\"oeDcV0W0lW2u-WnondVku8uZZo4k\"}","openid":"oeDcV0W0lW2u-WnondVku8uZZo4k"}---
1111111111111----run in----2018-01-16 18:12:11+++files[]+++get[]+++request{"_C":"Code2d","_A":"get","_DATA":"{\"path\":\"pages\/share\/share?aid=2\",\"openid\":\"oeDcV0W0lW2u-WnondVku8uZZo4k\"}","openid":"oeDcV0W0lW2u-WnondVku8uZZo4k"}---
1111111111111----run in----2018-01-16 18:12:17+++files[]+++get[]+++request{"_C":"Code2d","_A":"get","_DATA":"{\"path\":\"pages\/share\/share?aid=2\",\"openid\":\"oeDcV0W0lW2u-WnondVku8uZZo4k\"}","openid":"oeDcV0W0lW2u-WnondVku8uZZo4k"}---
1111111111111----run in----2018-01-16 18:12:20+++files[]+++get[]+++request{"_C":"Code2d","_A":"get","_DATA":"{\"path\":\"pages\/share\/share?aid=2\",\"openid\":\"oeDcV0W0lW2u-WnondVku8uZZo4k\"}","openid":"oeDcV0W0lW2u-WnondVku8uZZo4k"}---
1111111111111----run in----2018-01-16 18:13:11+++files[]+++get[]+++request{"_C":"Code2d","_A":"get","_DATA":"{\"path\":\"pages\/share\/share?aid=2\",\"openid\":\"oeDcV0W0lW2u-WnondVku8uZZo4k\"}","openid":"oeDcV0W0lW2u-WnondVku8uZZo4k"}---
1111111111111----run in----2018-01-16 18:14:03+++files[]+++get[]+++request{"_C":"Code2d","_A":"get","_DATA":"{\"path\":\"pages\/share\/share?aid=2\",\"openid\":\"oeDcV0W0lW2u-WnondVku8uZZo4k\"}","openid":"oeDcV0W0lW2u-WnondVku8uZZo4k"}---
1111111111111----run in----2018-01-16 18:14:13+++files[]+++get[]+++request{"_C":"Code2d","_A":"get","_DATA":"{\"path\":\"pages\/share\/share?aid=2\",\"openid\":\"oeDcV0W0lW2u-WnondVku8uZZo4k\"}","openid":"oeDcV0W0lW2u-WnondVku8uZZo4k"}---
1111111111111----run in----2018-01-16 18:15:55+++files[]+++get[]+++request{"_C":"Code2d","_A":"get","_DATA":"{\"path\":\"pages\/share\/share?aid=2\",\"openid\":\"oeDcV0W0lW2u-WnondVku8uZZo4k\"}","openid":"oeDcV0W0lW2u-WnondVku8uZZo4k"}---
1111111111111----run in----2018-01-16 18:17:16+++files[]+++get[]+++request{"_C":"Code2d","_A":"get","_DATA":"{\"path\":\"pages\/share\/share?aid=2\",\"openid\":\"oeDcV0W0lW2u-WnondVku8uZZo4k\"}","openid":"oeDcV0W0lW2u-WnondVku8uZZo4k"}---
1111111111111----run in----2018-01-16 18:17:21+++files[]+++get[]+++request{"_C":"Code2d","_A":"get","_DATA":"{\"path\":\"pages\/share\/share?aid=2\",\"openid\":\"oeDcV0W0lW2u-WnondVku8uZZo4k\"}","openid":"oeDcV0W0lW2u-WnondVku8uZZo4k"}---
1111111111111----run in----2018-01-16 18:17:56+++files[]+++get[]+++request{"_C":"Code2d","_A":"get","_DATA":"{\"path\":\"pages\/share\/share?aid=2\",\"openid\":\"oeDcV0W0lW2u-WnondVku8uZZo4k\"}","openid":"oeDcV0W0lW2u-WnondVku8uZZo4k"}---
1111111111111----run in----2018-01-16 18:18:00+++files[]+++get[]+++request{"_C":"Code2d","_A":"get","_DATA":"{\"path\":\"pages\/share\/share?aid=2\",\"openid\":\"oeDcV0W0lW2u-WnondVku8uZZo4k\"}","openid":"oeDcV0W0lW2u-WnondVku8uZZo4k"}---
1111111111111----run in----2018-01-16 18:19:10+++files[]+++get[]+++request{"_C":"Code2d","_A":"get","_DATA":"{\"path\":\"pages\/share\/share?aid=2\",\"openid\":\"oeDcV0W0lW2u-WnondVku8uZZo4k\"}","openid":"oeDcV0W0lW2u-WnondVku8uZZo4k"}---
1111111111111----run in----2018-01-16 18:19:22+++files[]+++get[]+++request{"_C":"Code2d","_A":"get","_DATA":"{\"path\":\"pages\/share\/share?aid=2\",\"openid\":\"oeDcV0W0lW2u-WnondVku8uZZo4k\"}","openid":"oeDcV0W0lW2u-WnondVku8uZZo4k"}---
1111111111111----run in----2018-01-16 18:19:35+++files[]+++get[]+++request{"_C":"Code2d","_A":"get","_DATA":"{\"path\":\"pages\/share\/share?aid=2\",\"openid\":\"oeDcV0W0lW2u-WnondVku8uZZo4k\"}","openid":"oeDcV0W0lW2u-WnondVku8uZZo4k"}---
1111111111111----run in----2018-01-16 18:20:05+++files[]+++get[]+++request{"_C":"Code2d","_A":"get","_DATA":"{\"path\":\"pages\/share\/share?aid=2\",\"openid\":\"oeDcV0W0lW2u-WnondVku8uZZo4k\"}","openid":"oeDcV0W0lW2u-WnondVku8uZZo4k"}---
1111111111111----run in----2018-01-16 18:20:15+++files[]+++get[]+++request{"_C":"Code2d","_A":"get","_DATA":"{\"path\":\"pages\/share\/share?aid=2\",\"openid\":\"oeDcV0W0lW2u-WnondVku8uZZo4k\"}","openid":"oeDcV0W0lW2u-WnondVku8uZZo4k"}---
1111111111111----run in----2018-01-16 18:20:20+++files[]+++get[]+++request{"_C":"Code2d","_A":"get","_DATA":"{\"path\":\"pages\/share\/share?aid=2\",\"openid\":\"oeDcV0W0lW2u-WnondVku8uZZo4k\"}","openid":"oeDcV0W0lW2u-WnondVku8uZZo4k"}---
1111111111111----run in----2018-01-16 18:21:15+++files[]+++get[]+++request{"_C":"Code2d","_A":"get","_DATA":"{\"path\":\"pages\/share\/share?aid=2\",\"openid\":\"oeDcV0W0lW2u-WnondVku8uZZo4k\"}","openid":"oeDcV0W0lW2u-WnondVku8uZZo4k"}---
1111111111111----run in----2018-01-16 18:21:18+++files[]+++get[]+++request{"_C":"Code2d","_A":"get","_DATA":"{\"path\":\"pages\/share\/share?aid=2\",\"openid\":\"oeDcV0W0lW2u-WnondVku8uZZo4k\"}","openid":"oeDcV0W0lW2u-WnondVku8uZZo4k"}---
1111111111111----run in----2018-01-16 18:21:22+++files[]+++get[]+++request{"_C":"Code2d","_A":"get","_DATA":"{\"path\":\"pages\/share\/share?aid=2\",\"openid\":\"oeDcV0W0lW2u-WnondVku8uZZo4k\"}","openid":"oeDcV0W0lW2u-WnondVku8uZZo4k"}---
1111111111111----run in----2018-01-16 18:21:35+++files[]+++get[]+++request{"_C":"Code2d","_A":"get","_DATA":"{\"path\":\"pages\/share\/share?aid=2\",\"openid\":\"oeDcV0W0lW2u-WnondVku8uZZo4k\"}","openid":"oeDcV0W0lW2u-WnondVku8uZZo4k"}---
1111111111111----run in----2018-01-16 18:21:59+++files[]+++get[]+++request{"_C":"Code2d","_A":"get","_DATA":"{\"path\":\"pages\/share\/share?aid=2\",\"openid\":\"oeDcV0W0lW2u-WnondVku8uZZo4k\"}","openid":"oeDcV0W0lW2u-WnondVku8uZZo4k"}---
1111111111111----run in----2018-01-16 18:22:01+++files[]+++get[]+++request{"_C":"Code2d","_A":"get","_DATA":"{\"path\":\"pages\/share\/share?aid=2\",\"openid\":\"oeDcV0W0lW2u-WnondVku8uZZo4k\"}","openid":"oeDcV0W0lW2u-WnondVku8uZZo4k"}---
1111111111111----run in----2018-01-16 18:22:41+++files[]+++get[]+++request{"_C":"Code2d","_A":"get","_DATA":"{\"path\":\"pages\/share\/share?aid=2\",\"openid\":\"oeDcV0W0lW2u-WnondVku8uZZo4k\"}","openid":"oeDcV0W0lW2u-WnondVku8uZZo4k"}---
1111111111111----run in----2018-01-16 18:22:43+++files[]+++get[]+++request{"_C":"Code2d","_A":"get","_DATA":"{\"path\":\"pages\/share\/share?aid=2\",\"openid\":\"oeDcV0W0lW2u-WnondVku8uZZo4k\"}","openid":"oeDcV0W0lW2u-WnondVku8uZZo4k"}---
1111111111111----run in----2018-01-16 18:22:59+++files[]+++get[]+++request{"_C":"Code2d","_A":"get","_DATA":"{\"path\":\"pages\/share\/share?aid=2\",\"openid\":\"oeDcV0W0lW2u-WnondVku8uZZo4k\"}","openid":"oeDcV0W0lW2u-WnondVku8uZZo4k"}---
1111111111111----run in----2018-01-16 18:23:46+++files[]+++get[]+++request{"_C":"Code2d","_A":"get","_DATA":"{\"path\":\"pages\/share\/share?aid=2\",\"openid\":\"oeDcV0W0lW2u-WnondVku8uZZo4k\"}","openid":"oeDcV0W0lW2u-WnondVku8uZZo4k"}---
1111111111111----run in----2018-01-16 18:23:48+++files[]+++get[]+++request{"_C":"Code2d","_A":"get","_DATA":"{\"path\":\"pages\/share\/share?aid=2\",\"openid\":\"oeDcV0W0lW2u-WnondVku8uZZo4k\"}","openid":"oeDcV0W0lW2u-WnondVku8uZZo4k"}---
1111111111111----run in----2018-01-16 18:24:17+++files[]+++get[]+++request{"_C":"Code2d","_A":"get","_DATA":"{\"path\":\"pages\/share\/share?aid=2\",\"openid\":\"oeDcV0W0lW2u-WnondVku8uZZo4k\"}","openid":"oeDcV0W0lW2u-WnondVku8uZZo4k"}---
1111111111111----run in----2018-01-16 18:24:49+++files[]+++get[]+++request{"_C":"Code2d","_A":"get","_DATA":"{\"path\":\"pages\/share\/share?aid=2\",\"openid\":\"oeDcV0W0lW2u-WnondVku8uZZo4k\"}","openid":"oeDcV0W0lW2u-WnondVku8uZZo4k"}---
1111111111111----run in----2018-01-16 18:25:06+++files[]+++get[]+++request{"_C":"Code2d","_A":"get","_DATA":"{\"path\":\"pages\/share\/share?aid=2\",\"openid\":\"oeDcV0W0lW2u-WnondVku8uZZo4k\"}","openid":"oeDcV0W0lW2u-WnondVku8uZZo4k"}---
1111111111111----run in----2018-01-16 18:25:11+++files[]+++get[]+++request{"_C":"Code2d","_A":"get","_DATA":"{\"path\":\"pages\/share\/share?aid=2\",\"openid\":\"oeDcV0W0lW2u-WnondVku8uZZo4k\"}","openid":"oeDcV0W0lW2u-WnondVku8uZZo4k"}---
1111111111111----run in----2018-01-16 18:25:13+++files[]+++get[]+++request{"_C":"Code2d","_A":"get","_DATA":"{\"path\":\"pages\/share\/share?aid=2\",\"openid\":\"oeDcV0W0lW2u-WnondVku8uZZo4k\"}","openid":"oeDcV0W0lW2u-WnondVku8uZZo4k"}---
1111111111111----run in----2018-01-16 18:25:27+++files[]+++get[]+++request{"_C":"Code2d","_A":"get","_DATA":"{\"path\":\"pages\/share\/share?aid=2\",\"openid\":\"oeDcV0W0lW2u-WnondVku8uZZo4k\"}","openid":"oeDcV0W0lW2u-WnondVku8uZZo4k"}---
1111111111111----run in----2018-01-16 18:25:35+++files[]+++get[]+++request{"_C":"Code2d","_A":"get","_DATA":"{\"path\":\"pages\/share\/share?aid=2\",\"openid\":\"oeDcV0W0lW2u-WnondVku8uZZo4k\"}","openid":"oeDcV0W0lW2u-WnondVku8uZZo4k"}---
1111111111111----run in----2018-01-16 18:25:43+++files[]+++get[]+++request{"_C":"Code2d","_A":"get","_DATA":"{\"path\":\"pages\/share\/share?aid=2\",\"openid\":\"oeDcV0W0lW2u-WnondVku8uZZo4k\"}","openid":"oeDcV0W0lW2u-WnondVku8uZZo4k"}---
1111111111111----run in----2018-01-16 18:25:46+++files[]+++get[]+++request{"_C":"Code2d","_A":"get","_DATA":"{\"path\":\"pages\/share\/share?aid=2\",\"openid\":\"oeDcV0W0lW2u-WnondVku8uZZo4k\"}","openid":"oeDcV0W0lW2u-WnondVku8uZZo4k"}---
1111111111111----run in----2018-01-16 18:25:49+++files[]+++get[]+++request{"_C":"Code2d","_A":"get","_DATA":"{\"path\":\"pages\/share\/share?aid=2\",\"openid\":\"oeDcV0W0lW2u-WnondVku8uZZo4k\"}","openid":"oeDcV0W0lW2u-WnondVku8uZZo4k"}---
1111111111111----run in----2018-01-16 18:28:27+++files[]+++get[]+++request{"_C":"Code2d","_A":"get","_DATA":"{\"path\":\"pages\/share\/share?aid=2\",\"openid\":\"oeDcV0W0lW2u-WnondVku8uZZo4k\"}","openid":"oeDcV0W0lW2u-WnondVku8uZZo4k"}---
1111111111111----run in----2018-01-16 18:29:26+++files[]+++get[]+++request{"_C":"Code2d","_A":"get","_DATA":"{\"path\":\"pages\/share\/share?aid=2\",\"openid\":\"oeDcV0W0lW2u-WnondVku8uZZo4k\"}","openid":"oeDcV0W0lW2u-WnondVku8uZZo4k"}---
1111111111111----run in----2018-01-16 18:29:29+++files[]+++get[]+++request{"_C":"Code2d","_A":"get","_DATA":"{\"path\":\"pages\/share\/share?aid=2\",\"openid\":\"oeDcV0W0lW2u-WnondVku8uZZo4k\"}","openid":"oeDcV0W0lW2u-WnondVku8uZZo4k"}---
1111111111111----run in----2018-01-16 18:29:50+++files[]+++get[]+++request{"_C":"Code2d","_A":"get","_DATA":"{\"path\":\"pages\/share\/share?aid=2\",\"openid\":\"oeDcV0W0lW2u-WnondVku8uZZo4k\"}","openid":"oeDcV0W0lW2u-WnondVku8uZZo4k"}---
1111111111111----run in----2018-01-16 18:29:55+++files[]+++get[]+++request{"_C":"Code2d","_A":"get","_DATA":"{\"path\":\"pages\/share\/share?aid=2\",\"openid\":\"oeDcV0W0lW2u-WnondVku8uZZo4k\"}","openid":"oeDcV0W0lW2u-WnondVku8uZZo4k"}---
1111111111111----run in----2018-01-16 18:30:04+++files[]+++get[]+++request{"_C":"Code2d","_A":"get","_DATA":"{\"path\":\"pages\/share\/share?aid=2\",\"openid\":\"oeDcV0W0lW2u-WnondVku8uZZo4k\"}","openid":"oeDcV0W0lW2u-WnondVku8uZZo4k"}---
1111111111111----run in----2018-01-16 18:30:07+++files[]+++get[]+++request{"_C":"Code2d","_A":"get","_DATA":"{\"path\":\"pages\/share\/share?aid=2\",\"openid\":\"oeDcV0W0lW2u-WnondVku8uZZo4k\"}","openid":"oeDcV0W0lW2u-WnondVku8uZZo4k"}---
1111111111111----run in----2018-01-16 18:30:34+++files[]+++get[]+++request{"_C":"Code2d","_A":"get","_DATA":"{\"path\":\"pages\/share\/share?aid=2\",\"openid\":\"oeDcV0W0lW2u-WnondVku8uZZo4k\"}","openid":"oeDcV0W0lW2u-WnondVku8uZZo4k"}---
1111111111111----run in----2018-01-16 18:30:37+++files[]+++get[]+++request{"_C":"Code2d","_A":"get","_DATA":"{\"path\":\"pages\/share\/share?aid=2\",\"openid\":\"oeDcV0W0lW2u-WnondVku8uZZo4k\"}","openid":"oeDcV0W0lW2u-WnondVku8uZZo4k"}---
1111111111111----run in----2018-01-16 18:30:56+++files[]+++get[]+++request{"_C":"Code2d","_A":"get","_DATA":"{\"path\":\"pages\/share\/share?aid=2\",\"openid\":\"oeDcV0W0lW2u-WnondVku8uZZo4k\"}","openid":"oeDcV0W0lW2u-WnondVku8uZZo4k"}---
1111111111111----run in----2018-01-16 18:38:25+++files[]+++get[]+++request{"_C":"Code2d","_A":"get","_DATA":"{\"path\":\"pages\/share\/share?aid=2\",\"openid\":\"oeDcV0W0lW2u-WnondVku8uZZo4k\"}","openid":"oeDcV0W0lW2u-WnondVku8uZZo4k"}---
1111111111111----run in----2018-01-16 18:38:32+++files[]+++get[]+++request{"_C":"Code2d","_A":"get","_DATA":"{\"path\":\"pages\/share\/share?aid=2\",\"openid\":\"oeDcV0W0lW2u-WnondVku8uZZo4k\"}","openid":"oeDcV0W0lW2u-WnondVku8uZZo4k"}---
1111111111111----run in----2018-01-16 18:38:37+++files[]+++get[]+++request{"_C":"Code2d","_A":"get","_DATA":"{\"path\":\"pages\/share\/share?aid=2\",\"openid\":\"oeDcV0W0lW2u-WnondVku8uZZo4k\"}","openid":"oeDcV0W0lW2u-WnondVku8uZZo4k"}---
1111111111111----run in----2018-01-16 18:39:13+++files[]+++get[]+++request{"_C":"Code2d","_A":"get","_DATA":"{\"path\":\"pages\/share\/share?aid=2\",\"openid\":\"oeDcV0W0lW2u-WnondVku8uZZo4k\"}","openid":"oeDcV0W0lW2u-WnondVku8uZZo4k"}---
1111111111111----run in----2018-01-16 18:39:18+++files[]+++get[]+++request{"_C":"Code2d","_A":"get","_DATA":"{\"path\":\"pages\/share\/share?aid=2\",\"openid\":\"oeDcV0W0lW2u-WnondVku8uZZo4k\"}","openid":"oeDcV0W0lW2u-WnondVku8uZZo4k"}---
1111111111111----run in----2018-01-16 18:39:34+++files[]+++get[]+++request{"_C":"Code2d","_A":"get","_DATA":"{\"path\":\"pages\/share\/share?aid=2\",\"openid\":\"oeDcV0W0lW2u-WnondVku8uZZo4k\"}","openid":"oeDcV0W0lW2u-WnondVku8uZZo4k"}---
1111111111111----run in----2018-01-16 18:39:42+++files[]+++get[]+++request{"_C":"Code2d","_A":"get","_DATA":"{\"path\":\"pages\/share\/share?aid=2\",\"openid\":\"oeDcV0W0lW2u-WnondVku8uZZo4k\"}","openid":"oeDcV0W0lW2u-WnondVku8uZZo4k"}---
1111111111111----run in----2018-01-16 18:39:50+++files[]+++get[]+++request{"_C":"Code2d","_A":"get","_DATA":"{\"path\":\"pages\/share\/share?aid=2\",\"openid\":\"oeDcV0W0lW2u-WnondVku8uZZo4k\"}","openid":"oeDcV0W0lW2u-WnondVku8uZZo4k"}---
1111111111111----run in----2018-01-16 18:40:05+++files[]+++get[]+++request{"_C":"Code2d","_A":"get","_DATA":"{\"path\":\"pages\/share\/share?aid=2\",\"openid\":\"oeDcV0W0lW2u-WnondVku8uZZo4k\"}","openid":"oeDcV0W0lW2u-WnondVku8uZZo4k"}---
1111111111111----run in----2018-01-16 18:40:11+++files[]+++get[]+++request{"_C":"Code2d","_A":"get","_DATA":"{\"path\":\"pages\/share\/share?aid=2\",\"openid\":\"oeDcV0W0lW2u-WnondVku8uZZo4k\"}","openid":"oeDcV0W0lW2u-WnondVku8uZZo4k"}---
1111111111111----run in----2018-01-16 18:40:28+++files[]+++get[]+++request{"_C":"Code2d","_A":"get","_DATA":"{\"path\":\"pages\/share\/share?aid=2\",\"openid\":\"oeDcV0W0lW2u-WnondVku8uZZo4k\"}","openid":"oeDcV0W0lW2u-WnondVku8uZZo4k"}---
1111111111111----run in----2018-01-16 18:42:03+++files[]+++get[]+++request{"_C":"Code2d","_A":"get","_DATA":"{\"path\":\"pages\/share\/share?aid=2\",\"openid\":\"oeDcV0W0lW2u-WnondVku8uZZo4k\"}","openid":"oeDcV0W0lW2u-WnondVku8uZZo4k"}---
1111111111111----run in----2018-01-16 18:47:04+++files[]+++get[]+++request{"_C":"Code2d","_A":"get","_DATA":"{\"path\":\"pages\/share\/share?aid=2\",\"openid\":\"oeDcV0W0lW2u-WnondVku8uZZo4k\"}","openid":"oeDcV0W0lW2u-WnondVku8uZZo4k"}---
1111111111111----run in----2018-01-16 18:47:18+++files[]+++get[]+++request{"_C":"Code2d","_A":"get","_DATA":"{\"path\":\"pages\/share\/share?aid=2\",\"openid\":\"oeDcV0W0lW2u-WnondVku8uZZo4k\"}","openid":"oeDcV0W0lW2u-WnondVku8uZZo4k"}---
1111111111111----run in----2018-01-16 18:47:44+++files[]+++get[]+++request{"_C":"Code2d","_A":"get","_DATA":"{\"path\":\"pages\/share\/share?aid=2\",\"openid\":\"oeDcV0W0lW2u-WnondVku8uZZo4k\"}","openid":"oeDcV0W0lW2u-WnondVku8uZZo4k"}---
1111111111111----run in----2018-01-16 18:47:51+++files[]+++get[]+++request{"_C":"Code2d","_A":"get","_DATA":"{\"path\":\"pages\/share\/share?aid=2\",\"openid\":\"oeDcV0W0lW2u-WnondVku8uZZo4k\"}","openid":"oeDcV0W0lW2u-WnondVku8uZZo4k"}---
1111111111111----run in----2018-01-16 18:47:58+++files[]+++get[]+++request{"_C":"Code2d","_A":"get","_DATA":"{\"path\":\"pages\/share\/share?aid=2\",\"openid\":\"oeDcV0W0lW2u-WnondVku8uZZo4k\"}","openid":"oeDcV0W0lW2u-WnondVku8uZZo4k"}---
1111111111111----run in----2018-01-16 18:48:26+++files[]+++get[]+++request{"_C":"Code2d","_A":"get","_DATA":"{\"path\":\"pages\/share\/share?aid=2\",\"openid\":\"oeDcV0W0lW2u-WnondVku8uZZo4k\"}","openid":"oeDcV0W0lW2u-WnondVku8uZZo4k"}---
1111111111111----run in----2018-01-16 18:48:34+++files[]+++get[]+++request{"_C":"User","_A":"selectOne","openid":"oeDcV0W0lW2u-WnondVku8uZZo4k"}---
1111111111111----run in----2018-01-16 19:13:11+++files[]+++get[]+++request{"_C":"User","_A":"selectOne","openid":"oeDcV0W0lW2u-WnondVku8uZZo4k"}---
1111111111111----run in----2018-01-16 19:13:17+++files[]+++get[]+++request{"_C":"Act","_A":"select","_LIMIT":"0,10","_FILTER":"","openid":"oeDcV0W0lW2u-WnondVku8uZZo4k"}---
1111111111111----run in----2018-01-16 19:15:11+++files[]+++get[]+++request{"_C":"Act","_A":"select","_LIMIT":"0,10","_FILTER":"","openid":"oeDcV0W0lW2u-WnondVku8uZZo4k"}---
1111111111111----run in----2018-01-16 19:15:22+++files[]+++get[]+++request{"_C":"Act","_A":"select","_LIMIT":"0,10","_FILTER":"","openid":"oeDcV0W0lW2u-WnondVku8uZZo4k"}---
1111111111111----run in----2018-01-16 19:15:33+++files[]+++get[]+++request{"_C":"Act","_A":"select","_LIMIT":"0,10","_FILTER":"","openid":"oeDcV0W0lW2u-WnondVku8uZZo4k"}---
1111111111111----run in----2018-01-16 19:15:40+++files[]+++get[]+++request{"_C":"Money","_A":"selectOne","openid":"oeDcV0W0lW2u-WnondVku8uZZo4k"}---
1111111111111----run in----2018-01-16 19:15:40+++files[]+++get[]+++request{"_C":"My","_A":"selectIn","_LIMIT":"0,2","openid":"oeDcV0W0lW2u-WnondVku8uZZo4k"}---
1111111111111----run in----2018-01-16 19:15:56+++files[]+++get[]+++request{"_C":"Code2d","_A":"get","_DATA":"{\"path\":\"pages\/share\/share?aid=2\",\"openid\":\"oeDcV0W0lW2u-WnondVku8uZZo4k\"}","openid":"oeDcV0W0lW2u-WnondVku8uZZo4k"}---
1111111111111----run in----2018-01-16 19:16:32+++files[]+++get[]+++request{"_C":"Code2d","_A":"get","_DATA":"{\"path\":\"pages\/share\/share?aid=2\",\"openid\":\"oeDcV0W0lW2u-WnondVku8uZZo4k\"}","openid":"oeDcV0W0lW2u-WnondVku8uZZo4k"}---
1111111111111----run in----2018-01-16 19:17:31+++files[]+++get[]+++request{"_C":"My","_A":"selectIn","_LIMIT":"0,2","openid":"oeDcV0W0lW2u-WnondVku8uZZo4k"}---
1111111111111----run in----2018-01-16 19:17:31+++files[]+++get[]+++request{"_C":"Money","_A":"selectOne","openid":"oeDcV0W0lW2u-WnondVku8uZZo4k"}---
1111111111111----run in----2018-01-16 19:17:44+++files[]+++get[]+++request{"_C":"Code2d","_A":"get","_DATA":"{\"path\":\"pages\/share\/share?aid=2\",\"openid\":\"oeDcV0W0lW2u-WnondVku8uZZo4k\"}","openid":"oeDcV0W0lW2u-WnondVku8uZZo4k"}---
1111111111111----run in----2018-01-16 19:18:29+++files[]+++get[]+++request{"_C":"Code2d","_A":"get","_DATA":"{\"path\":\"pages\/share\/share?aid=2\",\"openid\":\"oeDcV0W0lW2u-WnondVku8uZZo4k\"}","openid":"oeDcV0W0lW2u-WnondVku8uZZo4k"}---
1111111111111----run in----2018-01-16 19:20:29+++files[]+++get[]+++request{"_C":"Code2d","_A":"get","_DATA":"{\"path\":\"pages\/share\/share?aid=2\",\"openid\":\"oeDcV0W0lW2u-WnondVku8uZZo4k\"}","openid":"oeDcV0W0lW2u-WnondVku8uZZo4k"}---
1111111111111----run in----2018-01-16 19:20:42+++files[]+++get[]+++request{"_C":"Code2d","_A":"get","_DATA":"{\"path\":\"pages\/share\/share?aid=2\",\"openid\":\"oeDcV0W0lW2u-WnondVku8uZZo4k\"}","openid":"oeDcV0W0lW2u-WnondVku8uZZo4k"}---
1111111111111----run in----2018-01-16 19:20:48+++files[]+++get[]+++request{"_C":"Code2d","_A":"get","_DATA":"{\"path\":\"pages\/share\/share?aid=2\",\"openid\":\"oeDcV0W0lW2u-WnondVku8uZZo4k\"}","openid":"oeDcV0W0lW2u-WnondVku8uZZo4k"}---
1111111111111----run in----2018-01-16 19:21:00+++files[]+++get[]+++request{"_C":"Code2d","_A":"get","_DATA":"{\"path\":\"pages\/share\/share?aid=2\",\"openid\":\"oeDcV0W0lW2u-WnondVku8uZZo4k\"}","openid":"oeDcV0W0lW2u-WnondVku8uZZo4k"}---
1111111111111----run in----2018-01-16 19:21:08+++files[]+++get[]+++request{"_C":"Code2d","_A":"get","_DATA":"{\"path\":\"pages\/share\/share?aid=2\",\"openid\":\"oeDcV0W0lW2u-WnondVku8uZZo4k\"}","openid":"oeDcV0W0lW2u-WnondVku8uZZo4k"}---
1111111111111----run in----2018-01-16 19:21:45+++files[]+++get[]+++request{"_C":"Code2d","_A":"get","_DATA":"{\"path\":\"pages\/share\/share?aid=2\",\"openid\":\"oeDcV0W0lW2u-WnondVku8uZZo4k\"}","openid":"oeDcV0W0lW2u-WnondVku8uZZo4k"}---
1111111111111----run in----2018-01-16 19:21:56+++files[]+++get[]+++request{"_C":"Code2d","_A":"get","_DATA":"{\"path\":\"pages\/share\/share?aid=2\",\"openid\":\"oeDcV0W0lW2u-WnondVku8uZZo4k\"}","openid":"oeDcV0W0lW2u-WnondVku8uZZo4k"}---
1111111111111----run in----2018-01-16 19:22:04+++files[]+++get[]+++request{"_C":"Code2d","_A":"get","_DATA":"{\"path\":\"pages\/share\/share?aid=2\",\"openid\":\"oeDcV0W0lW2u-WnondVku8uZZo4k\"}","openid":"oeDcV0W0lW2u-WnondVku8uZZo4k"}---
1111111111111----run in----2018-01-16 19:22:16+++files[]+++get[]+++request{"_C":"Act","_A":"selectOne","id":"2","group_id":"","openid":"oeDcV0W0lW2u-WnondVku8uZZo4k"}---
1111111111111----run in----2018-01-16 19:23:29+++files[]+++get[]+++request{"_C":"User","_A":"selectOne","openid":"oeDcV0W0lW2u-WnondVku8uZZo4k"}---
1111111111111----run in----2018-01-16 19:30:35+++files{"file":{"name":"wx3d00770652053edd.o6zAJs9bs--3Qn1Jkc_lFPynmD4A.46fb47194498945c833fab9f4719d5ee.png","type":"image\/png","tmp_name":"\/tmp\/phpe7Ajpp","error":0,"size":130948}}+++get[]+++request{"path":"act","openid":"oeDcV0W0lW2u-WnondVku8uZZo4k","_C":"Pic","_A":"upload"}---
2018-01-16 19:30:35:{"file":{"name":"wx3d00770652053edd.o6zAJs9bs--3Qn1Jkc_lFPynmD4A.46fb47194498945c833fab9f4719d5ee.png","type":"image\/png","tmp_name":"\/tmp\/phpe7Ajpp","error":0,"size":130948}}
1111111111111----run in----2018-01-16 20:33:13+++files[]+++get[]+++request{"_C":"Code2d","_A":"get","_DATA":"{\"path\":\"pages\/share\/share?aid=2\",\"openid\":\"oeDcV0W0lW2u-WnondVku8uZZo4k\"}","openid":"oeDcV0W0lW2u-WnondVku8uZZo4k"}---
1111111111111----run in----2018-01-16 20:33:24+++files[]+++get[]+++request{"_C":"Code2d","_A":"get","_DATA":"{\"path\":\"pages\/share\/share?aid=2\",\"openid\":\"oeDcV0W0lW2u-WnondVku8uZZo4k\"}","openid":"oeDcV0W0lW2u-WnondVku8uZZo4k"}---
1111111111111----run in----2018-01-16 20:33:29+++files[]+++get[]+++request{"_C":"Act","_A":"selectOne","id":"2","group_id":"","openid":"oeDcV0dJ3g1CclnmvlPfHTBkWZtU"}---
1111111111111----run in----2018-01-16 20:33:31+++files[]+++get[]+++request{"_C":"Act","_A":"selectOne","id":"2","group_id":"","openid":"oeDcV0W0lW2u-WnondVku8uZZo4k"}---
1111111111111----run in----2018-01-16 20:38:43+++files[]+++get[]+++request{"_C":"User","_A":"selectOne","openid":"oeDcV0W0lW2u-WnondVku8uZZo4k"}---
