1111111111111----run in----2018-01-20 15:26:34+++files[]+++get[]+++request{"_C":"User","_A":"selectOne","openid":"oqwUY4yUqU2tV5iezn8AOBiC0Kj0"}---
1111111111111----run in----2018-01-20 15:26:37+++files[]+++get[]+++request{"_C":"Act","_A":"select","_LIMIT":"0,8","_FILTER":"","openid":"oqwUY4yUqU2tV5iezn8AOBiC0Kj0"}---
1111111111111----run in----2018-01-20 15:26:50+++files[]+++get[]+++request{"_C":"User","_A":"selectOne","openid":"oeDcV0W0lW2u-WnondVku8uZZo4k"}---
1111111111111----run in----2018-01-20 15:26:52+++files[]+++get[]+++request{"_C":"Key","_A":"getWxId","code":"071Yb4cs00YFKd1KSlcs0tFics0Yb4cF","openid":"oeDcV0W0lW2u-WnondVku8uZZo4k"}---
1111111111111----run in----2018-01-20 15:26:52+++files[]+++get[]+++request{"_C":"User","_A":"selectOne","openid":"oeDcV0W0lW2u-WnondVku8uZZo4k"}---
1111111111111----run in----2018-01-20 15:27:00+++files[]+++get[]+++request{"_C":"Act","_A":"select","_LIMIT":"0,8","_FILTER":"","openid":"oeDcV0W0lW2u-WnondVku8uZZo4k"}---
1111111111111----run in----2018-01-20 15:27:13+++files[]+++get[]+++request{"_C":"Money","_A":"selectOne","openid":"oeDcV0W0lW2u-WnondVku8uZZo4k"}---
1111111111111----run in----2018-01-20 15:27:13+++files[]+++get[]+++request{"_C":"My","_A":"selectIn","_LIMIT":"0,2","openid":"oeDcV0W0lW2u-WnondVku8uZZo4k"}---
1111111111111----run in----2018-01-20 15:27:15+++files[]+++get[]+++request{"_C":"My","_A":"selectOut","_LIMIT":"0,20","openid":"oeDcV0W0lW2u-WnondVku8uZZo4k"}---
1111111111111----run in----2018-01-20 15:27:18+++files[]+++get[]+++request{"_C":"Money","_A":"selectOne","openid":"oeDcV0W0lW2u-WnondVku8uZZo4k"}---
1111111111111----run in----2018-01-20 15:27:18+++files[]+++get[]+++request{"_C":"My","_A":"selectIn","_LIMIT":"0,2","openid":"oeDcV0W0lW2u-WnondVku8uZZo4k"}---
1111111111111----run in----2018-01-20 19:44:10+++files[]+++get[]+++request{"_C":"User","_A":"selectOne","openid":"oeDcV0TIhZCvU1UFnqrdS_fKJxW0"}---
1111111111111----run in----2018-01-20 19:44:10+++files[]+++get[]+++request{"_C":"Key","_A":"getWxId","code":"0138iIX41f96GL1Q82X41N20Y418iIXJ","openid":"oeDcV0TIhZCvU1UFnqrdS_fKJxW0"}---
1111111111111----run in----2018-01-20 19:44:10+++files[]+++get[]+++request{"_C":"User","_A":"selectOne","openid":"oeDcV0TIhZCvU1UFnqrdS_fKJxW0"}---
1111111111111----run in----2018-01-20 19:57:56+++files[]+++get[]+++request{"_C":"User","_A":"selectOne","openid":"oeDcV0TIhZCvU1UFnqrdS_fKJxW0"}---
1111111111111----run in----2018-01-20 19:57:58+++files[]+++get[]+++request{"_C":"User","_A":"selectOne","openid":"oeDcV0TIhZCvU1UFnqrdS_fKJxW0"}---
1111111111111----run in----2018-01-20 19:58:32+++files[]+++get[]+++request{"_C":"User","_A":"selectOne","openid":"oeDcV0TIhZCvU1UFnqrdS_fKJxW0"}---
1111111111111----run in----2018-01-20 19:58:33+++files[]+++get[]+++request{"_C":"Act","_A":"select","_LIMIT":"0,10","_FILTER":"","openid":"oeDcV0TIhZCvU1UFnqrdS_fKJxW0"}---
1111111111111----run in----2018-01-20 19:58:35+++files[]+++get[]+++request{"_C":"User","_A":"selectOne","openid":"oeDcV0TIhZCvU1UFnqrdS_fKJxW0"}---
1111111111111----run in----2018-01-20 19:58:36+++files[]+++get[]+++request{"_C":"Act","_A":"select","_LIMIT":"0,10","_FILTER":"","openid":"oeDcV0TIhZCvU1UFnqrdS_fKJxW0"}---
1111111111111----run in----2018-01-20 21:36:32+++files[]+++get[]+++request{"_C":"User","_A":"selectOne","openid":"oeDcV0TIhZCvU1UFnqrdS_fKJxW0"}---
1111111111111----run in----2018-01-20 21:36:32+++files[]+++get[]+++request{"_C":"Key","_A":"getWxId","code":"003NdLUT1EO0581500UT1T0MUT1NdLUC","openid":"oeDcV0TIhZCvU1UFnqrdS_fKJxW0"}---
1111111111111----run in----2018-01-20 21:36:32+++files[]+++get[]+++request{"_C":"User","_A":"selectOne","openid":"oeDcV0TIhZCvU1UFnqrdS_fKJxW0"}---
1111111111111----run in----2018-01-20 21:36:38+++files[]+++get[]+++request{"_C":"User","_A":"selectOne","openid":"oeDcV0TIhZCvU1UFnqrdS_fKJxW0"}---
1111111111111----run in----2018-01-20 21:37:10+++files[]+++get[]+++request{"_C":"User","_A":"selectOne","openid":"oeDcV0TIhZCvU1UFnqrdS_fKJxW0"}---
1111111111111----run in----2018-01-20 21:49:15+++files[]+++get[]+++request{"_C":"User","_A":"selectOne","openid":"oeDcV0TIhZCvU1UFnqrdS_fKJxW0"}---
