1111111111111----run in----2018-01-18 09:01:08+++files[]+++get[]+++request{"_C":"User","_A":"selectOne","openid":"oeDcV0W0lW2u-WnondVku8uZZo4k"}---
1111111111111----run in----2018-01-18 09:01:08+++files[]+++get[]+++request{"_C":"Key","_A":"getWxId","code":"081TfryG1a2I870xQbAG1bnLyG1TfryW","openid":"oeDcV0W0lW2u-WnondVku8uZZo4k"}---
1111111111111----run in----2018-01-18 09:01:09+++files[]+++get[]+++request{"_C":"User","_A":"selectOne","openid":"oeDcV0W0lW2u-WnondVku8uZZo4k"}---
1111111111111----run in----2018-01-18 09:43:14+++files[]+++get{"_C":"Pay","_A":"trans","openid":"oeDcV0W0lW2u-WnondVku8uZZo4k","money":"1"}+++request{"_C":"Pay","_A":"trans","openid":"oeDcV0W0lW2u-WnondVku8uZZo4k","money":"1"}---
1111111111111----run in----2018-01-18 09:47:57+++files[]+++get[]+++request{"_C":"User","_A":"selectOne","openid":"oeDcV0TIhZCvU1UFnqrdS_fKJxW0"}---
1111111111111----run in----2018-01-18 09:47:57+++files[]+++get[]+++request{"_C":"Key","_A":"getWxId","code":"003CRuA30BSSzD1sFbC30sweA30CRuAY","openid":"oeDcV0TIhZCvU1UFnqrdS_fKJxW0"}---
1111111111111----run in----2018-01-18 09:47:58+++files[]+++get[]+++request{"_C":"User","_A":"selectOne","openid":"oeDcV0TIhZCvU1UFnqrdS_fKJxW0"}---
1111111111111----run in----2018-01-18 09:47:59+++files[]+++get[]+++request{"_C":"Act","_A":"select","_LIMIT":"0,10","_FILTER":"","openid":"oeDcV0TIhZCvU1UFnqrdS_fKJxW0"}---
1111111111111----run in----2018-01-18 09:48:03+++files[]+++get[]+++request{"_C":"Act","_A":"selectOne","id":"51","group_id":"","openid":"oeDcV0TIhZCvU1UFnqrdS_fKJxW0"}---
1111111111111----run in----2018-01-18 09:48:18+++files[]+++get[]+++request{"_C":"Act","_A":"select","_LIMIT":"0,10","_FILTER":"","openid":"oeDcV0TIhZCvU1UFnqrdS_fKJxW0"}---
1111111111111----run in----2018-01-18 09:48:20+++files[]+++get[]+++request{"_C":"User","_A":"selectOne","openid":"oeDcV0TIhZCvU1UFnqrdS_fKJxW0"}---
1111111111111----run in----2018-01-18 09:48:21+++files[]+++get[]+++request{"_C":"Act","_A":"select","_LIMIT":"0,10","_FILTER":"","openid":"oeDcV0TIhZCvU1UFnqrdS_fKJxW0"}---
1111111111111----run in----2018-01-18 09:48:21+++files[]+++get[]+++request{"_C":"Money","_A":"selectOne","openid":"oeDcV0TIhZCvU1UFnqrdS_fKJxW0"}---
1111111111111----run in----2018-01-18 09:48:21+++files[]+++get[]+++request{"_C":"My","_A":"selectIn","_LIMIT":"0,2","openid":"oeDcV0TIhZCvU1UFnqrdS_fKJxW0"}---
1111111111111----run in----2018-01-18 09:48:22+++files[]+++get[]+++request{"_C":"User","_A":"selectOne","openid":"oeDcV0TIhZCvU1UFnqrdS_fKJxW0"}---
1111111111111----run in----2018-01-18 09:48:23+++files[]+++get[]+++request{"_C":"Act","_A":"select","_LIMIT":"0,10","_FILTER":"","openid":"oeDcV0TIhZCvU1UFnqrdS_fKJxW0"}---
1111111111111----run in----2018-01-18 09:48:23+++files[]+++get[]+++request{"_C":"Money","_A":"selectOne","openid":"oeDcV0TIhZCvU1UFnqrdS_fKJxW0"}---
1111111111111----run in----2018-01-18 09:48:23+++files[]+++get[]+++request{"_C":"My","_A":"selectIn","_LIMIT":"0,2","openid":"oeDcV0TIhZCvU1UFnqrdS_fKJxW0"}---
1111111111111----run in----2018-01-18 09:48:25+++files[]+++get[]+++request{"_C":"User","_A":"selectOne","openid":"oeDcV0TIhZCvU1UFnqrdS_fKJxW0"}---
1111111111111----run in----2018-01-18 09:48:26+++files[]+++get[]+++request{"_C":"Act","_A":"select","_LIMIT":"0,10","_FILTER":"","openid":"oeDcV0TIhZCvU1UFnqrdS_fKJxW0"}---
1111111111111----run in----2018-01-18 09:48:28+++files[]+++get[]+++request{"_C":"User","_A":"selectOne","openid":"oeDcV0TIhZCvU1UFnqrdS_fKJxW0"}---
1111111111111----run in----2018-01-18 09:48:32+++files[]+++get[]+++request{"_C":"User","_A":"selectOne","openid":"oeDcV0TIhZCvU1UFnqrdS_fKJxW0"}---
1111111111111----run in----2018-01-18 10:43:25+++files[]+++get[]+++request{"_C":"User","_A":"selectOne","openid":"oeDcV0W0lW2u-WnondVku8uZZo4k"}---
1111111111111----run in----2018-01-18 15:00:56+++files[]+++get[]+++request{"_C":"User","_A":"selectOne","openid":"oeDcV0W0lW2u-WnondVku8uZZo4k"}---
1111111111111----run in----2018-01-18 15:01:09+++files[]+++get[]+++request{"_C":"Key","_A":"getWxId","code":"071ycloP0RhKgb2WPzoP0Ep2oP0ycloR","openid":""}---
1111111111111----run in----2018-01-18 15:01:10+++files[]+++get[]+++request{"_C":"User","_A":"selectOne","openid":""}---
1111111111111----run in----2018-01-18 15:01:12+++files[]+++get[]+++request{"_C":"Key","_A":"getWxId","code":"071ycloP0RhKgb2WPzoP0Ep2oP0ycloR","openid":""}---
1111111111111----run in----2018-01-18 15:01:12+++files[]+++get[]+++request{"_C":"User","_A":"selectOne","openid":""}---
1111111111111----run in----2018-01-18 15:01:16+++files[]+++get[]+++request{"_C":"Act","_A":"select","_LIMIT":"0,8","_FILTER":"","openid":""}---
1111111111111----run in----2018-01-18 15:01:58+++files[]+++get[]+++request{"_C":"Key","_A":"getWxId","code":"021iA6H52RxzOJ0vQGG52N4jH52iA6Hc","openid":""}---
1111111111111----run in----2018-01-18 15:01:58+++files[]+++get[]+++request{"_C":"User","_A":"selectOne","openid":""}---
1111111111111----run in----2018-01-18 15:04:10+++files[]+++get[]+++request{"_C":"Key","_A":"getWxId","code":"011rwaRi28Rh4J0BCMTi2cdZQi2rwaRN","openid":""}---
1111111111111----run in----2018-01-18 15:04:12+++files[]+++get[]+++request{"_C":"User","_A":"selectOne","openid":""}---
1111111111111----run in----2018-01-18 15:04:14+++files[]+++get[]+++request{"_C":"Act","_A":"select","_LIMIT":"0,8","_FILTER":"","openid":""}---
1111111111111----run in----2018-01-18 15:04:22+++files[]+++get[]+++request{"_C":"Key","_A":"getWxId","code":"011rwaRi28Rh4J0BCMTi2cdZQi2rwaRN","openid":""}---
1111111111111----run in----2018-01-18 15:04:22+++files[]+++get[]+++request{"_C":"Key","_A":"getWxId","code":"071HSIz709CBmH1zi4A70uLMz70HSIzc","openid":""}---
1111111111111----run in----2018-01-18 15:04:22+++files[]+++get[]+++request{"_C":"User","_A":"selectOne","openid":""}---
1111111111111----run in----2018-01-18 15:04:23+++files[]+++get[]+++request{"_C":"User","_A":"selectOne","openid":""}---
1111111111111----run in----2018-01-18 15:17:12+++files[]+++get[]+++request{"_C":"User","_A":"selectOne","openid":"oeDcV0W0lW2u-WnondVku8uZZo4k"}---
1111111111111----run in----2018-01-18 15:17:12+++files[]+++get[]+++request{"_C":"Key","_A":"getWxId","code":"081AYv4k1dziCk0HY46k12Sl4k1AYv4p","openid":"oeDcV0W0lW2u-WnondVku8uZZo4k"}---
1111111111111----run in----2018-01-18 15:17:12+++files[]+++get[]+++request{"_C":"User","_A":"selectOne","openid":"oeDcV0W0lW2u-WnondVku8uZZo4k"}---
1111111111111----run in----2018-01-18 15:49:54+++files[]+++get[]+++request{"_C":"Key","_A":"getWxId","code":"071HSIz709CBmH1zi4A70uLMz70HSIzc","openid":""}---
1111111111111----run in----2018-01-18 15:49:54+++files[]+++get[]+++request{"_C":"User","_A":"selectOne","openid":""}---
1111111111111----run in----2018-01-18 15:52:12+++files[]+++get[]+++request{"_C":"Key","_A":"getWxId","code":"071HSIz709CBmH1zi4A70uLMz70HSIzc","openid":""}---
1111111111111----run in----2018-01-18 15:52:12+++files[]+++get[]+++request{"_C":"User","_A":"selectOne","openid":""}---
1111111111111----run in----2018-01-18 15:55:52+++files[]+++get[]+++request{"_C":"User","_A":"selectOne","openid":"oeDcV0W0lW2u-WnondVku8uZZo4k"}---
1111111111111----run in----2018-01-18 16:11:46+++files[]+++get[]+++request{"_C":"User","_A":"selectOne","openid":"oeDcV0W0lW2u-WnondVku8uZZo4k"}---
1111111111111----run in----2018-01-18 16:35:04+++files[]+++get[]+++request{"_C":"Act","_A":"selectOne","id":"31","group_id":"","openid":"oeDcV0W0lW2u-WnondVku8uZZo4k"}---
1111111111111----run in----2018-01-18 16:44:57+++files[]+++get[]+++request{"_C":"User","_A":"selectOne","openid":"oeDcV0W0lW2u-WnondVku8uZZo4k"}---
1111111111111----run in----2018-01-18 16:45:05+++files[]+++get[]+++request{"_C":"User","_A":"selectOne","openid":"oeDcV0W0lW2u-WnondVku8uZZo4k"}---
1111111111111----run in----2018-01-18 16:45:26+++files[]+++get[]+++request{"_C":"User","_A":"selectOne","openid":"oeDcV0W0lW2u-WnondVku8uZZo4k"}---
1111111111111----run in----2018-01-18 16:45:34+++files[]+++get[]+++request{"_C":"User","_A":"selectOne","openid":"oeDcV0W0lW2u-WnondVku8uZZo4k"}---
1111111111111----run in----2018-01-18 16:45:39+++files[]+++get[]+++request{"_C":"User","_A":"selectOne","openid":"oeDcV0W0lW2u-WnondVku8uZZo4k"}---
1111111111111----run in----2018-01-18 16:46:04+++files{"file":{"name":"tmp_bc095037fc577000330c3ab24a03e70309ab8c6575382af1.jpg","type":"image\/jpg","tmp_name":"\/tmp\/phpoSFPCd","error":0,"size":108729}}+++get[]+++request{"_C":"Pic","path":"act","_A":"upload","openid":"oeDcV0W0lW2u-WnondVku8uZZo4k"}---
2018-01-18 16:46:04:{"file":{"name":"tmp_bc095037fc577000330c3ab24a03e70309ab8c6575382af1.jpg","type":"image\/jpg","tmp_name":"\/tmp\/phpoSFPCd","error":0,"size":108729}}
1111111111111----run in----2018-01-18 16:46:14+++files{"file":{"name":"tmp_dd5201005c242780789b3a976a89d7274be9b2a25c92ef6b.png","type":"image\/png","tmp_name":"\/tmp\/php5bjVlW","error":0,"size":633447}}+++get[]+++request{"_C":"Pic","path":"act\/poster","_A":"upload","openid":"oeDcV0W0lW2u-WnondVku8uZZo4k"}---
2018-01-18 16:46:14:{"file":{"name":"tmp_dd5201005c242780789b3a976a89d7274be9b2a25c92ef6b.png","type":"image\/png","tmp_name":"\/tmp\/php5bjVlW","error":0,"size":633447}}
1111111111111----run in----2018-01-18 16:46:14+++files{"file":{"name":"tmp_dd5201005c242780789b3a976a89d7274be9b2a25c92ef6b.png","type":"image\/png","tmp_name":"\/tmp\/phpu4WSXV","error":0,"size":633447}}+++get[]+++request{"_C":"Pic","path":"act\/poster","_A":"upload","openid":"oeDcV0W0lW2u-WnondVku8uZZo4k"}---
2018-01-18 16:46:14:{"file":{"name":"tmp_dd5201005c242780789b3a976a89d7274be9b2a25c92ef6b.png","type":"image\/png","tmp_name":"\/tmp\/phpu4WSXV","error":0,"size":633447}}
1111111111111----run in----2018-01-18 16:46:14+++files[]+++get[]+++request{"_C":"Pay","_A":"get","money":"51.00","openid":"oeDcV0W0lW2u-WnondVku8uZZo4k"}---
1111111111111----run in----2018-01-18 16:46:14+++files[]+++get[]+++request{"_C":"Pay","_A":"get","money":"51.00","openid":"oeDcV0W0lW2u-WnondVku8uZZo4k"}---
1111111111111----run in----2018-01-18 16:46:20+++files[]+++get[]+++request{"_C":"Act","_A":"insertOne","_DATA":"{\"type\":\"poster\",\"degree_type\":\"3*3\",\"pay_total\":\"51.00\",\"pay_fee\":\"1.00\",\"award_first\":\"2.63\",\"award_two\":\"1.32\",\"award_third\":\"0.53\",\"award_all\":\"0.26\",\"num_group\":10,\"num_person\":50,\"limit_sex\":\"\",\"limit_distance\":10,\"description\":\"\u6d4b\u8bd5\u6a21\u677f\",\"pic\":\"act\/poster\/tmp_dd5201005c242780789b3a976a89d7274be9b2a25c92ef6b.png\",\"description_pic\":[\"act\/tmp_bc095037fc577000330c3ab24a03e70309ab8c6575382af1.jpg\"],\"openid\":\"oeDcV0W0lW2u-WnondVku8uZZo4k\"}","openid":"oeDcV0W0lW2u-WnondVku8uZZo4k"}---
1111111111111----run in----2018-01-18 16:46:23+++files[]+++get[]+++request{"_C":"Code2d","_A":"get","_DATA":"{\"path\":\"pages\/share\/share?aid=52\",\"openid\":\"oeDcV0W0lW2u-WnondVku8uZZo4k\"}","openid":"oeDcV0W0lW2u-WnondVku8uZZo4k"}---
1111111111111----run in----2018-01-18 16:46:47+++files[]+++get[]+++request{"_C":"Code2d","_A":"get","_DATA":"{\"path\":\"pages\/share\/share?aid=52\",\"openid\":\"oeDcV0W0lW2u-WnondVku8uZZo4k\"}","openid":"oeDcV0W0lW2u-WnondVku8uZZo4k"}---
1111111111111----run in----2018-01-18 16:46:49+++files[]+++get[]+++request{"_C":"Act","_A":"selectOne","id":"52","group_id":"","openid":"oeDcV0W0lW2u-WnondVku8uZZo4k"}---
1111111111111----run in----2018-01-18 16:47:34+++files[]+++get[]+++request{"_C":"User","_A":"selectOne","openid":"oeDcV0W0lW2u-WnondVku8uZZo4k"}---
1111111111111----run in----2018-01-18 16:47:38+++files[]+++get[]+++request{"_C":"User","_A":"selectOne","openid":"oeDcV0W0lW2u-WnondVku8uZZo4k"}---
1111111111111----run in----2018-01-18 16:51:52+++files[]+++get[]+++request{"_C":"User","_A":"selectOne","openid":"oeDcV0W0lW2u-WnondVku8uZZo4k"}---
1111111111111----run in----2018-01-18 16:52:16+++files[]+++get[]+++request{"_C":"Act","_A":"select","_LIMIT":"0,8","_FILTER":"","openid":"oeDcV0W0lW2u-WnondVku8uZZo4k"}---
1111111111111----run in----2018-01-18 16:52:36+++files[]+++get[]+++request{"_C":"User","_A":"selectOne","openid":"oeDcV0W0lW2u-WnondVku8uZZo4k"}---
1111111111111----run in----2018-01-18 16:52:48+++files[]+++get[]+++request{"_C":"User","_A":"selectOne","openid":"oeDcV0W0lW2u-WnondVku8uZZo4k"}---
1111111111111----run in----2018-01-18 16:53:06+++files{"file":{"name":"wx3d00770652053edd.o6zAJs9bs--3Qn1Jkc_lFPynmD4A.63e45f76f36000fe96f5d75406f0fb15.png","type":"image\/png","tmp_name":"\/tmp\/phpWiUkZW","error":0,"size":155236}}+++get[]+++request{"path":"act","openid":"oeDcV0W0lW2u-WnondVku8uZZo4k","_C":"Pic","_A":"upload"}---
2018-01-18 16:53:06:{"file":{"name":"wx3d00770652053edd.o6zAJs9bs--3Qn1Jkc_lFPynmD4A.63e45f76f36000fe96f5d75406f0fb15.png","type":"image\/png","tmp_name":"\/tmp\/phpWiUkZW","error":0,"size":155236}}
1111111111111----run in----2018-01-18 16:56:17+++files{"file":{"name":"wx3d00770652053edd.o6zAJs9bs--3Qn1Jkc_lFPynmD4A.7576f19beb30615a810f023acf332f78.png","type":"image\/png","tmp_name":"\/tmp\/phpJRvLvx","error":0,"size":52945}}+++get[]+++request{"path":"act\/poster","openid":"oeDcV0W0lW2u-WnondVku8uZZo4k","_C":"Pic","_A":"upload"}---
2018-01-18 16:56:17:{"file":{"name":"wx3d00770652053edd.o6zAJs9bs--3Qn1Jkc_lFPynmD4A.7576f19beb30615a810f023acf332f78.png","type":"image\/png","tmp_name":"\/tmp\/phpJRvLvx","error":0,"size":52945}}
1111111111111----run in----2018-01-18 16:56:17+++files{"file":{"name":"wx3d00770652053edd.o6zAJs9bs--3Qn1Jkc_lFPynmD4A.7576f19beb30615a810f023acf332f78.png","type":"image\/png","tmp_name":"\/tmp\/phpiPH8Yb","error":0,"size":52945}}+++get[]+++request{"path":"act\/poster","openid":"oeDcV0W0lW2u-WnondVku8uZZo4k","_C":"Pic","_A":"upload"}---
2018-01-18 16:56:17:{"file":{"name":"wx3d00770652053edd.o6zAJs9bs--3Qn1Jkc_lFPynmD4A.7576f19beb30615a810f023acf332f78.png","type":"image\/png","tmp_name":"\/tmp\/phpiPH8Yb","error":0,"size":52945}}
1111111111111----run in----2018-01-18 16:56:17+++files[]+++get[]+++request{"_C":"Pay","_A":"get","money":"4.08","openid":"oeDcV0W0lW2u-WnondVku8uZZo4k"}---
1111111111111----run in----2018-01-18 16:56:17+++files[]+++get[]+++request{"_C":"Pay","_A":"get","money":"4.08","openid":"oeDcV0W0lW2u-WnondVku8uZZo4k"}---
1111111111111----run in----2018-01-18 16:56:37+++files[]+++get[]+++request{"_C":"Act","_A":"insertOne","_DATA":"{\"type\":\"poster\",\"degree_type\":\"3*3\",\"pay_total\":\"4.08\",\"pay_fee\":\"0.08\",\"award_first\":\"1.05\",\"award_two\":\"0.53\",\"award_third\":\"0.21\",\"award_all\":\"0.10\",\"num_group\":2,\"num_person\":10,\"limit_sex\":\"\",\"limit_distance\":5,\"description\":\"\u5c0f\u6050\u9f99\u4e00\u53ea\",\"pic\":\"act\/poster\/wx3d00770652053edd.o6zAJs9bs--3Qn1Jkc_lFPynmD4A.7576f19beb30615a810f023acf332f78.png\",\"description_pic\":[\"act\/wx3d00770652053edd.o6zAJs9bs--3Qn1Jkc_lFPynmD4A.63e45f76f36000fe96f5d75406f0fb15.png\"],\"openid\":\"oeDcV0W0lW2u-WnondVku8uZZo4k\"}","openid":"oeDcV0W0lW2u-WnondVku8uZZo4k"}---
1111111111111----run in----2018-01-18 16:56:38+++files[]+++get[]+++request{"_C":"Code2d","_A":"get","_DATA":"{\"path\":\"pages\/share\/share?aid=53\",\"openid\":\"oeDcV0W0lW2u-WnondVku8uZZo4k\"}","openid":"oeDcV0W0lW2u-WnondVku8uZZo4k"}---
1111111111111----run in----2018-01-18 16:59:12+++files[]+++get[]+++request{"_C":"User","_A":"selectOne","openid":"oeDcV0W0lW2u-WnondVku8uZZo4k"}---
1111111111111----run in----2018-01-18 16:59:18+++files[]+++get[]+++request{"_C":"Act","_A":"select","_LIMIT":"0,8","_FILTER":"","openid":"oeDcV0W0lW2u-WnondVku8uZZo4k"}---
1111111111111----run in----2018-01-18 16:59:35+++files[]+++get[]+++request{"_C":"Act","_A":"selectOne","id":"52","group_id":"","openid":"oeDcV0W0lW2u-WnondVku8uZZo4k"}---
1111111111111----run in----2018-01-18 17:02:19+++files[]+++get[]+++request{"_C":"User","_A":"selectOne","openid":"oeDcV0W0lW2u-WnondVku8uZZo4k"}---
1111111111111----run in----2018-01-18 17:02:19+++files[]+++get[]+++request{"_C":"Key","_A":"getWxId","code":"061rIfKf1ihNay0CFVJf12NYJf1rIfKP","openid":"oeDcV0W0lW2u-WnondVku8uZZo4k"}---
1111111111111----run in----2018-01-18 17:02:19+++files[]+++get[]+++request{"_C":"User","_A":"selectOne","openid":"oeDcV0W0lW2u-WnondVku8uZZo4k"}---
1111111111111----run in----2018-01-18 17:07:56+++files[]+++get[]+++request{"_C":"User","_A":"selectOne","openid":"oeDcV0W0lW2u-WnondVku8uZZo4k"}---
1111111111111----run in----2018-01-18 17:16:25+++files[]+++get[]+++request{"_C":"User","_A":"selectOne","openid":"oeDcV0W0lW2u-WnondVku8uZZo4k"}---
1111111111111----run in----2018-01-18 17:20:29+++files[]+++get[]+++request{"_C":"Act","_A":"select","_LIMIT":"0,8","_FILTER":"","openid":"oeDcV0W0lW2u-WnondVku8uZZo4k"}---
1111111111111----run in----2018-01-18 17:20:39+++files[]+++get[]+++request{"_C":"Act","_A":"selectOne","id":"52","group_id":"","openid":"oeDcV0W0lW2u-WnondVku8uZZo4k"}---
1111111111111----run in----2018-01-18 17:35:19+++files[]+++get[]+++request{"_C":"Act","_A":"select","_LIMIT":"8,8","_FILTER":"","openid":"oeDcV0W0lW2u-WnondVku8uZZo4k"}---
1111111111111----run in----2018-01-18 17:35:19+++files[]+++get[]+++request{"_C":"Act","_A":"selectOne","id":"53","group_id":"","openid":"oeDcV0W0lW2u-WnondVku8uZZo4k"}---
1111111111111----run in----2018-01-18 17:40:34+++files[]+++get[]+++request{"_C":"User","_A":"selectOne","openid":"oeDcV0W0lW2u-WnondVku8uZZo4k"}---
1111111111111----run in----2018-01-18 17:43:30+++files[]+++get[]+++request{"_C":"User","_A":"selectOne","openid":"oeDcV0W0lW2u-WnondVku8uZZo4k"}---
1111111111111----run in----2018-01-18 17:43:30+++files[]+++get[]+++request{"_C":"Key","_A":"getWxId","code":"021hTOzw0yscpi1KR7Bw0XsGzw0hTOzJ","openid":"oeDcV0W0lW2u-WnondVku8uZZo4k"}---
1111111111111----run in----2018-01-18 17:43:30+++files[]+++get[]+++request{"_C":"User","_A":"selectOne","openid":"oeDcV0W0lW2u-WnondVku8uZZo4k"}---
1111111111111----run in----2018-01-18 17:45:54+++files[]+++get[]+++request{"_C":"Act","_A":"select","_LIMIT":"0,8","_FILTER":"","openid":"oeDcV0W0lW2u-WnondVku8uZZo4k"}---
1111111111111----run in----2018-01-18 17:45:56+++files[]+++get[]+++request{"_C":"Act","_A":"selectOne","id":"53","group_id":"","openid":"oeDcV0W0lW2u-WnondVku8uZZo4k"}---
1111111111111----run in----2018-01-18 17:50:35+++files[]+++get[]+++request{"_C":"User","_A":"selectOne","openid":"oeDcV0W0lW2u-WnondVku8uZZo4k"}---
1111111111111----run in----2018-01-18 17:50:51+++files[]+++get[]+++request{"_C":"User","_A":"selectOne","openid":"oeDcV0W0lW2u-WnondVku8uZZo4k"}---
1111111111111----run in----2018-01-18 17:50:51+++files[]+++get[]+++request{"_C":"Key","_A":"getWxId","code":"071Qyu7y0CQXGf1Atm4y0ucI7y0Qyu7Y","openid":"oeDcV0W0lW2u-WnondVku8uZZo4k"}---
1111111111111----run in----2018-01-18 17:50:52+++files[]+++get[]+++request{"_C":"User","_A":"selectOne","openid":"oeDcV0W0lW2u-WnondVku8uZZo4k"}---
1111111111111----run in----2018-01-18 17:51:07+++files[]+++get[]+++request{"_C":"User","_A":"selectOne","openid":"oeDcV0W0lW2u-WnondVku8uZZo4k"}---
1111111111111----run in----2018-01-18 17:51:30+++files{"file":{"name":"tmp_5a7e2ad9618e8b5a9aa02cd26e2551f0dc4725f5f166c290.jpg","type":"image\/jpg","tmp_name":"\/tmp\/phpvL5T4R","error":0,"size":109196}}+++get[]+++request{"_C":"Pic","path":"act","_A":"upload","openid":"oeDcV0W0lW2u-WnondVku8uZZo4k"}---
2018-01-18 17:51:30:{"file":{"name":"tmp_5a7e2ad9618e8b5a9aa02cd26e2551f0dc4725f5f166c290.jpg","type":"image\/jpg","tmp_name":"\/tmp\/phpvL5T4R","error":0,"size":109196}}
1111111111111----run in----2018-01-18 17:51:57+++files{"file":{"name":"tmp_2e243add15018990f74e97cd17d81d7252c76d031fd98780.png","type":"image\/png","tmp_name":"\/tmp\/phprpLJM6","error":0,"size":501455}}+++get[]+++request{"_C":"Pic","path":"act\/poster","_A":"upload","openid":"oeDcV0W0lW2u-WnondVku8uZZo4k"}---
2018-01-18 17:51:57:{"file":{"name":"tmp_2e243add15018990f74e97cd17d81d7252c76d031fd98780.png","type":"image\/png","tmp_name":"\/tmp\/phprpLJM6","error":0,"size":501455}}
1111111111111----run in----2018-01-18 17:51:57+++files{"file":{"name":"tmp_2e243add15018990f74e97cd17d81d7252c76d031fd98780.png","type":"image\/png","tmp_name":"\/tmp\/phpNX8POX","error":0,"size":501455}}+++get[]+++request{"_C":"Pic","path":"act\/poster","_A":"upload","openid":"oeDcV0W0lW2u-WnondVku8uZZo4k"}---
2018-01-18 17:51:57:{"file":{"name":"tmp_2e243add15018990f74e97cd17d81d7252c76d031fd98780.png","type":"image\/png","tmp_name":"\/tmp\/phpNX8POX","error":0,"size":501455}}
1111111111111----run in----2018-01-18 17:51:58+++files[]+++get[]+++request{"_C":"Pay","_A":"get","money":"30.60","openid":"oeDcV0W0lW2u-WnondVku8uZZo4k"}---
1111111111111----run in----2018-01-18 17:51:58+++files[]+++get[]+++request{"_C":"Pay","_A":"get","money":"30.60","openid":"oeDcV0W0lW2u-WnondVku8uZZo4k"}---
1111111111111----run in----2018-01-18 17:52:05+++files[]+++get[]+++request{"_C":"Act","_A":"insertOne","_DATA":"{\"type\":\"poster\",\"degree_type\":\"3*3\",\"pay_total\":\"30.60\",\"pay_fee\":\"0.60\",\"award_first\":\"1.58\",\"award_two\":\"0.79\",\"award_third\":\"0.32\",\"award_all\":\"0.15\",\"num_group\":10,\"num_person\":50,\"limit_sex\":\"\",\"limit_distance\":20,\"description\":\"\u7ea2\u8863\u7f8e\u5973\uff0c10\u4e2a\u7ea2\u5305\",\"pic\":\"act\/poster\/tmp_2e243add15018990f74e97cd17d81d7252c76d031fd98780.png\",\"description_pic\":[\"act\/tmp_5a7e2ad9618e8b5a9aa02cd26e2551f0dc4725f5f166c290.jpg\"],\"openid\":\"oeDcV0W0lW2u-WnondVku8uZZo4k\"}","openid":"oeDcV0W0lW2u-WnondVku8uZZo4k"}---
1111111111111----run in----2018-01-18 17:52:06+++files[]+++get[]+++request{"_C":"Act","_A":"selectOne","id":"54","openid":"oeDcV0W0lW2u-WnondVku8uZZo4k"}---
1111111111111----run in----2018-01-18 17:52:10+++files[]+++get[]+++request{"_C":"Code2d","_A":"get","_DATA":"{\"path\":\"pages\/share\/share?aid=54\",\"openid\":\"oeDcV0W0lW2u-WnondVku8uZZo4k\"}","openid":"oeDcV0W0lW2u-WnondVku8uZZo4k"}---
1111111111111----run in----2018-01-18 17:54:22+++files[]+++get[]+++request{"_C":"User","_A":"selectOne","openid":"oeDcV0W0lW2u-WnondVku8uZZo4k"}---
1111111111111----run in----2018-01-18 17:54:46+++files[]+++get[]+++request{"_C":"User","_A":"selectOne","openid":"oeDcV0W0lW2u-WnondVku8uZZo4k"}---
1111111111111----run in----2018-01-18 17:54:50+++files[]+++get[]+++request{"_C":"Code2d","_A":"get","_DATA":"{\"path\":\"pages\/share\/share?aid=54\",\"openid\":\"oeDcV0W0lW2u-WnondVku8uZZo4k\"}","openid":"oeDcV0W0lW2u-WnondVku8uZZo4k"}---
1111111111111----run in----2018-01-18 17:57:47+++files[]+++get[]+++request{"_C":"User","_A":"selectOne","openid":"oeDcV0W0lW2u-WnondVku8uZZo4k"}---
1111111111111----run in----2018-01-18 17:57:59+++files[]+++get[]+++request{"_C":"User","_A":"selectOne","openid":"oeDcV0W0lW2u-WnondVku8uZZo4k"}---
1111111111111----run in----2018-01-18 17:58:00+++files[]+++get[]+++request{"_C":"Key","_A":"getWxId","code":"081gpAKi1xShux04UXIi12GkKi1gpAKU","openid":"oeDcV0W0lW2u-WnondVku8uZZo4k"}---
1111111111111----run in----2018-01-18 17:58:01+++files[]+++get[]+++request{"_C":"User","_A":"selectOne","openid":"oeDcV0W0lW2u-WnondVku8uZZo4k"}---
1111111111111----run in----2018-01-18 17:58:29+++files[]+++get[]+++request{"_C":"User","_A":"selectOne","openid":"oeDcV0W0lW2u-WnondVku8uZZo4k"}---
1111111111111----run in----2018-01-18 17:59:29+++files{"file":{"name":"tmp_01a00b671fc503d1622022f67a38d6eaedfd66f0607c804e.jpg","type":"image\/jpg","tmp_name":"\/tmp\/phphhisMH","error":0,"size":71662}}+++get[]+++request{"_C":"Pic","path":"act","_A":"upload","openid":"oeDcV0W0lW2u-WnondVku8uZZo4k"}---
2018-01-18 17:59:29:{"file":{"name":"tmp_01a00b671fc503d1622022f67a38d6eaedfd66f0607c804e.jpg","type":"image\/jpg","tmp_name":"\/tmp\/phphhisMH","error":0,"size":71662}}
1111111111111----run in----2018-01-18 18:00:06+++files{"file":{"name":"tmp_c4fcf8075b18f274614f954bf5425765fad9dd904f6aad53.png","type":"image\/png","tmp_name":"\/tmp\/phpUaJR5m","error":0,"size":656663}}+++get[]+++request{"_C":"Pic","path":"act\/poster","_A":"upload","openid":"oeDcV0W0lW2u-WnondVku8uZZo4k"}---
2018-01-18 18:00:06:{"file":{"name":"tmp_c4fcf8075b18f274614f954bf5425765fad9dd904f6aad53.png","type":"image\/png","tmp_name":"\/tmp\/phpUaJR5m","error":0,"size":656663}}
1111111111111----run in----2018-01-18 18:00:06+++files{"file":{"name":"tmp_c4fcf8075b18f274614f954bf5425765fad9dd904f6aad53.png","type":"image\/png","tmp_name":"\/tmp\/php9xgbUR","error":0,"size":656663}}+++get[]+++request{"_C":"Pic","path":"act\/poster","_A":"upload","openid":"oeDcV0W0lW2u-WnondVku8uZZo4k"}---
2018-01-18 18:00:06:{"file":{"name":"tmp_c4fcf8075b18f274614f954bf5425765fad9dd904f6aad53.png","type":"image\/png","tmp_name":"\/tmp\/php9xgbUR","error":0,"size":656663}}
1111111111111----run in----2018-01-18 18:00:06+++files[]+++get[]+++request{"_C":"Pay","_A":"get","money":"20.40","openid":"oeDcV0W0lW2u-WnondVku8uZZo4k"}---
1111111111111----run in----2018-01-18 18:00:06+++files[]+++get[]+++request{"_C":"Pay","_A":"get","money":"20.40","openid":"oeDcV0W0lW2u-WnondVku8uZZo4k"}---
1111111111111----run in----2018-01-18 18:00:11+++files[]+++get[]+++request{"_C":"Act","_A":"insertOne","_DATA":"{\"type\":\"poster\",\"degree_type\":\"3*3\",\"pay_total\":\"20.40\",\"pay_fee\":\"0.40\",\"award_first\":\"1.05\",\"award_two\":\"0.53\",\"award_third\":\"0.21\",\"award_all\":\"0.10\",\"num_group\":10,\"num_person\":50,\"limit_sex\":\"\",\"limit_distance\":100,\"description\":\"10\u4e2a\u7ea2\u5305\uff0c\u51a0\u519b\u8d4f\u91d11.05\",\"pic\":\"act\/poster\/tmp_c4fcf8075b18f274614f954bf5425765fad9dd904f6aad53.png\",\"description_pic\":[\"act\/tmp_01a00b671fc503d1622022f67a38d6eaedfd66f0607c804e.jpg\"],\"openid\":\"oeDcV0W0lW2u-WnondVku8uZZo4k\"}","openid":"oeDcV0W0lW2u-WnondVku8uZZo4k"}---
1111111111111----run in----2018-01-18 18:00:12+++files[]+++get[]+++request{"_C":"Act","_A":"selectOne","id":"55","openid":"oeDcV0W0lW2u-WnondVku8uZZo4k"}---
1111111111111----run in----2018-01-18 18:00:14+++files[]+++get[]+++request{"_C":"Code2d","_A":"get","_DATA":"{\"path\":\"pages\/share\/share?aid=55\",\"openid\":\"oeDcV0W0lW2u-WnondVku8uZZo4k\"}","openid":"oeDcV0W0lW2u-WnondVku8uZZo4k"}---
1111111111111----run in----2018-01-18 18:01:13+++files[]+++get[]+++request{"_C":"User","_A":"selectOne","openid":"oeDcV0W0lW2u-WnondVku8uZZo4k"}---
1111111111111----run in----2018-01-18 18:01:22+++files[]+++get[]+++request{"_C":"User","_A":"selectOne","openid":"oeDcV0W0lW2u-WnondVku8uZZo4k"}---
1111111111111----run in----2018-01-18 18:01:23+++files[]+++get[]+++request{"_C":"Key","_A":"getWxId","code":"081bWQg10BmPSF1CKKf10vB7h10bWQgE","openid":"oeDcV0W0lW2u-WnondVku8uZZo4k"}---
1111111111111----run in----2018-01-18 18:01:23+++files[]+++get[]+++request{"_C":"User","_A":"selectOne","openid":"oeDcV0W0lW2u-WnondVku8uZZo4k"}---
1111111111111----run in----2018-01-18 18:01:34+++files[]+++get[]+++request{"_C":"User","_A":"selectOne","openid":"oeDcV0W0lW2u-WnondVku8uZZo4k"}---
1111111111111----run in----2018-01-18 18:01:56+++files{"file":{"name":"tmp_05ec7cfa1c25477e6afb2a10d4b67813b9615732b1a35591.jpg","type":"image\/jpg","tmp_name":"\/tmp\/phpMXhslG","error":0,"size":105833}}+++get[]+++request{"_C":"Pic","path":"act","_A":"upload","openid":"oeDcV0W0lW2u-WnondVku8uZZo4k"}---
2018-01-18 18:01:56:{"file":{"name":"tmp_05ec7cfa1c25477e6afb2a10d4b67813b9615732b1a35591.jpg","type":"image\/jpg","tmp_name":"\/tmp\/phpMXhslG","error":0,"size":105833}}
1111111111111----run in----2018-01-18 18:02:07+++files{"file":{"name":"tmp_eb65991b5174e120a90134b417f16afcbaabc214ba32f6ce.png","type":"image\/png","tmp_name":"\/tmp\/phppU3UFt","error":0,"size":531265}}+++get[]+++request{"_C":"Pic","path":"act\/poster","_A":"upload","openid":"oeDcV0W0lW2u-WnondVku8uZZo4k"}---
2018-01-18 18:02:07:{"file":{"name":"tmp_eb65991b5174e120a90134b417f16afcbaabc214ba32f6ce.png","type":"image\/png","tmp_name":"\/tmp\/phppU3UFt","error":0,"size":531265}}
1111111111111----run in----2018-01-18 18:02:07+++files{"file":{"name":"tmp_eb65991b5174e120a90134b417f16afcbaabc214ba32f6ce.png","type":"image\/png","tmp_name":"\/tmp\/phpCWCDOf","error":0,"size":531265}}+++get[]+++request{"_C":"Pic","path":"act\/poster","_A":"upload","openid":"oeDcV0W0lW2u-WnondVku8uZZo4k"}---
2018-01-18 18:02:07:{"file":{"name":"tmp_eb65991b5174e120a90134b417f16afcbaabc214ba32f6ce.png","type":"image\/png","tmp_name":"\/tmp\/phpCWCDOf","error":0,"size":531265}}
1111111111111----run in----2018-01-18 18:02:07+++files[]+++get[]+++request{"_C":"Pay","_A":"get","money":"25.50","openid":"oeDcV0W0lW2u-WnondVku8uZZo4k"}---
1111111111111----run in----2018-01-18 18:02:08+++files[]+++get[]+++request{"_C":"Pay","_A":"get","money":"25.50","openid":"oeDcV0W0lW2u-WnondVku8uZZo4k"}---
1111111111111----run in----2018-01-18 18:02:15+++files[]+++get[]+++request{"_C":"Act","_A":"insertOne","_DATA":"{\"type\":\"poster\",\"degree_type\":\"3*3\",\"pay_total\":\"25.50\",\"pay_fee\":\"0.50\",\"award_first\":\"1.32\",\"award_two\":\"0.66\",\"award_third\":\"0.26\",\"award_all\":\"0.13\",\"num_group\":10,\"num_person\":50,\"limit_sex\":\"\",\"limit_distance\":2000,\"description\":\"2000\u516c\u91cc\u5185\u53ef\u73a9\",\"pic\":\"act\/poster\/tmp_eb65991b5174e120a90134b417f16afcbaabc214ba32f6ce.png\",\"description_pic\":[\"act\/tmp_05ec7cfa1c25477e6afb2a10d4b67813b9615732b1a35591.jpg\"],\"openid\":\"oeDcV0W0lW2u-WnondVku8uZZo4k\"}","openid":"oeDcV0W0lW2u-WnondVku8uZZo4k"}---
1111111111111----run in----2018-01-18 18:02:16+++files[]+++get[]+++request{"_C":"Act","_A":"selectOne","id":"56","openid":"oeDcV0W0lW2u-WnondVku8uZZo4k"}---
1111111111111----run in----2018-01-18 18:02:18+++files[]+++get[]+++request{"_C":"Code2d","_A":"get","_DATA":"{\"path\":\"pages\/share\/share?aid=56\",\"openid\":\"oeDcV0W0lW2u-WnondVku8uZZo4k\"}","openid":"oeDcV0W0lW2u-WnondVku8uZZo4k"}---
1111111111111----run in----2018-01-18 18:04:05+++files[]+++get[]+++request{"_C":"User","_A":"selectOne","openid":"oeDcV0W0lW2u-WnondVku8uZZo4k"}---
1111111111111----run in----2018-01-18 18:04:14+++files[]+++get[]+++request{"_C":"User","_A":"selectOne","openid":"oeDcV0W0lW2u-WnondVku8uZZo4k"}---
1111111111111----run in----2018-01-18 18:08:08+++files[]+++get[]+++request{"_C":"User","_A":"selectOne","openid":"oeDcV0W0lW2u-WnondVku8uZZo4k"}---
1111111111111----run in----2018-01-18 18:08:53+++files[]+++get[]+++request{"_C":"User","_A":"selectOne","openid":"oeDcV0W0lW2u-WnondVku8uZZo4k"}---
1111111111111----run in----2018-01-18 19:41:01+++files[]+++get[]+++request{"_C":"Code2d","_A":"get","_DATA":"{\"path\":\"pages\/share\/share?aid=2\",\"openid\":\"oeDcV0W0lW2u-WnondVku8uZZo4k\"}","openid":"oeDcV0W0lW2u-WnondVku8uZZo4k"}---
1111111111111----run in----2018-01-18 19:41:06+++files[]+++get[]+++request{"_C":"Code2d","_A":"get","_DATA":"{\"path\":\"pages\/share\/share?aid=2\",\"openid\":\"oeDcV0W0lW2u-WnondVku8uZZo4k\"}","openid":"oeDcV0W0lW2u-WnondVku8uZZo4k"}---
1111111111111----run in----2018-01-18 19:41:14+++files[]+++get[]+++request{"_C":"Code2d","_A":"get","_DATA":"{\"path\":\"pages\/share\/share?aid=2\",\"openid\":\"oeDcV0W0lW2u-WnondVku8uZZo4k\"}","openid":"oeDcV0W0lW2u-WnondVku8uZZo4k"}---
1111111111111----run in----2018-01-18 19:46:28+++files[]+++get[]+++request{"_C":"Code2d","_A":"get","_DATA":"{\"path\":\"pages\/share\/share?aid=2\",\"openid\":\"oeDcV0W0lW2u-WnondVku8uZZo4k\"}","openid":"oeDcV0W0lW2u-WnondVku8uZZo4k"}---
1111111111111----run in----2018-01-18 19:46:38+++files[]+++get[]+++request{"_C":"Code2d","_A":"get","_DATA":"{\"path\":\"pages\/share\/share?aid=2\",\"openid\":\"oeDcV0W0lW2u-WnondVku8uZZo4k\"}","openid":"oeDcV0W0lW2u-WnondVku8uZZo4k"}---
1111111111111----run in----2018-01-18 19:46:43+++files[]+++get[]+++request{"_C":"Code2d","_A":"get","_DATA":"{\"path\":\"pages\/share\/share?aid=2\",\"openid\":\"oeDcV0W0lW2u-WnondVku8uZZo4k\"}","openid":"oeDcV0W0lW2u-WnondVku8uZZo4k"}---
1111111111111----run in----2018-01-18 19:47:03+++files[]+++get[]+++request{"_C":"Code2d","_A":"get","_DATA":"{\"path\":\"pages\/share\/share?aid=2\",\"openid\":\"oeDcV0W0lW2u-WnondVku8uZZo4k\"}","openid":"oeDcV0W0lW2u-WnondVku8uZZo4k"}---
1111111111111----run in----2018-01-18 19:47:14+++files[]+++get[]+++request{"_C":"Code2d","_A":"get","_DATA":"{\"path\":\"pages\/share\/share?aid=2\",\"openid\":\"oeDcV0W0lW2u-WnondVku8uZZo4k\"}","openid":"oeDcV0W0lW2u-WnondVku8uZZo4k"}---
1111111111111----run in----2018-01-18 19:47:20+++files[]+++get[]+++request{"_C":"Code2d","_A":"get","_DATA":"{\"path\":\"pages\/share\/share?aid=2\",\"openid\":\"oeDcV0W0lW2u-WnondVku8uZZo4k\"}","openid":"oeDcV0W0lW2u-WnondVku8uZZo4k"}---
1111111111111----run in----2018-01-18 19:47:51+++files[]+++get[]+++request{"_C":"Code2d","_A":"get","_DATA":"{\"path\":\"pages\/share\/share?aid=2\",\"openid\":\"oeDcV0W0lW2u-WnondVku8uZZo4k\"}","openid":"oeDcV0W0lW2u-WnondVku8uZZo4k"}---
1111111111111----run in----2018-01-18 19:47:55+++files[]+++get[]+++request{"_C":"Code2d","_A":"get","_DATA":"{\"path\":\"pages\/share\/share?aid=2\",\"openid\":\"oeDcV0W0lW2u-WnondVku8uZZo4k\"}","openid":"oeDcV0W0lW2u-WnondVku8uZZo4k"}---
1111111111111----run in----2018-01-18 19:48:11+++files[]+++get[]+++request{"_C":"Code2d","_A":"get","_DATA":"{\"path\":\"pages\/share\/share?aid=2\",\"openid\":\"oeDcV0W0lW2u-WnondVku8uZZo4k\"}","openid":"oeDcV0W0lW2u-WnondVku8uZZo4k"}---
1111111111111----run in----2018-01-18 19:48:46+++files[]+++get[]+++request{"_C":"Code2d","_A":"get","_DATA":"{\"path\":\"pages\/share\/share?aid=2\",\"openid\":\"oeDcV0W0lW2u-WnondVku8uZZo4k\"}","openid":"oeDcV0W0lW2u-WnondVku8uZZo4k"}---
1111111111111----run in----2018-01-18 19:49:08+++files[]+++get[]+++request{"_C":"Code2d","_A":"get","_DATA":"{\"path\":\"pages\/share\/share?aid=2\",\"openid\":\"oeDcV0W0lW2u-WnondVku8uZZo4k\"}","openid":"oeDcV0W0lW2u-WnondVku8uZZo4k"}---
1111111111111----run in----2018-01-18 19:49:57+++files[]+++get[]+++request{"_C":"Code2d","_A":"get","_DATA":"{\"path\":\"pages\/share\/share?aid=2\",\"openid\":\"oeDcV0W0lW2u-WnondVku8uZZo4k\"}","openid":"oeDcV0W0lW2u-WnondVku8uZZo4k"}---
1111111111111----run in----2018-01-18 19:50:09+++files[]+++get[]+++request{"_C":"Code2d","_A":"get","_DATA":"{\"path\":\"pages\/share\/share?aid=2\",\"openid\":\"oeDcV0W0lW2u-WnondVku8uZZo4k\"}","openid":"oeDcV0W0lW2u-WnondVku8uZZo4k"}---
1111111111111----run in----2018-01-18 19:50:19+++files[]+++get[]+++request{"_C":"Code2d","_A":"get","_DATA":"{\"path\":\"pages\/share\/share?aid=2\",\"openid\":\"oeDcV0W0lW2u-WnondVku8uZZo4k\"}","openid":"oeDcV0W0lW2u-WnondVku8uZZo4k"}---
1111111111111----run in----2018-01-18 19:50:36+++files[]+++get[]+++request{"_C":"Code2d","_A":"get","_DATA":"{\"path\":\"pages\/share\/share?aid=2\",\"openid\":\"oeDcV0W0lW2u-WnondVku8uZZo4k\"}","openid":"oeDcV0W0lW2u-WnondVku8uZZo4k"}---
1111111111111----run in----2018-01-18 19:51:25+++files[]+++get[]+++request{"_C":"Code2d","_A":"get","_DATA":"{\"path\":\"pages\/share\/share?aid=2\",\"openid\":\"oeDcV0W0lW2u-WnondVku8uZZo4k\"}","openid":"oeDcV0W0lW2u-WnondVku8uZZo4k"}---
1111111111111----run in----2018-01-18 19:53:08+++files[]+++get[]+++request{"_C":"Code2d","_A":"get","_DATA":"{\"path\":\"pages\/share\/share?aid=2\",\"openid\":\"oeDcV0W0lW2u-WnondVku8uZZo4k\"}","openid":"oeDcV0W0lW2u-WnondVku8uZZo4k"}---
1111111111111----run in----2018-01-18 19:54:12+++files[]+++get[]+++request{"_C":"Code2d","_A":"get","_DATA":"{\"path\":\"pages\/share\/share?aid=2\",\"openid\":\"oeDcV0W0lW2u-WnondVku8uZZo4k\"}","openid":"oeDcV0W0lW2u-WnondVku8uZZo4k"}---
1111111111111----run in----2018-01-18 19:54:19+++files[]+++get[]+++request{"_C":"Code2d","_A":"get","_DATA":"{\"path\":\"pages\/share\/share?aid=2\",\"openid\":\"oeDcV0W0lW2u-WnondVku8uZZo4k\"}","openid":"oeDcV0W0lW2u-WnondVku8uZZo4k"}---
1111111111111----run in----2018-01-18 19:54:56+++files[]+++get[]+++request{"_C":"Code2d","_A":"get","_DATA":"{\"path\":\"pages\/share\/share?aid=2\",\"openid\":\"oeDcV0W0lW2u-WnondVku8uZZo4k\"}","openid":"oeDcV0W0lW2u-WnondVku8uZZo4k"}---
1111111111111----run in----2018-01-18 19:55:06+++files[]+++get[]+++request{"_C":"Code2d","_A":"get","_DATA":"{\"path\":\"pages\/share\/share?aid=2\",\"openid\":\"oeDcV0W0lW2u-WnondVku8uZZo4k\"}","openid":"oeDcV0W0lW2u-WnondVku8uZZo4k"}---
1111111111111----run in----2018-01-18 19:55:13+++files[]+++get[]+++request{"_C":"Code2d","_A":"get","_DATA":"{\"path\":\"pages\/share\/share?aid=2\",\"openid\":\"oeDcV0W0lW2u-WnondVku8uZZo4k\"}","openid":"oeDcV0W0lW2u-WnondVku8uZZo4k"}---
1111111111111----run in----2018-01-18 19:55:17+++files[]+++get[]+++request{"_C":"Code2d","_A":"get","_DATA":"{\"path\":\"pages\/share\/share?aid=2\",\"openid\":\"oeDcV0W0lW2u-WnondVku8uZZo4k\"}","openid":"oeDcV0W0lW2u-WnondVku8uZZo4k"}---
1111111111111----run in----2018-01-18 19:55:48+++files[]+++get[]+++request{"_C":"Code2d","_A":"get","_DATA":"{\"path\":\"pages\/share\/share?aid=2\",\"openid\":\"oeDcV0W0lW2u-WnondVku8uZZo4k\"}","openid":"oeDcV0W0lW2u-WnondVku8uZZo4k"}---
1111111111111----run in----2018-01-18 19:56:02+++files[]+++get[]+++request{"_C":"Act","_A":"selectOne","id":"2","group_id":"","openid":"oeDcV0W0lW2u-WnondVku8uZZo4k"}---
1111111111111----run in----2018-01-18 19:56:03+++files[]+++get[]+++request{"_C":"Code2d","_A":"get","_DATA":"{\"path\":\"pages\/share\/share?aid=2\",\"openid\":\"oeDcV0W0lW2u-WnondVku8uZZo4k\"}","openid":"oeDcV0W0lW2u-WnondVku8uZZo4k"}---
1111111111111----run in----2018-01-18 19:56:58+++files[]+++get[]+++request{"_C":"Code2d","_A":"get","_DATA":"{\"path\":\"pages\/share\/share?aid=2\",\"openid\":\"oeDcV0W0lW2u-WnondVku8uZZo4k\"}","openid":"oeDcV0W0lW2u-WnondVku8uZZo4k"}---
1111111111111----run in----2018-01-18 19:57:46+++files[]+++get[]+++request{"_C":"Code2d","_A":"get","_DATA":"{\"path\":\"pages\/share\/share?aid=2\",\"openid\":\"oeDcV0W0lW2u-WnondVku8uZZo4k\"}","openid":"oeDcV0W0lW2u-WnondVku8uZZo4k"}---
1111111111111----run in----2018-01-18 19:57:52+++files[]+++get[]+++request{"_C":"Code2d","_A":"get","_DATA":"{\"path\":\"pages\/share\/share?aid=2\",\"openid\":\"oeDcV0W0lW2u-WnondVku8uZZo4k\"}","openid":"oeDcV0W0lW2u-WnondVku8uZZo4k"}---
1111111111111----run in----2018-01-18 19:57:58+++files[]+++get[]+++request{"_C":"Code2d","_A":"get","_DATA":"{\"path\":\"pages\/share\/share?aid=2\",\"openid\":\"oeDcV0W0lW2u-WnondVku8uZZo4k\"}","openid":"oeDcV0W0lW2u-WnondVku8uZZo4k"}---
1111111111111----run in----2018-01-18 19:58:03+++files[]+++get[]+++request{"_C":"Code2d","_A":"get","_DATA":"{\"path\":\"pages\/share\/share?aid=2\",\"openid\":\"oeDcV0W0lW2u-WnondVku8uZZo4k\"}","openid":"oeDcV0W0lW2u-WnondVku8uZZo4k"}---
1111111111111----run in----2018-01-18 19:58:08+++files[]+++get[]+++request{"_C":"Code2d","_A":"get","_DATA":"{\"path\":\"pages\/share\/share?aid=2\",\"openid\":\"oeDcV0W0lW2u-WnondVku8uZZo4k\"}","openid":"oeDcV0W0lW2u-WnondVku8uZZo4k"}---
1111111111111----run in----2018-01-18 19:58:12+++files[]+++get[]+++request{"_C":"Code2d","_A":"get","_DATA":"{\"path\":\"pages\/share\/share?aid=2\",\"openid\":\"oeDcV0W0lW2u-WnondVku8uZZo4k\"}","openid":"oeDcV0W0lW2u-WnondVku8uZZo4k"}---
1111111111111----run in----2018-01-18 19:58:18+++files[]+++get[]+++request{"_C":"Code2d","_A":"get","_DATA":"{\"path\":\"pages\/share\/share?aid=2\",\"openid\":\"oeDcV0W0lW2u-WnondVku8uZZo4k\"}","openid":"oeDcV0W0lW2u-WnondVku8uZZo4k"}---
1111111111111----run in----2018-01-18 19:58:38+++files[]+++get[]+++request{"_C":"Code2d","_A":"get","_DATA":"{\"path\":\"pages\/share\/share?aid=2\",\"openid\":\"oeDcV0W0lW2u-WnondVku8uZZo4k\"}","openid":"oeDcV0W0lW2u-WnondVku8uZZo4k"}---
1111111111111----run in----2018-01-18 19:59:11+++files[]+++get[]+++request{"_C":"Code2d","_A":"get","_DATA":"{\"path\":\"pages\/share\/share?aid=2\",\"openid\":\"oeDcV0W0lW2u-WnondVku8uZZo4k\"}","openid":"oeDcV0W0lW2u-WnondVku8uZZo4k"}---
1111111111111----run in----2018-01-18 19:59:57+++files[]+++get[]+++request{"_C":"Code2d","_A":"get","_DATA":"{\"path\":\"pages\/share\/share?aid=2\",\"openid\":\"oeDcV0W0lW2u-WnondVku8uZZo4k\"}","openid":"oeDcV0W0lW2u-WnondVku8uZZo4k"}---
1111111111111----run in----2018-01-18 20:00:11+++files[]+++get[]+++request{"_C":"Code2d","_A":"get","_DATA":"{\"path\":\"pages\/share\/share?aid=2\",\"openid\":\"oeDcV0W0lW2u-WnondVku8uZZo4k\"}","openid":"oeDcV0W0lW2u-WnondVku8uZZo4k"}---
1111111111111----run in----2018-01-18 20:00:59+++files[]+++get[]+++request{"_C":"Code2d","_A":"get","_DATA":"{\"path\":\"pages\/share\/share?aid=2\",\"openid\":\"oeDcV0W0lW2u-WnondVku8uZZo4k\"}","openid":"oeDcV0W0lW2u-WnondVku8uZZo4k"}---
1111111111111----run in----2018-01-18 20:01:26+++files[]+++get[]+++request{"_C":"Code2d","_A":"get","_DATA":"{\"path\":\"pages\/share\/share?aid=2\",\"openid\":\"oeDcV0W0lW2u-WnondVku8uZZo4k\"}","openid":"oeDcV0W0lW2u-WnondVku8uZZo4k"}---
1111111111111----run in----2018-01-18 20:03:34+++files[]+++get[]+++request{"_C":"Code2d","_A":"get","_DATA":"{\"path\":\"pages\/share\/share?aid=2\",\"openid\":\"oeDcV0W0lW2u-WnondVku8uZZo4k\"}","openid":"oeDcV0W0lW2u-WnondVku8uZZo4k"}---
1111111111111----run in----2018-01-18 20:03:42+++files[]+++get[]+++request{"_C":"Code2d","_A":"get","_DATA":"{\"path\":\"pages\/share\/share?aid=2\",\"openid\":\"oeDcV0W0lW2u-WnondVku8uZZo4k\"}","openid":"oeDcV0W0lW2u-WnondVku8uZZo4k"}---
1111111111111----run in----2018-01-18 20:04:07+++files[]+++get[]+++request{"_C":"Code2d","_A":"get","_DATA":"{\"path\":\"pages\/share\/share?aid=2\",\"openid\":\"oeDcV0W0lW2u-WnondVku8uZZo4k\"}","openid":"oeDcV0W0lW2u-WnondVku8uZZo4k"}---
1111111111111----run in----2018-01-18 20:04:17+++files[]+++get[]+++request{"_C":"Code2d","_A":"get","_DATA":"{\"path\":\"pages\/share\/share?aid=2\",\"openid\":\"oeDcV0W0lW2u-WnondVku8uZZo4k\"}","openid":"oeDcV0W0lW2u-WnondVku8uZZo4k"}---
1111111111111----run in----2018-01-18 20:04:19+++files[]+++get[]+++request{"_C":"Code2d","_A":"get","_DATA":"{\"path\":\"pages\/share\/share?aid=2\",\"openid\":\"oeDcV0W0lW2u-WnondVku8uZZo4k\"}","openid":"oeDcV0W0lW2u-WnondVku8uZZo4k"}---
1111111111111----run in----2018-01-18 20:06:05+++files[]+++get[]+++request{"_C":"Code2d","_A":"get","_DATA":"{\"path\":\"pages\/share\/share?aid=2\",\"openid\":\"oeDcV0W0lW2u-WnondVku8uZZo4k\"}","openid":"oeDcV0W0lW2u-WnondVku8uZZo4k"}---
1111111111111----run in----2018-01-18 20:07:20+++files[]+++get[]+++request{"_C":"Code2d","_A":"get","_DATA":"{\"path\":\"pages\/share\/share?aid=2\",\"openid\":\"oeDcV0W0lW2u-WnondVku8uZZo4k\"}","openid":"oeDcV0W0lW2u-WnondVku8uZZo4k"}---
1111111111111----run in----2018-01-18 20:07:25+++files[]+++get[]+++request{"_C":"Code2d","_A":"get","_DATA":"{\"path\":\"pages\/share\/share?aid=2\",\"openid\":\"oeDcV0W0lW2u-WnondVku8uZZo4k\"}","openid":"oeDcV0W0lW2u-WnondVku8uZZo4k"}---
1111111111111----run in----2018-01-18 20:07:30+++files[]+++get[]+++request{"_C":"Code2d","_A":"get","_DATA":"{\"path\":\"pages\/share\/share?aid=2\",\"openid\":\"oeDcV0W0lW2u-WnondVku8uZZo4k\"}","openid":"oeDcV0W0lW2u-WnondVku8uZZo4k"}---
1111111111111----run in----2018-01-18 20:07:46+++files[]+++get[]+++request{"_C":"Code2d","_A":"get","_DATA":"{\"path\":\"pages\/share\/share?aid=2\",\"openid\":\"oeDcV0W0lW2u-WnondVku8uZZo4k\"}","openid":"oeDcV0W0lW2u-WnondVku8uZZo4k"}---
1111111111111----run in----2018-01-18 20:07:50+++files[]+++get[]+++request{"_C":"Code2d","_A":"get","_DATA":"{\"path\":\"pages\/share\/share?aid=2\",\"openid\":\"oeDcV0W0lW2u-WnondVku8uZZo4k\"}","openid":"oeDcV0W0lW2u-WnondVku8uZZo4k"}---
1111111111111----run in----2018-01-18 20:08:20+++files[]+++get[]+++request{"_C":"Code2d","_A":"get","_DATA":"{\"path\":\"pages\/share\/share?aid=2\",\"openid\":\"oeDcV0W0lW2u-WnondVku8uZZo4k\"}","openid":"oeDcV0W0lW2u-WnondVku8uZZo4k"}---
1111111111111----run in----2018-01-18 20:08:26+++files[]+++get[]+++request{"_C":"Code2d","_A":"get","_DATA":"{\"path\":\"pages\/share\/share?aid=2\",\"openid\":\"oeDcV0W0lW2u-WnondVku8uZZo4k\"}","openid":"oeDcV0W0lW2u-WnondVku8uZZo4k"}---
1111111111111----run in----2018-01-18 20:08:33+++files[]+++get[]+++request{"_C":"Code2d","_A":"get","_DATA":"{\"path\":\"pages\/share\/share?aid=2\",\"openid\":\"oeDcV0W0lW2u-WnondVku8uZZo4k\"}","openid":"oeDcV0W0lW2u-WnondVku8uZZo4k"}---
1111111111111----run in----2018-01-18 20:10:02+++files[]+++get[]+++request{"_C":"Code2d","_A":"get","_DATA":"{\"path\":\"pages\/share\/share?aid=2\",\"openid\":\"oeDcV0W0lW2u-WnondVku8uZZo4k\"}","openid":"oeDcV0W0lW2u-WnondVku8uZZo4k"}---
1111111111111----run in----2018-01-18 20:10:24+++files[]+++get[]+++request{"_C":"Code2d","_A":"get","_DATA":"{\"path\":\"pages\/share\/share?aid=2\",\"openid\":\"oeDcV0W0lW2u-WnondVku8uZZo4k\"}","openid":"oeDcV0W0lW2u-WnondVku8uZZo4k"}---
1111111111111----run in----2018-01-18 20:10:28+++files[]+++get[]+++request{"_C":"Code2d","_A":"get","_DATA":"{\"path\":\"pages\/share\/share?aid=2\",\"openid\":\"oeDcV0W0lW2u-WnondVku8uZZo4k\"}","openid":"oeDcV0W0lW2u-WnondVku8uZZo4k"}---
1111111111111----run in----2018-01-18 20:10:47+++files[]+++get[]+++request{"_C":"Code2d","_A":"get","_DATA":"{\"path\":\"pages\/share\/share?aid=2\",\"openid\":\"oeDcV0W0lW2u-WnondVku8uZZo4k\"}","openid":"oeDcV0W0lW2u-WnondVku8uZZo4k"}---
1111111111111----run in----2018-01-18 20:12:09+++files[]+++get[]+++request{"_C":"Code2d","_A":"get","_DATA":"{\"path\":\"pages\/share\/share?aid=2\",\"openid\":\"oeDcV0W0lW2u-WnondVku8uZZo4k\"}","openid":"oeDcV0W0lW2u-WnondVku8uZZo4k"}---
1111111111111----run in----2018-01-18 20:12:14+++files[]+++get[]+++request{"_C":"Code2d","_A":"get","_DATA":"{\"path\":\"pages\/share\/share?aid=2\",\"openid\":\"oeDcV0W0lW2u-WnondVku8uZZo4k\"}","openid":"oeDcV0W0lW2u-WnondVku8uZZo4k"}---
1111111111111----run in----2018-01-18 20:12:39+++files[]+++get[]+++request{"_C":"Code2d","_A":"get","_DATA":"{\"path\":\"pages\/share\/share?aid=2\",\"openid\":\"oeDcV0W0lW2u-WnondVku8uZZo4k\"}","openid":"oeDcV0W0lW2u-WnondVku8uZZo4k"}---
1111111111111----run in----2018-01-18 20:13:06+++files[]+++get[]+++request{"_C":"Code2d","_A":"get","_DATA":"{\"path\":\"pages\/share\/share?aid=2\",\"openid\":\"oeDcV0W0lW2u-WnondVku8uZZo4k\"}","openid":"oeDcV0W0lW2u-WnondVku8uZZo4k"}---
1111111111111----run in----2018-01-18 20:13:09+++files[]+++get[]+++request{"_C":"Code2d","_A":"get","_DATA":"{\"path\":\"pages\/share\/share?aid=2\",\"openid\":\"oeDcV0W0lW2u-WnondVku8uZZo4k\"}","openid":"oeDcV0W0lW2u-WnondVku8uZZo4k"}---
1111111111111----run in----2018-01-18 20:13:13+++files[]+++get[]+++request{"_C":"Code2d","_A":"get","_DATA":"{\"path\":\"pages\/share\/share?aid=2\",\"openid\":\"oeDcV0W0lW2u-WnondVku8uZZo4k\"}","openid":"oeDcV0W0lW2u-WnondVku8uZZo4k"}---
1111111111111----run in----2018-01-18 20:13:24+++files[]+++get[]+++request{"_C":"Code2d","_A":"get","_DATA":"{\"path\":\"pages\/share\/share?aid=2\",\"openid\":\"oeDcV0W0lW2u-WnondVku8uZZo4k\"}","openid":"oeDcV0W0lW2u-WnondVku8uZZo4k"}---
1111111111111----run in----2018-01-18 20:18:46+++files[]+++get[]+++request{"_C":"Code2d","_A":"get","_DATA":"{\"path\":\"pages\/share\/share?aid=2\",\"openid\":\"oeDcV0W0lW2u-WnondVku8uZZo4k\"}","openid":"oeDcV0W0lW2u-WnondVku8uZZo4k"}---
1111111111111----run in----2018-01-18 20:18:51+++files[]+++get[]+++request{"_C":"Code2d","_A":"get","_DATA":"{\"path\":\"pages\/share\/share?aid=2\",\"openid\":\"oeDcV0W0lW2u-WnondVku8uZZo4k\"}","openid":"oeDcV0W0lW2u-WnondVku8uZZo4k"}---
1111111111111----run in----2018-01-18 20:18:59+++files[]+++get[]+++request{"_C":"Code2d","_A":"get","_DATA":"{\"path\":\"pages\/share\/share?aid=2\",\"openid\":\"oeDcV0W0lW2u-WnondVku8uZZo4k\"}","openid":"oeDcV0W0lW2u-WnondVku8uZZo4k"}---
1111111111111----run in----2018-01-18 20:19:18+++files[]+++get[]+++request{"_C":"Code2d","_A":"get","_DATA":"{\"path\":\"pages\/share\/share?aid=2\",\"openid\":\"oeDcV0W0lW2u-WnondVku8uZZo4k\"}","openid":"oeDcV0W0lW2u-WnondVku8uZZo4k"}---
1111111111111----run in----2018-01-18 20:19:23+++files[]+++get[]+++request{"_C":"Code2d","_A":"get","_DATA":"{\"path\":\"pages\/share\/share?aid=2\",\"openid\":\"oeDcV0W0lW2u-WnondVku8uZZo4k\"}","openid":"oeDcV0W0lW2u-WnondVku8uZZo4k"}---
1111111111111----run in----2018-01-18 20:19:25+++files[]+++get[]+++request{"_C":"Code2d","_A":"get","_DATA":"{\"path\":\"pages\/share\/share?aid=2\",\"openid\":\"oeDcV0W0lW2u-WnondVku8uZZo4k\"}","openid":"oeDcV0W0lW2u-WnondVku8uZZo4k"}---
1111111111111----run in----2018-01-18 21:09:24+++files[]+++get{"_C":"Key","_A":"getAccessToken","openid":"oeDcV0W0lW2u-WnondVku8uZZo4k","money":"0.01"}+++request{"_C":"Key","_A":"getAccessToken","openid":"oeDcV0W0lW2u-WnondVku8uZZo4k","money":"0.01"}---
1111111111111----run in----2018-01-18 21:09:39+++files[]+++get{"_C":"Key","_A":"getAccessToken","openid":"oeDcV0W0lW2u-WnondVku8uZZo4k","money":"0.01"}+++request{"_C":"Key","_A":"getAccessToken","openid":"oeDcV0W0lW2u-WnondVku8uZZo4k","money":"0.01"}---
1111111111111----run in----2018-01-18 21:17:33+++files[]+++get{"_C":"Key","_A":"getAccessToken","openid":"oeDcV0W0lW2u-WnondVku8uZZo4k"}+++request{"_C":"Key","_A":"getAccessToken","openid":"oeDcV0W0lW2u-WnondVku8uZZo4k"}---
1111111111111----run in----2018-01-18 21:17:38+++files[]+++get[]+++request{"_C":"Code2d","_A":"get","_DATA":"{\"path\":\"pages\/share\/share?aid=2\",\"openid\":\"oeDcV0W0lW2u-WnondVku8uZZo4k\"}","openid":"oeDcV0W0lW2u-WnondVku8uZZo4k"}---
1111111111111----run in----2018-01-18 21:19:09+++files[]+++get[]+++request{"openid":"oeDcV0W0lW2u-WnondVku8uZZo4k"}---
1111111111111----run in----2018-01-18 21:19:39+++files[]+++get{"_C":"Key","_A":"getAccessToken","openid":"oeDcV0W0lW2u-WnondVku8uZZo4k"}+++request{"_C":"Key","_A":"getAccessToken","openid":"oeDcV0W0lW2u-WnondVku8uZZo4k"}---
1111111111111----run in----2018-01-18 21:20:36+++files[]+++get{"_C":"Key","_A":"getAccessToken","openid":"oeDcV0W0lW2u-WnondVku8uZZo4k"}+++request{"_C":"Key","_A":"getAccessToken","openid":"oeDcV0W0lW2u-WnondVku8uZZo4k"}---
1111111111111----run in----2018-01-18 21:20:46+++files[]+++get[]+++request{"_C":"Key","_A":"getAccessToken","openid":"oeDcV0W0lW2u-WnondVku8uZZo4k"}---
1111111111111----run in----2018-01-18 21:23:05+++files[]+++get[]+++request{"_C":"Key","_A":"getAccessToken","openid":"oeDcV0W0lW2u-WnondVku8uZZo4k"}---
1111111111111----run in----2018-01-18 21:23:16+++files[]+++get[]+++request{"_C":"User","_A":"selectOne","openid":"oeDcV0W0lW2u-WnondVku8uZZo4k"}---
1111111111111----run in----2018-01-18 21:23:42+++files[]+++get[]+++request{"_C":"User","_A":"selectOne","openid":"oeDcV0W0lW2u-WnondVku8uZZo4k"}---
1111111111111----run in----2018-01-18 21:23:42+++files[]+++get[]+++request{"_C":"Key","_A":"getWxId","code":"071QGTi62NQG8K0ZkNl622AGi62QGTiM","openid":"oeDcV0W0lW2u-WnondVku8uZZo4k"}---
1111111111111----run in----2018-01-18 21:23:43+++files[]+++get[]+++request{"_C":"User","_A":"selectOne","openid":"oeDcV0W0lW2u-WnondVku8uZZo4k"}---
1111111111111----run in----2018-01-18 21:25:00+++files[]+++get[]+++request{"_C":"User","_A":"selectOne","openid":"oeDcV0W0lW2u-WnondVku8uZZo4k"}---
1111111111111----run in----2018-01-18 21:25:04+++files[]+++get[]+++request{"_C":"Key","_A":"getAccessToken","openid":"oeDcV0W0lW2u-WnondVku8uZZo4k"}---
1111111111111----run in----2018-01-18 21:25:36+++files{"file":{"name":"tmp_d2409fde96b8cac90c3ccbef40cc855ccbb800cf3f1dfa99.jpg","type":"image\/jpg","tmp_name":"\/tmp\/php2Vqh0E","error":0,"size":50618}}+++get[]+++request{"_C":"Pic","path":"act","_A":"upload","openid":"oeDcV0W0lW2u-WnondVku8uZZo4k"}---
2018-01-18 21:25:36:{"file":{"name":"tmp_d2409fde96b8cac90c3ccbef40cc855ccbb800cf3f1dfa99.jpg","type":"image\/jpg","tmp_name":"\/tmp\/php2Vqh0E","error":0,"size":50618}}
1111111111111----run in----2018-01-18 21:25:36+++files[]+++get[]+++request{"_C":"Key","_A":"getAccessToken","openid":"oeDcV0W0lW2u-WnondVku8uZZo4k"}---
1111111111111----run in----2018-01-18 21:25:50+++files{"file":{"name":"tmp_1a7f2d3c7e669ba1f15c1bb3bdcf8760bfbd85535ec4c418.png","type":"image\/png","tmp_name":"\/tmp\/php0eEE0Q","error":0,"size":629402}}+++get[]+++request{"_C":"Pic","path":"act\/poster","_A":"upload","openid":"oeDcV0W0lW2u-WnondVku8uZZo4k"}---
2018-01-18 21:25:50:{"file":{"name":"tmp_1a7f2d3c7e669ba1f15c1bb3bdcf8760bfbd85535ec4c418.png","type":"image\/png","tmp_name":"\/tmp\/php0eEE0Q","error":0,"size":629402}}
1111111111111----run in----2018-01-18 21:25:50+++files{"file":{"name":"tmp_1a7f2d3c7e669ba1f15c1bb3bdcf8760bfbd85535ec4c418.png","type":"image\/png","tmp_name":"\/tmp\/phpEVLpbk","error":0,"size":629402}}+++get[]+++request{"_C":"Pic","path":"act\/poster","_A":"upload","openid":"oeDcV0W0lW2u-WnondVku8uZZo4k"}---
2018-01-18 21:25:50:{"file":{"name":"tmp_1a7f2d3c7e669ba1f15c1bb3bdcf8760bfbd85535ec4c418.png","type":"image\/png","tmp_name":"\/tmp\/phpEVLpbk","error":0,"size":629402}}
1111111111111----run in----2018-01-18 21:25:50+++files[]+++get[]+++request{"_C":"Pay","_A":"get","money":"19.38","openid":"oeDcV0W0lW2u-WnondVku8uZZo4k"}---
1111111111111----run in----2018-01-18 21:25:51+++files[]+++get[]+++request{"_C":"Pay","_A":"get","money":"19.38","openid":"oeDcV0W0lW2u-WnondVku8uZZo4k"}---
1111111111111----run in----2018-01-18 21:25:59+++files[]+++get[]+++request{"_C":"Act","_A":"insertOne","_DATA":"{\"type\":\"poster\",\"degree_type\":\"3*3\",\"pay_total\":\"19.38\",\"pay_fee\":\"0.38\",\"award_first\":\"1.00\",\"award_two\":\"0.50\",\"award_third\":\"0.20\",\"award_all\":\"0.1\",\"num_group\":10,\"num_person\":50,\"limit_sex\":\"2\",\"limit_distance\":8,\"description\":\"8\u516c\u91cc\u5185\u7684\u5973\u751f\u73a9\",\"pic\":\"act\/poster\/tmp_1a7f2d3c7e669ba1f15c1bb3bdcf8760bfbd85535ec4c418.png\",\"description_pic\":[\"act\/tmp_d2409fde96b8cac90c3ccbef40cc855ccbb800cf3f1dfa99.jpg\"],\"openid\":\"oeDcV0W0lW2u-WnondVku8uZZo4k\"}","openid":"oeDcV0W0lW2u-WnondVku8uZZo4k"}---
1111111111111----run in----2018-01-18 21:26:00+++files[]+++get[]+++request{"_C":"Key","_A":"getAccessToken","openid":"oeDcV0W0lW2u-WnondVku8uZZo4k"}---
1111111111111----run in----2018-01-18 21:26:00+++files[]+++get[]+++request{"_C":"Act","_A":"selectOne","id":"57","openid":"oeDcV0W0lW2u-WnondVku8uZZo4k"}---
1111111111111----run in----2018-01-18 21:26:07+++files[]+++get[]+++request{"_C":"Key","_A":"getAccessToken","openid":"oeDcV0W0lW2u-WnondVku8uZZo4k"}---
1111111111111----run in----2018-01-18 21:26:07+++files[]+++get[]+++request{"_C":"Code2d","_A":"get","_DATA":"{\"path\":\"pages\/share\/share?aid=57\",\"openid\":\"oeDcV0W0lW2u-WnondVku8uZZo4k\"}","openid":"oeDcV0W0lW2u-WnondVku8uZZo4k"}---
1111111111111----run in----2018-01-18 21:28:36+++files[]+++get[]+++request{"_C":"Code2d","_A":"get","_DATA":"{\"path\":\"pages\/share\/share?aid=57\",\"openid\":\"oeDcV0W0lW2u-WnondVku8uZZo4k\"}","openid":"oeDcV0W0lW2u-WnondVku8uZZo4k"}---
1111111111111----run in----2018-01-18 21:30:53+++files[]+++get{"_C":"Act","_A":"select","openid":"oeDcV0W0lW2u-WnondVku8uZZo4k"}+++request{"_C":"Act","_A":"select","openid":"oeDcV0W0lW2u-WnondVku8uZZo4k"}---
1111111111111----run in----2018-01-18 21:31:09+++files[]+++get{"_C":"Act","_A":"select","openid":"oeDcV0W0lW2u-WnondVku8uZZo4k","_LIMIT":"1,1"}+++request{"_C":"Act","_A":"select","openid":"oeDcV0W0lW2u-WnondVku8uZZo4k","_LIMIT":"1,1"}---
1111111111111----run in----2018-01-18 21:31:16+++files[]+++get{"_C":"Act","_A":"select","openid":"oeDcV0W0lW2u-WnondVku8uZZo4k","_LIMIT":"1,1"}+++request{"_C":"Act","_A":"select","openid":"oeDcV0W0lW2u-WnondVku8uZZo4k","_LIMIT":"1,1"}---
1111111111111----run in----2018-01-18 21:31:17+++files[]+++get{"_C":"Act","_A":"select","openid":"oeDcV0W0lW2u-WnondVku8uZZo4k","_LIMIT":"1,1"}+++request{"_C":"Act","_A":"select","openid":"oeDcV0W0lW2u-WnondVku8uZZo4k","_LIMIT":"1,1"}---
1111111111111----run in----2018-01-18 21:32:32+++files[]+++get[]+++request{"_C":"Code2d","_A":"get","_DATA":"{\"path\":\"pages\/share\/share?aid=57\",\"openid\":\"oeDcV0W0lW2u-WnondVku8uZZo4k\"}","openid":"oeDcV0W0lW2u-WnondVku8uZZo4k"}---
1111111111111----run in----2018-01-18 21:32:40+++files[]+++get{"_C":"Act","_A":"selectOne","openid":"oeDcV0W0lW2u-WnondVku8uZZo4k","_LIMIT":"1,1"}+++request{"_C":"Act","_A":"selectOne","openid":"oeDcV0W0lW2u-WnondVku8uZZo4k","_LIMIT":"1,1"}---
1111111111111----run in----2018-01-18 21:33:05+++files[]+++get{"_C":"Act","_A":"selectOne","openid":"oeDcV0W0lW2u-WnondVku8uZZo4k","_LIMIT":"1,1","act_id":"1"}+++request{"_C":"Act","_A":"selectOne","openid":"oeDcV0W0lW2u-WnondVku8uZZo4k","_LIMIT":"1,1","act_id":"1"}---
1111111111111----run in----2018-01-18 21:33:08+++files[]+++get[]+++request{"_C":"User","_A":"selectOne","openid":"oeDcV0W0lW2u-WnondVku8uZZo4k"}---
1111111111111----run in----2018-01-18 21:33:10+++files[]+++get{"_C":"Act","_A":"selectOne","openid":"oeDcV0W0lW2u-WnondVku8uZZo4k","_LIMIT":"1,1","id":"1"}+++request{"_C":"Act","_A":"selectOne","openid":"oeDcV0W0lW2u-WnondVku8uZZo4k","_LIMIT":"1,1","id":"1"}---
1111111111111----run in----2018-01-18 21:33:22+++files[]+++get[]+++request{"_C":"User","_A":"selectOne","openid":"oeDcV0W0lW2u-WnondVku8uZZo4k"}---
1111111111111----run in----2018-01-18 21:33:27+++files[]+++get[]+++request{"_C":"User","_A":"selectOne","openid":"oeDcV0W0lW2u-WnondVku8uZZo4k"}---
1111111111111----run in----2018-01-18 21:33:37+++files[]+++get[]+++request{"_C":"Key","_A":"getAccessToken","openid":"oeDcV0W0lW2u-WnondVku8uZZo4k"}---
1111111111111----run in----2018-01-18 21:34:03+++files{"file":{"name":"wx3d00770652053edd.o6zAJs9bs--3Qn1Jkc_lFPynmD4A.72f9fdf5291c7c23e1ff8f33e4a536bc.png","type":"image\/png","tmp_name":"\/tmp\/phpdSv4p4","error":0,"size":82702}}+++get[]+++request{"path":"act\/poster","openid":"oeDcV0W0lW2u-WnondVku8uZZo4k","_C":"Pic","_A":"upload"}---
2018-01-18 21:34:03:{"file":{"name":"wx3d00770652053edd.o6zAJs9bs--3Qn1Jkc_lFPynmD4A.72f9fdf5291c7c23e1ff8f33e4a536bc.png","type":"image\/png","tmp_name":"\/tmp\/phpdSv4p4","error":0,"size":82702}}
1111111111111----run in----2018-01-18 21:34:03+++files{"file":{"name":"wx3d00770652053edd.o6zAJs9bs--3Qn1Jkc_lFPynmD4A.72f9fdf5291c7c23e1ff8f33e4a536bc.png","type":"image\/png","tmp_name":"\/tmp\/php3a5ceB","error":0,"size":82702}}+++get[]+++request{"path":"act\/poster","openid":"oeDcV0W0lW2u-WnondVku8uZZo4k","_C":"Pic","_A":"upload"}---
2018-01-18 21:34:03:{"file":{"name":"wx3d00770652053edd.o6zAJs9bs--3Qn1Jkc_lFPynmD4A.72f9fdf5291c7c23e1ff8f33e4a536bc.png","type":"image\/png","tmp_name":"\/tmp\/php3a5ceB","error":0,"size":82702}}
1111111111111----run in----2018-01-18 21:34:03+++files[]+++get[]+++request{"_C":"Pay","_A":"get","money":"2.04","openid":"oeDcV0W0lW2u-WnondVku8uZZo4k"}---
1111111111111----run in----2018-01-18 21:34:03+++files[]+++get[]+++request{"_C":"Pay","_A":"get","money":"2.04","openid":"oeDcV0W0lW2u-WnondVku8uZZo4k"}---
1111111111111----run in----2018-01-18 21:35:38+++files[]+++get[]+++request{"_C":"User","_A":"selectOne","openid":"oeDcV0W0lW2u-WnondVku8uZZo4k"}---
1111111111111----run in----2018-01-18 21:35:44+++files[]+++get[]+++request{"_C":"User","_A":"selectOne","openid":"oeDcV0W0lW2u-WnondVku8uZZo4k"}---
1111111111111----run in----2018-01-18 21:35:49+++files[]+++get[]+++request{"_C":"Key","_A":"getAccessToken","openid":"oeDcV0W0lW2u-WnondVku8uZZo4k"}---
1111111111111----run in----2018-01-18 21:35:54+++files{"file":{"name":"wx3d00770652053edd.o6zAJs9bs--3Qn1Jkc_lFPynmD4A.fad89a6dd823512d46d07e4b18ffd3c6.png","type":"image\/png","tmp_name":"\/tmp\/phpVJNnxp","error":0,"size":82615}}+++get[]+++request{"path":"act\/poster","openid":"oeDcV0W0lW2u-WnondVku8uZZo4k","_C":"Pic","_A":"upload"}---
2018-01-18 21:35:54:{"file":{"name":"wx3d00770652053edd.o6zAJs9bs--3Qn1Jkc_lFPynmD4A.fad89a6dd823512d46d07e4b18ffd3c6.png","type":"image\/png","tmp_name":"\/tmp\/phpVJNnxp","error":0,"size":82615}}
1111111111111----run in----2018-01-18 21:35:54+++files{"file":{"name":"wx3d00770652053edd.o6zAJs9bs--3Qn1Jkc_lFPynmD4A.fad89a6dd823512d46d07e4b18ffd3c6.png","type":"image\/png","tmp_name":"\/tmp\/phpxDaM6G","error":0,"size":82615}}+++get[]+++request{"path":"act\/poster","openid":"oeDcV0W0lW2u-WnondVku8uZZo4k","_C":"Pic","_A":"upload"}---
2018-01-18 21:35:54:{"file":{"name":"wx3d00770652053edd.o6zAJs9bs--3Qn1Jkc_lFPynmD4A.fad89a6dd823512d46d07e4b18ffd3c6.png","type":"image\/png","tmp_name":"\/tmp\/phpxDaM6G","error":0,"size":82615}}
1111111111111----run in----2018-01-18 21:36:09+++files[]+++get[]+++request{"_C":"Pay","_A":"get","money":"19.38","openid":"oeDcV0W0lW2u-WnondVku8uZZo4k"}---
1111111111111----run in----2018-01-18 21:37:32+++files[]+++get[]+++request{"_C":"Pay","_A":"get","money":"19.38","openid":"oeDcV0W0lW2u-WnondVku8uZZo4k"}---
1111111111111----run in----2018-01-18 21:37:55+++files[]+++get[]+++request{"_C":"User","_A":"selectOne","openid":"oeDcV0W0lW2u-WnondVku8uZZo4k"}---
1111111111111----run in----2018-01-18 21:37:56+++files[]+++get[]+++request{"_C":"Key","_A":"getWxId","code":"021QpV9z15ex6i0uIGcz1qiS9z1QpV9K","openid":"oeDcV0W0lW2u-WnondVku8uZZo4k"}---
1111111111111----run in----2018-01-18 21:37:56+++files[]+++get[]+++request{"_C":"User","_A":"selectOne","openid":"oeDcV0W0lW2u-WnondVku8uZZo4k"}---
1111111111111----run in----2018-01-18 21:37:59+++files[]+++get[]+++request{"_C":"User","_A":"selectOne","openid":"oeDcV0W0lW2u-WnondVku8uZZo4k"}---
1111111111111----run in----2018-01-18 21:38:08+++files[]+++get[]+++request{"_C":"User","_A":"selectOne","openid":"oeDcV0W0lW2u-WnondVku8uZZo4k"}---
1111111111111----run in----2018-01-18 21:38:17+++files[]+++get[]+++request{"_C":"Key","_A":"getAccessToken","openid":"oeDcV0W0lW2u-WnondVku8uZZo4k"}---
1111111111111----run in----2018-01-18 21:38:51+++files{"file":{"name":"wx3d00770652053edd.o6zAJs9bs--3Qn1Jkc_lFPynmD4A.72f9fdf5291c7c23e1ff8f33e4a536bc.png","type":"image\/png","tmp_name":"\/tmp\/phpTtOVAh","error":0,"size":82702}}+++get[]+++request{"path":"act\/poster","openid":"oeDcV0W0lW2u-WnondVku8uZZo4k","_C":"Pic","_A":"upload"}---
2018-01-18 21:38:51:{"file":{"name":"wx3d00770652053edd.o6zAJs9bs--3Qn1Jkc_lFPynmD4A.72f9fdf5291c7c23e1ff8f33e4a536bc.png","type":"image\/png","tmp_name":"\/tmp\/phpTtOVAh","error":0,"size":82702}}
1111111111111----run in----2018-01-18 21:38:52+++files[]+++get[]+++request{"_C":"Pay","_A":"get","money":"19.38","openid":"oeDcV0W0lW2u-WnondVku8uZZo4k"}---
1111111111111----run in----2018-01-18 21:39:21+++files[]+++get[]+++request{"_C":"Act","_A":"insertOne","_DATA":"{\"type\":\"poster\",\"degree_type\":\"3*3\",\"pay_total\":\"19.38\",\"pay_fee\":\"0.38\",\"award_first\":\"1.00\",\"award_two\":\"0.50\",\"award_third\":\"0.20\",\"award_all\":\"0.1\",\"num_group\":10,\"num_person\":50,\"limit_sex\":\"\",\"limit_distance\":\"\",\"description\":\"\",\"pic\":\"act\/poster\/wx3d00770652053edd.o6zAJs9bs--3Qn1Jkc_lFPynmD4A.72f9fdf5291c7c23e1ff8f33e4a536bc.png\",\"description_pic\":[],\"openid\":\"oeDcV0W0lW2u-WnondVku8uZZo4k\"}","openid":"oeDcV0W0lW2u-WnondVku8uZZo4k"}---
1111111111111----run in----2018-01-18 21:39:21+++files[]+++get[]+++request{"_C":"Act","_A":"selectOne","id":"58","openid":"oeDcV0W0lW2u-WnondVku8uZZo4k"}---
1111111111111----run in----2018-01-18 21:39:22+++files[]+++get[]+++request{"_C":"Code2d","_A":"get","_DATA":"{\"path\":\"pages\/share\/share?aid=58\",\"openid\":\"oeDcV0W0lW2u-WnondVku8uZZo4k\"}","openid":"oeDcV0W0lW2u-WnondVku8uZZo4k"}---
1111111111111----run in----2018-01-18 21:41:55+++files[]+++get[]+++request{"_C":"User","_A":"selectOne","openid":"oeDcV0W0lW2u-WnondVku8uZZo4k"}---
1111111111111----run in----2018-01-18 21:42:57+++files[]+++get[]+++request{"_C":"User","_A":"selectOne","openid":"oeDcV0W0lW2u-WnondVku8uZZo4k"}---
1111111111111----run in----2018-01-18 21:42:58+++files[]+++get[]+++request{"_C":"Key","_A":"getWxId","code":"001ellId2EUqVD0txSFd24QfId2ellIm","openid":"oeDcV0W0lW2u-WnondVku8uZZo4k"}---
1111111111111----run in----2018-01-18 21:42:58+++files[]+++get[]+++request{"_C":"User","_A":"selectOne","openid":"oeDcV0W0lW2u-WnondVku8uZZo4k"}---
1111111111111----run in----2018-01-18 21:43:04+++files[]+++get[]+++request{"_C":"User","_A":"selectOne","openid":"oeDcV0W0lW2u-WnondVku8uZZo4k"}---
1111111111111----run in----2018-01-18 21:43:04+++files[]+++get[]+++request{"_C":"Key","_A":"getWxId","code":"011xlszP17UEQ81koDzP1V1CzP1xlszS","openid":"oeDcV0W0lW2u-WnondVku8uZZo4k"}---
1111111111111----run in----2018-01-18 21:43:05+++files[]+++get[]+++request{"_C":"User","_A":"selectOne","openid":"oeDcV0W0lW2u-WnondVku8uZZo4k"}---
1111111111111----run in----2018-01-18 21:43:11+++files[]+++get[]+++request{"_C":"User","_A":"selectOne","openid":"oeDcV0W0lW2u-WnondVku8uZZo4k"}---
1111111111111----run in----2018-01-18 21:43:14+++files[]+++get[]+++request{"_C":"Key","_A":"getAccessToken","openid":"oeDcV0W0lW2u-WnondVku8uZZo4k"}---
1111111111111----run in----2018-01-18 21:44:15+++files[]+++get[]+++request{"_C":"User","_A":"selectOne","openid":"oeDcV0W0lW2u-WnondVku8uZZo4k"}---
1111111111111----run in----2018-01-18 21:44:15+++files[]+++get[]+++request{"_C":"Key","_A":"getWxId","code":"081XAngb0925Rw1gsOeb0dRkgb0XAngS","openid":"oeDcV0W0lW2u-WnondVku8uZZo4k"}---
1111111111111----run in----2018-01-18 21:44:15+++files[]+++get[]+++request{"_C":"User","_A":"selectOne","openid":"oeDcV0W0lW2u-WnondVku8uZZo4k"}---
1111111111111----run in----2018-01-18 21:44:16+++files{"file":{"name":"tmp_b744b2c5da290ceedeb4aa784273aaf4604a0690df21db24.png","type":"image\/png","tmp_name":"\/tmp\/phpZan3iG","error":0,"size":699786}}+++get[]+++request{"_C":"Pic","path":"act\/poster","_A":"upload","openid":"oeDcV0W0lW2u-WnondVku8uZZo4k"}---
2018-01-18 21:44:16:{"file":{"name":"tmp_b744b2c5da290ceedeb4aa784273aaf4604a0690df21db24.png","type":"image\/png","tmp_name":"\/tmp\/phpZan3iG","error":0,"size":699786}}
1111111111111----run in----2018-01-18 21:44:17+++files[]+++get[]+++request{"_C":"Pay","_A":"get","money":"19.38","openid":"oeDcV0W0lW2u-WnondVku8uZZo4k"}---
1111111111111----run in----2018-01-18 21:44:23+++files[]+++get[]+++request{"_C":"Act","_A":"insertOne","_DATA":"{\"type\":\"poster\",\"degree_type\":\"3*3\",\"pay_total\":\"19.38\",\"pay_fee\":\"0.38\",\"award_first\":\"1.00\",\"award_two\":\"0.50\",\"award_third\":\"0.20\",\"award_all\":\"0.1\",\"num_group\":10,\"num_person\":50,\"limit_sex\":\"\",\"limit_distance\":\"\",\"description\":\"\",\"pic\":\"act\/poster\/tmp_b744b2c5da290ceedeb4aa784273aaf4604a0690df21db24.png\",\"description_pic\":[],\"openid\":\"oeDcV0W0lW2u-WnondVku8uZZo4k\"}","openid":"oeDcV0W0lW2u-WnondVku8uZZo4k"}---
1111111111111----run in----2018-01-18 21:44:23+++files[]+++get[]+++request{"_C":"Key","_A":"getAccessToken","openid":"oeDcV0W0lW2u-WnondVku8uZZo4k"}---
1111111111111----run in----2018-01-18 21:44:24+++files[]+++get[]+++request{"_C":"Act","_A":"selectOne","id":"59","openid":"oeDcV0W0lW2u-WnondVku8uZZo4k"}---
1111111111111----run in----2018-01-18 21:44:24+++files[]+++get[]+++request{"_C":"Code2d","_A":"get","_DATA":"{\"path\":\"pages\/share\/share?aid=59\",\"openid\":\"oeDcV0W0lW2u-WnondVku8uZZo4k\"}","openid":"oeDcV0W0lW2u-WnondVku8uZZo4k"}---
1111111111111----run in----2018-01-18 21:44:42+++files[]+++get[]+++request{"_C":"User","_A":"selectOne","openid":"oeDcV0W0lW2u-WnondVku8uZZo4k"}---
1111111111111----run in----2018-01-18 21:45:17+++files[]+++get[]+++request{"_C":"User","_A":"selectOne","openid":"oeDcV0W0lW2u-WnondVku8uZZo4k"}---
1111111111111----run in----2018-01-18 21:45:46+++files[]+++get[]+++request{"_C":"Act","_A":"select","_LIMIT":"0,8","_FILTER":"","openid":"oeDcV0W0lW2u-WnondVku8uZZo4k"}---
1111111111111----run in----2018-01-18 21:45:58+++files[]+++get[]+++request{"_C":"Act","_A":"selectOne","id":"56","group_id":"","openid":"oeDcV0W0lW2u-WnondVku8uZZo4k"}---
1111111111111----run in----2018-01-18 21:46:37+++files[]+++get[]+++request{"_C":"Act","_A":"selectOne","id":"56","group_id":"506","openid":"oeDcV0W0lW2u-WnondVku8uZZo4k"}---
1111111111111----run in----2018-01-18 21:46:46+++files[]+++get[]+++request{"_C":"Act","_A":"selectOne","id":"56","group_id":"506","openid":"oeDcV0W0lW2u-WnondVku8uZZo4k"}---
1111111111111----run in----2018-01-18 21:47:54+++files[]+++get[]+++request{"_C":"Code2d","_A":"get","_DATA":"{\"path\":\"pages\/share\/share?aid=2\",\"openid\":\"oeDcV0W0lW2u-WnondVku8uZZo4k\"}","openid":"oeDcV0W0lW2u-WnondVku8uZZo4k"}---
1111111111111----run in----2018-01-18 21:48:01+++files[]+++get[]+++request{"_C":"Code2d","_A":"get","_DATA":"{\"path\":\"pages\/share\/share?aid=2\",\"openid\":\"oeDcV0W0lW2u-WnondVku8uZZo4k\"}","openid":"oeDcV0W0lW2u-WnondVku8uZZo4k"}---
1111111111111----run in----2018-01-18 21:48:15+++files[]+++get[]+++request{"_C":"Code2d","_A":"get","_DATA":"{\"path\":\"pages\/share\/share?aid=2\",\"openid\":\"oeDcV0W0lW2u-WnondVku8uZZo4k\"}","openid":"oeDcV0W0lW2u-WnondVku8uZZo4k"}---
1111111111111----run in----2018-01-18 21:48:27+++files[]+++get[]+++request{"_C":"User","_A":"selectOne","openid":"oeDcV0W0lW2u-WnondVku8uZZo4k"}---
1111111111111----run in----2018-01-18 21:48:36+++files[]+++get[]+++request{"_C":"Code2d","_A":"get","_DATA":"{\"path\":\"pages\/share\/share?aid=2\",\"openid\":\"oeDcV0W0lW2u-WnondVku8uZZo4k\"}","openid":"oeDcV0W0lW2u-WnondVku8uZZo4k"}---
1111111111111----run in----2018-01-18 21:48:36+++files[]+++get[]+++request{"_C":"Code2d","_A":"get","_DATA":"{\"path\":\"pages\/share\/share?aid=2\",\"openid\":\"oeDcV0W0lW2u-WnondVku8uZZo4k\"}","openid":"oeDcV0W0lW2u-WnondVku8uZZo4k"}---
1111111111111----run in----2018-01-18 21:49:05+++files[]+++get[]+++request{"_C":"Code2d","_A":"get","_DATA":"{\"path\":\"pages\/share\/share?aid=2\",\"openid\":\"oeDcV0W0lW2u-WnondVku8uZZo4k\"}","openid":"oeDcV0W0lW2u-WnondVku8uZZo4k"}---
1111111111111----run in----2018-01-18 21:49:19+++files[]+++get[]+++request{"_C":"Code2d","_A":"get","_DATA":"{\"path\":\"pages\/share\/share?aid=2\",\"openid\":\"oeDcV0W0lW2u-WnondVku8uZZo4k\"}","openid":"oeDcV0W0lW2u-WnondVku8uZZo4k"}---
1111111111111----run in----2018-01-18 21:49:34+++files[]+++get[]+++request{"_C":"Code2d","_A":"get","_DATA":"{\"path\":\"pages\/share\/share?aid=2\",\"openid\":\"oeDcV0W0lW2u-WnondVku8uZZo4k\"}","openid":"oeDcV0W0lW2u-WnondVku8uZZo4k"}---
1111111111111----run in----2018-01-18 21:49:45+++files[]+++get[]+++request{"_C":"Code2d","_A":"get","_DATA":"{\"path\":\"pages\/share\/share?aid=2\",\"openid\":\"oeDcV0W0lW2u-WnondVku8uZZo4k\"}","openid":"oeDcV0W0lW2u-WnondVku8uZZo4k"}---
1111111111111----run in----2018-01-18 21:50:43+++files[]+++get[]+++request{"_C":"Code2d","_A":"get","_DATA":"{\"path\":\"pages\/share\/share?aid=2\",\"openid\":\"oeDcV0W0lW2u-WnondVku8uZZo4k\"}","openid":"oeDcV0W0lW2u-WnondVku8uZZo4k"}---
1111111111111----run in----2018-01-18 21:50:56+++files[]+++get[]+++request{"_C":"Code2d","_A":"get","_DATA":"{\"path\":\"pages\/share\/share?aid=2\",\"openid\":\"oeDcV0W0lW2u-WnondVku8uZZo4k\"}","openid":"oeDcV0W0lW2u-WnondVku8uZZo4k"}---
1111111111111----run in----2018-01-18 21:54:54+++files[]+++get[]+++request{"_C":"Act","_A":"selectOne","id":"31","group_id":"","openid":"oeDcV0W0lW2u-WnondVku8uZZo4k"}---
1111111111111----run in----2018-01-18 21:55:32+++files[]+++get{"_C":"Act","_A":"selectOne","openid":"oeDcV0W0lW2u-WnondVku8uZZo4k","_LIMIT":"1,1","id":"1"}+++request{"_C":"Act","_A":"selectOne","openid":"oeDcV0W0lW2u-WnondVku8uZZo4k","_LIMIT":"1,1","id":"1"}---
1111111111111----run in----2018-01-18 21:56:00+++files[]+++get{"_C":"Act","_A":"selectOne","openid":"oeDcV0W0lW2u-WnondVku8uZZo4k","_LIMIT":"1,1","id":"47"}+++request{"_C":"Act","_A":"selectOne","openid":"oeDcV0W0lW2u-WnondVku8uZZo4k","_LIMIT":"1,1","id":"47"}---
1111111111111----run in----2018-01-18 22:02:52+++files[]+++get[]+++request{"_C":"Act","_A":"selectOne","id":"31","group_id":"","openid":"oeDcV0W0lW2u-WnondVku8uZZo4k"}---
1111111111111----run in----2018-01-18 22:03:15+++files[]+++get[]+++request{"_C":"User","_A":"selectOne","openid":"oeDcV0W0lW2u-WnondVku8uZZo4k"}---
1111111111111----run in----2018-01-18 22:03:16+++files[]+++get[]+++request{"_C":"Key","_A":"getWxId","code":"0811ax0m0WGFTk1Ogo0m0OqR0m01ax0J","openid":"oeDcV0W0lW2u-WnondVku8uZZo4k"}---
1111111111111----run in----2018-01-18 22:03:16+++files[]+++get[]+++request{"_C":"User","_A":"selectOne","openid":"oeDcV0W0lW2u-WnondVku8uZZo4k"}---
1111111111111----run in----2018-01-18 22:03:37+++files[]+++get[]+++request{"_C":"User","_A":"selectOne","openid":"oeDcV0W0lW2u-WnondVku8uZZo4k"}---
1111111111111----run in----2018-01-18 22:03:37+++files[]+++get[]+++request{"_C":"Key","_A":"getWxId","code":"061hfG030FvkNC1ow3230DRX030hfG05","openid":"oeDcV0W0lW2u-WnondVku8uZZo4k"}---
1111111111111----run in----2018-01-18 22:03:38+++files[]+++get[]+++request{"_C":"User","_A":"selectOne","openid":"oeDcV0W0lW2u-WnondVku8uZZo4k"}---
1111111111111----run in----2018-01-18 22:04:02+++files[]+++get[]+++request{"_C":"Act","_A":"select","_LIMIT":"0,8","_FILTER":"","openid":"oeDcV0W0lW2u-WnondVku8uZZo4k"}---
1111111111111----run in----2018-01-18 22:04:06+++files[]+++get[]+++request{"_C":"Act","_A":"select","_LIMIT":"8,8","_FILTER":"","openid":"oeDcV0W0lW2u-WnondVku8uZZo4k"}---
1111111111111----run in----2018-01-18 22:04:12+++files[]+++get[]+++request{"_C":"Act","_A":"select","_LIMIT":"16,8","_FILTER":"","openid":"oeDcV0W0lW2u-WnondVku8uZZo4k"}---
1111111111111----run in----2018-01-18 22:04:16+++files[]+++get[]+++request{"_C":"Act","_A":"selectOne","id":"44","group_id":"","openid":"oeDcV0W0lW2u-WnondVku8uZZo4k"}---
1111111111111----run in----2018-01-18 22:04:20+++files[]+++get[]+++request{"_C":"Act","_A":"select","_LIMIT":"16,8","_FILTER":"","openid":"oeDcV0W0lW2u-WnondVku8uZZo4k"}---
1111111111111----run in----2018-01-18 22:04:28+++files[]+++get[]+++request{"_C":"Act","_A":"selectOne","id":"58","group_id":"","openid":"oeDcV0W0lW2u-WnondVku8uZZo4k"}---
1111111111111----run in----2018-01-18 22:06:47+++files[]+++get[]+++request{"_C":"Act","_A":"select","_LIMIT":"16,8","_FILTER":"","openid":"oeDcV0W0lW2u-WnondVku8uZZo4k"}---
1111111111111----run in----2018-01-18 22:06:49+++files[]+++get[]+++request{"_C":"Act","_A":"selectOne","id":"58","group_id":"","openid":"oeDcV0W0lW2u-WnondVku8uZZo4k"}---
1111111111111----run in----2018-01-18 22:09:18+++files[]+++get[]+++request{"_C":"User","_A":"selectOne","openid":"oeDcV0W0lW2u-WnondVku8uZZo4k"}---
1111111111111----run in----2018-01-18 22:09:19+++files[]+++get[]+++request{"_C":"Key","_A":"getWxId","code":"0811LaRR1RC7B616BIQR1UPhRR11LaR2","openid":"oeDcV0W0lW2u-WnondVku8uZZo4k"}---
1111111111111----run in----2018-01-18 22:09:19+++files[]+++get[]+++request{"_C":"User","_A":"selectOne","openid":"oeDcV0W0lW2u-WnondVku8uZZo4k"}---
1111111111111----run in----2018-01-18 22:09:23+++files[]+++get[]+++request{"_C":"Act","_A":"select","_LIMIT":"0,8","_FILTER":"","openid":"oeDcV0W0lW2u-WnondVku8uZZo4k"}---
1111111111111----run in----2018-01-18 22:09:26+++files[]+++get[]+++request{"_C":"Act","_A":"selectOne","id":"58","group_id":"","openid":"oeDcV0W0lW2u-WnondVku8uZZo4k"}---
1111111111111----run in----2018-01-18 22:09:49+++files[]+++get[]+++request{"_C":"Act","_A":"insertUser","_DATA":"{\"act_id\":\"58\",\"group_id\":526,\"use_time\":7,\"openid\":\"oeDcV0W0lW2u-WnondVku8uZZo4k\"}","openid":"oeDcV0W0lW2u-WnondVku8uZZo4k"}---
1111111111111----run in----2018-01-18 22:09:50+++files[]+++get[]+++request{"_C":"Act","_A":"selectOne","id":"58","group_id":"526","openid":"oeDcV0W0lW2u-WnondVku8uZZo4k"}---
1111111111111----run in----2018-01-18 22:11:36+++files[]+++get[]+++request{"_C":"User","_A":"selectOne","openid":"oeDcV0W0lW2u-WnondVku8uZZo4k"}---
1111111111111----run in----2018-01-18 22:11:40+++files[]+++get[]+++request{"_C":"Act","_A":"select","_LIMIT":"0,8","_FILTER":"","openid":"oeDcV0W0lW2u-WnondVku8uZZo4k"}---
1111111111111----run in----2018-01-18 22:11:42+++files[]+++get[]+++request{"_C":"Act","_A":"selectOne","id":"58","group_id":"","openid":"oeDcV0W0lW2u-WnondVku8uZZo4k"}---
1111111111111----run in----2018-01-18 22:14:26+++files[]+++get[]+++request{"_C":"User","_A":"selectOne","openid":"oeDcV0W0lW2u-WnondVku8uZZo4k"}---
1111111111111----run in----2018-01-18 22:14:30+++files[]+++get[]+++request{"_C":"Act","_A":"select","_LIMIT":"0,8","_FILTER":"","openid":"oeDcV0W0lW2u-WnondVku8uZZo4k"}---
1111111111111----run in----2018-01-18 22:14:32+++files[]+++get[]+++request{"_C":"Act","_A":"selectOne","id":"58","group_id":"","openid":"oeDcV0W0lW2u-WnondVku8uZZo4k"}---
1111111111111----run in----2018-01-18 22:14:37+++files[]+++get[]+++request{"_C":"Act","_A":"select","_LIMIT":"8,8","_FILTER":"","openid":"oeDcV0W0lW2u-WnondVku8uZZo4k"}---
1111111111111----run in----2018-01-18 22:14:45+++files[]+++get[]+++request{"_C":"Money","_A":"selectOne","openid":"oeDcV0W0lW2u-WnondVku8uZZo4k"}---
1111111111111----run in----2018-01-18 22:14:45+++files[]+++get[]+++request{"_C":"My","_A":"selectIn","_LIMIT":"0,2","openid":"oeDcV0W0lW2u-WnondVku8uZZo4k"}---
1111111111111----run in----2018-01-18 22:15:00+++files[]+++get[]+++request{"_C":"Money","_A":"selectOne","openid":"oeDcV0W0lW2u-WnondVku8uZZo4k"}---
1111111111111----run in----2018-01-18 22:15:00+++files[]+++get[]+++request{"_C":"My","_A":"selectIn","_LIMIT":"0,2","openid":"oeDcV0W0lW2u-WnondVku8uZZo4k"}---
1111111111111----run in----2018-01-18 22:15:01+++files[]+++get[]+++request{"_C":"User","_A":"selectOne","openid":"oeDcV0W0lW2u-WnondVku8uZZo4k"}---
1111111111111----run in----2018-01-18 22:18:33+++files[]+++get[]+++request{"_C":"Code2d","_A":"get","_DATA":"{\"path\":\"pages\/share\/share?aid=2\",\"openid\":\"oeDcV0W0lW2u-WnondVku8uZZo4k\"}","openid":"oeDcV0W0lW2u-WnondVku8uZZo4k"}---
1111111111111----run in----2018-01-18 22:46:40+++files[]+++get{"_C":"Pay","_A":"payToUser","openid":"oeDcV0W0lW2u-WnondVku8uZZo4k","_LIMIT":"1,1","id":"47"}+++request{"_C":"Pay","_A":"payToUser","openid":"oeDcV0W0lW2u-WnondVku8uZZo4k","_LIMIT":"1,1","id":"47"}---
1111111111111----run in----2018-01-18 22:47:38+++files[]+++get{"_C":"Pay","_A":"trans","openid":"oeDcV0W0lW2u-WnondVku8uZZo4k","_LIMIT":"1,1","id":"47"}+++request{"_C":"Pay","_A":"trans","openid":"oeDcV0W0lW2u-WnondVku8uZZo4k","_LIMIT":"1,1","id":"47"}---
1111111111111----run in----2018-01-18 22:48:25+++files[]+++get{"_C":"Pay","_A":"trans","openid":"oeDcV0W0lW2u-WnondVku8uZZo4k","_LIMIT":"1,1","id":"47"}+++request{"_C":"Pay","_A":"trans","openid":"oeDcV0W0lW2u-WnondVku8uZZo4k","_LIMIT":"1,1","id":"47"}---
1111111111111----run in----2018-01-18 22:49:17+++files[]+++get{"_C":"Pay","_A":"trans","openid":"oeDcV0W0lW2u-WnondVku8uZZo4k","_LIMIT":"1,1","id":"47"}+++request{"_C":"Pay","_A":"trans","openid":"oeDcV0W0lW2u-WnondVku8uZZo4k","_LIMIT":"1,1","id":"47"}---
1111111111111----run in----2018-01-18 22:49:19+++files[]+++get{"_C":"Pay","_A":"trans","openid":"oeDcV0W0lW2u-WnondVku8uZZo4k","_LIMIT":"1,1","id":"47"}+++request{"_C":"Pay","_A":"trans","openid":"oeDcV0W0lW2u-WnondVku8uZZo4k","_LIMIT":"1,1","id":"47"}---
1111111111111----run in----2018-01-18 22:49:20+++files[]+++get{"_C":"Pay","_A":"trans","openid":"oeDcV0W0lW2u-WnondVku8uZZo4k","_LIMIT":"1,1","id":"47"}+++request{"_C":"Pay","_A":"trans","openid":"oeDcV0W0lW2u-WnondVku8uZZo4k","_LIMIT":"1,1","id":"47"}---
1111111111111----run in----2018-01-18 22:49:54+++files[]+++get{"_C":"Pay","_A":"trans","openid":"oeDcV0W0lW2u-WnondVku8uZZo4k","_LIMIT":"1,1","id":"47"}+++request{"_C":"Pay","_A":"trans","openid":"oeDcV0W0lW2u-WnondVku8uZZo4k","_LIMIT":"1,1","id":"47"}---
1111111111111----run in----2018-01-18 22:49:56+++files[]+++get{"_C":"Pay","_A":"trans","openid":"oeDcV0W0lW2u-WnondVku8uZZo4k","_LIMIT":"1,1","id":"47"}+++request{"_C":"Pay","_A":"trans","openid":"oeDcV0W0lW2u-WnondVku8uZZo4k","_LIMIT":"1,1","id":"47"}---
1111111111111----run in----2018-01-18 22:50:13+++files[]+++get{"_C":"Pay","_A":"trans","openid":"oeDcV0W0lW2u-WnondVku8uZZo4k","_LIMIT":"1,1","id":"47"}+++request{"_C":"Pay","_A":"trans","openid":"oeDcV0W0lW2u-WnondVku8uZZo4k","_LIMIT":"1,1","id":"47"}---
1111111111111----run in----2018-01-18 22:52:09+++files[]+++get{"_C":"Pay","_A":"trans","openid":"oeDcV0W0lW2u-WnondVku8uZZo4k","_LIMIT":"1,1","id":"47"}+++request{"_C":"Pay","_A":"trans","openid":"oeDcV0W0lW2u-WnondVku8uZZo4k","_LIMIT":"1,1","id":"47"}---
1111111111111----run in----2018-01-18 22:53:31+++files[]+++get{"_C":"Pay","_A":"trans","openid":"oeDcV0W0lW2u-WnondVku8uZZo4k","_LIMIT":"1,1","id":"47"}+++request{"_C":"Pay","_A":"trans","openid":"oeDcV0W0lW2u-WnondVku8uZZo4k","_LIMIT":"1,1","id":"47"}---
1111111111111----run in----2018-01-18 22:54:49+++files[]+++get{"_C":"Pay","_A":"trans","openid":"oeDcV0W0lW2u-WnondVku8uZZo4k","_LIMIT":"1,1","id":"47"}+++request{"_C":"Pay","_A":"trans","openid":"oeDcV0W0lW2u-WnondVku8uZZo4k","_LIMIT":"1,1","id":"47"}---
1111111111111----run in----2018-01-18 22:56:30+++files[]+++get{"_C":"Pay","_A":"trans","openid":"oeDcV0W0lW2u-WnondVku8uZZo4k","_LIMIT":"1,1","id":"47"}+++request{"_C":"Pay","_A":"trans","openid":"oeDcV0W0lW2u-WnondVku8uZZo4k","_LIMIT":"1,1","id":"47"}---
1111111111111----run in----2018-01-18 22:57:42+++files[]+++get{"_C":"Pay","_A":"trans","openid":"oeDcV0W0lW2u-WnondVku8uZZo4k","_LIMIT":"1,1","id":"47"}+++request{"_C":"Pay","_A":"trans","openid":"oeDcV0W0lW2u-WnondVku8uZZo4k","_LIMIT":"1,1","id":"47"}---
1111111111111----run in----2018-01-18 22:59:35+++files[]+++get{"_C":"Pay","_A":"trans","openid":"oeDcV0W0lW2u-WnondVku8uZZo4k","_LIMIT":"1,1","id":"47"}+++request{"_C":"Pay","_A":"trans","openid":"oeDcV0W0lW2u-WnondVku8uZZo4k","_LIMIT":"1,1","id":"47"}---
1111111111111----run in----2018-01-18 23:00:25+++files[]+++get{"_C":"Pay","_A":"trans","openid":"oeDcV0W0lW2u-WnondVku8uZZo4k","_LIMIT":"1,1","id":"47"}+++request{"_C":"Pay","_A":"trans","openid":"oeDcV0W0lW2u-WnondVku8uZZo4k","_LIMIT":"1,1","id":"47"}---
1111111111111----run in----2018-01-18 23:01:58+++files[]+++get{"_C":"Pay","_A":"trans","openid":"oeDcV0W0lW2u-WnondVku8uZZo4k","_LIMIT":"1,1","id":"47"}+++request{"_C":"Pay","_A":"trans","openid":"oeDcV0W0lW2u-WnondVku8uZZo4k","_LIMIT":"1,1","id":"47"}---
1111111111111----run in----2018-01-18 23:02:00+++files[]+++get{"_C":"Pay","_A":"trans","openid":"oeDcV0W0lW2u-WnondVku8uZZo4k","_LIMIT":"1,1","id":"47"}+++request{"_C":"Pay","_A":"trans","openid":"oeDcV0W0lW2u-WnondVku8uZZo4k","_LIMIT":"1,1","id":"47"}---
1111111111111----run in----2018-01-18 23:03:04+++files[]+++get{"_C":"Pay","_A":"trans","openid":"oeDcV0W0lW2u-WnondVku8uZZo4k","_LIMIT":"1,1","id":"47"}+++request{"_C":"Pay","_A":"trans","openid":"oeDcV0W0lW2u-WnondVku8uZZo4k","_LIMIT":"1,1","id":"47"}---
1111111111111----run in----2018-01-18 23:03:05+++files[]+++get{"_C":"Pay","_A":"trans","openid":"oeDcV0W0lW2u-WnondVku8uZZo4k","_LIMIT":"1,1","id":"47"}+++request{"_C":"Pay","_A":"trans","openid":"oeDcV0W0lW2u-WnondVku8uZZo4k","_LIMIT":"1,1","id":"47"}---
1111111111111----run in----2018-01-18 23:03:43+++files[]+++get{"_C":"Pay","_A":"trans","openid":"oeDcV0W0lW2u-WnondVku8uZZo4k","_LIMIT":"1,1","id":"47"}+++request{"_C":"Pay","_A":"trans","openid":"oeDcV0W0lW2u-WnondVku8uZZo4k","_LIMIT":"1,1","id":"47"}---
1111111111111----run in----2018-01-18 23:03:44+++files[]+++get{"_C":"Pay","_A":"trans","openid":"oeDcV0W0lW2u-WnondVku8uZZo4k","_LIMIT":"1,1","id":"47"}+++request{"_C":"Pay","_A":"trans","openid":"oeDcV0W0lW2u-WnondVku8uZZo4k","_LIMIT":"1,1","id":"47"}---
1111111111111----run in----2018-01-18 23:03:58+++files[]+++get{"_C":"Pay","_A":"trans","openid":"oeDcV0W0lW2u-WnondVku8uZZo4k","_LIMIT":"1,1","id":"47"}+++request{"_C":"Pay","_A":"trans","openid":"oeDcV0W0lW2u-WnondVku8uZZo4k","_LIMIT":"1,1","id":"47"}---
