1111111111111----run in----2018-01-11 21:07:22+++files[]+++get[]+++request{"_C":"User","_A":"selectOne","openid":"oeDcV0Zc4eR8nIigyAVbHx0c5oAc"}---
1111111111111----run in----2018-01-11 21:07:37+++files[]+++get[]+++request{"_C":"User","_A":"selectOne","openid":"oeDcV0Zc4eR8nIigyAVbHx0c5oAc"}---
1111111111111----run in----2018-01-11 21:07:42+++files{"file":{"name":"tmp_73a2d189c6557d08ff798da546257b76.jpg","type":"image\/jpg","tmp_name":"\/tmp\/php1MUJcT","error":0,"size":326891}}+++get[]+++request{"path":"logo","_C":"Pic","_A":"upload","openid":"oeDcV0Zc4eR8nIigyAVbHx0c5oAc"}---
2018-01-11 21:07:42:{"file":{"name":"tmp_73a2d189c6557d08ff798da546257b76.jpg","type":"image\/jpg","tmp_name":"\/tmp\/php1MUJcT","error":0,"size":326891}}
1111111111111----run in----2018-01-11 21:09:37+++files[]+++get[]+++request{"_C":"User","_A":"selectOne","openid":"oeDcV0Zc4eR8nIigyAVbHx0c5oAc"}---
1111111111111----run in----2018-01-11 21:09:41+++files{"file":{"name":"tmp_0f40321d428625c6d2293af94ae39dc1.jpg","type":"image\/jpg","tmp_name":"\/tmp\/phpPn6xLY","error":0,"size":181921}}+++get[]+++request{"path":"logo","_C":"Pic","_A":"upload","openid":"oeDcV0Zc4eR8nIigyAVbHx0c5oAc"}---
2018-01-11 21:09:41:{"file":{"name":"tmp_0f40321d428625c6d2293af94ae39dc1.jpg","type":"image\/jpg","tmp_name":"\/tmp\/phpPn6xLY","error":0,"size":181921}}
1111111111111----run in----2018-01-11 21:11:18+++files[]+++get[]+++request{"_C":"Key","_A":"getWxId","code":"013bjztd1z2nsr0dXdrd1vbwtd1bjzto","openid":""}---
1111111111111----run in----2018-01-11 21:11:18+++files[]+++get[]+++request{"_C":"User","_A":"selectOne","openid":"oeDcV0Zc4eR8nIigyAVbHx0c5oAc"}---
1111111111111----run in----2018-01-11 21:11:38+++files[]+++get[]+++request{"_C":"Key","_A":"getWxId","code":"013gz4La1VNROt0dNUKa1UljLa1gz4Lo","openid":""}---
1111111111111----run in----2018-01-11 21:11:39+++files[]+++get[]+++request{"_C":"User","_A":"selectOne","openid":"oeDcV0Zc4eR8nIigyAVbHx0c5oAc"}---
1111111111111----run in----2018-01-11 21:12:42+++files[]+++get[]+++request{"_C":"Key","_A":"getWxId","code":"013lCgjP1iWhp314AMhP1aixjP1lCgjw","openid":""}---
1111111111111----run in----2018-01-11 21:12:42+++files[]+++get[]+++request{"_C":"User","_A":"selectOne","openid":"oeDcV0Zc4eR8nIigyAVbHx0c5oAc"}---
1111111111111----run in----2018-01-11 21:19:15+++files[]+++get[]+++request{"_C":"User","_A":"selectOne","openid":"oeDcV0W0lW2u-WnondVku8uZZo4k"}---
1111111111111----run in----2018-01-11 21:19:17+++files[]+++get[]+++request{"_C":"User","_A":"selectOne","openid":"oeDcV0W0lW2u-WnondVku8uZZo4k"}---
1111111111111----run in----2018-01-11 21:19:23+++files[]+++get[]+++request{"_C":"User","_A":"selectOne","openid":"oeDcV0W0lW2u-WnondVku8uZZo4k"}---
1111111111111----run in----2018-01-11 21:20:25+++files[]+++get[]+++request{"_C":"User","_A":"selectOne","openid":"oeDcV0W0lW2u-WnondVku8uZZo4k"}---
1111111111111----run in----2018-01-11 21:20:47+++files[]+++get[]+++request{"_C":"User","_A":"selectOne","openid":"oeDcV0W0lW2u-WnondVku8uZZo4k"}---
1111111111111----run in----2018-01-11 21:21:47+++files[]+++get[]+++request{"_C":"User","_A":"selectOne","openid":"oeDcV0W0lW2u-WnondVku8uZZo4k"}---
1111111111111----run in----2018-01-11 21:21:50+++files[]+++get[]+++request{"_C":"User","_A":"selectOne","openid":"oeDcV0W0lW2u-WnondVku8uZZo4k"}---
1111111111111----run in----2018-01-11 21:22:13+++files[]+++get[]+++request{"_C":"Key","_A":"getWxId","code":"003SJHmN1ZxvS11Y1doN1suJmN1SJHmw","openid":""}---
1111111111111----run in----2018-01-11 21:22:13+++files[]+++get[]+++request{"_C":"User","_A":"selectOne","openid":"oeDcV0Zc4eR8nIigyAVbHx0c5oAc"}---
1111111111111----run in----2018-01-11 21:22:56+++files[]+++get[]+++request{"_C":"User","_A":"selectOne","openid":"oeDcV0W0lW2u-WnondVku8uZZo4k"}---
1111111111111----run in----2018-01-11 21:26:09+++files[]+++get[]+++request{"_C":"User","_A":"selectOne","openid":"oeDcV0W0lW2u-WnondVku8uZZo4k"}---
1111111111111----run in----2018-01-11 21:28:52+++files[]+++get[]+++request{"_C":"User","_A":"selectOne","openid":"oeDcV0W0lW2u-WnondVku8uZZo4k"}---
1111111111111----run in----2018-01-11 21:28:56+++files[]+++get[]+++request{"_C":"Key","_A":"getWxId","code":"003olMa400s4aE1hTW8404xYa40olMay","openid":""}---
1111111111111----run in----2018-01-11 21:28:56+++files[]+++get[]+++request{"_C":"User","_A":"selectOne","openid":"oeDcV0Zc4eR8nIigyAVbHx0c5oAc"}---
1111111111111----run in----2018-01-11 21:29:11+++files[]+++get[]+++request{"_C":"Key","_A":"getWxId","code":"013eyckr1gg1Pn0DSnkr1ueqkr1eyckR","openid":""}---
1111111111111----run in----2018-01-11 21:29:11+++files[]+++get[]+++request{"_C":"User","_A":"selectOne","openid":"oeDcV0Zc4eR8nIigyAVbHx0c5oAc"}---
1111111111111----run in----2018-01-11 21:29:49+++files[]+++get[]+++request{"_C":"Key","_A":"getWxId","code":"003jLBE60KSOtK1D3gB60nNvE60jLBEt","openid":""}---
1111111111111----run in----2018-01-11 21:29:49+++files[]+++get[]+++request{"_C":"User","_A":"selectOne","openid":"oeDcV0Zc4eR8nIigyAVbHx0c5oAc"}---
1111111111111----run in----2018-01-11 21:30:25+++files[]+++get[]+++request{"_C":"Key","_A":"getWxId","code":"003N4mTO1iqGY213aCPO1fT2TO1N4mTu","openid":""}---
1111111111111----run in----2018-01-11 21:30:25+++files[]+++get[]+++request{"_C":"User","_A":"selectOne","openid":"oeDcV0Zc4eR8nIigyAVbHx0c5oAc"}---
1111111111111----run in----2018-01-11 21:30:49+++files[]+++get[]+++request{"_C":"User","_A":"selectOne","openid":"oeDcV0Zc4eR8nIigyAVbHx0c5oAc"}---
1111111111111----run in----2018-01-11 21:33:38+++files[]+++get[]+++request{"_C":"User","_A":"selectOne","openid":"oeDcV0Zc4eR8nIigyAVbHx0c5oAc"}---
1111111111111----run in----2018-01-11 21:36:22+++files[]+++get[]+++request{"_C":"User","_A":"selectOne","openid":"oeDcV0W0lW2u-WnondVku8uZZo4k"}---
1111111111111----run in----2018-01-11 21:36:31+++files[]+++get[]+++request{"_C":"User","_A":"selectOne","openid":"oeDcV0Zc4eR8nIigyAVbHx0c5oAc"}---
1111111111111----run in----2018-01-11 21:36:44+++files[]+++get[]+++request{"_C":"Key","_A":"getWxId","code":"013NC8UU1PcfPV0T0RSU1UYNTU1NC8Ux","openid":""}---
1111111111111----run in----2018-01-11 21:36:45+++files[]+++get[]+++request{"_C":"User","_A":"selectOne","openid":"oeDcV0Zc4eR8nIigyAVbHx0c5oAc"}---
1111111111111----run in----2018-01-11 21:36:53+++files[]+++get[]+++request{"_C":"User","_A":"selectOne","openid":"oeDcV0Zc4eR8nIigyAVbHx0c5oAc"}---
1111111111111----run in----2018-01-11 21:36:59+++files{"file":{"name":"tmp_279d55c56ae1fa2a391220c026f75c3f.jpg","type":"image\/jpg","tmp_name":"\/tmp\/phpkJB2a9","error":0,"size":106413}}+++get[]+++request{"path":"logo","_C":"Pic","_A":"upload","openid":"oeDcV0Zc4eR8nIigyAVbHx0c5oAc"}---
2018-01-11 21:36:59:{"file":{"name":"tmp_279d55c56ae1fa2a391220c026f75c3f.jpg","type":"image\/jpg","tmp_name":"\/tmp\/phpkJB2a9","error":0,"size":106413}}
1111111111111----run in----2018-01-11 21:37:18+++files[]+++get[]+++request{"_C":"User","_A":"selectOne","openid":"oeDcV0TIhZCvU1UFnqrdS_fKJxW0"}---
1111111111111----run in----2018-01-11 21:37:22+++files[]+++get[]+++request{"_C":"User","_A":"selectOne","openid":"oeDcV0TIhZCvU1UFnqrdS_fKJxW0"}---
1111111111111----run in----2018-01-11 21:37:42+++files[]+++get[]+++request{"_C":"User","_A":"selectOne","openid":"oeDcV0TIhZCvU1UFnqrdS_fKJxW0"}---
1111111111111----run in----2018-01-11 21:37:43+++files[]+++get[]+++request{"_C":"Key","_A":"getWxId","code":"013UPyiw1T3ACa0ORTew167riw1UPyi0","openid":""}---
1111111111111----run in----2018-01-11 21:37:43+++files[]+++get[]+++request{"_C":"User","_A":"selectOne","openid":"oeDcV0Zc4eR8nIigyAVbHx0c5oAc"}---
1111111111111----run in----2018-01-11 21:37:51+++files[]+++get[]+++request{"_C":"User","_A":"selectOne","openid":"oeDcV0Zc4eR8nIigyAVbHx0c5oAc"}---
1111111111111----run in----2018-01-11 21:37:51+++files{"file":{"name":"tmp_49dbc4e6e4ddd340254de6e82baace20.jpg","type":"image\/jpg","tmp_name":"\/tmp\/phphBwaZt","error":0,"size":138841}}+++get[]+++request{"path":"logo","_C":"Pic","_A":"upload","openid":"oeDcV0Zc4eR8nIigyAVbHx0c5oAc"}---
2018-01-11 21:37:51:{"file":{"name":"tmp_49dbc4e6e4ddd340254de6e82baace20.jpg","type":"image\/jpg","tmp_name":"\/tmp\/phphBwaZt","error":0,"size":138841}}
1111111111111----run in----2018-01-11 21:37:54+++files[]+++get[]+++request{"_C":"Key","_A":"getWxId","code":"013BW6XT1Vg6481PPXXT1jeiXT1BW6Xz","openid":""}---
1111111111111----run in----2018-01-11 21:37:54+++files[]+++get[]+++request{"_C":"User","_A":"selectOne","openid":"oeDcV0TIhZCvU1UFnqrdS_fKJxW0"}---
1111111111111----run in----2018-01-11 21:37:58+++files[]+++get[]+++request{"_C":"User","_A":"selectOne","openid":"oeDcV0TIhZCvU1UFnqrdS_fKJxW0"}---
1111111111111----run in----2018-01-11 21:39:38+++files[]+++get[]+++request{"_C":"User","_A":"selectOne","openid":"oeDcV0Zc4eR8nIigyAVbHx0c5oAc"}---
1111111111111----run in----2018-01-11 21:39:50+++files[]+++get[]+++request{"_C":"User","_A":"selectOne","openid":"oeDcV0Zc4eR8nIigyAVbHx0c5oAc"}---
1111111111111----run in----2018-01-11 21:40:26+++files[]+++get[]+++request{"_C":"User","_A":"selectOne","openid":"oeDcV0Zc4eR8nIigyAVbHx0c5oAc"}---
1111111111111----run in----2018-01-11 21:40:32+++files[]+++get[]+++request{"_C":"User","_A":"selectOne","openid":"oeDcV0Zc4eR8nIigyAVbHx0c5oAc"}---
1111111111111----run in----2018-01-11 21:40:39+++files{"file":{"name":"tmp_b91d86b451de2e886fbef0f69b809725.jpg","type":"image\/jpg","tmp_name":"\/tmp\/phpjnKUvU","error":0,"size":181921}}+++get[]+++request{"path":"logo","_C":"Pic","_A":"upload","openid":"oeDcV0Zc4eR8nIigyAVbHx0c5oAc"}---
2018-01-11 21:40:39:{"file":{"name":"tmp_b91d86b451de2e886fbef0f69b809725.jpg","type":"image\/jpg","tmp_name":"\/tmp\/phpjnKUvU","error":0,"size":181921}}
1111111111111----run in----2018-01-11 21:40:47+++files{"file":{"name":"tmp_b91d86b451de2e886fbef0f69b809725.jpg","type":"image\/jpg","tmp_name":"\/tmp\/php8XjVpk","error":0,"size":181921}}+++get[]+++request{"path":"logo","_C":"Pic","_A":"upload","openid":"oeDcV0Zc4eR8nIigyAVbHx0c5oAc"}---
1111111111111----run in----2018-01-11 21:40:47+++files{"file":{"name":"tmp_b91d86b451de2e886fbef0f69b809725.jpg","type":"image\/jpg","tmp_name":"\/tmp\/php5JDjhh","error":0,"size":181921}}+++get[]+++request{"path":"logo","_C":"Pic","_A":"upload","openid":"oeDcV0Zc4eR8nIigyAVbHx0c5oAc"}---
2018-01-11 21:40:47:{"file":{"name":"tmp_b91d86b451de2e886fbef0f69b809725.jpg","type":"image\/jpg","tmp_name":"\/tmp\/php8XjVpk","error":0,"size":181921}}
2018-01-11 21:40:47:{"file":{"name":"tmp_b91d86b451de2e886fbef0f69b809725.jpg","type":"image\/jpg","tmp_name":"\/tmp\/php5JDjhh","error":0,"size":181921}}
1111111111111----run in----2018-01-11 21:40:56+++files[]+++get[]+++request{"_C":"User","_A":"selectOne","openid":"oeDcV0Zc4eR8nIigyAVbHx0c5oAc"}---
1111111111111----run in----2018-01-11 21:40:58+++files{"file":{"name":"tmp_5fabe13db2884d33d5f248103f916de7.jpg","type":"image\/jpg","tmp_name":"\/tmp\/phpjGdKRu","error":0,"size":181921}}+++get[]+++request{"path":"logo","_C":"Pic","_A":"upload","openid":"oeDcV0Zc4eR8nIigyAVbHx0c5oAc"}---
2018-01-11 21:40:58:{"file":{"name":"tmp_5fabe13db2884d33d5f248103f916de7.jpg","type":"image\/jpg","tmp_name":"\/tmp\/phpjGdKRu","error":0,"size":181921}}
1111111111111----run in----2018-01-11 21:41:04+++files[]+++get[]+++request{"_C":"User","_A":"selectOne","openid":"oeDcV0W0lW2u-WnondVku8uZZo4k"}---
1111111111111----run in----2018-01-11 21:41:08+++files[]+++get[]+++request{"_C":"User","_A":"selectOne","openid":"oeDcV0Zc4eR8nIigyAVbHx0c5oAc"}---
1111111111111----run in----2018-01-11 21:41:19+++files{"file":{"name":"tmp_4e03d73658de57207219a092dd9c0bb0.jpg","type":"image\/jpg","tmp_name":"\/tmp\/phpHBPy4m","error":0,"size":181921}}+++get[]+++request{"path":"logo","_C":"Pic","_A":"upload","openid":"oeDcV0Zc4eR8nIigyAVbHx0c5oAc"}---
2018-01-11 21:41:19:{"file":{"name":"tmp_4e03d73658de57207219a092dd9c0bb0.jpg","type":"image\/jpg","tmp_name":"\/tmp\/phpHBPy4m","error":0,"size":181921}}
1111111111111----run in----2018-01-11 21:41:22+++files[]+++get[]+++request{"_C":"Money","_A":"selectOne","openid":"oeDcV0Zc4eR8nIigyAVbHx0c5oAc"}---
1111111111111----run in----2018-01-11 21:41:24+++files[]+++get[]+++request{"_C":"User","_A":"selectOne","openid":"oeDcV0Zc4eR8nIigyAVbHx0c5oAc"}---
1111111111111----run in----2018-01-11 21:41:27+++files[]+++get[]+++request{"_C":"Act","_A":"select","_LIMIT":"0,50","_FILTER":"","openid":"oeDcV0Zc4eR8nIigyAVbHx0c5oAc"}---
1111111111111----run in----2018-01-11 21:41:28+++files[]+++get[]+++request{"_C":"User","_A":"selectOne","openid":"oeDcV0Zc4eR8nIigyAVbHx0c5oAc"}---
1111111111111----run in----2018-01-11 21:41:34+++files[]+++get[]+++request{"_C":"User","_A":"selectOne","openid":"oeDcV0Zc4eR8nIigyAVbHx0c5oAc"}---
1111111111111----run in----2018-01-11 21:41:34+++files{"file":{"name":"tmp_31227dabc01f54de7ef2f7422e7219d9.jpg","type":"image\/jpg","tmp_name":"\/tmp\/phpigygjA","error":0,"size":326891}}+++get[]+++request{"path":"logo","_C":"Pic","_A":"upload","openid":"oeDcV0Zc4eR8nIigyAVbHx0c5oAc"}---
2018-01-11 21:41:34:{"file":{"name":"tmp_31227dabc01f54de7ef2f7422e7219d9.jpg","type":"image\/jpg","tmp_name":"\/tmp\/phpigygjA","error":0,"size":326891}}
1111111111111----run in----2018-01-11 21:41:57+++files[]+++get[]+++request{"_C":"User","_A":"selectOne","openid":"oeDcV0Zc4eR8nIigyAVbHx0c5oAc"}---
1111111111111----run in----2018-01-11 21:41:58+++files{"file":{"name":"tmp_d719b2f174e20b32c93d234f18a390f2.jpg","type":"image\/jpg","tmp_name":"\/tmp\/phpiys8eI","error":0,"size":181921}}+++get[]+++request{"path":"logo","_C":"Pic","_A":"upload","openid":"oeDcV0Zc4eR8nIigyAVbHx0c5oAc"}---
2018-01-11 21:41:58:{"file":{"name":"tmp_d719b2f174e20b32c93d234f18a390f2.jpg","type":"image\/jpg","tmp_name":"\/tmp\/phpiys8eI","error":0,"size":181921}}
1111111111111----run in----2018-01-11 21:42:15+++files[]+++get[]+++request{"_C":"User","_A":"selectOne","openid":"oeDcV0Zc4eR8nIigyAVbHx0c5oAc"}---
1111111111111----run in----2018-01-11 21:42:16+++files{"file":{"name":"tmp_3bb2ee67664c77028a80550169df392c.jpg","type":"image\/jpg","tmp_name":"\/tmp\/php6A7pYa","error":0,"size":181921}}+++get[]+++request{"path":"logo","_C":"Pic","_A":"upload","openid":"oeDcV0Zc4eR8nIigyAVbHx0c5oAc"}---
2018-01-11 21:42:16:{"file":{"name":"tmp_3bb2ee67664c77028a80550169df392c.jpg","type":"image\/jpg","tmp_name":"\/tmp\/php6A7pYa","error":0,"size":181921}}
1111111111111----run in----2018-01-11 21:42:35+++files[]+++get[]+++request{"_C":"User","_A":"selectOne","openid":"oeDcV0Zc4eR8nIigyAVbHx0c5oAc"}---
1111111111111----run in----2018-01-11 21:42:36+++files{"file":{"name":"tmp_ae4856bf9b02bad22ff373fdb52111e3.jpg","type":"image\/jpg","tmp_name":"\/tmp\/phpYVWmGH","error":0,"size":181921}}+++get[]+++request{"path":"logo","_C":"Pic","_A":"upload","openid":"oeDcV0Zc4eR8nIigyAVbHx0c5oAc"}---
2018-01-11 21:42:36:{"file":{"name":"tmp_ae4856bf9b02bad22ff373fdb52111e3.jpg","type":"image\/jpg","tmp_name":"\/tmp\/phpYVWmGH","error":0,"size":181921}}
1111111111111----run in----2018-01-11 21:42:57+++files[]+++get[]+++request{"_C":"Money","_A":"selectOne","openid":"oeDcV0W0lW2u-WnondVku8uZZo4k"}---
1111111111111----run in----2018-01-11 21:43:03+++files[]+++get[]+++request{"_C":"Money","_A":"selectOne","openid":"oeDcV0W0lW2u-WnondVku8uZZo4k"}---
1111111111111----run in----2018-01-11 21:43:08+++files[]+++get[]+++request{"_C":"Money","_A":"selectOne","openid":"oeDcV0W0lW2u-WnondVku8uZZo4k"}---
1111111111111----run in----2018-01-11 21:43:41+++files[]+++get[]+++request{"_C":"Money","_A":"selectOne","openid":"oeDcV0W0lW2u-WnondVku8uZZo4k"}---
1111111111111----run in----2018-01-11 21:43:51+++files[]+++get[]+++request{"_C":"User","_A":"selectOne","openid":"oeDcV0Zc4eR8nIigyAVbHx0c5oAc"}---
1111111111111----run in----2018-01-11 21:44:14+++files[]+++get[]+++request{"_C":"User","_A":"selectOne","openid":"oeDcV0Zc4eR8nIigyAVbHx0c5oAc"}---
1111111111111----run in----2018-01-11 21:44:18+++files{"file":{"name":"tmp_58c744e22ceb3f27888c89953094ef30.jpg","type":"image\/jpg","tmp_name":"\/tmp\/phpA8N1jY","error":0,"size":181921}}+++get[]+++request{"path":"logo","_C":"Pic","_A":"upload","openid":"oeDcV0Zc4eR8nIigyAVbHx0c5oAc"}---
2018-01-11 21:44:18:{"file":{"name":"tmp_58c744e22ceb3f27888c89953094ef30.jpg","type":"image\/jpg","tmp_name":"\/tmp\/phpA8N1jY","error":0,"size":181921}}
1111111111111----run in----2018-01-11 21:46:20+++files[]+++get[]+++request{"_C":"User","_A":"selectOne","openid":"oeDcV0Zc4eR8nIigyAVbHx0c5oAc"}---
1111111111111----run in----2018-01-11 21:46:20+++files[]+++get[]+++request{"_C":"User","_A":"selectOne","openid":"oeDcV0Zc4eR8nIigyAVbHx0c5oAc"}---
1111111111111----run in----2018-01-11 21:46:22+++files{"file":{"name":"tmp_dc5037f696089b638f42a775db319d85.jpg","type":"image\/jpg","tmp_name":"\/tmp\/phpAw3rJM","error":0,"size":181921}}+++get[]+++request{"path":"logo","_C":"Pic","_A":"upload","openid":"oeDcV0Zc4eR8nIigyAVbHx0c5oAc"}---
2018-01-11 21:46:22:{"file":{"name":"tmp_dc5037f696089b638f42a775db319d85.jpg","type":"image\/jpg","tmp_name":"\/tmp\/phpAw3rJM","error":0,"size":181921}}
1111111111111----run in----2018-01-11 21:47:51+++files[]+++get[]+++request{"_C":"User","_A":"selectOne","openid":"oeDcV0W0lW2u-WnondVku8uZZo4k"}---
1111111111111----run in----2018-01-11 21:48:50+++files[]+++get[]+++request{"_C":"User","_A":"selectOne","openid":"oeDcV0W0lW2u-WnondVku8uZZo4k"}---
1111111111111----run in----2018-01-11 21:49:02+++files[]+++get[]+++request{"_C":"User","_A":"selectOne","openid":"oeDcV0W0lW2u-WnondVku8uZZo4k"}---
1111111111111----run in----2018-01-11 21:49:38+++files[]+++get[]+++request{"_C":"Key","_A":"getWxId","code":"0034XwOX0aMYZ12l1ZMX0jKrOX04XwOZ","openid":""}---
1111111111111----run in----2018-01-11 21:49:38+++files[]+++get[]+++request{"_C":"User","_A":"selectOne","openid":"oeDcV0Zc4eR8nIigyAVbHx0c5oAc"}---
1111111111111----run in----2018-01-11 21:49:41+++files[]+++get[]+++request{"_C":"User","_A":"selectOne","openid":"oeDcV0Zc4eR8nIigyAVbHx0c5oAc"}---
1111111111111----run in----2018-01-11 21:49:42+++files{"file":{"name":"tmp_0752a30b1ec24e9d19f95791cf86e6b0.jpg","type":"image\/jpg","tmp_name":"\/tmp\/php2IcVM7","error":0,"size":256210}}+++get[]+++request{"path":"logo","_C":"Pic","_A":"upload","openid":"oeDcV0Zc4eR8nIigyAVbHx0c5oAc"}---
2018-01-11 21:49:42:{"file":{"name":"tmp_0752a30b1ec24e9d19f95791cf86e6b0.jpg","type":"image\/jpg","tmp_name":"\/tmp\/php2IcVM7","error":0,"size":256210}}
1111111111111----run in----2018-01-11 21:50:17+++files[]+++get[]+++request{"_C":"User","_A":"selectOne","openid":"oeDcV0Zc4eR8nIigyAVbHx0c5oAc"}---
1111111111111----run in----2018-01-11 21:50:21+++files[]+++get[]+++request{"_C":"User","_A":"updateOne","_DATA":"{\"lat\":28.20188801521561,\"lng\":112.8613124940278,\"mobile\":\"15812345678\",\"avatarUrl\":\"https:\/\/wx.qlogo.cn\/mmopen\/vi_32\/4GXO0Stia1PausEWexoTAzxxljoVzEjdBSvs4XnfQnMyEFRCE0ZHx15vtUkl6YdnBXNOXzvz2Qjod3rdLpYiclibA\/0\",\"is_show_info\":\"SHOW\",\"name\":\"Cdsss\",\"nick_name\":\"aaaaaaaaaa\u9648\u7aef\u751f0123456789+-\u00d7\u00f7\",\"wx\":\"Cds\",\"address\":\"\u957f\u6c99\u5e02\u6b65\u6b65\u9ad8\u00b7\u6885\u6eaa\u65b0\u5929\u5730(\u957f\u6c99\u5e02\u5cb3\u9e93\u533a)\",\"gender\":1,\"city\":\"Changsha\",\"logo\":\"wxfile:\/\/tmp_0752a30b1ec24e9d19f95791cf86e6b0.jpg\",\"openid\":\"oeDcV0Zc4eR8nIigyAVbHx0c5oAc\"}","openid":"oeDcV0Zc4eR8nIigyAVbHx0c5oAc"}---
1111111111111----run in----2018-01-11 21:50:27+++files[]+++get[]+++request{"_C":"User","_A":"selectOne","openid":"oeDcV0Zc4eR8nIigyAVbHx0c5oAc"}---
1111111111111----run in----2018-01-11 21:50:51+++files{"file":{"name":"tmp_ee6c282d716cfb83563f83b2b1f91ae7.jpg","type":"image\/jpg","tmp_name":"\/tmp\/phpIebAU3","error":0,"size":106413}}+++get[]+++request{"path":"act","_C":"Pic","_A":"upload","openid":"oeDcV0Zc4eR8nIigyAVbHx0c5oAc"}---
2018-01-11 21:50:51:{"file":{"name":"tmp_ee6c282d716cfb83563f83b2b1f91ae7.jpg","type":"image\/jpg","tmp_name":"\/tmp\/phpIebAU3","error":0,"size":106413}}
1111111111111----run in----2018-01-11 21:51:11+++files[]+++get[]+++request{"_C":"User","_A":"selectOne","openid":"oeDcV0TIhZCvU1UFnqrdS_fKJxW0"}---
1111111111111----run in----2018-01-11 21:51:19+++files[]+++get[]+++request{"_C":"User","_A":"selectOne","openid":"oeDcV0TIhZCvU1UFnqrdS_fKJxW0"}---
1111111111111----run in----2018-01-11 21:52:12+++files[]+++get[]+++request{"_C":"User","_A":"selectOne","openid":"oeDcV0W0lW2u-WnondVku8uZZo4k"}---
1111111111111----run in----2018-01-11 21:52:20+++files[]+++get[]+++request{"_C":"Key","_A":"getWxId","code":"003NwEKw0bGd7i1ncHJw01MYKw0NwEK8","openid":""}---
1111111111111----run in----2018-01-11 21:52:21+++files[]+++get[]+++request{"_C":"User","_A":"selectOne","openid":"oeDcV0TIhZCvU1UFnqrdS_fKJxW0"}---
1111111111111----run in----2018-01-11 21:52:23+++files[]+++get[]+++request{"_C":"User","_A":"selectOne","openid":"oeDcV0TIhZCvU1UFnqrdS_fKJxW0"}---
1111111111111----run in----2018-01-11 21:53:01+++files[]+++get[]+++request{"_C":"User","_A":"selectOne","openid":"oeDcV0W0lW2u-WnondVku8uZZo4k"}---
1111111111111----run in----2018-01-11 21:53:20+++files[]+++get[]+++request{"_C":"User","_A":"selectOne","openid":"oeDcV0W0lW2u-WnondVku8uZZo4k"}---
1111111111111----run in----2018-01-11 21:53:28+++files[]+++get[]+++request{"_C":"User","_A":"selectOne","openid":"oeDcV0W0lW2u-WnondVku8uZZo4k"}---
1111111111111----run in----2018-01-11 21:53:36+++files[]+++get[]+++request{"_C":"Key","_A":"getWxId","code":"013D2nD303PXuD1ZNSF30YitD30D2nDg","openid":""}---
1111111111111----run in----2018-01-11 21:53:37+++files[]+++get[]+++request{"_C":"User","_A":"selectOne","openid":"oeDcV0TIhZCvU1UFnqrdS_fKJxW0"}---
1111111111111----run in----2018-01-11 21:53:41+++files[]+++get[]+++request{"_C":"User","_A":"selectOne","openid":"oeDcV0TIhZCvU1UFnqrdS_fKJxW0"}---
1111111111111----run in----2018-01-11 21:54:23+++files[]+++get[]+++request{"_C":"Key","_A":"getWxId","code":"013GaABg1Eq0Gz0Bk5Bg1K0xBg1GaABA","openid":""}---
1111111111111----run in----2018-01-11 21:54:24+++files[]+++get[]+++request{"_C":"User","_A":"selectOne","openid":"oeDcV0Zc4eR8nIigyAVbHx0c5oAc"}---
1111111111111----run in----2018-01-11 21:54:25+++files[]+++get[]+++request{"_C":"User","_A":"selectOne","openid":"oeDcV0Zc4eR8nIigyAVbHx0c5oAc"}---
1111111111111----run in----2018-01-11 21:54:26+++files{"file":{"name":"tmp_7188f8877cc648e19fbe7670aeb6b17f.jpg","type":"image\/jpg","tmp_name":"\/tmp\/phpm2Uorp","error":0,"size":106413}}+++get[]+++request{"path":"logo","_C":"Pic","_A":"upload","openid":"oeDcV0Zc4eR8nIigyAVbHx0c5oAc"}---
2018-01-11 21:54:26:{"file":{"name":"tmp_7188f8877cc648e19fbe7670aeb6b17f.jpg","type":"image\/jpg","tmp_name":"\/tmp\/phpm2Uorp","error":0,"size":106413}}
1111111111111----run in----2018-01-11 21:54:57+++files[]+++get[]+++request{"_C":"User","_A":"selectOne","openid":"oeDcV0W0lW2u-WnondVku8uZZo4k"}---
1111111111111----run in----2018-01-11 21:55:00+++files[]+++get[]+++request{"_C":"User","_A":"selectOne","openid":"oeDcV0W0lW2u-WnondVku8uZZo4k"}---
1111111111111----run in----2018-01-11 21:55:05+++files[]+++get[]+++request{"_C":"User","_A":"selectOne","openid":"oeDcV0TIhZCvU1UFnqrdS_fKJxW0"}---
1111111111111----run in----2018-01-11 21:55:17+++files[]+++get[]+++request{"_C":"Key","_A":"getWxId","code":"003OLcX6130lRS1JPNU61GHVW61OLcXp","openid":""}---
1111111111111----run in----2018-01-11 21:55:17+++files[]+++get[]+++request{"_C":"User","_A":"selectOne","openid":"oeDcV0TIhZCvU1UFnqrdS_fKJxW0"}---
1111111111111----run in----2018-01-11 21:55:20+++files[]+++get[]+++request{"_C":"User","_A":"selectOne","openid":"oeDcV0TIhZCvU1UFnqrdS_fKJxW0"}---
1111111111111----run in----2018-01-11 21:56:39+++files[]+++get[]+++request{"_C":"User","_A":"selectOne","openid":"oeDcV0W0lW2u-WnondVku8uZZo4k"}---
1111111111111----run in----2018-01-11 21:56:47+++files[]+++get[]+++request{"_C":"User","_A":"selectOne","openid":"oeDcV0TIhZCvU1UFnqrdS_fKJxW0"}---
1111111111111----run in----2018-01-11 21:56:52+++files[]+++get[]+++request{"_C":"User","_A":"selectOne","openid":"oeDcV0TIhZCvU1UFnqrdS_fKJxW0"}---
1111111111111----run in----2018-01-11 21:58:21+++files[]+++get[]+++request{"_C":"User","_A":"selectOne","openid":"oeDcV0W0lW2u-WnondVku8uZZo4k"}---
1111111111111----run in----2018-01-11 21:58:34+++files[]+++get[]+++request{"_C":"User","_A":"selectOne","openid":"oeDcV0TIhZCvU1UFnqrdS_fKJxW0"}---
1111111111111----run in----2018-01-11 21:58:39+++files[]+++get[]+++request{"_C":"User","_A":"selectOne","openid":"oeDcV0TIhZCvU1UFnqrdS_fKJxW0"}---
1111111111111----run in----2018-01-11 22:01:15+++files[]+++get[]+++request{"_C":"User","_A":"selectOne","openid":"oeDcV0W0lW2u-WnondVku8uZZo4k"}---
1111111111111----run in----2018-01-11 22:01:25+++files[]+++get[]+++request{"_C":"User","_A":"selectOne","openid":"oeDcV0TIhZCvU1UFnqrdS_fKJxW0"}---
1111111111111----run in----2018-01-11 22:01:30+++files[]+++get[]+++request{"_C":"User","_A":"selectOne","openid":"oeDcV0TIhZCvU1UFnqrdS_fKJxW0"}---
1111111111111----run in----2018-01-11 22:01:39+++files{"file":{"name":"tmp_43faba2272a1ee7f41e57eb46015cfba.jpg","type":"image\/jpg","tmp_name":"\/tmp\/phpgdhcGN","error":0,"size":132885}}+++get[]+++request{"path":"act","openid":"oeDcV0TIhZCvU1UFnqrdS_fKJxW0","_A":"upload","_C":"Pic"}---
2018-01-11 22:01:39:{"file":{"name":"tmp_43faba2272a1ee7f41e57eb46015cfba.jpg","type":"image\/jpg","tmp_name":"\/tmp\/phpgdhcGN","error":0,"size":132885}}
1111111111111----run in----2018-01-11 22:02:21+++files[]+++get[]+++request{"_C":"Key","_A":"getWxId","code":"0135NW2w1OhmF90qXy5w1FQ43w15NW2Y","openid":""}---
1111111111111----run in----2018-01-11 22:02:21+++files[]+++get[]+++request{"_C":"User","_A":"selectOne","openid":"oeDcV0TIhZCvU1UFnqrdS_fKJxW0"}---
1111111111111----run in----2018-01-11 22:02:26+++files[]+++get[]+++request{"_C":"User","_A":"selectOne","openid":"oeDcV0TIhZCvU1UFnqrdS_fKJxW0"}---
1111111111111----run in----2018-01-11 22:02:31+++files{"file":{"name":"tmp_d888ddc73e730a9dbc84119d01c40b1b.jpg","type":"image\/jpg","tmp_name":"\/tmp\/php6KjJq8","error":0,"size":132885}}+++get[]+++request{"path":"act","openid":"oeDcV0TIhZCvU1UFnqrdS_fKJxW0","_A":"upload","_C":"Pic"}---
2018-01-11 22:02:31:{"file":{"name":"tmp_d888ddc73e730a9dbc84119d01c40b1b.jpg","type":"image\/jpg","tmp_name":"\/tmp\/php6KjJq8","error":0,"size":132885}}
1111111111111----run in----2018-01-11 22:03:04+++files[]+++get[]+++request{"_C":"User","_A":"selectOne","openid":"oeDcV0TIhZCvU1UFnqrdS_fKJxW0"}---
1111111111111----run in----2018-01-11 22:03:09+++files[]+++get[]+++request{"_C":"User","_A":"selectOne","openid":"oeDcV0TIhZCvU1UFnqrdS_fKJxW0"}---
1111111111111----run in----2018-01-11 22:03:15+++files{"file":{"name":"tmp_1c92fe5d4503b7ee62b9638ff4c3ae47.jpg","type":"image\/jpg","tmp_name":"\/tmp\/phpAOoq3S","error":0,"size":132885}}+++get[]+++request{"path":"act","openid":"oeDcV0TIhZCvU1UFnqrdS_fKJxW0","_A":"upload","_C":"Pic"}---
2018-01-11 22:03:15:{"file":{"name":"tmp_1c92fe5d4503b7ee62b9638ff4c3ae47.jpg","type":"image\/jpg","tmp_name":"\/tmp\/phpAOoq3S","error":0,"size":132885}}
1111111111111----run in----2018-01-11 22:03:22+++files[]+++get[]+++request{"_C":"User","_A":"selectOne","openid":"oeDcV0W0lW2u-WnondVku8uZZo4k"}---
1111111111111----run in----2018-01-11 22:03:24+++files[]+++get[]+++request{"_C":"User","_A":"selectOne","openid":"oeDcV0TIhZCvU1UFnqrdS_fKJxW0"}---
1111111111111----run in----2018-01-11 22:03:25+++files[]+++get[]+++request{"_C":"Act","_A":"select","_LIMIT":"0,50","_FILTER":"","openid":"oeDcV0W0lW2u-WnondVku8uZZo4k"}---
1111111111111----run in----2018-01-11 22:03:27+++files[]+++get[]+++request{"_C":"User","_A":"selectOne","openid":"oeDcV0W0lW2u-WnondVku8uZZo4k"}---
1111111111111----run in----2018-01-11 22:03:30+++files[]+++get[]+++request{"_C":"User","_A":"selectOne","openid":"oeDcV0W0lW2u-WnondVku8uZZo4k"}---
1111111111111----run in----2018-01-11 22:05:00+++files[]+++get[]+++request{"_C":"User","_A":"selectOne","openid":"oeDcV0TIhZCvU1UFnqrdS_fKJxW0"}---
1111111111111----run in----2018-01-11 22:05:01+++files[]+++get[]+++request{"_C":"Act","_A":"select","_LIMIT":"0,50","_FILTER":"","openid":"oeDcV0TIhZCvU1UFnqrdS_fKJxW0"}---
1111111111111----run in----2018-01-11 22:05:08+++files[]+++get[]+++request{"_C":"User","_A":"selectOne","openid":"oeDcV0TIhZCvU1UFnqrdS_fKJxW0"}---
1111111111111----run in----2018-01-11 22:05:11+++files[]+++get[]+++request{"_C":"User","_A":"selectOne","openid":"oeDcV0TIhZCvU1UFnqrdS_fKJxW0"}---
1111111111111----run in----2018-01-11 22:05:21+++files{"file":{"name":"tmp_fbe233488b47ae47e31c74e6baa74099.jpg","type":"image\/jpg","tmp_name":"\/tmp\/phpzrtKPF","error":0,"size":133718}}+++get[]+++request{"path":"act","openid":"oeDcV0TIhZCvU1UFnqrdS_fKJxW0","_A":"upload","_C":"Pic"}---
2018-01-11 22:05:21:{"file":{"name":"tmp_fbe233488b47ae47e31c74e6baa74099.jpg","type":"image\/jpg","tmp_name":"\/tmp\/phpzrtKPF","error":0,"size":133718}}
1111111111111----run in----2018-01-11 22:06:11+++files{"file":{"name":"tmp_6094707cfa5803ba75a4ee84272d7e5f.png","type":"image\/png","tmp_name":"\/tmp\/phpteBU0Y","error":0,"size":1512961}}+++get[]+++request{"path":"act\/poster","openid":"oeDcV0TIhZCvU1UFnqrdS_fKJxW0","_A":"upload","_C":"Pic"}---
2018-01-11 22:06:11:{"file":{"name":"tmp_6094707cfa5803ba75a4ee84272d7e5f.png","type":"image\/png","tmp_name":"\/tmp\/phpteBU0Y","error":0,"size":1512961}}
1111111111111----run in----2018-01-11 22:06:11+++files[]+++get[]+++request{"_C":"Pay","_A":"get","money":"0.01","openid":"oeDcV0TIhZCvU1UFnqrdS_fKJxW0"}---
1111111111111----run in----2018-01-11 22:06:18+++files[]+++get[]+++request{"_C":"Act","_A":"insertOne","_DATA":"{\"type\":\"poster\",\"degree_type\":\"3*3\",\"pay_total\":\"26.26\",\"pay_fee\":\"0.53\",\"award_first\":\"1.00\",\"award_two\":\"0.50\",\"award_third\":\"0.25\",\"award_all\":\"0.13\",\"num_group\":10,\"num_person\":100,\"limit_sex\":\"\",\"limit_distance\":1,\"description\":\"\u4e0d\u77e5\u9053\u81ea\u5df1\u662f\u5426\u8fd8\u4f1a\u6765\u5230\u5e95\u7ebf\u6761\u66f4\u52a0\u6d41\u7545\u7ebf\u6761\u66f4\u52a0\u5b8c\u7f8e\u652f\u6301\",\"pic\":\"act\/poster\/tmp_6094707cfa5803ba75a4ee84272d7e5f.png\",\"description_pic\":[\"act\/tmp_fbe233488b47ae47e31c74e6baa74099.jpg\"],\"openid\":\"oeDcV0TIhZCvU1UFnqrdS_fKJxW0\"}","openid":"oeDcV0TIhZCvU1UFnqrdS_fKJxW0"}---
1111111111111----run in----2018-01-11 22:06:19+++files[]+++get[]+++request{"_C":"Code2d","_A":"get","_DATA":"{\"path\":\"pages\/share\/share?aid=35\",\"openid\":\"oeDcV0TIhZCvU1UFnqrdS_fKJxW0\"}","openid":"oeDcV0TIhZCvU1UFnqrdS_fKJxW0"}---
1111111111111----run in----2018-01-11 22:06:21+++files[]+++get[]+++request{"_C":"Act","_A":"selectOne","id":"35","group_id":"","openid":"oeDcV0TIhZCvU1UFnqrdS_fKJxW0"}---
1111111111111----run in----2018-01-11 22:06:51+++files[]+++get[]+++request{"_C":"Code2d","_A":"get","_DATA":"{\"path\":\"pages\/share\/share?aid=35\",\"openid\":\"oeDcV0TIhZCvU1UFnqrdS_fKJxW0\"}","openid":"oeDcV0TIhZCvU1UFnqrdS_fKJxW0"}---
1111111111111----run in----2018-01-11 22:06:54+++files[]+++get[]+++request{"_C":"User","_A":"selectOne","openid":"oeDcV0TIhZCvU1UFnqrdS_fKJxW0"}---
1111111111111----run in----2018-01-11 22:06:54+++files[]+++get[]+++request{"_C":"Act","_A":"select","_LIMIT":"0,50","_FILTER":"","openid":"oeDcV0TIhZCvU1UFnqrdS_fKJxW0"}---
1111111111111----run in----2018-01-11 22:07:32+++files[]+++get[]+++request{"_C":"User","_A":"selectOne","openid":"oeDcV0Zc4eR8nIigyAVbHx0c5oAc"}---
1111111111111----run in----2018-01-11 22:07:32+++files[]+++get[]+++request{"_C":"User","_A":"updateOne","_DATA":"{\"lat\":28.20186923545116,\"lng\":112.8612485656683,\"mobile\":\"15812345678\",\"avatarUrl\":\"https:\/\/wx.qlogo.cn\/mmopen\/vi_32\/4GXO0Stia1PausEWexoTAzxxljoVzEjdBSvs4XnfQnMyEFRCE0ZHx15vtUkl6YdnBXNOXzvz2Qjod3rdLpYiclibA\/0\",\"is_show_info\":\"SHOW\",\"name\":\"Cdssas\",\"nick_name\":\"aaaaaaaaaa\u9648\u7aef\u751f0123456789+-\u00d7\u00f7\",\"wx\":\"Cds\",\"address\":\"\u6e56\u5357\u7701\u957f\u6c99\u5e02\u5cb3\u9e93\u533a\u6e56\u5357\u7701\u957f\u6c99\u5e02\u5cb3\u9e93\u533a\u9e93\u8c37\u65b0\u4e16\u754c(\u9e93\u8c37\u6c7d\u8f66\u4e16\u754c\u5357)\",\"gender\":1,\"city\":\"Changsha\",\"logo\":\"wxfile:\/\/tmp_7188f8877cc648e19fbe7670aeb6b17f.jpg\",\"openid\":\"oeDcV0Zc4eR8nIigyAVbHx0c5oAc\"}","openid":"oeDcV0Zc4eR8nIigyAVbHx0c5oAc"}---
1111111111111----run in----2018-01-11 22:07:37+++files[]+++get[]+++request{"_C":"User","_A":"selectOne","openid":"oeDcV0Zc4eR8nIigyAVbHx0c5oAc"}---
1111111111111----run in----2018-01-11 22:08:17+++files[]+++get[]+++request{"_C":"User","_A":"selectOne","openid":"oeDcV0W0lW2u-WnondVku8uZZo4k"}---
1111111111111----run in----2018-01-11 22:08:18+++files[]+++get[]+++request{"_C":"Act","_A":"select","_LIMIT":"0,50","_FILTER":"","openid":"oeDcV0TIhZCvU1UFnqrdS_fKJxW0"}---
1111111111111----run in----2018-01-11 22:08:19+++files[]+++get[]+++request{"_C":"Money","_A":"selectOne","openid":"oeDcV0TIhZCvU1UFnqrdS_fKJxW0"}---
1111111111111----run in----2018-01-11 22:08:21+++files[]+++get[]+++request{"_C":"User","_A":"selectOne","openid":"oeDcV0TIhZCvU1UFnqrdS_fKJxW0"}---
1111111111111----run in----2018-01-11 22:08:28+++files[]+++get[]+++request{"_C":"User","_A":"selectOne","openid":"oeDcV0W0lW2u-WnondVku8uZZo4k"}---
1111111111111----run in----2018-01-11 22:08:56+++files{"file":{"name":"tmp_73475424e07cd4408e45d4c2b910eda4dc13eb087060e230.jpg","type":"image\/jpg","tmp_name":"\/tmp\/phpeKKsvT","error":0,"size":43774}}+++get[]+++request{"_C":"Pic","path":"act","_A":"upload","openid":"oeDcV0W0lW2u-WnondVku8uZZo4k"}---
2018-01-11 22:08:56:{"file":{"name":"tmp_73475424e07cd4408e45d4c2b910eda4dc13eb087060e230.jpg","type":"image\/jpg","tmp_name":"\/tmp\/phpeKKsvT","error":0,"size":43774}}
1111111111111----run in----2018-01-11 22:09:00+++files[]+++get[]+++request{"_C":"User","_A":"updateOne","_DATA":"{\"lat\":28.22126071367069,\"lng\":112.87691811688546,\"mobile\":18912345678,\"avatarUrl\":\"https:\/\/wx.qlogo.cn\/mmopen\/vi_32\/Fp75BwsBiaLEb5LZPDViaWJRVCjs9bib5HKCcWiaF1DjTdMwCStJD4KcaMZibuAs94SHszvA0pG8arMCPXy3I7e7dYw\/0\",\"name\":\"123456\",\"nick_name\":\"\u963f\u4e09\",\"wx\":\"123\",\"address\":\"\u6e56\u5357\u7701\u957f\u6c99\u5e02\u5cb3\u9e93\u533a\u6850\u6893\u5761\u8def408\u53f7\",\"gender\":1,\"city\":\"Shenzhen\",\"logo\":\"https:\/\/xcxs1.xizai.com\/pintu\/images\/act\/poster\/tmp_6094707cfa5803ba75a4ee84272d7e5f.png\",\"openid\":\"oeDcV0TIhZCvU1UFnqrdS_fKJxW0\"}","openid":"oeDcV0TIhZCvU1UFnqrdS_fKJxW0"}---
1111111111111----run in----2018-01-11 22:09:00+++files{"file":{"name":"tmp_42e330934e9af74810fc0ebc765633f53e3c044b125bee60.jpg","type":"image\/jpg","tmp_name":"\/tmp\/phpS2zCpa","error":0,"size":73723}}+++get[]+++request{"_C":"Pic","path":"act","_A":"upload","openid":"oeDcV0W0lW2u-WnondVku8uZZo4k"}---
2018-01-11 22:09:00:{"file":{"name":"tmp_42e330934e9af74810fc0ebc765633f53e3c044b125bee60.jpg","type":"image\/jpg","tmp_name":"\/tmp\/phpS2zCpa","error":0,"size":73723}}
1111111111111----run in----2018-01-11 22:09:02+++files[]+++get[]+++request{"_C":"Money","_A":"selectOne","openid":"oeDcV0TIhZCvU1UFnqrdS_fKJxW0"}---
1111111111111----run in----2018-01-11 22:09:03+++files[]+++get[]+++request{"_C":"Act","_A":"select","_LIMIT":"0,50","_FILTER":"","openid":"oeDcV0TIhZCvU1UFnqrdS_fKJxW0"}---
1111111111111----run in----2018-01-11 22:09:04+++files[]+++get[]+++request{"_C":"Act","_A":"selectOne","id":"35","group_id":"","openid":"oeDcV0TIhZCvU1UFnqrdS_fKJxW0"}---
1111111111111----run in----2018-01-11 22:09:07+++files{"file":{"name":"tmp_e2891e08aa0cee68ca041ceaa74ee23ba6f7a310758166ee.png","type":"image\/png","tmp_name":"\/tmp\/php97bYjj","error":0,"size":517458}}+++get[]+++request{"_C":"Pic","path":"act\/poster","_A":"upload","openid":"oeDcV0W0lW2u-WnondVku8uZZo4k"}---
2018-01-11 22:09:07:{"file":{"name":"tmp_e2891e08aa0cee68ca041ceaa74ee23ba6f7a310758166ee.png","type":"image\/png","tmp_name":"\/tmp\/php97bYjj","error":0,"size":517458}}
1111111111111----run in----2018-01-11 22:09:07+++files[]+++get[]+++request{"_C":"Pay","_A":"get","money":"0.01","openid":"oeDcV0W0lW2u-WnondVku8uZZo4k"}---
1111111111111----run in----2018-01-11 22:09:15+++files[]+++get[]+++request{"_C":"Act","_A":"insertOne","_DATA":"{\"type\":\"poster\",\"degree_type\":\"3*3\",\"pay_total\":\"26.26\",\"pay_fee\":\"0.53\",\"award_first\":\"1.00\",\"award_two\":\"0.50\",\"award_third\":\"0.25\",\"award_all\":\"0.13\",\"num_group\":10,\"num_person\":100,\"limit_sex\":\"\",\"limit_distance\":3,\"description\":\"\u7f8e\u5973\",\"pic\":\"act\/poster\/tmp_e2891e08aa0cee68ca041ceaa74ee23ba6f7a310758166ee.png\",\"description_pic\":[\"act\/tmp_73475424e07cd4408e45d4c2b910eda4dc13eb087060e230.jpg\",\"act\/tmp_42e330934e9af74810fc0ebc765633f53e3c044b125bee60.jpg\"],\"openid\":\"oeDcV0W0lW2u-WnondVku8uZZo4k\"}","openid":"oeDcV0W0lW2u-WnondVku8uZZo4k"}---
1111111111111----run in----2018-01-11 22:09:16+++files[]+++get[]+++request{"_C":"Code2d","_A":"get","_DATA":"{\"path\":\"pages\/share\/share?aid=36\",\"openid\":\"oeDcV0W0lW2u-WnondVku8uZZo4k\"}","openid":"oeDcV0W0lW2u-WnondVku8uZZo4k"}---
1111111111111----run in----2018-01-11 22:09:24+++files[]+++get[]+++request{"_C":"Act","_A":"selectOne","id":"36","group_id":"","openid":"oeDcV0W0lW2u-WnondVku8uZZo4k"}---
1111111111111----run in----2018-01-11 22:09:27+++files[]+++get[]+++request{"_C":"Act","_A":"select","_LIMIT":"0,50","_FILTER":"","openid":"oeDcV0TIhZCvU1UFnqrdS_fKJxW0"}---
1111111111111----run in----2018-01-11 22:09:27+++files[]+++get[]+++request{"_C":"Money","_A":"selectOne","openid":"oeDcV0TIhZCvU1UFnqrdS_fKJxW0"}---
1111111111111----run in----2018-01-11 22:09:29+++files[]+++get[]+++request{"_C":"User","_A":"selectOne","openid":"oeDcV0TIhZCvU1UFnqrdS_fKJxW0"}---
1111111111111----run in----2018-01-11 22:09:40+++files[]+++get[]+++request{"_C":"Act","_A":"selectOne","id":"36","group_id":"342","openid":"oeDcV0W0lW2u-WnondVku8uZZo4k"}---
1111111111111----run in----2018-01-11 22:09:43+++files[]+++get[]+++request{"_C":"User","_A":"selectOne","openid":"oeDcV0W0lW2u-WnondVku8uZZo4k"}---
1111111111111----run in----2018-01-11 22:09:44+++files[]+++get[]+++request{"_C":"Act","_A":"select","_LIMIT":"0,50","_FILTER":"","openid":"oeDcV0W0lW2u-WnondVku8uZZo4k"}---
1111111111111----run in----2018-01-11 22:09:53+++files[]+++get[]+++request{"_C":"User","_A":"updateOne","_DATA":"{\"lat\":28.176031414570758,\"lng\":113.0256438935778,\"mobile\":18912345678,\"avatarUrl\":\"https:\/\/wx.qlogo.cn\/mmopen\/vi_32\/Fp75BwsBiaLEb5LZPDViaWJRVCjs9bib5HKCcWiaF1DjTdMwCStJD4KcaMZibuAs94SHszvA0pG8arMCPXy3I7e7dYw\/0\",\"name\":\"123456\",\"nick_name\":\"\u963f\u4e09\",\"wx\":\"123\",\"address\":\"\u6e56\u5357\u7701\u957f\u6c99\u5e02\u96e8\u82b1\u533a\u706b\u7130\u6751\u6c47\u8fbe\u5927\u53a6\u4e00\u697c101,102\u53f7\u53ca\u4e8c\u697c201\u53f7\u897f\u5357\u89d2\u90e8\u5206\",\"gender\":1,\"city\":\"Shenzhen\",\"logo\":\"https:\/\/xcxs1.xizai.com\/pintu\/images\/https:\/\/xcxs1.xizai.com\/pintu\/images\/act\/poster\/tmp_6094707cfa5803ba75a4ee84272d7e5f.png\",\"openid\":\"oeDcV0TIhZCvU1UFnqrdS_fKJxW0\"}","openid":"oeDcV0TIhZCvU1UFnqrdS_fKJxW0"}---
1111111111111----run in----2018-01-11 22:09:56+++files[]+++get[]+++request{"_C":"Money","_A":"selectOne","openid":"oeDcV0TIhZCvU1UFnqrdS_fKJxW0"}---
1111111111111----run in----2018-01-11 22:09:57+++files[]+++get[]+++request{"_C":"Act","_A":"select","_LIMIT":"0,50","_FILTER":"","openid":"oeDcV0TIhZCvU1UFnqrdS_fKJxW0"}---
1111111111111----run in----2018-01-11 22:10:05+++files[]+++get[]+++request{"_C":"User","_A":"selectOne","openid":"oeDcV0W0lW2u-WnondVku8uZZo4k"}---
1111111111111----run in----2018-01-11 22:10:07+++files[]+++get[]+++request{"_C":"Act","_A":"select","_LIMIT":"0,50","_FILTER":"","openid":"oeDcV0W0lW2u-WnondVku8uZZo4k"}---
1111111111111----run in----2018-01-11 22:10:31+++files[]+++get[]+++request{"_C":"Money","_A":"selectOne","openid":"oeDcV0TIhZCvU1UFnqrdS_fKJxW0"}---
1111111111111----run in----2018-01-11 22:10:32+++files[]+++get[]+++request{"_C":"Act","_A":"select","_LIMIT":"0,50","_FILTER":"","openid":"oeDcV0TIhZCvU1UFnqrdS_fKJxW0"}---
1111111111111----run in----2018-01-11 22:10:33+++files[]+++get[]+++request{"_C":"Money","_A":"selectOne","openid":"oeDcV0TIhZCvU1UFnqrdS_fKJxW0"}---
1111111111111----run in----2018-01-11 22:10:33+++files[]+++get[]+++request{"_C":"Act","_A":"select","_LIMIT":"0,50","_FILTER":"","openid":"oeDcV0TIhZCvU1UFnqrdS_fKJxW0"}---
1111111111111----run in----2018-01-11 22:12:30+++files[]+++get[]+++request{"_C":"Act","_A":"select","_LIMIT":"0,50","_FILTER":"","openid":"oeDcV0TIhZCvU1UFnqrdS_fKJxW0"}---
1111111111111----run in----2018-01-11 22:12:30+++files[]+++get[]+++request{"_C":"Act","_A":"select","_LIMIT":"0,50","_FILTER":"","openid":"oeDcV0TIhZCvU1UFnqrdS_fKJxW0"}---
1111111111111----run in----2018-01-11 22:12:34+++files[]+++get[]+++request{"_C":"Money","_A":"selectOne","openid":"oeDcV0TIhZCvU1UFnqrdS_fKJxW0"}---
1111111111111----run in----2018-01-11 22:12:35+++files[]+++get[]+++request{"_C":"Act","_A":"select","_LIMIT":"0,50","_FILTER":"","openid":"oeDcV0TIhZCvU1UFnqrdS_fKJxW0"}---
1111111111111----run in----2018-01-11 22:12:36+++files[]+++get[]+++request{"_C":"Act","_A":"select","_LIMIT":"0,50","_FILTER":"","openid":"oeDcV0W0lW2u-WnondVku8uZZo4k"}---
1111111111111----run in----2018-01-11 22:12:36+++files[]+++get[]+++request{"_C":"User","_A":"selectOne","openid":"oeDcV0TIhZCvU1UFnqrdS_fKJxW0"}---
1111111111111----run in----2018-01-11 22:12:39+++files[]+++get[]+++request{"_C":"User","_A":"selectOne","openid":"oeDcV0TIhZCvU1UFnqrdS_fKJxW0"}---
1111111111111----run in----2018-01-11 22:12:40+++files[]+++get[]+++request{"_C":"Act","_A":"select","_LIMIT":"0,50","_FILTER":"","openid":"oeDcV0TIhZCvU1UFnqrdS_fKJxW0"}---
1111111111111----run in----2018-01-11 22:12:43+++files[]+++get[]+++request{"_C":"User","_A":"selectOne","openid":"oeDcV0W0lW2u-WnondVku8uZZo4k"}---
1111111111111----run in----2018-01-11 22:12:43+++files[]+++get[]+++request{"_C":"Act","_A":"select","_LIMIT":"0,50","_FILTER":"","openid":"oeDcV0W0lW2u-WnondVku8uZZo4k"}---
1111111111111----run in----2018-01-11 22:12:58+++files[]+++get[]+++request{"_C":"Act","_A":"select","_LIMIT":"0,50","_FILTER":"","openid":"oeDcV0W0lW2u-WnondVku8uZZo4k"}---
1111111111111----run in----2018-01-11 22:13:16+++files[]+++get[]+++request{"_C":"Money","_A":"selectOne","openid":"oeDcV0TIhZCvU1UFnqrdS_fKJxW0"}---
1111111111111----run in----2018-01-11 22:13:17+++files[]+++get[]+++request{"_C":"Act","_A":"select","_LIMIT":"0,50","_FILTER":"","openid":"oeDcV0TIhZCvU1UFnqrdS_fKJxW0"}---
1111111111111----run in----2018-01-11 22:13:19+++files[]+++get[]+++request{"_C":"Money","_A":"selectOne","openid":"oeDcV0TIhZCvU1UFnqrdS_fKJxW0"}---
1111111111111----run in----2018-01-11 22:13:19+++files[]+++get[]+++request{"_C":"Act","_A":"select","_LIMIT":"0,50","_FILTER":"","openid":"oeDcV0TIhZCvU1UFnqrdS_fKJxW0"}---
1111111111111----run in----2018-01-11 22:13:21+++files[]+++get[]+++request{"_C":"Money","_A":"selectOne","openid":"oeDcV0TIhZCvU1UFnqrdS_fKJxW0"}---
1111111111111----run in----2018-01-11 22:13:21+++files[]+++get[]+++request{"_C":"User","_A":"selectOne","openid":"oeDcV0TIhZCvU1UFnqrdS_fKJxW0"}---
1111111111111----run in----2018-01-11 22:13:22+++files[]+++get[]+++request{"_C":"Act","_A":"select","_LIMIT":"0,50","_FILTER":"","openid":"oeDcV0TIhZCvU1UFnqrdS_fKJxW0"}---
1111111111111----run in----2018-01-11 22:13:22+++files[]+++get[]+++request{"_C":"Money","_A":"selectOne","openid":"oeDcV0TIhZCvU1UFnqrdS_fKJxW0"}---
1111111111111----run in----2018-01-11 22:13:23+++files[]+++get[]+++request{"_C":"Act","_A":"select","_LIMIT":"0,50","_FILTER":"","openid":"oeDcV0TIhZCvU1UFnqrdS_fKJxW0"}---
1111111111111----run in----2018-01-11 22:13:24+++files[]+++get[]+++request{"_C":"Money","_A":"selectOne","openid":"oeDcV0TIhZCvU1UFnqrdS_fKJxW0"}---
1111111111111----run in----2018-01-11 22:13:25+++files[]+++get[]+++request{"_C":"Act","_A":"select","_LIMIT":"0,50","_FILTER":"","openid":"oeDcV0TIhZCvU1UFnqrdS_fKJxW0"}---
1111111111111----run in----2018-01-11 22:13:26+++files[]+++get[]+++request{"_C":"User","_A":"selectOne","openid":"oeDcV0W0lW2u-WnondVku8uZZo4k"}---
1111111111111----run in----2018-01-11 22:13:27+++files[]+++get[]+++request{"_C":"Act","_A":"select","_LIMIT":"0,50","_FILTER":"","openid":"oeDcV0TIhZCvU1UFnqrdS_fKJxW0"}---
1111111111111----run in----2018-01-11 22:13:27+++files[]+++get[]+++request{"_C":"Act","_A":"select","_LIMIT":"0,50","_FILTER":"","openid":"oeDcV0W0lW2u-WnondVku8uZZo4k"}---
1111111111111----run in----2018-01-11 22:13:28+++files[]+++get[]+++request{"_C":"Money","_A":"selectOne","openid":"oeDcV0TIhZCvU1UFnqrdS_fKJxW0"}---
1111111111111----run in----2018-01-11 22:13:28+++files[]+++get[]+++request{"_C":"Money","_A":"selectOne","openid":"oeDcV0W0lW2u-WnondVku8uZZo4k"}---
1111111111111----run in----2018-01-11 22:13:29+++files[]+++get[]+++request{"_C":"Act","_A":"select","_LIMIT":"0,50","_FILTER":"","openid":"oeDcV0W0lW2u-WnondVku8uZZo4k"}---
1111111111111----run in----2018-01-11 22:13:30+++files[]+++get[]+++request{"_C":"User","_A":"selectOne","openid":"oeDcV0W0lW2u-WnondVku8uZZo4k"}---
1111111111111----run in----2018-01-11 22:13:31+++files[]+++get[]+++request{"_C":"Act","_A":"select","_LIMIT":"0,50","_FILTER":"","openid":"oeDcV0W0lW2u-WnondVku8uZZo4k"}---
1111111111111----run in----2018-01-11 22:13:32+++files[]+++get[]+++request{"_C":"Money","_A":"selectOne","openid":"oeDcV0TIhZCvU1UFnqrdS_fKJxW0"}---
1111111111111----run in----2018-01-11 22:13:33+++files[]+++get[]+++request{"_C":"Act","_A":"select","_LIMIT":"0,50","_FILTER":"","openid":"oeDcV0TIhZCvU1UFnqrdS_fKJxW0"}---
1111111111111----run in----2018-01-11 22:13:42+++files[]+++get[]+++request{"_C":"User","_A":"selectOne","openid":"oeDcV0W0lW2u-WnondVku8uZZo4k"}---
1111111111111----run in----2018-01-11 22:13:44+++files[]+++get[]+++request{"_C":"Act","_A":"select","_LIMIT":"0,50","_FILTER":"","openid":"oeDcV0W0lW2u-WnondVku8uZZo4k"}---
1111111111111----run in----2018-01-11 22:13:46+++files[]+++get[]+++request{"_C":"User","_A":"selectOne","openid":"oeDcV0W0lW2u-WnondVku8uZZo4k"}---
1111111111111----run in----2018-01-11 22:13:47+++files[]+++get[]+++request{"_C":"Act","_A":"select","_LIMIT":"0,50","_FILTER":"","openid":"oeDcV0W0lW2u-WnondVku8uZZo4k"}---
1111111111111----run in----2018-01-11 22:13:48+++files[]+++get[]+++request{"_C":"User","_A":"selectOne","openid":"oeDcV0W0lW2u-WnondVku8uZZo4k"}---
1111111111111----run in----2018-01-11 22:13:49+++files[]+++get[]+++request{"_C":"Act","_A":"select","_LIMIT":"0,50","_FILTER":"","openid":"oeDcV0W0lW2u-WnondVku8uZZo4k"}---
1111111111111----run in----2018-01-11 22:13:57+++files[]+++get[]+++request{"_C":"Money","_A":"selectOne","openid":"oeDcV0TIhZCvU1UFnqrdS_fKJxW0"}---
1111111111111----run in----2018-01-11 22:13:58+++files[]+++get[]+++request{"_C":"Act","_A":"select","_LIMIT":"0,50","_FILTER":"","openid":"oeDcV0TIhZCvU1UFnqrdS_fKJxW0"}---
1111111111111----run in----2018-01-11 22:14:01+++files[]+++get[]+++request{"_C":"Act","_A":"select","_LIMIT":"0,50","_FILTER":"","openid":"oeDcV0TIhZCvU1UFnqrdS_fKJxW0"}---
1111111111111----run in----2018-01-11 22:14:08+++files[]+++get[]+++request{"_C":"User","_A":"selectOne","openid":"oeDcV0W0lW2u-WnondVku8uZZo4k"}---
1111111111111----run in----2018-01-11 22:14:09+++files[]+++get[]+++request{"_C":"Act","_A":"select","_LIMIT":"0,50","_FILTER":"","openid":"oeDcV0W0lW2u-WnondVku8uZZo4k"}---
1111111111111----run in----2018-01-11 22:14:10+++files[]+++get[]+++request{"_C":"Money","_A":"selectOne","openid":"oeDcV0W0lW2u-WnondVku8uZZo4k"}---
1111111111111----run in----2018-01-11 22:14:11+++files[]+++get[]+++request{"_C":"Act","_A":"select","_LIMIT":"0,50","_FILTER":"","openid":"oeDcV0W0lW2u-WnondVku8uZZo4k"}---
1111111111111----run in----2018-01-11 22:14:13+++files[]+++get[]+++request{"_C":"User","_A":"selectOne","openid":"oeDcV0W0lW2u-WnondVku8uZZo4k"}---
1111111111111----run in----2018-01-11 22:14:14+++files[]+++get[]+++request{"_C":"Act","_A":"select","_LIMIT":"0,50","_FILTER":"","openid":"oeDcV0W0lW2u-WnondVku8uZZo4k"}---
1111111111111----run in----2018-01-11 22:14:16+++files[]+++get[]+++request{"_C":"Act","_A":"select","_LIMIT":"0,50","_FILTER":"","openid":"oeDcV0TIhZCvU1UFnqrdS_fKJxW0"}---
1111111111111----run in----2018-01-11 22:14:19+++files[]+++get[]+++request{"_C":"Money","_A":"selectOne","openid":"oeDcV0TIhZCvU1UFnqrdS_fKJxW0"}---
1111111111111----run in----2018-01-11 22:14:20+++files[]+++get[]+++request{"_C":"Act","_A":"select","_LIMIT":"0,50","_FILTER":"","openid":"oeDcV0TIhZCvU1UFnqrdS_fKJxW0"}---
1111111111111----run in----2018-01-11 22:14:21+++files[]+++get[]+++request{"_C":"Money","_A":"selectOne","openid":"oeDcV0TIhZCvU1UFnqrdS_fKJxW0"}---
1111111111111----run in----2018-01-11 22:14:22+++files[]+++get[]+++request{"_C":"Act","_A":"select","_LIMIT":"0,50","_FILTER":"","openid":"oeDcV0TIhZCvU1UFnqrdS_fKJxW0"}---
1111111111111----run in----2018-01-11 22:14:29+++files[]+++get[]+++request{"_C":"Money","_A":"selectOne","openid":"oeDcV0W0lW2u-WnondVku8uZZo4k"}---
1111111111111----run in----2018-01-11 22:14:30+++files[]+++get[]+++request{"_C":"Act","_A":"select","_LIMIT":"0,50","_FILTER":"","openid":"oeDcV0W0lW2u-WnondVku8uZZo4k"}---
1111111111111----run in----2018-01-11 22:15:04+++files[]+++get[]+++request{"_C":"User","_A":"selectOne","openid":"oeDcV0W0lW2u-WnondVku8uZZo4k"}---
1111111111111----run in----2018-01-11 22:15:05+++files[]+++get[]+++request{"_C":"Act","_A":"select","_LIMIT":"0,50","_FILTER":"","openid":"oeDcV0W0lW2u-WnondVku8uZZo4k"}---
1111111111111----run in----2018-01-11 22:15:05+++files[]+++get[]+++request{"_C":"Money","_A":"selectOne","openid":"oeDcV0TIhZCvU1UFnqrdS_fKJxW0"}---
1111111111111----run in----2018-01-11 22:15:05+++files[]+++get[]+++request{"_C":"Act","_A":"select","_LIMIT":"0,50","_FILTER":"","openid":"oeDcV0TIhZCvU1UFnqrdS_fKJxW0"}---
1111111111111----run in----2018-01-11 22:15:06+++files[]+++get[]+++request{"_C":"Money","_A":"selectOne","openid":"oeDcV0TIhZCvU1UFnqrdS_fKJxW0"}---
1111111111111----run in----2018-01-11 22:15:07+++files[]+++get[]+++request{"_C":"Act","_A":"select","_LIMIT":"0,50","_FILTER":"","openid":"oeDcV0TIhZCvU1UFnqrdS_fKJxW0"}---
1111111111111----run in----2018-01-11 22:15:07+++files[]+++get[]+++request{"_C":"User","_A":"selectOne","openid":"oeDcV0W0lW2u-WnondVku8uZZo4k"}---
1111111111111----run in----2018-01-11 22:15:07+++files[]+++get[]+++request{"_C":"Act","_A":"select","_LIMIT":"0,50","_FILTER":"","openid":"oeDcV0W0lW2u-WnondVku8uZZo4k"}---
1111111111111----run in----2018-01-11 22:15:09+++files[]+++get[]+++request{"_C":"User","_A":"selectOne","openid":"oeDcV0W0lW2u-WnondVku8uZZo4k"}---
1111111111111----run in----2018-01-11 22:15:09+++files[]+++get[]+++request{"_C":"Act","_A":"select","_LIMIT":"0,50","_FILTER":"","openid":"oeDcV0W0lW2u-WnondVku8uZZo4k"}---
1111111111111----run in----2018-01-11 22:15:14+++files[]+++get[]+++request{"_C":"User","_A":"selectOne","openid":"oeDcV0W0lW2u-WnondVku8uZZo4k"}---
1111111111111----run in----2018-01-11 22:15:15+++files[]+++get[]+++request{"_C":"Act","_A":"select","_LIMIT":"0,50","_FILTER":"","openid":"oeDcV0W0lW2u-WnondVku8uZZo4k"}---
1111111111111----run in----2018-01-11 22:15:26+++files[]+++get[]+++request{"_C":"User","_A":"selectOne","openid":"oeDcV0W0lW2u-WnondVku8uZZo4k"}---
1111111111111----run in----2018-01-11 22:15:27+++files[]+++get[]+++request{"_C":"Act","_A":"select","_LIMIT":"0,50","_FILTER":"","openid":"oeDcV0W0lW2u-WnondVku8uZZo4k"}---
1111111111111----run in----2018-01-11 22:15:33+++files[]+++get[]+++request{"_C":"Money","_A":"selectOne","openid":"oeDcV0TIhZCvU1UFnqrdS_fKJxW0"}---
1111111111111----run in----2018-01-11 22:15:33+++files[]+++get[]+++request{"_C":"Act","_A":"select","_LIMIT":"0,50","_FILTER":"","openid":"oeDcV0TIhZCvU1UFnqrdS_fKJxW0"}---
1111111111111----run in----2018-01-11 22:15:58+++files[]+++get[]+++request{"_C":"Money","_A":"selectOne","openid":"oeDcV0TIhZCvU1UFnqrdS_fKJxW0"}---
1111111111111----run in----2018-01-11 22:16:18+++files[]+++get[]+++request{"_C":"Money","_A":"selectOne","openid":"oeDcV0TIhZCvU1UFnqrdS_fKJxW0"}---
1111111111111----run in----2018-01-11 22:16:20+++files[]+++get[]+++request{"_C":"Money","_A":"selectOne","openid":"oeDcV0TIhZCvU1UFnqrdS_fKJxW0"}---
1111111111111----run in----2018-01-11 22:16:22+++files[]+++get[]+++request{"_C":"Money","_A":"selectOne","openid":"oeDcV0W0lW2u-WnondVku8uZZo4k"}---
1111111111111----run in----2018-01-11 22:16:25+++files[]+++get[]+++request{"_C":"Act","_A":"select","_LIMIT":"0,50","_FILTER":"","openid":"oeDcV0TIhZCvU1UFnqrdS_fKJxW0"}---
1111111111111----run in----2018-01-11 22:16:25+++files[]+++get[]+++request{"_C":"Money","_A":"selectOne","openid":"oeDcV0TIhZCvU1UFnqrdS_fKJxW0"}---
1111111111111----run in----2018-01-11 22:16:32+++files[]+++get[]+++request{"_C":"User","_A":"selectOne","openid":"oeDcV0TIhZCvU1UFnqrdS_fKJxW0"}---
1111111111111----run in----2018-01-11 22:16:35+++files[]+++get[]+++request{"_C":"Money","_A":"selectOne","openid":"oeDcV0TIhZCvU1UFnqrdS_fKJxW0"}---
1111111111111----run in----2018-01-11 22:16:38+++files[]+++get[]+++request{"_C":"Money","_A":"selectOne","openid":"oeDcV0TIhZCvU1UFnqrdS_fKJxW0"}---
1111111111111----run in----2018-01-11 22:16:41+++files[]+++get[]+++request{"_C":"Money","_A":"selectOne","openid":"oeDcV0TIhZCvU1UFnqrdS_fKJxW0"}---
1111111111111----run in----2018-01-11 22:16:46+++files[]+++get[]+++request{"_C":"Money","_A":"selectOne","openid":"oeDcV0W0lW2u-WnondVku8uZZo4k"}---
1111111111111----run in----2018-01-11 22:16:48+++files[]+++get[]+++request{"_C":"Act","_A":"select","_LIMIT":"0,50","_FILTER":"","openid":"oeDcV0W0lW2u-WnondVku8uZZo4k"}---
1111111111111----run in----2018-01-11 22:16:49+++files[]+++get[]+++request{"_C":"User","_A":"selectOne","openid":"oeDcV0W0lW2u-WnondVku8uZZo4k"}---
1111111111111----run in----2018-01-11 22:16:50+++files[]+++get[]+++request{"_C":"Act","_A":"select","_LIMIT":"0,50","_FILTER":"","openid":"oeDcV0W0lW2u-WnondVku8uZZo4k"}---
1111111111111----run in----2018-01-11 22:16:52+++files[]+++get[]+++request{"_C":"Money","_A":"selectOne","openid":"oeDcV0W0lW2u-WnondVku8uZZo4k"}---
1111111111111----run in----2018-01-11 22:16:52+++files[]+++get[]+++request{"_C":"Act","_A":"select","_LIMIT":"0,50","_FILTER":"","openid":"oeDcV0TIhZCvU1UFnqrdS_fKJxW0"}---
1111111111111----run in----2018-01-11 22:16:52+++files[]+++get[]+++request{"_C":"Act","_A":"select","_LIMIT":"0,50","_FILTER":"","openid":"oeDcV0W0lW2u-WnondVku8uZZo4k"}---
1111111111111----run in----2018-01-11 22:16:53+++files[]+++get[]+++request{"_C":"User","_A":"selectOne","openid":"oeDcV0W0lW2u-WnondVku8uZZo4k"}---
1111111111111----run in----2018-01-11 22:16:54+++files[]+++get[]+++request{"_C":"Act","_A":"selectOne","id":"36","group_id":"","openid":"oeDcV0TIhZCvU1UFnqrdS_fKJxW0"}---
1111111111111----run in----2018-01-11 22:16:54+++files[]+++get[]+++request{"_C":"Act","_A":"select","_LIMIT":"0,50","_FILTER":"","openid":"oeDcV0W0lW2u-WnondVku8uZZo4k"}---
1111111111111----run in----2018-01-11 22:16:55+++files[]+++get[]+++request{"_C":"User","_A":"selectOne","openid":"oeDcV0W0lW2u-WnondVku8uZZo4k"}---
1111111111111----run in----2018-01-11 22:17:10+++files[]+++get[]+++request{"_C":"Act","_A":"select","_LIMIT":"0,50","_FILTER":"","openid":"oeDcV0W0lW2u-WnondVku8uZZo4k"}---
1111111111111----run in----2018-01-11 22:17:11+++files[]+++get[]+++request{"_C":"Money","_A":"selectOne","openid":"oeDcV0W0lW2u-WnondVku8uZZo4k"}---
1111111111111----run in----2018-01-11 22:17:18+++files[]+++get[]+++request{"_C":"Money","_A":"selectOne","openid":"oeDcV0W0lW2u-WnondVku8uZZo4k"}---
1111111111111----run in----2018-01-11 22:17:42+++files[]+++get[]+++request{"_C":"Money","_A":"selectOne","openid":"oeDcV0W0lW2u-WnondVku8uZZo4k"}---
1111111111111----run in----2018-01-11 22:17:52+++files[]+++get[]+++request{"_C":"Act","_A":"select","_LIMIT":"0,50","_FILTER":"","openid":"oeDcV0TIhZCvU1UFnqrdS_fKJxW0"}---
1111111111111----run in----2018-01-11 22:18:03+++files[]+++get[]+++request{"_C":"Money","_A":"selectOne","openid":"oeDcV0TIhZCvU1UFnqrdS_fKJxW0"}---
1111111111111----run in----2018-01-11 22:18:06+++files[]+++get[]+++request{"_C":"Money","_A":"selectOne","openid":"oeDcV0W0lW2u-WnondVku8uZZo4k"}---
1111111111111----run in----2018-01-11 22:18:06+++files[]+++get[]+++request{"_C":"User","_A":"selectOne","openid":"oeDcV0TIhZCvU1UFnqrdS_fKJxW0"}---
1111111111111----run in----2018-01-11 22:18:08+++files[]+++get[]+++request{"_C":"User","_A":"selectOne","openid":"oeDcV0W0lW2u-WnondVku8uZZo4k"}---
1111111111111----run in----2018-01-11 22:18:11+++files[]+++get[]+++request{"_C":"Money","_A":"selectOne","openid":"oeDcV0TIhZCvU1UFnqrdS_fKJxW0"}---
1111111111111----run in----2018-01-11 22:18:19+++files[]+++get[]+++request{"_C":"Money","_A":"selectOne","openid":"oeDcV0TIhZCvU1UFnqrdS_fKJxW0"}---
1111111111111----run in----2018-01-11 22:18:27+++files[]+++get[]+++request{"_C":"Money","_A":"selectOne","openid":"oeDcV0TIhZCvU1UFnqrdS_fKJxW0"}---
1111111111111----run in----2018-01-11 22:18:34+++files[]+++get[]+++request{"_C":"Act","_A":"select","_LIMIT":"0,50","_FILTER":"","openid":"oeDcV0TIhZCvU1UFnqrdS_fKJxW0"}---
1111111111111----run in----2018-01-11 22:18:36+++files[]+++get[]+++request{"_C":"Money","_A":"selectOne","openid":"oeDcV0TIhZCvU1UFnqrdS_fKJxW0"}---
1111111111111----run in----2018-01-11 22:18:42+++files[]+++get[]+++request{"_C":"Money","_A":"selectOne","openid":"oeDcV0TIhZCvU1UFnqrdS_fKJxW0"}---
1111111111111----run in----2018-01-11 22:18:43+++files[]+++get[]+++request{"_C":"Act","_A":"select","_LIMIT":"0,50","_FILTER":"","openid":"oeDcV0TIhZCvU1UFnqrdS_fKJxW0"}---
1111111111111----run in----2018-01-11 22:18:48+++files[]+++get[]+++request{"_C":"User","_A":"selectOne","openid":"oeDcV0TIhZCvU1UFnqrdS_fKJxW0"}---
1111111111111----run in----2018-01-11 22:18:49+++files[]+++get[]+++request{"_C":"Act","_A":"select","_LIMIT":"0,50","_FILTER":"","openid":"oeDcV0TIhZCvU1UFnqrdS_fKJxW0"}---
1111111111111----run in----2018-01-11 22:18:50+++files[]+++get[]+++request{"_C":"User","_A":"selectOne","openid":"oeDcV0TIhZCvU1UFnqrdS_fKJxW0"}---
1111111111111----run in----2018-01-11 22:18:53+++files[]+++get[]+++request{"_C":"Money","_A":"selectOne","openid":"oeDcV0TIhZCvU1UFnqrdS_fKJxW0"}---
1111111111111----run in----2018-01-11 22:18:54+++files[]+++get[]+++request{"_C":"Act","_A":"select","_LIMIT":"0,50","_FILTER":"","openid":"oeDcV0TIhZCvU1UFnqrdS_fKJxW0"}---
1111111111111----run in----2018-01-11 22:18:55+++files[]+++get[]+++request{"_C":"Money","_A":"selectOne","openid":"oeDcV0TIhZCvU1UFnqrdS_fKJxW0"}---
1111111111111----run in----2018-01-11 22:18:58+++files[]+++get[]+++request{"_C":"Money","_A":"selectOne","openid":"oeDcV0TIhZCvU1UFnqrdS_fKJxW0"}---
1111111111111----run in----2018-01-11 22:18:59+++files[]+++get[]+++request{"_C":"User","_A":"selectOne","openid":"oeDcV0TIhZCvU1UFnqrdS_fKJxW0"}---
1111111111111----run in----2018-01-11 22:19:00+++files[]+++get[]+++request{"_C":"Act","_A":"select","_LIMIT":"0,50","_FILTER":"","openid":"oeDcV0TIhZCvU1UFnqrdS_fKJxW0"}---
1111111111111----run in----2018-01-11 22:19:01+++files[]+++get[]+++request{"_C":"Act","_A":"selectOne","id":"36","group_id":"","openid":"oeDcV0TIhZCvU1UFnqrdS_fKJxW0"}---
1111111111111----run in----2018-01-11 22:19:38+++files[]+++get[]+++request{"_C":"Act","_A":"selectOne","id":"36","group_id":"342","openid":"oeDcV0TIhZCvU1UFnqrdS_fKJxW0"}---
1111111111111----run in----2018-01-11 22:27:22+++files[]+++get{"_C":"Pay","_A":"trans","openid":"oeDcV0W0lW2u-WnondVku8uZZo4k"}+++request{"_C":"Pay","_A":"trans","openid":"oeDcV0W0lW2u-WnondVku8uZZo4k"}---
1111111111111----run in----2018-01-11 22:27:34+++files[]+++get{"_C":"Act","_A":"select","openid":"oeDcV0W0lW2u-WnondVku8uZZo4k"}+++request{"_C":"Act","_A":"select","openid":"oeDcV0W0lW2u-WnondVku8uZZo4k"}---
1111111111111----run in----2018-01-11 22:27:47+++files[]+++get{"_C":"Act","_A":"select","openid":"oeDcV0W0lW2u-WnondVku8uZZo4k","limit":"0,10"}+++request{"_C":"Act","_A":"select","openid":"oeDcV0W0lW2u-WnondVku8uZZo4k","limit":"0,10"}---
1111111111111----run in----2018-01-11 22:27:57+++files[]+++get{"_C":"Act","_A":"select","openid":"oeDcV0W0lW2u-WnondVku8uZZo4k","_LIMIT":"0,10"}+++request{"_C":"Act","_A":"select","openid":"oeDcV0W0lW2u-WnondVku8uZZo4k","_LIMIT":"0,10"}---
1111111111111----run in----2018-01-11 22:28:04+++files[]+++get{"_C":"Act","_A":"select","openid":"oeDcV0W0lW2u-WnondVku8uZZo4k","_LIMIT":"0,10"}+++request{"_C":"Act","_A":"select","openid":"oeDcV0W0lW2u-WnondVku8uZZo4k","_LIMIT":"0,10"}---
1111111111111----run in----2018-01-11 23:19:48+++files[]+++get{"_C":"Act","_A":"select","openid":"oeDcV0W0lW2u-WnondVku8uZZo4k","_LIMIT":"0,10"}+++request{"_C":"Act","_A":"select","openid":"oeDcV0W0lW2u-WnondVku8uZZo4k","_LIMIT":"0,10"}---
1111111111111----run in----2018-01-11 23:28:21+++files[]+++get{"_C":"Act","_A":"select","openid":"oeDcV0W0lW2u-WnondVku8uZZo4k","_LIMIT":"0,10"}+++request{"_C":"Act","_A":"select","openid":"oeDcV0W0lW2u-WnondVku8uZZo4k","_LIMIT":"0,10"}---
1111111111111----run in----2018-01-11 23:28:25+++files[]+++get{"_C":"Act","_A":"select","openid":"oeDcV0W0lW2u-WnondVku8uZZo4k","_LIMIT":"0,10"}+++request{"_C":"Act","_A":"select","openid":"oeDcV0W0lW2u-WnondVku8uZZo4k","_LIMIT":"0,10"}---
