1111111111111----run in----2018-01-15 09:02:22+++files[]+++get[]+++request{"_C":"User","_A":"selectOne","openid":"oeDcV0W0lW2u-WnondVku8uZZo4k"}---
1111111111111----run in----2018-01-15 09:04:52+++files[]+++get[]+++request{"_C":"User","_A":"selectOne","openid":"oeDcV0W0lW2u-WnondVku8uZZo4k"}---
1111111111111----run in----2018-01-15 09:04:56+++files[]+++get[]+++request{"_C":"Act","_A":"select","_LIMIT":"0,10","_FILTER":"","openid":"oeDcV0W0lW2u-WnondVku8uZZo4k"}---
1111111111111----run in----2018-01-15 09:04:58+++files[]+++get[]+++request{"_C":"Money","_A":"selectOne","openid":"oeDcV0W0lW2u-WnondVku8uZZo4k"}---
1111111111111----run in----2018-01-15 09:06:43+++files[]+++get[]+++request{"_C":"Money","_A":"selectOne","openid":"oeDcV0W0lW2u-WnondVku8uZZo4k"}---
1111111111111----run in----2018-01-15 09:06:50+++files[]+++get[]+++request{"_C":"User","_A":"selectOne","openid":"oeDcV0W0lW2u-WnondVku8uZZo4k"}---
1111111111111----run in----2018-01-15 09:06:55+++files[]+++get[]+++request{"_C":"Money","_A":"selectOne","openid":"oeDcV0W0lW2u-WnondVku8uZZo4k"}---
1111111111111----run in----2018-01-15 09:06:56+++files[]+++get[]+++request{"_C":"My","_A":"selectIn","_LIMIT":"0,20","openid":"oeDcV0W0lW2u-WnondVku8uZZo4k"}---
1111111111111----run in----2018-01-15 09:07:04+++files[]+++get[]+++request{"_C":"My","_A":"selectOut","_LIMIT":"0,20","openid":"oeDcV0W0lW2u-WnondVku8uZZo4k"}---
1111111111111----run in----2018-01-15 09:14:27+++files[]+++get[]+++request{"_C":"Money","_A":"selectOne","openid":"oeDcV0W0lW2u-WnondVku8uZZo4k"}---
1111111111111----run in----2018-01-15 09:14:29+++files[]+++get[]+++request{"_C":"Money","_A":"selectOne","openid":"oeDcV0W0lW2u-WnondVku8uZZo4k"}---
1111111111111----run in----2018-01-15 09:15:56+++files[]+++get[]+++request{"_C":"Money","_A":"selectOne","openid":"oeDcV0W0lW2u-WnondVku8uZZo4k"}---
1111111111111----run in----2018-01-15 09:17:12+++files[]+++get[]+++request{"_C":"Money","_A":"selectOne","openid":"oeDcV0W0lW2u-WnondVku8uZZo4k"}---
1111111111111----run in----2018-01-15 09:17:25+++files[]+++get[]+++request{"_C":"Money","_A":"selectOne","openid":"oeDcV0W0lW2u-WnondVku8uZZo4k"}---
1111111111111----run in----2018-01-15 09:36:07+++files[]+++get[]+++request{"_C":"User","_A":"selectOne","openid":"oeDcV0W0lW2u-WnondVku8uZZo4k"}---
1111111111111----run in----2018-01-15 09:41:18+++files[]+++get[]+++request{"_C":"User","_A":"selectOne","openid":"oeDcV0W0lW2u-WnondVku8uZZo4k"}---
1111111111111----run in----2018-01-15 11:01:01+++files[]+++get[]+++request{"_C":"User","_A":"selectOne","openid":"oeDcV0TIhZCvU1UFnqrdS_fKJxW0"}---
1111111111111----run in----2018-01-15 11:01:39+++files[]+++get[]+++request{"_C":"Money","_A":"selectOne","openid":"oeDcV0TIhZCvU1UFnqrdS_fKJxW0"}---
1111111111111----run in----2018-01-15 11:01:42+++files[]+++get[]+++request{"_C":"User","_A":"selectOne","openid":"oeDcV0TIhZCvU1UFnqrdS_fKJxW0"}---
1111111111111----run in----2018-01-15 11:01:43+++files[]+++get[]+++request{"_C":"Money","_A":"selectOne","openid":"oeDcV0TIhZCvU1UFnqrdS_fKJxW0"}---
1111111111111----run in----2018-01-15 11:01:43+++files[]+++get[]+++request{"_C":"User","_A":"selectOne","openid":"oeDcV0TIhZCvU1UFnqrdS_fKJxW0"}---
1111111111111----run in----2018-01-15 11:04:07+++files[]+++get[]+++request{"_C":"User","_A":"selectOne","openid":"oeDcV0TIhZCvU1UFnqrdS_fKJxW0"}---
1111111111111----run in----2018-01-15 11:04:19+++files[]+++get[]+++request{"_C":"User","_A":"selectOne","openid":"oeDcV0TIhZCvU1UFnqrdS_fKJxW0"}---
1111111111111----run in----2018-01-15 11:07:47+++files[]+++get[]+++request{"_C":"Money","_A":"selectOne","openid":"oeDcV0W0lW2u-WnondVku8uZZo4k"}---
1111111111111----run in----2018-01-15 11:07:48+++files[]+++get[]+++request{"_C":"User","_A":"selectOne","openid":"oeDcV0W0lW2u-WnondVku8uZZo4k"}---
1111111111111----run in----2018-01-15 11:09:35+++files[]+++get[]+++request{"_C":"User","_A":"selectOne","openid":"oeDcV0W0lW2u-WnondVku8uZZo4k"}---
1111111111111----run in----2018-01-15 11:09:57+++files[]+++get[]+++request{"_C":"User","_A":"selectOne","openid":"oeDcV0W0lW2u-WnondVku8uZZo4k"}---
1111111111111----run in----2018-01-15 11:10:18+++files{"file":{"name":"tmp_5d16148d33fb097d4fdc0475514bcfbfc763631b417981b7.jpg","type":"image\/jpg","tmp_name":"\/tmp\/phppuYY6h","error":0,"size":107823}}+++get[]+++request{"_C":"Pic","path":"act","_A":"upload","openid":"oeDcV0W0lW2u-WnondVku8uZZo4k"}---
2018-01-15 11:10:18:{"file":{"name":"tmp_5d16148d33fb097d4fdc0475514bcfbfc763631b417981b7.jpg","type":"image\/jpg","tmp_name":"\/tmp\/phppuYY6h","error":0,"size":107823}}
1111111111111----run in----2018-01-15 11:10:25+++files{"file":{"name":"tmp_e258a02a06876790d748b77ee0018744ba145c03b197b534.jpg","type":"image\/jpg","tmp_name":"\/tmp\/phpIiagv2","error":0,"size":179767}}+++get[]+++request{"_C":"Pic","path":"act","_A":"upload","openid":"oeDcV0W0lW2u-WnondVku8uZZo4k"}---
2018-01-15 11:10:25:{"file":{"name":"tmp_e258a02a06876790d748b77ee0018744ba145c03b197b534.jpg","type":"image\/jpg","tmp_name":"\/tmp\/phpIiagv2","error":0,"size":179767}}
1111111111111----run in----2018-01-15 11:10:30+++files{"file":{"name":"tmp_1f83c5f0034ec2286e218048fa94dfc8d93cd54471497faf.jpg","type":"image\/jpg","tmp_name":"\/tmp\/php2RNiyP","error":0,"size":107901}}+++get[]+++request{"_C":"Pic","path":"act","_A":"upload","openid":"oeDcV0W0lW2u-WnondVku8uZZo4k"}---
2018-01-15 11:10:30:{"file":{"name":"tmp_1f83c5f0034ec2286e218048fa94dfc8d93cd54471497faf.jpg","type":"image\/jpg","tmp_name":"\/tmp\/php2RNiyP","error":0,"size":107901}}
1111111111111----run in----2018-01-15 11:10:54+++files{"file":{"name":"tmp_21650ee6b9979a1c29047a3b4cb3196d0077ac739e48769e.png","type":"image\/png","tmp_name":"\/tmp\/phpM7KHaw","error":0,"size":518004}}+++get[]+++request{"_C":"Pic","path":"act\/poster","_A":"upload","openid":"oeDcV0W0lW2u-WnondVku8uZZo4k"}---
2018-01-15 11:10:54:{"file":{"name":"tmp_21650ee6b9979a1c29047a3b4cb3196d0077ac739e48769e.png","type":"image\/png","tmp_name":"\/tmp\/phpM7KHaw","error":0,"size":518004}}
1111111111111----run in----2018-01-15 11:10:54+++files[]+++get[]+++request{"_C":"Pay","_A":"get","money":"0.01","openid":"oeDcV0W0lW2u-WnondVku8uZZo4k"}---
1111111111111----run in----2018-01-15 11:11:00+++files[]+++get[]+++request{"_C":"Act","_A":"insertOne","_DATA":"{\"type\":\"poster\",\"degree_type\":\"3*3\",\"pay_total\":\"8.40\",\"pay_fee\":\"0.17\",\"award_first\":\"1.00\",\"award_two\":\"0.50\",\"award_third\":\"0.25\",\"award_all\":\"0.13\",\"num_group\":3,\"num_person\":30,\"limit_sex\":\"\",\"limit_distance\":5,\"description\":\"\u4e94\u73af\u4e4b\u6b4c\",\"pic\":\"act\/poster\/tmp_21650ee6b9979a1c29047a3b4cb3196d0077ac739e48769e.png\",\"description_pic\":[\"act\/tmp_1f83c5f0034ec2286e218048fa94dfc8d93cd54471497faf.jpg\",\"act\/tmp_e258a02a06876790d748b77ee0018744ba145c03b197b534.jpg\"],\"openid\":\"oeDcV0W0lW2u-WnondVku8uZZo4k\"}","openid":"oeDcV0W0lW2u-WnondVku8uZZo4k"}---
1111111111111----run in----2018-01-15 11:11:01+++files[]+++get[]+++request{"_C":"Code2d","_A":"get","_DATA":"{\"path\":\"pages\/share\/share?aid=48\",\"openid\":\"oeDcV0W0lW2u-WnondVku8uZZo4k\"}","openid":"oeDcV0W0lW2u-WnondVku8uZZo4k"}---
1111111111111----run in----2018-01-15 11:11:14+++files[]+++get[]+++request{"_C":"Code2d","_A":"get","_DATA":"{\"path\":\"pages\/share\/share?aid=48\",\"openid\":\"oeDcV0W0lW2u-WnondVku8uZZo4k\"}","openid":"oeDcV0W0lW2u-WnondVku8uZZo4k"}---
1111111111111----run in----2018-01-15 11:11:27+++files[]+++get[]+++request{"_C":"Act","_A":"selectOne","id":"48","group_id":"","openid":"oeDcV0W0lW2u-WnondVku8uZZo4k"}---
1111111111111----run in----2018-01-15 11:12:39+++files{"file":{"name":"tmp_950c968cdb2dc7dab249dec7ac72ce28.jpg","type":"image\/jpg","tmp_name":"\/tmp\/phpo9hWzn","error":0,"size":111531}}+++get[]+++request{"path":"act","openid":"oeDcV0TIhZCvU1UFnqrdS_fKJxW0","_A":"upload","_C":"Pic"}---
2018-01-15 11:12:39:{"file":{"name":"tmp_950c968cdb2dc7dab249dec7ac72ce28.jpg","type":"image\/jpg","tmp_name":"\/tmp\/phpo9hWzn","error":0,"size":111531}}
1111111111111----run in----2018-01-15 11:13:05+++files[]+++get[]+++request{"_C":"Act","_A":"selectOne","id":"48","group_id":"453","openid":"oeDcV0W0lW2u-WnondVku8uZZo4k"}---
1111111111111----run in----2018-01-15 11:13:12+++files{"file":{"name":"tmp_b7a42bca58dccec9cfe4f668426568cd.jpg","type":"image\/jpg","tmp_name":"\/tmp\/phpjdsRKw","error":0,"size":256942}}+++get[]+++request{"path":"act","openid":"oeDcV0TIhZCvU1UFnqrdS_fKJxW0","_A":"upload","_C":"Pic"}---
2018-01-15 11:13:12:{"file":{"name":"tmp_b7a42bca58dccec9cfe4f668426568cd.jpg","type":"image\/jpg","tmp_name":"\/tmp\/phpjdsRKw","error":0,"size":256942}}
1111111111111----run in----2018-01-15 11:13:17+++files[]+++get[]+++request{"_C":"User","_A":"selectOne","openid":"oeDcV0W0lW2u-WnondVku8uZZo4k"}---
1111111111111----run in----2018-01-15 11:13:41+++files{"file":{"name":"tmp_56eb1f6299b25fe49e2823f1e843e6c6.png","type":"image\/png","tmp_name":"\/tmp\/phpetFg4X","error":0,"size":1552418}}+++get[]+++request{"path":"act\/poster","openid":"oeDcV0TIhZCvU1UFnqrdS_fKJxW0","_A":"upload","_C":"Pic"}---
2018-01-15 11:13:41:{"file":{"name":"tmp_56eb1f6299b25fe49e2823f1e843e6c6.png","type":"image\/png","tmp_name":"\/tmp\/phpetFg4X","error":0,"size":1552418}}
1111111111111----run in----2018-01-15 11:13:42+++files[]+++get[]+++request{"_C":"Pay","_A":"get","money":"0.01","openid":"oeDcV0TIhZCvU1UFnqrdS_fKJxW0"}---
1111111111111----run in----2018-01-15 11:13:49+++files[]+++get[]+++request{"_C":"Act","_A":"insertOne","_DATA":"{\"type\":\"poster\",\"degree_type\":\"3*3\",\"pay_total\":\"26.26\",\"pay_fee\":\"0.53\",\"award_first\":\"1.00\",\"award_two\":\"0.50\",\"award_third\":\"0.25\",\"award_all\":\"0.13\",\"num_group\":10,\"num_person\":100,\"limit_sex\":\"\",\"limit_distance\":1,\"description\":\"\u4f60\u662f\u56e0\u4e3a\u7231\u597d\u770b\u7740\u6025\u9700\u89e3\u51b3\u529e\u6cd5\u5417\uff01\u5728\u4e8e\u81ea\u5df1\u559c\u6b22\u81ea\u5df1\u60f3\u8bf4\u597d\u542c\u7740\u6025\u9700\u7684\u8bdd\u53ef\u4ee5\u7406\u89e3\u6211\u662f\u4e0d\u662f\u5f88\u597d\u73a9\u610f\u513f\u4e86\uff0c\u662f\u554a\u2026\u2026\u4e00\u5207\u90fd\u7075\u4f53\u80b2\u62a5\uff1f\u8fd9\u79cd\u79cd\u7ecf\u5386\u90fd\u662f\u4e00\u6837\u7684\",\"pic\":\"act\/poster\/tmp_56eb1f6299b25fe49e2823f1e843e6c6.png\",\"description_pic\":[\"act\/tmp_b7a42bca58dccec9cfe4f668426568cd.jpg\"],\"openid\":\"oeDcV0TIhZCvU1UFnqrdS_fKJxW0\"}","openid":"oeDcV0TIhZCvU1UFnqrdS_fKJxW0"}---
1111111111111----run in----2018-01-15 11:13:50+++files[]+++get[]+++request{"_C":"Code2d","_A":"get","_DATA":"{\"path\":\"pages\/share\/share?aid=49\",\"openid\":\"oeDcV0TIhZCvU1UFnqrdS_fKJxW0\"}","openid":"oeDcV0TIhZCvU1UFnqrdS_fKJxW0"}---
1111111111111----run in----2018-01-15 11:14:01+++files[]+++get[]+++request{"_C":"Code2d","_A":"get","_DATA":"{\"path\":\"pages\/share\/share?aid=48\",\"openid\":\"oeDcV0W0lW2u-WnondVku8uZZo4k\"}","openid":"oeDcV0W0lW2u-WnondVku8uZZo4k"}---
1111111111111----run in----2018-01-15 11:14:04+++files[]+++get[]+++request{"_C":"Act","_A":"selectOne","id":"48","group_id":"","openid":"oeDcV0W0lW2u-WnondVku8uZZo4k"}---
1111111111111----run in----2018-01-15 11:14:35+++files[]+++get[]+++request{"_C":"Code2d","_A":"get","_DATA":"{\"path\":\"pages\/share\/share?aid=48\",\"openid\":\"oeDcV0W0lW2u-WnondVku8uZZo4k\"}","openid":"oeDcV0W0lW2u-WnondVku8uZZo4k"}---
1111111111111----run in----2018-01-15 11:14:38+++files[]+++get[]+++request{"_C":"Act","_A":"selectOne","id":"48","group_id":"","openid":"oeDcV0W0lW2u-WnondVku8uZZo4k"}---
1111111111111----run in----2018-01-15 11:15:07+++files[]+++get[]+++request{"_C":"Act","_A":"select","_LIMIT":"0,10","_FILTER":"","openid":"oeDcV0W0lW2u-WnondVku8uZZo4k"}---
1111111111111----run in----2018-01-15 11:15:35+++files[]+++get[]+++request{"_C":"Act","_A":"selectOne","id":"48","group_id":"","openid":"oeDcV0W0lW2u-WnondVku8uZZo4k"}---
1111111111111----run in----2018-01-15 11:16:50+++files[]+++get[]+++request{"_C":"User","_A":"selectOne","openid":"oeDcV0W0lW2u-WnondVku8uZZo4k"}---
1111111111111----run in----2018-01-15 11:16:54+++files[]+++get[]+++request{"_C":"Act","_A":"select","_LIMIT":"0,10","_FILTER":"","openid":"oeDcV0W0lW2u-WnondVku8uZZo4k"}---
1111111111111----run in----2018-01-15 11:16:57+++files[]+++get[]+++request{"_C":"Act","_A":"selectOne","id":"48","group_id":"","openid":"oeDcV0W0lW2u-WnondVku8uZZo4k"}---
1111111111111----run in----2018-01-15 11:18:17+++files[]+++get[]+++request{"_C":"Code2d","_A":"get","_DATA":"{\"path\":\"pages\/share\/share?aid=49\",\"openid\":\"oeDcV0TIhZCvU1UFnqrdS_fKJxW0\"}","openid":"oeDcV0TIhZCvU1UFnqrdS_fKJxW0"}---
1111111111111----run in----2018-01-15 11:18:49+++files[]+++get[]+++request{"_C":"Code2d","_A":"get","_DATA":"{\"path\":\"pages\/share\/share?aid=49\",\"openid\":\"oeDcV0TIhZCvU1UFnqrdS_fKJxW0\"}","openid":"oeDcV0TIhZCvU1UFnqrdS_fKJxW0"}---
1111111111111----run in----2018-01-15 11:18:54+++files[]+++get[]+++request{"_C":"Act","_A":"selectOne","id":"49","group_id":"","openid":"oeDcV0TIhZCvU1UFnqrdS_fKJxW0"}---
1111111111111----run in----2018-01-15 11:18:55+++files[]+++get[]+++request{"_C":"Act","_A":"select","_LIMIT":"0,10","_FILTER":"","openid":"oeDcV0W0lW2u-WnondVku8uZZo4k"}---
1111111111111----run in----2018-01-15 11:18:57+++files[]+++get[]+++request{"_C":"Act","_A":"selectOne","id":"48","group_id":"","openid":"oeDcV0W0lW2u-WnondVku8uZZo4k"}---
1111111111111----run in----2018-01-15 11:19:08+++files[]+++get[]+++request{"_C":"Act","_A":"select","_LIMIT":"0,10","_FILTER":"","openid":"oeDcV0W0lW2u-WnondVku8uZZo4k"}---
1111111111111----run in----2018-01-15 11:20:14+++files[]+++get[]+++request{"_C":"Act","_A":"selectOne","id":"48","group_id":"","openid":"oeDcV0W0lW2u-WnondVku8uZZo4k"}---
1111111111111----run in----2018-01-15 11:21:46+++files[]+++get[]+++request{"_C":"Act","_A":"selectOne","id":"49","group_id":"456","openid":"oeDcV0TIhZCvU1UFnqrdS_fKJxW0"}---
1111111111111----run in----2018-01-15 11:22:43+++files[]+++get[]+++request{"_C":"Act","_A":"selectOne","id":"49","group_id":"456","openid":"oeDcV0TIhZCvU1UFnqrdS_fKJxW0"}---
1111111111111----run in----2018-01-15 11:22:44+++files[]+++get[]+++request{"_C":"Act","_A":"selectOne","id":"49","group_id":"456","openid":"oeDcV0TIhZCvU1UFnqrdS_fKJxW0"}---
1111111111111----run in----2018-01-15 11:24:20+++files[]+++get[]+++request{"_C":"Act","_A":"selectOne","id":"49","group_id":"456","openid":"oeDcV0TIhZCvU1UFnqrdS_fKJxW0"}---
1111111111111----run in----2018-01-15 11:24:24+++files[]+++get[]+++request{"_C":"Act","_A":"selectOne","id":"48","group_id":"453","openid":"oeDcV0W0lW2u-WnondVku8uZZo4k"}---
1111111111111----run in----2018-01-15 11:24:45+++files[]+++get[]+++request{"_C":"Act","_A":"selectOne","id":"49","group_id":"456","openid":"oeDcV0TIhZCvU1UFnqrdS_fKJxW0"}---
1111111111111----run in----2018-01-15 11:27:41+++files[]+++get[]+++request{"_C":"User","_A":"selectOne","openid":"oeDcV0W0lW2u-WnondVku8uZZo4k"}---
1111111111111----run in----2018-01-15 11:28:47+++files[]+++get[]+++request{"_C":"Act","_A":"select","_LIMIT":"0,10","_FILTER":"","openid":"oeDcV0W0lW2u-WnondVku8uZZo4k"}---
1111111111111----run in----2018-01-15 11:28:50+++files[]+++get[]+++request{"_C":"Act","_A":"selectOne","id":"48","group_id":"453","openid":"oeDcV0W0lW2u-WnondVku8uZZo4k"}---
1111111111111----run in----2018-01-15 11:31:24+++files[]+++get[]+++request{"_C":"User","_A":"selectOne","openid":"oeDcV0W0lW2u-WnondVku8uZZo4k"}---
1111111111111----run in----2018-01-15 11:31:26+++files[]+++get[]+++request{"_C":"Act","_A":"select","_LIMIT":"0,10","_FILTER":"","openid":"oeDcV0W0lW2u-WnondVku8uZZo4k"}---
1111111111111----run in----2018-01-15 11:31:28+++files[]+++get[]+++request{"_C":"Act","_A":"selectOne","id":"48","group_id":"","openid":"oeDcV0W0lW2u-WnondVku8uZZo4k"}---
1111111111111----run in----2018-01-15 11:31:34+++files[]+++get[]+++request{"_C":"Act","_A":"selectOne","id":"31","group_id":"","openid":"oeDcV0W0lW2u-WnondVku8uZZo4k"}---
1111111111111----run in----2018-01-15 11:31:49+++files[]+++get[]+++request{"_C":"Act","_A":"selectOne","id":"31","group_id":"","openid":"oeDcV0W0lW2u-WnondVku8uZZo4k"}---
1111111111111----run in----2018-01-15 11:32:06+++files[]+++get[]+++request{"_C":"Act","_A":"selectOne","id":"31","group_id":"","openid":"oeDcV0W0lW2u-WnondVku8uZZo4k"}---
1111111111111----run in----2018-01-15 11:32:58+++files[]+++get[]+++request{"_C":"Act","_A":"selectOne","id":"31","group_id":"","openid":"oeDcV0W0lW2u-WnondVku8uZZo4k"}---
1111111111111----run in----2018-01-15 11:33:30+++files[]+++get[]+++request{"_C":"Act","_A":"selectOne","id":"31","group_id":"","openid":"oeDcV0W0lW2u-WnondVku8uZZo4k"}---
1111111111111----run in----2018-01-15 11:33:53+++files[]+++get[]+++request{"_C":"Act","_A":"selectOne","id":"31","group_id":"","openid":"oeDcV0W0lW2u-WnondVku8uZZo4k"}---
1111111111111----run in----2018-01-15 11:34:29+++files[]+++get[]+++request{"_C":"User","_A":"selectOne","openid":"oeDcV0TIhZCvU1UFnqrdS_fKJxW0"}---
1111111111111----run in----2018-01-15 11:34:29+++files[]+++get[]+++request{"_C":"Act","_A":"select","_LIMIT":"0,10","_FILTER":"","openid":"oeDcV0TIhZCvU1UFnqrdS_fKJxW0"}---
1111111111111----run in----2018-01-15 11:34:32+++files[]+++get[]+++request{"_C":"Act","_A":"selectOne","id":"49","group_id":"","openid":"oeDcV0TIhZCvU1UFnqrdS_fKJxW0"}---
1111111111111----run in----2018-01-15 11:35:46+++files[]+++get[]+++request{"_C":"Act","_A":"select","_LIMIT":"0,10","_FILTER":"","openid":"oeDcV0TIhZCvU1UFnqrdS_fKJxW0"}---
1111111111111----run in----2018-01-15 11:35:48+++files[]+++get[]+++request{"_C":"Act","_A":"selectOne","id":"49","group_id":"","openid":"oeDcV0TIhZCvU1UFnqrdS_fKJxW0"}---
1111111111111----run in----2018-01-15 11:36:16+++files[]+++get[]+++request{"_C":"Act","_A":"insertUser","_DATA":"{\"act_id\":\"49\",\"group_id\":456,\"use_time\":22,\"openid\":\"oeDcV0TIhZCvU1UFnqrdS_fKJxW0\"}","openid":"oeDcV0TIhZCvU1UFnqrdS_fKJxW0"}---
1111111111111----run in----2018-01-15 11:36:17+++files[]+++get[]+++request{"_C":"Act","_A":"selectOne","id":"49","group_id":"456","openid":"oeDcV0TIhZCvU1UFnqrdS_fKJxW0"}---
1111111111111----run in----2018-01-15 11:36:32+++files[]+++get[]+++request{"_C":"Act","_A":"selectOne","id":"31","group_id":"","openid":"oeDcV0W0lW2u-WnondVku8uZZo4k"}---
1111111111111----run in----2018-01-15 11:36:39+++files[]+++get[]+++request{"_C":"Act","_A":"selectOne","id":"31","group_id":"","openid":"oeDcV0W0lW2u-WnondVku8uZZo4k"}---
1111111111111----run in----2018-01-15 11:36:48+++files[]+++get[]+++request{"_C":"Act","_A":"selectOne","id":"49","group_id":"456","openid":"oeDcV0TIhZCvU1UFnqrdS_fKJxW0"}---
1111111111111----run in----2018-01-15 11:37:33+++files[]+++get[]+++request{"_C":"User","_A":"selectOne","openid":"oeDcV0TIhZCvU1UFnqrdS_fKJxW0"}---
1111111111111----run in----2018-01-15 11:37:47+++files[]+++get[]+++request{"_C":"Act","_A":"select","_LIMIT":"0,10","_FILTER":"","openid":"oeDcV0TIhZCvU1UFnqrdS_fKJxW0"}---
1111111111111----run in----2018-01-15 11:37:49+++files[]+++get[]+++request{"_C":"Act","_A":"selectOne","id":"49","group_id":"","openid":"oeDcV0TIhZCvU1UFnqrdS_fKJxW0"}---
1111111111111----run in----2018-01-15 11:37:55+++files[]+++get[]+++request{"_C":"My","_A":"insertComplain","_DATA":"{\"mobile\":\"\",\"content\":\"[\\\"\u8bf1\u5bfc\u5206\u4eab\\\"]\",\"openid\":\"oeDcV0TIhZCvU1UFnqrdS_fKJxW0\"}","openid":"oeDcV0TIhZCvU1UFnqrdS_fKJxW0"}---
1111111111111----run in----2018-01-15 11:37:58+++files[]+++get[]+++request{"_C":"Act","_A":"selectOne","id":"49","group_id":"456","openid":"oeDcV0TIhZCvU1UFnqrdS_fKJxW0"}---
1111111111111----run in----2018-01-15 11:41:06+++files[]+++get[]+++request{"_C":"Act","_A":"select","_LIMIT":"0,10","_FILTER":"","openid":"oeDcV0TIhZCvU1UFnqrdS_fKJxW0"}---
1111111111111----run in----2018-01-15 11:41:53+++files[]+++get[]+++request{"_C":"Money","_A":"selectOne","openid":"oeDcV0TIhZCvU1UFnqrdS_fKJxW0"}---
1111111111111----run in----2018-01-15 11:42:58+++files[]+++get[]+++request{"_C":"My","_A":"selectOut","_LIMIT":"0,20","openid":"oeDcV0TIhZCvU1UFnqrdS_fKJxW0"}---
1111111111111----run in----2018-01-15 11:43:06+++files[]+++get[]+++request{"_C":"Act","_A":"selectOne","id":"49","group_id":"","openid":"oeDcV0TIhZCvU1UFnqrdS_fKJxW0"}---
1111111111111----run in----2018-01-15 11:43:10+++files[]+++get[]+++request{"_C":"My","_A":"selectOut","_LIMIT":"0,20","openid":"oeDcV0TIhZCvU1UFnqrdS_fKJxW0"}---
1111111111111----run in----2018-01-15 11:43:14+++files[]+++get[]+++request{"_C":"Act","_A":"selectOne","id":"43","group_id":"","openid":"oeDcV0TIhZCvU1UFnqrdS_fKJxW0"}---
1111111111111----run in----2018-01-15 11:43:16+++files[]+++get[]+++request{"_C":"My","_A":"selectOut","_LIMIT":"0,20","openid":"oeDcV0TIhZCvU1UFnqrdS_fKJxW0"}---
1111111111111----run in----2018-01-15 11:43:17+++files[]+++get[]+++request{"_C":"My","_A":"selectIn","_LIMIT":"0,20","openid":"oeDcV0TIhZCvU1UFnqrdS_fKJxW0"}---
1111111111111----run in----2018-01-15 11:43:23+++files[]+++get[]+++request{"_C":"Act","_A":"selectOne","id":"34","group_id":"","openid":"oeDcV0TIhZCvU1UFnqrdS_fKJxW0"}---
1111111111111----run in----2018-01-15 11:43:26+++files[]+++get[]+++request{"_C":"My","_A":"selectIn","_LIMIT":"0,20","openid":"oeDcV0TIhZCvU1UFnqrdS_fKJxW0"}---
1111111111111----run in----2018-01-15 11:43:32+++files[]+++get[]+++request{"_C":"Money","_A":"selectOne","openid":"oeDcV0TIhZCvU1UFnqrdS_fKJxW0"}---
1111111111111----run in----2018-01-15 11:44:02+++files[]+++get[]+++request{"_C":"Money","_A":"selectOne","openid":"oeDcV0TIhZCvU1UFnqrdS_fKJxW0"}---
1111111111111----run in----2018-01-15 11:44:03+++files[]+++get[]+++request{"_C":"User","_A":"selectOne","openid":"oeDcV0TIhZCvU1UFnqrdS_fKJxW0"}---
1111111111111----run in----2018-01-15 11:44:09+++files[]+++get[]+++request{"_C":"Money","_A":"selectOne","openid":"oeDcV0TIhZCvU1UFnqrdS_fKJxW0"}---
1111111111111----run in----2018-01-15 11:44:10+++files[]+++get[]+++request{"_C":"User","_A":"selectOne","openid":"oeDcV0TIhZCvU1UFnqrdS_fKJxW0"}---
1111111111111----run in----2018-01-15 11:44:10+++files[]+++get[]+++request{"_C":"Act","_A":"select","_LIMIT":"0,10","_FILTER":"","openid":"oeDcV0TIhZCvU1UFnqrdS_fKJxW0"}---
1111111111111----run in----2018-01-15 11:44:11+++files[]+++get[]+++request{"_C":"Act","_A":"selectOne","id":"49","group_id":"","openid":"oeDcV0TIhZCvU1UFnqrdS_fKJxW0"}---
1111111111111----run in----2018-01-15 11:44:16+++files[]+++get[]+++request{"_C":"Act","_A":"select","_LIMIT":"0,10","_FILTER":"","openid":"oeDcV0TIhZCvU1UFnqrdS_fKJxW0"}---
1111111111111----run in----2018-01-15 11:44:16+++files[]+++get[]+++request{"_C":"Money","_A":"selectOne","openid":"oeDcV0TIhZCvU1UFnqrdS_fKJxW0"}---
1111111111111----run in----2018-01-15 11:44:20+++files[]+++get[]+++request{"_C":"User","_A":"selectOne","openid":"oeDcV0TIhZCvU1UFnqrdS_fKJxW0"}---
1111111111111----run in----2018-01-15 11:44:27+++files[]+++get[]+++request{"_C":"User","_A":"updateOne","_DATA":"{\"lat\":28.176031,\"lng\":113.025644,\"mobile\":18912345678,\"avatarUrl\":\"https:\/\/wx.qlogo.cn\/mmopen\/vi_32\/Fp75BwsBiaLEb5LZPDViaWJRVCjs9bib5HKCcWiaF1DjTdMwCStJD4KcaMZibuAs94SHszvA0pG8arMCPXy3I7e7dYw\/0\",\"name\":\"123456\",\"nick_name\":\"\u963f\u4e09\",\"wx\":\"123\",\"address\":\"\u6e56\u5357\u7701\u957f\u6c99\u5e02\u96e8\u82b1\u533a\u706b\u7130\u6751\u6c47\u8fbe\u5927\u53a6\u4e00\u697c101,102\u53f7\u53ca\u4e8c\u697c201\u53f7\u897f\u5357\u89d2\u90e8\u5206\",\"gender\":1,\"city\":\"Shenzhen\",\"logo\":\"wxfile:\/\/tmp_01b235a185bb915925a1da42aca8daa9.jpg\",\"openid\":\"oeDcV0TIhZCvU1UFnqrdS_fKJxW0\"}","openid":"oeDcV0TIhZCvU1UFnqrdS_fKJxW0"}---
1111111111111----run in----2018-01-15 11:44:28+++files[]+++get[]+++request{"_C":"Money","_A":"selectOne","openid":"oeDcV0TIhZCvU1UFnqrdS_fKJxW0"}---
1111111111111----run in----2018-01-15 11:44:32+++files[]+++get[]+++request{"_C":"User","_A":"selectOne","openid":"oeDcV0TIhZCvU1UFnqrdS_fKJxW0"}---
1111111111111----run in----2018-01-15 11:44:33+++files[]+++get[]+++request{"_C":"Act","_A":"select","_LIMIT":"0,10","_FILTER":"","openid":"oeDcV0TIhZCvU1UFnqrdS_fKJxW0"}---
1111111111111----run in----2018-01-15 11:44:41+++files[]+++get[]+++request{"_C":"Act","_A":"selectOne","id":"49","group_id":"","openid":"oeDcV0TIhZCvU1UFnqrdS_fKJxW0"}---
1111111111111----run in----2018-01-15 11:44:54+++files[]+++get[]+++request{"_C":"Act","_A":"select","_LIMIT":"0,10","_FILTER":"","openid":"oeDcV0TIhZCvU1UFnqrdS_fKJxW0"}---
1111111111111----run in----2018-01-15 11:44:56+++files[]+++get[]+++request{"_C":"Act","_A":"selectOne","id":"49","group_id":"","openid":"oeDcV0TIhZCvU1UFnqrdS_fKJxW0"}---
1111111111111----run in----2018-01-15 11:44:56+++files[]+++get[]+++request{"_C":"Act","_A":"selectOne","id":"31","group_id":"","openid":"oeDcV0W0lW2u-WnondVku8uZZo4k"}---
1111111111111----run in----2018-01-15 11:45:23+++files[]+++get[]+++request{"_C":"Act","_A":"select","_LIMIT":"0,10","_FILTER":"","openid":"oeDcV0TIhZCvU1UFnqrdS_fKJxW0"}---
1111111111111----run in----2018-01-15 11:45:23+++files[]+++get[]+++request{"_C":"Money","_A":"selectOne","openid":"oeDcV0TIhZCvU1UFnqrdS_fKJxW0"}---
1111111111111----run in----2018-01-15 11:45:24+++files[]+++get[]+++request{"_C":"User","_A":"selectOne","openid":"oeDcV0TIhZCvU1UFnqrdS_fKJxW0"}---
1111111111111----run in----2018-01-15 11:45:27+++files[]+++get[]+++request{"_C":"Money","_A":"selectOne","openid":"oeDcV0TIhZCvU1UFnqrdS_fKJxW0"}---
1111111111111----run in----2018-01-15 11:45:29+++files[]+++get[]+++request{"_C":"Act","_A":"selectOne","id":"31","group_id":"","openid":"oeDcV0W0lW2u-WnondVku8uZZo4k"}---
1111111111111----run in----2018-01-15 11:46:22+++files[]+++get[]+++request{"_C":"Act","_A":"selectOne","id":"31","group_id":"","openid":"oeDcV0W0lW2u-WnondVku8uZZo4k"}---
1111111111111----run in----2018-01-15 11:53:12+++files[]+++get[]+++request{"_C":"Act","_A":"selectOne","id":"31","group_id":"","openid":"oeDcV0W0lW2u-WnondVku8uZZo4k"}---
1111111111111----run in----2018-01-15 11:53:18+++files[]+++get[]+++request{"_C":"Act","_A":"selectOne","id":"31","group_id":"","openid":"oeDcV0W0lW2u-WnondVku8uZZo4k"}---
1111111111111----run in----2018-01-15 11:58:54+++files[]+++get[]+++request{"_C":"Act","_A":"selectOne","id":"31","group_id":"","openid":"oeDcV0W0lW2u-WnondVku8uZZo4k"}---
1111111111111----run in----2018-01-15 11:59:13+++files[]+++get[]+++request{"_C":"Act","_A":"selectOne","id":"48","group_id":"453","openid":"oeDcV0W0lW2u-WnondVku8uZZo4k"}---
1111111111111----run in----2018-01-15 11:59:23+++files[]+++get[]+++request{"_C":"Act","_A":"selectOne","id":"31","group_id":"","openid":"oeDcV0W0lW2u-WnondVku8uZZo4k"}---
1111111111111----run in----2018-01-15 11:59:35+++files[]+++get[]+++request{"_C":"Act","_A":"selectOne","id":"31","group_id":"292","openid":"oeDcV0W0lW2u-WnondVku8uZZo4k"}---
1111111111111----run in----2018-01-15 13:38:00+++files[]+++get[]+++request{"_C":"User","_A":"selectOne","openid":"oeDcV0W0lW2u-WnondVku8uZZo4k"}---
1111111111111----run in----2018-01-15 13:38:51+++files[]+++get[]+++request{"_C":"User","_A":"selectOne","openid":"oeDcV0W0lW2u-WnondVku8uZZo4k"}---
1111111111111----run in----2018-01-15 13:39:31+++files[]+++get[]+++request{"_C":"User","_A":"selectOne","openid":"oeDcV0W0lW2u-WnondVku8uZZo4k"}---
1111111111111----run in----2018-01-15 13:39:38+++files[]+++get[]+++request{"_C":"User","_A":"selectOne","openid":"oeDcV0W0lW2u-WnondVku8uZZo4k"}---
1111111111111----run in----2018-01-15 13:39:45+++files[]+++get[]+++request{"_C":"Money","_A":"selectOne","openid":"oeDcV0W0lW2u-WnondVku8uZZo4k"}---
1111111111111----run in----2018-01-15 13:39:52+++files[]+++get[]+++request{"_C":"User","_A":"selectOne","openid":"oeDcV0W0lW2u-WnondVku8uZZo4k"}---
1111111111111----run in----2018-01-15 13:39:59+++files[]+++get[]+++request{"_C":"User","_A":"selectOne","openid":"oeDcV0W0lW2u-WnondVku8uZZo4k"}---
1111111111111----run in----2018-01-15 13:40:08+++files{"file":{"name":"wx3d00770652053edd.o6zAJs9bs--3Qn1Jkc_lFPynmD4A.28aded713028c1c99aa5815baad9c3d4.png","type":"image\/png","tmp_name":"\/tmp\/phpuKPwZD","error":0,"size":53312}}+++get[]+++request{"path":"act\/poster","openid":"oeDcV0W0lW2u-WnondVku8uZZo4k","_C":"Pic","_A":"upload"}---
2018-01-15 13:40:08:{"file":{"name":"wx3d00770652053edd.o6zAJs9bs--3Qn1Jkc_lFPynmD4A.28aded713028c1c99aa5815baad9c3d4.png","type":"image\/png","tmp_name":"\/tmp\/phpuKPwZD","error":0,"size":53312}}
1111111111111----run in----2018-01-15 13:40:09+++files[]+++get[]+++request{"_C":"Pay","_A":"get","money":"0.01","openid":"oeDcV0W0lW2u-WnondVku8uZZo4k"}---
1111111111111----run in----2018-01-15 13:41:04+++files[]+++get[]+++request{"_C":"User","_A":"selectOne","openid":"oeDcV0W0lW2u-WnondVku8uZZo4k"}---
1111111111111----run in----2018-01-15 13:41:23+++files[]+++get[]+++request{"_C":"User","_A":"selectOne","openid":"oeDcV0W0lW2u-WnondVku8uZZo4k"}---
1111111111111----run in----2018-01-15 13:41:29+++files[]+++get[]+++request{"_C":"User","_A":"selectOne","openid":"oeDcV0W0lW2u-WnondVku8uZZo4k"}---
1111111111111----run in----2018-01-15 13:41:46+++files[]+++get[]+++request{"_C":"User","_A":"selectOne","openid":"oeDcV0W0lW2u-WnondVku8uZZo4k"}---
1111111111111----run in----2018-01-15 13:41:50+++files[]+++get[]+++request{"_C":"User","_A":"selectOne","openid":"oeDcV0W0lW2u-WnondVku8uZZo4k"}---
1111111111111----run in----2018-01-15 13:42:01+++files[]+++get[]+++request{"_C":"User","_A":"selectOne","openid":"oeDcV0W0lW2u-WnondVku8uZZo4k"}---
1111111111111----run in----2018-01-15 13:42:06+++files[]+++get[]+++request{"_C":"User","_A":"selectOne","openid":"oeDcV0W0lW2u-WnondVku8uZZo4k"}---
1111111111111----run in----2018-01-15 13:42:08+++files[]+++get[]+++request{"_C":"User","_A":"selectOne","openid":"oeDcV0W0lW2u-WnondVku8uZZo4k"}---
1111111111111----run in----2018-01-15 13:43:36+++files[]+++get[]+++request{"_C":"User","_A":"selectOne","openid":"oeDcV0W0lW2u-WnondVku8uZZo4k"}---
1111111111111----run in----2018-01-15 13:44:17+++files[]+++get[]+++request{"_C":"User","_A":"selectOne","openid":"oeDcV0W0lW2u-WnondVku8uZZo4k"}---
1111111111111----run in----2018-01-15 13:44:36+++files[]+++get[]+++request{"_C":"User","_A":"selectOne","openid":"oeDcV0W0lW2u-WnondVku8uZZo4k"}---
1111111111111----run in----2018-01-15 13:45:04+++files[]+++get[]+++request{"_C":"User","_A":"selectOne","openid":"oeDcV0W0lW2u-WnondVku8uZZo4k"}---
1111111111111----run in----2018-01-15 13:45:16+++files[]+++get[]+++request{"_C":"User","_A":"selectOne","openid":"oeDcV0W0lW2u-WnondVku8uZZo4k"}---
1111111111111----run in----2018-01-15 13:45:23+++files[]+++get[]+++request{"_C":"User","_A":"selectOne","openid":"oeDcV0W0lW2u-WnondVku8uZZo4k"}---
1111111111111----run in----2018-01-15 13:45:54+++files[]+++get[]+++request{"_C":"User","_A":"selectOne","openid":"oeDcV0W0lW2u-WnondVku8uZZo4k"}---
1111111111111----run in----2018-01-15 13:46:00+++files[]+++get[]+++request{"_C":"Money","_A":"selectOne","openid":"oeDcV0W0lW2u-WnondVku8uZZo4k"}---
1111111111111----run in----2018-01-15 13:46:02+++files[]+++get[]+++request{"_C":"User","_A":"selectOne","openid":"oeDcV0W0lW2u-WnondVku8uZZo4k"}---
1111111111111----run in----2018-01-15 13:46:03+++files[]+++get[]+++request{"_C":"User","_A":"selectOne","openid":"oeDcV0W0lW2u-WnondVku8uZZo4k"}---
1111111111111----run in----2018-01-15 13:46:13+++files[]+++get[]+++request{"_C":"User","_A":"selectOne","openid":"oeDcV0W0lW2u-WnondVku8uZZo4k"}---
1111111111111----run in----2018-01-15 13:46:17+++files[]+++get[]+++request{"_C":"User","_A":"selectOne","openid":"oeDcV0W0lW2u-WnondVku8uZZo4k"}---
1111111111111----run in----2018-01-15 13:46:39+++files[]+++get[]+++request{"_C":"User","_A":"selectOne","openid":"oeDcV0W0lW2u-WnondVku8uZZo4k"}---
1111111111111----run in----2018-01-15 13:47:01+++files[]+++get[]+++request{"_C":"User","_A":"selectOne","openid":"oeDcV0W0lW2u-WnondVku8uZZo4k"}---
1111111111111----run in----2018-01-15 13:47:07+++files[]+++get[]+++request{"_C":"User","_A":"selectOne","openid":"oeDcV0W0lW2u-WnondVku8uZZo4k"}---
1111111111111----run in----2018-01-15 13:47:15+++files[]+++get[]+++request{"_C":"User","_A":"selectOne","openid":"oeDcV0W0lW2u-WnondVku8uZZo4k"}---
1111111111111----run in----2018-01-15 13:47:34+++files[]+++get[]+++request{"_C":"User","_A":"selectOne","openid":"oeDcV0W0lW2u-WnondVku8uZZo4k"}---
1111111111111----run in----2018-01-15 13:47:40+++files[]+++get[]+++request{"_C":"User","_A":"selectOne","openid":"oeDcV0W0lW2u-WnondVku8uZZo4k"}---
1111111111111----run in----2018-01-15 13:47:48+++files[]+++get[]+++request{"_C":"User","_A":"selectOne","openid":"oeDcV0W0lW2u-WnondVku8uZZo4k"}---
1111111111111----run in----2018-01-15 13:47:55+++files[]+++get[]+++request{"_C":"User","_A":"selectOne","openid":"oeDcV0W0lW2u-WnondVku8uZZo4k"}---
1111111111111----run in----2018-01-15 13:48:02+++files[]+++get[]+++request{"_C":"User","_A":"selectOne","openid":"oeDcV0W0lW2u-WnondVku8uZZo4k"}---
1111111111111----run in----2018-01-15 13:48:55+++files[]+++get[]+++request{"_C":"User","_A":"selectOne","openid":"oeDcV0W0lW2u-WnondVku8uZZo4k"}---
1111111111111----run in----2018-01-15 13:49:09+++files[]+++get[]+++request{"_C":"Money","_A":"selectOne","openid":"oeDcV0W0lW2u-WnondVku8uZZo4k"}---
1111111111111----run in----2018-01-15 13:49:10+++files[]+++get[]+++request{"_C":"User","_A":"selectOne","openid":"oeDcV0W0lW2u-WnondVku8uZZo4k"}---
1111111111111----run in----2018-01-15 13:49:13+++files[]+++get[]+++request{"_C":"User","_A":"selectOne","openid":"oeDcV0W0lW2u-WnondVku8uZZo4k"}---
1111111111111----run in----2018-01-15 13:50:07+++files[]+++get[]+++request{"_C":"User","_A":"selectOne","openid":"oeDcV0W0lW2u-WnondVku8uZZo4k"}---
1111111111111----run in----2018-01-15 13:50:33+++files[]+++get[]+++request{"_C":"User","_A":"selectOne","openid":"oeDcV0W0lW2u-WnondVku8uZZo4k"}---
1111111111111----run in----2018-01-15 13:55:42+++files[]+++get[]+++request{"_C":"User","_A":"selectOne","openid":"oeDcV0W0lW2u-WnondVku8uZZo4k"}---
1111111111111----run in----2018-01-15 13:56:20+++files[]+++get[]+++request{"_C":"User","_A":"selectOne","openid":"oeDcV0W0lW2u-WnondVku8uZZo4k"}---
1111111111111----run in----2018-01-15 13:56:26+++files[]+++get[]+++request{"_C":"User","_A":"selectOne","openid":"oeDcV0W0lW2u-WnondVku8uZZo4k"}---
1111111111111----run in----2018-01-15 13:56:34+++files[]+++get[]+++request{"_C":"User","_A":"selectOne","openid":"oeDcV0W0lW2u-WnondVku8uZZo4k"}---
1111111111111----run in----2018-01-15 13:56:43+++files[]+++get[]+++request{"_C":"User","_A":"selectOne","openid":"oeDcV0W0lW2u-WnondVku8uZZo4k"}---
1111111111111----run in----2018-01-15 13:57:35+++files[]+++get[]+++request{"_C":"User","_A":"selectOne","openid":"oeDcV0W0lW2u-WnondVku8uZZo4k"}---
1111111111111----run in----2018-01-15 13:57:44+++files[]+++get[]+++request{"_C":"User","_A":"selectOne","openid":"oeDcV0W0lW2u-WnondVku8uZZo4k"}---
1111111111111----run in----2018-01-15 13:58:44+++files[]+++get[]+++request{"_C":"User","_A":"selectOne","openid":"oeDcV0W0lW2u-WnondVku8uZZo4k"}---
1111111111111----run in----2018-01-15 13:58:56+++files[]+++get[]+++request{"_C":"User","_A":"selectOne","openid":"oeDcV0W0lW2u-WnondVku8uZZo4k"}---
1111111111111----run in----2018-01-15 13:59:02+++files[]+++get[]+++request{"_C":"User","_A":"selectOne","openid":"oeDcV0W0lW2u-WnondVku8uZZo4k"}---
1111111111111----run in----2018-01-15 13:59:11+++files[]+++get[]+++request{"_C":"User","_A":"selectOne","openid":"oeDcV0W0lW2u-WnondVku8uZZo4k"}---
1111111111111----run in----2018-01-15 13:59:13+++files[]+++get[]+++request{"_C":"User","_A":"selectOne","openid":"oeDcV0W0lW2u-WnondVku8uZZo4k"}---
1111111111111----run in----2018-01-15 13:59:25+++files[]+++get[]+++request{"_C":"User","_A":"selectOne","openid":"oeDcV0W0lW2u-WnondVku8uZZo4k"}---
1111111111111----run in----2018-01-15 13:59:30+++files[]+++get[]+++request{"_C":"User","_A":"selectOne","openid":"oeDcV0W0lW2u-WnondVku8uZZo4k"}---
1111111111111----run in----2018-01-15 14:00:34+++files[]+++get[]+++request{"_C":"User","_A":"selectOne","openid":"oeDcV0W0lW2u-WnondVku8uZZo4k"}---
1111111111111----run in----2018-01-15 14:00:52+++files[]+++get[]+++request{"_C":"User","_A":"selectOne","openid":"oeDcV0W0lW2u-WnondVku8uZZo4k"}---
1111111111111----run in----2018-01-15 14:01:07+++files[]+++get[]+++request{"_C":"User","_A":"selectOne","openid":"oeDcV0W0lW2u-WnondVku8uZZo4k"}---
1111111111111----run in----2018-01-15 14:01:35+++files[]+++get[]+++request{"_C":"User","_A":"selectOne","openid":"oeDcV0W0lW2u-WnondVku8uZZo4k"}---
1111111111111----run in----2018-01-15 14:01:40+++files[]+++get[]+++request{"_C":"User","_A":"selectOne","openid":"oeDcV0W0lW2u-WnondVku8uZZo4k"}---
1111111111111----run in----2018-01-15 14:01:47+++files[]+++get[]+++request{"_C":"User","_A":"selectOne","openid":"oeDcV0W0lW2u-WnondVku8uZZo4k"}---
1111111111111----run in----2018-01-15 14:01:57+++files[]+++get[]+++request{"_C":"User","_A":"selectOne","openid":"oeDcV0W0lW2u-WnondVku8uZZo4k"}---
1111111111111----run in----2018-01-15 14:03:00+++files[]+++get[]+++request{"_C":"User","_A":"selectOne","openid":"oeDcV0W0lW2u-WnondVku8uZZo4k"}---
1111111111111----run in----2018-01-15 14:03:11+++files{"file":{"name":"wx3d00770652053edd.o6zAJs9bs--3Qn1Jkc_lFPynmD4A.28aded713028c1c99aa5815baad9c3d4.png","type":"image\/png","tmp_name":"\/tmp\/php7vbNBz","error":0,"size":53312}}+++get[]+++request{"path":"act\/poster","openid":"oeDcV0W0lW2u-WnondVku8uZZo4k","_C":"Pic","_A":"upload"}---
2018-01-15 14:03:11:{"file":{"name":"wx3d00770652053edd.o6zAJs9bs--3Qn1Jkc_lFPynmD4A.28aded713028c1c99aa5815baad9c3d4.png","type":"image\/png","tmp_name":"\/tmp\/php7vbNBz","error":0,"size":53312}}
1111111111111----run in----2018-01-15 14:03:11+++files[]+++get[]+++request{"_C":"Pay","_A":"get","money":"0.01","openid":"oeDcV0W0lW2u-WnondVku8uZZo4k"}---
1111111111111----run in----2018-01-15 14:05:54+++files[]+++get[]+++request{"_C":"User","_A":"selectOne","openid":"oeDcV0W0lW2u-WnondVku8uZZo4k"}---
1111111111111----run in----2018-01-15 14:06:26+++files[]+++get[]+++request{"_C":"User","_A":"selectOne","openid":"oeDcV0W0lW2u-WnondVku8uZZo4k"}---
1111111111111----run in----2018-01-15 14:06:35+++files[]+++get[]+++request{"_C":"User","_A":"selectOne","openid":"oeDcV0W0lW2u-WnondVku8uZZo4k"}---
1111111111111----run in----2018-01-15 14:06:45+++files[]+++get[]+++request{"_C":"User","_A":"selectOne","openid":"oeDcV0W0lW2u-WnondVku8uZZo4k"}---
1111111111111----run in----2018-01-15 14:09:15+++files[]+++get[]+++request{"_C":"User","_A":"selectOne","openid":"oeDcV0W0lW2u-WnondVku8uZZo4k"}---
1111111111111----run in----2018-01-15 14:09:22+++files[]+++get[]+++request{"_C":"User","_A":"selectOne","openid":"oeDcV0W0lW2u-WnondVku8uZZo4k"}---
1111111111111----run in----2018-01-15 14:10:49+++files[]+++get[]+++request{"_C":"User","_A":"selectOne","openid":"oeDcV0W0lW2u-WnondVku8uZZo4k"}---
1111111111111----run in----2018-01-15 14:10:59+++files[]+++get[]+++request{"_C":"User","_A":"selectOne","openid":"oeDcV0W0lW2u-WnondVku8uZZo4k"}---
1111111111111----run in----2018-01-15 14:11:15+++files[]+++get[]+++request{"_C":"User","_A":"selectOne","openid":"oeDcV0W0lW2u-WnondVku8uZZo4k"}---
1111111111111----run in----2018-01-15 14:11:25+++files[]+++get[]+++request{"_C":"User","_A":"selectOne","openid":"oeDcV0W0lW2u-WnondVku8uZZo4k"}---
1111111111111----run in----2018-01-15 14:11:31+++files[]+++get[]+++request{"_C":"User","_A":"selectOne","openid":"oeDcV0W0lW2u-WnondVku8uZZo4k"}---
1111111111111----run in----2018-01-15 14:11:49+++files[]+++get[]+++request{"_C":"User","_A":"selectOne","openid":"oeDcV0W0lW2u-WnondVku8uZZo4k"}---
1111111111111----run in----2018-01-15 14:12:27+++files[]+++get[]+++request{"_C":"User","_A":"selectOne","openid":"oeDcV0W0lW2u-WnondVku8uZZo4k"}---
1111111111111----run in----2018-01-15 14:12:45+++files[]+++get[]+++request{"_C":"User","_A":"selectOne","openid":"oeDcV0W0lW2u-WnondVku8uZZo4k"}---
1111111111111----run in----2018-01-15 14:12:50+++files[]+++get[]+++request{"_C":"User","_A":"selectOne","openid":"oeDcV0W0lW2u-WnondVku8uZZo4k"}---
1111111111111----run in----2018-01-15 14:12:54+++files[]+++get[]+++request{"_C":"User","_A":"selectOne","openid":"oeDcV0W0lW2u-WnondVku8uZZo4k"}---
1111111111111----run in----2018-01-15 14:13:09+++files[]+++get[]+++request{"_C":"User","_A":"selectOne","openid":"oeDcV0W0lW2u-WnondVku8uZZo4k"}---
1111111111111----run in----2018-01-15 14:13:12+++files[]+++get[]+++request{"_C":"User","_A":"selectOne","openid":"oeDcV0W0lW2u-WnondVku8uZZo4k"}---
1111111111111----run in----2018-01-15 14:13:15+++files[]+++get[]+++request{"_C":"User","_A":"selectOne","openid":"oeDcV0W0lW2u-WnondVku8uZZo4k"}---
1111111111111----run in----2018-01-15 14:13:21+++files[]+++get[]+++request{"_C":"Money","_A":"selectOne","openid":"oeDcV0W0lW2u-WnondVku8uZZo4k"}---
1111111111111----run in----2018-01-15 14:13:27+++files[]+++get[]+++request{"_C":"Money","_A":"selectOne","openid":"oeDcV0W0lW2u-WnondVku8uZZo4k"}---
1111111111111----run in----2018-01-15 14:16:01+++files[]+++get[]+++request{"_C":"User","_A":"selectOne","openid":"oeDcV0W0lW2u-WnondVku8uZZo4k"}---
1111111111111----run in----2018-01-15 14:16:03+++files[]+++get[]+++request{"_C":"Money","_A":"selectOne","openid":"oeDcV0W0lW2u-WnondVku8uZZo4k"}---
1111111111111----run in----2018-01-15 14:16:48+++files[]+++get[]+++request{"_C":"User","_A":"selectOne","openid":"oeDcV0W0lW2u-WnondVku8uZZo4k"}---
1111111111111----run in----2018-01-15 14:16:49+++files[]+++get[]+++request{"_C":"Money","_A":"selectOne","openid":"oeDcV0W0lW2u-WnondVku8uZZo4k"}---
1111111111111----run in----2018-01-15 14:17:15+++files[]+++get[]+++request{"_C":"User","_A":"selectOne","openid":"oeDcV0W0lW2u-WnondVku8uZZo4k"}---
1111111111111----run in----2018-01-15 14:17:17+++files[]+++get[]+++request{"_C":"Money","_A":"selectOne","openid":"oeDcV0W0lW2u-WnondVku8uZZo4k"}---
1111111111111----run in----2018-01-15 14:17:24+++files[]+++get[]+++request{"_C":"User","_A":"selectOne","openid":"oeDcV0W0lW2u-WnondVku8uZZo4k"}---
1111111111111----run in----2018-01-15 14:17:26+++files[]+++get[]+++request{"_C":"Money","_A":"selectOne","openid":"oeDcV0W0lW2u-WnondVku8uZZo4k"}---
1111111111111----run in----2018-01-15 14:17:34+++files[]+++get[]+++request{"_C":"User","_A":"selectOne","openid":"oeDcV0W0lW2u-WnondVku8uZZo4k"}---
1111111111111----run in----2018-01-15 14:17:36+++files[]+++get[]+++request{"_C":"Money","_A":"selectOne","openid":"oeDcV0W0lW2u-WnondVku8uZZo4k"}---
1111111111111----run in----2018-01-15 14:17:53+++files[]+++get[]+++request{"_C":"User","_A":"selectOne","openid":"oeDcV0W0lW2u-WnondVku8uZZo4k"}---
1111111111111----run in----2018-01-15 14:17:55+++files[]+++get[]+++request{"_C":"Money","_A":"selectOne","openid":"oeDcV0W0lW2u-WnondVku8uZZo4k"}---
1111111111111----run in----2018-01-15 14:18:12+++files[]+++get[]+++request{"_C":"User","_A":"selectOne","openid":"oeDcV0W0lW2u-WnondVku8uZZo4k"}---
1111111111111----run in----2018-01-15 14:18:17+++files[]+++get[]+++request{"_C":"Money","_A":"selectOne","openid":"oeDcV0W0lW2u-WnondVku8uZZo4k"}---
1111111111111----run in----2018-01-15 14:18:19+++files[]+++get[]+++request{"_C":"User","_A":"selectOne","openid":"oeDcV0W0lW2u-WnondVku8uZZo4k"}---
1111111111111----run in----2018-01-15 14:18:33+++files[]+++get[]+++request{"_C":"User","_A":"selectOne","openid":"oeDcV0W0lW2u-WnondVku8uZZo4k"}---
1111111111111----run in----2018-01-15 14:19:02+++files[]+++get[]+++request{"_C":"Money","_A":"selectOne","openid":"oeDcV0W0lW2u-WnondVku8uZZo4k"}---
1111111111111----run in----2018-01-15 14:19:12+++files[]+++get[]+++request{"_C":"User","_A":"selectOne","openid":"oeDcV0W0lW2u-WnondVku8uZZo4k"}---
1111111111111----run in----2018-01-15 14:19:20+++files[]+++get[]+++request{"_C":"User","_A":"selectOne","openid":"oeDcV0W0lW2u-WnondVku8uZZo4k"}---
1111111111111----run in----2018-01-15 14:19:23+++files[]+++get[]+++request{"_C":"User","_A":"selectOne","openid":"oeDcV0W0lW2u-WnondVku8uZZo4k"}---
1111111111111----run in----2018-01-15 14:19:25+++files[]+++get[]+++request{"_C":"User","_A":"selectOne","openid":"oeDcV0W0lW2u-WnondVku8uZZo4k"}---
1111111111111----run in----2018-01-15 14:19:28+++files[]+++get[]+++request{"_C":"Money","_A":"selectOne","openid":"oeDcV0W0lW2u-WnondVku8uZZo4k"}---
1111111111111----run in----2018-01-15 14:19:32+++files[]+++get[]+++request{"_C":"Money","_A":"selectOne","openid":"oeDcV0W0lW2u-WnondVku8uZZo4k"}---
1111111111111----run in----2018-01-15 14:19:36+++files[]+++get[]+++request{"_C":"User","_A":"selectOne","openid":"oeDcV0W0lW2u-WnondVku8uZZo4k"}---
1111111111111----run in----2018-01-15 14:19:37+++files[]+++get[]+++request{"_C":"Money","_A":"selectOne","openid":"oeDcV0W0lW2u-WnondVku8uZZo4k"}---
1111111111111----run in----2018-01-15 14:19:38+++files[]+++get[]+++request{"_C":"User","_A":"selectOne","openid":"oeDcV0W0lW2u-WnondVku8uZZo4k"}---
1111111111111----run in----2018-01-15 14:19:39+++files[]+++get[]+++request{"_C":"Money","_A":"selectOne","openid":"oeDcV0W0lW2u-WnondVku8uZZo4k"}---
1111111111111----run in----2018-01-15 14:19:46+++files[]+++get[]+++request{"_C":"Money","_A":"selectOne","openid":"oeDcV0W0lW2u-WnondVku8uZZo4k"}---
1111111111111----run in----2018-01-15 14:19:49+++files[]+++get[]+++request{"_C":"User","_A":"selectOne","openid":"oeDcV0W0lW2u-WnondVku8uZZo4k"}---
1111111111111----run in----2018-01-15 14:19:50+++files[]+++get[]+++request{"_C":"Money","_A":"selectOne","openid":"oeDcV0W0lW2u-WnondVku8uZZo4k"}---
1111111111111----run in----2018-01-15 14:56:34+++files[]+++get[]+++request{"_C":"Act","_A":"selectOne","id":"26","group_id":"","openid":"oeDcV0W0lW2u-WnondVku8uZZo4k"}---
1111111111111----run in----2018-01-15 14:56:38+++files[]+++get[]+++request{"_C":"Act","_A":"selectOne","id":"31","group_id":"","openid":"oeDcV0W0lW2u-WnondVku8uZZo4k"}---
1111111111111----run in----2018-01-15 14:58:12+++files[]+++get[]+++request{"_C":"User","_A":"selectOne","openid":"oeDcV0W0lW2u-WnondVku8uZZo4k"}---
1111111111111----run in----2018-01-15 14:58:32+++files[]+++get[]+++request{"_C":"User","_A":"selectOne","openid":"oeDcV0W0lW2u-WnondVku8uZZo4k"}---
1111111111111----run in----2018-01-15 14:58:55+++files[]+++get[]+++request{"_C":"Money","_A":"selectOne","openid":"oeDcV0W0lW2u-WnondVku8uZZo4k"}---
1111111111111----run in----2018-01-15 14:59:44+++files[]+++get[]+++request{"_C":"User","_A":"selectOne","openid":"oeDcV0W0lW2u-WnondVku8uZZo4k"}---
1111111111111----run in----2018-01-15 14:59:46+++files[]+++get[]+++request{"_C":"Money","_A":"selectOne","openid":"oeDcV0W0lW2u-WnondVku8uZZo4k"}---
1111111111111----run in----2018-01-15 14:59:53+++files[]+++get[]+++request{"_C":"User","_A":"selectOne","openid":"oeDcV0W0lW2u-WnondVku8uZZo4k"}---
1111111111111----run in----2018-01-15 14:59:55+++files[]+++get[]+++request{"_C":"Money","_A":"selectOne","openid":"oeDcV0W0lW2u-WnondVku8uZZo4k"}---
1111111111111----run in----2018-01-15 15:00:03+++files[]+++get[]+++request{"_C":"User","_A":"selectOne","openid":"oeDcV0W0lW2u-WnondVku8uZZo4k"}---
1111111111111----run in----2018-01-15 15:00:05+++files[]+++get[]+++request{"_C":"Money","_A":"selectOne","openid":"oeDcV0W0lW2u-WnondVku8uZZo4k"}---
1111111111111----run in----2018-01-15 15:00:50+++files[]+++get[]+++request{"_C":"User","_A":"selectOne","openid":"oeDcV0W0lW2u-WnondVku8uZZo4k"}---
1111111111111----run in----2018-01-15 15:00:51+++files[]+++get[]+++request{"_C":"Money","_A":"selectOne","openid":"oeDcV0W0lW2u-WnondVku8uZZo4k"}---
1111111111111----run in----2018-01-15 15:01:06+++files[]+++get[]+++request{"_C":"User","_A":"selectOne","openid":"oeDcV0W0lW2u-WnondVku8uZZo4k"}---
1111111111111----run in----2018-01-15 15:01:07+++files[]+++get[]+++request{"_C":"Money","_A":"selectOne","openid":"oeDcV0W0lW2u-WnondVku8uZZo4k"}---
1111111111111----run in----2018-01-15 15:01:11+++files[]+++get[]+++request{"_C":"Money","_A":"selectOne","openid":"oeDcV0W0lW2u-WnondVku8uZZo4k"}---
1111111111111----run in----2018-01-15 15:01:21+++files[]+++get[]+++request{"_C":"User","_A":"selectOne","openid":"oeDcV0W0lW2u-WnondVku8uZZo4k"}---
1111111111111----run in----2018-01-15 15:01:23+++files[]+++get[]+++request{"_C":"Money","_A":"selectOne","openid":"oeDcV0W0lW2u-WnondVku8uZZo4k"}---
1111111111111----run in----2018-01-15 15:01:26+++files[]+++get[]+++request{"_C":"Act","_A":"select","_LIMIT":"0,10","_FILTER":"","openid":"oeDcV0W0lW2u-WnondVku8uZZo4k"}---
1111111111111----run in----2018-01-15 15:01:27+++files[]+++get[]+++request{"_C":"User","_A":"selectOne","openid":"oeDcV0W0lW2u-WnondVku8uZZo4k"}---
1111111111111----run in----2018-01-15 15:01:30+++files[]+++get[]+++request{"_C":"Money","_A":"selectOne","openid":"oeDcV0W0lW2u-WnondVku8uZZo4k"}---
1111111111111----run in----2018-01-15 15:01:31+++files[]+++get[]+++request{"_C":"Act","_A":"select","_LIMIT":"0,10","_FILTER":"","openid":"oeDcV0W0lW2u-WnondVku8uZZo4k"}---
1111111111111----run in----2018-01-15 15:01:32+++files[]+++get[]+++request{"_C":"Money","_A":"selectOne","openid":"oeDcV0W0lW2u-WnondVku8uZZo4k"}---
1111111111111----run in----2018-01-15 15:01:33+++files[]+++get[]+++request{"_C":"Act","_A":"select","_LIMIT":"0,10","_FILTER":"","openid":"oeDcV0W0lW2u-WnondVku8uZZo4k"}---
1111111111111----run in----2018-01-15 15:01:52+++files[]+++get[]+++request{"_C":"Act","_A":"selectOne","id":"48","group_id":"","openid":"oeDcV0W0lW2u-WnondVku8uZZo4k"}---
1111111111111----run in----2018-01-15 15:01:57+++files[]+++get[]+++request{"_C":"Act","_A":"select","_LIMIT":"0,10","_FILTER":"","openid":"oeDcV0W0lW2u-WnondVku8uZZo4k"}---
1111111111111----run in----2018-01-15 15:01:59+++files[]+++get[]+++request{"_C":"Money","_A":"selectOne","openid":"oeDcV0W0lW2u-WnondVku8uZZo4k"}---
1111111111111----run in----2018-01-15 15:02:38+++files[]+++get[]+++request{"_C":"My","_A":"selectIn","_LIMIT":"0,20","openid":"oeDcV0W0lW2u-WnondVku8uZZo4k"}---
1111111111111----run in----2018-01-15 15:07:14+++files[]+++get[]+++request{"_C":"Money","_A":"selectOne","openid":"oeDcV0W0lW2u-WnondVku8uZZo4k"}---
1111111111111----run in----2018-01-15 15:07:31+++files[]+++get[]+++request{"_C":"User","_A":"selectOne","openid":"oeDcV0W0lW2u-WnondVku8uZZo4k"}---
1111111111111----run in----2018-01-15 15:07:33+++files[]+++get[]+++request{"_C":"Money","_A":"selectOne","openid":"oeDcV0W0lW2u-WnondVku8uZZo4k"}---
1111111111111----run in----2018-01-15 15:07:33+++files[]+++get[]+++request{"_C":"My","_A":"selectIn","_LIMIT":"undefined,undefined","openid":"oeDcV0W0lW2u-WnondVku8uZZo4k"}---
1111111111111----run in----2018-01-15 15:07:49+++files[]+++get[]+++request{"_C":"User","_A":"selectOne","openid":"oeDcV0W0lW2u-WnondVku8uZZo4k"}---
1111111111111----run in----2018-01-15 15:07:50+++files[]+++get[]+++request{"_C":"Money","_A":"selectOne","openid":"oeDcV0W0lW2u-WnondVku8uZZo4k"}---
1111111111111----run in----2018-01-15 15:07:50+++files[]+++get[]+++request{"_C":"My","_A":"selectIn","_LIMIT":"undefined,undefined","openid":"oeDcV0W0lW2u-WnondVku8uZZo4k"}---
1111111111111----run in----2018-01-15 15:07:58+++files[]+++get[]+++request{"_C":"User","_A":"selectOne","openid":"oeDcV0W0lW2u-WnondVku8uZZo4k"}---
1111111111111----run in----2018-01-15 15:07:59+++files[]+++get[]+++request{"_C":"Act","_A":"select","_LIMIT":"0,10","_FILTER":"","openid":"oeDcV0W0lW2u-WnondVku8uZZo4k"}---
1111111111111----run in----2018-01-15 15:07:59+++files[]+++get[]+++request{"_C":"Money","_A":"selectOne","openid":"oeDcV0W0lW2u-WnondVku8uZZo4k"}---
1111111111111----run in----2018-01-15 15:07:59+++files[]+++get[]+++request{"_C":"My","_A":"selectIn","_LIMIT":"undefined,undefined","openid":"oeDcV0W0lW2u-WnondVku8uZZo4k"}---
1111111111111----run in----2018-01-15 15:09:17+++files[]+++get[]+++request{"_C":"User","_A":"selectOne","openid":"oeDcV0W0lW2u-WnondVku8uZZo4k"}---
1111111111111----run in----2018-01-15 15:09:19+++files[]+++get[]+++request{"_C":"Money","_A":"selectOne","openid":"oeDcV0W0lW2u-WnondVku8uZZo4k"}---
1111111111111----run in----2018-01-15 15:09:19+++files[]+++get[]+++request{"_C":"My","_A":"selectIn","_LIMIT":"0,2","openid":"oeDcV0W0lW2u-WnondVku8uZZo4k"}---
1111111111111----run in----2018-01-15 15:09:33+++files[]+++get[]+++request{"_C":"User","_A":"selectOne","openid":"oeDcV0W0lW2u-WnondVku8uZZo4k"}---
1111111111111----run in----2018-01-15 15:09:34+++files[]+++get[]+++request{"_C":"Money","_A":"selectOne","openid":"oeDcV0W0lW2u-WnondVku8uZZo4k"}---
1111111111111----run in----2018-01-15 15:09:34+++files[]+++get[]+++request{"_C":"My","_A":"selectIn","_LIMIT":"0,2","openid":"oeDcV0W0lW2u-WnondVku8uZZo4k"}---
1111111111111----run in----2018-01-15 15:15:24+++files[]+++get[]+++request{"_C":"User","_A":"selectOne","openid":"oeDcV0W0lW2u-WnondVku8uZZo4k"}---
1111111111111----run in----2018-01-15 15:15:51+++files[]+++get[]+++request{"_C":"User","_A":"selectOne","openid":"oeDcV0W0lW2u-WnondVku8uZZo4k"}---
1111111111111----run in----2018-01-15 15:17:13+++files[]+++get[]+++request{"_C":"Money","_A":"selectOne","openid":"oeDcV0W0lW2u-WnondVku8uZZo4k"}---
1111111111111----run in----2018-01-15 15:21:33+++files[]+++get[]+++request{"_C":"Act","_A":"selectOne","id":"31","group_id":"","openid":"oeDcV0W0lW2u-WnondVku8uZZo4k"}---
1111111111111----run in----2018-01-15 15:23:40+++files[]+++get[]+++request{"_C":"Act","_A":"selectOne","id":"31","group_id":"","openid":"oeDcV0W0lW2u-WnondVku8uZZo4k"}---
1111111111111----run in----2018-01-15 15:24:49+++files[]+++get[]+++request{"_C":"Act","_A":"selectOne","id":"31","group_id":"","openid":"oeDcV0W0lW2u-WnondVku8uZZo4k"}---
1111111111111----run in----2018-01-15 15:43:57+++files[]+++get[]+++request{"_C":"User","_A":"selectOne","openid":"oeDcV0W0lW2u-WnondVku8uZZo4k"}---
1111111111111----run in----2018-01-15 15:44:03+++files[]+++get[]+++request{"_C":"Act","_A":"select","_LIMIT":"0,10","_FILTER":"","openid":"oeDcV0W0lW2u-WnondVku8uZZo4k"}---
1111111111111----run in----2018-01-15 15:44:08+++files[]+++get[]+++request{"_C":"Act","_A":"selectOne","id":"48","group_id":"","openid":"oeDcV0W0lW2u-WnondVku8uZZo4k"}---
1111111111111----run in----2018-01-15 15:44:10+++files[]+++get[]+++request{"_C":"Act","_A":"select","_LIMIT":"0,10","_FILTER":"","openid":"oeDcV0W0lW2u-WnondVku8uZZo4k"}---
1111111111111----run in----2018-01-15 15:44:12+++files[]+++get[]+++request{"_C":"Act","_A":"selectOne","id":"45","group_id":"","openid":"oeDcV0W0lW2u-WnondVku8uZZo4k"}---
1111111111111----run in----2018-01-15 15:44:17+++files[]+++get[]+++request{"_C":"Act","_A":"select","_LIMIT":"0,10","_FILTER":"","openid":"oeDcV0W0lW2u-WnondVku8uZZo4k"}---
1111111111111----run in----2018-01-15 15:44:20+++files[]+++get[]+++request{"_C":"Act","_A":"selectOne","id":"48","group_id":"","openid":"oeDcV0W0lW2u-WnondVku8uZZo4k"}---
1111111111111----run in----2018-01-15 15:45:27+++files[]+++get[]+++request{"_C":"Act","_A":"select","_LIMIT":"0,10","_FILTER":"","openid":"oeDcV0W0lW2u-WnondVku8uZZo4k"}---
1111111111111----run in----2018-01-15 15:45:31+++files[]+++get[]+++request{"_C":"User","_A":"selectOne","openid":"oeDcV0W0lW2u-WnondVku8uZZo4k"}---
1111111111111----run in----2018-01-15 15:45:49+++files[]+++get[]+++request{"_C":"User","_A":"selectOne","openid":"oeDcV0W0lW2u-WnondVku8uZZo4k"}---
1111111111111----run in----2018-01-15 15:46:16+++files[]+++get[]+++request{"_C":"User","_A":"selectOne","openid":"oeDcV0W0lW2u-WnondVku8uZZo4k"}---
1111111111111----run in----2018-01-15 15:46:20+++files[]+++get[]+++request{"_C":"User","_A":"selectOne","openid":"oeDcV0W0lW2u-WnondVku8uZZo4k"}---
1111111111111----run in----2018-01-15 15:46:32+++files[]+++get[]+++request{"_C":"User","_A":"selectOne","openid":"oeDcV0W0lW2u-WnondVku8uZZo4k"}---
1111111111111----run in----2018-01-15 15:46:33+++files[]+++get[]+++request{"_C":"Money","_A":"selectOne","openid":"oeDcV0W0lW2u-WnondVku8uZZo4k"}---
1111111111111----run in----2018-01-15 15:46:33+++files[]+++get[]+++request{"_C":"My","_A":"selectIn","_LIMIT":"0,2","openid":"oeDcV0W0lW2u-WnondVku8uZZo4k"}---
1111111111111----run in----2018-01-15 15:46:35+++files[]+++get[]+++request{"_C":"User","_A":"selectOne","openid":"oeDcV0W0lW2u-WnondVku8uZZo4k"}---
1111111111111----run in----2018-01-15 15:52:35+++files{"file":{"name":"wx3d00770652053edd.o6zAJs9bs--3Qn1Jkc_lFPynmD4A.891d9de6ea78ec546005f38587e80543.png","type":"image\/png","tmp_name":"\/tmp\/phpaQpvAD","error":0,"size":259267}}+++get[]+++request{"path":"logo","openid":"oeDcV0W0lW2u-WnondVku8uZZo4k","_C":"Pic","_A":"upload"}---
2018-01-15 15:52:35:{"file":{"name":"wx3d00770652053edd.o6zAJs9bs--3Qn1Jkc_lFPynmD4A.891d9de6ea78ec546005f38587e80543.png","type":"image\/png","tmp_name":"\/tmp\/phpaQpvAD","error":0,"size":259267}}
1111111111111----run in----2018-01-15 15:52:59+++files[]+++get[]+++request{"_C":"User","_A":"updateOne","_DATA":"{\"lat\":28.21294,\"lng\":112.85637,\"mobile\":15580907641,\"avatarUrl\":\"https:\/\/wx.qlogo.cn\/mmopen\/vi_32\/DYAIOgq83epmsqu4O32XY7KjIib1KtVIc4W0syylE5rnbV0UA7Hb4cJaViauYv84L06aKDsufTptezghPociaNlRw\/0\",\"name\":\"\u5c0f\u77f3\u5934\",\"nick_name\":\"shiela47\",\"wx\":\"shiela47\",\"address\":\"\u6e56\u5357\u7701\u957f\u6c99\u5e02\u5cb3\u9e93\u533a\u8c37\u82d1\u8def\u5609\u8fd0\u8def\u4ea4\u53c9\u53e3\u5357\u4fa7\",\"gender\":2,\"city\":\"Changsha\",\"logo\":\"logo\/wx3d00770652053edd.o6zAJs9bs--3Qn1Jkc_lFPynmD4A.891d9de6ea78ec546005f38587e80543.png\",\"openid\":\"oeDcV0W0lW2u-WnondVku8uZZo4k\"}","openid":"oeDcV0W0lW2u-WnondVku8uZZo4k"}---
1111111111111----run in----2018-01-15 15:53:01+++files[]+++get[]+++request{"_C":"Money","_A":"selectOne","openid":"oeDcV0W0lW2u-WnondVku8uZZo4k"}---
1111111111111----run in----2018-01-15 15:53:01+++files[]+++get[]+++request{"_C":"My","_A":"selectIn","_LIMIT":"0,2","openid":"oeDcV0W0lW2u-WnondVku8uZZo4k"}---
1111111111111----run in----2018-01-15 15:53:31+++files[]+++get[]+++request{"_C":"Act","_A":"select","_LIMIT":"0,10","_FILTER":"","openid":"oeDcV0W0lW2u-WnondVku8uZZo4k"}---
1111111111111----run in----2018-01-15 15:53:35+++files[]+++get[]+++request{"_C":"Act","_A":"selectOne","id":"48","group_id":"","openid":"oeDcV0W0lW2u-WnondVku8uZZo4k"}---
1111111111111----run in----2018-01-15 15:53:48+++files[]+++get[]+++request{"_C":"Act","_A":"select","_LIMIT":"0,10","_FILTER":"","openid":"oeDcV0W0lW2u-WnondVku8uZZo4k"}---
1111111111111----run in----2018-01-15 15:54:03+++files[]+++get[]+++request{"_C":"User","_A":"selectOne","openid":"oeDcV0W0lW2u-WnondVku8uZZo4k"}---
1111111111111----run in----2018-01-15 15:54:11+++files[]+++get[]+++request{"_C":"Code2d","_A":"get","_DATA":"{\"path\":\"pages\/share\/share?aid=2\",\"openid\":\"oeDcV0W0lW2u-WnondVku8uZZo4k\"}","openid":"oeDcV0W0lW2u-WnondVku8uZZo4k"}---
1111111111111----run in----2018-01-15 15:55:23+++files[]+++get[]+++request{"_C":"Code2d","_A":"get","_DATA":"{\"path\":\"pages\/share\/share?aid=2\",\"openid\":\"oeDcV0W0lW2u-WnondVku8uZZo4k\"}","openid":"oeDcV0W0lW2u-WnondVku8uZZo4k"}---
1111111111111----run in----2018-01-15 15:57:20+++files[]+++get[]+++request{"_C":"Code2d","_A":"get","_DATA":"{\"path\":\"pages\/share\/share?aid=2\",\"openid\":\"oeDcV0W0lW2u-WnondVku8uZZo4k\"}","openid":"oeDcV0W0lW2u-WnondVku8uZZo4k"}---
1111111111111----run in----2018-01-15 16:02:49+++files[]+++get[]+++request{"_C":"Code2d","_A":"get","_DATA":"{\"path\":\"pages\/share\/share?aid=2\",\"openid\":\"oeDcV0W0lW2u-WnondVku8uZZo4k\"}","openid":"oeDcV0W0lW2u-WnondVku8uZZo4k"}---
1111111111111----run in----2018-01-15 16:04:50+++files[]+++get[]+++request{"_C":"Code2d","_A":"get","_DATA":"{\"path\":\"pages\/share\/share?aid=2\",\"openid\":\"oeDcV0W0lW2u-WnondVku8uZZo4k\"}","openid":"oeDcV0W0lW2u-WnondVku8uZZo4k"}---
1111111111111----run in----2018-01-15 16:11:02+++files[]+++get[]+++request{"_C":"Code2d","_A":"get","_DATA":"{\"path\":\"pages\/share\/share?aid=2\",\"openid\":\"oeDcV0W0lW2u-WnondVku8uZZo4k\"}","openid":"oeDcV0W0lW2u-WnondVku8uZZo4k"}---
1111111111111----run in----2018-01-15 16:16:44+++files[]+++get[]+++request{"_C":"Code2d","_A":"get","_DATA":"{\"path\":\"pages\/share\/share?aid=2\",\"openid\":\"oeDcV0W0lW2u-WnondVku8uZZo4k\"}","openid":"oeDcV0W0lW2u-WnondVku8uZZo4k"}---
1111111111111----run in----2018-01-15 16:17:46+++files[]+++get[]+++request{"_C":"Code2d","_A":"get","_DATA":"{\"path\":\"pages\/share\/share?aid=2\",\"openid\":\"oeDcV0W0lW2u-WnondVku8uZZo4k\"}","openid":"oeDcV0W0lW2u-WnondVku8uZZo4k"}---
1111111111111----run in----2018-01-15 16:32:10+++files[]+++get[]+++request{"_C":"Code2d","_A":"get","_DATA":"{\"path\":\"pages\/share\/share?aid=2\",\"openid\":\"oeDcV0W0lW2u-WnondVku8uZZo4k\"}","openid":"oeDcV0W0lW2u-WnondVku8uZZo4k"}---
1111111111111----run in----2018-01-15 16:35:04+++files[]+++get[]+++request{"_C":"Code2d","_A":"get","_DATA":"{\"path\":\"pages\/share\/share?aid=2\",\"openid\":\"oeDcV0W0lW2u-WnondVku8uZZo4k\"}","openid":"oeDcV0W0lW2u-WnondVku8uZZo4k"}---
1111111111111----run in----2018-01-15 16:36:09+++files[]+++get[]+++request{"_C":"Code2d","_A":"get","_DATA":"{\"path\":\"pages\/share\/share?aid=2\",\"openid\":\"oeDcV0W0lW2u-WnondVku8uZZo4k\"}","openid":"oeDcV0W0lW2u-WnondVku8uZZo4k"}---
1111111111111----run in----2018-01-15 16:36:18+++files[]+++get[]+++request{"_C":"Code2d","_A":"get","_DATA":"{\"path\":\"pages\/share\/share?aid=2\",\"openid\":\"oeDcV0W0lW2u-WnondVku8uZZo4k\"}","openid":"oeDcV0W0lW2u-WnondVku8uZZo4k"}---
1111111111111----run in----2018-01-15 16:37:33+++files[]+++get[]+++request{"_C":"Code2d","_A":"get","_DATA":"{\"path\":\"pages\/share\/share?aid=2\",\"openid\":\"oeDcV0W0lW2u-WnondVku8uZZo4k\"}","openid":"oeDcV0W0lW2u-WnondVku8uZZo4k"}---
1111111111111----run in----2018-01-15 16:37:59+++files[]+++get[]+++request{"_C":"Code2d","_A":"get","_DATA":"{\"path\":\"pages\/share\/share?aid=2\",\"openid\":\"oeDcV0W0lW2u-WnondVku8uZZo4k\"}","openid":"oeDcV0W0lW2u-WnondVku8uZZo4k"}---
1111111111111----run in----2018-01-15 16:38:06+++files[]+++get[]+++request{"_C":"Code2d","_A":"get","_DATA":"{\"path\":\"pages\/share\/share?aid=2\",\"openid\":\"oeDcV0W0lW2u-WnondVku8uZZo4k\"}","openid":"oeDcV0W0lW2u-WnondVku8uZZo4k"}---
1111111111111----run in----2018-01-15 16:38:11+++files[]+++get[]+++request{"_C":"Code2d","_A":"get","_DATA":"{\"path\":\"pages\/share\/share?aid=2\",\"openid\":\"oeDcV0W0lW2u-WnondVku8uZZo4k\"}","openid":"oeDcV0W0lW2u-WnondVku8uZZo4k"}---
1111111111111----run in----2018-01-15 16:38:41+++files[]+++get[]+++request{"_C":"Code2d","_A":"get","_DATA":"{\"path\":\"pages\/share\/share?aid=2\",\"openid\":\"oeDcV0W0lW2u-WnondVku8uZZo4k\"}","openid":"oeDcV0W0lW2u-WnondVku8uZZo4k"}---
1111111111111----run in----2018-01-15 16:39:18+++files[]+++get[]+++request{"_C":"Code2d","_A":"get","_DATA":"{\"path\":\"pages\/share\/share?aid=2\",\"openid\":\"oeDcV0W0lW2u-WnondVku8uZZo4k\"}","openid":"oeDcV0W0lW2u-WnondVku8uZZo4k"}---
1111111111111----run in----2018-01-15 16:43:02+++files[]+++get[]+++request{"_C":"Code2d","_A":"get","_DATA":"{\"path\":\"pages\/share\/share?aid=2\",\"openid\":\"oeDcV0W0lW2u-WnondVku8uZZo4k\"}","openid":"oeDcV0W0lW2u-WnondVku8uZZo4k"}---
1111111111111----run in----2018-01-15 16:43:29+++files[]+++get[]+++request{"_C":"Code2d","_A":"get","_DATA":"{\"path\":\"pages\/share\/share?aid=2\",\"openid\":\"oeDcV0W0lW2u-WnondVku8uZZo4k\"}","openid":"oeDcV0W0lW2u-WnondVku8uZZo4k"}---
1111111111111----run in----2018-01-15 16:43:46+++files[]+++get[]+++request{"_C":"Code2d","_A":"get","_DATA":"{\"path\":\"pages\/share\/share?aid=2\",\"openid\":\"oeDcV0W0lW2u-WnondVku8uZZo4k\"}","openid":"oeDcV0W0lW2u-WnondVku8uZZo4k"}---
1111111111111----run in----2018-01-15 16:44:06+++files[]+++get[]+++request{"_C":"Code2d","_A":"get","_DATA":"{\"path\":\"pages\/share\/share?aid=2\",\"openid\":\"oeDcV0W0lW2u-WnondVku8uZZo4k\"}","openid":"oeDcV0W0lW2u-WnondVku8uZZo4k"}---
1111111111111----run in----2018-01-15 16:44:13+++files[]+++get[]+++request{"_C":"Code2d","_A":"get","_DATA":"{\"path\":\"pages\/share\/share?aid=2\",\"openid\":\"oeDcV0W0lW2u-WnondVku8uZZo4k\"}","openid":"oeDcV0W0lW2u-WnondVku8uZZo4k"}---
1111111111111----run in----2018-01-15 16:45:44+++files[]+++get[]+++request{"_C":"Code2d","_A":"get","_DATA":"{\"path\":\"pages\/share\/share?aid=2\",\"openid\":\"oeDcV0W0lW2u-WnondVku8uZZo4k\"}","openid":"oeDcV0W0lW2u-WnondVku8uZZo4k"}---
1111111111111----run in----2018-01-15 16:45:51+++files[]+++get[]+++request{"_C":"Code2d","_A":"get","_DATA":"{\"path\":\"pages\/share\/share?aid=2\",\"openid\":\"oeDcV0W0lW2u-WnondVku8uZZo4k\"}","openid":"oeDcV0W0lW2u-WnondVku8uZZo4k"}---
1111111111111----run in----2018-01-15 16:46:03+++files[]+++get[]+++request{"_C":"Code2d","_A":"get","_DATA":"{\"path\":\"pages\/share\/share?aid=2\",\"openid\":\"oeDcV0W0lW2u-WnondVku8uZZo4k\"}","openid":"oeDcV0W0lW2u-WnondVku8uZZo4k"}---
1111111111111----run in----2018-01-15 16:46:12+++files[]+++get[]+++request{"_C":"Code2d","_A":"get","_DATA":"{\"path\":\"pages\/share\/share?aid=2\",\"openid\":\"oeDcV0W0lW2u-WnondVku8uZZo4k\"}","openid":"oeDcV0W0lW2u-WnondVku8uZZo4k"}---
1111111111111----run in----2018-01-15 16:46:26+++files[]+++get[]+++request{"_C":"Code2d","_A":"get","_DATA":"{\"path\":\"pages\/share\/share?aid=2\",\"openid\":\"oeDcV0W0lW2u-WnondVku8uZZo4k\"}","openid":"oeDcV0W0lW2u-WnondVku8uZZo4k"}---
1111111111111----run in----2018-01-15 16:46:31+++files[]+++get[]+++request{"_C":"Code2d","_A":"get","_DATA":"{\"path\":\"pages\/share\/share?aid=2\",\"openid\":\"oeDcV0W0lW2u-WnondVku8uZZo4k\"}","openid":"oeDcV0W0lW2u-WnondVku8uZZo4k"}---
1111111111111----run in----2018-01-15 16:46:38+++files[]+++get[]+++request{"_C":"Code2d","_A":"get","_DATA":"{\"path\":\"pages\/share\/share?aid=2\",\"openid\":\"oeDcV0W0lW2u-WnondVku8uZZo4k\"}","openid":"oeDcV0W0lW2u-WnondVku8uZZo4k"}---
1111111111111----run in----2018-01-15 16:47:29+++files[]+++get[]+++request{"_C":"Code2d","_A":"get","_DATA":"{\"path\":\"pages\/share\/share?aid=2\",\"openid\":\"oeDcV0W0lW2u-WnondVku8uZZo4k\"}","openid":"oeDcV0W0lW2u-WnondVku8uZZo4k"}---
1111111111111----run in----2018-01-15 16:48:42+++files[]+++get[]+++request{"_C":"Code2d","_A":"get","_DATA":"{\"path\":\"pages\/share\/share?aid=2\",\"openid\":\"oeDcV0W0lW2u-WnondVku8uZZo4k\"}","openid":"oeDcV0W0lW2u-WnondVku8uZZo4k"}---
1111111111111----run in----2018-01-15 16:48:49+++files[]+++get[]+++request{"_C":"Code2d","_A":"get","_DATA":"{\"path\":\"pages\/share\/share?aid=2\",\"openid\":\"oeDcV0W0lW2u-WnondVku8uZZo4k\"}","openid":"oeDcV0W0lW2u-WnondVku8uZZo4k"}---
1111111111111----run in----2018-01-15 16:49:05+++files[]+++get[]+++request{"_C":"Code2d","_A":"get","_DATA":"{\"path\":\"pages\/share\/share?aid=2\",\"openid\":\"oeDcV0W0lW2u-WnondVku8uZZo4k\"}","openid":"oeDcV0W0lW2u-WnondVku8uZZo4k"}---
1111111111111----run in----2018-01-15 16:49:09+++files[]+++get[]+++request{"_C":"Code2d","_A":"get","_DATA":"{\"path\":\"pages\/share\/share?aid=2\",\"openid\":\"oeDcV0W0lW2u-WnondVku8uZZo4k\"}","openid":"oeDcV0W0lW2u-WnondVku8uZZo4k"}---
1111111111111----run in----2018-01-15 16:49:13+++files[]+++get[]+++request{"_C":"Code2d","_A":"get","_DATA":"{\"path\":\"pages\/share\/share?aid=2\",\"openid\":\"oeDcV0W0lW2u-WnondVku8uZZo4k\"}","openid":"oeDcV0W0lW2u-WnondVku8uZZo4k"}---
1111111111111----run in----2018-01-15 16:49:20+++files[]+++get[]+++request{"_C":"Code2d","_A":"get","_DATA":"{\"path\":\"pages\/share\/share?aid=2\",\"openid\":\"oeDcV0W0lW2u-WnondVku8uZZo4k\"}","openid":"oeDcV0W0lW2u-WnondVku8uZZo4k"}---
1111111111111----run in----2018-01-15 16:49:42+++files[]+++get[]+++request{"_C":"Code2d","_A":"get","_DATA":"{\"path\":\"pages\/share\/share?aid=2\",\"openid\":\"oeDcV0W0lW2u-WnondVku8uZZo4k\"}","openid":"oeDcV0W0lW2u-WnondVku8uZZo4k"}---
1111111111111----run in----2018-01-15 16:49:53+++files[]+++get[]+++request{"_C":"Code2d","_A":"get","_DATA":"{\"path\":\"pages\/share\/share?aid=2\",\"openid\":\"oeDcV0W0lW2u-WnondVku8uZZo4k\"}","openid":"oeDcV0W0lW2u-WnondVku8uZZo4k"}---
1111111111111----run in----2018-01-15 16:50:15+++files[]+++get[]+++request{"_C":"Code2d","_A":"get","_DATA":"{\"path\":\"pages\/share\/share?aid=2\",\"openid\":\"oeDcV0W0lW2u-WnondVku8uZZo4k\"}","openid":"oeDcV0W0lW2u-WnondVku8uZZo4k"}---
1111111111111----run in----2018-01-15 16:50:16+++files[]+++get[]+++request{"_C":"Act","_A":"selectOne","id":"2","group_id":"","openid":"oeDcV0W0lW2u-WnondVku8uZZo4k"}---
1111111111111----run in----2018-01-15 16:50:24+++files[]+++get[]+++request{"_C":"Code2d","_A":"get","_DATA":"{\"path\":\"pages\/share\/share?aid=2\",\"openid\":\"oeDcV0W0lW2u-WnondVku8uZZo4k\"}","openid":"oeDcV0W0lW2u-WnondVku8uZZo4k"}---
1111111111111----run in----2018-01-15 16:50:51+++files[]+++get[]+++request{"_C":"Code2d","_A":"get","_DATA":"{\"path\":\"pages\/share\/share?aid=2\",\"openid\":\"oeDcV0W0lW2u-WnondVku8uZZo4k\"}","openid":"oeDcV0W0lW2u-WnondVku8uZZo4k"}---
1111111111111----run in----2018-01-15 16:50:57+++files[]+++get[]+++request{"_C":"Code2d","_A":"get","_DATA":"{\"path\":\"pages\/share\/share?aid=2\",\"openid\":\"oeDcV0W0lW2u-WnondVku8uZZo4k\"}","openid":"oeDcV0W0lW2u-WnondVku8uZZo4k"}---
1111111111111----run in----2018-01-15 16:52:42+++files[]+++get[]+++request{"_C":"Code2d","_A":"get","_DATA":"{\"path\":\"pages\/share\/share?aid=2\",\"openid\":\"oeDcV0W0lW2u-WnondVku8uZZo4k\"}","openid":"oeDcV0W0lW2u-WnondVku8uZZo4k"}---
1111111111111----run in----2018-01-15 16:55:12+++files[]+++get[]+++request{"_C":"User","_A":"selectOne","openid":"oeDcV0W0lW2u-WnondVku8uZZo4k"}---
1111111111111----run in----2018-01-15 16:57:56+++files[]+++get[]+++request{"_C":"Act","_A":"selectOne","id":"31","group_id":"","openid":"oeDcV0W0lW2u-WnondVku8uZZo4k"}---
1111111111111----run in----2018-01-15 17:07:24+++files[]+++get[]+++request{"_C":"Act","_A":"selectOne","id":"31","group_id":"","openid":"oeDcV0W0lW2u-WnondVku8uZZo4k"}---
1111111111111----run in----2018-01-15 17:07:26+++files[]+++get[]+++request{"_C":"User","_A":"selectOne","openid":"oeDcV0W0lW2u-WnondVku8uZZo4k"}---
1111111111111----run in----2018-01-15 17:07:28+++files[]+++get[]+++request{"_C":"Act","_A":"select","_LIMIT":"0,10","_FILTER":"","openid":"oeDcV0W0lW2u-WnondVku8uZZo4k"}---
1111111111111----run in----2018-01-15 17:07:32+++files[]+++get[]+++request{"_C":"Act","_A":"selectOne","id":"49","group_id":"","openid":"oeDcV0W0lW2u-WnondVku8uZZo4k"}---
1111111111111----run in----2018-01-15 17:07:34+++files[]+++get[]+++request{"_C":"Act","_A":"select","_LIMIT":"0,10","_FILTER":"","openid":"oeDcV0W0lW2u-WnondVku8uZZo4k"}---
1111111111111----run in----2018-01-15 17:07:48+++files[]+++get[]+++request{"_C":"User","_A":"selectOne","openid":"oeDcV0W0lW2u-WnondVku8uZZo4k"}---
1111111111111----run in----2018-01-15 17:07:51+++files[]+++get[]+++request{"_C":"Act","_A":"select","_LIMIT":"0,10","_FILTER":"","openid":"oeDcV0W0lW2u-WnondVku8uZZo4k"}---
1111111111111----run in----2018-01-15 17:07:57+++files[]+++get[]+++request{"_C":"Act","_A":"selectOne","id":"31","group_id":"","openid":"oeDcV0W0lW2u-WnondVku8uZZo4k"}---
1111111111111----run in----2018-01-15 17:11:37+++files[]+++get[]+++request{"_C":"Act","_A":"selectOne","id":"31","group_id":"","openid":"oeDcV0W0lW2u-WnondVku8uZZo4k"}---
1111111111111----run in----2018-01-15 17:11:49+++files[]+++get[]+++request{"_C":"Act","_A":"selectOne","id":"31","group_id":"","openid":"oeDcV0W0lW2u-WnondVku8uZZo4k"}---
1111111111111----run in----2018-01-15 17:24:02+++files[]+++get[]+++request{"_C":"Act","_A":"selectOne","id":"31","group_id":"","openid":"oeDcV0W0lW2u-WnondVku8uZZo4k"}---
1111111111111----run in----2018-01-15 17:24:54+++files[]+++get[]+++request{"_C":"Code2d","_A":"get","_DATA":"{\"path\":\"pages\/share\/share?aid=2\",\"openid\":\"oeDcV0W0lW2u-WnondVku8uZZo4k\"}","openid":"oeDcV0W0lW2u-WnondVku8uZZo4k"}---
1111111111111----run in----2018-01-15 17:40:16+++files[]+++get[]+++request{"_C":"User","_A":"selectOne","openid":"oeDcV0W0lW2u-WnondVku8uZZo4k"}---
1111111111111----run in----2018-01-15 17:40:20+++files[]+++get[]+++request{"_C":"User","_A":"selectOne","openid":"oeDcV0W0lW2u-WnondVku8uZZo4k"}---
1111111111111----run in----2018-01-15 17:40:33+++files[]+++get[]+++request{"_C":"Key","_A":"getWxId","code":"001q7fNX1tw9KT0gpYLX1htwNX1q7fN5","openid":""}---
1111111111111----run in----2018-01-15 17:40:33+++files[]+++get[]+++request{"_C":"User","_A":"selectOne","openid":"oeDcV0W0lW2u-WnondVku8uZZo4k"}---
1111111111111----run in----2018-01-15 17:40:39+++files[]+++get[]+++request{"_C":"User","_A":"selectOne","openid":"oeDcV0W0lW2u-WnondVku8uZZo4k"}---
1111111111111----run in----2018-01-15 17:40:57+++files[]+++get[]+++request{"_C":"User","_A":"selectOne","openid":"oeDcV0W0lW2u-WnondVku8uZZo4k"}---
1111111111111----run in----2018-01-15 17:41:12+++files[]+++get[]+++request{"_C":"User","_A":"selectOne","openid":"oeDcV0W0lW2u-WnondVku8uZZo4k"}---
1111111111111----run in----2018-01-15 17:41:35+++files[]+++get[]+++request{"_C":"User","_A":"selectOne","openid":"oeDcV0W0lW2u-WnondVku8uZZo4k"}---
1111111111111----run in----2018-01-15 17:44:11+++files[]+++get[]+++request{"_C":"User","_A":"selectOne","openid":"oeDcV0W0lW2u-WnondVku8uZZo4k"}---
1111111111111----run in----2018-01-15 17:44:24+++files[]+++get[]+++request{"_C":"Act","_A":"selectOne","id":"31","group_id":"","openid":"oeDcV0W0lW2u-WnondVku8uZZo4k"}---
1111111111111----run in----2018-01-15 17:45:04+++files[]+++get[]+++request{"_C":"Act","_A":"selectOne","id":"31","group_id":"","openid":"oeDcV0W0lW2u-WnondVku8uZZo4k"}---
1111111111111----run in----2018-01-15 17:45:36+++files[]+++get[]+++request{"_C":"Act","_A":"selectOne","id":"31","group_id":"","openid":"oeDcV0W0lW2u-WnondVku8uZZo4k"}---
1111111111111----run in----2018-01-15 17:46:45+++files[]+++get[]+++request{"_C":"Act","_A":"selectOne","id":"31","group_id":"","openid":"oeDcV0W0lW2u-WnondVku8uZZo4k"}---
1111111111111----run in----2018-01-15 17:47:36+++files[]+++get[]+++request{"_C":"Act","_A":"selectOne","id":"31","group_id":"","openid":"oeDcV0W0lW2u-WnondVku8uZZo4k"}---
1111111111111----run in----2018-01-15 17:48:09+++files[]+++get[]+++request{"_C":"Act","_A":"selectOne","id":"31","group_id":"","openid":"oeDcV0W0lW2u-WnondVku8uZZo4k"}---
1111111111111----run in----2018-01-15 17:57:35+++files[]+++get[]+++request{"_C":"Act","_A":"selectOne","id":"31","group_id":"","openid":"oeDcV0W0lW2u-WnondVku8uZZo4k"}---
1111111111111----run in----2018-01-15 17:59:29+++files[]+++get[]+++request{"_C":"Act","_A":"selectOne","id":"31","group_id":"","openid":"oeDcV0W0lW2u-WnondVku8uZZo4k"}---
1111111111111----run in----2018-01-15 18:00:09+++files[]+++get[]+++request{"_C":"Act","_A":"selectOne","id":"31","group_id":"","openid":"oeDcV0W0lW2u-WnondVku8uZZo4k"}---
1111111111111----run in----2018-01-15 18:00:26+++files[]+++get[]+++request{"_C":"Act","_A":"selectOne","id":"31","group_id":"","openid":"oeDcV0W0lW2u-WnondVku8uZZo4k"}---
1111111111111----run in----2018-01-15 18:00:46+++files[]+++get[]+++request{"_C":"Act","_A":"selectOne","id":"31","group_id":"","openid":"oeDcV0W0lW2u-WnondVku8uZZo4k"}---
1111111111111----run in----2018-01-15 18:00:58+++files[]+++get[]+++request{"_C":"Act","_A":"selectOne","id":"31","group_id":"","openid":"oeDcV0W0lW2u-WnondVku8uZZo4k"}---
1111111111111----run in----2018-01-15 18:01:12+++files[]+++get[]+++request{"_C":"Act","_A":"selectOne","id":"31","group_id":"","openid":"oeDcV0W0lW2u-WnondVku8uZZo4k"}---
1111111111111----run in----2018-01-15 18:02:28+++files[]+++get[]+++request{"_C":"Act","_A":"selectOne","id":"31","group_id":"","openid":"oeDcV0W0lW2u-WnondVku8uZZo4k"}---
1111111111111----run in----2018-01-15 18:02:55+++files[]+++get[]+++request{"_C":"Act","_A":"selectOne","id":"31","group_id":"","openid":"oeDcV0W0lW2u-WnondVku8uZZo4k"}---
1111111111111----run in----2018-01-15 18:03:02+++files[]+++get[]+++request{"_C":"Act","_A":"selectOne","id":"31","group_id":"","openid":"oeDcV0W0lW2u-WnondVku8uZZo4k"}---
1111111111111----run in----2018-01-15 18:03:30+++files[]+++get[]+++request{"_C":"Act","_A":"selectOne","id":"31","group_id":"","openid":"oeDcV0W0lW2u-WnondVku8uZZo4k"}---
1111111111111----run in----2018-01-15 18:03:37+++files[]+++get[]+++request{"_C":"Act","_A":"selectOne","id":"31","group_id":"","openid":"oeDcV0W0lW2u-WnondVku8uZZo4k"}---
1111111111111----run in----2018-01-15 18:03:52+++files[]+++get[]+++request{"_C":"Act","_A":"selectOne","id":"31","group_id":"","openid":"oeDcV0W0lW2u-WnondVku8uZZo4k"}---
1111111111111----run in----2018-01-15 18:07:11+++files[]+++get[]+++request{"_C":"Act","_A":"selectOne","id":"31","group_id":"","openid":"oeDcV0W0lW2u-WnondVku8uZZo4k"}---
1111111111111----run in----2018-01-15 18:07:19+++files[]+++get[]+++request{"_C":"Act","_A":"selectOne","id":"31","group_id":"","openid":"oeDcV0W0lW2u-WnondVku8uZZo4k"}---
1111111111111----run in----2018-01-15 18:07:31+++files[]+++get[]+++request{"_C":"Act","_A":"selectOne","id":"31","group_id":"","openid":"oeDcV0W0lW2u-WnondVku8uZZo4k"}---
1111111111111----run in----2018-01-15 18:07:36+++files[]+++get[]+++request{"_C":"Act","_A":"selectOne","id":"31","group_id":"","openid":"oeDcV0W0lW2u-WnondVku8uZZo4k"}---
1111111111111----run in----2018-01-15 18:07:41+++files[]+++get[]+++request{"_C":"Act","_A":"selectOne","id":"31","group_id":"","openid":"oeDcV0W0lW2u-WnondVku8uZZo4k"}---
1111111111111----run in----2018-01-15 18:15:11+++files[]+++get[]+++request{"_C":"Act","_A":"selectOne","id":"31","group_id":"","openid":"oeDcV0W0lW2u-WnondVku8uZZo4k"}---
1111111111111----run in----2018-01-15 18:15:16+++files[]+++get[]+++request{"_C":"Code2d","_A":"get","_DATA":"{\"path\":\"pages\/share\/share?aid=2\",\"openid\":\"oeDcV0W0lW2u-WnondVku8uZZo4k\"}","openid":"oeDcV0W0lW2u-WnondVku8uZZo4k"}---
1111111111111----run in----2018-01-15 18:15:31+++files[]+++get[]+++request{"_C":"Code2d","_A":"get","_DATA":"{\"path\":\"pages\/share\/share?aid=2\",\"openid\":\"oeDcV0TIhZCvU1UFnqrdS_fKJxW0\"}","openid":"oeDcV0TIhZCvU1UFnqrdS_fKJxW0"}---
1111111111111----run in----2018-01-15 18:16:08+++files[]+++get[]+++request{"_C":"Act","_A":"selectOne","id":"2","group_id":"","openid":"oeDcV0TIhZCvU1UFnqrdS_fKJxW0"}---
1111111111111----run in----2018-01-15 18:16:10+++files[]+++get[]+++request{"_C":"User","_A":"selectOne","openid":"oeDcV0TIhZCvU1UFnqrdS_fKJxW0"}---
1111111111111----run in----2018-01-15 18:16:12+++files[]+++get[]+++request{"_C":"Act","_A":"select","_LIMIT":"0,10","_FILTER":"","openid":"oeDcV0TIhZCvU1UFnqrdS_fKJxW0"}---
1111111111111----run in----2018-01-15 18:16:16+++files[]+++get[]+++request{"_C":"User","_A":"selectOne","openid":"oeDcV0W0lW2u-WnondVku8uZZo4k"}---
1111111111111----run in----2018-01-15 18:16:18+++files[]+++get[]+++request{"_C":"My","_A":"selectIn","_LIMIT":"0,2","openid":"oeDcV0TIhZCvU1UFnqrdS_fKJxW0"}---
1111111111111----run in----2018-01-15 18:16:18+++files[]+++get[]+++request{"_C":"Money","_A":"selectOne","openid":"oeDcV0TIhZCvU1UFnqrdS_fKJxW0"}---
1111111111111----run in----2018-01-15 18:16:20+++files[]+++get[]+++request{"_C":"Act","_A":"select","_LIMIT":"0,10","_FILTER":"","openid":"oeDcV0TIhZCvU1UFnqrdS_fKJxW0"}---
1111111111111----run in----2018-01-15 18:16:26+++files[]+++get[]+++request{"_C":"User","_A":"selectOne","openid":"oeDcV0TIhZCvU1UFnqrdS_fKJxW0"}---
1111111111111----run in----2018-01-15 18:16:31+++files[]+++get[]+++request{"_C":"User","_A":"selectOne","openid":"oeDcV0TIhZCvU1UFnqrdS_fKJxW0"}---
1111111111111----run in----2018-01-15 18:16:32+++files[]+++get[]+++request{"_C":"Act","_A":"select","_LIMIT":"0,10","_FILTER":"","openid":"oeDcV0TIhZCvU1UFnqrdS_fKJxW0"}---
1111111111111----run in----2018-01-15 18:16:35+++files[]+++get[]+++request{"_C":"Money","_A":"selectOne","openid":"oeDcV0TIhZCvU1UFnqrdS_fKJxW0"}---
1111111111111----run in----2018-01-15 18:16:35+++files[]+++get[]+++request{"_C":"My","_A":"selectIn","_LIMIT":"0,2","openid":"oeDcV0TIhZCvU1UFnqrdS_fKJxW0"}---
1111111111111----run in----2018-01-15 18:16:39+++files[]+++get[]+++request{"_C":"Money","_A":"selectOne","openid":"oeDcV0TIhZCvU1UFnqrdS_fKJxW0"}---
1111111111111----run in----2018-01-15 18:16:39+++files[]+++get[]+++request{"_C":"My","_A":"selectIn","_LIMIT":"0,2","openid":"oeDcV0TIhZCvU1UFnqrdS_fKJxW0"}---
1111111111111----run in----2018-01-15 18:16:45+++files[]+++get[]+++request{"_C":"User","_A":"selectOne","openid":"oeDcV0TIhZCvU1UFnqrdS_fKJxW0"}---
1111111111111----run in----2018-01-15 18:16:49+++files[]+++get[]+++request{"_C":"Money","_A":"selectOne","openid":"oeDcV0TIhZCvU1UFnqrdS_fKJxW0"}---
1111111111111----run in----2018-01-15 18:16:49+++files[]+++get[]+++request{"_C":"My","_A":"selectIn","_LIMIT":"0,2","openid":"oeDcV0TIhZCvU1UFnqrdS_fKJxW0"}---
1111111111111----run in----2018-01-15 18:16:50+++files[]+++get[]+++request{"_C":"Act","_A":"select","_LIMIT":"0,10","_FILTER":"","openid":"oeDcV0TIhZCvU1UFnqrdS_fKJxW0"}---
1111111111111----run in----2018-01-15 18:16:51+++files[]+++get[]+++request{"_C":"Money","_A":"selectOne","openid":"oeDcV0TIhZCvU1UFnqrdS_fKJxW0"}---
1111111111111----run in----2018-01-15 18:16:51+++files[]+++get[]+++request{"_C":"My","_A":"selectIn","_LIMIT":"0,2","openid":"oeDcV0TIhZCvU1UFnqrdS_fKJxW0"}---
1111111111111----run in----2018-01-15 18:16:52+++files[]+++get[]+++request{"_C":"Act","_A":"select","_LIMIT":"0,10","_FILTER":"","openid":"oeDcV0TIhZCvU1UFnqrdS_fKJxW0"}---
1111111111111----run in----2018-01-15 18:16:52+++files[]+++get[]+++request{"_C":"Act","_A":"selectOne","id":"49","group_id":"","openid":"oeDcV0TIhZCvU1UFnqrdS_fKJxW0"}---
1111111111111----run in----2018-01-15 18:17:20+++files[]+++get[]+++request{"_C":"Act","_A":"select","_LIMIT":"0,10","_FILTER":"","openid":"oeDcV0TIhZCvU1UFnqrdS_fKJxW0"}---
1111111111111----run in----2018-01-15 18:17:36+++files[]+++get[]+++request{"_C":"Act","_A":"select","_LIMIT":"0,10","_FILTER":"","openid":"oeDcV0TIhZCvU1UFnqrdS_fKJxW0"}---
1111111111111----run in----2018-01-15 20:53:55+++files[]+++get[]+++request{"_C":"User","_A":"selectOne","openid":"oeDcV0TIhZCvU1UFnqrdS_fKJxW0"}---
1111111111111----run in----2018-01-15 20:53:56+++files[]+++get[]+++request{"_C":"Money","_A":"selectOne","openid":"oeDcV0TIhZCvU1UFnqrdS_fKJxW0"}---
1111111111111----run in----2018-01-15 20:53:56+++files[]+++get[]+++request{"_C":"My","_A":"selectIn","_LIMIT":"0,2","openid":"oeDcV0TIhZCvU1UFnqrdS_fKJxW0"}---
1111111111111----run in----2018-01-15 20:54:12+++files[]+++get[]+++request{"_C":"Money","_A":"selectOne","openid":"oeDcV0TIhZCvU1UFnqrdS_fKJxW0"}---
1111111111111----run in----2018-01-15 20:54:12+++files[]+++get[]+++request{"_C":"My","_A":"selectIn","_LIMIT":"0,2","openid":"oeDcV0TIhZCvU1UFnqrdS_fKJxW0"}---
1111111111111----run in----2018-01-15 20:54:15+++files[]+++get[]+++request{"_C":"Act","_A":"select","_LIMIT":"0,10","_FILTER":"","openid":"oeDcV0TIhZCvU1UFnqrdS_fKJxW0"}---
1111111111111----run in----2018-01-15 20:54:19+++files[]+++get[]+++request{"_C":"Money","_A":"selectOne","openid":"oeDcV0TIhZCvU1UFnqrdS_fKJxW0"}---
1111111111111----run in----2018-01-15 20:54:19+++files[]+++get[]+++request{"_C":"My","_A":"selectIn","_LIMIT":"0,2","openid":"oeDcV0TIhZCvU1UFnqrdS_fKJxW0"}---
1111111111111----run in----2018-01-15 20:54:22+++files[]+++get[]+++request{"_C":"User","_A":"selectOne","openid":"oeDcV0TIhZCvU1UFnqrdS_fKJxW0"}---
1111111111111----run in----2018-01-15 20:54:24+++files[]+++get[]+++request{"_C":"Money","_A":"selectOne","openid":"oeDcV0TIhZCvU1UFnqrdS_fKJxW0"}---
1111111111111----run in----2018-01-15 20:54:24+++files[]+++get[]+++request{"_C":"My","_A":"selectIn","_LIMIT":"0,2","openid":"oeDcV0TIhZCvU1UFnqrdS_fKJxW0"}---
1111111111111----run in----2018-01-15 20:54:26+++files[]+++get[]+++request{"_C":"My","_A":"selectIn","_LIMIT":"0,20","openid":"oeDcV0TIhZCvU1UFnqrdS_fKJxW0"}---
1111111111111----run in----2018-01-15 20:54:28+++files[]+++get[]+++request{"_C":"Money","_A":"selectOne","openid":"oeDcV0TIhZCvU1UFnqrdS_fKJxW0"}---
1111111111111----run in----2018-01-15 20:54:28+++files[]+++get[]+++request{"_C":"My","_A":"selectIn","_LIMIT":"0,2","openid":"oeDcV0TIhZCvU1UFnqrdS_fKJxW0"}---
1111111111111----run in----2018-01-15 20:54:29+++files[]+++get[]+++request{"_C":"My","_A":"selectIn","_LIMIT":"0,20","openid":"oeDcV0TIhZCvU1UFnqrdS_fKJxW0"}---
1111111111111----run in----2018-01-15 20:54:32+++files[]+++get[]+++request{"_C":"Money","_A":"selectOne","openid":"oeDcV0TIhZCvU1UFnqrdS_fKJxW0"}---
1111111111111----run in----2018-01-15 20:54:32+++files[]+++get[]+++request{"_C":"My","_A":"selectIn","_LIMIT":"0,2","openid":"oeDcV0TIhZCvU1UFnqrdS_fKJxW0"}---
1111111111111----run in----2018-01-15 20:54:35+++files[]+++get[]+++request{"_C":"Act","_A":"select","_LIMIT":"0,10","_FILTER":"","openid":"oeDcV0TIhZCvU1UFnqrdS_fKJxW0"}---
1111111111111----run in----2018-01-15 20:54:36+++files[]+++get[]+++request{"_C":"User","_A":"selectOne","openid":"oeDcV0TIhZCvU1UFnqrdS_fKJxW0"}---
1111111111111----run in----2018-01-15 20:54:44+++files[]+++get[]+++request{"_C":"User","_A":"selectOne","openid":"oeDcV0TIhZCvU1UFnqrdS_fKJxW0"}---
1111111111111----run in----2018-01-15 20:54:46+++files[]+++get[]+++request{"_C":"Act","_A":"select","_LIMIT":"0,10","_FILTER":"","openid":"oeDcV0TIhZCvU1UFnqrdS_fKJxW0"}---
1111111111111----run in----2018-01-15 20:54:48+++files[]+++get[]+++request{"_C":"User","_A":"selectOne","openid":"oeDcV0TIhZCvU1UFnqrdS_fKJxW0"}---
1111111111111----run in----2018-01-15 20:54:50+++files[]+++get[]+++request{"_C":"Money","_A":"selectOne","openid":"oeDcV0TIhZCvU1UFnqrdS_fKJxW0"}---
1111111111111----run in----2018-01-15 20:54:50+++files[]+++get[]+++request{"_C":"My","_A":"selectIn","_LIMIT":"0,2","openid":"oeDcV0TIhZCvU1UFnqrdS_fKJxW0"}---
1111111111111----run in----2018-01-15 20:54:51+++files[]+++get[]+++request{"_C":"Act","_A":"select","_LIMIT":"0,10","_FILTER":"","openid":"oeDcV0TIhZCvU1UFnqrdS_fKJxW0"}---
1111111111111----run in----2018-01-15 20:54:52+++files[]+++get[]+++request{"_C":"User","_A":"selectOne","openid":"oeDcV0TIhZCvU1UFnqrdS_fKJxW0"}---
1111111111111----run in----2018-01-15 20:54:52+++files[]+++get[]+++request{"_C":"Act","_A":"select","_LIMIT":"0,10","_FILTER":"","openid":"oeDcV0TIhZCvU1UFnqrdS_fKJxW0"}---
1111111111111----run in----2018-01-15 20:54:53+++files[]+++get[]+++request{"_C":"Money","_A":"selectOne","openid":"oeDcV0TIhZCvU1UFnqrdS_fKJxW0"}---
1111111111111----run in----2018-01-15 20:54:53+++files[]+++get[]+++request{"_C":"My","_A":"selectIn","_LIMIT":"0,2","openid":"oeDcV0TIhZCvU1UFnqrdS_fKJxW0"}---
1111111111111----run in----2018-01-15 20:54:53+++files[]+++get[]+++request{"_C":"Act","_A":"select","_LIMIT":"0,10","_FILTER":"","openid":"oeDcV0TIhZCvU1UFnqrdS_fKJxW0"}---
1111111111111----run in----2018-01-15 20:54:54+++files[]+++get[]+++request{"_C":"User","_A":"selectOne","openid":"oeDcV0TIhZCvU1UFnqrdS_fKJxW0"}---
1111111111111----run in----2018-01-15 20:54:54+++files[]+++get[]+++request{"_C":"Act","_A":"select","_LIMIT":"0,10","_FILTER":"","openid":"oeDcV0TIhZCvU1UFnqrdS_fKJxW0"}---
1111111111111----run in----2018-01-15 20:54:55+++files[]+++get[]+++request{"_C":"Money","_A":"selectOne","openid":"oeDcV0TIhZCvU1UFnqrdS_fKJxW0"}---
1111111111111----run in----2018-01-15 20:54:55+++files[]+++get[]+++request{"_C":"My","_A":"selectIn","_LIMIT":"0,2","openid":"oeDcV0TIhZCvU1UFnqrdS_fKJxW0"}---
1111111111111----run in----2018-01-15 20:54:56+++files[]+++get[]+++request{"_C":"Act","_A":"select","_LIMIT":"0,10","_FILTER":"","openid":"oeDcV0TIhZCvU1UFnqrdS_fKJxW0"}---
1111111111111----run in----2018-01-15 20:54:56+++files[]+++get[]+++request{"_C":"User","_A":"selectOne","openid":"oeDcV0TIhZCvU1UFnqrdS_fKJxW0"}---
1111111111111----run in----2018-01-15 20:54:57+++files[]+++get[]+++request{"_C":"Act","_A":"select","_LIMIT":"0,10","_FILTER":"","openid":"oeDcV0TIhZCvU1UFnqrdS_fKJxW0"}---
1111111111111----run in----2018-01-15 20:54:57+++files[]+++get[]+++request{"_C":"Money","_A":"selectOne","openid":"oeDcV0TIhZCvU1UFnqrdS_fKJxW0"}---
1111111111111----run in----2018-01-15 20:54:57+++files[]+++get[]+++request{"_C":"My","_A":"selectIn","_LIMIT":"0,2","openid":"oeDcV0TIhZCvU1UFnqrdS_fKJxW0"}---
1111111111111----run in----2018-01-15 20:54:58+++files[]+++get[]+++request{"_C":"Act","_A":"select","_LIMIT":"0,10","_FILTER":"","openid":"oeDcV0TIhZCvU1UFnqrdS_fKJxW0"}---
1111111111111----run in----2018-01-15 20:54:58+++files[]+++get[]+++request{"_C":"User","_A":"selectOne","openid":"oeDcV0TIhZCvU1UFnqrdS_fKJxW0"}---
1111111111111----run in----2018-01-15 20:55:00+++files[]+++get[]+++request{"_C":"Act","_A":"select","_LIMIT":"0,10","_FILTER":"","openid":"oeDcV0TIhZCvU1UFnqrdS_fKJxW0"}---
1111111111111----run in----2018-01-15 20:55:00+++files[]+++get[]+++request{"_C":"Money","_A":"selectOne","openid":"oeDcV0TIhZCvU1UFnqrdS_fKJxW0"}---
1111111111111----run in----2018-01-15 20:55:00+++files[]+++get[]+++request{"_C":"My","_A":"selectIn","_LIMIT":"0,2","openid":"oeDcV0TIhZCvU1UFnqrdS_fKJxW0"}---
1111111111111----run in----2018-01-15 20:55:02+++files[]+++get[]+++request{"_C":"Act","_A":"select","_LIMIT":"0,10","_FILTER":"","openid":"oeDcV0TIhZCvU1UFnqrdS_fKJxW0"}---
1111111111111----run in----2018-01-15 20:55:03+++files[]+++get[]+++request{"_C":"Act","_A":"selectOne","id":"49","group_id":"","openid":"oeDcV0TIhZCvU1UFnqrdS_fKJxW0"}---
1111111111111----run in----2018-01-15 20:57:10+++files[]+++get[]+++request{"_C":"Act","_A":"select","_LIMIT":"0,10","_FILTER":"","openid":"oeDcV0TIhZCvU1UFnqrdS_fKJxW0"}---
1111111111111----run in----2018-01-15 20:57:10+++files[]+++get[]+++request{"_C":"Money","_A":"selectOne","openid":"oeDcV0TIhZCvU1UFnqrdS_fKJxW0"}---
1111111111111----run in----2018-01-15 20:57:10+++files[]+++get[]+++request{"_C":"My","_A":"selectIn","_LIMIT":"0,2","openid":"oeDcV0TIhZCvU1UFnqrdS_fKJxW0"}---
1111111111111----run in----2018-01-15 20:57:12+++files[]+++get[]+++request{"_C":"User","_A":"selectOne","openid":"oeDcV0TIhZCvU1UFnqrdS_fKJxW0"}---
1111111111111----run in----2018-01-15 20:57:16+++files[]+++get[]+++request{"_C":"Money","_A":"selectOne","openid":"oeDcV0TIhZCvU1UFnqrdS_fKJxW0"}---
1111111111111----run in----2018-01-15 20:57:16+++files[]+++get[]+++request{"_C":"My","_A":"selectIn","_LIMIT":"0,2","openid":"oeDcV0TIhZCvU1UFnqrdS_fKJxW0"}---
1111111111111----run in----2018-01-15 20:57:18+++files[]+++get[]+++request{"_C":"Act","_A":"select","_LIMIT":"0,10","_FILTER":"","openid":"oeDcV0TIhZCvU1UFnqrdS_fKJxW0"}---
1111111111111----run in----2018-01-15 20:57:19+++files[]+++get[]+++request{"_C":"User","_A":"selectOne","openid":"oeDcV0TIhZCvU1UFnqrdS_fKJxW0"}---
1111111111111----run in----2018-01-15 20:57:20+++files[]+++get[]+++request{"_C":"Act","_A":"select","_LIMIT":"0,10","_FILTER":"","openid":"oeDcV0TIhZCvU1UFnqrdS_fKJxW0"}---
1111111111111----run in----2018-01-15 20:57:20+++files[]+++get[]+++request{"_C":"Money","_A":"selectOne","openid":"oeDcV0TIhZCvU1UFnqrdS_fKJxW0"}---
1111111111111----run in----2018-01-15 20:57:20+++files[]+++get[]+++request{"_C":"My","_A":"selectIn","_LIMIT":"0,2","openid":"oeDcV0TIhZCvU1UFnqrdS_fKJxW0"}---
1111111111111----run in----2018-01-15 20:57:21+++files[]+++get[]+++request{"_C":"Act","_A":"select","_LIMIT":"0,10","_FILTER":"","openid":"oeDcV0TIhZCvU1UFnqrdS_fKJxW0"}---
1111111111111----run in----2018-01-15 20:57:22+++files[]+++get[]+++request{"_C":"Act","_A":"selectOne","id":"49","group_id":"","openid":"oeDcV0TIhZCvU1UFnqrdS_fKJxW0"}---
1111111111111----run in----2018-01-15 20:57:31+++files[]+++get[]+++request{"_C":"Act","_A":"select","_LIMIT":"0,10","_FILTER":"","openid":"oeDcV0TIhZCvU1UFnqrdS_fKJxW0"}---
1111111111111----run in----2018-01-15 20:57:31+++files[]+++get[]+++request{"_C":"Money","_A":"selectOne","openid":"oeDcV0TIhZCvU1UFnqrdS_fKJxW0"}---
1111111111111----run in----2018-01-15 20:57:31+++files[]+++get[]+++request{"_C":"My","_A":"selectIn","_LIMIT":"0,2","openid":"oeDcV0TIhZCvU1UFnqrdS_fKJxW0"}---
1111111111111----run in----2018-01-15 20:57:37+++files[]+++get[]+++request{"_C":"User","_A":"selectOne","openid":"oeDcV0TIhZCvU1UFnqrdS_fKJxW0"}---
1111111111111----run in----2018-01-15 20:57:41+++files[]+++get[]+++request{"_C":"Money","_A":"selectOne","openid":"oeDcV0TIhZCvU1UFnqrdS_fKJxW0"}---
1111111111111----run in----2018-01-15 20:57:41+++files[]+++get[]+++request{"_C":"My","_A":"selectIn","_LIMIT":"0,2","openid":"oeDcV0TIhZCvU1UFnqrdS_fKJxW0"}---
1111111111111----run in----2018-01-15 20:57:41+++files[]+++get[]+++request{"_C":"User","_A":"selectOne","openid":"oeDcV0TIhZCvU1UFnqrdS_fKJxW0"}---
1111111111111----run in----2018-01-15 20:57:42+++files[]+++get[]+++request{"_C":"Act","_A":"select","_LIMIT":"0,10","_FILTER":"","openid":"oeDcV0TIhZCvU1UFnqrdS_fKJxW0"}---
1111111111111----run in----2018-01-15 20:57:43+++files[]+++get[]+++request{"_C":"Act","_A":"selectOne","id":"43","group_id":"","openid":"oeDcV0TIhZCvU1UFnqrdS_fKJxW0"}---
1111111111111----run in----2018-01-15 20:57:48+++files[]+++get[]+++request{"_C":"Act","_A":"selectOne","id":"43","group_id":"412","openid":"oeDcV0TIhZCvU1UFnqrdS_fKJxW0"}---
1111111111111----run in----2018-01-15 20:57:49+++files[]+++get[]+++request{"_C":"User","_A":"selectOne","openid":"oeDcV0TIhZCvU1UFnqrdS_fKJxW0"}---
1111111111111----run in----2018-01-15 20:57:50+++files[]+++get[]+++request{"_C":"Act","_A":"select","_LIMIT":"0,10","_FILTER":"","openid":"oeDcV0TIhZCvU1UFnqrdS_fKJxW0"}---
1111111111111----run in----2018-01-15 20:57:52+++files[]+++get[]+++request{"_C":"Act","_A":"selectOne","id":"49","group_id":"","openid":"oeDcV0TIhZCvU1UFnqrdS_fKJxW0"}---
1111111111111----run in----2018-01-15 20:57:59+++files[]+++get[]+++request{"_C":"Act","_A":"select","_LIMIT":"0,10","_FILTER":"","openid":"oeDcV0TIhZCvU1UFnqrdS_fKJxW0"}---
1111111111111----run in----2018-01-15 20:58:01+++files[]+++get[]+++request{"_C":"User","_A":"selectOne","openid":"oeDcV0TIhZCvU1UFnqrdS_fKJxW0"}---
1111111111111----run in----2018-01-15 20:58:03+++files[]+++get[]+++request{"_C":"User","_A":"selectOne","openid":"oeDcV0TIhZCvU1UFnqrdS_fKJxW0"}---
