1111111111111----run in----2018-01-22 09:20:54+++files[]+++get[]+++request{"_C":"User","_A":"selectOne","openid":"oqwUY4yUqU2tV5iezn8AOBiC0Kj0"}---
1111111111111----run in----2018-01-22 09:21:05+++files[]+++get[]+++request{"_C":"Act","_A":"select","_LIMIT":"0,8","_FILTER":"","openid":"oqwUY4yUqU2tV5iezn8AOBiC0Kj0"}---
1111111111111----run in----2018-01-22 09:21:11+++files[]+++get[]+++request{"_C":"Money","_A":"selectOne","openid":"oqwUY4yUqU2tV5iezn8AOBiC0Kj0"}---
1111111111111----run in----2018-01-22 09:21:11+++files[]+++get[]+++request{"_C":"My","_A":"selectIn","_LIMIT":"0,2","openid":"oqwUY4yUqU2tV5iezn8AOBiC0Kj0"}---
1111111111111----run in----2018-01-22 09:21:14+++files[]+++get[]+++request{"_C":"User","_A":"selectOne","openid":"oqwUY4yUqU2tV5iezn8AOBiC0Kj0"}---
1111111111111----run in----2018-01-22 09:21:18+++files[]+++get[]+++request{"_C":"User","_A":"selectOne","openid":"oqwUY4yUqU2tV5iezn8AOBiC0Kj0"}---
1111111111111----run in----2018-01-22 09:21:21+++files[]+++get[]+++request{"_C":"Key","_A":"getAccessToken","openid":"oqwUY4yUqU2tV5iezn8AOBiC0Kj0"}---
1111111111111----run in----2018-01-22 09:22:09+++files[]+++get[]+++request{"_C":"User","_A":"selectOne","openid":"oqwUY4yUqU2tV5iezn8AOBiC0Kj0"}---
1111111111111----run in----2018-01-22 09:22:12+++files[]+++get[]+++request{"_C":"User","_A":"selectOne","openid":"oqwUY4yUqU2tV5iezn8AOBiC0Kj0"}---
1111111111111----run in----2018-01-22 09:22:14+++files[]+++get[]+++request{"_C":"Key","_A":"getAccessToken","openid":"oqwUY4yUqU2tV5iezn8AOBiC0Kj0"}---
1111111111111----run in----2018-01-22 09:23:40+++files[]+++get[]+++request{"_C":"User","_A":"selectOne","openid":"oqwUY4yUqU2tV5iezn8AOBiC0Kj0"}---
1111111111111----run in----2018-01-22 09:23:41+++files[]+++get[]+++request{"_C":"Key","_A":"getWxId","code":"021cVmUF02GkGj2CHKVF08jmUF0cVmUG","openid":"oqwUY4yUqU2tV5iezn8AOBiC0Kj0"}---
1111111111111----run in----2018-01-22 09:23:43+++files[]+++get[]+++request{"_C":"User","_A":"selectOne","openid":"oqwUY4yUqU2tV5iezn8AOBiC0Kj0"}---
1111111111111----run in----2018-01-22 09:23:47+++files[]+++get[]+++request{"_C":"Money","_A":"selectOne","openid":"oqwUY4yUqU2tV5iezn8AOBiC0Kj0"}---
1111111111111----run in----2018-01-22 09:23:47+++files[]+++get[]+++request{"_C":"My","_A":"selectIn","_LIMIT":"0,2","openid":"oqwUY4yUqU2tV5iezn8AOBiC0Kj0"}---
1111111111111----run in----2018-01-22 09:23:48+++files[]+++get[]+++request{"_C":"User","_A":"selectOne","openid":"oqwUY4yUqU2tV5iezn8AOBiC0Kj0"}---
1111111111111----run in----2018-01-22 09:23:51+++files[]+++get[]+++request{"_C":"My","_A":"selectIn","_LIMIT":"0,2","openid":"oqwUY4yUqU2tV5iezn8AOBiC0Kj0"}---
1111111111111----run in----2018-01-22 09:23:51+++files[]+++get[]+++request{"_C":"Money","_A":"selectOne","openid":"oqwUY4yUqU2tV5iezn8AOBiC0Kj0"}---
1111111111111----run in----2018-01-22 09:23:51+++files[]+++get[]+++request{"_C":"User","_A":"selectOne","openid":"oqwUY4yUqU2tV5iezn8AOBiC0Kj0"}---
1111111111111----run in----2018-01-22 09:23:58+++files[]+++get[]+++request{"_C":"User","_A":"selectOne","openid":"oqwUY4yUqU2tV5iezn8AOBiC0Kj0"}---
1111111111111----run in----2018-01-22 09:24:02+++files[]+++get[]+++request{"_C":"Key","_A":"getAccessToken","openid":"oqwUY4yUqU2tV5iezn8AOBiC0Kj0"}---
1111111111111----run in----2018-01-22 09:24:17+++files{"file":{"name":"tmp_84a1bae5d9cb7b633674afbfa960ca89eacce3298927bf00.png","type":"image\/png","tmp_name":"\/tmp\/phpDrhT1g","error":0,"size":449691}}+++get[]+++request{"_C":"Pic","path":"act\/poster","_A":"upload","openid":"oqwUY4yUqU2tV5iezn8AOBiC0Kj0"}---
2018-01-22 09:24:17:{"file":{"name":"tmp_84a1bae5d9cb7b633674afbfa960ca89eacce3298927bf00.png","type":"image\/png","tmp_name":"\/tmp\/phpDrhT1g","error":0,"size":449691}}
1111111111111----run in----2018-01-22 09:25:01+++files[]+++get[]+++request{"_C":"User","_A":"selectOne","openid":"oqwUY4yUqU2tV5iezn8AOBiC0Kj0"}---
1111111111111----run in----2018-01-22 09:33:11+++files[]+++get[]+++request{"_C":"User","_A":"selectOne","openid":"oqwUY4yUqU2tV5iezn8AOBiC0Kj0"}---
1111111111111----run in----2018-01-22 09:43:34+++files[]+++get[]+++request{"_C":"Key","_A":"getWxId","code":"003l16J719940T1uE5K71fRgJ71l16J7","openid":""}---
1111111111111----run in----2018-01-22 09:43:34+++files[]+++get[]+++request{"_C":"Key","_A":"getWxId","code":"003l16J719940T1uE5K71fRgJ71l16J7","openid":""}---
1111111111111----run in----2018-01-22 09:43:35+++files[]+++get[]+++request{"_C":"User","_A":"selectOne","openid":""}---
1111111111111----run in----2018-01-22 09:43:35+++files[]+++get[]+++request{"_C":"User","_A":"selectOne","openid":"oqwUY43puYDedzWuzHQsEasZa78I"}---
1111111111111----run in----2018-01-22 09:43:36+++files[]+++get[]+++request{"_C":"User","_A":"selectOne","openid":"oqwUY4yUqU2tV5iezn8AOBiC0Kj0"}---
1111111111111----run in----2018-01-22 09:43:39+++files[]+++get[]+++request{"_C":"Act","_A":"select","_LIMIT":"0,8","_FILTER":"","openid":"oqwUY43puYDedzWuzHQsEasZa78I"}---
1111111111111----run in----2018-01-22 09:43:43+++files[]+++get[]+++request{"_C":"User","_A":"selectOne","openid":"oqwUY43puYDedzWuzHQsEasZa78I"}---
1111111111111----run in----2018-01-22 09:43:51+++files[]+++get[]+++request{"_C":"User","_A":"selectOne","openid":"oqwUY43puYDedzWuzHQsEasZa78I"}---
1111111111111----run in----2018-01-22 09:43:59+++files[]+++get[]+++request{"_C":"Act","_A":"select","_LIMIT":"0,8","_FILTER":"","openid":"oqwUY43puYDedzWuzHQsEasZa78I"}---
1111111111111----run in----2018-01-22 09:44:00+++files[]+++get[]+++request{"_C":"User","_A":"selectOne","openid":"oqwUY43puYDedzWuzHQsEasZa78I"}---
1111111111111----run in----2018-01-22 09:44:05+++files[]+++get[]+++request{"_C":"User","_A":"selectOne","openid":"oqwUY4yUqU2tV5iezn8AOBiC0Kj0"}---
1111111111111----run in----2018-01-22 09:44:09+++files[]+++get[]+++request{"_C":"User","_A":"selectOne","openid":"oqwUY43puYDedzWuzHQsEasZa78I"}---
1111111111111----run in----2018-01-22 09:44:15+++files[]+++get[]+++request{"_C":"Key","_A":"getAccessToken","openid":"oqwUY4yUqU2tV5iezn8AOBiC0Kj0"}---
1111111111111----run in----2018-01-22 09:44:22+++files[]+++get[]+++request{"_C":"User","_A":"selectOne","openid":"oqwUY4yUqU2tV5iezn8AOBiC0Kj0"}---
1111111111111----run in----2018-01-22 09:44:23+++files[]+++get[]+++request{"_C":"Money","_A":"selectOne","openid":"oqwUY4yUqU2tV5iezn8AOBiC0Kj0"}---
1111111111111----run in----2018-01-22 09:44:23+++files[]+++get[]+++request{"_C":"My","_A":"selectIn","_LIMIT":"0,2","openid":"oqwUY4yUqU2tV5iezn8AOBiC0Kj0"}---
1111111111111----run in----2018-01-22 09:44:30+++files[]+++get[]+++request{"_C":"User","_A":"selectOne","openid":"oqwUY4yUqU2tV5iezn8AOBiC0Kj0"}---
1111111111111----run in----2018-01-22 09:44:34+++files[]+++get[]+++request{"_C":"User","_A":"selectOne","openid":"oqwUY43puYDedzWuzHQsEasZa78I"}---
1111111111111----run in----2018-01-22 09:44:36+++files[]+++get[]+++request{"_C":"User","_A":"selectOne","openid":"oqwUY43puYDedzWuzHQsEasZa78I"}---
1111111111111----run in----2018-01-22 09:44:37+++files[]+++get[]+++request{"_C":"User","_A":"updateOne","_DATA":"{\"lat\":28.2018504556834,\"lng\":112.86134800978301,\"mobile\":\"18612345678\",\"avatarUrl\":\"https:\/\/wx.qlogo.cn\/mmopen\/vi_32\/Zay4WvicO16Bj5k8mD7sWVtCU3CIictibZQJk0icD5lx5LN4YIy203tBMIHbo9OLkhENkLdqcibpWzxZuI6crQIs3wQ\/0\",\"is_show_info\":\"SHOW\",\"name\":\"\u9095\u9ad8\u6821\u5b66\u751f\u7ec4\u7ec7\u5b66\u751f\",\"nick_name\":\"\u963f\u4e09\",\"wx\":\"2485\",\"address\":\"\u957f\u6c99\u5e02\u5cb3\u9e93\u533a\u9e93\u8c37\u7ef4\u4e5f\u7eb3\u56fd\u9645\u9152\u5e97(\u9ad8\u65b0\u533a\u9e93\u8c37\u5e97)\",\"gender\":1,\"city\":\"Shenzhen\",\"logo\":\"wxfile:\/\/tmp_228cb8263e0a0e17f8331425d91678de.jpg\",\"openid\":\"oqwUY43puYDedzWuzHQsEasZa78I\"}","openid":"oqwUY43puYDedzWuzHQsEasZa78I"}---
1111111111111----run in----2018-01-22 09:44:38+++files{"file":{"name":"tmp_228cb8263e0a0e17f8331425d91678de.jpg","type":"image\/jpg","tmp_name":"\/tmp\/phpwlEJOT","error":0,"size":328204}}+++get[]+++request{"path":"logo","openid":"oqwUY43puYDedzWuzHQsEasZa78I","_A":"upload","_C":"Pic"}---
2018-01-22 09:44:38:{"file":{"name":"tmp_228cb8263e0a0e17f8331425d91678de.jpg","type":"image\/jpg","tmp_name":"\/tmp\/phpwlEJOT","error":0,"size":328204}}
1111111111111----run in----2018-01-22 09:44:43+++files[]+++get[]+++request{"_C":"User","_A":"selectOne","openid":"oqwUY43puYDedzWuzHQsEasZa78I"}---
1111111111111----run in----2018-01-22 09:44:59+++files{"file":{"name":"tmp_990036605250772f0fc31d30765726da.jpg","type":"image\/jpg","tmp_name":"\/tmp\/phpAJ1wEh","error":0,"size":328204}}+++get[]+++request{"path":"act","openid":"oqwUY43puYDedzWuzHQsEasZa78I","_A":"upload","_C":"Pic"}---
2018-01-22 09:44:59:{"file":{"name":"tmp_990036605250772f0fc31d30765726da.jpg","type":"image\/jpg","tmp_name":"\/tmp\/phpAJ1wEh","error":0,"size":328204}}
1111111111111----run in----2018-01-22 09:45:08+++files{"file":{"name":"tmp_6f1ed2de0d2a88beadda5ae63610c6cb.jpg","type":"image\/jpg","tmp_name":"\/tmp\/phpqX7Hk1","error":0,"size":227451}}+++get[]+++request{"path":"act","openid":"oqwUY43puYDedzWuzHQsEasZa78I","_A":"upload","_C":"Pic"}---
2018-01-22 09:45:08:{"file":{"name":"tmp_6f1ed2de0d2a88beadda5ae63610c6cb.jpg","type":"image\/jpg","tmp_name":"\/tmp\/phpqX7Hk1","error":0,"size":227451}}
1111111111111----run in----2018-01-22 09:45:28+++files{"file":{"name":"tmp_02c1519b8de1f1c7ded3ab8b19f33759.png","type":"image\/png","tmp_name":"\/tmp\/phpazjxrt","error":0,"size":1331799}}+++get[]+++request{"path":"act\/poster","openid":"oqwUY43puYDedzWuzHQsEasZa78I","_A":"upload","_C":"Pic"}---
2018-01-22 09:45:28:{"file":{"name":"tmp_02c1519b8de1f1c7ded3ab8b19f33759.png","type":"image\/png","tmp_name":"\/tmp\/phpazjxrt","error":0,"size":1331799}}
1111111111111----run in----2018-01-22 09:45:29+++files[]+++get[]+++request{"_C":"Pay","_A":"get","money":"19.38","openid":"oqwUY43puYDedzWuzHQsEasZa78I"}---
1111111111111----run in----2018-01-22 09:45:42+++files[]+++get[]+++request{"_C":"Money","_A":"selectOne","openid":"oqwUY4yUqU2tV5iezn8AOBiC0Kj0"}---
1111111111111----run in----2018-01-22 09:45:42+++files[]+++get[]+++request{"_C":"My","_A":"selectIn","_LIMIT":"0,2","openid":"oqwUY4yUqU2tV5iezn8AOBiC0Kj0"}---
1111111111111----run in----2018-01-22 09:46:02+++files[]+++get[]+++request{"_C":"User","_A":"selectOne","openid":"oqwUY4yUqU2tV5iezn8AOBiC0Kj0"}---
1111111111111----run in----2018-01-22 10:03:40+++files[]+++get[]+++request{"_C":"User","_A":"selectOne","openid":"oqwUY4yUqU2tV5iezn8AOBiC0Kj0"}---
1111111111111----run in----2018-01-22 10:03:46+++files[]+++get[]+++request{"_C":"User","_A":"selectOne","openid":"oqwUY4yUqU2tV5iezn8AOBiC0Kj0"}---
1111111111111----run in----2018-01-22 10:03:47+++files[]+++get[]+++request{"_C":"Key","_A":"getWxId","code":"011KuJ1f2sw2rA0Uon3f2b502f2KuJ1d","openid":"oqwUY4yUqU2tV5iezn8AOBiC0Kj0"}---
1111111111111----run in----2018-01-22 10:03:48+++files[]+++get[]+++request{"_C":"User","_A":"selectOne","openid":"oqwUY4yUqU2tV5iezn8AOBiC0Kj0"}---
1111111111111----run in----2018-01-22 10:03:49+++files[]+++get[]+++request{"_C":"My","_A":"selectIn","_LIMIT":"0,2","openid":"oqwUY4yUqU2tV5iezn8AOBiC0Kj0"}---
1111111111111----run in----2018-01-22 10:03:49+++files[]+++get[]+++request{"_C":"Money","_A":"selectOne","openid":"oqwUY4yUqU2tV5iezn8AOBiC0Kj0"}---
1111111111111----run in----2018-01-22 10:03:50+++files[]+++get[]+++request{"_C":"User","_A":"selectOne","openid":"oqwUY4yUqU2tV5iezn8AOBiC0Kj0"}---
1111111111111----run in----2018-01-22 10:03:52+++files[]+++get[]+++request{"_C":"Money","_A":"selectOne","openid":"oqwUY4yUqU2tV5iezn8AOBiC0Kj0"}---
1111111111111----run in----2018-01-22 10:03:52+++files[]+++get[]+++request{"_C":"My","_A":"selectIn","_LIMIT":"0,2","openid":"oqwUY4yUqU2tV5iezn8AOBiC0Kj0"}---
1111111111111----run in----2018-01-22 10:03:53+++files[]+++get[]+++request{"_C":"My","_A":"selectOut","_LIMIT":"0,20","openid":"oqwUY4yUqU2tV5iezn8AOBiC0Kj0"}---
1111111111111----run in----2018-01-22 10:03:55+++files[]+++get[]+++request{"_C":"My","_A":"selectIn","_LIMIT":"0,20","openid":"oqwUY4yUqU2tV5iezn8AOBiC0Kj0"}---
1111111111111----run in----2018-01-22 10:03:56+++files[]+++get[]+++request{"_C":"Money","_A":"selectOne","openid":"oqwUY4yUqU2tV5iezn8AOBiC0Kj0"}---
1111111111111----run in----2018-01-22 10:03:56+++files[]+++get[]+++request{"_C":"My","_A":"selectIn","_LIMIT":"0,2","openid":"oqwUY4yUqU2tV5iezn8AOBiC0Kj0"}---
1111111111111----run in----2018-01-22 10:04:13+++files[]+++get[]+++request{"_C":"User","_A":"selectOne","openid":"oeDcV0W0lW2u-WnondVku8uZZo4k"}---
1111111111111----run in----2018-01-22 10:04:16+++files[]+++get[]+++request{"_C":"User","_A":"selectOne","openid":"oqwUY4yUqU2tV5iezn8AOBiC0Kj0"}---
1111111111111----run in----2018-01-22 10:04:31+++files[]+++get[]+++request{"_C":"Key","_A":"getWxId","code":"011lJxph2DDabI06Lmnh2w2Rph2lJxpe","openid":""}---
1111111111111----run in----2018-01-22 10:04:32+++files[]+++get[]+++request{"_C":"User","_A":"selectOne","openid":""}---
1111111111111----run in----2018-01-22 10:04:41+++files[]+++get[]+++request{"_C":"My","_A":"selectIn","_LIMIT":"0,2","openid":""}---
1111111111111----run in----2018-01-22 10:04:42+++files[]+++get[]+++request{"_C":"Money","_A":"selectOne","openid":""}---
1111111111111----run in----2018-01-22 10:04:42+++files[]+++get[]+++request{"_C":"My","_A":"selectOut","_LIMIT":"0,20","openid":""}---
1111111111111----run in----2018-01-22 10:04:44+++files[]+++get[]+++request{"_C":"My","_A":"selectIn","_LIMIT":"0,20","openid":""}---
1111111111111----run in----2018-01-22 10:04:45+++files[]+++get[]+++request{"_C":"Money","_A":"selectOne","openid":""}---
1111111111111----run in----2018-01-22 10:04:45+++files[]+++get[]+++request{"_C":"My","_A":"selectIn","_LIMIT":"0,2","openid":""}---
1111111111111----run in----2018-01-22 10:04:46+++files[]+++get[]+++request{"_C":"Key","_A":"getWxId","code":"011lJxph2DDabI06Lmnh2w2Rph2lJxpe","openid":""}---
1111111111111----run in----2018-01-22 10:04:46+++files[]+++get[]+++request{"_C":"User","_A":"selectOne","openid":""}---
1111111111111----run in----2018-01-22 10:04:51+++files[]+++get[]+++request{"_C":"Money","_A":"selectOne","openid":"oeDcV0W0lW2u-WnondVku8uZZo4k"}---
1111111111111----run in----2018-01-22 10:04:51+++files[]+++get[]+++request{"_C":"My","_A":"selectIn","_LIMIT":"0,2","openid":"oeDcV0W0lW2u-WnondVku8uZZo4k"}---
1111111111111----run in----2018-01-22 10:04:54+++files[]+++get[]+++request{"_C":"My","_A":"selectOut","_LIMIT":"0,20","openid":"oeDcV0W0lW2u-WnondVku8uZZo4k"}---
1111111111111----run in----2018-01-22 10:04:56+++files[]+++get[]+++request{"_C":"Money","_A":"selectOne","openid":"oeDcV0W0lW2u-WnondVku8uZZo4k"}---
1111111111111----run in----2018-01-22 10:04:56+++files[]+++get[]+++request{"_C":"My","_A":"selectIn","_LIMIT":"0,2","openid":"oeDcV0W0lW2u-WnondVku8uZZo4k"}---
1111111111111----run in----2018-01-22 10:04:58+++files[]+++get[]+++request{"_C":"User","_A":"selectOne","openid":"oeDcV0W0lW2u-WnondVku8uZZo4k"}---
1111111111111----run in----2018-01-22 10:05:02+++files[]+++get[]+++request{"_C":"Act","_A":"select","_LIMIT":"0,8","_FILTER":"","openid":""}---
1111111111111----run in----2018-01-22 10:05:05+++files[]+++get[]+++request{"_C":"Key","_A":"getWxId","code":"011lJxph2DDabI06Lmnh2w2Rph2lJxpe","openid":""}---
1111111111111----run in----2018-01-22 10:05:06+++files[]+++get[]+++request{"_C":"User","_A":"selectOne","openid":""}---
1111111111111----run in----2018-01-22 11:06:51+++files[]+++get[]+++request{"_C":"User","_A":"selectOne","openid":"oqwUY4yUqU2tV5iezn8AOBiC0Kj0"}---
1111111111111----run in----2018-01-22 11:07:47+++files[]+++get[]+++request{"_C":"User","_A":"selectOne","openid":"oqwUY4yUqU2tV5iezn8AOBiC0Kj0"}---
1111111111111----run in----2018-01-22 11:07:54+++files[]+++get[]+++request{"_C":"User","_A":"selectOne","openid":"oqwUY4yUqU2tV5iezn8AOBiC0Kj0"}---
1111111111111----run in----2018-01-22 11:08:25+++files[]+++get[]+++request{"_C":"User","_A":"selectOne","openid":"oqwUY4yUqU2tV5iezn8AOBiC0Kj0"}---
1111111111111----run in----2018-01-22 11:08:41+++files[]+++get[]+++request{"_C":"User","_A":"selectOne","openid":"oqwUY4yUqU2tV5iezn8AOBiC0Kj0"}---
1111111111111----run in----2018-01-22 11:08:48+++files[]+++get[]+++request{"_C":"Key","_A":"getWxId","code":"071bMiDr1ECSmn0y4lGr1Z10Dr1bMiDg","openid":""}---
1111111111111----run in----2018-01-22 11:08:48+++files[]+++get[]+++request{"_C":"User","_A":"selectOne","openid":"oqwUY4yUqU2tV5iezn8AOBiC0Kj0"}---
1111111111111----run in----2018-01-22 11:08:50+++files[]+++get[]+++request{"_C":"Key","_A":"getWxId","code":"071bMiDr1ECSmn0y4lGr1Z10Dr1bMiDg","openid":"oqwUY4yUqU2tV5iezn8AOBiC0Kj0"}---
1111111111111----run in----2018-01-22 11:08:50+++files[]+++get[]+++request{"_C":"User","_A":"selectOne","openid":"oqwUY4yUqU2tV5iezn8AOBiC0Kj0"}---
1111111111111----run in----2018-01-22 11:09:30+++files[]+++get[]+++request{"_C":"User","_A":"selectOne","openid":"oqwUY4yUqU2tV5iezn8AOBiC0Kj0"}---
1111111111111----run in----2018-01-22 11:09:41+++files[]+++get[]+++request{"_C":"User","_A":"selectOne","openid":"oqwUY4yUqU2tV5iezn8AOBiC0Kj0"}---
1111111111111----run in----2018-01-22 11:10:38+++files[]+++get[]+++request{"_C":"User","_A":"selectOne","openid":"oqwUY4yUqU2tV5iezn8AOBiC0Kj0"}---
1111111111111----run in----2018-01-22 11:10:38+++files{"file":{"name":"wxd727ee9e47b2faa6.o6zAJs9bs--3Qn1Jkc_lFPynmD4A.9b8933d0fc8c091fb4f48a208d3cd4c3.png","type":"image\/png","tmp_name":"\/tmp\/php4OMU0n","error":0,"size":239843}}+++get[]+++request{"path":"logo","openid":"oqwUY4yUqU2tV5iezn8AOBiC0Kj0","_C":"Pic","_A":"upload"}---
2018-01-22 11:10:38:{"file":{"name":"wxd727ee9e47b2faa6.o6zAJs9bs--3Qn1Jkc_lFPynmD4A.9b8933d0fc8c091fb4f48a208d3cd4c3.png","type":"image\/png","tmp_name":"\/tmp\/php4OMU0n","error":0,"size":239843}}
1111111111111----run in----2018-01-22 11:20:04+++files[]+++get[]+++request{"_C":"User","_A":"selectOne","openid":"oqwUY4yUqU2tV5iezn8AOBiC0Kj0"}---
1111111111111----run in----2018-01-22 11:20:04+++files[]+++get[]+++request{"_C":"Key","_A":"getWxId","code":"0717XUEN1fp2O11I33DN10JuEN17XUEt","openid":"oqwUY4yUqU2tV5iezn8AOBiC0Kj0"}---
1111111111111----run in----2018-01-22 11:20:05+++files[]+++get[]+++request{"_C":"User","_A":"selectOne","openid":"oqwUY4yUqU2tV5iezn8AOBiC0Kj0"}---
1111111111111----run in----2018-01-22 11:20:15+++files[]+++get[]+++request{"_C":"User","_A":"selectOne","openid":"oqwUY4yUqU2tV5iezn8AOBiC0Kj0"}---
1111111111111----run in----2018-01-22 11:20:21+++files[]+++get[]+++request{"_C":"Key","_A":"getAccessToken","openid":"oqwUY4yUqU2tV5iezn8AOBiC0Kj0"}---
1111111111111----run in----2018-01-22 11:20:25+++files{"file":{"name":"wxd727ee9e47b2faa6.o6zAJs9bs--3Qn1Jkc_lFPynmD4A.c6e57583bf7144e882cc3c419d5c9cd8.png","type":"image\/png","tmp_name":"\/tmp\/phpQCSapW","error":0,"size":53284}}+++get[]+++request{"path":"act\/poster","openid":"oqwUY4yUqU2tV5iezn8AOBiC0Kj0","_C":"Pic","_A":"upload"}---
2018-01-22 11:20:25:{"file":{"name":"wxd727ee9e47b2faa6.o6zAJs9bs--3Qn1Jkc_lFPynmD4A.c6e57583bf7144e882cc3c419d5c9cd8.png","type":"image\/png","tmp_name":"\/tmp\/phpQCSapW","error":0,"size":53284}}
1111111111111----run in----2018-01-22 11:20:26+++files[]+++get[]+++request{"_C":"Pay","_A":"get","money":"19.38","openid":"oqwUY4yUqU2tV5iezn8AOBiC0Kj0"}---
1111111111111----run in----2018-01-22 12:04:48+++files[]+++get[]+++request{"_C":"User","_A":"selectOne","openid":"oqwUY4yUqU2tV5iezn8AOBiC0Kj0"}---
1111111111111----run in----2018-01-22 12:21:58+++files[]+++get[]+++request{"_C":"User","_A":"selectOne","openid":"oeDcV0Zc4eR8nIigyAVbHx0c5oAc"}---
1111111111111----run in----2018-01-22 12:22:33+++files[]+++get[]+++request{"_C":"User","_A":"selectOne","openid":"oeDcV0Zc4eR8nIigyAVbHx0c5oAc"}---
1111111111111----run in----2018-01-22 12:22:45+++files[]+++get[]+++request{"_C":"User","_A":"selectOne","openid":"oqwUY4yUqU2tV5iezn8AOBiC0Kj0"}---
1111111111111----run in----2018-01-22 12:23:22+++files[]+++get[]+++request{"_C":"User","_A":"selectOne","openid":"oeDcV0Zc4eR8nIigyAVbHx0c5oAc"}---
1111111111111----run in----2018-01-22 12:23:22+++files[]+++get[]+++request{"_C":"Key","_A":"getWxId","code":"003sCmis0sJizd1Lbdjs0QAeis0sCmiH","openid":"oeDcV0Zc4eR8nIigyAVbHx0c5oAc"}---
1111111111111----run in----2018-01-22 12:23:22+++files[]+++get[]+++request{"_C":"User","_A":"selectOne","openid":"oeDcV0Zc4eR8nIigyAVbHx0c5oAc"}---
1111111111111----run in----2018-01-22 12:23:45+++files[]+++get[]+++request{"_C":"Key","_A":"getWxId","code":"003joWxr0CFG6d1tUtyr0226yr0joWxR","openid":""}---
1111111111111----run in----2018-01-22 12:23:45+++files[]+++get[]+++request{"_C":"User","_A":"selectOne","openid":""}---
1111111111111----run in----2018-01-22 12:23:49+++files[]+++get[]+++request{"_C":"Money","_A":"selectOne","openid":""}---
1111111111111----run in----2018-01-22 12:23:49+++files[]+++get[]+++request{"_C":"My","_A":"selectIn","_LIMIT":"0,2","openid":""}---
1111111111111----run in----2018-01-22 12:23:50+++files[]+++get[]+++request{"_C":"Key","_A":"getWxId","code":"003joWxr0CFG6d1tUtyr0226yr0joWxR","openid":""}---
1111111111111----run in----2018-01-22 12:23:50+++files[]+++get[]+++request{"_C":"User","_A":"selectOne","openid":""}---
1111111111111----run in----2018-01-22 12:23:51+++files[]+++get[]+++request{"_C":"Money","_A":"selectOne","openid":""}---
1111111111111----run in----2018-01-22 12:23:51+++files[]+++get[]+++request{"_C":"My","_A":"selectIn","_LIMIT":"0,2","openid":""}---
1111111111111----run in----2018-01-22 12:23:52+++files[]+++get[]+++request{"_C":"User","_A":"selectOne","openid":""}---
1111111111111----run in----2018-01-22 12:23:55+++files[]+++get[]+++request{"_C":"Money","_A":"selectOne","openid":""}---
1111111111111----run in----2018-01-22 12:23:55+++files[]+++get[]+++request{"_C":"My","_A":"selectIn","_LIMIT":"0,2","openid":""}---
1111111111111----run in----2018-01-22 12:23:56+++files[]+++get[]+++request{"_C":"Key","_A":"getWxId","code":"003joWxr0CFG6d1tUtyr0226yr0joWxR","openid":""}---
1111111111111----run in----2018-01-22 12:23:57+++files[]+++get[]+++request{"_C":"User","_A":"selectOne","openid":""}---
1111111111111----run in----2018-01-22 12:24:11+++files[]+++get[]+++request{"_C":"User","_A":"updateOne","_DATA":"{\"lat\":\"\",\"lng\":\"\",\"mobile\":\"15111111112\",\"avatarUrl\":\"https:\/\/wx.qlogo.cn\/mmopen\/vi_32\/4GXO0Stia1PausEWexoTAzxxljoVzEjdBSvs4XnfQnMyEFRCE0ZHx15vtUkl6YdnBXNOXzvz2Qjod3rdLpYiclibA\/0\",\"is_show_info\":\"SHOW\",\"name\":\"11\",\"nick_name\":\"aaaaaaaaaa\u9648\u7aef\u751f0123456789+-\u00d7\u00f7\",\"wx\":\"11\",\"address\":\"\",\"gender\":1,\"city\":\"Changsha\",\"logo\":\"..\/..\/image\/camera.png\",\"openid\":\"\"}","openid":""}---
1111111111111----run in----2018-01-22 12:24:12+++files[]+++get[]+++request{"_C":"User","_A":"updateOne","_DATA":"{\"lat\":\"\",\"lng\":\"\",\"mobile\":\"15111111112\",\"avatarUrl\":\"https:\/\/wx.qlogo.cn\/mmopen\/vi_32\/4GXO0Stia1PausEWexoTAzxxljoVzEjdBSvs4XnfQnMyEFRCE0ZHx15vtUkl6YdnBXNOXzvz2Qjod3rdLpYiclibA\/0\",\"is_show_info\":\"SHOW\",\"name\":\"11\",\"nick_name\":\"aaaaaaaaaa\u9648\u7aef\u751f0123456789+-\u00d7\u00f7\",\"wx\":\"11\",\"address\":\"\",\"gender\":1,\"city\":\"Changsha\",\"logo\":\"..\/..\/image\/camera.png\",\"openid\":\"\"}","openid":""}---
1111111111111----run in----2018-01-22 12:24:13+++files[]+++get[]+++request{"_C":"User","_A":"updateOne","_DATA":"{\"lat\":\"\",\"lng\":\"\",\"mobile\":\"15111111112\",\"avatarUrl\":\"https:\/\/wx.qlogo.cn\/mmopen\/vi_32\/4GXO0Stia1PausEWexoTAzxxljoVzEjdBSvs4XnfQnMyEFRCE0ZHx15vtUkl6YdnBXNOXzvz2Qjod3rdLpYiclibA\/0\",\"is_show_info\":\"SHOW\",\"name\":\"11\",\"nick_name\":\"aaaaaaaaaa\u9648\u7aef\u751f0123456789+-\u00d7\u00f7\",\"wx\":\"11\",\"address\":\"\",\"gender\":1,\"city\":\"Changsha\",\"logo\":\"..\/..\/image\/camera.png\",\"openid\":\"\"}","openid":""}---
1111111111111----run in----2018-01-22 12:24:32+++files[]+++get[]+++request{"_C":"User","_A":"updateOne","_DATA":"{\"lat\":\"\",\"lng\":\"\",\"mobile\":\"15111111112\",\"avatarUrl\":\"https:\/\/wx.qlogo.cn\/mmopen\/vi_32\/4GXO0Stia1PausEWexoTAzxxljoVzEjdBSvs4XnfQnMyEFRCE0ZHx15vtUkl6YdnBXNOXzvz2Qjod3rdLpYiclibA\/0\",\"is_show_info\":\"SHOW\",\"name\":\"11\",\"nick_name\":\"aaaaaaaaaa\u9648\u7aef\u751f0123456789+-\u00d7\u00f7\",\"wx\":\"11\",\"address\":\"\",\"gender\":1,\"city\":\"Changsha\",\"logo\":\"..\/..\/image\/camera.png\",\"openid\":\"\"}","openid":""}---
1111111111111----run in----2018-01-22 12:24:54+++files[]+++get[]+++request{"_C":"Key","_A":"getWxId","code":"01371SO01MTHYZ1ti7P01h02P0171SO6","openid":""}---
1111111111111----run in----2018-01-22 12:24:54+++files[]+++get[]+++request{"_C":"User","_A":"selectOne","openid":""}---
1111111111111----run in----2018-01-22 12:25:32+++files[]+++get[]+++request{"_C":"User","_A":"selectOne","openid":"oqwUY4yUqU2tV5iezn8AOBiC0Kj0"}---
1111111111111----run in----2018-01-22 12:25:45+++files[]+++get[]+++request{"_C":"Money","_A":"selectOne","openid":"oqwUY4yUqU2tV5iezn8AOBiC0Kj0"}---
1111111111111----run in----2018-01-22 12:25:45+++files[]+++get[]+++request{"_C":"My","_A":"selectIn","_LIMIT":"0,2","openid":"oqwUY4yUqU2tV5iezn8AOBiC0Kj0"}---
1111111111111----run in----2018-01-22 12:26:34+++files[]+++get[]+++request{"_C":"Money","_A":"selectOne","openid":""}---
1111111111111----run in----2018-01-22 12:26:34+++files[]+++get[]+++request{"_C":"My","_A":"selectIn","_LIMIT":"0,2","openid":""}---
1111111111111----run in----2018-01-22 12:26:50+++files[]+++get[]+++request{"_C":"Key","_A":"getWxId","code":"003u6o8h2odfkH0jiM4h2zWY7h2u6o8S","openid":""}---
1111111111111----run in----2018-01-22 12:26:51+++files[]+++get[]+++request{"_C":"User","_A":"selectOne","openid":""}---
1111111111111----run in----2018-01-22 12:27:19+++files[]+++get[]+++request{"_C":"Key","_A":"getWxId","code":"071MOevS020QNW1oBHxS0BZfvS0MOev8","openid":""}---
1111111111111----run in----2018-01-22 12:27:19+++files[]+++get[]+++request{"_C":"User","_A":"selectOne","openid":"oqwUY4yUqU2tV5iezn8AOBiC0Kj0"}---
1111111111111----run in----2018-01-22 12:27:20+++files[]+++get[]+++request{"_C":"Key","_A":"getWxId","code":"071MOevS020QNW1oBHxS0BZfvS0MOev8","openid":"oqwUY4yUqU2tV5iezn8AOBiC0Kj0"}---
1111111111111----run in----2018-01-22 12:27:21+++files[]+++get[]+++request{"_C":"User","_A":"selectOne","openid":"oqwUY4yUqU2tV5iezn8AOBiC0Kj0"}---
1111111111111----run in----2018-01-22 12:27:45+++files[]+++get[]+++request{"_C":"Key","_A":"getWxId","code":"013bnXc920HJBR0e2Ed92oD8d92bnXcd","openid":""}---
1111111111111----run in----2018-01-22 12:27:45+++files[]+++get[]+++request{"_C":"User","_A":"selectOne","openid":""}---
1111111111111----run in----2018-01-22 12:28:45+++files[]+++get[]+++request{"_C":"Key","_A":"getWxId","code":"001c51E71QlUaT1UH3F71aWMD71c51E9","openid":""}---
1111111111111----run in----2018-01-22 12:28:45+++files[]+++get[]+++request{"_C":"User","_A":"selectOne","openid":""}---
1111111111111----run in----2018-01-22 12:29:04+++files[]+++get[]+++request{"_C":"Key","_A":"getWxId","code":"001pWAZx0zn4hj1enV1y08rtZx0pWAZN","openid":""}---
1111111111111----run in----2018-01-22 12:29:04+++files[]+++get[]+++request{"_C":"User","_A":"selectOne","openid":""}---
1111111111111----run in----2018-01-22 12:29:36+++files[]+++get[]+++request{"_C":"User","_A":"selectOne","openid":"oqwUY4yUqU2tV5iezn8AOBiC0Kj0"}---
1111111111111----run in----2018-01-22 12:29:37+++files[]+++get[]+++request{"_C":"Key","_A":"getWxId","code":"0610epSj1I2AYk0Jc2Sj1T4iSj10epS-","openid":"oqwUY4yUqU2tV5iezn8AOBiC0Kj0"}---
1111111111111----run in----2018-01-22 12:29:37+++files[]+++get[]+++request{"_C":"User","_A":"selectOne","openid":"oqwUY4yUqU2tV5iezn8AOBiC0Kj0"}---
1111111111111----run in----2018-01-22 12:29:54+++files[]+++get[]+++request{"_C":"Key","_A":"getWxId","code":"013bnXc920HJBR0e2Ed92oD8d92bnXcd","openid":""}---
1111111111111----run in----2018-01-22 12:29:55+++files[]+++get[]+++request{"_C":"User","_A":"selectOne","openid":""}---
1111111111111----run in----2018-01-22 12:29:55+++files[]+++get[]+++request{"_C":"Key","_A":"getWxId","code":"003E4ZEA1Ev3ce0LtGGA1MKeFA1E4ZE5","openid":""}---
1111111111111----run in----2018-01-22 12:29:55+++files[]+++get[]+++request{"_C":"User","_A":"selectOne","openid":""}---
1111111111111----run in----2018-01-22 12:30:07+++files[]+++get[]+++request{"_C":"Key","_A":"getWxId","code":"003E4ZEA1Ev3ce0LtGGA1MKeFA1E4ZE5","openid":""}---
1111111111111----run in----2018-01-22 12:30:07+++files[]+++get[]+++request{"_C":"User","_A":"selectOne","openid":""}---
1111111111111----run in----2018-01-22 12:30:07+++files[]+++get[]+++request{"_C":"Key","_A":"getWxId","code":"013Rbpbh20Y3qH0IU6dh2gBjbh2RbpbT","openid":""}---
1111111111111----run in----2018-01-22 12:30:08+++files[]+++get[]+++request{"_C":"User","_A":"selectOne","openid":""}---
1111111111111----run in----2018-01-22 12:34:52+++files[]+++get[]+++request{"_C":"Key","_A":"getWxId","code":"013XG8WC0Fp9sc2OM1WC0GE7WC0XG8WX","openid":""}---
1111111111111----run in----2018-01-22 12:34:52+++files[]+++get[]+++request{"_C":"Key","_A":"getWxId","code":"013XG8WC0Fp9sc2OM1WC0GE7WC0XG8WX","openid":""}---
1111111111111----run in----2018-01-22 12:34:53+++files[]+++get[]+++request{"_C":"User","_A":"selectOne","openid":""}---
1111111111111----run in----2018-01-22 12:34:53+++files[]+++get[]+++request{"_C":"User","_A":"selectOne","openid":""}---
1111111111111----run in----2018-01-22 12:35:20+++files[]+++get[]+++request{"_C":"Key","_A":"getWxId","code":"013XG8WC0Fp9sc2OM1WC0GE7WC0XG8WX","openid":""}---
1111111111111----run in----2018-01-22 12:35:20+++files[]+++get[]+++request{"_C":"User","_A":"selectOne","openid":""}---
1111111111111----run in----2018-01-22 12:35:20+++files[]+++get[]+++request{"_C":"Key","_A":"getWxId","code":"013ULaHH1mWcs80eFEGH1Ju9HH1ULaHY","openid":""}---
1111111111111----run in----2018-01-22 12:35:21+++files[]+++get[]+++request{"_C":"User","_A":"selectOne","openid":""}---
1111111111111----run in----2018-01-22 12:35:27+++files[]+++get[]+++request{"_C":"Key","_A":"getWxId","code":"003Nkl8f1pORZs0Bpw4f1hNi8f1Nkl8e","openid":""}---
1111111111111----run in----2018-01-22 12:35:27+++files[]+++get[]+++request{"_C":"User","_A":"selectOne","openid":"oqwUY4-BiS3uITslES1zTxXRDNyg"}---
1111111111111----run in----2018-01-22 12:35:57+++files[]+++get[]+++request{"_C":"User","_A":"updateOne","_DATA":"{\"lat\":\"\",\"lng\":\"\",\"mobile\":\"15111234452\",\"avatarUrl\":\"https:\/\/wx.qlogo.cn\/mmopen\/vi_32\/Ric6VfVFX2JyL2c8t07HKhdn0fQrpEKzWNyBEofOAjDBic7jWxNhYJiceQBXBLT22crbicbick0VK2vKCKsQeojgncg\/0\",\"is_show_info\":\"SHOW\",\"name\":\"1511123334\",\"nick_name\":\"aaaaaaaaaa\u9648\u7aef\u751f0123456789+-\u00d7\u00f7\",\"wx\":\"23424\",\"address\":\"\",\"gender\":1,\"city\":\"Changsha\",\"logo\":\"..\/..\/image\/camera.png\",\"openid\":\"oqwUY4-BiS3uITslES1zTxXRDNyg\"}","openid":"oqwUY4-BiS3uITslES1zTxXRDNyg"}---
1111111111111----run in----2018-01-22 12:36:19+++files[]+++get[]+++request{"_C":"User","_A":"selectOne","openid":"oqwUY4-BiS3uITslES1zTxXRDNyg"}---
1111111111111----run in----2018-01-22 12:36:26+++files[]+++get[]+++request{"_C":"User","_A":"selectOne","openid":"oqwUY4-BiS3uITslES1zTxXRDNyg"}---
1111111111111----run in----2018-01-22 12:36:27+++files{"file":{"name":"wxd727ee9e47b2faa6.o6zAJs4veQKFpDYm5ezSRdk_RR4Q.72e6cbfc69c31b9e8cce0ed4d0453194.png","type":"image\/png","tmp_name":"\/tmp\/phplSU5g8","error":0,"size":4493}}+++get[]+++request{"path":"logo","openid":"oqwUY4-BiS3uITslES1zTxXRDNyg","_C":"Pic","_A":"upload"}---
2018-01-22 12:36:27:{"file":{"name":"wxd727ee9e47b2faa6.o6zAJs4veQKFpDYm5ezSRdk_RR4Q.72e6cbfc69c31b9e8cce0ed4d0453194.png","type":"image\/png","tmp_name":"\/tmp\/phplSU5g8","error":0,"size":4493}}
1111111111111----run in----2018-01-22 12:36:28+++files[]+++get[]+++request{"_C":"User","_A":"updateOne","_DATA":"{\"lat\":\"\",\"lng\":\"\",\"mobile\":\"15111234452\",\"avatarUrl\":\"https:\/\/wx.qlogo.cn\/mmopen\/vi_32\/Ric6VfVFX2JyL2c8t07HKhdn0fQrpEKzWNyBEofOAjDBic7jWxNhYJiceQBXBLT22crbicbick0VK2vKCKsQeojgncg\/0\",\"is_show_info\":\"SHOW\",\"name\":\"1511123334\",\"nick_name\":\"aaaaaaaaaa\u9648\u7aef\u751f0123456789+-\u00d7\u00f7\",\"wx\":\"23424\",\"address\":\"\",\"gender\":1,\"city\":\"Changsha\",\"logo\":\"http:\/\/tmp\/wxd727ee9e47b2faa6.o6zAJs4veQKFpDYm5ezSRdk_RR4Q.72e6cbfc69c31b9e8cce0ed4d0453194.png\",\"openid\":\"oqwUY4-BiS3uITslES1zTxXRDNyg\"}","openid":"oqwUY4-BiS3uITslES1zTxXRDNyg"}---
1111111111111----run in----2018-01-22 12:36:33+++files[]+++get[]+++request{"_C":"User","_A":"selectOne","openid":"oqwUY4-BiS3uITslES1zTxXRDNyg"}---
1111111111111----run in----2018-01-22 12:36:42+++files[]+++get[]+++request{"_C":"Money","_A":"selectOne","openid":"oqwUY4-BiS3uITslES1zTxXRDNyg"}---
1111111111111----run in----2018-01-22 12:36:42+++files[]+++get[]+++request{"_C":"My","_A":"selectIn","_LIMIT":"0,2","openid":"oqwUY4-BiS3uITslES1zTxXRDNyg"}---
1111111111111----run in----2018-01-22 12:36:43+++files[]+++get[]+++request{"_C":"User","_A":"selectOne","openid":"oqwUY4-BiS3uITslES1zTxXRDNyg"}---
1111111111111----run in----2018-01-22 12:36:50+++files[]+++get[]+++request{"_C":"Key","_A":"getWxId","code":"013BpYOT09T6QX1bv9OT0mliPT0BpYOF","openid":""}---
1111111111111----run in----2018-01-22 12:36:50+++files[]+++get[]+++request{"_C":"User","_A":"selectOne","openid":"oqwUY4-BiS3uITslES1zTxXRDNyg"}---
1111111111111----run in----2018-01-22 12:37:29+++files[]+++get[]+++request{"_C":"User","_A":"selectOne","openid":"oqwUY4yUqU2tV5iezn8AOBiC0Kj0"}---
1111111111111----run in----2018-01-22 12:37:43+++files[]+++get[]+++request{"_C":"User","_A":"selectOne","openid":"oqwUY4yUqU2tV5iezn8AOBiC0Kj0"}---
1111111111111----run in----2018-01-22 12:37:44+++files[]+++get[]+++request{"_C":"Key","_A":"getWxId","code":"001ktG9G1hgB7208aY8G1fjE9G1ktG9y","openid":"oqwUY4yUqU2tV5iezn8AOBiC0Kj0"}---
1111111111111----run in----2018-01-22 12:37:44+++files[]+++get[]+++request{"_C":"User","_A":"selectOne","openid":"oqwUY4yUqU2tV5iezn8AOBiC0Kj0"}---
1111111111111----run in----2018-01-22 12:38:15+++files[]+++get[]+++request{"_C":"User","_A":"selectOne","openid":"oqwUY4yUqU2tV5iezn8AOBiC0Kj0"}---
1111111111111----run in----2018-01-22 12:38:21+++files[]+++get[]+++request{"_C":"User","_A":"selectOne","openid":"oqwUY4-BiS3uITslES1zTxXRDNyg"}---
1111111111111----run in----2018-01-22 12:38:23+++files[]+++get[]+++request{"_C":"Key","_A":"getWxId","code":"0132moi62vG69K00NFl62DY7i622moiT","openid":"oqwUY4-BiS3uITslES1zTxXRDNyg"}---
1111111111111----run in----2018-01-22 12:38:24+++files[]+++get[]+++request{"_C":"User","_A":"selectOne","openid":"oqwUY4-BiS3uITslES1zTxXRDNyg"}---
1111111111111----run in----2018-01-22 12:38:30+++files[]+++get[]+++request{"_C":"User","_A":"selectOne","openid":"oqwUY4-BiS3uITslES1zTxXRDNyg"}---
1111111111111----run in----2018-01-22 12:38:30+++files[]+++get[]+++request{"_C":"Key","_A":"getWxId","code":"003piNKx0lrCBj1AXMLx0xhJKx0piNKB","openid":"oqwUY4-BiS3uITslES1zTxXRDNyg"}---
1111111111111----run in----2018-01-22 12:38:31+++files[]+++get[]+++request{"_C":"User","_A":"selectOne","openid":"oqwUY4-BiS3uITslES1zTxXRDNyg"}---
1111111111111----run in----2018-01-22 12:38:35+++files[]+++get[]+++request{"_C":"User","_A":"selectOne","openid":"oqwUY4-BiS3uITslES1zTxXRDNyg"}---
1111111111111----run in----2018-01-22 12:38:45+++files[]+++get[]+++request{"_C":"User","_A":"selectOne","openid":"oqwUY4-BiS3uITslES1zTxXRDNyg"}---
1111111111111----run in----2018-01-22 12:38:51+++files[]+++get[]+++request{"_C":"User","_A":"selectOne","openid":"oqwUY4-BiS3uITslES1zTxXRDNyg"}---
1111111111111----run in----2018-01-22 12:38:59+++files[]+++get[]+++request{"_C":"User","_A":"selectOne","openid":"oqwUY4-BiS3uITslES1zTxXRDNyg"}---
1111111111111----run in----2018-01-22 12:39:03+++files[]+++get[]+++request{"_C":"User","_A":"selectOne","openid":"oqwUY4-BiS3uITslES1zTxXRDNyg"}---
1111111111111----run in----2018-01-22 12:39:11+++files[]+++get[]+++request{"_C":"User","_A":"selectOne","openid":"oqwUY4-BiS3uITslES1zTxXRDNyg"}---
1111111111111----run in----2018-01-22 12:39:14+++files[]+++get[]+++request{"_C":"Key","_A":"getAccessToken","openid":"oqwUY4-BiS3uITslES1zTxXRDNyg"}---
1111111111111----run in----2018-01-22 12:39:38+++files[]+++get[]+++request{"_C":"User","_A":"selectOne","openid":"oqwUY4yUqU2tV5iezn8AOBiC0Kj0"}---
1111111111111----run in----2018-01-22 12:39:47+++files[]+++get[]+++request{"_C":"User","_A":"selectOne","openid":"oqwUY4yUqU2tV5iezn8AOBiC0Kj0"}---
1111111111111----run in----2018-01-22 12:39:52+++files[]+++get[]+++request{"_C":"Key","_A":"getAccessToken","openid":"oqwUY4yUqU2tV5iezn8AOBiC0Kj0"}---
1111111111111----run in----2018-01-22 12:40:25+++files{"file":{"name":"wxd727ee9e47b2faa6.o6zAJs4veQKFpDYm5ezSRdk_RR4Q.7eb9eb94f0fbd615b5d2ff1a2753b546.png","type":"image\/png","tmp_name":"\/tmp\/phplT45oN","error":0,"size":55674}}+++get[]+++request{"path":"act\/poster","openid":"oqwUY4-BiS3uITslES1zTxXRDNyg","_C":"Pic","_A":"upload"}---
2018-01-22 12:40:25:{"file":{"name":"wxd727ee9e47b2faa6.o6zAJs4veQKFpDYm5ezSRdk_RR4Q.7eb9eb94f0fbd615b5d2ff1a2753b546.png","type":"image\/png","tmp_name":"\/tmp\/phplT45oN","error":0,"size":55674}}
1111111111111----run in----2018-01-22 12:40:25+++files[]+++get[]+++request{"_C":"Pay","_A":"get","money":"19.38","openid":"oqwUY4-BiS3uITslES1zTxXRDNyg"}---
1111111111111----run in----2018-01-22 12:40:35+++files{"file":{"name":"wxd727ee9e47b2faa6.o6zAJs4veQKFpDYm5ezSRdk_RR4Q.7eb9eb94f0fbd615b5d2ff1a2753b546.png","type":"image\/png","tmp_name":"\/tmp\/php61M2kx","error":0,"size":55674}}+++get[]+++request{"path":"act\/poster","openid":"oqwUY4-BiS3uITslES1zTxXRDNyg","_C":"Pic","_A":"upload"}---
2018-01-22 12:40:35:{"file":{"name":"wxd727ee9e47b2faa6.o6zAJs4veQKFpDYm5ezSRdk_RR4Q.7eb9eb94f0fbd615b5d2ff1a2753b546.png","type":"image\/png","tmp_name":"\/tmp\/php61M2kx","error":0,"size":55674}}
1111111111111----run in----2018-01-22 12:40:35+++files[]+++get[]+++request{"_C":"Pay","_A":"get","money":"19.38","openid":"oqwUY4-BiS3uITslES1zTxXRDNyg"}---
1111111111111----run in----2018-01-22 12:40:40+++files{"file":{"name":"wxd727ee9e47b2faa6.o6zAJs4veQKFpDYm5ezSRdk_RR4Q.7eb9eb94f0fbd615b5d2ff1a2753b546.png","type":"image\/png","tmp_name":"\/tmp\/phpjxjM6t","error":0,"size":55674}}+++get[]+++request{"path":"act\/poster","openid":"oqwUY4-BiS3uITslES1zTxXRDNyg","_C":"Pic","_A":"upload"}---
2018-01-22 12:40:40:{"file":{"name":"wxd727ee9e47b2faa6.o6zAJs4veQKFpDYm5ezSRdk_RR4Q.7eb9eb94f0fbd615b5d2ff1a2753b546.png","type":"image\/png","tmp_name":"\/tmp\/phpjxjM6t","error":0,"size":55674}}
1111111111111----run in----2018-01-22 12:40:40+++files[]+++get[]+++request{"_C":"Pay","_A":"get","money":"19.38","openid":"oqwUY4-BiS3uITslES1zTxXRDNyg"}---
1111111111111----run in----2018-01-22 12:40:50+++files{"file":{"name":"wxd727ee9e47b2faa6.o6zAJs4veQKFpDYm5ezSRdk_RR4Q.7eb9eb94f0fbd615b5d2ff1a2753b546.png","type":"image\/png","tmp_name":"\/tmp\/phpQmMc4c","error":0,"size":55674}}+++get[]+++request{"path":"act\/poster","openid":"oqwUY4-BiS3uITslES1zTxXRDNyg","_C":"Pic","_A":"upload"}---
2018-01-22 12:40:50:{"file":{"name":"wxd727ee9e47b2faa6.o6zAJs4veQKFpDYm5ezSRdk_RR4Q.7eb9eb94f0fbd615b5d2ff1a2753b546.png","type":"image\/png","tmp_name":"\/tmp\/phpQmMc4c","error":0,"size":55674}}
1111111111111----run in----2018-01-22 12:40:50+++files[]+++get[]+++request{"_C":"Pay","_A":"get","money":"19.38","openid":"oqwUY4-BiS3uITslES1zTxXRDNyg"}---
1111111111111----run in----2018-01-22 12:41:11+++files{"file":{"name":"wxd727ee9e47b2faa6.o6zAJs4veQKFpDYm5ezSRdk_RR4Q.7eb9eb94f0fbd615b5d2ff1a2753b546.png","type":"image\/png","tmp_name":"\/tmp\/phpZznkou","error":0,"size":55674}}+++get[]+++request{"path":"act\/poster","openid":"oqwUY4-BiS3uITslES1zTxXRDNyg","_C":"Pic","_A":"upload"}---
2018-01-22 12:41:11:{"file":{"name":"wxd727ee9e47b2faa6.o6zAJs4veQKFpDYm5ezSRdk_RR4Q.7eb9eb94f0fbd615b5d2ff1a2753b546.png","type":"image\/png","tmp_name":"\/tmp\/phpZznkou","error":0,"size":55674}}
1111111111111----run in----2018-01-22 12:41:11+++files[]+++get[]+++request{"_C":"Pay","_A":"get","money":"19.38","openid":"oqwUY4-BiS3uITslES1zTxXRDNyg"}---
1111111111111----run in----2018-01-22 12:41:30+++files[]+++get[]+++request{"_C":"Key","_A":"getWxId","code":"011G27sk1J7nyl0KObok12YYrk1G27sl","openid":""}---
1111111111111----run in----2018-01-22 12:41:30+++files[]+++get[]+++request{"_C":"User","_A":"selectOne","openid":"oqwUY4yUqU2tV5iezn8AOBiC0Kj0"}---
1111111111111----run in----2018-01-22 12:41:42+++files[]+++get[]+++request{"_C":"User","_A":"selectOne","openid":"oqwUY4yUqU2tV5iezn8AOBiC0Kj0"}---
1111111111111----run in----2018-01-22 12:41:45+++files[]+++get[]+++request{"_C":"Key","_A":"getAccessToken","openid":"oqwUY4yUqU2tV5iezn8AOBiC0Kj0"}---
1111111111111----run in----2018-01-22 12:42:10+++files{"file":{"name":"wxd727ee9e47b2faa6.o6zAJs9bs--3Qn1Jkc_lFPynmD4A.7eb9eb94f0fbd615b5d2ff1a2753b546.png","type":"image\/png","tmp_name":"\/tmp\/phphc0EpN","error":0,"size":55674}}+++get[]+++request{"path":"act\/poster","openid":"oqwUY4yUqU2tV5iezn8AOBiC0Kj0","_C":"Pic","_A":"upload"}---
2018-01-22 12:42:10:{"file":{"name":"wxd727ee9e47b2faa6.o6zAJs9bs--3Qn1Jkc_lFPynmD4A.7eb9eb94f0fbd615b5d2ff1a2753b546.png","type":"image\/png","tmp_name":"\/tmp\/phphc0EpN","error":0,"size":55674}}
1111111111111----run in----2018-01-22 12:42:10+++files[]+++get[]+++request{"_C":"Pay","_A":"get","money":"19.38","openid":"oqwUY4yUqU2tV5iezn8AOBiC0Kj0"}---
1111111111111----run in----2018-01-22 12:43:07+++files{"file":{"name":"wxd727ee9e47b2faa6.o6zAJs9bs--3Qn1Jkc_lFPynmD4A.7eb9eb94f0fbd615b5d2ff1a2753b546.png","type":"image\/png","tmp_name":"\/tmp\/phpndSoYL","error":0,"size":55674}}+++get[]+++request{"path":"act\/poster","openid":"oqwUY4yUqU2tV5iezn8AOBiC0Kj0","_C":"Pic","_A":"upload"}---
2018-01-22 12:43:07:{"file":{"name":"wxd727ee9e47b2faa6.o6zAJs9bs--3Qn1Jkc_lFPynmD4A.7eb9eb94f0fbd615b5d2ff1a2753b546.png","type":"image\/png","tmp_name":"\/tmp\/phpndSoYL","error":0,"size":55674}}
1111111111111----run in----2018-01-22 12:43:07+++files[]+++get[]+++request{"_C":"Pay","_A":"get","money":"19.38","openid":"oqwUY4yUqU2tV5iezn8AOBiC0Kj0"}---
1111111111111----run in----2018-01-22 13:19:50+++files[]+++get{"_C":"Pay","_A":"get","money":"0.01","openid":"ddd"}+++request{"_C":"Pay","_A":"get","money":"0.01","openid":"ddd"}---
1111111111111----run in----2018-01-22 13:20:53+++files[]+++get{"_C":"Pay","_A":"get","money":"0.01","openid":"oqwUY4yUqU2tV5iezn8AOBiC0Kj0"}+++request{"PHPSESSID":"0khc08h8coatd5d6vdkcl87f43","_C":"Pay","_A":"get","money":"0.01","openid":"oqwUY4yUqU2tV5iezn8AOBiC0Kj0"}---
1111111111111----run in----2018-01-22 13:30:37+++files[]+++get{"_C":"Pay","_A":"get","money":"0.01","openid":"oqwUY4yUqU2tV5iezn8AOBiC0Kj0"}+++request{"PHPSESSID":"0khc08h8coatd5d6vdkcl87f43","_C":"Pay","_A":"get","money":"0.01","openid":"oqwUY4yUqU2tV5iezn8AOBiC0Kj0"}---
1111111111111----run in----2018-01-22 13:31:08+++files{"file":{"name":"wxd727ee9e47b2faa6.o6zAJs9bs--3Qn1Jkc_lFPynmD4A.7eb9eb94f0fbd615b5d2ff1a2753b546.png","type":"image\/png","tmp_name":"\/tmp\/phpkwcS7u","error":0,"size":55674}}+++get[]+++request{"path":"act\/poster","openid":"oqwUY4yUqU2tV5iezn8AOBiC0Kj0","_C":"Pic","_A":"upload"}---
2018-01-22 13:31:08:{"file":{"name":"wxd727ee9e47b2faa6.o6zAJs9bs--3Qn1Jkc_lFPynmD4A.7eb9eb94f0fbd615b5d2ff1a2753b546.png","type":"image\/png","tmp_name":"\/tmp\/phpkwcS7u","error":0,"size":55674}}
1111111111111----run in----2018-01-22 13:31:08+++files[]+++get[]+++request{"_C":"Pay","_A":"get","money":"19.38","openid":"oqwUY4yUqU2tV5iezn8AOBiC0Kj0"}---
1111111111111----run in----2018-01-22 13:32:46+++files[]+++get{"_C":"Pay","_A":"get","money":"0.01","openid":"oqwUY4yUqU2tV5iezn8AOBiC0Kj0"}+++request{"PHPSESSID":"0khc08h8coatd5d6vdkcl87f43","_C":"Pay","_A":"get","money":"0.01","openid":"oqwUY4yUqU2tV5iezn8AOBiC0Kj0"}---
1111111111111----run in----2018-01-22 13:34:27+++files[]+++get{"_C":"Pay","_A":"get","money":"0.01","openid":"oqwUY4yUqU2tV5iezn8AOBiC0Kj0"}+++request{"PHPSESSID":"0khc08h8coatd5d6vdkcl87f43","_C":"Pay","_A":"get","money":"0.01","openid":"oqwUY4yUqU2tV5iezn8AOBiC0Kj0"}---
1111111111111----run in----2018-01-22 13:35:27+++files[]+++get{"_C":"Pay","_A":"get","money":"0.01","openid":"oeDcV0W0lW2u-WnondVku8uZZo4k"}+++request{"PHPSESSID":"0khc08h8coatd5d6vdkcl87f43","_C":"Pay","_A":"get","money":"0.01","openid":"oeDcV0W0lW2u-WnondVku8uZZo4k"}---
1111111111111----run in----2018-01-22 13:36:55+++files[]+++get{"_C":"Pay","_A":"get","money":"0.01","openid":"oeDcV0W0lW2u-WnondVku8uZZo4k"}+++request{"PHPSESSID":"0khc08h8coatd5d6vdkcl87f43","_C":"Pay","_A":"get","money":"0.01","openid":"oeDcV0W0lW2u-WnondVku8uZZo4k"}---
1111111111111----run in----2018-01-22 13:37:21+++files[]+++get{"_C":"Pay","_A":"get","money":"0.01","openid":"oeDcV0W0lW2u-WnondVku8uZZo4k"}+++request{"PHPSESSID":"0khc08h8coatd5d6vdkcl87f43","_C":"Pay","_A":"get","money":"0.01","openid":"oeDcV0W0lW2u-WnondVku8uZZo4k"}---
1111111111111----run in----2018-01-22 13:40:13+++files[]+++get{"_C":"User","_A":"selectOne","openid":"oeDcV0Zc4eR8nIigyAVbHx0c5oAc"}+++request{"_C":"User","_A":"selectOne","openid":"oeDcV0Zc4eR8nIigyAVbHx0c5oAc"}---
1111111111111----run in----2018-01-22 13:40:38+++files[]+++get{"_C":"Pay","_A":"get","money":"0.01","openid":"oeDcV0Zc4eR8nIigyAVbHx0c5oAc"}+++request{"PHPSESSID":"0khc08h8coatd5d6vdkcl87f43","_C":"Pay","_A":"get","money":"0.01","openid":"oeDcV0Zc4eR8nIigyAVbHx0c5oAc"}---
1111111111111----run in----2018-01-22 13:40:48+++files[]+++get{"_C":"Pay","_A":"get","money":"0.01","openid":"oeDcV0Zc4eR8nIigyAVbHx0c5oAc"}+++request{"PHPSESSID":"0khc08h8coatd5d6vdkcl87f43","_C":"Pay","_A":"get","money":"0.01","openid":"oeDcV0Zc4eR8nIigyAVbHx0c5oAc"}---
1111111111111----run in----2018-01-22 13:41:00+++files[]+++get{"_C":"Pay","_A":"get","money":"0.01","openid":"oqwUY4yUqU2tV5iezn8AOBiC0Kj0"}+++request{"PHPSESSID":"0khc08h8coatd5d6vdkcl87f43","_C":"Pay","_A":"get","money":"0.01","openid":"oqwUY4yUqU2tV5iezn8AOBiC0Kj0"}---
1111111111111----run in----2018-01-22 13:41:23+++files[]+++get{"_C":"Pay","_A":"get","money":"0.01","openid":"oqwUY4yUqU2tV5iezn8AOBiC0Kj0"}+++request{"PHPSESSID":"0khc08h8coatd5d6vdkcl87f43","_C":"Pay","_A":"get","money":"0.01","openid":"oqwUY4yUqU2tV5iezn8AOBiC0Kj0"}---
1111111111111----run in----2018-01-22 13:41:37+++files[]+++get{"_C":"Pay","_A":"get","money":"0.01","openid":"oqwUY4yUqU2tV5iezn8AOBiC0Kj0"}+++request{"PHPSESSID":"0khc08h8coatd5d6vdkcl87f43","_C":"Pay","_A":"get","money":"0.01","openid":"oqwUY4yUqU2tV5iezn8AOBiC0Kj0"}---
1111111111111----run in----2018-01-22 13:41:55+++files[]+++get{"_C":"Pay","_A":"get","money":"0.01","openid":"oeDcV0Zc4eR8nIigyAVbHx0c5oAc"}+++request{"PHPSESSID":"0khc08h8coatd5d6vdkcl87f43","_C":"Pay","_A":"get","money":"0.01","openid":"oeDcV0Zc4eR8nIigyAVbHx0c5oAc"}---
1111111111111----run in----2018-01-22 13:42:04+++files[]+++get{"_C":"Pay","_A":"get","money":"0.01","openid":"oeDcV0Zc4eR8nIigyAVbHx0c5oAc"}+++request{"PHPSESSID":"0khc08h8coatd5d6vdkcl87f43","_C":"Pay","_A":"get","money":"0.01","openid":"oeDcV0Zc4eR8nIigyAVbHx0c5oAc"}---
1111111111111----run in----2018-01-22 13:46:02+++files[]+++get{"_C":"Pay","_A":"get","money":"0.01","openid":"oeDcV0Zc4eR8nIigyAVbHx0c5oAc"}+++request{"PHPSESSID":"0khc08h8coatd5d6vdkcl87f43","_C":"Pay","_A":"get","money":"0.01","openid":"oeDcV0Zc4eR8nIigyAVbHx0c5oAc"}---
1111111111111----run in----2018-01-22 13:46:12+++files{"file":{"name":"wxd727ee9e47b2faa6.o6zAJs9bs--3Qn1Jkc_lFPynmD4A.7eb9eb94f0fbd615b5d2ff1a2753b546.png","type":"image\/png","tmp_name":"\/tmp\/php4ag6xC","error":0,"size":55674}}+++get[]+++request{"path":"act\/poster","openid":"oqwUY4yUqU2tV5iezn8AOBiC0Kj0","_C":"Pic","_A":"upload"}---
2018-01-22 13:46:12:{"file":{"name":"wxd727ee9e47b2faa6.o6zAJs9bs--3Qn1Jkc_lFPynmD4A.7eb9eb94f0fbd615b5d2ff1a2753b546.png","type":"image\/png","tmp_name":"\/tmp\/php4ag6xC","error":0,"size":55674}}
1111111111111----run in----2018-01-22 13:46:13+++files[]+++get[]+++request{"_C":"Pay","_A":"get","money":"19.38","openid":"oqwUY4yUqU2tV5iezn8AOBiC0Kj0"}---
1111111111111----run in----2018-01-22 13:46:44+++files[]+++get[]+++request{"_C":"Key","_A":"getWxId","code":"071TDIlI07wPoi25etjI0weylI0TDIlz","openid":""}---
1111111111111----run in----2018-01-22 13:46:45+++files[]+++get[]+++request{"_C":"User","_A":"selectOne","openid":"oqwUY4yUqU2tV5iezn8AOBiC0Kj0"}---
1111111111111----run in----2018-01-22 13:46:53+++files[]+++get[]+++request{"_C":"User","_A":"selectOne","openid":"oqwUY4yUqU2tV5iezn8AOBiC0Kj0"}---
1111111111111----run in----2018-01-22 13:46:55+++files[]+++get[]+++request{"_C":"Key","_A":"getAccessToken","openid":"oqwUY4yUqU2tV5iezn8AOBiC0Kj0"}---
1111111111111----run in----2018-01-22 13:47:00+++files{"file":{"name":"wxd727ee9e47b2faa6.o6zAJs9bs--3Qn1Jkc_lFPynmD4A.7eb9eb94f0fbd615b5d2ff1a2753b546.png","type":"image\/png","tmp_name":"\/tmp\/phpIxjoKf","error":0,"size":55674}}+++get[]+++request{"path":"act\/poster","openid":"oqwUY4yUqU2tV5iezn8AOBiC0Kj0","_C":"Pic","_A":"upload"}---
2018-01-22 13:47:00:{"file":{"name":"wxd727ee9e47b2faa6.o6zAJs9bs--3Qn1Jkc_lFPynmD4A.7eb9eb94f0fbd615b5d2ff1a2753b546.png","type":"image\/png","tmp_name":"\/tmp\/phpIxjoKf","error":0,"size":55674}}
1111111111111----run in----2018-01-22 13:47:00+++files[]+++get[]+++request{"_C":"Pay","_A":"get","money":"19.38","openid":"oqwUY4yUqU2tV5iezn8AOBiC0Kj0"}---
1111111111111----run in----2018-01-22 13:47:24+++files{"file":{"name":"wxd727ee9e47b2faa6.o6zAJs9bs--3Qn1Jkc_lFPynmD4A.7eb9eb94f0fbd615b5d2ff1a2753b546.png","type":"image\/png","tmp_name":"\/tmp\/phpCvtZpk","error":0,"size":55674}}+++get[]+++request{"path":"act\/poster","openid":"oqwUY4yUqU2tV5iezn8AOBiC0Kj0","_C":"Pic","_A":"upload"}---
2018-01-22 13:47:24:{"file":{"name":"wxd727ee9e47b2faa6.o6zAJs9bs--3Qn1Jkc_lFPynmD4A.7eb9eb94f0fbd615b5d2ff1a2753b546.png","type":"image\/png","tmp_name":"\/tmp\/phpCvtZpk","error":0,"size":55674}}
1111111111111----run in----2018-01-22 13:47:24+++files[]+++get[]+++request{"_C":"Pay","_A":"get","money":"19.38","openid":"oqwUY4yUqU2tV5iezn8AOBiC0Kj0"}---
1111111111111----run in----2018-01-22 13:48:27+++files[]+++get[]+++request{"_C":"Key","_A":"getWxId","code":"011rYpch06t8Oy1yD6bh0p8Ich0rYpcM","openid":""}---
1111111111111----run in----2018-01-22 13:48:28+++files[]+++get[]+++request{"_C":"User","_A":"selectOne","openid":"oqwUY4yUqU2tV5iezn8AOBiC0Kj0"}---
1111111111111----run in----2018-01-22 13:48:46+++files[]+++get[]+++request{"_C":"User","_A":"selectOne","openid":"oqwUY4yUqU2tV5iezn8AOBiC0Kj0"}---
1111111111111----run in----2018-01-22 13:48:49+++files[]+++get[]+++request{"_C":"Key","_A":"getAccessToken","openid":"oqwUY4yUqU2tV5iezn8AOBiC0Kj0"}---
1111111111111----run in----2018-01-22 13:49:02+++files{"file":{"name":"wxd727ee9e47b2faa6.o6zAJs9bs--3Qn1Jkc_lFPynmD4A.7eb9eb94f0fbd615b5d2ff1a2753b546.png","type":"image\/png","tmp_name":"\/tmp\/phptp2yHt","error":0,"size":55674}}+++get[]+++request{"path":"act\/poster","openid":"oqwUY4yUqU2tV5iezn8AOBiC0Kj0","_C":"Pic","_A":"upload"}---
2018-01-22 13:49:02:{"file":{"name":"wxd727ee9e47b2faa6.o6zAJs9bs--3Qn1Jkc_lFPynmD4A.7eb9eb94f0fbd615b5d2ff1a2753b546.png","type":"image\/png","tmp_name":"\/tmp\/phptp2yHt","error":0,"size":55674}}
1111111111111----run in----2018-01-22 13:49:03+++files[]+++get[]+++request{"_C":"Pay","_A":"get","money":"19.38","openid":"oqwUY4yUqU2tV5iezn8AOBiC0Kj0"}---
1111111111111----run in----2018-01-22 13:49:14+++files[]+++get[]+++request{"_C":"Key","_A":"getAccessToken","openid":"oqwUY4yUqU2tV5iezn8AOBiC0Kj0"}---
1111111111111----run in----2018-01-22 13:49:14+++files{"file":{"name":"wxd727ee9e47b2faa6.o6zAJs9bs--3Qn1Jkc_lFPynmD4A.72e6cbfc69c31b9e8cce0ed4d0453194.png","type":"image\/png","tmp_name":"\/tmp\/phpgWKKdP","error":0,"size":4493}}+++get[]+++request{"path":"act","openid":"oqwUY4yUqU2tV5iezn8AOBiC0Kj0","_C":"Pic","_A":"upload"}---
2018-01-22 13:49:14:{"file":{"name":"wxd727ee9e47b2faa6.o6zAJs9bs--3Qn1Jkc_lFPynmD4A.72e6cbfc69c31b9e8cce0ed4d0453194.png","type":"image\/png","tmp_name":"\/tmp\/phpgWKKdP","error":0,"size":4493}}
1111111111111----run in----2018-01-22 13:49:18+++files{"file":{"name":"wxd727ee9e47b2faa6.o6zAJs9bs--3Qn1Jkc_lFPynmD4A.7eb9eb94f0fbd615b5d2ff1a2753b546.png","type":"image\/png","tmp_name":"\/tmp\/phpwZSV7U","error":0,"size":55674}}+++get[]+++request{"path":"act\/poster","openid":"oqwUY4yUqU2tV5iezn8AOBiC0Kj0","_C":"Pic","_A":"upload"}---
2018-01-22 13:49:18:{"file":{"name":"wxd727ee9e47b2faa6.o6zAJs9bs--3Qn1Jkc_lFPynmD4A.7eb9eb94f0fbd615b5d2ff1a2753b546.png","type":"image\/png","tmp_name":"\/tmp\/phpwZSV7U","error":0,"size":55674}}
1111111111111----run in----2018-01-22 13:49:18+++files[]+++get[]+++request{"_C":"Pay","_A":"get","money":"19.38","openid":"oqwUY4yUqU2tV5iezn8AOBiC0Kj0"}---
1111111111111----run in----2018-01-22 13:51:14+++files[]+++get[]+++request{"_C":"Key","_A":"getWxId","code":"003KbcwG1Tl9h70MuqwG11ybwG1KbcwN","openid":""}---
1111111111111----run in----2018-01-22 13:51:14+++files[]+++get[]+++request{"_C":"Key","_A":"getWxId","code":"003KbcwG1Tl9h70MuqwG11ybwG1KbcwN","openid":""}---
1111111111111----run in----2018-01-22 13:51:14+++files[]+++get[]+++request{"_C":"User","_A":"selectOne","openid":""}---
1111111111111----run in----2018-01-22 13:51:14+++files[]+++get[]+++request{"_C":"User","_A":"selectOne","openid":""}---
1111111111111----run in----2018-01-22 13:51:52+++files[]+++get[]+++request{"_C":"Money","_A":"selectOne","openid":""}---
1111111111111----run in----2018-01-22 13:51:52+++files[]+++get[]+++request{"_C":"My","_A":"selectIn","_LIMIT":"0,2","openid":""}---
1111111111111----run in----2018-01-22 13:51:55+++files[]+++get[]+++request{"_C":"User","_A":"selectOne","openid":""}---
1111111111111----run in----2018-01-22 13:52:08+++files[]+++get[]+++request{"_C":"Money","_A":"selectOne","openid":""}---
1111111111111----run in----2018-01-22 13:52:08+++files[]+++get[]+++request{"_C":"My","_A":"selectIn","_LIMIT":"0,2","openid":""}---
1111111111111----run in----2018-01-22 13:52:10+++files[]+++get[]+++request{"_C":"Key","_A":"getWxId","code":"003KbcwG1Tl9h70MuqwG11ybwG1KbcwN","openid":""}---
1111111111111----run in----2018-01-22 13:52:10+++files[]+++get[]+++request{"_C":"User","_A":"selectOne","openid":""}---
1111111111111----run in----2018-01-22 13:52:43+++files[]+++get[]+++request{"_C":"Key","_A":"getWxId","code":"013yWWm72o6evL0m7Vl72GRLm72yWWmg","openid":""}---
1111111111111----run in----2018-01-22 13:52:43+++files[]+++get[]+++request{"_C":"User","_A":"selectOne","openid":"oqwUY4-BiS3uITslES1zTxXRDNyg"}---
1111111111111----run in----2018-01-22 13:52:57+++files[]+++get[]+++request{"_C":"User","_A":"selectOne","openid":"oqwUY4-BiS3uITslES1zTxXRDNyg"}---
1111111111111----run in----2018-01-22 13:53:02+++files[]+++get[]+++request{"_C":"Key","_A":"getAccessToken","openid":"oqwUY4-BiS3uITslES1zTxXRDNyg"}---
1111111111111----run in----2018-01-22 13:53:18+++files[]+++get[]+++request{"_C":"Key","_A":"getAccessToken","openid":"oqwUY4-BiS3uITslES1zTxXRDNyg"}---
1111111111111----run in----2018-01-22 13:53:19+++files{"file":{"name":"wxd727ee9e47b2faa6.o6zAJs4veQKFpDYm5ezSRdk_RR4Q.891d9de6ea78ec546005f38587e80543.png","type":"image\/png","tmp_name":"\/tmp\/phpMkBHEc","error":0,"size":259267}}+++get[]+++request{"path":"act","openid":"oqwUY4-BiS3uITslES1zTxXRDNyg","_C":"Pic","_A":"upload"}---
2018-01-22 13:53:19:{"file":{"name":"wxd727ee9e47b2faa6.o6zAJs4veQKFpDYm5ezSRdk_RR4Q.891d9de6ea78ec546005f38587e80543.png","type":"image\/png","tmp_name":"\/tmp\/phpMkBHEc","error":0,"size":259267}}
1111111111111----run in----2018-01-22 13:54:57+++files[]+++get[]+++request{"_C":"User","_A":"selectOne","openid":"oqwUY4-BiS3uITslES1zTxXRDNyg"}---
1111111111111----run in----2018-01-22 13:55:01+++files[]+++get[]+++request{"_C":"User","_A":"selectOne","openid":"oqwUY4-BiS3uITslES1zTxXRDNyg"}---
1111111111111----run in----2018-01-22 13:55:04+++files[]+++get[]+++request{"_C":"Key","_A":"getAccessToken","openid":"oqwUY4-BiS3uITslES1zTxXRDNyg"}---
1111111111111----run in----2018-01-22 13:55:11+++files[]+++get[]+++request{"_C":"Key","_A":"getAccessToken","openid":"oqwUY4-BiS3uITslES1zTxXRDNyg"}---
1111111111111----run in----2018-01-22 13:55:11+++files{"file":{"name":"wxd727ee9e47b2faa6.o6zAJs4veQKFpDYm5ezSRdk_RR4Q.891d9de6ea78ec546005f38587e80543.png","type":"image\/png","tmp_name":"\/tmp\/phpnbKtd8","error":0,"size":259267}}+++get[]+++request{"path":"act","openid":"oqwUY4-BiS3uITslES1zTxXRDNyg","_C":"Pic","_A":"upload"}---
2018-01-22 13:55:11:{"file":{"name":"wxd727ee9e47b2faa6.o6zAJs4veQKFpDYm5ezSRdk_RR4Q.891d9de6ea78ec546005f38587e80543.png","type":"image\/png","tmp_name":"\/tmp\/phpnbKtd8","error":0,"size":259267}}
1111111111111----run in----2018-01-22 13:55:23+++files{"file":{"name":"wxd727ee9e47b2faa6.o6zAJs4veQKFpDYm5ezSRdk_RR4Q.fad89a6dd823512d46d07e4b18ffd3c6.png","type":"image\/png","tmp_name":"\/tmp\/phpYnPHBI","error":0,"size":82615}}+++get[]+++request{"path":"act\/poster","openid":"oqwUY4-BiS3uITslES1zTxXRDNyg","_C":"Pic","_A":"upload"}---
2018-01-22 13:55:23:{"file":{"name":"wxd727ee9e47b2faa6.o6zAJs4veQKFpDYm5ezSRdk_RR4Q.fad89a6dd823512d46d07e4b18ffd3c6.png","type":"image\/png","tmp_name":"\/tmp\/phpYnPHBI","error":0,"size":82615}}
1111111111111----run in----2018-01-22 13:55:23+++files[]+++get[]+++request{"_C":"Pay","_A":"get","money":"19.38","openid":"oqwUY4-BiS3uITslES1zTxXRDNyg"}---
1111111111111----run in----2018-01-22 14:18:57+++files[]+++get[]+++request{"_C":"Key","_A":"getWxId","code":"003rZvWy0DpMVf1glOXy0t3MWy0rZvWG","openid":""}---
1111111111111----run in----2018-01-22 14:18:58+++files[]+++get[]+++request{"_C":"User","_A":"selectOne","openid":"oqwUY4-BiS3uITslES1zTxXRDNyg"}---
1111111111111----run in----2018-01-22 14:19:21+++files[]+++get[]+++request{"_C":"Key","_A":"getWxId","code":"003DtjyQ1OxcY81ColxQ1LCuyQ1Dtjy8","openid":""}---
1111111111111----run in----2018-01-22 14:19:21+++files[]+++get[]+++request{"_C":"User","_A":"selectOne","openid":"oqwUY4-BiS3uITslES1zTxXRDNyg"}---
1111111111111----run in----2018-01-22 14:19:31+++files[]+++get[]+++request{"_C":"Act","_A":"select","_LIMIT":"0,8","_FILTER":"","openid":"oqwUY4-BiS3uITslES1zTxXRDNyg"}---
1111111111111----run in----2018-01-22 14:19:32+++files[]+++get[]+++request{"_C":"User","_A":"selectOne","openid":"oqwUY4-BiS3uITslES1zTxXRDNyg"}---
1111111111111----run in----2018-01-22 14:19:33+++files[]+++get[]+++request{"_C":"Money","_A":"selectOne","openid":"oqwUY4-BiS3uITslES1zTxXRDNyg"}---
1111111111111----run in----2018-01-22 14:19:33+++files[]+++get[]+++request{"_C":"My","_A":"selectIn","_LIMIT":"0,2","openid":"oqwUY4-BiS3uITslES1zTxXRDNyg"}---
1111111111111----run in----2018-01-22 14:19:38+++files[]+++get[]+++request{"_C":"User","_A":"selectOne","openid":"oqwUY4-BiS3uITslES1zTxXRDNyg"}---
1111111111111----run in----2018-01-22 14:19:50+++files[]+++get[]+++request{"_C":"User","_A":"selectOne","openid":"oqwUY4-BiS3uITslES1zTxXRDNyg"}---
1111111111111----run in----2018-01-22 14:20:42+++files[]+++get[]+++request{"_C":"User","_A":"selectOne","openid":"oqwUY4-BiS3uITslES1zTxXRDNyg"}---
1111111111111----run in----2018-01-22 14:20:42+++files[]+++get[]+++request{"_C":"Key","_A":"getWxId","code":"013IutXJ0KaRz52DtgVJ0gmxXJ0IutXE","openid":"oqwUY4-BiS3uITslES1zTxXRDNyg"}---
1111111111111----run in----2018-01-22 14:20:43+++files[]+++get[]+++request{"_C":"User","_A":"selectOne","openid":"oqwUY4-BiS3uITslES1zTxXRDNyg"}---
1111111111111----run in----2018-01-22 14:20:46+++files[]+++get[]+++request{"_C":"User","_A":"selectOne","openid":"oqwUY4-BiS3uITslES1zTxXRDNyg"}---
1111111111111----run in----2018-01-22 14:20:46+++files[]+++get[]+++request{"_C":"Key","_A":"getWxId","code":"013CsuX92g464S0Gv1V92K65X92CsuX3","openid":"oqwUY4-BiS3uITslES1zTxXRDNyg"}---
1111111111111----run in----2018-01-22 14:20:47+++files[]+++get[]+++request{"_C":"User","_A":"selectOne","openid":"oqwUY4-BiS3uITslES1zTxXRDNyg"}---
1111111111111----run in----2018-01-22 14:20:51+++files[]+++get[]+++request{"_C":"User","_A":"selectOne","openid":"oqwUY4-BiS3uITslES1zTxXRDNyg"}---
1111111111111----run in----2018-01-22 14:20:51+++files[]+++get[]+++request{"_C":"Key","_A":"getWxId","code":"0136T1622tBfEY05L3322IUM5226T165","openid":"oqwUY4-BiS3uITslES1zTxXRDNyg"}---
1111111111111----run in----2018-01-22 14:20:52+++files[]+++get[]+++request{"_C":"User","_A":"selectOne","openid":"oqwUY4-BiS3uITslES1zTxXRDNyg"}---
1111111111111----run in----2018-01-22 14:20:55+++files[]+++get[]+++request{"_C":"User","_A":"selectOne","openid":"oqwUY4-BiS3uITslES1zTxXRDNyg"}---
1111111111111----run in----2018-01-22 14:20:55+++files[]+++get[]+++request{"_C":"Key","_A":"getWxId","code":"013SUK7h1xo29A0A10ah1Una8h1SUK79","openid":"oqwUY4-BiS3uITslES1zTxXRDNyg"}---
1111111111111----run in----2018-01-22 14:20:56+++files[]+++get[]+++request{"_C":"User","_A":"selectOne","openid":"oqwUY4-BiS3uITslES1zTxXRDNyg"}---
1111111111111----run in----2018-01-22 14:20:59+++files[]+++get[]+++request{"_C":"User","_A":"selectOne","openid":"oqwUY4-BiS3uITslES1zTxXRDNyg"}---
1111111111111----run in----2018-01-22 14:20:59+++files[]+++get[]+++request{"_C":"Key","_A":"getWxId","code":"003LWizp086Php17e1Ap0GXlzp0LWiz7","openid":"oqwUY4-BiS3uITslES1zTxXRDNyg"}---
1111111111111----run in----2018-01-22 14:20:59+++files[]+++get[]+++request{"_C":"User","_A":"selectOne","openid":"oqwUY4-BiS3uITslES1zTxXRDNyg"}---
1111111111111----run in----2018-01-22 14:21:05+++files[]+++get[]+++request{"_C":"User","_A":"selectOne","openid":"oqwUY4-BiS3uITslES1zTxXRDNyg"}---
1111111111111----run in----2018-01-22 14:21:05+++files[]+++get[]+++request{"_C":"Key","_A":"getWxId","code":"003qiD2b1XoQJt05X03b1MmR2b1qiD2n","openid":"oqwUY4-BiS3uITslES1zTxXRDNyg"}---
1111111111111----run in----2018-01-22 14:21:05+++files[]+++get[]+++request{"_C":"User","_A":"selectOne","openid":"oqwUY4-BiS3uITslES1zTxXRDNyg"}---
1111111111111----run in----2018-01-22 14:21:16+++files[]+++get[]+++request{"_C":"User","_A":"selectOne","openid":"oqwUY4-BiS3uITslES1zTxXRDNyg"}---
1111111111111----run in----2018-01-22 14:21:17+++files[]+++get[]+++request{"_C":"Key","_A":"getWxId","code":"013gSvMg2YOP9C0LevJg2KvHMg2gSvM8","openid":"oqwUY4-BiS3uITslES1zTxXRDNyg"}---
1111111111111----run in----2018-01-22 14:21:17+++files[]+++get[]+++request{"_C":"User","_A":"selectOne","openid":"oqwUY4-BiS3uITslES1zTxXRDNyg"}---
1111111111111----run in----2018-01-22 14:21:28+++files[]+++get[]+++request{"_C":"User","_A":"selectOne","openid":"oqwUY4-BiS3uITslES1zTxXRDNyg"}---
1111111111111----run in----2018-01-22 14:22:10+++files[]+++get[]+++request{"_C":"Money","_A":"selectOne","openid":"oqwUY4-BiS3uITslES1zTxXRDNyg"}---
1111111111111----run in----2018-01-22 14:22:10+++files[]+++get[]+++request{"_C":"My","_A":"selectIn","_LIMIT":"0,2","openid":"oqwUY4-BiS3uITslES1zTxXRDNyg"}---
1111111111111----run in----2018-01-22 14:24:51+++files[]+++get[]+++request{"_C":"User","_A":"selectOne","openid":"oqwUY4yUqU2tV5iezn8AOBiC0Kj0"}---
1111111111111----run in----2018-01-22 14:24:51+++files[]+++get[]+++request{"_C":"Key","_A":"getWxId","code":"061GfrSY1nuQIZ08jhSY1uJoSY1GfrSs","openid":"oqwUY4yUqU2tV5iezn8AOBiC0Kj0"}---
1111111111111----run in----2018-01-22 14:24:52+++files[]+++get[]+++request{"_C":"User","_A":"selectOne","openid":"oqwUY4yUqU2tV5iezn8AOBiC0Kj0"}---
1111111111111----run in----2018-01-22 14:24:57+++files[]+++get[]+++request{"_C":"Act","_A":"select","_LIMIT":"0,8","_FILTER":"","openid":"oqwUY4yUqU2tV5iezn8AOBiC0Kj0"}---
1111111111111----run in----2018-01-22 14:25:00+++files[]+++get[]+++request{"_C":"Money","_A":"selectOne","openid":"oqwUY4yUqU2tV5iezn8AOBiC0Kj0"}---
1111111111111----run in----2018-01-22 14:25:00+++files[]+++get[]+++request{"_C":"My","_A":"selectIn","_LIMIT":"0,2","openid":"oqwUY4yUqU2tV5iezn8AOBiC0Kj0"}---
1111111111111----run in----2018-01-22 14:25:30+++files[]+++get[]+++request{"_C":"My","_A":"selectIn","_LIMIT":"0,20","openid":"oqwUY4-BiS3uITslES1zTxXRDNyg"}---
1111111111111----run in----2018-01-22 14:25:33+++files[]+++get[]+++request{"_C":"Money","_A":"selectOne","openid":"oqwUY4-BiS3uITslES1zTxXRDNyg"}---
1111111111111----run in----2018-01-22 14:25:33+++files[]+++get[]+++request{"_C":"My","_A":"selectIn","_LIMIT":"0,2","openid":"oqwUY4-BiS3uITslES1zTxXRDNyg"}---
1111111111111----run in----2018-01-22 14:25:34+++files[]+++get[]+++request{"_C":"My","_A":"selectOut","_LIMIT":"0,20","openid":"oqwUY4-BiS3uITslES1zTxXRDNyg"}---
1111111111111----run in----2018-01-22 14:25:36+++files[]+++get[]+++request{"_C":"Money","_A":"selectOne","openid":"oqwUY4-BiS3uITslES1zTxXRDNyg"}---
1111111111111----run in----2018-01-22 14:25:36+++files[]+++get[]+++request{"_C":"My","_A":"selectIn","_LIMIT":"0,2","openid":"oqwUY4-BiS3uITslES1zTxXRDNyg"}---
1111111111111----run in----2018-01-22 14:25:37+++files[]+++get[]+++request{"_C":"User","_A":"selectOne","openid":"oqwUY4-BiS3uITslES1zTxXRDNyg"}---
1111111111111----run in----2018-01-22 14:25:42+++files[]+++get[]+++request{"_C":"User","_A":"selectOne","openid":"oqwUY4-BiS3uITslES1zTxXRDNyg"}---
1111111111111----run in----2018-01-22 14:26:04+++files[]+++get[]+++request{"_C":"User","_A":"selectOne","openid":"oqwUY4-BiS3uITslES1zTxXRDNyg"}---
1111111111111----run in----2018-01-22 14:26:09+++files[]+++get[]+++request{"_C":"Key","_A":"getAccessToken","openid":"oqwUY4-BiS3uITslES1zTxXRDNyg"}---
1111111111111----run in----2018-01-22 14:26:38+++files{"file":{"name":"wxd727ee9e47b2faa6.o6zAJs4veQKFpDYm5ezSRdk_RR4Q.cdb167e577a196dfc1635c22da7b8af9.png","type":"image\/png","tmp_name":"\/tmp\/phpCe4Abb","error":0,"size":167568}}+++get[]+++request{"path":"act\/poster","openid":"oqwUY4-BiS3uITslES1zTxXRDNyg","_C":"Pic","_A":"upload"}---
2018-01-22 14:26:38:{"file":{"name":"wxd727ee9e47b2faa6.o6zAJs4veQKFpDYm5ezSRdk_RR4Q.cdb167e577a196dfc1635c22da7b8af9.png","type":"image\/png","tmp_name":"\/tmp\/phpCe4Abb","error":0,"size":167568}}
1111111111111----run in----2018-01-22 14:26:38+++files[]+++get[]+++request{"_C":"Pay","_A":"get","money":"19.38","openid":"oqwUY4-BiS3uITslES1zTxXRDNyg"}---
1111111111111----run in----2018-01-22 14:28:09+++files{"file":{"name":"wxd727ee9e47b2faa6.o6zAJs4veQKFpDYm5ezSRdk_RR4Q.cdb167e577a196dfc1635c22da7b8af9.png","type":"image\/png","tmp_name":"\/tmp\/phpi9Dgzy","error":0,"size":167568}}+++get[]+++request{"path":"act\/poster","openid":"oqwUY4-BiS3uITslES1zTxXRDNyg","_C":"Pic","_A":"upload"}---
2018-01-22 14:28:09:{"file":{"name":"wxd727ee9e47b2faa6.o6zAJs4veQKFpDYm5ezSRdk_RR4Q.cdb167e577a196dfc1635c22da7b8af9.png","type":"image\/png","tmp_name":"\/tmp\/phpi9Dgzy","error":0,"size":167568}}
1111111111111----run in----2018-01-22 14:28:09+++files[]+++get[]+++request{"_C":"Pay","_A":"get","money":"19.38","openid":"oqwUY4-BiS3uITslES1zTxXRDNyg"}---
1111111111111----run in----2018-01-22 14:30:12+++files[]+++get[]+++request{"_C":"Act","_A":"select","_LIMIT":"0,8","_FILTER":"","openid":"oqwUY4yUqU2tV5iezn8AOBiC0Kj0"}---
1111111111111----run in----2018-01-22 14:30:16+++files[]+++get[]+++request{"_C":"User","_A":"selectOne","openid":"oqwUY4yUqU2tV5iezn8AOBiC0Kj0"}---
1111111111111----run in----2018-01-22 14:38:09+++files[]+++get[]+++request{"_C":"User","_A":"selectOne","openid":"oqwUY4-BiS3uITslES1zTxXRDNyg"}---
1111111111111----run in----2018-01-22 14:38:11+++files[]+++get[]+++request{"_C":"Key","_A":"getWxId","code":"013TTXF218QdVN1F3hE21FwdG21TTXF9","openid":"oqwUY4-BiS3uITslES1zTxXRDNyg"}---
1111111111111----run in----2018-01-22 14:38:12+++files[]+++get[]+++request{"_C":"User","_A":"selectOne","openid":"oqwUY4-BiS3uITslES1zTxXRDNyg"}---
1111111111111----run in----2018-01-22 14:38:15+++files[]+++get[]+++request{"_C":"Key","_A":"getWxId","code":"013TTXF218QdVN1F3hE21FwdG21TTXF9","openid":"oqwUY4-BiS3uITslES1zTxXRDNyg"}---
1111111111111----run in----2018-01-22 14:38:15+++files[]+++get[]+++request{"_C":"User","_A":"selectContact","openid":""}---
