2018-01-18 16:46:21:INSERT INTO t_act (type,degree_type,pay_total,pay_fee,award_first,award_two,award_third,award_all,num_group,num_person,limit_sex,limit_distance,description,pic,openid,add_time,end_time) VALUES ('poster','3*3','51.00','1.00','2.63','1.32','0.53','0.26','10','50','','10','测试模板','act/poster/tmp_dd5201005c242780789b3a976a89d7274be9b2a25c92ef6b.png','oeDcV0W0lW2u-WnondVku8uZZo4k','1516265181','0')
2018-01-18 16:46:21:INSERT INTO t_act_pic (pic,act_id) VALUES ('act/tmp_bc095037fc577000330c3ab24a03e70309ab8c6575382af1.jpg','52')
2018-01-18 16:46:21:INSERT INTO t_act_group (act_id,person_need) VALUES ('52','5')
2018-01-18 16:46:21:INSERT INTO t_act_group (act_id,person_need) VALUES ('52','5')
2018-01-18 16:46:21:INSERT INTO t_act_group (act_id,person_need) VALUES ('52','5')
2018-01-18 16:46:21:INSERT INTO t_act_group (act_id,person_need) VALUES ('52','5')
2018-01-18 16:46:21:INSERT INTO t_act_group (act_id,person_need) VALUES ('52','5')
2018-01-18 16:46:21:INSERT INTO t_act_group (act_id,person_need) VALUES ('52','5')
2018-01-18 16:46:21:INSERT INTO t_act_group (act_id,person_need) VALUES ('52','5')
2018-01-18 16:46:21:INSERT INTO t_act_group (act_id,person_need) VALUES ('52','5')
2018-01-18 16:46:21:INSERT INTO t_act_group (act_id,person_need) VALUES ('52','5')
2018-01-18 16:46:21:INSERT INTO t_act_group (act_id,person_need) VALUES ('52','5')
2018-01-18 16:56:37:INSERT INTO t_act (type,degree_type,pay_total,pay_fee,award_first,award_two,award_third,award_all,num_group,num_person,limit_sex,limit_distance,description,pic,openid,add_time,end_time) VALUES ('poster','3*3','4.08','0.08','1.05','0.53','0.21','0.10','2','10','','5','小恐龙一只','act/poster/wx3d00770652053edd.o6zAJs9bs--3Qn1Jkc_lFPynmD4A.7576f19beb30615a810f023acf332f78.png','oeDcV0W0lW2u-WnondVku8uZZo4k','1516265797','0')
2018-01-18 16:56:37:INSERT INTO t_act_pic (pic,act_id) VALUES ('act/wx3d00770652053edd.o6zAJs9bs--3Qn1Jkc_lFPynmD4A.63e45f76f36000fe96f5d75406f0fb15.png','53')
2018-01-18 16:56:37:INSERT INTO t_act_group (act_id,person_need) VALUES ('53','5')
2018-01-18 16:56:37:INSERT INTO t_act_group (act_id,person_need) VALUES ('53','5')
2018-01-18 17:52:05:INSERT INTO t_act (type,degree_type,pay_total,pay_fee,award_first,award_two,award_third,award_all,num_group,num_person,limit_sex,limit_distance,description,pic,openid,add_time,end_time) VALUES ('poster','3*3','30.60','0.60','1.58','0.79','0.32','0.15','10','50','','20','红衣美女，10个红包','act/poster/tmp_2e243add15018990f74e97cd17d81d7252c76d031fd98780.png','oeDcV0W0lW2u-WnondVku8uZZo4k','1516269125','0')
2018-01-18 17:52:05:INSERT INTO t_act_pic (pic,act_id) VALUES ('act/tmp_5a7e2ad9618e8b5a9aa02cd26e2551f0dc4725f5f166c290.jpg','54')
2018-01-18 17:52:05:INSERT INTO t_act_group (act_id,person_need) VALUES ('54','5')
2018-01-18 17:52:05:INSERT INTO t_act_group (act_id,person_need) VALUES ('54','5')
2018-01-18 17:52:05:INSERT INTO t_act_group (act_id,person_need) VALUES ('54','5')
2018-01-18 17:52:05:INSERT INTO t_act_group (act_id,person_need) VALUES ('54','5')
2018-01-18 17:52:06:INSERT INTO t_act_group (act_id,person_need) VALUES ('54','5')
2018-01-18 17:52:06:INSERT INTO t_act_group (act_id,person_need) VALUES ('54','5')
2018-01-18 17:52:06:INSERT INTO t_act_group (act_id,person_need) VALUES ('54','5')
2018-01-18 17:52:06:INSERT INTO t_act_group (act_id,person_need) VALUES ('54','5')
2018-01-18 17:52:06:INSERT INTO t_act_group (act_id,person_need) VALUES ('54','5')
2018-01-18 17:52:06:INSERT INTO t_act_group (act_id,person_need) VALUES ('54','5')
2018-01-18 18:00:11:INSERT INTO t_act (type,degree_type,pay_total,pay_fee,award_first,award_two,award_third,award_all,num_group,num_person,limit_sex,limit_distance,description,pic,openid,add_time,end_time) VALUES ('poster','3*3','20.40','0.40','1.05','0.53','0.21','0.10','10','50','','100','10个红包，冠军赏金1.05','act/poster/tmp_c4fcf8075b18f274614f954bf5425765fad9dd904f6aad53.png','oeDcV0W0lW2u-WnondVku8uZZo4k','1516269611','0')
2018-01-18 18:00:11:INSERT INTO t_act_pic (pic,act_id) VALUES ('act/tmp_01a00b671fc503d1622022f67a38d6eaedfd66f0607c804e.jpg','55')
2018-01-18 18:00:11:INSERT INTO t_act_group (act_id,person_need) VALUES ('55','5')
2018-01-18 18:00:11:INSERT INTO t_act_group (act_id,person_need) VALUES ('55','5')
2018-01-18 18:00:11:INSERT INTO t_act_group (act_id,person_need) VALUES ('55','5')
2018-01-18 18:00:12:INSERT INTO t_act_group (act_id,person_need) VALUES ('55','5')
2018-01-18 18:00:12:INSERT INTO t_act_group (act_id,person_need) VALUES ('55','5')
2018-01-18 18:00:12:INSERT INTO t_act_group (act_id,person_need) VALUES ('55','5')
2018-01-18 18:00:12:INSERT INTO t_act_group (act_id,person_need) VALUES ('55','5')
2018-01-18 18:00:12:INSERT INTO t_act_group (act_id,person_need) VALUES ('55','5')
2018-01-18 18:00:12:INSERT INTO t_act_group (act_id,person_need) VALUES ('55','5')
2018-01-18 18:00:12:INSERT INTO t_act_group (act_id,person_need) VALUES ('55','5')
2018-01-18 18:02:16:INSERT INTO t_act (type,degree_type,pay_total,pay_fee,award_first,award_two,award_third,award_all,num_group,num_person,limit_sex,limit_distance,description,pic,openid,add_time,end_time) VALUES ('poster','3*3','25.50','0.50','1.32','0.66','0.26','0.13','10','50','','2000','2000公里内可玩','act/poster/tmp_eb65991b5174e120a90134b417f16afcbaabc214ba32f6ce.png','oeDcV0W0lW2u-WnondVku8uZZo4k','1516269736','0')
2018-01-18 18:02:16:INSERT INTO t_act_pic (pic,act_id) VALUES ('act/tmp_05ec7cfa1c25477e6afb2a10d4b67813b9615732b1a35591.jpg','56')
2018-01-18 18:02:16:INSERT INTO t_act_group (act_id,person_need) VALUES ('56','5')
2018-01-18 18:02:16:INSERT INTO t_act_group (act_id,person_need) VALUES ('56','5')
2018-01-18 18:02:16:INSERT INTO t_act_group (act_id,person_need) VALUES ('56','5')
2018-01-18 18:02:16:INSERT INTO t_act_group (act_id,person_need) VALUES ('56','5')
2018-01-18 18:02:16:INSERT INTO t_act_group (act_id,person_need) VALUES ('56','5')
2018-01-18 18:02:16:INSERT INTO t_act_group (act_id,person_need) VALUES ('56','5')
2018-01-18 18:02:16:INSERT INTO t_act_group (act_id,person_need) VALUES ('56','5')
2018-01-18 18:02:16:INSERT INTO t_act_group (act_id,person_need) VALUES ('56','5')
2018-01-18 18:02:16:INSERT INTO t_act_group (act_id,person_need) VALUES ('56','5')
2018-01-18 18:02:16:INSERT INTO t_act_group (act_id,person_need) VALUES ('56','5')
2018-01-18 21:26:00:INSERT INTO t_act (type,degree_type,pay_total,pay_fee,award_first,award_two,award_third,award_all,num_group,num_person,limit_sex,limit_distance,description,pic,openid,add_time,end_time) VALUES ('poster','3*3','19.38','0.38','1.00','0.50','0.20','0.1','10','50','2','8','8公里内的女生玩','act/poster/tmp_1a7f2d3c7e669ba1f15c1bb3bdcf8760bfbd85535ec4c418.png','oeDcV0W0lW2u-WnondVku8uZZo4k','1516281960','0')
2018-01-18 21:26:00:INSERT INTO t_act_pic (pic,act_id) VALUES ('act/tmp_d2409fde96b8cac90c3ccbef40cc855ccbb800cf3f1dfa99.jpg','57')
2018-01-18 21:26:00:INSERT INTO t_act_group (act_id,person_need) VALUES ('57','5')
2018-01-18 21:26:00:INSERT INTO t_act_group (act_id,person_need) VALUES ('57','5')
2018-01-18 21:26:00:INSERT INTO t_act_group (act_id,person_need) VALUES ('57','5')
2018-01-18 21:26:00:INSERT INTO t_act_group (act_id,person_need) VALUES ('57','5')
2018-01-18 21:26:00:INSERT INTO t_act_group (act_id,person_need) VALUES ('57','5')
2018-01-18 21:26:00:INSERT INTO t_act_group (act_id,person_need) VALUES ('57','5')
2018-01-18 21:26:00:INSERT INTO t_act_group (act_id,person_need) VALUES ('57','5')
2018-01-18 21:26:00:INSERT INTO t_act_group (act_id,person_need) VALUES ('57','5')
2018-01-18 21:26:00:INSERT INTO t_act_group (act_id,person_need) VALUES ('57','5')
2018-01-18 21:26:00:INSERT INTO t_act_group (act_id,person_need) VALUES ('57','5')
2018-01-18 21:39:21:INSERT INTO t_act (type,degree_type,pay_total,pay_fee,award_first,award_two,award_third,award_all,num_group,num_person,limit_sex,limit_distance,description,pic,openid,add_time,end_time) VALUES ('poster','3*3','19.38','0.38','1.00','0.50','0.20','0.1','10','50','','','','act/poster/wx3d00770652053edd.o6zAJs9bs--3Qn1Jkc_lFPynmD4A.72f9fdf5291c7c23e1ff8f33e4a536bc.png','oeDcV0W0lW2u-WnondVku8uZZo4k','1516282761','0')
2018-01-18 21:39:21:INSERT INTO t_act_group (act_id,person_need) VALUES ('58','5')
2018-01-18 21:39:21:INSERT INTO t_act_group (act_id,person_need) VALUES ('58','5')
2018-01-18 21:39:21:INSERT INTO t_act_group (act_id,person_need) VALUES ('58','5')
2018-01-18 21:39:21:INSERT INTO t_act_group (act_id,person_need) VALUES ('58','5')
2018-01-18 21:39:21:INSERT INTO t_act_group (act_id,person_need) VALUES ('58','5')
2018-01-18 21:39:21:INSERT INTO t_act_group (act_id,person_need) VALUES ('58','5')
2018-01-18 21:39:21:INSERT INTO t_act_group (act_id,person_need) VALUES ('58','5')
2018-01-18 21:39:21:INSERT INTO t_act_group (act_id,person_need) VALUES ('58','5')
2018-01-18 21:39:21:INSERT INTO t_act_group (act_id,person_need) VALUES ('58','5')
2018-01-18 21:39:21:INSERT INTO t_act_group (act_id,person_need) VALUES ('58','5')
2018-01-18 21:44:23:INSERT INTO t_act (type,degree_type,pay_total,pay_fee,award_first,award_two,award_third,award_all,num_group,num_person,limit_sex,limit_distance,description,pic,openid,add_time,end_time) VALUES ('poster','3*3','19.38','0.38','1.00','0.50','0.20','0.1','10','50','','','','act/poster/tmp_b744b2c5da290ceedeb4aa784273aaf4604a0690df21db24.png','oeDcV0W0lW2u-WnondVku8uZZo4k','1516283063','0')
2018-01-18 21:44:23:INSERT INTO t_act_group (act_id,person_need) VALUES ('59','5')
2018-01-18 21:44:23:INSERT INTO t_act_group (act_id,person_need) VALUES ('59','5')
2018-01-18 21:44:23:INSERT INTO t_act_group (act_id,person_need) VALUES ('59','5')
2018-01-18 21:44:23:INSERT INTO t_act_group (act_id,person_need) VALUES ('59','5')
2018-01-18 21:44:24:INSERT INTO t_act_group (act_id,person_need) VALUES ('59','5')
2018-01-18 21:44:24:INSERT INTO t_act_group (act_id,person_need) VALUES ('59','5')
2018-01-18 21:44:24:INSERT INTO t_act_group (act_id,person_need) VALUES ('59','5')
2018-01-18 21:44:24:INSERT INTO t_act_group (act_id,person_need) VALUES ('59','5')
2018-01-18 21:44:24:INSERT INTO t_act_group (act_id,person_need) VALUES ('59','5')
2018-01-18 21:44:24:INSERT INTO t_act_group (act_id,person_need) VALUES ('59','5')
2018-01-18 22:09:49:INSERT INTO t_act_user (act_id,group_id,use_time,openid,create_time) VALUES ('58','526','7','oeDcV0W0lW2u-WnondVku8uZZo4k','2018-01-18 22:09:49')
