2018-01-03 10:10:11:INSERT INTO t_act (type,degree_type,pay_total,pay_fee,award_first,award_two,award_third,award_all,num_group,num_person,limit_sex,limit_distance,description,pic,openid,add_time,end_time) VALUES ('poster','3*3','14.48','8','5.00','1.00','0.20','0.04','1','10','','55000','新年海报大比拼','act/poster/wx3d00770652053edd.o6zAJs9bs--3Qn1Jkc_lFPynmD4A.5f518f06f4fa52d19ae8fd81c05683e7.png','oeDcV0W0lW2u-WnondVku8uZZo4k','1514945411','1514956211')
2018-01-03 10:10:11:INSERT INTO t_act_group (act_id,person_need) VALUES ('5','10')
2018-01-03 10:18:49:INSERT INTO t_act (type,degree_type,pay_total,pay_fee,award_first,award_two,award_third,award_all,num_group,num_person,limit_sex,limit_distance,description,pic,openid,add_time,end_time) VALUES ('poster','3*3','18.37','8','8.00','1.60','0.32','0.06','1','10','','8000','八千米范围可见','act/poster/wx3d00770652053edd.o6zAJs9bs--3Qn1Jkc_lFPynmD4A.9b4dd72eb2145e579a872a719c16a694.png','oeDcV0W0lW2u-WnondVku8uZZo4k','1514945929','1514956729')
2018-01-03 10:18:49:INSERT INTO t_act_group (act_id,person_need) VALUES ('6','10')
2018-01-03 11:27:34:INSERT INTO t_act (type,degree_type,pay_total,pay_fee,award_first,award_two,award_third,award_all,num_group,num_person,limit_sex,limit_distance,description,pic,openid,add_time,end_time) VALUES ('poster','3*3','14.48','8','5.00','1.00','0.20','0.04','1','10','','10','哈哈','act/poster/tmp_0ec8b6087c7a2acc839d0ff6bb6d14cda517b6a96373eb82.png','oeDcV0W0lW2u-WnondVku8uZZo4k','1514950054','1514960854')
2018-01-03 11:27:34:INSERT INTO t_act_group (act_id,person_need) VALUES ('7','10')
2018-01-03 14:21:59:INSERT INTO t_user (lat,lng,mobile,avatarUrl,is_show_info,name,nick_name,wx,address,gender,city,logo,openid) VALUES ('28.201812896138','112.86129118457','18900798371','https://wx.qlogo.cn/mmopen/vi_32/Fp75BwsBiaLEb5LZPDViaWJRVCjs9bib5HKCcWiaF1DjTdMwCStJD4KcaMZibuAs94SHszvA0pG8arMCPXy3I7e7dYw/0','SHOW','不知道自己','阿三','111','长沙市岳麓区麓谷维也纳国际酒店(高新区麓谷店)','1','Shenzhen','wxfile://tmp_19f95d4e9b936dd92483cbfa244d2c3f.jpg','oeDcV0TIhZCvU1UFnqrdS_fKJxW0')
2018-01-03 14:26:56:INSERT INTO t_act (type,degree_type,pay_total,pay_fee,award_first,award_two,award_third,award_all,num_group,num_person,limit_sex,limit_distance,description,pic,openid,add_time,end_time) VALUES ('poster','3*3','10.59','8','2.00','0.40','0.08','0.02','1','10','','1','','act/poster/tmp_f9b2c315aee440c6278d26f966a9dcbf.png','oeDcV0TIhZCvU1UFnqrdS_fKJxW0','1514960816','1514971616')
2018-01-03 14:26:56:INSERT INTO t_act_group (act_id,person_need) VALUES ('8','10')
2018-01-03 15:10:36:INSERT INTO t_act_user (act_id,group_id,use_time,openid) VALUES ('5','1','2','oeDcV0W0lW2u-WnondVku8uZZo4k')
2018-01-03 15:32:51:INSERT INTO t_act_user (act_id,group_id,use_time,openid) VALUES ('5','1','7','oeDcV0W0lW2u-WnondVku8uZZo4k')
2018-01-03 15:53:17:INSERT INTO t_act_user (act_id,group_id,use_time,openid) VALUES ('5','1','7','oeDcV0W0lW2u-WnondVku8uZZo4k')
2018-01-03 15:54:07:INSERT INTO t_act_user (act_id,group_id,use_time,openid,time) VALUES ('5','1','3','oeDcV0W0lW2u-WnondVku8uZZo4k','2018-01-03 15:54:07')
2018-01-03 16:00:31:INSERT INTO t_act_user (act_id,group_id,use_time,openid,create_time) VALUES ('5','1','2','oeDcV0W0lW2u-WnondVku8uZZo4k','2018-01-03 16:00:31')
2018-01-03 16:02:50:INSERT INTO t_act_user (act_id,group_id,use_time,openid,create_time) VALUES ('5','1','3','oeDcV0W0lW2u-WnondVku8uZZo4k','2018-01-03 16:02:50')
2018-01-03 16:03:37:INSERT INTO t_act_user (act_id,group_id,use_time,openid,create_time) VALUES ('5','1','3','oeDcV0W0lW2u-WnondVku8uZZo4k','2018-01-03 16:03:37')
2018-01-03 16:03:49:INSERT INTO t_act_user (act_id,group_id,use_time,openid,create_time) VALUES ('5','1','2','oeDcV0W0lW2u-WnondVku8uZZo4k','2018-01-03 16:03:49')
2018-01-03 16:05:40:INSERT INTO t_act_user (act_id,group_id,use_time,openid,create_time) VALUES ('5','1','4','oeDcV0W0lW2u-WnondVku8uZZo4k','2018-01-03 16:05:40')
2018-01-03 18:22:46:INSERT INTO t_act (type,degree_type,pay_total,pay_fee,award_first,award_two,award_third,award_all,num_group,num_person,limit_sex,limit_distance,description,pic,openid,add_time,end_time) VALUES ('poster','3*3','10.59','8','2.00','0.40','0.08','0.02','1','10','','1','','act/poster/tmp_5cdb6a8ad3494e4d843048a1c8456294.png','oeDcV0TIhZCvU1UFnqrdS_fKJxW0','1514974966','1514985766')
2018-01-03 18:22:46:INSERT INTO t_act_group (act_id,person_need) VALUES ('9','10')
