2018-01-10 09:09:45:INSERT INTO t_act (type,degree_type,pay_total,pay_fee,award_first,award_two,award_third,award_all,num_group,num_person,limit_sex,limit_distance,description,pic,openid,add_time,end_time) VALUES ('poster','3*3','26.26','0.53','1.00','0.50','0.25','0.13','10','100','','5','五公里...','act/poster/tmp_9ab70a7cb063077174f2de2db9b2e1cdb3bcf9035adbe321.png','oeDcV0W0lW2u-WnondVku8uZZo4k','1515546585','1515557385')
2018-01-10 09:09:45:INSERT INTO t_act_pic (pic,act_id) VALUES ('act/tmp_9ed8d8b70fb6dc883f6d3829261137a44a55b1ffaf3dc769.jpg','26')
2018-01-10 09:09:45:INSERT INTO t_act_pic (pic,act_id) VALUES ('act/tmp_337572296d13d238abe254a703d59121aed0fe49b5ad774b.jpg','26')
2018-01-10 09:09:45:INSERT INTO t_act_group (act_id,person_need) VALUES ('26','10')
2018-01-10 09:09:45:INSERT INTO t_act_group (act_id,person_need) VALUES ('26','10')
2018-01-10 09:09:45:INSERT INTO t_act_group (act_id,person_need) VALUES ('26','10')
2018-01-10 09:09:45:INSERT INTO t_act_group (act_id,person_need) VALUES ('26','10')
2018-01-10 09:09:46:INSERT INTO t_act_group (act_id,person_need) VALUES ('26','10')
2018-01-10 09:09:46:INSERT INTO t_act_group (act_id,person_need) VALUES ('26','10')
2018-01-10 09:09:46:INSERT INTO t_act_group (act_id,person_need) VALUES ('26','10')
2018-01-10 09:09:46:INSERT INTO t_act_group (act_id,person_need) VALUES ('26','10')
2018-01-10 09:09:46:INSERT INTO t_act_group (act_id,person_need) VALUES ('26','10')
2018-01-10 09:09:46:INSERT INTO t_act_group (act_id,person_need) VALUES ('26','10')
2018-01-10 10:14:30:INSERT INTO t_act_user (act_id,group_id,use_time,openid,create_time) VALUES ('26','242','78','oeDcV0W0lW2u-WnondVku8uZZo4k','2018-01-10 10:14:30')
2018-01-10 11:27:05:INSERT INTO t_act (type,degree_type,pay_total,pay_fee,award_first,award_two,award_third,award_all,num_group,num_person,limit_sex,limit_distance,description,pic,openid,add_time,end_time) VALUES ('poster','3*3','26.26','0.53','1.00','0.50','0.25','0.13','10','100','','5','','act/poster/tmp_17dbb4af1dda17bee351735020f0787b.png','oeDcV0TIhZCvU1UFnqrdS_fKJxW0','1515554825','1515565625')
2018-01-10 11:27:05:INSERT INTO t_act_pic (pic,act_id) VALUES ('act/tmp_bfb6e952d8dedf14ce458882f4647616.jpg','27')
2018-01-10 11:27:05:INSERT INTO t_act_group (act_id,person_need) VALUES ('27','10')
2018-01-10 11:27:05:INSERT INTO t_act_group (act_id,person_need) VALUES ('27','10')
2018-01-10 11:27:05:INSERT INTO t_act_group (act_id,person_need) VALUES ('27','10')
2018-01-10 11:27:05:INSERT INTO t_act_group (act_id,person_need) VALUES ('27','10')
2018-01-10 11:27:05:INSERT INTO t_act_group (act_id,person_need) VALUES ('27','10')
2018-01-10 11:27:05:INSERT INTO t_act_group (act_id,person_need) VALUES ('27','10')
2018-01-10 11:27:05:INSERT INTO t_act_group (act_id,person_need) VALUES ('27','10')
2018-01-10 11:27:05:INSERT INTO t_act_group (act_id,person_need) VALUES ('27','10')
2018-01-10 11:27:05:INSERT INTO t_act_group (act_id,person_need) VALUES ('27','10')
2018-01-10 11:27:05:INSERT INTO t_act_group (act_id,person_need) VALUES ('27','10')
2018-01-10 11:31:16:INSERT INTO t_act (type,degree_type,pay_total,pay_fee,award_first,award_two,award_third,award_all,num_group,num_person,limit_sex,limit_distance,description,pic,openid,add_time,end_time) VALUES ('poster','3*3','26.26','0.53','1.00','0.50','0.25','0.13','10','100','','5','ceshi ','act/poster/tmp_0fe9f7b9db0b9a210e07732de328d5dd.png','oeDcV0W0lW2u-WnondVku8uZZo4k','1515555076','1515565876')
2018-01-10 11:31:16:INSERT INTO t_act_pic (pic,act_id) VALUES ('act/tmp_a0b635bec765f94e29c0ebd05ac71c56.jpg','28')
2018-01-10 11:31:16:INSERT INTO t_act_pic (pic,act_id) VALUES ('act/tmp_543571e8cb53166d0c54d7eb5cbbadb3.jpg','28')
2018-01-10 11:31:16:INSERT INTO t_act_group (act_id,person_need) VALUES ('28','10')
2018-01-10 11:31:16:INSERT INTO t_act_group (act_id,person_need) VALUES ('28','10')
2018-01-10 11:31:16:INSERT INTO t_act_group (act_id,person_need) VALUES ('28','10')
2018-01-10 11:31:16:INSERT INTO t_act_group (act_id,person_need) VALUES ('28','10')
2018-01-10 11:31:16:INSERT INTO t_act_group (act_id,person_need) VALUES ('28','10')
2018-01-10 11:31:16:INSERT INTO t_act_group (act_id,person_need) VALUES ('28','10')
2018-01-10 11:31:16:INSERT INTO t_act_group (act_id,person_need) VALUES ('28','10')
2018-01-10 11:31:16:INSERT INTO t_act_group (act_id,person_need) VALUES ('28','10')
2018-01-10 11:31:16:INSERT INTO t_act_group (act_id,person_need) VALUES ('28','10')
2018-01-10 11:31:16:INSERT INTO t_act_group (act_id,person_need) VALUES ('28','10')
2018-01-10 12:24:35:INSERT INTO t_act (type,degree_type,pay_total,pay_fee,award_first,award_two,award_third,award_all,num_group,num_person,limit_sex,limit_distance,description,pic,openid,add_time,end_time) VALUES ('poster','3*3','26.26','0.53','1.00','0.50','0.25','0.13','10','100','','1','辛苦一年，带点不一样的年货回家，给家里添点年味。优品惠全球购。','act/poster/tmp_6a9c4a14e52b17a685122753fe914938.png','oeDcV0TIhZCvU1UFnqrdS_fKJxW0','1515558275','1515569075')
2018-01-10 12:24:35:INSERT INTO t_act_pic (pic,act_id) VALUES ('act/tmp_f263280b2e574b7b0fdc7a6206b5b7c4.jpg','29')
2018-01-10 12:24:35:INSERT INTO t_act_group (act_id,person_need) VALUES ('29','10')
2018-01-10 12:24:35:INSERT INTO t_act_group (act_id,person_need) VALUES ('29','10')
2018-01-10 12:24:35:INSERT INTO t_act_group (act_id,person_need) VALUES ('29','10')
2018-01-10 12:24:35:INSERT INTO t_act_group (act_id,person_need) VALUES ('29','10')
2018-01-10 12:24:35:INSERT INTO t_act_group (act_id,person_need) VALUES ('29','10')
2018-01-10 12:24:35:INSERT INTO t_act_group (act_id,person_need) VALUES ('29','10')
2018-01-10 12:24:36:INSERT INTO t_act_group (act_id,person_need) VALUES ('29','10')
2018-01-10 12:24:36:INSERT INTO t_act_group (act_id,person_need) VALUES ('29','10')
2018-01-10 12:24:36:INSERT INTO t_act_group (act_id,person_need) VALUES ('29','10')
2018-01-10 12:24:36:INSERT INTO t_act_group (act_id,person_need) VALUES ('29','10')
2018-01-10 12:43:27:INSERT INTO t_act (type,degree_type,pay_total,pay_fee,award_first,award_two,award_third,award_all,num_group,num_person,limit_sex,limit_distance,description,pic,openid,add_time,end_time) VALUES ('poster','3*3','26.26','0.53','1.00','0.50','0.25','0.13','10','100','','','','act/poster/tmp_7a8ffd18b82b8e2cd882ee66469c3ec0.png','oeDcV0TIhZCvU1UFnqrdS_fKJxW0','1515559407','1515570207')
2018-01-10 12:43:27:INSERT INTO t_act_group (act_id,person_need) VALUES ('30','10')
2018-01-10 12:43:28:INSERT INTO t_act_group (act_id,person_need) VALUES ('30','10')
2018-01-10 12:43:28:INSERT INTO t_act_group (act_id,person_need) VALUES ('30','10')
2018-01-10 12:43:28:INSERT INTO t_act_group (act_id,person_need) VALUES ('30','10')
2018-01-10 12:43:28:INSERT INTO t_act_group (act_id,person_need) VALUES ('30','10')
2018-01-10 12:43:28:INSERT INTO t_act_group (act_id,person_need) VALUES ('30','10')
2018-01-10 12:43:28:INSERT INTO t_act_group (act_id,person_need) VALUES ('30','10')
2018-01-10 12:43:28:INSERT INTO t_act_group (act_id,person_need) VALUES ('30','10')
2018-01-10 12:43:28:INSERT INTO t_act_group (act_id,person_need) VALUES ('30','10')
2018-01-10 12:43:28:INSERT INTO t_act_group (act_id,person_need) VALUES ('30','10')
2018-01-10 12:48:44:INSERT INTO t_act_user (act_id,group_id,use_time,openid,create_time) VALUES ('30','282','34','oeDcV0TIhZCvU1UFnqrdS_fKJxW0','2018-01-10 12:48:44')
2018-01-10 14:24:50:INSERT INTO t_act (type,degree_type,pay_total,pay_fee,award_first,award_two,award_third,award_all,num_group,num_person,limit_sex,limit_distance,description,pic,openid,add_time,end_time) VALUES ('poster','3*3','26.26','0.53','1.00','0.50','0.25','0.13','10','100','','5','钢铁业哥哥哥哥姐姐叔叔阿姨哥哥姐姐弟弟妹妹','act/poster/tmp_59d454df65efe5f0ce3c1c04f369a2fe.png','oeDcV0fcvgQXwTF1AXrK17a5-l-M','1515565490','1515576290')
2018-01-10 14:24:50:INSERT INTO t_act_pic (pic,act_id) VALUES ('act/tmp_643153fb5afb67aa43e91c31b184a472.jpg','31')
2018-01-10 14:24:50:INSERT INTO t_act_pic (pic,act_id) VALUES ('act/tmp_b7e86b834fde5bc0e0c4e15d95440c19.jpg','31')
2018-01-10 14:24:50:INSERT INTO t_act_group (act_id,person_need) VALUES ('31','10')
2018-01-10 14:24:50:INSERT INTO t_act_group (act_id,person_need) VALUES ('31','10')
2018-01-10 14:24:50:INSERT INTO t_act_group (act_id,person_need) VALUES ('31','10')
2018-01-10 14:24:50:INSERT INTO t_act_group (act_id,person_need) VALUES ('31','10')
2018-01-10 14:24:50:INSERT INTO t_act_group (act_id,person_need) VALUES ('31','10')
2018-01-10 14:24:50:INSERT INTO t_act_group (act_id,person_need) VALUES ('31','10')
2018-01-10 14:24:50:INSERT INTO t_act_group (act_id,person_need) VALUES ('31','10')
2018-01-10 14:24:50:INSERT INTO t_act_group (act_id,person_need) VALUES ('31','10')
2018-01-10 14:24:50:INSERT INTO t_act_group (act_id,person_need) VALUES ('31','10')
2018-01-10 14:24:50:INSERT INTO t_act_group (act_id,person_need) VALUES ('31','10')
2018-01-10 15:07:30:INSERT INTO t_act_user (act_id,group_id,use_time,openid,create_time) VALUES ('29','272','0','oeDcV0TIhZCvU1UFnqrdS_fKJxW0','2018-01-10 15:07:30')
2018-01-10 15:07:43:INSERT INTO t_act_user (act_id,group_id,use_time,openid,create_time) VALUES ('31','292','4','oeDcV0TIhZCvU1UFnqrdS_fKJxW0','2018-01-10 15:07:43')
2018-01-10 17:31:26:INSERT INTO t_act (type,degree_type,pay_total,pay_fee,award_first,award_two,award_third,award_all,num_group,num_person,limit_sex,limit_distance,description,pic,openid,add_time,end_time) VALUES ('poster','3*3','26.26','0.53','1.00','0.50','0.25','0.13','10','100','','1','','act/poster/tmp_02f15cd01cbb59225e709ba6c52ff446.png','oeDcV0TIhZCvU1UFnqrdS_fKJxW0','1515576686','1515587486')
2018-01-10 17:31:26:INSERT INTO t_act_group (act_id,person_need) VALUES ('32','10')
2018-01-10 17:31:26:INSERT INTO t_act_group (act_id,person_need) VALUES ('32','10')
2018-01-10 17:31:26:INSERT INTO t_act_group (act_id,person_need) VALUES ('32','10')
2018-01-10 17:31:26:INSERT INTO t_act_group (act_id,person_need) VALUES ('32','10')
2018-01-10 17:31:26:INSERT INTO t_act_group (act_id,person_need) VALUES ('32','10')
2018-01-10 17:31:26:INSERT INTO t_act_group (act_id,person_need) VALUES ('32','10')
2018-01-10 17:31:26:INSERT INTO t_act_group (act_id,person_need) VALUES ('32','10')
2018-01-10 17:31:26:INSERT INTO t_act_group (act_id,person_need) VALUES ('32','10')
2018-01-10 17:31:26:INSERT INTO t_act_group (act_id,person_need) VALUES ('32','10')
2018-01-10 17:31:26:INSERT INTO t_act_group (act_id,person_need) VALUES ('32','10')
2018-01-10 17:36:28:INSERT INTO t_act_user (act_id,group_id,use_time,openid,create_time) VALUES ('32','302','8','oeDcV0TIhZCvU1UFnqrdS_fKJxW0','2018-01-10 17:36:28')
2018-01-10 20:50:09:INSERT INTO t_act (type,degree_type,pay_total,pay_fee,award_first,award_two,award_third,award_all,num_group,num_person,limit_sex,limit_distance,description,pic,openid,add_time,end_time) VALUES ('poster','3*3','26.26','0.53','1.00','0.50','0.25','0.13','10','100','','10','','act/poster/tmp_6bfecf60495aaec07695300f30cc1645.png','oeDcV0TIhZCvU1UFnqrdS_fKJxW0','1515588609','1515599409')
2018-01-10 20:50:09:INSERT INTO t_act_group (act_id,person_need) VALUES ('33','10')
2018-01-10 20:50:09:INSERT INTO t_act_group (act_id,person_need) VALUES ('33','10')
2018-01-10 20:50:09:INSERT INTO t_act_group (act_id,person_need) VALUES ('33','10')
2018-01-10 20:50:09:INSERT INTO t_act_group (act_id,person_need) VALUES ('33','10')
2018-01-10 20:50:09:INSERT INTO t_act_group (act_id,person_need) VALUES ('33','10')
2018-01-10 20:50:09:INSERT INTO t_act_group (act_id,person_need) VALUES ('33','10')
2018-01-10 20:50:09:INSERT INTO t_act_group (act_id,person_need) VALUES ('33','10')
2018-01-10 20:50:09:INSERT INTO t_act_group (act_id,person_need) VALUES ('33','10')
2018-01-10 20:50:09:INSERT INTO t_act_group (act_id,person_need) VALUES ('33','10')
2018-01-10 20:50:09:INSERT INTO t_act_group (act_id,person_need) VALUES ('33','10')
