2018-01-09 01:54:36:INSERT INTO t_act (type,degree_type,pay_total,pay_fee,award_first,award_two,award_third,award_all,num_group,num_person,limit_sex,limit_distance,description,pic,openid,add_time,end_time) VALUES ('poster','3*3','26.26','0.53','1.00','0.50','0.25','0.13','10','100','','1','','act/poster/tmp_c9a2903567b14b1853938aa12cb107ce.png','oeDcV0TIhZCvU1UFnqrdS_fKJxW0','1515434076','1515444876')
2018-01-09 01:54:36:INSERT INTO t_act_group (act_id,person_need) VALUES ('13','10')
2018-01-09 01:54:36:INSERT INTO t_act_group (act_id,person_need) VALUES ('13','10')
2018-01-09 01:54:36:INSERT INTO t_act_group (act_id,person_need) VALUES ('13','10')
2018-01-09 01:54:36:INSERT INTO t_act_group (act_id,person_need) VALUES ('13','10')
2018-01-09 01:54:37:INSERT INTO t_act_group (act_id,person_need) VALUES ('13','10')
2018-01-09 01:54:37:INSERT INTO t_act_group (act_id,person_need) VALUES ('13','10')
2018-01-09 01:54:37:INSERT INTO t_act_group (act_id,person_need) VALUES ('13','10')
2018-01-09 01:54:37:INSERT INTO t_act_group (act_id,person_need) VALUES ('13','10')
2018-01-09 01:54:37:INSERT INTO t_act_group (act_id,person_need) VALUES ('13','10')
2018-01-09 01:54:37:INSERT INTO t_act_group (act_id,person_need) VALUES ('13','10')
2018-01-09 01:56:53:INSERT INTO t_act_user (act_id,group_id,use_time,openid,create_time) VALUES ('13','112','108','oeDcV0TIhZCvU1UFnqrdS_fKJxW0','2018-01-09 01:56:53')
2018-01-09 11:24:04:INSERT INTO t_act (type,degree_type,pay_total,pay_fee,award_first,award_two,award_third,award_all,num_group,num_person,limit_sex,limit_distance,description,pic,openid,add_time,end_time) VALUES ('poster','3*3','26.26','0.53','1.00','0.50','0.25','0.13','10','100','','5','五公里内的小伙伴都可以玩','act/poster/tmp_9bdc4d40e99208f71058452dc7f3bd8c486e9e4b39fad718.png','oeDcV0W0lW2u-WnondVku8uZZo4k','1515468244','1515479044')
2018-01-09 11:24:04:INSERT INTO t_act_pic (pic,act_id) VALUES ('https://xcxs1.xizai.com/pintu/images/act/tmp_353e4cbfb1f552d907765bf1802a820d6bbb95f2594eb3e9.jpg','14')
2018-01-09 11:24:04:INSERT INTO t_act_pic (pic,act_id) VALUES ('https://xcxs1.xizai.com/pintu/images/act/tmp_94b1c9df2ef1e381aed02d4220b76fee379983dbdcb636ce.jpg','14')
2018-01-09 11:24:04:INSERT INTO t_act_group (act_id,person_need) VALUES ('14','10')
2018-01-09 11:24:04:INSERT INTO t_act_group (act_id,person_need) VALUES ('14','10')
2018-01-09 11:24:04:INSERT INTO t_act_group (act_id,person_need) VALUES ('14','10')
2018-01-09 11:24:04:INSERT INTO t_act_group (act_id,person_need) VALUES ('14','10')
2018-01-09 11:24:04:INSERT INTO t_act_group (act_id,person_need) VALUES ('14','10')
2018-01-09 11:24:04:INSERT INTO t_act_group (act_id,person_need) VALUES ('14','10')
2018-01-09 11:24:04:INSERT INTO t_act_group (act_id,person_need) VALUES ('14','10')
2018-01-09 11:24:04:INSERT INTO t_act_group (act_id,person_need) VALUES ('14','10')
2018-01-09 11:24:04:INSERT INTO t_act_group (act_id,person_need) VALUES ('14','10')
2018-01-09 11:24:04:INSERT INTO t_act_group (act_id,person_need) VALUES ('14','10')
2018-01-09 12:45:19:INSERT INTO t_act (type,degree_type,pay_total,pay_fee,award_first,award_two,award_third,award_all,num_group,num_person,limit_sex,limit_distance,description,pic,openid,add_time,end_time) VALUES ('poster','3*3','26.26','0.53','1.00','0.50','0.25','0.13','10','100','','5','','act/poster/tmp_5563d8966769e95f3edd59d45295df92.png','oeDcV0TIhZCvU1UFnqrdS_fKJxW0','1515473119','1515483919')
2018-01-09 12:45:19:INSERT INTO t_act_pic (pic,act_id) VALUES ('https://xcxs1.xizai.com/pintu/images/act/tmp_ea7f35a1b6c20fc72ed28c6114b94615.jpg','15')
2018-01-09 12:45:19:INSERT INTO t_act_group (act_id,person_need) VALUES ('15','10')
2018-01-09 12:45:19:INSERT INTO t_act_group (act_id,person_need) VALUES ('15','10')
2018-01-09 12:45:19:INSERT INTO t_act_group (act_id,person_need) VALUES ('15','10')
2018-01-09 12:45:19:INSERT INTO t_act_group (act_id,person_need) VALUES ('15','10')
2018-01-09 12:45:19:INSERT INTO t_act_group (act_id,person_need) VALUES ('15','10')
2018-01-09 12:45:19:INSERT INTO t_act_group (act_id,person_need) VALUES ('15','10')
2018-01-09 12:45:19:INSERT INTO t_act_group (act_id,person_need) VALUES ('15','10')
2018-01-09 12:45:19:INSERT INTO t_act_group (act_id,person_need) VALUES ('15','10')
2018-01-09 12:45:19:INSERT INTO t_act_group (act_id,person_need) VALUES ('15','10')
2018-01-09 12:45:19:INSERT INTO t_act_group (act_id,person_need) VALUES ('15','10')
2018-01-09 13:34:57:INSERT INTO t_act (type,degree_type,pay_total,pay_fee,award_first,award_two,award_third,award_all,num_group,num_person,limit_sex,limit_distance,description,pic,openid,add_time,end_time) VALUES ('poster','3*3','26.26','0.53','1.00','0.50','0.25','0.13','10','100','','10','十公里内的小伙伴都可以玩','act/poster/wx3d00770652053edd.o6zAJs9bs--3Qn1Jkc_lFPynmD4A.03d7fe9ee41b56630a01857157cd8654.png','oeDcV0W0lW2u-WnondVku8uZZo4k','1515476097','1515486897')
2018-01-09 13:34:57:INSERT INTO t_act_pic (pic,act_id) VALUES ('https://xcxs1.xizai.com/pintu/images/act/wx3d00770652053edd.o6zAJs9bs--3Qn1Jkc_lFPynmD4A.6a10599619a65c4963523e304277ae8e.png','16')
2018-01-09 13:34:57:INSERT INTO t_act_pic (pic,act_id) VALUES ('https://xcxs1.xizai.com/pintu/images/act/wx3d00770652053edd.o6zAJs9bs--3Qn1Jkc_lFPynmD4A.839f01bc0f2c367566eaa707d843619f.png','16')
2018-01-09 13:34:57:INSERT INTO t_act_group (act_id,person_need) VALUES ('16','10')
2018-01-09 13:34:57:INSERT INTO t_act_group (act_id,person_need) VALUES ('16','10')
2018-01-09 13:34:57:INSERT INTO t_act_group (act_id,person_need) VALUES ('16','10')
2018-01-09 13:34:57:INSERT INTO t_act_group (act_id,person_need) VALUES ('16','10')
2018-01-09 13:34:57:INSERT INTO t_act_group (act_id,person_need) VALUES ('16','10')
2018-01-09 13:34:58:INSERT INTO t_act_group (act_id,person_need) VALUES ('16','10')
2018-01-09 13:34:58:INSERT INTO t_act_group (act_id,person_need) VALUES ('16','10')
2018-01-09 13:34:58:INSERT INTO t_act_group (act_id,person_need) VALUES ('16','10')
2018-01-09 13:34:58:INSERT INTO t_act_group (act_id,person_need) VALUES ('16','10')
2018-01-09 13:34:58:INSERT INTO t_act_group (act_id,person_need) VALUES ('16','10')
2018-01-09 13:46:01:INSERT INTO t_act (type,degree_type,pay_total,pay_fee,award_first,award_two,award_third,award_all,num_group,num_person,limit_sex,limit_distance,description,pic,openid,add_time,end_time) VALUES ('poster','3*3','26.26','0.53','1.00','0.50','0.25','0.13','10','100','0','2','2.5公里内的小伙伴都可以玩','act/poster/wx3d00770652053edd.o6zAJs9bs--3Qn1Jkc_lFPynmD4A.6acf903c1611f94f43deb6758ba9176f.png','oeDcV0W0lW2u-WnondVku8uZZo4k','1515476761','1515487561')
2018-01-09 13:46:01:INSERT INTO t_act_pic (pic,act_id) VALUES ('act/wx3d00770652053edd.o6zAJs9bs--3Qn1Jkc_lFPynmD4A.6a10599619a65c4963523e304277ae8e.png','17')
2018-01-09 13:46:01:INSERT INTO t_act_pic (pic,act_id) VALUES ('act/wx3d00770652053edd.o6zAJs9bs--3Qn1Jkc_lFPynmD4A.839f01bc0f2c367566eaa707d843619f.png','17')
2018-01-09 13:46:01:INSERT INTO t_act_group (act_id,person_need) VALUES ('17','10')
2018-01-09 13:46:01:INSERT INTO t_act_group (act_id,person_need) VALUES ('17','10')
2018-01-09 13:46:01:INSERT INTO t_act_group (act_id,person_need) VALUES ('17','10')
2018-01-09 13:46:01:INSERT INTO t_act_group (act_id,person_need) VALUES ('17','10')
2018-01-09 13:46:01:INSERT INTO t_act_group (act_id,person_need) VALUES ('17','10')
2018-01-09 13:46:01:INSERT INTO t_act_group (act_id,person_need) VALUES ('17','10')
2018-01-09 13:46:01:INSERT INTO t_act_group (act_id,person_need) VALUES ('17','10')
2018-01-09 13:46:01:INSERT INTO t_act_group (act_id,person_need) VALUES ('17','10')
2018-01-09 13:46:01:INSERT INTO t_act_group (act_id,person_need) VALUES ('17','10')
2018-01-09 13:46:01:INSERT INTO t_act_group (act_id,person_need) VALUES ('17','10')
2018-01-09 13:52:43:INSERT INTO t_act_user (act_id,group_id,use_time,openid,create_time) VALUES ('14','122','43','oeDcV0W0lW2u-WnondVku8uZZo4k','2018-01-09 13:52:43')
2018-01-09 14:15:10:INSERT INTO t_act_user (act_id,group_id,use_time,openid,create_time) VALUES ('17','152','16','oeDcV0W0lW2u-WnondVku8uZZo4k','2018-01-09 14:15:10')
2018-01-09 14:19:18:INSERT INTO t_act (type,degree_type,pay_total,pay_fee,award_first,award_two,award_third,award_all,num_group,num_person,limit_sex,limit_distance,description,pic,openid,add_time,end_time) VALUES ('poster','3*3','26.26','0.53','1.00','0.50','0.25','0.13','10','100','','1','','act/poster/tmp_97d8a0f5ef0267e54268cb0a18a8de62.png','oeDcV0TIhZCvU1UFnqrdS_fKJxW0','1515478758','1515489558')
2018-01-09 14:19:18:INSERT INTO t_act_pic (pic,act_id) VALUES ('act/tmp_e9f142392279993bc62f8158ee879692.jpg','18')
2018-01-09 14:19:18:INSERT INTO t_act_group (act_id,person_need) VALUES ('18','10')
2018-01-09 14:19:18:INSERT INTO t_act_group (act_id,person_need) VALUES ('18','10')
2018-01-09 14:19:18:INSERT INTO t_act_group (act_id,person_need) VALUES ('18','10')
2018-01-09 14:19:18:INSERT INTO t_act_group (act_id,person_need) VALUES ('18','10')
2018-01-09 14:19:18:INSERT INTO t_act_group (act_id,person_need) VALUES ('18','10')
2018-01-09 14:19:18:INSERT INTO t_act_group (act_id,person_need) VALUES ('18','10')
2018-01-09 14:19:18:INSERT INTO t_act_group (act_id,person_need) VALUES ('18','10')
2018-01-09 14:19:19:INSERT INTO t_act_group (act_id,person_need) VALUES ('18','10')
2018-01-09 14:19:19:INSERT INTO t_act_group (act_id,person_need) VALUES ('18','10')
2018-01-09 14:19:19:INSERT INTO t_act_group (act_id,person_need) VALUES ('18','10')
2018-01-09 14:47:30:INSERT INTO t_act (type,degree_type,pay_total,pay_fee,award_first,award_two,award_third,award_all,num_group,num_person,limit_sex,limit_distance,description,pic,openid,add_time,end_time) VALUES ('poster','3*3','26.26','0.53','1.00','0.50','0.25','0.13','10','100','','3','','act/poster/tmp_90699e3dd209a51b040c5317e64d2157b3add5e46f4a1060.png','oeDcV0W0lW2u-WnondVku8uZZo4k','1515480450','1515491250')
2018-01-09 14:47:30:INSERT INTO t_act_pic (pic,act_id) VALUES ('act/tmp_ab9a217fe3dfb53b8271205e276b4c904e70e25339a29e44.jpg','19')
2018-01-09 14:47:30:INSERT INTO t_act_group (act_id,person_need) VALUES ('19','10')
2018-01-09 14:47:30:INSERT INTO t_act_group (act_id,person_need) VALUES ('19','10')
2018-01-09 14:47:30:INSERT INTO t_act_group (act_id,person_need) VALUES ('19','10')
2018-01-09 14:47:30:INSERT INTO t_act_group (act_id,person_need) VALUES ('19','10')
2018-01-09 14:47:30:INSERT INTO t_act_group (act_id,person_need) VALUES ('19','10')
2018-01-09 14:47:30:INSERT INTO t_act_group (act_id,person_need) VALUES ('19','10')
2018-01-09 14:47:30:INSERT INTO t_act_group (act_id,person_need) VALUES ('19','10')
2018-01-09 14:47:30:INSERT INTO t_act_group (act_id,person_need) VALUES ('19','10')
2018-01-09 14:47:30:INSERT INTO t_act_group (act_id,person_need) VALUES ('19','10')
2018-01-09 14:47:30:INSERT INTO t_act_group (act_id,person_need) VALUES ('19','10')
2018-01-09 15:17:22:INSERT INTO t_act_user (act_id,group_id,use_time,openid,create_time) VALUES ('19','172','9','oeDcV0TIhZCvU1UFnqrdS_fKJxW0','2018-01-09 15:17:22')
2018-01-09 15:40:13:INSERT INTO t_act_user (act_id,group_id,use_time,openid,create_time) VALUES ('16','142','7','oeDcV0W0lW2u-WnondVku8uZZo4k','2018-01-09 15:40:13')
2018-01-09 17:02:26:INSERT INTO t_act_user (act_id,group_id,use_time,openid,create_time) VALUES ('18','162','0','oeDcV0TIhZCvU1UFnqrdS_fKJxW0','2018-01-09 17:02:26')
2018-01-09 17:45:32:INSERT INTO t_act (type,degree_type,pay_total,pay_fee,award_first,award_two,award_third,award_all,num_group,num_person,limit_sex,limit_distance,description,pic,openid,add_time,end_time) VALUES ('poster','3*3','26.26','0.53','1.00','0.50','0.25','0.13','10','100','','1','','act/poster/tmp_af6b2e1b1afab30b0a5b6c6c1286b09f.png','oeDcV0TIhZCvU1UFnqrdS_fKJxW0','1515491132','1515501932')
2018-01-09 17:45:32:INSERT INTO t_act_group (act_id,person_need) VALUES ('20','10')
2018-01-09 17:45:32:INSERT INTO t_act_group (act_id,person_need) VALUES ('20','10')
2018-01-09 17:45:32:INSERT INTO t_act_group (act_id,person_need) VALUES ('20','10')
2018-01-09 17:45:32:INSERT INTO t_act_group (act_id,person_need) VALUES ('20','10')
2018-01-09 17:45:32:INSERT INTO t_act_group (act_id,person_need) VALUES ('20','10')
2018-01-09 17:45:32:INSERT INTO t_act_group (act_id,person_need) VALUES ('20','10')
2018-01-09 17:45:32:INSERT INTO t_act_group (act_id,person_need) VALUES ('20','10')
2018-01-09 17:45:32:INSERT INTO t_act_group (act_id,person_need) VALUES ('20','10')
2018-01-09 17:45:32:INSERT INTO t_act_group (act_id,person_need) VALUES ('20','10')
2018-01-09 17:45:32:INSERT INTO t_act_group (act_id,person_need) VALUES ('20','10')
2018-01-09 17:50:49:INSERT INTO t_act (type,degree_type,pay_total,pay_fee,award_first,award_two,award_third,award_all,num_group,num_person,limit_sex,limit_distance,description,pic,openid,add_time,end_time) VALUES ('poster','3*3','26.26','0.53','1.00','0.50','0.25','0.13','10','100','','1','','act/poster/tmp_83892df9733efb12e6910d874a28e02b.png','oeDcV0TIhZCvU1UFnqrdS_fKJxW0','1515491449','1515502249')
2018-01-09 17:50:49:INSERT INTO t_act_group (act_id,person_need) VALUES ('21','10')
2018-01-09 17:50:49:INSERT INTO t_act_group (act_id,person_need) VALUES ('21','10')
2018-01-09 17:50:49:INSERT INTO t_act_group (act_id,person_need) VALUES ('21','10')
2018-01-09 17:50:49:INSERT INTO t_act_group (act_id,person_need) VALUES ('21','10')
2018-01-09 17:50:49:INSERT INTO t_act_group (act_id,person_need) VALUES ('21','10')
2018-01-09 17:50:49:INSERT INTO t_act_group (act_id,person_need) VALUES ('21','10')
2018-01-09 17:50:49:INSERT INTO t_act_group (act_id,person_need) VALUES ('21','10')
2018-01-09 17:50:49:INSERT INTO t_act_group (act_id,person_need) VALUES ('21','10')
2018-01-09 17:50:49:INSERT INTO t_act_group (act_id,person_need) VALUES ('21','10')
2018-01-09 17:50:49:INSERT INTO t_act_group (act_id,person_need) VALUES ('21','10')
2018-01-09 18:45:50:INSERT INTO t_act (type,degree_type,pay_total,pay_fee,award_first,award_two,award_third,award_all,num_group,num_person,limit_sex,limit_distance,description,pic,openid,add_time,end_time) VALUES ('poster','3*3','26.26','0.53','1.00','0.50','0.25','0.13','10','100','','','','act/poster/tmp_e615e140865782276ba941ec996a4755.png','oeDcV0TIhZCvU1UFnqrdS_fKJxW0','1515494750','1515505550')
2018-01-09 18:45:50:INSERT INTO t_act_group (act_id,person_need) VALUES ('22','10')
2018-01-09 18:45:50:INSERT INTO t_act_group (act_id,person_need) VALUES ('22','10')
2018-01-09 18:45:50:INSERT INTO t_act_group (act_id,person_need) VALUES ('22','10')
2018-01-09 18:45:50:INSERT INTO t_act_group (act_id,person_need) VALUES ('22','10')
2018-01-09 18:45:50:INSERT INTO t_act_group (act_id,person_need) VALUES ('22','10')
2018-01-09 18:45:50:INSERT INTO t_act_group (act_id,person_need) VALUES ('22','10')
2018-01-09 18:45:50:INSERT INTO t_act_group (act_id,person_need) VALUES ('22','10')
2018-01-09 18:45:50:INSERT INTO t_act_group (act_id,person_need) VALUES ('22','10')
2018-01-09 18:45:50:INSERT INTO t_act_group (act_id,person_need) VALUES ('22','10')
2018-01-09 18:45:50:INSERT INTO t_act_group (act_id,person_need) VALUES ('22','10')
2018-01-09 18:46:50:INSERT INTO t_act_user (act_id,group_id,use_time,openid,create_time) VALUES ('22','202','49','oeDcV0TIhZCvU1UFnqrdS_fKJxW0','2018-01-09 18:46:50')
2018-01-09 18:48:19:INSERT INTO t_act (type,degree_type,pay_total,pay_fee,award_first,award_two,award_third,award_all,num_group,num_person,limit_sex,limit_distance,description,pic,openid,add_time,end_time) VALUES ('poster','3*3','26.26','0.53','1.00','0.50','0.25','0.13','10','100','','1','','act/poster/tmp_99916fc077e3af3e6c91c8edb19b7892.png','oeDcV0TIhZCvU1UFnqrdS_fKJxW0','1515494899','1515505699')
2018-01-09 18:48:19:INSERT INTO t_act_pic (pic,act_id) VALUES ('act/tmp_9194f20c5552ab681de71364fbc4bad1.jpg','23')
2018-01-09 18:48:19:INSERT INTO t_act_group (act_id,person_need) VALUES ('23','10')
2018-01-09 18:48:19:INSERT INTO t_act_group (act_id,person_need) VALUES ('23','10')
2018-01-09 18:48:19:INSERT INTO t_act_group (act_id,person_need) VALUES ('23','10')
2018-01-09 18:48:19:INSERT INTO t_act_group (act_id,person_need) VALUES ('23','10')
2018-01-09 18:48:19:INSERT INTO t_act_group (act_id,person_need) VALUES ('23','10')
2018-01-09 18:48:19:INSERT INTO t_act_group (act_id,person_need) VALUES ('23','10')
2018-01-09 18:48:19:INSERT INTO t_act_group (act_id,person_need) VALUES ('23','10')
2018-01-09 18:48:19:INSERT INTO t_act_group (act_id,person_need) VALUES ('23','10')
2018-01-09 18:48:19:INSERT INTO t_act_group (act_id,person_need) VALUES ('23','10')
2018-01-09 18:48:19:INSERT INTO t_act_group (act_id,person_need) VALUES ('23','10')
2018-01-09 18:49:03:INSERT INTO t_act_user (act_id,group_id,use_time,openid,create_time) VALUES ('23','212','34','oeDcV0TIhZCvU1UFnqrdS_fKJxW0','2018-01-09 18:49:03')
2018-01-09 18:52:21:INSERT INTO t_act (type,degree_type,pay_total,pay_fee,award_first,award_two,award_third,award_all,num_group,num_person,limit_sex,limit_distance,description,pic,openid,add_time,end_time) VALUES ('poster','3*3','26.26','0.53','1.00','0.50','0.25','0.13','10','100','','','','act/poster/tmp_55a0de4c842b8e8f1d0a01033f4a7b48.png','oeDcV0TIhZCvU1UFnqrdS_fKJxW0','1515495141','1515505941')
2018-01-09 18:52:21:INSERT INTO t_act_group (act_id,person_need) VALUES ('24','10')
2018-01-09 18:52:21:INSERT INTO t_act_group (act_id,person_need) VALUES ('24','10')
2018-01-09 18:52:21:INSERT INTO t_act_group (act_id,person_need) VALUES ('24','10')
2018-01-09 18:52:21:INSERT INTO t_act_group (act_id,person_need) VALUES ('24','10')
2018-01-09 18:52:21:INSERT INTO t_act_group (act_id,person_need) VALUES ('24','10')
2018-01-09 18:52:21:INSERT INTO t_act_group (act_id,person_need) VALUES ('24','10')
2018-01-09 18:52:21:INSERT INTO t_act_group (act_id,person_need) VALUES ('24','10')
2018-01-09 18:52:21:INSERT INTO t_act_group (act_id,person_need) VALUES ('24','10')
2018-01-09 18:52:21:INSERT INTO t_act_group (act_id,person_need) VALUES ('24','10')
2018-01-09 18:52:21:INSERT INTO t_act_group (act_id,person_need) VALUES ('24','10')
2018-01-09 19:01:04:INSERT INTO t_act_user (act_id,group_id,use_time,openid,create_time) VALUES ('20','182','60','oeDcV0TIhZCvU1UFnqrdS_fKJxW0','2018-01-09 19:01:04')
2018-01-09 20:50:55:INSERT INTO t_act (type,degree_type,pay_total,pay_fee,award_first,award_two,award_third,award_all,num_group,num_person,limit_sex,limit_distance,description,pic,openid,add_time,end_time) VALUES ('poster','3*3','26.26','0.53','1.00','0.50','0.25','0.13','10','100','','1','','act/poster/tmp_f6fcb051ebd05969c39210386be00916.png','oeDcV0TIhZCvU1UFnqrdS_fKJxW0','1515502255','1515513055')
2018-01-09 20:50:55:INSERT INTO t_act_pic (pic,act_id) VALUES ('act/tmp_f73c3d3f180c77c24176f089f278fb71.jpg','25')
2018-01-09 20:50:55:INSERT INTO t_act_group (act_id,person_need) VALUES ('25','10')
2018-01-09 20:50:55:INSERT INTO t_act_group (act_id,person_need) VALUES ('25','10')
2018-01-09 20:50:55:INSERT INTO t_act_group (act_id,person_need) VALUES ('25','10')
2018-01-09 20:50:55:INSERT INTO t_act_group (act_id,person_need) VALUES ('25','10')
2018-01-09 20:50:55:INSERT INTO t_act_group (act_id,person_need) VALUES ('25','10')
2018-01-09 20:50:55:INSERT INTO t_act_group (act_id,person_need) VALUES ('25','10')
2018-01-09 20:50:55:INSERT INTO t_act_group (act_id,person_need) VALUES ('25','10')
2018-01-09 20:50:55:INSERT INTO t_act_group (act_id,person_need) VALUES ('25','10')
2018-01-09 20:50:55:INSERT INTO t_act_group (act_id,person_need) VALUES ('25','10')
2018-01-09 20:50:55:INSERT INTO t_act_group (act_id,person_need) VALUES ('25','10')
