2018-01-08 09:38:54:INSERT INTO t_act (type,degree_type,pay_total,pay_fee,award_first,award_two,award_third,award_all,num_group,num_person,limit_sex,limit_distance,description,pic,openid,add_time,end_time) VALUES ('poster','3*3','25.93','0.52','2.00','0.40','0.08','0.02','10','100','1','2','活动声明...','act/poster/wx3d00770652053edd.o6zAJs9bs--3Qn1Jkc_lFPynmD4A.baca2d98ff39c11b72c1a442f990db4f.png','oeDcV0W0lW2u-WnondVku8uZZo4k','1515375534','1515386334')
2018-01-08 09:38:54:INSERT INTO t_act_pic (pic,act_id) VALUES ('act/wx3d00770652053edd.o6zAJs9bs--3Qn1Jkc_lFPynmD4A.839f01bc0f2c367566eaa707d843619f.png','29')
2018-01-08 09:38:54:INSERT INTO t_act_pic (pic,act_id) VALUES ('act/wx3d00770652053edd.o6zAJs9bs--3Qn1Jkc_lFPynmD4A.6a10599619a65c4963523e304277ae8e.png','29')
2018-01-08 09:38:54:INSERT INTO t_act_group (act_id,person_need) VALUES ('29','10')
2018-01-08 09:38:54:INSERT INTO t_act_group (act_id,person_need) VALUES ('29','10')
2018-01-08 09:38:54:INSERT INTO t_act_group (act_id,person_need) VALUES ('29','10')
2018-01-08 09:38:54:INSERT INTO t_act_group (act_id,person_need) VALUES ('29','10')
2018-01-08 09:38:54:INSERT INTO t_act_group (act_id,person_need) VALUES ('29','10')
2018-01-08 09:38:54:INSERT INTO t_act_group (act_id,person_need) VALUES ('29','10')
2018-01-08 09:38:54:INSERT INTO t_act_group (act_id,person_need) VALUES ('29','10')
2018-01-08 09:38:54:INSERT INTO t_act_group (act_id,person_need) VALUES ('29','10')
2018-01-08 09:38:54:INSERT INTO t_act_group (act_id,person_need) VALUES ('29','10')
2018-01-08 09:38:55:INSERT INTO t_act_group (act_id,person_need) VALUES ('29','10')
2018-01-08 10:19:31:INSERT INTO t_act (type,degree_type,pay_total,pay_fee,award_first,award_two,award_third,award_all,num_group,num_person,limit_sex,limit_distance,description,pic,openid,add_time,end_time) VALUES ('poster','3*3','25.93','0.52','2.00','0.40','0.08','0.02','10','100','','','','act/poster/tmp_c0c1039338b953cedbf4a38f63807dcd.png','oeDcV0TIhZCvU1UFnqrdS_fKJxW0','1515377971','1515388771')
2018-01-08 10:19:31:INSERT INTO t_act_group (act_id,person_need) VALUES ('30','10')
2018-01-08 10:19:31:INSERT INTO t_act_group (act_id,person_need) VALUES ('30','10')
2018-01-08 10:19:31:INSERT INTO t_act_group (act_id,person_need) VALUES ('30','10')
2018-01-08 10:19:31:INSERT INTO t_act_group (act_id,person_need) VALUES ('30','10')
2018-01-08 10:19:31:INSERT INTO t_act_group (act_id,person_need) VALUES ('30','10')
2018-01-08 10:19:31:INSERT INTO t_act_group (act_id,person_need) VALUES ('30','10')
2018-01-08 10:19:31:INSERT INTO t_act_group (act_id,person_need) VALUES ('30','10')
2018-01-08 10:19:31:INSERT INTO t_act_group (act_id,person_need) VALUES ('30','10')
2018-01-08 10:19:31:INSERT INTO t_act_group (act_id,person_need) VALUES ('30','10')
2018-01-08 10:19:31:INSERT INTO t_act_group (act_id,person_need) VALUES ('30','10')
2018-01-08 10:34:48:INSERT INTO t_act (type,degree_type,pay_total,pay_fee,award_first,award_two,award_third,award_all,num_group,num_person,limit_sex,limit_distance,description,pic,openid,add_time,end_time) VALUES ('poster','3*3','25.93','0.52','2.00','0.40','0.08','0.02','10','100','2','5','五公里内的女生玩','act/poster/tmp_0f9aa802cd902fe23ba33d53285272a6999597539d65afec.png','oeDcV0W0lW2u-WnondVku8uZZo4k','1515378888','1515389688')
2018-01-08 10:34:48:INSERT INTO t_act_pic (pic,act_id) VALUES ('act/tmp_985a9e5a8955b3bd529d01c985f8fa55305f0266e2943653.jpg','31')
2018-01-08 10:34:48:INSERT INTO t_act_pic (pic,act_id) VALUES ('act/tmp_5978c7fa7f92d53263dd6611d24164bf9baaa4ba32a62d73.jpg','31')
2018-01-08 10:34:48:INSERT INTO t_act_pic (pic,act_id) VALUES ('act/tmp_495202dc77721ef78a241490d0afcc3adfe2b92e03d33e6e.jpg','31')
2018-01-08 10:34:48:INSERT INTO t_act_pic (pic,act_id) VALUES ('act/tmp_c73ff95ef47af09c6161c684bfa92ac2642371277abcb080.jpg','31')
2018-01-08 10:34:48:INSERT INTO t_act_group (act_id,person_need) VALUES ('31','10')
2018-01-08 10:34:48:INSERT INTO t_act_group (act_id,person_need) VALUES ('31','10')
2018-01-08 10:34:48:INSERT INTO t_act_group (act_id,person_need) VALUES ('31','10')
2018-01-08 10:34:48:INSERT INTO t_act_group (act_id,person_need) VALUES ('31','10')
2018-01-08 10:34:48:INSERT INTO t_act_group (act_id,person_need) VALUES ('31','10')
2018-01-08 10:34:48:INSERT INTO t_act_group (act_id,person_need) VALUES ('31','10')
2018-01-08 10:34:48:INSERT INTO t_act_group (act_id,person_need) VALUES ('31','10')
2018-01-08 10:34:48:INSERT INTO t_act_group (act_id,person_need) VALUES ('31','10')
2018-01-08 10:34:48:INSERT INTO t_act_group (act_id,person_need) VALUES ('31','10')
2018-01-08 10:34:48:INSERT INTO t_act_group (act_id,person_need) VALUES ('31','10')
2018-01-08 14:43:01:INSERT INTO t_user (lat,lng,mobile,is_show_info,name,wx,address,logo,openid) VALUES ('28.21294','112.85637','15580907641','SHOW','时光','shixi','湖南省长沙市岳麓区谷苑路嘉运路交叉口南侧','http://tmp/wx3d00770652053edd.o6zAJs9bs--3Qn1Jkc_lFPynmD4A.1c95ad828d3d1ef9134336e8de95b0b3.jpg','oeDcV0W0lW2u-WnondVku8uZZo4k')
2018-01-08 14:46:00:INSERT INTO t_act (type,degree_type,pay_total,pay_fee,award_first,award_two,award_third,award_all,num_group,num_person,limit_sex,limit_distance,description,pic,openid,add_time,end_time) VALUES ('poster','3*3','25.93','0.52','2.00','0.40','0.08','0.02','10','100','2','5','五公里内的妹子玩','act/poster/wx3d00770652053edd.o6zAJs9bs--3Qn1Jkc_lFPynmD4A.6b6b3a547b40b12405e7803a18aa3c63.png','oeDcV0W0lW2u-WnondVku8uZZo4k','1515393960','1515404760')
2018-01-08 14:46:00:INSERT INTO t_act_pic (pic,act_id) VALUES ('act/wx3d00770652053edd.o6zAJs9bs--3Qn1Jkc_lFPynmD4A.839f01bc0f2c367566eaa707d843619f.png','1')
2018-01-08 14:46:00:INSERT INTO t_act_pic (pic,act_id) VALUES ('act/wx3d00770652053edd.o6zAJs9bs--3Qn1Jkc_lFPynmD4A.6a10599619a65c4963523e304277ae8e.png','1')
2018-01-08 14:46:00:INSERT INTO t_act_group (act_id,person_need) VALUES ('1','10')
2018-01-08 14:46:00:INSERT INTO t_act_group (act_id,person_need) VALUES ('1','10')
2018-01-08 14:46:00:INSERT INTO t_act_group (act_id,person_need) VALUES ('1','10')
2018-01-08 14:46:00:INSERT INTO t_act_group (act_id,person_need) VALUES ('1','10')
2018-01-08 14:46:00:INSERT INTO t_act_group (act_id,person_need) VALUES ('1','10')
2018-01-08 14:46:00:INSERT INTO t_act_group (act_id,person_need) VALUES ('1','10')
2018-01-08 14:46:00:INSERT INTO t_act_group (act_id,person_need) VALUES ('1','10')
2018-01-08 14:46:00:INSERT INTO t_act_group (act_id,person_need) VALUES ('1','10')
2018-01-08 14:46:00:INSERT INTO t_act_group (act_id,person_need) VALUES ('1','10')
2018-01-08 14:46:00:INSERT INTO t_act_group (act_id,person_need) VALUES ('1','10')
2018-01-08 14:53:54:INSERT INTO t_user (lat,lng,mobile,avatarUrl,is_show_info,name,nick_name,wx,address,gender,city,logo,openid) VALUES ('28.21294','112.85637','15580907641','https://wx.qlogo.cn/mmopen/vi_32/DYAIOgq83epmsqu4O32XY7KjIib1KtVIc4W0syylE5rnbV0UA7Hb4cJaViauYv84L06aKDsufTptezghPociaNlRw/0','SHOW','时光小溪','shiela47','shixi','湖南省长沙市岳麓区谷苑路嘉运路交叉口南侧','2','Changsha','http://tmp/wx3d00770652053edd.o6zAJs9bs--3Qn1Jkc_lFPynmD4A.0a20a07147151c7972fed786fe088a69.png','oeDcV0W0lW2u-WnondVku8uZZo4k')
2018-01-08 14:55:17:INSERT INTO t_act (type,degree_type,pay_total,pay_fee,award_first,award_two,award_third,award_all,num_group,num_person,limit_sex,limit_distance,description,pic,openid,add_time,end_time) VALUES ('poster','3*3','25.93','0.52','2.00','0.40','0.08','0.02','10','100','2','5','五公里内的女性朋友才能玩','act/poster/wx3d00770652053edd.o6zAJs9bs--3Qn1Jkc_lFPynmD4A.e756eb43cc22c1f2e0c4c63623777dd5.png','oeDcV0W0lW2u-WnondVku8uZZo4k','1515394517','1515405317')
2018-01-08 14:55:17:INSERT INTO t_act_pic (pic,act_id) VALUES ('act/wx3d00770652053edd.o6zAJs9bs--3Qn1Jkc_lFPynmD4A.839f01bc0f2c367566eaa707d843619f.png','1')
2018-01-08 14:55:17:INSERT INTO t_act_pic (pic,act_id) VALUES ('act/wx3d00770652053edd.o6zAJs9bs--3Qn1Jkc_lFPynmD4A.6a10599619a65c4963523e304277ae8e.png','1')
2018-01-08 14:55:18:INSERT INTO t_act_group (act_id,person_need) VALUES ('1','10')
2018-01-08 14:55:18:INSERT INTO t_act_group (act_id,person_need) VALUES ('1','10')
2018-01-08 14:55:18:INSERT INTO t_act_group (act_id,person_need) VALUES ('1','10')
2018-01-08 14:55:18:INSERT INTO t_act_group (act_id,person_need) VALUES ('1','10')
2018-01-08 14:55:18:INSERT INTO t_act_group (act_id,person_need) VALUES ('1','10')
2018-01-08 14:55:18:INSERT INTO t_act_group (act_id,person_need) VALUES ('1','10')
2018-01-08 14:55:18:INSERT INTO t_act_group (act_id,person_need) VALUES ('1','10')
2018-01-08 14:55:18:INSERT INTO t_act_group (act_id,person_need) VALUES ('1','10')
2018-01-08 14:55:18:INSERT INTO t_act_group (act_id,person_need) VALUES ('1','10')
2018-01-08 14:55:18:INSERT INTO t_act_group (act_id,person_need) VALUES ('1','10')
2018-01-08 14:56:37:INSERT INTO t_act_user (act_id,group_id,use_time,openid,create_time) VALUES ('1','1','31','oeDcV0W0lW2u-WnondVku8uZZo4k','2018-01-08 14:56:37')
2018-01-08 15:04:39:INSERT INTO t_act (type,degree_type,pay_total,pay_fee,award_first,award_two,award_third,award_all,num_group,num_person,limit_sex,limit_distance,description,pic,openid,add_time,end_time) VALUES ('poster','3*3','25.93','0.52','2.00','0.40','0.08','0.02','10','100','1','3','三公里内的男性玩','act/poster/wx3d00770652053edd.o6zAJs9bs--3Qn1Jkc_lFPynmD4A.6acf903c1611f94f43deb6758ba9176f.png','oeDcV0W0lW2u-WnondVku8uZZo4k','1515395079','1515405879')
2018-01-08 15:04:39:INSERT INTO t_act_pic (pic,act_id) VALUES ('act/wx3d00770652053edd.o6zAJs9bs--3Qn1Jkc_lFPynmD4A.74060a714d688842bf08571b38f57a44.png','2')
2018-01-08 15:04:39:INSERT INTO t_act_pic (pic,act_id) VALUES ('act/wx3d00770652053edd.o6zAJs9bs--3Qn1Jkc_lFPynmD4A.1c95ad828d3d1ef9134336e8de95b0b3.jpg','2')
2018-01-08 15:04:39:INSERT INTO t_act_group (act_id,person_need) VALUES ('2','10')
2018-01-08 15:04:40:INSERT INTO t_act_group (act_id,person_need) VALUES ('2','10')
2018-01-08 15:04:40:INSERT INTO t_act_group (act_id,person_need) VALUES ('2','10')
2018-01-08 15:04:40:INSERT INTO t_act_group (act_id,person_need) VALUES ('2','10')
2018-01-08 15:04:40:INSERT INTO t_act_group (act_id,person_need) VALUES ('2','10')
2018-01-08 15:04:40:INSERT INTO t_act_group (act_id,person_need) VALUES ('2','10')
2018-01-08 15:04:40:INSERT INTO t_act_group (act_id,person_need) VALUES ('2','10')
2018-01-08 15:04:40:INSERT INTO t_act_group (act_id,person_need) VALUES ('2','10')
2018-01-08 15:04:40:INSERT INTO t_act_group (act_id,person_need) VALUES ('2','10')
2018-01-08 15:04:40:INSERT INTO t_act_group (act_id,person_need) VALUES ('2','10')
2018-01-08 15:05:28:INSERT INTO t_act_user (act_id,group_id,use_time,openid,create_time) VALUES ('2','11','28','oeDcV0W0lW2u-WnondVku8uZZo4k','2018-01-08 15:05:28')
2018-01-08 17:19:51:INSERT INTO t_user (lat,lng,mobile,avatarUrl,is_show_info,name,nick_name,wx,address,gender,city,logo,openid) VALUES ('28.201850455683','112.86141904129','18912345678','https://wx.qlogo.cn/mmopen/vi_32/Fp75BwsBiaLEb5LZPDViaWJRVCjs9bib5HKCcWiaF1DjTdMwCStJD4KcaMZibuAs94SHszvA0pG8arMCPXy3I7e7dYw/0','SHOW','限时','阿三','123355','长沙市岳麓区麓谷维也纳国际酒店(高新区麓谷店)','1','Shenzhen','wxfile://tmp_ad325225221652cba9d69dc0aaf219d7.jpg','oeDcV0TIhZCvU1UFnqrdS_fKJxW0')
2018-01-08 17:20:51:INSERT INTO t_act (type,degree_type,pay_total,pay_fee,award_first,award_two,award_third,award_all,num_group,num_person,limit_sex,limit_distance,description,pic,openid,add_time,end_time) VALUES ('poster','3*3','25.93','0.52','2.00','0.40','0.08','0.02','10','100','','1','你就坐到头晕脑胀、一个人所得了却我说说话说不定哪里有好有坏掉了下来？这个个喜爱吃了却没有好好先生的地方就是家的人们对你是我们的一部分析上？','act/poster/tmp_10b40355990a060e5eedd5a936072ada.png','oeDcV0TIhZCvU1UFnqrdS_fKJxW0','1515403251','1515414051')
2018-01-08 17:20:51:INSERT INTO t_act_pic (pic,act_id) VALUES ('act/tmp_fca13047d754ec599543a0bfb95c709f.jpg','3')
2018-01-08 17:20:51:INSERT INTO t_act_group (act_id,person_need) VALUES ('3','10')
2018-01-08 17:20:51:INSERT INTO t_act_group (act_id,person_need) VALUES ('3','10')
2018-01-08 17:20:51:INSERT INTO t_act_group (act_id,person_need) VALUES ('3','10')
2018-01-08 17:20:51:INSERT INTO t_act_group (act_id,person_need) VALUES ('3','10')
2018-01-08 17:20:51:INSERT INTO t_act_group (act_id,person_need) VALUES ('3','10')
2018-01-08 17:20:51:INSERT INTO t_act_group (act_id,person_need) VALUES ('3','10')
2018-01-08 17:20:51:INSERT INTO t_act_group (act_id,person_need) VALUES ('3','10')
2018-01-08 17:20:51:INSERT INTO t_act_group (act_id,person_need) VALUES ('3','10')
2018-01-08 17:20:51:INSERT INTO t_act_group (act_id,person_need) VALUES ('3','10')
2018-01-08 17:20:51:INSERT INTO t_act_group (act_id,person_need) VALUES ('3','10')
2018-01-08 17:22:50:INSERT INTO t_act (type,degree_type,pay_total,pay_fee,award_first,award_two,award_third,award_all,num_group,num_person,limit_sex,limit_distance,description,pic,openid,add_time,end_time) VALUES ('poster','3*3','25.93','0.52','2.00','0.40','0.08','0.02','10','100','','1','郷了解了很多东西我会努力量达到……这些是不是都！在乎！凢为啥不畿是！了结束些乙！','act/poster/tmp_f5c2ae88332a9dd6bd791be0eff1e0fe.png','oeDcV0TIhZCvU1UFnqrdS_fKJxW0','1515403370','1515414170')
2018-01-08 17:22:50:INSERT INTO t_act_group (act_id,person_need) VALUES ('4','10')
2018-01-08 17:22:50:INSERT INTO t_act_group (act_id,person_need) VALUES ('4','10')
2018-01-08 17:22:50:INSERT INTO t_act_group (act_id,person_need) VALUES ('4','10')
2018-01-08 17:22:50:INSERT INTO t_act_group (act_id,person_need) VALUES ('4','10')
2018-01-08 17:22:50:INSERT INTO t_act_group (act_id,person_need) VALUES ('4','10')
2018-01-08 17:22:50:INSERT INTO t_act_group (act_id,person_need) VALUES ('4','10')
2018-01-08 17:22:50:INSERT INTO t_act_group (act_id,person_need) VALUES ('4','10')
2018-01-08 17:22:50:INSERT INTO t_act_group (act_id,person_need) VALUES ('4','10')
2018-01-08 17:22:50:INSERT INTO t_act_group (act_id,person_need) VALUES ('4','10')
2018-01-08 17:22:50:INSERT INTO t_act_group (act_id,person_need) VALUES ('4','10')
2018-01-08 17:24:04:INSERT INTO t_act_user (act_id,group_id,use_time,openid,create_time) VALUES ('4','31','46','oeDcV0TIhZCvU1UFnqrdS_fKJxW0','2018-01-08 17:24:04')
2018-01-08 17:33:43:INSERT INTO t_act (type,degree_type,pay_total,pay_fee,award_first,award_two,award_third,award_all,num_group,num_person,limit_sex,limit_distance,description,pic,openid,add_time,end_time) VALUES ('poster','3*3','25.93','0.52','2.00','0.40','0.08','0.02','10','100','1','1','你在干嘛！在于我们之间已经无法达成共识？你在一起一落吗！这种子的确如此是我自己做到来源泉没有任何意义。。','act/poster/tmp_c226bf1003d5fa0d0686774f12cb5ed8.png','oeDcV0TIhZCvU1UFnqrdS_fKJxW0','1515404023','1515414823')
2018-01-08 17:33:43:INSERT INTO t_act_pic (pic,act_id) VALUES ('act/tmp_d304a2c8e3eeb0fccf86bdd99214b1ee.jpg','5')
2018-01-08 17:33:43:INSERT INTO t_act_pic (pic,act_id) VALUES ('act/tmp_1b14078f73a5725878a7f5c336f0c28a.jpg','5')
2018-01-08 17:33:43:INSERT INTO t_act_pic (pic,act_id) VALUES ('act/tmp_f75adebf2519f9a469136f496415275e.jpg','5')
2018-01-08 17:33:43:INSERT INTO t_act_group (act_id,person_need) VALUES ('5','10')
2018-01-08 17:33:43:INSERT INTO t_act_group (act_id,person_need) VALUES ('5','10')
2018-01-08 17:33:43:INSERT INTO t_act_group (act_id,person_need) VALUES ('5','10')
2018-01-08 17:33:43:INSERT INTO t_act_group (act_id,person_need) VALUES ('5','10')
2018-01-08 17:33:43:INSERT INTO t_act_group (act_id,person_need) VALUES ('5','10')
2018-01-08 17:33:43:INSERT INTO t_act_group (act_id,person_need) VALUES ('5','10')
2018-01-08 17:33:43:INSERT INTO t_act_group (act_id,person_need) VALUES ('5','10')
2018-01-08 17:33:43:INSERT INTO t_act_group (act_id,person_need) VALUES ('5','10')
2018-01-08 17:33:43:INSERT INTO t_act_group (act_id,person_need) VALUES ('5','10')
2018-01-08 17:33:43:INSERT INTO t_act_group (act_id,person_need) VALUES ('5','10')
2018-01-08 17:59:30:INSERT INTO t_act (type,degree_type,pay_total,pay_fee,award_first,award_two,award_third,award_all,num_group,num_person,limit_sex,limit_distance,description,pic,openid,add_time,end_time) VALUES ('poster','3*3','25.93','0.52','2.00','0.40','0.08','0.02','10','100','','','小学校长期趋势利比去年轻貌美国法律顾问有限公司总经理等人群岛中大','act/poster/tmp_ca567aad8b593fdeb8f68a515f356183.png','oeDcV0TIhZCvU1UFnqrdS_fKJxW0','1515405570','1515416370')
2018-01-08 17:59:30:INSERT INTO t_act_pic (pic,act_id) VALUES ('act/tmp_ebc9894db261815f49516668d26d46e8.jpg','6')
2018-01-08 17:59:30:INSERT INTO t_act_group (act_id,person_need) VALUES ('6','10')
2018-01-08 17:59:30:INSERT INTO t_act_group (act_id,person_need) VALUES ('6','10')
2018-01-08 17:59:30:INSERT INTO t_act_group (act_id,person_need) VALUES ('6','10')
2018-01-08 17:59:31:INSERT INTO t_act_group (act_id,person_need) VALUES ('6','10')
2018-01-08 17:59:31:INSERT INTO t_act_group (act_id,person_need) VALUES ('6','10')
2018-01-08 17:59:31:INSERT INTO t_act_group (act_id,person_need) VALUES ('6','10')
2018-01-08 17:59:31:INSERT INTO t_act_group (act_id,person_need) VALUES ('6','10')
2018-01-08 17:59:31:INSERT INTO t_act_group (act_id,person_need) VALUES ('6','10')
2018-01-08 17:59:31:INSERT INTO t_act_group (act_id,person_need) VALUES ('6','10')
2018-01-08 17:59:31:INSERT INTO t_act_group (act_id,person_need) VALUES ('6','10')
2018-01-08 18:00:10:INSERT INTO t_act_user (act_id,group_id,use_time,openid,create_time) VALUES ('6','51','16','oeDcV0TIhZCvU1UFnqrdS_fKJxW0','2018-01-08 18:00:10')
2018-01-08 19:49:03:INSERT INTO t_act (type,degree_type,pay_total,pay_fee,award_first,award_two,award_third,award_all,num_group,num_person,limit_sex,limit_distance,description,pic,openid,add_time,end_time) VALUES ('poster','3*3','26.26','0.53','1.00','0.50','0.25','0.13','10','100','','','','act/poster/tmp_590d4ae1ad75a00d15bfda98dc0f8243.png','oeDcV0TIhZCvU1UFnqrdS_fKJxW0','1515412143','1515422943')
2018-01-08 19:49:03:INSERT INTO t_act_group (act_id,person_need) VALUES ('7','10')
2018-01-08 19:49:03:INSERT INTO t_act_group (act_id,person_need) VALUES ('7','10')
2018-01-08 19:49:03:INSERT INTO t_act_group (act_id,person_need) VALUES ('7','10')
2018-01-08 19:49:03:INSERT INTO t_act_group (act_id,person_need) VALUES ('7','10')
2018-01-08 19:49:03:INSERT INTO t_act_group (act_id,person_need) VALUES ('7','10')
2018-01-08 19:49:04:INSERT INTO t_act_group (act_id,person_need) VALUES ('7','10')
2018-01-08 19:49:04:INSERT INTO t_act_group (act_id,person_need) VALUES ('7','10')
2018-01-08 19:49:04:INSERT INTO t_act_group (act_id,person_need) VALUES ('7','10')
2018-01-08 19:49:04:INSERT INTO t_act_group (act_id,person_need) VALUES ('7','10')
2018-01-08 19:49:04:INSERT INTO t_act_group (act_id,person_need) VALUES ('7','10')
2018-01-08 19:52:35:INSERT INTO t_user (lat,lng,mobile,avatarUrl,is_show_info,name,nick_name,wx,address,gender,city,logo,openid) VALUES ('28.201756556795','112.86131249403','18569546218','https://wx.qlogo.cn/mmopen/vi_32/Q0j4TwGTfTKKUmQ9Vu1JmSXV8ceziarHiatkIp2w0mgNlFLgmUJJju7tFS3OlCe4Qbx4Mfu4HMNpqbLKSJdjZ0jA/0','SHOW','唐培','Ted_boy','tpei','长沙市维也纳国际酒店(高新区麓谷店)','1','Changsha','wxfile://tmp_54412f09618961d4244d90b7f9b7975e.jpg','oeDcV0fcvgQXwTF1AXrK17a5-l-M')
2018-01-08 19:53:11:INSERT INTO t_user (lat,lng,mobile,avatarUrl,is_show_info,name,nick_name,wx,address,gender,city,logo,openid) VALUES ('','','13631602908','https://wx.qlogo.cn/mmopen/vi_32/DYAIOgq83eqNNMV26SAiaElt5Pm8asWJmrbj2r6Ct4DQ6IWIJfC1RUJOwolFtERFw1U52F18mT3GuYBXt5F9Uibg/0','SHOW','王昆','王昆','snail220','','1','Changsha','wxfile://tmp_fff6ac8a030047ecfa2617ff875accbe.jpg','oeDcV0dJ3g1CclnmvlPfHTBkWZtU')
2018-01-08 20:17:58:INSERT INTO t_act (type,degree_type,pay_total,pay_fee,award_first,award_two,award_third,award_all,num_group,num_person,limit_sex,limit_distance,description,pic,openid,add_time,end_time) VALUES ('poster','3*3','5.39','0.11','2.00','1.00','0.50','0.25','1','10','','2','','act/poster/tmp_398efc7296836bfe0c425ed11140d4c1.png','oeDcV0TIhZCvU1UFnqrdS_fKJxW0','1515413878','1515424678')
2018-01-08 20:17:58:INSERT INTO t_act_group (act_id,person_need) VALUES ('8','10')
2018-01-08 20:32:56:INSERT INTO t_act (type,degree_type,pay_total,pay_fee,award_first,award_two,award_third,award_all,num_group,num_person,limit_sex,limit_distance,description,pic,openid,add_time,end_time) VALUES ('poster','3*3','26.26','0.53','1.00','0.50','0.25','0.13','10','100','','','','act/poster/tmp_b3281ac6cbbb00bbd9d0a51a18372fdf.png','oeDcV0TIhZCvU1UFnqrdS_fKJxW0','1515414776','1515425576')
2018-01-08 20:32:56:INSERT INTO t_act_group (act_id,person_need) VALUES ('9','10')
2018-01-08 20:32:56:INSERT INTO t_act_group (act_id,person_need) VALUES ('9','10')
2018-01-08 20:32:56:INSERT INTO t_act_group (act_id,person_need) VALUES ('9','10')
2018-01-08 20:32:56:INSERT INTO t_act_group (act_id,person_need) VALUES ('9','10')
2018-01-08 20:32:56:INSERT INTO t_act_group (act_id,person_need) VALUES ('9','10')
2018-01-08 20:32:56:INSERT INTO t_act_group (act_id,person_need) VALUES ('9','10')
2018-01-08 20:32:56:INSERT INTO t_act_group (act_id,person_need) VALUES ('9','10')
2018-01-08 20:32:56:INSERT INTO t_act_group (act_id,person_need) VALUES ('9','10')
2018-01-08 20:32:56:INSERT INTO t_act_group (act_id,person_need) VALUES ('9','10')
2018-01-08 20:32:56:INSERT INTO t_act_group (act_id,person_need) VALUES ('9','10')
2018-01-08 20:57:57:INSERT INTO t_act (type,degree_type,pay_total,pay_fee,award_first,award_two,award_third,award_all,num_group,num_person,limit_sex,limit_distance,description,pic,openid,add_time,end_time) VALUES ('poster','3*3','26.26','0.53','1.00','0.50','0.25','0.13','10','100','','10','','act/poster/tmp_f94fb294d271633f9a73de449d498cfc.png','oeDcV0TIhZCvU1UFnqrdS_fKJxW0','1515416277','1515427077')
2018-01-08 20:57:57:INSERT INTO t_act_group (act_id,person_need) VALUES ('10','10')
2018-01-08 20:57:57:INSERT INTO t_act_group (act_id,person_need) VALUES ('10','10')
2018-01-08 20:57:57:INSERT INTO t_act_group (act_id,person_need) VALUES ('10','10')
2018-01-08 20:57:57:INSERT INTO t_act_group (act_id,person_need) VALUES ('10','10')
2018-01-08 20:57:57:INSERT INTO t_act_group (act_id,person_need) VALUES ('10','10')
2018-01-08 20:57:57:INSERT INTO t_act_group (act_id,person_need) VALUES ('10','10')
2018-01-08 20:57:57:INSERT INTO t_act_group (act_id,person_need) VALUES ('10','10')
2018-01-08 20:57:57:INSERT INTO t_act_group (act_id,person_need) VALUES ('10','10')
2018-01-08 20:57:57:INSERT INTO t_act_group (act_id,person_need) VALUES ('10','10')
2018-01-08 20:57:57:INSERT INTO t_act_group (act_id,person_need) VALUES ('10','10')
2018-01-08 20:59:39:INSERT INTO t_act (type,degree_type,pay_total,pay_fee,award_first,award_two,award_third,award_all,num_group,num_person,limit_sex,limit_distance,description,pic,openid,add_time,end_time) VALUES ('poster','3*3','26.26','0.53','1.00','0.50','0.25','0.13','10','100','','1','','act/poster/tmp_d1037e5bf8d8b42dd983be3e36cab097.png','oeDcV0TIhZCvU1UFnqrdS_fKJxW0','1515416379','1515427179')
2018-01-08 20:59:39:INSERT INTO t_act_pic (pic,act_id) VALUES ('https://xcxs1.xizai.com/pintu/images/act/tmp_73ba1b5691d706517f45b17eb36d67fa.jpg','11')
2018-01-08 20:59:39:INSERT INTO t_act_group (act_id,person_need) VALUES ('11','10')
2018-01-08 20:59:39:INSERT INTO t_act_group (act_id,person_need) VALUES ('11','10')
2018-01-08 20:59:39:INSERT INTO t_act_group (act_id,person_need) VALUES ('11','10')
2018-01-08 20:59:39:INSERT INTO t_act_group (act_id,person_need) VALUES ('11','10')
2018-01-08 20:59:39:INSERT INTO t_act_group (act_id,person_need) VALUES ('11','10')
2018-01-08 20:59:39:INSERT INTO t_act_group (act_id,person_need) VALUES ('11','10')
2018-01-08 20:59:39:INSERT INTO t_act_group (act_id,person_need) VALUES ('11','10')
2018-01-08 20:59:39:INSERT INTO t_act_group (act_id,person_need) VALUES ('11','10')
2018-01-08 20:59:39:INSERT INTO t_act_group (act_id,person_need) VALUES ('11','10')
2018-01-08 20:59:39:INSERT INTO t_act_group (act_id,person_need) VALUES ('11','10')
2018-01-08 21:29:58:INSERT INTO t_act (type,degree_type,pay_total,pay_fee,award_first,award_two,award_third,award_all,num_group,num_person,limit_sex,limit_distance,description,pic,openid,add_time,end_time) VALUES ('poster','3*3','26.26','0.53','1.00','0.50','0.25','0.13','10','100','','1','','act/poster/tmp_4a69aa849126bd4e8d823188433d8cd0.png','oeDcV0TIhZCvU1UFnqrdS_fKJxW0','1515418198','1515428998')
2018-01-08 21:29:58:INSERT INTO t_act_group (act_id,person_need) VALUES ('12','10')
2018-01-08 21:29:58:INSERT INTO t_act_group (act_id,person_need) VALUES ('12','10')
2018-01-08 21:29:58:INSERT INTO t_act_group (act_id,person_need) VALUES ('12','10')
2018-01-08 21:29:58:INSERT INTO t_act_group (act_id,person_need) VALUES ('12','10')
2018-01-08 21:29:58:INSERT INTO t_act_group (act_id,person_need) VALUES ('12','10')
2018-01-08 21:29:58:INSERT INTO t_act_group (act_id,person_need) VALUES ('12','10')
2018-01-08 21:29:58:INSERT INTO t_act_group (act_id,person_need) VALUES ('12','10')
2018-01-08 21:29:58:INSERT INTO t_act_group (act_id,person_need) VALUES ('12','10')
2018-01-08 21:29:58:INSERT INTO t_act_group (act_id,person_need) VALUES ('12','10')
2018-01-08 21:29:58:INSERT INTO t_act_group (act_id,person_need) VALUES ('12','10')
