2018-01-15 11:11:00:INSERT INTO t_act (type,degree_type,pay_total,pay_fee,award_first,award_two,award_third,award_all,num_group,num_person,limit_sex,limit_distance,description,pic,openid,add_time,end_time) VALUES ('poster','3*3','8.40','0.17','1.00','0.50','0.25','0.13','3','30','','5','五环之歌','act/poster/tmp_21650ee6b9979a1c29047a3b4cb3196d0077ac739e48769e.png','oeDcV0W0lW2u-WnondVku8uZZo4k','1515985860','0')
2018-01-15 11:11:00:INSERT INTO t_act_pic (pic,act_id) VALUES ('act/tmp_1f83c5f0034ec2286e218048fa94dfc8d93cd54471497faf.jpg','48')
2018-01-15 11:11:00:INSERT INTO t_act_pic (pic,act_id) VALUES ('act/tmp_e258a02a06876790d748b77ee0018744ba145c03b197b534.jpg','48')
2018-01-15 11:11:00:INSERT INTO t_act_group (act_id,person_need) VALUES ('48','10')
2018-01-15 11:11:00:INSERT INTO t_act_group (act_id,person_need) VALUES ('48','10')
2018-01-15 11:11:00:INSERT INTO t_act_group (act_id,person_need) VALUES ('48','10')
2018-01-15 11:13:49:INSERT INTO t_act (type,degree_type,pay_total,pay_fee,award_first,award_two,award_third,award_all,num_group,num_person,limit_sex,limit_distance,description,pic,openid,add_time,end_time) VALUES ('poster','3*3','26.26','0.53','1.00','0.50','0.25','0.13','10','100','','1','你是因为爱好看着急需解决办法吗！在于自己喜欢自己想说好听着急需的话可以理解我是不是很好玩意儿了，是啊……一切都灵体育报？这种种经历都是一样的','act/poster/tmp_56eb1f6299b25fe49e2823f1e843e6c6.png','oeDcV0TIhZCvU1UFnqrdS_fKJxW0','1515986029','0')
2018-01-15 11:13:49:INSERT INTO t_act_pic (pic,act_id) VALUES ('act/tmp_b7a42bca58dccec9cfe4f668426568cd.jpg','49')
2018-01-15 11:13:49:INSERT INTO t_act_group (act_id,person_need) VALUES ('49','10')
2018-01-15 11:13:49:INSERT INTO t_act_group (act_id,person_need) VALUES ('49','10')
2018-01-15 11:13:49:INSERT INTO t_act_group (act_id,person_need) VALUES ('49','10')
2018-01-15 11:13:49:INSERT INTO t_act_group (act_id,person_need) VALUES ('49','10')
2018-01-15 11:13:49:INSERT INTO t_act_group (act_id,person_need) VALUES ('49','10')
2018-01-15 11:13:49:INSERT INTO t_act_group (act_id,person_need) VALUES ('49','10')
2018-01-15 11:13:49:INSERT INTO t_act_group (act_id,person_need) VALUES ('49','10')
2018-01-15 11:13:49:INSERT INTO t_act_group (act_id,person_need) VALUES ('49','10')
2018-01-15 11:13:49:INSERT INTO t_act_group (act_id,person_need) VALUES ('49','10')
2018-01-15 11:13:49:INSERT INTO t_act_group (act_id,person_need) VALUES ('49','10')
2018-01-15 11:36:16:INSERT INTO t_act_user (act_id,group_id,use_time,openid,create_time) VALUES ('49','456','22','oeDcV0TIhZCvU1UFnqrdS_fKJxW0','2018-01-15 11:36:16')
2018-01-15 11:37:55:INSERT INTO t_my_complain (mobile,content,openid,create_time) VALUES ('','["诱导分享"]','oeDcV0TIhZCvU1UFnqrdS_fKJxW0','2018-01-15 11:37:55')
