2018-01-11 17:19:45:INSERT INTO t_act (type,degree_type,pay_total,pay_fee,award_first,award_two,award_third,award_all,num_group,num_person,limit_sex,limit_distance,description,pic,openid,add_time,end_time) VALUES ('poster','3*3','26.26','0.53','1.00','0.50','0.25','0.13','10','100','','','','act/poster/tmp_0b7d4f3127416f5beff514b6e377afcd.png','oeDcV0TIhZCvU1UFnqrdS_fKJxW0','1515662385','1515673185')
2018-01-11 17:19:45:INSERT INTO t_act_group (act_id,person_need) VALUES ('34','10')
2018-01-11 17:19:45:INSERT INTO t_act_group (act_id,person_need) VALUES ('34','10')
2018-01-11 17:19:45:INSERT INTO t_act_group (act_id,person_need) VALUES ('34','10')
2018-01-11 17:19:45:INSERT INTO t_act_group (act_id,person_need) VALUES ('34','10')
2018-01-11 17:19:45:INSERT INTO t_act_group (act_id,person_need) VALUES ('34','10')
2018-01-11 17:19:45:INSERT INTO t_act_group (act_id,person_need) VALUES ('34','10')
2018-01-11 17:19:45:INSERT INTO t_act_group (act_id,person_need) VALUES ('34','10')
2018-01-11 17:19:45:INSERT INTO t_act_group (act_id,person_need) VALUES ('34','10')
2018-01-11 17:19:45:INSERT INTO t_act_group (act_id,person_need) VALUES ('34','10')
2018-01-11 17:19:46:INSERT INTO t_act_group (act_id,person_need) VALUES ('34','10')
2018-01-11 17:20:53:INSERT INTO t_act_user (act_id,group_id,use_time,openid,create_time) VALUES ('34','322','10','oeDcV0TIhZCvU1UFnqrdS_fKJxW0','2018-01-11 17:20:53')
2018-01-11 19:40:15:INSERT INTO t_act_user (act_id,group_id,use_time,openid,create_time) VALUES ('34','322','115','oeDcV0W0lW2u-WnondVku8uZZo4k','2018-01-11 19:40:15')
2018-01-11 21:50:21:INSERT INTO t_user (lat,lng,mobile,avatarUrl,is_show_info,name,nick_name,wx,address,gender,city,logo,openid) VALUES ('28.201888015216','112.86131249403','15812345678','https://wx.qlogo.cn/mmopen/vi_32/4GXO0Stia1PausEWexoTAzxxljoVzEjdBSvs4XnfQnMyEFRCE0ZHx15vtUkl6YdnBXNOXzvz2Qjod3rdLpYiclibA/0','SHOW','Cdsss','aaaaaaaaaa陈端生0123456789+-×÷','Cds','长沙市步步高·梅溪新天地(长沙市岳麓区)','1','Changsha','wxfile://tmp_0752a30b1ec24e9d19f95791cf86e6b0.jpg','oeDcV0Zc4eR8nIigyAVbHx0c5oAc')
2018-01-11 22:06:18:INSERT INTO t_act (type,degree_type,pay_total,pay_fee,award_first,award_two,award_third,award_all,num_group,num_person,limit_sex,limit_distance,description,pic,openid,add_time,end_time) VALUES ('poster','3*3','26.26','0.53','1.00','0.50','0.25','0.13','10','100','','1','不知道自己是否还会来到底线条更加流畅线条更加完美支持','act/poster/tmp_6094707cfa5803ba75a4ee84272d7e5f.png','oeDcV0TIhZCvU1UFnqrdS_fKJxW0','1515679578','1515690378')
2018-01-11 22:06:18:INSERT INTO t_act_pic (pic,act_id) VALUES ('act/tmp_fbe233488b47ae47e31c74e6baa74099.jpg','35')
2018-01-11 22:06:18:INSERT INTO t_act_group (act_id,person_need) VALUES ('35','10')
2018-01-11 22:06:18:INSERT INTO t_act_group (act_id,person_need) VALUES ('35','10')
2018-01-11 22:06:18:INSERT INTO t_act_group (act_id,person_need) VALUES ('35','10')
2018-01-11 22:06:18:INSERT INTO t_act_group (act_id,person_need) VALUES ('35','10')
2018-01-11 22:06:18:INSERT INTO t_act_group (act_id,person_need) VALUES ('35','10')
2018-01-11 22:06:18:INSERT INTO t_act_group (act_id,person_need) VALUES ('35','10')
2018-01-11 22:06:18:INSERT INTO t_act_group (act_id,person_need) VALUES ('35','10')
2018-01-11 22:06:18:INSERT INTO t_act_group (act_id,person_need) VALUES ('35','10')
2018-01-11 22:06:18:INSERT INTO t_act_group (act_id,person_need) VALUES ('35','10')
2018-01-11 22:06:18:INSERT INTO t_act_group (act_id,person_need) VALUES ('35','10')
2018-01-11 22:09:16:INSERT INTO t_act (type,degree_type,pay_total,pay_fee,award_first,award_two,award_third,award_all,num_group,num_person,limit_sex,limit_distance,description,pic,openid,add_time,end_time) VALUES ('poster','3*3','26.26','0.53','1.00','0.50','0.25','0.13','10','100','','3','美女','act/poster/tmp_e2891e08aa0cee68ca041ceaa74ee23ba6f7a310758166ee.png','oeDcV0W0lW2u-WnondVku8uZZo4k','1515679756','1515690556')
2018-01-11 22:09:16:INSERT INTO t_act_pic (pic,act_id) VALUES ('act/tmp_73475424e07cd4408e45d4c2b910eda4dc13eb087060e230.jpg','36')
2018-01-11 22:09:16:INSERT INTO t_act_pic (pic,act_id) VALUES ('act/tmp_42e330934e9af74810fc0ebc765633f53e3c044b125bee60.jpg','36')
2018-01-11 22:09:16:INSERT INTO t_act_group (act_id,person_need) VALUES ('36','10')
2018-01-11 22:09:16:INSERT INTO t_act_group (act_id,person_need) VALUES ('36','10')
2018-01-11 22:09:16:INSERT INTO t_act_group (act_id,person_need) VALUES ('36','10')
2018-01-11 22:09:16:INSERT INTO t_act_group (act_id,person_need) VALUES ('36','10')
2018-01-11 22:09:16:INSERT INTO t_act_group (act_id,person_need) VALUES ('36','10')
2018-01-11 22:09:16:INSERT INTO t_act_group (act_id,person_need) VALUES ('36','10')
2018-01-11 22:09:16:INSERT INTO t_act_group (act_id,person_need) VALUES ('36','10')
2018-01-11 22:09:16:INSERT INTO t_act_group (act_id,person_need) VALUES ('36','10')
2018-01-11 22:09:16:INSERT INTO t_act_group (act_id,person_need) VALUES ('36','10')
2018-01-11 22:09:16:INSERT INTO t_act_group (act_id,person_need) VALUES ('36','10')
