2018-01-12 11:01:36:INSERT INTO t_act (type,degree_type,pay_total,pay_fee,award_first,award_two,award_third,award_all,num_group,num_person,limit_sex,limit_distance,description,pic,openid,add_time,end_time) VALUES ('poster','3*3','26.26','0.53','1.00','0.50','0.25','0.13','10','100','2','3','哈哈哈','act/poster/tmp_f36b0bffe91885a03a314fe3e3d42be65dd5dd67e5b7d3e2.png','oeDcV0W0lW2u-WnondVku8uZZo4k','1515726096','0')
2018-01-12 11:01:36:INSERT INTO t_act_pic (pic,act_id) VALUES ('act/tmp_07b3f2d26c0a3817479503875e192ce44b9999c22b1fe74f.jpg','37')
2018-01-12 11:01:36:INSERT INTO t_act_group (act_id,person_need) VALUES ('37','10')
2018-01-12 11:01:36:INSERT INTO t_act_group (act_id,person_need) VALUES ('37','10')
2018-01-12 11:01:36:INSERT INTO t_act_group (act_id,person_need) VALUES ('37','10')
2018-01-12 11:01:36:INSERT INTO t_act_group (act_id,person_need) VALUES ('37','10')
2018-01-12 11:01:36:INSERT INTO t_act_group (act_id,person_need) VALUES ('37','10')
2018-01-12 11:01:36:INSERT INTO t_act_group (act_id,person_need) VALUES ('37','10')
2018-01-12 11:01:36:INSERT INTO t_act_group (act_id,person_need) VALUES ('37','10')
2018-01-12 11:01:36:INSERT INTO t_act_group (act_id,person_need) VALUES ('37','10')
2018-01-12 11:01:36:INSERT INTO t_act_group (act_id,person_need) VALUES ('37','10')
2018-01-12 11:01:36:INSERT INTO t_act_group (act_id,person_need) VALUES ('37','10')
2018-01-12 11:33:51:INSERT INTO t_act_user (act_id,group_id,use_time,openid,create_time) VALUES ('37','352','50','oeDcV0W0lW2u-WnondVku8uZZo4k','2018-01-12 11:33:51')
2018-01-12 12:19:39:INSERT INTO t_act_user (act_id,group_id,use_time,openid,create_time) VALUES ('37','352','8','oeDcV0W0lW2u-WnondVku8uZZo4k','2018-01-12 12:19:39')
2018-01-12 15:17:57:INSERT INTO t_act (type,degree_type,pay_total,pay_fee,award_first,award_two,award_third,award_all,num_group,num_person,limit_sex,limit_distance,description,pic,openid,add_time,end_time) VALUES ('poster','3*3','26.26','0.53','1.00','0.50','0.25','0.13','10','100','1','3','3公里内的男生才可以玩','act/poster/tmp_262b81539528ced04214a95db15c3762561d07bde9d10297.png','oeDcV0W0lW2u-WnondVku8uZZo4k','1515741477','0')
2018-01-12 15:17:57:INSERT INTO t_act_pic (pic,act_id) VALUES ('act/tmp_907252ba82b3b592a59537d74cd4c26155f3141d73df00c0.jpg','38')
2018-01-12 15:17:57:INSERT INTO t_act_pic (pic,act_id) VALUES ('act/tmp_43656f432cd8be893d06f8c797cfe80842fa2b1eea0b319d.jpg','38')
2018-01-12 15:17:57:INSERT INTO t_act_group (act_id,person_need) VALUES ('38','10')
2018-01-12 15:17:57:INSERT INTO t_act_group (act_id,person_need) VALUES ('38','10')
2018-01-12 15:17:57:INSERT INTO t_act_group (act_id,person_need) VALUES ('38','10')
2018-01-12 15:17:57:INSERT INTO t_act_group (act_id,person_need) VALUES ('38','10')
2018-01-12 15:17:57:INSERT INTO t_act_group (act_id,person_need) VALUES ('38','10')
2018-01-12 15:17:57:INSERT INTO t_act_group (act_id,person_need) VALUES ('38','10')
2018-01-12 15:17:57:INSERT INTO t_act_group (act_id,person_need) VALUES ('38','10')
2018-01-12 15:17:57:INSERT INTO t_act_group (act_id,person_need) VALUES ('38','10')
2018-01-12 15:17:57:INSERT INTO t_act_group (act_id,person_need) VALUES ('38','10')
2018-01-12 15:17:57:INSERT INTO t_act_group (act_id,person_need) VALUES ('38','10')
2018-01-12 15:27:23:INSERT INTO t_act (type,degree_type,pay_total,pay_fee,award_first,award_two,award_third,award_all,num_group,num_person,limit_sex,limit_distance,description,pic,openid,add_time,end_time) VALUES ('poster','3*3','26.26','0.53','1.00','0.50','0.25','0.13','10','100','','1','在线下的情况不明','act/poster/tmp_028e5f8bae08e813bbad1aaf2c16b581.png','oeDcV0TIhZCvU1UFnqrdS_fKJxW0','1515742043','0')
2018-01-12 15:27:23:INSERT INTO t_act_pic (pic,act_id) VALUES ('act/tmp_53f9c969aa7f47da057da69be9295fa8.jpg','39')
2018-01-12 15:27:23:INSERT INTO t_act_group (act_id,person_need) VALUES ('39','10')
2018-01-12 15:27:23:INSERT INTO t_act_group (act_id,person_need) VALUES ('39','10')
2018-01-12 15:27:24:INSERT INTO t_act_group (act_id,person_need) VALUES ('39','10')
2018-01-12 15:27:24:INSERT INTO t_act_group (act_id,person_need) VALUES ('39','10')
2018-01-12 15:27:24:INSERT INTO t_act_group (act_id,person_need) VALUES ('39','10')
2018-01-12 15:27:24:INSERT INTO t_act_group (act_id,person_need) VALUES ('39','10')
2018-01-12 15:27:24:INSERT INTO t_act_group (act_id,person_need) VALUES ('39','10')
2018-01-12 15:27:24:INSERT INTO t_act_group (act_id,person_need) VALUES ('39','10')
2018-01-12 15:27:24:INSERT INTO t_act_group (act_id,person_need) VALUES ('39','10')
2018-01-12 15:27:24:INSERT INTO t_act_group (act_id,person_need) VALUES ('39','10')
2018-01-12 15:30:28:INSERT INTO t_act_user (act_id,group_id,use_time,openid,create_time) VALUES ('38','362','16','oeDcV0TIhZCvU1UFnqrdS_fKJxW0','2018-01-12 15:30:28')
2018-01-12 15:42:52:INSERT INTO t_act_user (act_id,group_id,use_time,openid,create_time) VALUES ('39','372','15','oeDcV0W0lW2u-WnondVku8uZZo4k','2018-01-12 15:42:52')
2018-01-12 17:14:02:INSERT INTO t_act (type,degree_type,pay_total,pay_fee,award_first,award_two,award_third,award_all,num_group,num_person,limit_sex,limit_distance,description,pic,openid,add_time,end_time) VALUES ('poster','3*3','26.26','0.53','1.00','0.50','0.25','0.13','10','100','','5','美女一个','act/poster/tmp_3f575f3a10f0da1bac5a2175e503c1dc15f4796528caa552.png','oeDcV0W0lW2u-WnondVku8uZZo4k','1515748442','0')
2018-01-12 17:14:02:INSERT INTO t_act_pic (pic,act_id) VALUES ('act/tmp_fb627bf29c8213465ee3763156119f7dd630db4a1a8c16ad.jpg','40')
2018-01-12 17:14:02:INSERT INTO t_act_group (act_id,person_need) VALUES ('40','10')
2018-01-12 17:14:02:INSERT INTO t_act_group (act_id,person_need) VALUES ('40','10')
2018-01-12 17:14:02:INSERT INTO t_act_group (act_id,person_need) VALUES ('40','10')
2018-01-12 17:14:02:INSERT INTO t_act_group (act_id,person_need) VALUES ('40','10')
2018-01-12 17:14:02:INSERT INTO t_act_group (act_id,person_need) VALUES ('40','10')
2018-01-12 17:14:02:INSERT INTO t_act_group (act_id,person_need) VALUES ('40','10')
2018-01-12 17:14:02:INSERT INTO t_act_group (act_id,person_need) VALUES ('40','10')
2018-01-12 17:14:02:INSERT INTO t_act_group (act_id,person_need) VALUES ('40','10')
2018-01-12 17:14:02:INSERT INTO t_act_group (act_id,person_need) VALUES ('40','10')
2018-01-12 17:14:02:INSERT INTO t_act_group (act_id,person_need) VALUES ('40','10')
2018-01-12 17:27:55:INSERT INTO t_act (type,degree_type,pay_total,pay_fee,award_first,award_two,award_third,award_all,num_group,num_person,limit_sex,limit_distance,description,pic,openid,add_time,end_time) VALUES ('poster','3*3','26.26','0.53','1.00','0.50','0.25','0.13','10','100','','1','弎。我在一起一落地的时间','act/poster/tmp_91e2508f56b09ba9bf6ffe957994843f.png','oeDcV0TIhZCvU1UFnqrdS_fKJxW0','1515749275','0')
2018-01-12 17:27:55:INSERT INTO t_act_pic (pic,act_id) VALUES ('act/tmp_d3b40e0208f84d7391a1c532846bbe09.jpg','41')
2018-01-12 17:27:55:INSERT INTO t_act_pic (pic,act_id) VALUES ('act/tmp_1fdb387d57586f2cd4f0341ad346b34e.jpg','41')
2018-01-12 17:27:55:INSERT INTO t_act_group (act_id,person_need) VALUES ('41','10')
2018-01-12 17:27:55:INSERT INTO t_act_group (act_id,person_need) VALUES ('41','10')
2018-01-12 17:27:55:INSERT INTO t_act_group (act_id,person_need) VALUES ('41','10')
2018-01-12 17:27:55:INSERT INTO t_act_group (act_id,person_need) VALUES ('41','10')
2018-01-12 17:27:55:INSERT INTO t_act_group (act_id,person_need) VALUES ('41','10')
2018-01-12 17:27:55:INSERT INTO t_act_group (act_id,person_need) VALUES ('41','10')
2018-01-12 17:27:55:INSERT INTO t_act_group (act_id,person_need) VALUES ('41','10')
2018-01-12 17:27:55:INSERT INTO t_act_group (act_id,person_need) VALUES ('41','10')
2018-01-12 17:27:55:INSERT INTO t_act_group (act_id,person_need) VALUES ('41','10')
2018-01-12 17:27:55:INSERT INTO t_act_group (act_id,person_need) VALUES ('41','10')
2018-01-12 18:14:55:INSERT INTO t_act (type,degree_type,pay_total,pay_fee,award_first,award_two,award_third,award_all,num_group,num_person,limit_sex,limit_distance,description,pic,openid,add_time,end_time) VALUES ('poster','3*3','26.26','0.53','1.00','0.50','0.25','0.13','10','100','','3','在线下的情况','act/poster/tmp_2007341c4ec9e5ce7fc54ce4e36fbc86.png','oeDcV0TIhZCvU1UFnqrdS_fKJxW0','1515752095','0')
2018-01-12 18:14:55:INSERT INTO t_act_pic (pic,act_id) VALUES ('act/tmp_f7533aec4a4b04a8de2c7568dede8084.jpg','42')
2018-01-12 18:14:55:INSERT INTO t_act_group (act_id,person_need) VALUES ('42','10')
2018-01-12 18:14:55:INSERT INTO t_act_group (act_id,person_need) VALUES ('42','10')
2018-01-12 18:14:55:INSERT INTO t_act_group (act_id,person_need) VALUES ('42','10')
2018-01-12 18:14:55:INSERT INTO t_act_group (act_id,person_need) VALUES ('42','10')
2018-01-12 18:14:55:INSERT INTO t_act_group (act_id,person_need) VALUES ('42','10')
2018-01-12 18:14:55:INSERT INTO t_act_group (act_id,person_need) VALUES ('42','10')
2018-01-12 18:14:55:INSERT INTO t_act_group (act_id,person_need) VALUES ('42','10')
2018-01-12 18:14:55:INSERT INTO t_act_group (act_id,person_need) VALUES ('42','10')
2018-01-12 18:14:55:INSERT INTO t_act_group (act_id,person_need) VALUES ('42','10')
2018-01-12 18:14:55:INSERT INTO t_act_group (act_id,person_need) VALUES ('42','10')
2018-01-12 18:15:52:INSERT INTO t_act (type,degree_type,pay_total,pay_fee,award_first,award_two,award_third,award_all,num_group,num_person,limit_sex,limit_distance,description,pic,openid,add_time,end_time) VALUES ('poster','3*3','26.26','0.53','1.00','0.50','0.25','0.13','10','100','','1','','act/poster/tmp_14fef1a5b42b17a36de237f82429e95a.png','oeDcV0TIhZCvU1UFnqrdS_fKJxW0','1515752152','0')
2018-01-12 18:15:52:INSERT INTO t_act_pic (pic,act_id) VALUES ('act/tmp_c077b1cbae191f843f76d105a25beb68.jpg','43')
2018-01-12 18:15:52:INSERT INTO t_act_group (act_id,person_need) VALUES ('43','10')
2018-01-12 18:15:52:INSERT INTO t_act_group (act_id,person_need) VALUES ('43','10')
2018-01-12 18:15:52:INSERT INTO t_act_group (act_id,person_need) VALUES ('43','10')
2018-01-12 18:15:52:INSERT INTO t_act_group (act_id,person_need) VALUES ('43','10')
2018-01-12 18:15:52:INSERT INTO t_act_group (act_id,person_need) VALUES ('43','10')
2018-01-12 18:15:52:INSERT INTO t_act_group (act_id,person_need) VALUES ('43','10')
2018-01-12 18:15:52:INSERT INTO t_act_group (act_id,person_need) VALUES ('43','10')
2018-01-12 18:15:52:INSERT INTO t_act_group (act_id,person_need) VALUES ('43','10')
2018-01-12 18:15:52:INSERT INTO t_act_group (act_id,person_need) VALUES ('43','10')
2018-01-12 18:15:52:INSERT INTO t_act_group (act_id,person_need) VALUES ('43','10')
2018-01-12 21:39:04:INSERT INTO t_act (type,degree_type,pay_total,pay_fee,award_first,award_two,award_third,award_all,num_group,num_person,limit_sex,limit_distance,description,pic,openid,add_time,end_time) VALUES ('poster','3*3','15.75','0.32','5.00','2.50','1.25','0.63','1','10','','10','十公里内才可见','act/poster/wx3d00770652053edd.o6zAJs9bs--3Qn1Jkc_lFPynmD4A.4ea1c8effb8714e4a010e30697141dc8.png','oeDcV0W0lW2u-WnondVku8uZZo4k','1515764344','0')
2018-01-12 21:39:04:INSERT INTO t_act_group (act_id,person_need) VALUES ('44','10')
2018-01-12 23:29:40:INSERT INTO t_my_complain (mobile,content,openid,create_time) VALUES ('','Array','oeDcV0W0lW2u-WnondVku8uZZo4k','2018-01-12 23:29:40')
2018-01-12 23:30:14:INSERT INTO t_my_complain (mobile,content,openid,create_time) VALUES ('','Array','oeDcV0W0lW2u-WnondVku8uZZo4k','2018-01-12 23:30:14')
2018-01-12 23:33:21:INSERT INTO t_my_complain (mobile,content,openid,create_time) VALUES ('','["zzyy","eyyx"]','oeDcV0W0lW2u-WnondVku8uZZo4k','2018-01-12 23:33:21')
2018-01-12 23:34:07:INSERT INTO t_my_complain (mobile,content,openid,create_time) VALUES ('','["ysxxsj","eyyx"]','oeDcV0W0lW2u-WnondVku8uZZo4k','2018-01-12 23:34:07')
2018-01-12 23:34:54:INSERT INTO t_my_complain (mobile,content,openid,create_time) VALUES ('','["欺诈","恶意营销"]','oeDcV0W0lW2u-WnondVku8uZZo4k','2018-01-12 23:34:54')
2018-01-12 23:38:22:INSERT INTO t_act (type,degree_type,pay_total,pay_fee,award_first,award_two,award_third,award_all,num_group,num_person,limit_sex,limit_distance,description,pic,openid,add_time,end_time) VALUES ('poster','3*3','26.78','0.54','1.00','0.50','0.25','0.13','10','100','','1','，，','act/poster/tmp_084bcb0ec3c604218a59c33b70b2ee991e98009771739084.png','oeDcV0Zc4eR8nIigyAVbHx0c5oAc','1515771502','0')
2018-01-12 23:38:22:INSERT INTO t_act_pic (pic,act_id) VALUES ('act/tmp_8b1e0ed1580d31e6934f1e2ae13bb9da334548d6518a0831.jpg','45')
2018-01-12 23:38:22:INSERT INTO t_act_group (act_id,person_need) VALUES ('45','10')
2018-01-12 23:38:22:INSERT INTO t_act_group (act_id,person_need) VALUES ('45','10')
2018-01-12 23:38:22:INSERT INTO t_act_group (act_id,person_need) VALUES ('45','10')
2018-01-12 23:38:22:INSERT INTO t_act_group (act_id,person_need) VALUES ('45','10')
2018-01-12 23:38:22:INSERT INTO t_act_group (act_id,person_need) VALUES ('45','10')
2018-01-12 23:38:22:INSERT INTO t_act_group (act_id,person_need) VALUES ('45','10')
2018-01-12 23:38:22:INSERT INTO t_act_group (act_id,person_need) VALUES ('45','10')
2018-01-12 23:38:22:INSERT INTO t_act_group (act_id,person_need) VALUES ('45','10')
2018-01-12 23:38:22:INSERT INTO t_act_group (act_id,person_need) VALUES ('45','10')
2018-01-12 23:38:22:INSERT INTO t_act_group (act_id,person_need) VALUES ('45','10')
