2018-01-06 10:01:41:INSERT INTO t_act (type,degree_type,pay_total,pay_fee,award_first,award_two,award_third,award_all,num_group,num_person,limit_sex,limit_distance,description,pic,openid,add_time,end_time) VALUES ('poster','3*3','2.60','0.05','2.00','0.40','0.08','0.02','1','10','','','','act/poster/tmp_8ad9f2b3e80d332b385847be7abee2ca.png','oeDcV0TIhZCvU1UFnqrdS_fKJxW0','1515204101','1515214901')
2018-01-06 10:01:41:INSERT INTO t_act_group (act_id,person_need) VALUES ('23','10')
2018-01-06 16:50:31:INSERT INTO t_act (type,degree_type,pay_total,pay_fee,award_first,award_two,award_third,award_all,num_group,num_person,limit_sex,limit_distance,description,pic,openid,add_time,end_time) VALUES ('poster','3*3','2.60','0.05','2.00','0.40','0.08','0.02','1','10','','2','⼁刀的故事奉行独立自主','act/poster/tmp_f4e78e542a20552eeb70569d93534a2a.png','oeDcV0TIhZCvU1UFnqrdS_fKJxW0','1515228631','1515239431')
2018-01-06 16:50:31:INSERT INTO t_act_group (act_id,person_need) VALUES ('24','10')
2018-01-06 17:47:38:INSERT INTO t_act (type,degree_type,pay_total,pay_fee,award_first,award_two,award_third,award_all,num_group,num_person,limit_sex,limit_distance,description,pic,discription_pic,openid,add_time,end_time) VALUES ('poster','3*3','25.93','0.52','2.00','0.40','0.08','0.02','10','100','','2','说明啊','act/poster/wx3d00770652053edd.o6zAJs9bs--3Qn1Jkc_lFPynmD4A.614e5c07edf7a57fe7f6b3f8cd19ac2c.png','Array','oeDcV0W0lW2u-WnondVku8uZZo4k','1515232058','1515242858')
2018-01-06 17:54:03:INSERT INTO t_act (type,degree_type,pay_total,pay_fee,award_first,award_two,award_third,award_all,num_group,num_person,limit_sex,limit_distance,description,pic,openid,add_time,end_time) VALUES ('poster','3*3','25.93','0.52','2.00','0.40','0.08','0.02','10','100','','5','哈哈，上传图片','act/poster/wx3d00770652053edd.o6zAJs9bs--3Qn1Jkc_lFPynmD4A.d43e2e9208e9d304faf522321c60f8ef.png','oeDcV0W0lW2u-WnondVku8uZZo4k','1515232443','1515243243')
2018-01-06 17:59:15:INSERT INTO t_act (type,degree_type,pay_total,pay_fee,award_first,award_two,award_third,award_all,num_group,num_person,limit_sex,limit_distance,description,pic,openid,add_time,end_time) VALUES ('poster','3*3','25.93','0.52','2.00','0.40','0.08','0.02','10','100','','1','说明...说明 ','act/poster/wx3d00770652053edd.o6zAJs9bs--3Qn1Jkc_lFPynmD4A.9812f0b88f19192a58bdbaf49602c2d7.png','oeDcV0W0lW2u-WnondVku8uZZo4k','1515232755','1515243555')
2018-01-06 17:59:15:INSERT INTO t_act_pic (pic) VALUES ('act/wx3d00770652053edd.o6zAJs9bs--3Qn1Jkc_lFPynmD4A.8d600000eab366851c13465ecce364c0.png')
2018-01-06 17:59:15:INSERT INTO t_act_pic (pic) VALUES ('act/wx3d00770652053edd.o6zAJs9bs--3Qn1Jkc_lFPynmD4A.dfa841c7d499073e723113a84946e817.png')
2018-01-06 17:59:16:INSERT INTO t_act_group (act_id,person_need) VALUES ('26','10')
2018-01-06 17:59:16:INSERT INTO t_act_group (act_id,person_need) VALUES ('26','10')
2018-01-06 17:59:16:INSERT INTO t_act_group (act_id,person_need) VALUES ('26','10')
2018-01-06 17:59:16:INSERT INTO t_act_group (act_id,person_need) VALUES ('26','10')
2018-01-06 17:59:16:INSERT INTO t_act_group (act_id,person_need) VALUES ('26','10')
2018-01-06 17:59:16:INSERT INTO t_act_group (act_id,person_need) VALUES ('26','10')
2018-01-06 17:59:16:INSERT INTO t_act_group (act_id,person_need) VALUES ('26','10')
2018-01-06 17:59:16:INSERT INTO t_act_group (act_id,person_need) VALUES ('26','10')
2018-01-06 17:59:16:INSERT INTO t_act_group (act_id,person_need) VALUES ('26','10')
2018-01-06 17:59:16:INSERT INTO t_act_group (act_id,person_need) VALUES ('26','10')
2018-01-06 19:28:05:INSERT INTO t_act (type,degree_type,pay_total,pay_fee,award_first,award_two,award_third,award_all,num_group,num_person,limit_sex,limit_distance,description,pic,openid,add_time,end_time) VALUES ('poster','3*3','2.60','0.05','2.00','0.40','0.08','0.02','1','10','','100','','act/poster/tmp_d8d894196594f24782a054bb0b8ccf96.png','oeDcV0TIhZCvU1UFnqrdS_fKJxW0','1515238085','1515248885')
2018-01-06 19:28:05:INSERT INTO t_act_group (act_id,person_need) VALUES ('27','10')
