2018-01-05 10:56:21:INSERT INTO t_act (type,degree_type,pay_total,pay_fee,award_first,award_two,award_third,award_all,num_group,num_person,limit_sex,limit_distance,description,pic,openid,add_time,end_time) VALUES ('poster','3*3','2.64','0.05','2.00','0.40','0.08','0.02','1','10','','50','哈哈','act/poster/wx3d00770652053edd.o6zAJs9bs--3Qn1Jkc_lFPynmD4A.8ac69d878ca65d5e9c36c06d0ff55664.png','oeDcV0W0lW2u-WnondVku8uZZo4k','1515120981','1515131781')
2018-01-05 10:56:21:INSERT INTO t_act_group (act_id,person_need) VALUES ('13','10')
2018-01-05 11:04:51:INSERT INTO t_act (type,degree_type,pay_total,pay_fee,award_first,award_two,award_third,award_all,num_group,num_person,limit_sex,limit_distance,description,pic,openid,add_time,end_time) VALUES ('poster','3*3','2.60','0.05','2.00','0.40','0.08','0.02','1','10','','50000','','act/poster/wx3d00770652053edd.o6zAJs9bs--3Qn1Jkc_lFPynmD4A.8ac69d878ca65d5e9c36c06d0ff55664.png','oeDcV0W0lW2u-WnondVku8uZZo4k','1515121491','1515132291')
2018-01-05 11:04:51:INSERT INTO t_act_group (act_id,person_need) VALUES ('14','10')
2018-01-05 11:11:20:INSERT INTO t_act (type,degree_type,pay_total,pay_fee,award_first,award_two,award_third,award_all,num_group,num_person,limit_sex,limit_distance,description,pic,openid,add_time,end_time) VALUES ('poster','3*3','2.60','0.05','2.00','0.40','0.08','0.02','1','10','','','','act/poster/wx3d00770652053edd.o6zAJs9bs--3Qn1Jkc_lFPynmD4A.8ac69d878ca65d5e9c36c06d0ff55664.png','oeDcV0W0lW2u-WnondVku8uZZo4k','1515121880','1515132680')
2018-01-05 11:11:20:INSERT INTO t_act_group (act_id,person_need) VALUES ('15','10')
2018-01-05 17:06:04:INSERT INTO t_act (type,degree_type,pay_total,pay_fee,award_first,award_two,award_third,award_all,num_group,num_person,limit_sex,limit_distance,description,pic,openid,add_time,end_time) VALUES ('poster','3*3','2.60','0.05','2.00','0.40','0.08','0.02','1','10','','','','act/poster/tmp_b9fdd9e47f2dc24cd7808e6255c9908efdd3e4ce1d298416.png','oeDcV0W0lW2u-WnondVku8uZZo4k','1515143164','1515153964')
2018-01-05 17:06:04:INSERT INTO t_act_group (act_id,person_need) VALUES ('16','10')
2018-01-05 17:06:33:INSERT INTO t_act (type,degree_type,pay_total,pay_fee,award_first,award_two,award_third,award_all,num_group,num_person,limit_sex,limit_distance,description,pic,openid,add_time,end_time) VALUES ('poster','3*3','2.60','0.05','2.00','0.40','0.08','0.02','1','10','','1','','act/poster/tmp_2ce789a9c5ada6f8a99ab48e30b9242a.png','oeDcV0TIhZCvU1UFnqrdS_fKJxW0','1515143193','1515153993')
2018-01-05 17:06:33:INSERT INTO t_act_group (act_id,person_need) VALUES ('17','10')
2018-01-05 17:07:33:INSERT INTO t_act (type,degree_type,pay_total,pay_fee,award_first,award_two,award_third,award_all,num_group,num_person,limit_sex,limit_distance,description,pic,openid,add_time,end_time) VALUES ('poster','3*3','2.60','0.05','2.00','0.40','0.08','0.02','1','10','','','','act/poster/wx3d00770652053edd.o6zAJs9bs--3Qn1Jkc_lFPynmD4A.1ef0b1d4e0805b7734b0498664e55756.png','oeDcV0W0lW2u-WnondVku8uZZo4k','1515143253','1515154053')
2018-01-05 17:07:33:INSERT INTO t_act_group (act_id,person_need) VALUES ('18','10')
2018-01-05 17:08:07:INSERT INTO t_act (type,degree_type,pay_total,pay_fee,award_first,award_two,award_third,award_all,num_group,num_person,limit_sex,limit_distance,description,pic,openid,add_time,end_time) VALUES ('poster','3*3','2.60','0.05','2.00','0.40','0.08','0.02','1','10','','100','','act/poster/tmp_bd320c6139d174a41497f139c31ec251.png','oeDcV0TIhZCvU1UFnqrdS_fKJxW0','1515143287','1515154087')
2018-01-05 17:08:07:INSERT INTO t_act_group (act_id,person_need) VALUES ('19','10')
2018-01-05 17:10:58:INSERT INTO t_act (type,degree_type,pay_total,pay_fee,award_first,award_two,award_third,award_all,num_group,num_person,limit_sex,limit_distance,description,pic,openid,add_time,end_time) VALUES ('poster','3*3','2.60','0.05','2.00','0.40','0.08','0.02','1','10','','1','⼀菑丝丝丝丝丝丝出','act/poster/tmp_bbb636ec9089ee2524893832c7be201b.png','oeDcV0TIhZCvU1UFnqrdS_fKJxW0','1515143458','1515154258')
2018-01-05 17:10:58:INSERT INTO t_act_group (act_id,person_need) VALUES ('20','10')
2018-01-05 18:24:44:INSERT INTO t_act (type,degree_type,pay_total,pay_fee,award_first,award_two,award_third,award_all,num_group,num_person,limit_sex,limit_distance,description,pic,openid,add_time,end_time) VALUES ('poster','3*3','5.19','0.10','2.00','0.40','0.08','0.02','2','20','','','','act/poster/tmp_cec5b3ebee706133bb2f1eefbb706807.png','oeDcV0TIhZCvU1UFnqrdS_fKJxW0','1515147884','1515158684')
2018-01-05 18:24:44:INSERT INTO t_act_group (act_id,person_need) VALUES ('21','10')
2018-01-05 18:24:44:INSERT INTO t_act_group (act_id,person_need) VALUES ('21','10')
2018-01-05 23:36:58:INSERT INTO t_act (type,degree_type,pay_total,pay_fee,award_first,award_two,award_third,award_all,num_group,num_person,limit_sex,limit_distance,description,pic,openid,add_time,end_time) VALUES ('poster','3*3','2.60','0.05','2.00','0.40','0.08','0.02','1','10','','','','act/poster/tmp_4d7febe68e8dea47b4fa44081680492328af8ed1e2999d42.png','oeDcV0W0lW2u-WnondVku8uZZo4k','1515166618','1515177418')
2018-01-05 23:36:58:INSERT INTO t_act_group (act_id,person_need) VALUES ('22','10')
