2018-01-16 09:02:43:SELECT * FROM t_user WHERE 1 AND openid = 'oeDcV0W0lW2u-WnondVku8uZZo4k' LIMIT 1
2018-01-16 09:12:18:SELECT gender FROM t_user WHERE 1 AND openid='oeDcV0W0lW2u-WnondVku8uZZo4k' LIMIT 1
2018-01-16 09:12:18:SELECT * FROM t_act_group WHERE 1 AND act_id=31
2018-01-16 09:12:19:SELECT * FROM t_act WHERE 1 AND id=31 LIMIT 1
2018-01-16 09:12:19:SELECT * FROM t_act_pic WHERE 1 AND act_id=31
2018-01-16 09:12:19:SELECT * FROM t_user WHERE 1 AND openid='oeDcV0W0lW2u-WnondVku8uZZo4k' LIMIT 1
2018-01-16 09:12:19:SELECT count(*) num FROM t_act_user WHERE 1 AND act_id=31 AND openid='oeDcV0W0lW2u-WnondVku8uZZo4k' AND group_id=292 LIMIT 1
2018-01-16 09:12:19:SELECT * FROM t_act_user WHERE 1 AND act_id=31 AND group_id=292 order by use_time ASC, create_time ASC
2018-01-16 09:12:19:SELECT * FROM t_user WHERE 1 AND openid='oeDcV0TIhZCvU1UFnqrdS_fKJxW0' LIMIT 1
2018-01-16 09:17:48:SELECT gender FROM t_user WHERE 1 AND openid='oeDcV0W0lW2u-WnondVku8uZZo4k' LIMIT 1
2018-01-16 09:17:48:SELECT * FROM t_act_group WHERE 1 AND act_id=31
2018-01-16 09:17:48:SELECT * FROM t_act WHERE 1 AND id=31 LIMIT 1
2018-01-16 09:17:48:SELECT * FROM t_act_pic WHERE 1 AND act_id=31
2018-01-16 09:17:48:SELECT * FROM t_user WHERE 1 AND openid='oeDcV0W0lW2u-WnondVku8uZZo4k' LIMIT 1
2018-01-16 09:17:49:SELECT count(*) num FROM t_act_user WHERE 1 AND act_id=31 AND openid='oeDcV0W0lW2u-WnondVku8uZZo4k' AND group_id=292 LIMIT 1
2018-01-16 09:17:49:SELECT * FROM t_act_user WHERE 1 AND act_id=31 AND group_id=292 order by use_time ASC, create_time ASC
2018-01-16 09:17:49:SELECT * FROM t_user WHERE 1 AND openid='oeDcV0TIhZCvU1UFnqrdS_fKJxW0' LIMIT 1
2018-01-16 09:18:44:SELECT gender FROM t_user WHERE 1 AND openid='oeDcV0W0lW2u-WnondVku8uZZo4k' LIMIT 1
2018-01-16 09:18:44:SELECT * FROM t_act_group WHERE 1 AND act_id=31
2018-01-16 09:18:44:SELECT * FROM t_act WHERE 1 AND id=31 LIMIT 1
2018-01-16 09:18:44:SELECT * FROM t_act_pic WHERE 1 AND act_id=31
2018-01-16 09:18:44:SELECT * FROM t_user WHERE 1 AND openid='oeDcV0W0lW2u-WnondVku8uZZo4k' LIMIT 1
2018-01-16 09:18:44:SELECT count(*) num FROM t_act_user WHERE 1 AND act_id=31 AND openid='oeDcV0W0lW2u-WnondVku8uZZo4k' AND group_id=292 LIMIT 1
2018-01-16 09:18:44:SELECT * FROM t_act_user WHERE 1 AND act_id=31 AND group_id=292 order by use_time ASC, create_time ASC
2018-01-16 09:18:44:SELECT * FROM t_user WHERE 1 AND openid='oeDcV0TIhZCvU1UFnqrdS_fKJxW0' LIMIT 1
2018-01-16 09:43:02:SELECT gender FROM t_user WHERE 1 AND openid='oeDcV0W0lW2u-WnondVku8uZZo4k' LIMIT 1
2018-01-16 09:43:02:SELECT * FROM t_act_group WHERE 1 AND act_id=31
2018-01-16 09:43:02:SELECT * FROM t_act WHERE 1 AND id=31 LIMIT 1
2018-01-16 09:43:02:SELECT * FROM t_act_pic WHERE 1 AND act_id=31
2018-01-16 09:43:02:SELECT * FROM t_user WHERE 1 AND openid='oeDcV0W0lW2u-WnondVku8uZZo4k' LIMIT 1
2018-01-16 09:43:02:SELECT count(*) num FROM t_act_user WHERE 1 AND act_id=31 AND openid='oeDcV0W0lW2u-WnondVku8uZZo4k' AND group_id=292 LIMIT 1
2018-01-16 09:43:02:SELECT * FROM t_act_user WHERE 1 AND act_id=31 AND group_id=292 order by use_time ASC, create_time ASC
2018-01-16 09:43:02:SELECT * FROM t_user WHERE 1 AND openid='oeDcV0TIhZCvU1UFnqrdS_fKJxW0' LIMIT 1
2018-01-16 09:53:12:SELECT gender FROM t_user WHERE 1 AND openid='oeDcV0W0lW2u-WnondVku8uZZo4k' LIMIT 1
2018-01-16 09:53:12:SELECT * FROM t_act_group WHERE 1 AND act_id=31
2018-01-16 09:53:12:SELECT * FROM t_act WHERE 1 AND id=31 LIMIT 1
2018-01-16 09:53:12:SELECT * FROM t_act_pic WHERE 1 AND act_id=31
2018-01-16 09:53:13:SELECT * FROM t_user WHERE 1 AND openid='oeDcV0W0lW2u-WnondVku8uZZo4k' LIMIT 1
2018-01-16 09:53:13:SELECT count(*) num FROM t_act_user WHERE 1 AND act_id=31 AND openid='oeDcV0W0lW2u-WnondVku8uZZo4k' AND group_id=292 LIMIT 1
2018-01-16 09:53:13:SELECT * FROM t_act_user WHERE 1 AND act_id=31 AND group_id=292 order by use_time ASC, create_time ASC
2018-01-16 09:53:13:SELECT * FROM t_user WHERE 1 AND openid='oeDcV0TIhZCvU1UFnqrdS_fKJxW0' LIMIT 1
2018-01-16 09:53:49:SELECT gender FROM t_user WHERE 1 AND openid='oeDcV0W0lW2u-WnondVku8uZZo4k' LIMIT 1
2018-01-16 09:53:49:SELECT * FROM t_act_group WHERE 1 AND act_id=31
2018-01-16 09:53:49:SELECT * FROM t_act WHERE 1 AND id=31 LIMIT 1
2018-01-16 09:53:49:SELECT * FROM t_act_pic WHERE 1 AND act_id=31
2018-01-16 09:53:49:SELECT * FROM t_user WHERE 1 AND openid='oeDcV0W0lW2u-WnondVku8uZZo4k' LIMIT 1
2018-01-16 09:53:49:SELECT count(*) num FROM t_act_user WHERE 1 AND act_id=31 AND openid='oeDcV0W0lW2u-WnondVku8uZZo4k' AND group_id=292 LIMIT 1
2018-01-16 09:53:49:SELECT * FROM t_act_user WHERE 1 AND act_id=31 AND group_id=292 order by use_time ASC, create_time ASC
2018-01-16 09:53:49:SELECT * FROM t_user WHERE 1 AND openid='oeDcV0TIhZCvU1UFnqrdS_fKJxW0' LIMIT 1
2018-01-16 09:55:29:SELECT gender FROM t_user WHERE 1 AND openid='oeDcV0W0lW2u-WnondVku8uZZo4k' LIMIT 1
2018-01-16 09:55:29:SELECT * FROM t_act_group WHERE 1 AND act_id=31
2018-01-16 09:55:29:SELECT * FROM t_act WHERE 1 AND id=31 LIMIT 1
2018-01-16 09:55:29:SELECT * FROM t_act_pic WHERE 1 AND act_id=31
2018-01-16 09:55:30:SELECT * FROM t_user WHERE 1 AND openid='oeDcV0W0lW2u-WnondVku8uZZo4k' LIMIT 1
2018-01-16 09:55:30:SELECT count(*) num FROM t_act_user WHERE 1 AND act_id=31 AND openid='oeDcV0W0lW2u-WnondVku8uZZo4k' AND group_id=292 LIMIT 1
2018-01-16 09:55:30:SELECT * FROM t_act_user WHERE 1 AND act_id=31 AND group_id=292 order by use_time ASC, create_time ASC
2018-01-16 09:55:30:SELECT * FROM t_user WHERE 1 AND openid='oeDcV0TIhZCvU1UFnqrdS_fKJxW0' LIMIT 1
2018-01-16 09:57:14:SELECT gender FROM t_user WHERE 1 AND openid='oeDcV0W0lW2u-WnondVku8uZZo4k' LIMIT 1
2018-01-16 09:57:14:SELECT * FROM t_act_group WHERE 1 AND act_id=31
2018-01-16 09:57:14:SELECT * FROM t_act WHERE 1 AND id=31 LIMIT 1
2018-01-16 09:57:14:SELECT * FROM t_act_pic WHERE 1 AND act_id=31
2018-01-16 09:57:15:SELECT * FROM t_user WHERE 1 AND openid='oeDcV0W0lW2u-WnondVku8uZZo4k' LIMIT 1
2018-01-16 09:57:15:SELECT count(*) num FROM t_act_user WHERE 1 AND act_id=31 AND openid='oeDcV0W0lW2u-WnondVku8uZZo4k' AND group_id=292 LIMIT 1
2018-01-16 09:57:15:SELECT * FROM t_act_user WHERE 1 AND act_id=31 AND group_id=292 order by use_time ASC, create_time ASC
2018-01-16 09:57:15:SELECT * FROM t_user WHERE 1 AND openid='oeDcV0TIhZCvU1UFnqrdS_fKJxW0' LIMIT 1
2018-01-16 09:58:16:SELECT gender FROM t_user WHERE 1 AND openid='oeDcV0W0lW2u-WnondVku8uZZo4k' LIMIT 1
2018-01-16 09:58:16:SELECT * FROM t_act_group WHERE 1 AND act_id=31
2018-01-16 09:58:17:SELECT * FROM t_act WHERE 1 AND id=31 LIMIT 1
2018-01-16 09:58:17:SELECT * FROM t_act_pic WHERE 1 AND act_id=31
2018-01-16 09:58:17:SELECT * FROM t_user WHERE 1 AND openid='oeDcV0W0lW2u-WnondVku8uZZo4k' LIMIT 1
2018-01-16 09:58:17:SELECT count(*) num FROM t_act_user WHERE 1 AND act_id=31 AND openid='oeDcV0W0lW2u-WnondVku8uZZo4k' AND group_id=292 LIMIT 1
2018-01-16 09:58:17:SELECT * FROM t_act_user WHERE 1 AND act_id=31 AND group_id=292 order by use_time ASC, create_time ASC
2018-01-16 09:58:17:SELECT * FROM t_user WHERE 1 AND openid='oeDcV0TIhZCvU1UFnqrdS_fKJxW0' LIMIT 1
2018-01-16 09:59:35:SELECT gender FROM t_user WHERE 1 AND openid='oeDcV0W0lW2u-WnondVku8uZZo4k' LIMIT 1
2018-01-16 09:59:35:SELECT * FROM t_act_group WHERE 1 AND act_id=31
2018-01-16 09:59:35:SELECT * FROM t_act WHERE 1 AND id=31 LIMIT 1
2018-01-16 09:59:35:SELECT * FROM t_act_pic WHERE 1 AND act_id=31
2018-01-16 09:59:35:SELECT * FROM t_user WHERE 1 AND openid='oeDcV0W0lW2u-WnondVku8uZZo4k' LIMIT 1
2018-01-16 09:59:35:SELECT count(*) num FROM t_act_user WHERE 1 AND act_id=31 AND openid='oeDcV0W0lW2u-WnondVku8uZZo4k' AND group_id=292 LIMIT 1
2018-01-16 09:59:35:SELECT * FROM t_act_user WHERE 1 AND act_id=31 AND group_id=292 order by use_time ASC, create_time ASC
2018-01-16 09:59:35:SELECT * FROM t_user WHERE 1 AND openid='oeDcV0TIhZCvU1UFnqrdS_fKJxW0' LIMIT 1
2018-01-16 10:01:22:SELECT gender FROM t_user WHERE 1 AND openid='oeDcV0W0lW2u-WnondVku8uZZo4k' LIMIT 1
2018-01-16 10:01:22:SELECT * FROM t_act_group WHERE 1 AND act_id=31
2018-01-16 10:01:22:SELECT * FROM t_act WHERE 1 AND id=31 LIMIT 1
2018-01-16 10:01:23:SELECT * FROM t_act_pic WHERE 1 AND act_id=31
2018-01-16 10:01:23:SELECT * FROM t_user WHERE 1 AND openid='oeDcV0W0lW2u-WnondVku8uZZo4k' LIMIT 1
2018-01-16 10:01:23:SELECT count(*) num FROM t_act_user WHERE 1 AND act_id=31 AND openid='oeDcV0W0lW2u-WnondVku8uZZo4k' AND group_id=292 LIMIT 1
2018-01-16 10:01:23:SELECT * FROM t_act_user WHERE 1 AND act_id=31 AND group_id=292 order by use_time ASC, create_time ASC
2018-01-16 10:01:23:SELECT * FROM t_user WHERE 1 AND openid='oeDcV0TIhZCvU1UFnqrdS_fKJxW0' LIMIT 1
2018-01-16 10:05:30:SELECT gender FROM t_user WHERE 1 AND openid='oeDcV0W0lW2u-WnondVku8uZZo4k' LIMIT 1
2018-01-16 10:05:30:SELECT * FROM t_act_group WHERE 1 AND act_id=31
2018-01-16 10:05:30:SELECT * FROM t_act WHERE 1 AND id=31 LIMIT 1
2018-01-16 10:05:30:SELECT * FROM t_act_pic WHERE 1 AND act_id=31
2018-01-16 10:05:30:SELECT * FROM t_user WHERE 1 AND openid='oeDcV0W0lW2u-WnondVku8uZZo4k' LIMIT 1
2018-01-16 10:05:30:SELECT count(*) num FROM t_act_user WHERE 1 AND act_id=31 AND openid='oeDcV0W0lW2u-WnondVku8uZZo4k' AND group_id=292 LIMIT 1
2018-01-16 10:05:30:SELECT * FROM t_act_user WHERE 1 AND act_id=31 AND group_id=292 order by use_time ASC, create_time ASC
2018-01-16 10:05:30:SELECT * FROM t_user WHERE 1 AND openid='oeDcV0TIhZCvU1UFnqrdS_fKJxW0' LIMIT 1
2018-01-16 10:05:37:SELECT gender FROM t_user WHERE 1 AND openid='oeDcV0W0lW2u-WnondVku8uZZo4k' LIMIT 1
2018-01-16 10:05:37:SELECT * FROM t_act_group WHERE 1 AND act_id=31
2018-01-16 10:05:37:SELECT * FROM t_act WHERE 1 AND id=31 LIMIT 1
2018-01-16 10:05:37:SELECT * FROM t_act_pic WHERE 1 AND act_id=31
2018-01-16 10:05:38:SELECT * FROM t_user WHERE 1 AND openid='oeDcV0W0lW2u-WnondVku8uZZo4k' LIMIT 1
2018-01-16 10:05:38:SELECT count(*) num FROM t_act_user WHERE 1 AND act_id=31 AND openid='oeDcV0W0lW2u-WnondVku8uZZo4k' AND group_id=292 LIMIT 1
2018-01-16 10:05:38:SELECT * FROM t_act_user WHERE 1 AND act_id=31 AND group_id=292 order by use_time ASC, create_time ASC
2018-01-16 10:05:38:SELECT * FROM t_user WHERE 1 AND openid='oeDcV0TIhZCvU1UFnqrdS_fKJxW0' LIMIT 1
2018-01-16 10:05:45:SELECT gender FROM t_user WHERE 1 AND openid='oeDcV0W0lW2u-WnondVku8uZZo4k' LIMIT 1
2018-01-16 10:05:45:SELECT * FROM t_act_group WHERE 1 AND act_id=31
2018-01-16 10:05:45:SELECT * FROM t_act WHERE 1 AND id=31 LIMIT 1
2018-01-16 10:05:45:SELECT * FROM t_act_pic WHERE 1 AND act_id=31
2018-01-16 10:05:45:SELECT * FROM t_user WHERE 1 AND openid='oeDcV0W0lW2u-WnondVku8uZZo4k' LIMIT 1
2018-01-16 10:05:46:SELECT count(*) num FROM t_act_user WHERE 1 AND act_id=31 AND openid='oeDcV0W0lW2u-WnondVku8uZZo4k' AND group_id=292 LIMIT 1
2018-01-16 10:05:46:SELECT * FROM t_act_user WHERE 1 AND act_id=31 AND group_id=292 order by use_time ASC, create_time ASC
2018-01-16 10:05:46:SELECT * FROM t_user WHERE 1 AND openid='oeDcV0TIhZCvU1UFnqrdS_fKJxW0' LIMIT 1
2018-01-16 10:05:53:SELECT gender FROM t_user WHERE 1 AND openid='oeDcV0W0lW2u-WnondVku8uZZo4k' LIMIT 1
2018-01-16 10:05:53:SELECT * FROM t_act_group WHERE 1 AND act_id=31
2018-01-16 10:05:53:SELECT * FROM t_act WHERE 1 AND id=31 LIMIT 1
2018-01-16 10:05:54:SELECT * FROM t_act_pic WHERE 1 AND act_id=31
2018-01-16 10:05:54:SELECT * FROM t_user WHERE 1 AND openid='oeDcV0W0lW2u-WnondVku8uZZo4k' LIMIT 1
2018-01-16 10:05:54:SELECT count(*) num FROM t_act_user WHERE 1 AND act_id=31 AND openid='oeDcV0W0lW2u-WnondVku8uZZo4k' AND group_id=292 LIMIT 1
2018-01-16 10:05:54:SELECT * FROM t_act_user WHERE 1 AND act_id=31 AND group_id=292 order by use_time ASC, create_time ASC
2018-01-16 10:05:54:SELECT * FROM t_user WHERE 1 AND openid='oeDcV0TIhZCvU1UFnqrdS_fKJxW0' LIMIT 1
2018-01-16 10:06:00:SELECT gender FROM t_user WHERE 1 AND openid='oeDcV0W0lW2u-WnondVku8uZZo4k' LIMIT 1
2018-01-16 10:06:00:SELECT * FROM t_act_group WHERE 1 AND act_id=31
2018-01-16 10:06:00:SELECT * FROM t_act WHERE 1 AND id=31 LIMIT 1
2018-01-16 10:06:00:SELECT * FROM t_act_pic WHERE 1 AND act_id=31
2018-01-16 10:06:00:SELECT * FROM t_user WHERE 1 AND openid='oeDcV0W0lW2u-WnondVku8uZZo4k' LIMIT 1
2018-01-16 10:06:00:SELECT count(*) num FROM t_act_user WHERE 1 AND act_id=31 AND openid='oeDcV0W0lW2u-WnondVku8uZZo4k' AND group_id=292 LIMIT 1
2018-01-16 10:06:00:SELECT * FROM t_act_user WHERE 1 AND act_id=31 AND group_id=292 order by use_time ASC, create_time ASC
2018-01-16 10:06:00:SELECT * FROM t_user WHERE 1 AND openid='oeDcV0TIhZCvU1UFnqrdS_fKJxW0' LIMIT 1
2018-01-16 10:06:11:SELECT gender FROM t_user WHERE 1 AND openid='oeDcV0W0lW2u-WnondVku8uZZo4k' LIMIT 1
2018-01-16 10:06:11:SELECT * FROM t_act_group WHERE 1 AND act_id=31
2018-01-16 10:06:11:SELECT * FROM t_act WHERE 1 AND id=31 LIMIT 1
2018-01-16 10:06:11:SELECT * FROM t_act_pic WHERE 1 AND act_id=31
2018-01-16 10:06:11:SELECT * FROM t_user WHERE 1 AND openid='oeDcV0W0lW2u-WnondVku8uZZo4k' LIMIT 1
2018-01-16 10:06:11:SELECT count(*) num FROM t_act_user WHERE 1 AND act_id=31 AND openid='oeDcV0W0lW2u-WnondVku8uZZo4k' AND group_id=292 LIMIT 1
2018-01-16 10:06:11:SELECT * FROM t_act_user WHERE 1 AND act_id=31 AND group_id=292 order by use_time ASC, create_time ASC
2018-01-16 10:06:11:SELECT * FROM t_user WHERE 1 AND openid='oeDcV0TIhZCvU1UFnqrdS_fKJxW0' LIMIT 1
2018-01-16 10:06:20:SELECT gender FROM t_user WHERE 1 AND openid='oeDcV0W0lW2u-WnondVku8uZZo4k' LIMIT 1
2018-01-16 10:06:20:SELECT * FROM t_act_group WHERE 1 AND act_id=31
2018-01-16 10:06:20:SELECT * FROM t_act WHERE 1 AND id=31 LIMIT 1
2018-01-16 10:06:20:SELECT * FROM t_act_pic WHERE 1 AND act_id=31
2018-01-16 10:06:20:SELECT * FROM t_user WHERE 1 AND openid='oeDcV0W0lW2u-WnondVku8uZZo4k' LIMIT 1
2018-01-16 10:06:20:SELECT count(*) num FROM t_act_user WHERE 1 AND act_id=31 AND openid='oeDcV0W0lW2u-WnondVku8uZZo4k' AND group_id=292 LIMIT 1
2018-01-16 10:06:20:SELECT * FROM t_act_user WHERE 1 AND act_id=31 AND group_id=292 order by use_time ASC, create_time ASC
2018-01-16 10:06:20:SELECT * FROM t_user WHERE 1 AND openid='oeDcV0TIhZCvU1UFnqrdS_fKJxW0' LIMIT 1
2018-01-16 10:06:25:SELECT gender FROM t_user WHERE 1 AND openid='oeDcV0W0lW2u-WnondVku8uZZo4k' LIMIT 1
2018-01-16 10:06:25:SELECT * FROM t_act_group WHERE 1 AND act_id=31
2018-01-16 10:06:25:SELECT * FROM t_act WHERE 1 AND id=31 LIMIT 1
2018-01-16 10:06:25:SELECT * FROM t_act_pic WHERE 1 AND act_id=31
2018-01-16 10:06:25:SELECT * FROM t_user WHERE 1 AND openid='oeDcV0W0lW2u-WnondVku8uZZo4k' LIMIT 1
2018-01-16 10:06:25:SELECT count(*) num FROM t_act_user WHERE 1 AND act_id=31 AND openid='oeDcV0W0lW2u-WnondVku8uZZo4k' AND group_id=292 LIMIT 1
2018-01-16 10:06:25:SELECT * FROM t_act_user WHERE 1 AND act_id=31 AND group_id=292 order by use_time ASC, create_time ASC
2018-01-16 10:06:25:SELECT * FROM t_user WHERE 1 AND openid='oeDcV0TIhZCvU1UFnqrdS_fKJxW0' LIMIT 1
2018-01-16 10:06:31:SELECT gender FROM t_user WHERE 1 AND openid='oeDcV0W0lW2u-WnondVku8uZZo4k' LIMIT 1
2018-01-16 10:06:31:SELECT * FROM t_act_group WHERE 1 AND act_id=31
2018-01-16 10:06:31:SELECT * FROM t_act WHERE 1 AND id=31 LIMIT 1
2018-01-16 10:06:31:SELECT * FROM t_act_pic WHERE 1 AND act_id=31
2018-01-16 10:06:31:SELECT * FROM t_user WHERE 1 AND openid='oeDcV0W0lW2u-WnondVku8uZZo4k' LIMIT 1
2018-01-16 10:06:31:SELECT count(*) num FROM t_act_user WHERE 1 AND act_id=31 AND openid='oeDcV0W0lW2u-WnondVku8uZZo4k' AND group_id=292 LIMIT 1
2018-01-16 10:06:31:SELECT * FROM t_act_user WHERE 1 AND act_id=31 AND group_id=292 order by use_time ASC, create_time ASC
2018-01-16 10:06:31:SELECT * FROM t_user WHERE 1 AND openid='oeDcV0TIhZCvU1UFnqrdS_fKJxW0' LIMIT 1
2018-01-16 10:06:45:SELECT gender FROM t_user WHERE 1 AND openid='oeDcV0W0lW2u-WnondVku8uZZo4k' LIMIT 1
2018-01-16 10:06:45:SELECT * FROM t_act_group WHERE 1 AND act_id=31
2018-01-16 10:06:45:SELECT * FROM t_act WHERE 1 AND id=31 LIMIT 1
2018-01-16 10:06:45:SELECT * FROM t_act_pic WHERE 1 AND act_id=31
2018-01-16 10:06:45:SELECT * FROM t_user WHERE 1 AND openid='oeDcV0W0lW2u-WnondVku8uZZo4k' LIMIT 1
2018-01-16 10:06:45:SELECT count(*) num FROM t_act_user WHERE 1 AND act_id=31 AND openid='oeDcV0W0lW2u-WnondVku8uZZo4k' AND group_id=292 LIMIT 1
2018-01-16 10:06:45:SELECT * FROM t_act_user WHERE 1 AND act_id=31 AND group_id=292 order by use_time ASC, create_time ASC
2018-01-16 10:06:45:SELECT * FROM t_user WHERE 1 AND openid='oeDcV0TIhZCvU1UFnqrdS_fKJxW0' LIMIT 1
2018-01-16 10:07:14:SELECT gender FROM t_user WHERE 1 AND openid='oeDcV0W0lW2u-WnondVku8uZZo4k' LIMIT 1
2018-01-16 10:07:14:SELECT * FROM t_act_group WHERE 1 AND act_id=31
2018-01-16 10:07:14:SELECT * FROM t_act WHERE 1 AND id=31 LIMIT 1
2018-01-16 10:07:14:SELECT * FROM t_act_pic WHERE 1 AND act_id=31
2018-01-16 10:07:14:SELECT * FROM t_user WHERE 1 AND openid='oeDcV0W0lW2u-WnondVku8uZZo4k' LIMIT 1
2018-01-16 10:07:14:SELECT count(*) num FROM t_act_user WHERE 1 AND act_id=31 AND openid='oeDcV0W0lW2u-WnondVku8uZZo4k' AND group_id=292 LIMIT 1
2018-01-16 10:07:14:SELECT * FROM t_act_user WHERE 1 AND act_id=31 AND group_id=292 order by use_time ASC, create_time ASC
2018-01-16 10:07:14:SELECT * FROM t_user WHERE 1 AND openid='oeDcV0TIhZCvU1UFnqrdS_fKJxW0' LIMIT 1
2018-01-16 10:25:08:SELECT gender FROM t_user WHERE 1 AND openid='oeDcV0W0lW2u-WnondVku8uZZo4k' LIMIT 1
2018-01-16 10:25:08:SELECT * FROM t_act_group WHERE 1 AND act_id=31
2018-01-16 10:25:08:SELECT * FROM t_act WHERE 1 AND id=31 LIMIT 1
2018-01-16 10:25:08:SELECT * FROM t_act_pic WHERE 1 AND act_id=31
2018-01-16 10:25:08:SELECT * FROM t_user WHERE 1 AND openid='oeDcV0W0lW2u-WnondVku8uZZo4k' LIMIT 1
2018-01-16 10:25:08:SELECT count(*) num FROM t_act_user WHERE 1 AND act_id=31 AND openid='oeDcV0W0lW2u-WnondVku8uZZo4k' AND group_id=292 LIMIT 1
2018-01-16 10:25:08:SELECT * FROM t_act_user WHERE 1 AND act_id=31 AND group_id=292 order by use_time ASC, create_time ASC
2018-01-16 10:25:09:SELECT * FROM t_user WHERE 1 AND openid='oeDcV0TIhZCvU1UFnqrdS_fKJxW0' LIMIT 1
2018-01-16 10:27:15:SELECT gender FROM t_user WHERE 1 AND openid='oeDcV0W0lW2u-WnondVku8uZZo4k' LIMIT 1
2018-01-16 10:27:15:SELECT * FROM t_act_group WHERE 1 AND act_id=31
2018-01-16 10:27:15:SELECT * FROM t_act WHERE 1 AND id=31 LIMIT 1
2018-01-16 10:27:15:SELECT * FROM t_act_pic WHERE 1 AND act_id=31
2018-01-16 10:27:15:SELECT * FROM t_user WHERE 1 AND openid='oeDcV0W0lW2u-WnondVku8uZZo4k' LIMIT 1
2018-01-16 10:27:15:SELECT count(*) num FROM t_act_user WHERE 1 AND act_id=31 AND openid='oeDcV0W0lW2u-WnondVku8uZZo4k' AND group_id=292 LIMIT 1
2018-01-16 10:27:15:SELECT * FROM t_act_user WHERE 1 AND act_id=31 AND group_id=292 order by use_time ASC, create_time ASC
2018-01-16 10:27:15:SELECT * FROM t_user WHERE 1 AND openid='oeDcV0TIhZCvU1UFnqrdS_fKJxW0' LIMIT 1
2018-01-16 10:27:17:SELECT * FROM t_user WHERE 1 AND openid = 'oeDcV0W0lW2u-WnondVku8uZZo4k' LIMIT 1
2018-01-16 10:27:22:SELECT * FROM t_user WHERE 1 AND openid = 'oeDcV0W0lW2u-WnondVku8uZZo4k' LIMIT 1
2018-01-16 10:29:53:SELECT * FROM t_user WHERE 1 AND openid = 'oeDcV0W0lW2u-WnondVku8uZZo4k' LIMIT 1
2018-01-16 10:30:45:SELECT * FROM t_user WHERE 1 AND openid = 'oeDcV0W0lW2u-WnondVku8uZZo4k' LIMIT 1
2018-01-16 10:37:14:SELECT gender FROM t_user WHERE 1 AND openid='oeDcV0W0lW2u-WnondVku8uZZo4k' LIMIT 1
2018-01-16 10:37:14:SELECT * FROM t_act_group WHERE 1 AND act_id=31
2018-01-16 10:37:14:SELECT * FROM t_act WHERE 1 AND id=31 LIMIT 1
2018-01-16 10:37:14:SELECT * FROM t_act_pic WHERE 1 AND act_id=31
2018-01-16 10:37:14:SELECT * FROM t_user WHERE 1 AND openid='oeDcV0W0lW2u-WnondVku8uZZo4k' LIMIT 1
2018-01-16 10:37:14:SELECT count(*) num FROM t_act_user WHERE 1 AND act_id=31 AND openid='oeDcV0W0lW2u-WnondVku8uZZo4k' AND group_id=292 LIMIT 1
2018-01-16 10:37:14:SELECT * FROM t_act_user WHERE 1 AND act_id=31 AND group_id=292 order by use_time ASC, create_time ASC
2018-01-16 10:37:14:SELECT * FROM t_user WHERE 1 AND openid='oeDcV0TIhZCvU1UFnqrdS_fKJxW0' LIMIT 1
2018-01-16 10:51:58:SELECT gender FROM t_user WHERE 1 AND openid='oeDcV0W0lW2u-WnondVku8uZZo4k' LIMIT 1
2018-01-16 10:51:58:SELECT * FROM t_act_group WHERE 1 AND act_id=31
2018-01-16 10:51:58:SELECT * FROM t_act WHERE 1 AND id=31 LIMIT 1
2018-01-16 10:51:58:SELECT * FROM t_act_pic WHERE 1 AND act_id=31
2018-01-16 10:51:58:SELECT * FROM t_user WHERE 1 AND openid='oeDcV0W0lW2u-WnondVku8uZZo4k' LIMIT 1
2018-01-16 10:51:58:SELECT count(*) num FROM t_act_user WHERE 1 AND act_id=31 AND openid='oeDcV0W0lW2u-WnondVku8uZZo4k' AND group_id=292 LIMIT 1
2018-01-16 10:51:58:SELECT * FROM t_act_user WHERE 1 AND act_id=31 AND group_id=292 order by use_time ASC, create_time ASC
2018-01-16 10:51:58:SELECT * FROM t_user WHERE 1 AND openid='oeDcV0TIhZCvU1UFnqrdS_fKJxW0' LIMIT 1
2018-01-16 11:09:57:SELECT gender FROM t_user WHERE 1 AND openid='oeDcV0W0lW2u-WnondVku8uZZo4k' LIMIT 1
2018-01-16 11:09:57:SELECT * FROM t_act_group WHERE 1 AND act_id=31
2018-01-16 11:09:57:SELECT * FROM t_act WHERE 1 AND id=31 LIMIT 1
2018-01-16 11:09:57:SELECT * FROM t_act_pic WHERE 1 AND act_id=31
2018-01-16 11:09:57:SELECT * FROM t_user WHERE 1 AND openid='oeDcV0W0lW2u-WnondVku8uZZo4k' LIMIT 1
2018-01-16 11:09:57:SELECT count(*) num FROM t_act_user WHERE 1 AND act_id=31 AND openid='oeDcV0W0lW2u-WnondVku8uZZo4k' AND group_id=292 LIMIT 1
2018-01-16 11:09:57:SELECT * FROM t_act_user WHERE 1 AND act_id=31 AND group_id=292 order by use_time ASC, create_time ASC
2018-01-16 11:09:57:SELECT * FROM t_user WHERE 1 AND openid='oeDcV0TIhZCvU1UFnqrdS_fKJxW0' LIMIT 1
2018-01-16 11:12:01:SELECT gender FROM t_user WHERE 1 AND openid='oeDcV0W0lW2u-WnondVku8uZZo4k' LIMIT 1
2018-01-16 11:12:01:SELECT * FROM t_act_group WHERE 1 AND act_id=31
2018-01-16 11:12:01:SELECT * FROM t_act WHERE 1 AND id=31 LIMIT 1
2018-01-16 11:12:01:SELECT * FROM t_act_pic WHERE 1 AND act_id=31
2018-01-16 11:12:01:SELECT * FROM t_user WHERE 1 AND openid='oeDcV0W0lW2u-WnondVku8uZZo4k' LIMIT 1
2018-01-16 11:12:01:SELECT count(*) num FROM t_act_user WHERE 1 AND act_id=31 AND openid='oeDcV0W0lW2u-WnondVku8uZZo4k' AND group_id=292 LIMIT 1
2018-01-16 11:12:01:SELECT * FROM t_act_user WHERE 1 AND act_id=31 AND group_id=292 order by use_time ASC, create_time ASC
2018-01-16 11:12:01:SELECT * FROM t_user WHERE 1 AND openid='oeDcV0TIhZCvU1UFnqrdS_fKJxW0' LIMIT 1
2018-01-16 11:12:25:SELECT gender FROM t_user WHERE 1 AND openid='oeDcV0W0lW2u-WnondVku8uZZo4k' LIMIT 1
2018-01-16 11:12:25:SELECT * FROM t_act_group WHERE 1 AND act_id=31
2018-01-16 11:12:25:SELECT * FROM t_act WHERE 1 AND id=31 LIMIT 1
2018-01-16 11:12:25:SELECT * FROM t_act_pic WHERE 1 AND act_id=31
2018-01-16 11:12:25:SELECT * FROM t_user WHERE 1 AND openid='oeDcV0W0lW2u-WnondVku8uZZo4k' LIMIT 1
2018-01-16 11:12:25:SELECT count(*) num FROM t_act_user WHERE 1 AND act_id=31 AND openid='oeDcV0W0lW2u-WnondVku8uZZo4k' AND group_id=292 LIMIT 1
2018-01-16 11:12:25:SELECT * FROM t_act_user WHERE 1 AND act_id=31 AND group_id=292 order by use_time ASC, create_time ASC
2018-01-16 11:12:25:SELECT * FROM t_user WHERE 1 AND openid='oeDcV0TIhZCvU1UFnqrdS_fKJxW0' LIMIT 1
2018-01-16 11:22:32:SELECT gender FROM t_user WHERE 1 AND openid='oeDcV0W0lW2u-WnondVku8uZZo4k' LIMIT 1
2018-01-16 11:22:32:SELECT * FROM t_act_group WHERE 1 AND act_id=31
2018-01-16 11:22:32:SELECT * FROM t_act WHERE 1 AND id=31 LIMIT 1
2018-01-16 11:22:33:SELECT * FROM t_act_pic WHERE 1 AND act_id=31
2018-01-16 11:22:33:SELECT * FROM t_user WHERE 1 AND openid='oeDcV0W0lW2u-WnondVku8uZZo4k' LIMIT 1
2018-01-16 11:22:33:SELECT count(*) num FROM t_act_user WHERE 1 AND act_id=31 AND openid='oeDcV0W0lW2u-WnondVku8uZZo4k' AND group_id=292 LIMIT 1
2018-01-16 11:22:33:SELECT * FROM t_act_user WHERE 1 AND act_id=31 AND group_id=292 order by use_time ASC, create_time ASC
2018-01-16 11:22:33:SELECT * FROM t_user WHERE 1 AND openid='oeDcV0TIhZCvU1UFnqrdS_fKJxW0' LIMIT 1
2018-01-16 11:22:48:SELECT gender FROM t_user WHERE 1 AND openid='oeDcV0W0lW2u-WnondVku8uZZo4k' LIMIT 1
2018-01-16 11:22:48:SELECT * FROM t_act_group WHERE 1 AND act_id=31
2018-01-16 11:22:48:SELECT * FROM t_act WHERE 1 AND id=31 LIMIT 1
2018-01-16 11:22:48:SELECT * FROM t_act_pic WHERE 1 AND act_id=31
2018-01-16 11:22:48:SELECT * FROM t_user WHERE 1 AND openid='oeDcV0W0lW2u-WnondVku8uZZo4k' LIMIT 1
2018-01-16 11:22:48:SELECT count(*) num FROM t_act_user WHERE 1 AND act_id=31 AND openid='oeDcV0W0lW2u-WnondVku8uZZo4k' AND group_id=292 LIMIT 1
2018-01-16 11:22:48:SELECT * FROM t_act_user WHERE 1 AND act_id=31 AND group_id=292 order by use_time ASC, create_time ASC
2018-01-16 11:22:49:SELECT * FROM t_user WHERE 1 AND openid='oeDcV0TIhZCvU1UFnqrdS_fKJxW0' LIMIT 1
2018-01-16 11:23:00:SELECT gender FROM t_user WHERE 1 AND openid='oeDcV0W0lW2u-WnondVku8uZZo4k' LIMIT 1
2018-01-16 11:23:01:SELECT * FROM t_act_group WHERE 1 AND act_id=31
2018-01-16 11:23:01:SELECT * FROM t_act WHERE 1 AND id=31 LIMIT 1
2018-01-16 11:23:01:SELECT * FROM t_act_pic WHERE 1 AND act_id=31
2018-01-16 11:23:01:SELECT * FROM t_user WHERE 1 AND openid='oeDcV0W0lW2u-WnondVku8uZZo4k' LIMIT 1
2018-01-16 11:23:01:SELECT count(*) num FROM t_act_user WHERE 1 AND act_id=31 AND openid='oeDcV0W0lW2u-WnondVku8uZZo4k' AND group_id=292 LIMIT 1
2018-01-16 11:23:01:SELECT * FROM t_act_user WHERE 1 AND act_id=31 AND group_id=292 order by use_time ASC, create_time ASC
2018-01-16 11:23:01:SELECT * FROM t_user WHERE 1 AND openid='oeDcV0TIhZCvU1UFnqrdS_fKJxW0' LIMIT 1
2018-01-16 11:23:52:SELECT gender FROM t_user WHERE 1 AND openid='oeDcV0W0lW2u-WnondVku8uZZo4k' LIMIT 1
2018-01-16 11:23:52:SELECT * FROM t_act_group WHERE 1 AND act_id=31
2018-01-16 11:23:52:SELECT * FROM t_act WHERE 1 AND id=31 LIMIT 1
2018-01-16 11:23:52:SELECT * FROM t_act_pic WHERE 1 AND act_id=31
2018-01-16 11:23:52:SELECT * FROM t_user WHERE 1 AND openid='oeDcV0W0lW2u-WnondVku8uZZo4k' LIMIT 1
2018-01-16 11:23:52:SELECT count(*) num FROM t_act_user WHERE 1 AND act_id=31 AND openid='oeDcV0W0lW2u-WnondVku8uZZo4k' AND group_id=292 LIMIT 1
2018-01-16 11:23:52:SELECT * FROM t_act_user WHERE 1 AND act_id=31 AND group_id=292 order by use_time ASC, create_time ASC
2018-01-16 11:23:52:SELECT * FROM t_user WHERE 1 AND openid='oeDcV0TIhZCvU1UFnqrdS_fKJxW0' LIMIT 1
2018-01-16 11:24:09:SELECT gender FROM t_user WHERE 1 AND openid='oeDcV0W0lW2u-WnondVku8uZZo4k' LIMIT 1
2018-01-16 11:24:09:SELECT * FROM t_act_group WHERE 1 AND act_id=31
2018-01-16 11:24:09:SELECT * FROM t_act WHERE 1 AND id=31 LIMIT 1
2018-01-16 11:24:09:SELECT * FROM t_act_pic WHERE 1 AND act_id=31
2018-01-16 11:24:09:SELECT * FROM t_user WHERE 1 AND openid='oeDcV0W0lW2u-WnondVku8uZZo4k' LIMIT 1
2018-01-16 11:24:10:SELECT count(*) num FROM t_act_user WHERE 1 AND act_id=31 AND openid='oeDcV0W0lW2u-WnondVku8uZZo4k' AND group_id=292 LIMIT 1
2018-01-16 11:24:10:SELECT * FROM t_act_user WHERE 1 AND act_id=31 AND group_id=292 order by use_time ASC, create_time ASC
2018-01-16 11:24:10:SELECT * FROM t_user WHERE 1 AND openid='oeDcV0TIhZCvU1UFnqrdS_fKJxW0' LIMIT 1
2018-01-16 11:24:30:SELECT gender FROM t_user WHERE 1 AND openid='oeDcV0W0lW2u-WnondVku8uZZo4k' LIMIT 1
2018-01-16 11:24:30:SELECT * FROM t_act_group WHERE 1 AND act_id=31
2018-01-16 11:24:30:SELECT * FROM t_act WHERE 1 AND id=31 LIMIT 1
2018-01-16 11:24:30:SELECT * FROM t_act_pic WHERE 1 AND act_id=31
2018-01-16 11:24:30:SELECT * FROM t_user WHERE 1 AND openid='oeDcV0W0lW2u-WnondVku8uZZo4k' LIMIT 1
2018-01-16 11:24:30:SELECT count(*) num FROM t_act_user WHERE 1 AND act_id=31 AND openid='oeDcV0W0lW2u-WnondVku8uZZo4k' AND group_id=292 LIMIT 1
2018-01-16 11:24:30:SELECT * FROM t_act_user WHERE 1 AND act_id=31 AND group_id=292 order by use_time ASC, create_time ASC
2018-01-16 11:24:30:SELECT * FROM t_user WHERE 1 AND openid='oeDcV0TIhZCvU1UFnqrdS_fKJxW0' LIMIT 1
2018-01-16 11:25:43:SELECT gender FROM t_user WHERE 1 AND openid='oeDcV0W0lW2u-WnondVku8uZZo4k' LIMIT 1
2018-01-16 11:25:43:SELECT * FROM t_act_group WHERE 1 AND act_id=31
2018-01-16 11:25:43:SELECT * FROM t_act WHERE 1 AND id=31 LIMIT 1
2018-01-16 11:25:43:SELECT * FROM t_act_pic WHERE 1 AND act_id=31
2018-01-16 11:25:43:SELECT * FROM t_user WHERE 1 AND openid='oeDcV0W0lW2u-WnondVku8uZZo4k' LIMIT 1
2018-01-16 11:25:43:SELECT count(*) num FROM t_act_user WHERE 1 AND act_id=31 AND openid='oeDcV0W0lW2u-WnondVku8uZZo4k' AND group_id=292 LIMIT 1
2018-01-16 11:25:43:SELECT * FROM t_act_user WHERE 1 AND act_id=31 AND group_id=292 order by use_time ASC, create_time ASC
2018-01-16 11:25:43:SELECT * FROM t_user WHERE 1 AND openid='oeDcV0TIhZCvU1UFnqrdS_fKJxW0' LIMIT 1
2018-01-16 11:25:57:SELECT gender FROM t_user WHERE 1 AND openid='oeDcV0W0lW2u-WnondVku8uZZo4k' LIMIT 1
2018-01-16 11:25:58:SELECT * FROM t_act_group WHERE 1 AND act_id=31
2018-01-16 11:25:58:SELECT * FROM t_act WHERE 1 AND id=31 LIMIT 1
2018-01-16 11:25:58:SELECT * FROM t_act_pic WHERE 1 AND act_id=31
2018-01-16 11:25:58:SELECT * FROM t_user WHERE 1 AND openid='oeDcV0W0lW2u-WnondVku8uZZo4k' LIMIT 1
2018-01-16 11:25:58:SELECT count(*) num FROM t_act_user WHERE 1 AND act_id=31 AND openid='oeDcV0W0lW2u-WnondVku8uZZo4k' AND group_id=292 LIMIT 1
2018-01-16 11:25:58:SELECT * FROM t_act_user WHERE 1 AND act_id=31 AND group_id=292 order by use_time ASC, create_time ASC
2018-01-16 11:25:58:SELECT * FROM t_user WHERE 1 AND openid='oeDcV0TIhZCvU1UFnqrdS_fKJxW0' LIMIT 1
2018-01-16 11:30:35:SELECT gender FROM t_user WHERE 1 AND openid='oeDcV0W0lW2u-WnondVku8uZZo4k' LIMIT 1
2018-01-16 11:30:35:SELECT * FROM t_act_group WHERE 1 AND act_id=31
2018-01-16 11:30:35:SELECT * FROM t_act WHERE 1 AND id=31 LIMIT 1
2018-01-16 11:30:35:SELECT * FROM t_act_pic WHERE 1 AND act_id=31
2018-01-16 11:30:35:SELECT * FROM t_user WHERE 1 AND openid='oeDcV0W0lW2u-WnondVku8uZZo4k' LIMIT 1
2018-01-16 11:30:35:SELECT count(*) num FROM t_act_user WHERE 1 AND act_id=31 AND openid='oeDcV0W0lW2u-WnondVku8uZZo4k' AND group_id=292 LIMIT 1
2018-01-16 11:30:35:SELECT * FROM t_act_user WHERE 1 AND act_id=31 AND group_id=292 order by use_time ASC, create_time ASC
2018-01-16 11:30:36:SELECT * FROM t_user WHERE 1 AND openid='oeDcV0TIhZCvU1UFnqrdS_fKJxW0' LIMIT 1
2018-01-16 11:31:26:SELECT * FROM t_user WHERE 1 AND openid = 'oeDcV0W0lW2u-WnondVku8uZZo4k' LIMIT 1
2018-01-16 11:31:29:SELECT gender FROM t_user WHERE 1 AND openid='oeDcV0W0lW2u-WnondVku8uZZo4k' LIMIT 1
2018-01-16 11:31:29:SELECT * FROM t_act_group WHERE 1 AND act_id=31
2018-01-16 11:31:29:SELECT * FROM t_act WHERE 1 AND id=31 LIMIT 1
2018-01-16 11:31:29:SELECT * FROM t_act_pic WHERE 1 AND act_id=31
2018-01-16 11:31:29:SELECT * FROM t_user WHERE 1 AND openid='oeDcV0W0lW2u-WnondVku8uZZo4k' LIMIT 1
2018-01-16 11:31:29:SELECT count(*) num FROM t_act_user WHERE 1 AND act_id=31 AND openid='oeDcV0W0lW2u-WnondVku8uZZo4k' AND group_id=292 LIMIT 1
2018-01-16 11:31:29:SELECT * FROM t_act_user WHERE 1 AND act_id=31 AND group_id=292 order by use_time ASC, create_time ASC
2018-01-16 11:31:29:SELECT * FROM t_user WHERE 1 AND openid='oeDcV0TIhZCvU1UFnqrdS_fKJxW0' LIMIT 1
2018-01-16 11:32:35:SELECT gender FROM t_user WHERE 1 AND openid='oeDcV0W0lW2u-WnondVku8uZZo4k' LIMIT 1
2018-01-16 11:32:35:SELECT * FROM t_act_group WHERE 1 AND act_id=31
2018-01-16 11:32:35:SELECT * FROM t_act WHERE 1 AND id=31 LIMIT 1
2018-01-16 11:32:35:SELECT * FROM t_act_pic WHERE 1 AND act_id=31
2018-01-16 11:32:35:SELECT * FROM t_user WHERE 1 AND openid='oeDcV0W0lW2u-WnondVku8uZZo4k' LIMIT 1
2018-01-16 11:32:35:SELECT count(*) num FROM t_act_user WHERE 1 AND act_id=31 AND openid='oeDcV0W0lW2u-WnondVku8uZZo4k' AND group_id=292 LIMIT 1
2018-01-16 11:32:35:SELECT * FROM t_act_user WHERE 1 AND act_id=31 AND group_id=292 order by use_time ASC, create_time ASC
2018-01-16 11:32:35:SELECT * FROM t_user WHERE 1 AND openid='oeDcV0TIhZCvU1UFnqrdS_fKJxW0' LIMIT 1
2018-01-16 11:33:17:SELECT gender FROM t_user WHERE 1 AND openid='oeDcV0W0lW2u-WnondVku8uZZo4k' LIMIT 1
2018-01-16 11:33:17:SELECT * FROM t_act_group WHERE 1 AND act_id=31
2018-01-16 11:33:17:SELECT * FROM t_act WHERE 1 AND id=31 LIMIT 1
2018-01-16 11:33:17:SELECT * FROM t_act_pic WHERE 1 AND act_id=31
2018-01-16 11:33:17:SELECT * FROM t_user WHERE 1 AND openid='oeDcV0W0lW2u-WnondVku8uZZo4k' LIMIT 1
2018-01-16 11:33:17:SELECT count(*) num FROM t_act_user WHERE 1 AND act_id=31 AND openid='oeDcV0W0lW2u-WnondVku8uZZo4k' AND group_id=292 LIMIT 1
2018-01-16 11:33:18:SELECT * FROM t_act_user WHERE 1 AND act_id=31 AND group_id=292 order by use_time ASC, create_time ASC
2018-01-16 11:33:18:SELECT * FROM t_user WHERE 1 AND openid='oeDcV0TIhZCvU1UFnqrdS_fKJxW0' LIMIT 1
2018-01-16 11:34:10:SELECT gender FROM t_user WHERE 1 AND openid='oeDcV0W0lW2u-WnondVku8uZZo4k' LIMIT 1
2018-01-16 11:34:10:SELECT * FROM t_act_group WHERE 1 AND act_id=31
2018-01-16 11:34:10:SELECT * FROM t_act WHERE 1 AND id=31 LIMIT 1
2018-01-16 11:34:10:SELECT * FROM t_act_pic WHERE 1 AND act_id=31
2018-01-16 11:34:10:SELECT * FROM t_user WHERE 1 AND openid='oeDcV0W0lW2u-WnondVku8uZZo4k' LIMIT 1
2018-01-16 11:34:10:SELECT count(*) num FROM t_act_user WHERE 1 AND act_id=31 AND openid='oeDcV0W0lW2u-WnondVku8uZZo4k' AND group_id=292 LIMIT 1
2018-01-16 11:34:10:SELECT * FROM t_act_user WHERE 1 AND act_id=31 AND group_id=292 order by use_time ASC, create_time ASC
2018-01-16 11:34:10:SELECT * FROM t_user WHERE 1 AND openid='oeDcV0TIhZCvU1UFnqrdS_fKJxW0' LIMIT 1
2018-01-16 11:46:09:SELECT gender FROM t_user WHERE 1 AND openid='oeDcV0W0lW2u-WnondVku8uZZo4k' LIMIT 1
2018-01-16 11:46:09:SELECT * FROM t_act_group WHERE 1 AND act_id=31
2018-01-16 11:46:09:SELECT * FROM t_act WHERE 1 AND id=31 LIMIT 1
2018-01-16 11:46:09:SELECT * FROM t_act_pic WHERE 1 AND act_id=31
2018-01-16 11:46:09:SELECT * FROM t_user WHERE 1 AND openid='oeDcV0W0lW2u-WnondVku8uZZo4k' LIMIT 1
2018-01-16 11:46:09:SELECT count(*) num FROM t_act_user WHERE 1 AND act_id=31 AND openid='oeDcV0W0lW2u-WnondVku8uZZo4k' AND group_id=292 LIMIT 1
2018-01-16 11:46:09:SELECT * FROM t_act_user WHERE 1 AND act_id=31 AND group_id=292 order by use_time ASC, create_time ASC
2018-01-16 11:46:09:SELECT * FROM t_user WHERE 1 AND openid='oeDcV0TIhZCvU1UFnqrdS_fKJxW0' LIMIT 1
2018-01-16 11:46:29:SELECT gender FROM t_user WHERE 1 AND openid='oeDcV0W0lW2u-WnondVku8uZZo4k' LIMIT 1
2018-01-16 11:46:29:SELECT * FROM t_act_group WHERE 1 AND act_id=31
2018-01-16 11:46:29:SELECT * FROM t_act WHERE 1 AND id=31 LIMIT 1
2018-01-16 11:46:29:SELECT * FROM t_act_pic WHERE 1 AND act_id=31
2018-01-16 11:46:29:SELECT * FROM t_user WHERE 1 AND openid='oeDcV0W0lW2u-WnondVku8uZZo4k' LIMIT 1
2018-01-16 11:46:29:SELECT count(*) num FROM t_act_user WHERE 1 AND act_id=31 AND openid='oeDcV0W0lW2u-WnondVku8uZZo4k' AND group_id=292 LIMIT 1
2018-01-16 11:46:29:SELECT * FROM t_act_user WHERE 1 AND act_id=31 AND group_id=292 order by use_time ASC, create_time ASC
2018-01-16 11:46:29:SELECT * FROM t_user WHERE 1 AND openid='oeDcV0TIhZCvU1UFnqrdS_fKJxW0' LIMIT 1
2018-01-16 11:52:08:SELECT gender FROM t_user WHERE 1 AND openid='oeDcV0W0lW2u-WnondVku8uZZo4k' LIMIT 1
2018-01-16 11:52:08:SELECT * FROM t_act_group WHERE 1 AND act_id=31
2018-01-16 11:52:08:SELECT * FROM t_act WHERE 1 AND id=31 LIMIT 1
2018-01-16 11:52:08:SELECT * FROM t_act_pic WHERE 1 AND act_id=31
2018-01-16 11:52:08:SELECT * FROM t_user WHERE 1 AND openid='oeDcV0W0lW2u-WnondVku8uZZo4k' LIMIT 1
2018-01-16 11:52:08:SELECT count(*) num FROM t_act_user WHERE 1 AND act_id=31 AND openid='oeDcV0W0lW2u-WnondVku8uZZo4k' AND group_id=292 LIMIT 1
2018-01-16 11:52:08:SELECT * FROM t_act_user WHERE 1 AND act_id=31 AND group_id=292 order by use_time ASC, create_time ASC
2018-01-16 11:52:08:SELECT * FROM t_user WHERE 1 AND openid='oeDcV0TIhZCvU1UFnqrdS_fKJxW0' LIMIT 1
2018-01-16 11:54:29:SELECT gender FROM t_user WHERE 1 AND openid='oeDcV0W0lW2u-WnondVku8uZZo4k' LIMIT 1
2018-01-16 11:54:29:SELECT * FROM t_act_group WHERE 1 AND act_id=31
2018-01-16 11:54:29:SELECT * FROM t_act WHERE 1 AND id=31 LIMIT 1
2018-01-16 11:54:29:SELECT * FROM t_act_pic WHERE 1 AND act_id=31
2018-01-16 11:54:29:SELECT * FROM t_user WHERE 1 AND openid='oeDcV0W0lW2u-WnondVku8uZZo4k' LIMIT 1
2018-01-16 11:54:29:SELECT count(*) num FROM t_act_user WHERE 1 AND act_id=31 AND openid='oeDcV0W0lW2u-WnondVku8uZZo4k' AND group_id=292 LIMIT 1
2018-01-16 11:54:29:SELECT * FROM t_act_user WHERE 1 AND act_id=31 AND group_id=292 order by use_time ASC, create_time ASC
2018-01-16 11:54:29:SELECT * FROM t_user WHERE 1 AND openid='oeDcV0TIhZCvU1UFnqrdS_fKJxW0' LIMIT 1
2018-01-16 11:57:36:SELECT gender FROM t_user WHERE 1 AND openid='oeDcV0W0lW2u-WnondVku8uZZo4k' LIMIT 1
2018-01-16 11:57:36:SELECT * FROM t_act_group WHERE 1 AND act_id=31
2018-01-16 11:57:36:SELECT * FROM t_act WHERE 1 AND id=31 LIMIT 1
2018-01-16 11:57:36:SELECT * FROM t_act_pic WHERE 1 AND act_id=31
2018-01-16 11:57:37:SELECT * FROM t_user WHERE 1 AND openid='oeDcV0W0lW2u-WnondVku8uZZo4k' LIMIT 1
2018-01-16 11:57:37:SELECT count(*) num FROM t_act_user WHERE 1 AND act_id=31 AND openid='oeDcV0W0lW2u-WnondVku8uZZo4k' AND group_id=292 LIMIT 1
2018-01-16 11:57:37:SELECT * FROM t_act_user WHERE 1 AND act_id=31 AND group_id=292 order by use_time ASC, create_time ASC
2018-01-16 11:57:37:SELECT * FROM t_user WHERE 1 AND openid='oeDcV0TIhZCvU1UFnqrdS_fKJxW0' LIMIT 1
2018-01-16 11:57:55:SELECT gender FROM t_user WHERE 1 AND openid='oeDcV0W0lW2u-WnondVku8uZZo4k' LIMIT 1
2018-01-16 11:57:55:SELECT * FROM t_act_group WHERE 1 AND act_id=31
2018-01-16 11:57:55:SELECT * FROM t_act WHERE 1 AND id=31 LIMIT 1
2018-01-16 11:57:55:SELECT * FROM t_act_pic WHERE 1 AND act_id=31
2018-01-16 11:57:55:SELECT * FROM t_user WHERE 1 AND openid='oeDcV0W0lW2u-WnondVku8uZZo4k' LIMIT 1
2018-01-16 11:57:56:SELECT count(*) num FROM t_act_user WHERE 1 AND act_id=31 AND openid='oeDcV0W0lW2u-WnondVku8uZZo4k' AND group_id=292 LIMIT 1
2018-01-16 11:57:56:SELECT * FROM t_act_user WHERE 1 AND act_id=31 AND group_id=292 order by use_time ASC, create_time ASC
2018-01-16 11:57:56:SELECT * FROM t_user WHERE 1 AND openid='oeDcV0TIhZCvU1UFnqrdS_fKJxW0' LIMIT 1
2018-01-16 11:57:59:SELECT gender FROM t_user WHERE 1 AND openid='oeDcV0W0lW2u-WnondVku8uZZo4k' LIMIT 1
2018-01-16 11:57:59:SELECT * FROM t_act_group WHERE 1 AND act_id=31
2018-01-16 11:58:00:SELECT * FROM t_act WHERE 1 AND id=31 LIMIT 1
2018-01-16 11:58:00:SELECT * FROM t_act_pic WHERE 1 AND act_id=31
2018-01-16 11:58:00:SELECT * FROM t_user WHERE 1 AND openid='oeDcV0W0lW2u-WnondVku8uZZo4k' LIMIT 1
2018-01-16 11:58:00:SELECT count(*) num FROM t_act_user WHERE 1 AND act_id=31 AND openid='oeDcV0W0lW2u-WnondVku8uZZo4k' AND group_id=292 LIMIT 1
2018-01-16 11:58:00:SELECT * FROM t_act_user WHERE 1 AND act_id=31 AND group_id=292 order by use_time ASC, create_time ASC
2018-01-16 11:58:00:SELECT * FROM t_user WHERE 1 AND openid='oeDcV0TIhZCvU1UFnqrdS_fKJxW0' LIMIT 1
2018-01-16 11:58:13:SELECT gender FROM t_user WHERE 1 AND openid='oeDcV0W0lW2u-WnondVku8uZZo4k' LIMIT 1
2018-01-16 11:58:13:SELECT * FROM t_act_group WHERE 1 AND act_id=31
2018-01-16 11:58:13:SELECT * FROM t_act WHERE 1 AND id=31 LIMIT 1
2018-01-16 11:58:13:SELECT * FROM t_act_pic WHERE 1 AND act_id=31
2018-01-16 11:58:13:SELECT * FROM t_user WHERE 1 AND openid='oeDcV0W0lW2u-WnondVku8uZZo4k' LIMIT 1
2018-01-16 11:58:13:SELECT count(*) num FROM t_act_user WHERE 1 AND act_id=31 AND openid='oeDcV0W0lW2u-WnondVku8uZZo4k' AND group_id=292 LIMIT 1
2018-01-16 11:58:13:SELECT * FROM t_act_user WHERE 1 AND act_id=31 AND group_id=292 order by use_time ASC, create_time ASC
2018-01-16 11:58:13:SELECT * FROM t_user WHERE 1 AND openid='oeDcV0TIhZCvU1UFnqrdS_fKJxW0' LIMIT 1
2018-01-16 12:00:16:SELECT gender FROM t_user WHERE 1 AND openid='oeDcV0W0lW2u-WnondVku8uZZo4k' LIMIT 1
2018-01-16 12:00:16:SELECT * FROM t_act WHERE 1  AND is_list=1 AND (end_time=0 OR end_time>1516075216) AND limit_sex IN(0,2) order by add_time DESC LIMIT 0,10
2018-01-16 12:00:16:SELECT COUNT(*) total FROM t_act WHERE 1  AND is_list=1 AND (end_time=0 OR end_time>1516075216) AND limit_sex IN(0,2) LIMIT 1
2018-01-16 12:00:16:SELECT * FROM t_user WHERE 1 AND openid='oeDcV0TIhZCvU1UFnqrdS_fKJxW0' LIMIT 1
2018-01-16 12:00:16:SELECT * FROM t_user WHERE 1 AND openid='oeDcV0W0lW2u-WnondVku8uZZo4k' LIMIT 1
2018-01-16 12:00:16:SELECT * FROM t_user WHERE 1 AND openid='oeDcV0Zc4eR8nIigyAVbHx0c5oAc' LIMIT 1
2018-01-16 12:00:16:SELECT * FROM t_user WHERE 1 AND openid='oeDcV0Zc4eR8nIigyAVbHx0c5oAc' LIMIT 1
2018-01-16 12:00:16:SELECT * FROM t_user WHERE 1 AND openid='oeDcV0W0lW2u-WnondVku8uZZo4k' LIMIT 1
2018-01-16 12:00:16:SELECT * FROM t_user WHERE 1 AND openid='oeDcV0TIhZCvU1UFnqrdS_fKJxW0' LIMIT 1
2018-01-16 12:00:16:SELECT * FROM t_user WHERE 1 AND openid='oeDcV0TIhZCvU1UFnqrdS_fKJxW0' LIMIT 1
2018-01-16 12:00:16:SELECT * FROM t_user WHERE 1 AND openid='oeDcV0TIhZCvU1UFnqrdS_fKJxW0' LIMIT 1
2018-01-16 12:00:16:SELECT * FROM t_user WHERE 1 AND openid='oeDcV0W0lW2u-WnondVku8uZZo4k' LIMIT 1
2018-01-16 12:00:16:SELECT * FROM t_user WHERE 1 AND openid='oeDcV0TIhZCvU1UFnqrdS_fKJxW0' LIMIT 1
2018-01-16 12:00:18:SELECT * FROM t_user WHERE 1 AND openid = 'oeDcV0W0lW2u-WnondVku8uZZo4k' LIMIT 1
2018-01-16 12:00:20:SELECT gender FROM t_user WHERE 1 AND openid='oeDcV0W0lW2u-WnondVku8uZZo4k' LIMIT 1
2018-01-16 12:00:20:SELECT * FROM t_act_group WHERE 1 AND act_id=48
2018-01-16 12:00:20:SELECT * FROM t_act WHERE 1 AND id=48 LIMIT 1
2018-01-16 12:00:20:SELECT * FROM t_act_pic WHERE 1 AND act_id=48
2018-01-16 12:00:20:SELECT * FROM t_user WHERE 1 AND openid='oeDcV0W0lW2u-WnondVku8uZZo4k' LIMIT 1
2018-01-16 12:00:20:SELECT count(*) num FROM t_act_user WHERE 1 AND act_id=48 AND openid='oeDcV0W0lW2u-WnondVku8uZZo4k' AND group_id=453 LIMIT 1
2018-01-16 12:00:20:SELECT * FROM t_act_user WHERE 1 AND act_id=48 AND group_id=453 order by use_time ASC, create_time ASC
2018-01-16 12:01:03:SELECT gender FROM t_user WHERE 1 AND openid='oeDcV0W0lW2u-WnondVku8uZZo4k' LIMIT 1
2018-01-16 12:01:03:SELECT * FROM t_act_group WHERE 1 AND act_id=31
2018-01-16 12:01:03:SELECT * FROM t_act WHERE 1 AND id=31 LIMIT 1
2018-01-16 12:01:03:SELECT * FROM t_act_pic WHERE 1 AND act_id=31
2018-01-16 12:01:03:SELECT * FROM t_user WHERE 1 AND openid='oeDcV0W0lW2u-WnondVku8uZZo4k' LIMIT 1
2018-01-16 12:01:03:SELECT count(*) num FROM t_act_user WHERE 1 AND act_id=31 AND openid='oeDcV0W0lW2u-WnondVku8uZZo4k' AND group_id=292 LIMIT 1
2018-01-16 12:01:03:SELECT * FROM t_act_user WHERE 1 AND act_id=31 AND group_id=292 order by use_time ASC, create_time ASC
2018-01-16 12:01:03:SELECT * FROM t_user WHERE 1 AND openid='oeDcV0TIhZCvU1UFnqrdS_fKJxW0' LIMIT 1
2018-01-16 12:01:27:SELECT gender FROM t_user WHERE 1 AND openid='oeDcV0W0lW2u-WnondVku8uZZo4k' LIMIT 1
2018-01-16 12:01:27:SELECT * FROM t_act_group WHERE 1 AND act_id=31
2018-01-16 12:01:27:SELECT * FROM t_act WHERE 1 AND id=31 LIMIT 1
2018-01-16 12:01:27:SELECT * FROM t_act_pic WHERE 1 AND act_id=31
2018-01-16 12:01:27:SELECT * FROM t_user WHERE 1 AND openid='oeDcV0W0lW2u-WnondVku8uZZo4k' LIMIT 1
2018-01-16 12:01:27:SELECT count(*) num FROM t_act_user WHERE 1 AND act_id=31 AND openid='oeDcV0W0lW2u-WnondVku8uZZo4k' AND group_id=292 LIMIT 1
2018-01-16 12:01:27:SELECT * FROM t_act_user WHERE 1 AND act_id=31 AND group_id=292 order by use_time ASC, create_time ASC
2018-01-16 12:01:27:SELECT * FROM t_user WHERE 1 AND openid='oeDcV0TIhZCvU1UFnqrdS_fKJxW0' LIMIT 1
2018-01-16 12:03:31:SELECT * FROM t_user WHERE 1 AND openid = 'oeDcV0W0lW2u-WnondVku8uZZo4k' LIMIT 1
2018-01-16 12:03:32:SELECT gender FROM t_user WHERE 1 AND openid='oeDcV0W0lW2u-WnondVku8uZZo4k' LIMIT 1
2018-01-16 12:03:32:SELECT * FROM t_act WHERE 1  AND is_list=1 AND (end_time=0 OR end_time>1516075412) AND limit_sex IN(0,2) order by add_time DESC LIMIT 0,10
2018-01-16 12:03:32:SELECT COUNT(*) total FROM t_act WHERE 1  AND is_list=1 AND (end_time=0 OR end_time>1516075412) AND limit_sex IN(0,2) LIMIT 1
2018-01-16 12:03:32:SELECT * FROM t_user WHERE 1 AND openid='oeDcV0TIhZCvU1UFnqrdS_fKJxW0' LIMIT 1
2018-01-16 12:03:32:SELECT * FROM t_user WHERE 1 AND openid='oeDcV0W0lW2u-WnondVku8uZZo4k' LIMIT 1
2018-01-16 12:03:32:SELECT * FROM t_user WHERE 1 AND openid='oeDcV0Zc4eR8nIigyAVbHx0c5oAc' LIMIT 1
2018-01-16 12:03:32:SELECT * FROM t_user WHERE 1 AND openid='oeDcV0Zc4eR8nIigyAVbHx0c5oAc' LIMIT 1
2018-01-16 12:03:32:SELECT * FROM t_user WHERE 1 AND openid='oeDcV0W0lW2u-WnondVku8uZZo4k' LIMIT 1
2018-01-16 12:03:33:SELECT * FROM t_user WHERE 1 AND openid='oeDcV0TIhZCvU1UFnqrdS_fKJxW0' LIMIT 1
2018-01-16 12:03:33:SELECT * FROM t_user WHERE 1 AND openid='oeDcV0TIhZCvU1UFnqrdS_fKJxW0' LIMIT 1
2018-01-16 12:03:33:SELECT * FROM t_user WHERE 1 AND openid='oeDcV0TIhZCvU1UFnqrdS_fKJxW0' LIMIT 1
2018-01-16 12:03:33:SELECT * FROM t_user WHERE 1 AND openid='oeDcV0W0lW2u-WnondVku8uZZo4k' LIMIT 1
2018-01-16 12:03:33:SELECT * FROM t_user WHERE 1 AND openid='oeDcV0TIhZCvU1UFnqrdS_fKJxW0' LIMIT 1
2018-01-16 12:03:36:SELECT gender FROM t_user WHERE 1 AND openid='oeDcV0W0lW2u-WnondVku8uZZo4k' LIMIT 1
2018-01-16 12:03:36:SELECT * FROM t_act_group WHERE 1 AND act_id=49
2018-01-16 12:03:36:SELECT * FROM t_act WHERE 1 AND id=49 LIMIT 1
2018-01-16 12:03:36:SELECT * FROM t_act_pic WHERE 1 AND act_id=49
2018-01-16 12:03:36:SELECT * FROM t_user WHERE 1 AND openid='oeDcV0W0lW2u-WnondVku8uZZo4k' LIMIT 1
2018-01-16 12:03:36:SELECT count(*) num FROM t_act_user WHERE 1 AND act_id=49 AND openid='oeDcV0W0lW2u-WnondVku8uZZo4k' AND group_id=456 LIMIT 1
2018-01-16 12:03:36:SELECT * FROM t_act_user WHERE 1 AND act_id=49 AND group_id=456 order by use_time ASC, create_time ASC
2018-01-16 12:03:36:SELECT * FROM t_user WHERE 1 AND openid='oeDcV0TIhZCvU1UFnqrdS_fKJxW0' LIMIT 1
2018-01-16 12:04:38:SELECT gender FROM t_user WHERE 1 AND openid='oeDcV0W0lW2u-WnondVku8uZZo4k' LIMIT 1
2018-01-16 12:04:38:SELECT * FROM t_act_group WHERE 1 AND act_id=49
2018-01-16 12:04:38:SELECT * FROM t_act WHERE 1 AND id=49 LIMIT 1
2018-01-16 12:04:38:SELECT * FROM t_act_pic WHERE 1 AND act_id=49
2018-01-16 12:04:39:SELECT * FROM t_user WHERE 1 AND openid='oeDcV0W0lW2u-WnondVku8uZZo4k' LIMIT 1
2018-01-16 12:04:39:SELECT count(*) num FROM t_act_user WHERE 1 AND act_id=49 AND openid='oeDcV0W0lW2u-WnondVku8uZZo4k' AND group_id=456 LIMIT 1
2018-01-16 12:04:39:SELECT * FROM t_act_user WHERE 1 AND act_id=49 AND group_id=456 order by use_time ASC, create_time ASC
2018-01-16 12:04:39:SELECT * FROM t_user WHERE 1 AND openid='oeDcV0TIhZCvU1UFnqrdS_fKJxW0' LIMIT 1
2018-01-16 12:07:25:SELECT * FROM t_user WHERE 1 AND openid = 'oeDcV0TIhZCvU1UFnqrdS_fKJxW0' LIMIT 1
2018-01-16 12:14:48:SELECT * FROM t_user WHERE 1 AND openid = 'oeDcV0TIhZCvU1UFnqrdS_fKJxW0' LIMIT 1
2018-01-16 13:34:30:SELECT gender FROM t_user WHERE 1 AND openid='oeDcV0W0lW2u-WnondVku8uZZo4k' LIMIT 1
2018-01-16 13:34:30:SELECT * FROM t_act_group WHERE 1 AND act_id=31
2018-01-16 13:34:30:SELECT * FROM t_act WHERE 1 AND id=31 LIMIT 1
2018-01-16 13:34:30:SELECT * FROM t_act_pic WHERE 1 AND act_id=31
2018-01-16 13:34:31:SELECT * FROM t_user WHERE 1 AND openid='oeDcV0W0lW2u-WnondVku8uZZo4k' LIMIT 1
2018-01-16 13:34:31:SELECT count(*) num FROM t_act_user WHERE 1 AND act_id=31 AND openid='oeDcV0W0lW2u-WnondVku8uZZo4k' AND group_id=292 LIMIT 1
2018-01-16 13:34:31:SELECT * FROM t_act_user WHERE 1 AND act_id=31 AND group_id=292 order by use_time ASC, create_time ASC
2018-01-16 13:34:31:SELECT * FROM t_user WHERE 1 AND openid='oeDcV0TIhZCvU1UFnqrdS_fKJxW0' LIMIT 1
2018-01-16 13:34:46:SELECT gender FROM t_user WHERE 1 AND openid='oeDcV0W0lW2u-WnondVku8uZZo4k' LIMIT 1
2018-01-16 13:34:47:SELECT * FROM t_act_group WHERE 1 AND act_id=31
2018-01-16 13:34:47:SELECT * FROM t_act WHERE 1 AND id=31 LIMIT 1
2018-01-16 13:34:47:SELECT * FROM t_act_pic WHERE 1 AND act_id=31
2018-01-16 13:34:47:SELECT * FROM t_user WHERE 1 AND openid='oeDcV0W0lW2u-WnondVku8uZZo4k' LIMIT 1
2018-01-16 13:34:47:SELECT count(*) num FROM t_act_user WHERE 1 AND act_id=31 AND openid='oeDcV0W0lW2u-WnondVku8uZZo4k' AND group_id=292 LIMIT 1
2018-01-16 13:34:47:SELECT * FROM t_act_user WHERE 1 AND act_id=31 AND group_id=292 order by use_time ASC, create_time ASC
2018-01-16 13:34:47:SELECT * FROM t_user WHERE 1 AND openid='oeDcV0TIhZCvU1UFnqrdS_fKJxW0' LIMIT 1
2018-01-16 13:35:23:SELECT gender FROM t_user WHERE 1 AND openid='oeDcV0W0lW2u-WnondVku8uZZo4k' LIMIT 1
2018-01-16 13:35:23:SELECT * FROM t_act_group WHERE 1 AND act_id=31
2018-01-16 13:35:23:SELECT * FROM t_act WHERE 1 AND id=31 LIMIT 1
2018-01-16 13:35:23:SELECT * FROM t_act_pic WHERE 1 AND act_id=31
2018-01-16 13:35:23:SELECT * FROM t_user WHERE 1 AND openid='oeDcV0W0lW2u-WnondVku8uZZo4k' LIMIT 1
2018-01-16 13:35:23:SELECT count(*) num FROM t_act_user WHERE 1 AND act_id=31 AND openid='oeDcV0W0lW2u-WnondVku8uZZo4k' AND group_id=292 LIMIT 1
2018-01-16 13:35:23:SELECT * FROM t_act_user WHERE 1 AND act_id=31 AND group_id=292 order by use_time ASC, create_time ASC
2018-01-16 13:35:23:SELECT * FROM t_user WHERE 1 AND openid='oeDcV0TIhZCvU1UFnqrdS_fKJxW0' LIMIT 1
2018-01-16 13:35:39:SELECT gender FROM t_user WHERE 1 AND openid='oeDcV0W0lW2u-WnondVku8uZZo4k' LIMIT 1
2018-01-16 13:35:39:SELECT * FROM t_act_group WHERE 1 AND act_id=31
2018-01-16 13:35:39:SELECT * FROM t_act WHERE 1 AND id=31 LIMIT 1
2018-01-16 13:35:39:SELECT * FROM t_act_pic WHERE 1 AND act_id=31
2018-01-16 13:35:39:SELECT * FROM t_user WHERE 1 AND openid='oeDcV0W0lW2u-WnondVku8uZZo4k' LIMIT 1
2018-01-16 13:35:39:SELECT count(*) num FROM t_act_user WHERE 1 AND act_id=31 AND openid='oeDcV0W0lW2u-WnondVku8uZZo4k' AND group_id=292 LIMIT 1
2018-01-16 13:35:39:SELECT * FROM t_act_user WHERE 1 AND act_id=31 AND group_id=292 order by use_time ASC, create_time ASC
2018-01-16 13:35:39:SELECT * FROM t_user WHERE 1 AND openid='oeDcV0TIhZCvU1UFnqrdS_fKJxW0' LIMIT 1
2018-01-16 13:36:00:SELECT * FROM t_user WHERE 1 AND openid = 'oeDcV0W0lW2u-WnondVku8uZZo4k' LIMIT 1
2018-01-16 13:36:02:SELECT gender FROM t_user WHERE 1 AND openid='oeDcV0W0lW2u-WnondVku8uZZo4k' LIMIT 1
2018-01-16 13:36:02:SELECT * FROM t_act WHERE 1  AND is_list=1 AND (end_time=0 OR end_time>1516080962) AND limit_sex IN(0,2) order by add_time DESC LIMIT 0,10
2018-01-16 13:36:02:SELECT COUNT(*) total FROM t_act WHERE 1  AND is_list=1 AND (end_time=0 OR end_time>1516080962) AND limit_sex IN(0,2) LIMIT 1
2018-01-16 13:36:02:SELECT * FROM t_user WHERE 1 AND openid='oeDcV0TIhZCvU1UFnqrdS_fKJxW0' LIMIT 1
2018-01-16 13:36:02:SELECT * FROM t_user WHERE 1 AND openid='oeDcV0W0lW2u-WnondVku8uZZo4k' LIMIT 1
2018-01-16 13:36:02:SELECT * FROM t_user WHERE 1 AND openid='oeDcV0Zc4eR8nIigyAVbHx0c5oAc' LIMIT 1
2018-01-16 13:36:02:SELECT * FROM t_user WHERE 1 AND openid='oeDcV0Zc4eR8nIigyAVbHx0c5oAc' LIMIT 1
2018-01-16 13:36:02:SELECT * FROM t_user WHERE 1 AND openid='oeDcV0W0lW2u-WnondVku8uZZo4k' LIMIT 1
2018-01-16 13:36:02:SELECT * FROM t_user WHERE 1 AND openid='oeDcV0TIhZCvU1UFnqrdS_fKJxW0' LIMIT 1
2018-01-16 13:36:02:SELECT * FROM t_user WHERE 1 AND openid='oeDcV0TIhZCvU1UFnqrdS_fKJxW0' LIMIT 1
2018-01-16 13:36:02:SELECT * FROM t_user WHERE 1 AND openid='oeDcV0TIhZCvU1UFnqrdS_fKJxW0' LIMIT 1
2018-01-16 13:36:02:SELECT * FROM t_user WHERE 1 AND openid='oeDcV0W0lW2u-WnondVku8uZZo4k' LIMIT 1
2018-01-16 13:36:02:SELECT * FROM t_user WHERE 1 AND openid='oeDcV0TIhZCvU1UFnqrdS_fKJxW0' LIMIT 1
2018-01-16 13:36:05:SELECT gender FROM t_user WHERE 1 AND openid='oeDcV0W0lW2u-WnondVku8uZZo4k' LIMIT 1
2018-01-16 13:36:05:SELECT * FROM t_act_group WHERE 1 AND act_id=49
2018-01-16 13:36:05:SELECT * FROM t_act WHERE 1 AND id=49 LIMIT 1
2018-01-16 13:36:05:SELECT * FROM t_act_pic WHERE 1 AND act_id=49
2018-01-16 13:36:05:SELECT * FROM t_user WHERE 1 AND openid='oeDcV0W0lW2u-WnondVku8uZZo4k' LIMIT 1
2018-01-16 13:36:05:SELECT count(*) num FROM t_act_user WHERE 1 AND act_id=49 AND openid='oeDcV0W0lW2u-WnondVku8uZZo4k' AND group_id=456 LIMIT 1
2018-01-16 13:36:05:SELECT * FROM t_act_user WHERE 1 AND act_id=49 AND group_id=456 order by use_time ASC, create_time ASC
2018-01-16 13:36:05:SELECT * FROM t_user WHERE 1 AND openid='oeDcV0TIhZCvU1UFnqrdS_fKJxW0' LIMIT 1
2018-01-16 13:36:17:SELECT gender FROM t_user WHERE 1 AND openid='oeDcV0W0lW2u-WnondVku8uZZo4k' LIMIT 1
2018-01-16 13:36:17:SELECT * FROM t_act WHERE 1  AND is_list=1 AND (end_time=0 OR end_time>1516080977) AND limit_sex IN(0,2) order by add_time DESC LIMIT 0,10
2018-01-16 13:36:17:SELECT COUNT(*) total FROM t_act WHERE 1  AND is_list=1 AND (end_time=0 OR end_time>1516080977) AND limit_sex IN(0,2) LIMIT 1
2018-01-16 13:36:17:SELECT * FROM t_user WHERE 1 AND openid='oeDcV0TIhZCvU1UFnqrdS_fKJxW0' LIMIT 1
2018-01-16 13:36:17:SELECT * FROM t_user WHERE 1 AND openid='oeDcV0W0lW2u-WnondVku8uZZo4k' LIMIT 1
2018-01-16 13:36:17:SELECT * FROM t_user WHERE 1 AND openid='oeDcV0Zc4eR8nIigyAVbHx0c5oAc' LIMIT 1
2018-01-16 13:36:17:SELECT * FROM t_user WHERE 1 AND openid='oeDcV0Zc4eR8nIigyAVbHx0c5oAc' LIMIT 1
2018-01-16 13:36:17:SELECT * FROM t_user WHERE 1 AND openid='oeDcV0W0lW2u-WnondVku8uZZo4k' LIMIT 1
2018-01-16 13:36:17:SELECT * FROM t_user WHERE 1 AND openid='oeDcV0TIhZCvU1UFnqrdS_fKJxW0' LIMIT 1
2018-01-16 13:36:18:SELECT * FROM t_user WHERE 1 AND openid='oeDcV0TIhZCvU1UFnqrdS_fKJxW0' LIMIT 1
2018-01-16 13:36:18:SELECT * FROM t_user WHERE 1 AND openid='oeDcV0TIhZCvU1UFnqrdS_fKJxW0' LIMIT 1
2018-01-16 13:36:18:SELECT * FROM t_user WHERE 1 AND openid='oeDcV0W0lW2u-WnondVku8uZZo4k' LIMIT 1
2018-01-16 13:36:18:SELECT * FROM t_user WHERE 1 AND openid='oeDcV0TIhZCvU1UFnqrdS_fKJxW0' LIMIT 1
2018-01-16 13:36:19:SELECT gender FROM t_user WHERE 1 AND openid='oeDcV0W0lW2u-WnondVku8uZZo4k' LIMIT 1
2018-01-16 13:36:19:SELECT * FROM t_act_group WHERE 1 AND act_id=43
2018-01-16 13:36:19:SELECT * FROM t_act WHERE 1 AND id=43 LIMIT 1
2018-01-16 13:36:19:SELECT * FROM t_act_pic WHERE 1 AND act_id=43
2018-01-16 13:36:19:SELECT * FROM t_user WHERE 1 AND openid='oeDcV0W0lW2u-WnondVku8uZZo4k' LIMIT 1
2018-01-16 13:36:19:SELECT count(*) num FROM t_act_user WHERE 1 AND act_id=43 AND openid='oeDcV0W0lW2u-WnondVku8uZZo4k' AND group_id=412 LIMIT 1
2018-01-16 13:36:20:SELECT * FROM t_act_user WHERE 1 AND act_id=43 AND group_id=412 order by use_time ASC, create_time ASC
2018-01-16 13:36:34:SELECT gender FROM t_user WHERE 1 AND openid='oeDcV0W0lW2u-WnondVku8uZZo4k' LIMIT 1
2018-01-16 13:36:34:SELECT * FROM t_act WHERE 1  AND is_list=1 AND (end_time=0 OR end_time>1516080994) AND limit_sex IN(0,2) order by add_time DESC LIMIT 0,10
2018-01-16 13:36:34:SELECT COUNT(*) total FROM t_act WHERE 1  AND is_list=1 AND (end_time=0 OR end_time>1516080994) AND limit_sex IN(0,2) LIMIT 1
2018-01-16 13:36:34:SELECT * FROM t_user WHERE 1 AND openid='oeDcV0TIhZCvU1UFnqrdS_fKJxW0' LIMIT 1
2018-01-16 13:36:34:SELECT * FROM t_user WHERE 1 AND openid='oeDcV0W0lW2u-WnondVku8uZZo4k' LIMIT 1
2018-01-16 13:36:34:SELECT * FROM t_user WHERE 1 AND openid='oeDcV0Zc4eR8nIigyAVbHx0c5oAc' LIMIT 1
2018-01-16 13:36:34:SELECT * FROM t_user WHERE 1 AND openid='oeDcV0Zc4eR8nIigyAVbHx0c5oAc' LIMIT 1
2018-01-16 13:36:35:SELECT * FROM t_user WHERE 1 AND openid='oeDcV0W0lW2u-WnondVku8uZZo4k' LIMIT 1
2018-01-16 13:36:35:SELECT * FROM t_user WHERE 1 AND openid='oeDcV0TIhZCvU1UFnqrdS_fKJxW0' LIMIT 1
2018-01-16 13:36:35:SELECT * FROM t_user WHERE 1 AND openid='oeDcV0TIhZCvU1UFnqrdS_fKJxW0' LIMIT 1
2018-01-16 13:36:35:SELECT * FROM t_user WHERE 1 AND openid='oeDcV0TIhZCvU1UFnqrdS_fKJxW0' LIMIT 1
2018-01-16 13:36:35:SELECT * FROM t_user WHERE 1 AND openid='oeDcV0W0lW2u-WnondVku8uZZo4k' LIMIT 1
2018-01-16 13:36:35:SELECT * FROM t_user WHERE 1 AND openid='oeDcV0TIhZCvU1UFnqrdS_fKJxW0' LIMIT 1
2018-01-16 13:36:39:SELECT gender FROM t_user WHERE 1 AND openid='oeDcV0W0lW2u-WnondVku8uZZo4k' LIMIT 1
2018-01-16 13:36:39:SELECT * FROM t_act_group WHERE 1 AND act_id=46
2018-01-16 13:36:39:SELECT * FROM t_act WHERE 1 AND id=46 LIMIT 1
2018-01-16 13:36:39:SELECT * FROM t_act_pic WHERE 1 AND act_id=46
2018-01-16 13:36:40:SELECT * FROM t_user WHERE 1 AND openid='oeDcV0W0lW2u-WnondVku8uZZo4k' LIMIT 1
2018-01-16 13:36:40:SELECT count(*) num FROM t_act_user WHERE 1 AND act_id=46 AND openid='oeDcV0W0lW2u-WnondVku8uZZo4k' AND group_id=433 LIMIT 1
2018-01-16 13:36:40:SELECT * FROM t_act_user WHERE 1 AND act_id=46 AND group_id=433 order by use_time ASC, create_time ASC
2018-01-16 13:37:07:SELECT gender FROM t_user WHERE 1 AND openid='oeDcV0W0lW2u-WnondVku8uZZo4k' LIMIT 1
2018-01-16 13:37:07:SELECT * FROM t_act_group WHERE 1 AND act_id=46
2018-01-16 13:37:07:SELECT * FROM t_act WHERE 1 AND id=46 LIMIT 1
2018-01-16 13:37:07:SELECT * FROM t_act_pic WHERE 1 AND act_id=46
2018-01-16 13:37:07:SELECT * FROM t_user WHERE 1 AND openid='oeDcV0W0lW2u-WnondVku8uZZo4k' LIMIT 1
2018-01-16 13:37:07:SELECT count(*) num FROM t_act_user WHERE 1 AND act_id=46 AND openid='oeDcV0W0lW2u-WnondVku8uZZo4k' AND group_id=433 LIMIT 1
2018-01-16 13:37:07:SELECT * FROM t_act_user WHERE 1 AND act_id=46 AND group_id=433 order by use_time ASC, create_time ASC
2018-01-16 13:37:19:SELECT gender FROM t_user WHERE 1 AND openid='oeDcV0W0lW2u-WnondVku8uZZo4k' LIMIT 1
2018-01-16 13:37:19:SELECT * FROM t_act_group WHERE 1 AND act_id=46
2018-01-16 13:37:19:SELECT * FROM t_act WHERE 1 AND id=46 LIMIT 1
2018-01-16 13:37:19:SELECT * FROM t_act_pic WHERE 1 AND act_id=46
2018-01-16 13:37:19:SELECT * FROM t_user WHERE 1 AND openid='oeDcV0W0lW2u-WnondVku8uZZo4k' LIMIT 1
2018-01-16 13:37:19:SELECT count(*) num FROM t_act_user WHERE 1 AND act_id=46 AND openid='oeDcV0W0lW2u-WnondVku8uZZo4k' AND group_id=433 LIMIT 1
2018-01-16 13:37:19:SELECT * FROM t_act_user WHERE 1 AND act_id=46 AND group_id=433 order by use_time ASC, create_time ASC
2018-01-16 13:38:08:SELECT gender FROM t_user WHERE 1 AND openid='oeDcV0W0lW2u-WnondVku8uZZo4k' LIMIT 1
2018-01-16 13:38:08:SELECT * FROM t_act WHERE 1  AND is_list=1 AND (end_time=0 OR end_time>1516081088) AND limit_sex IN(0,2) order by add_time DESC LIMIT 0,10
2018-01-16 13:38:08:SELECT COUNT(*) total FROM t_act WHERE 1  AND is_list=1 AND (end_time=0 OR end_time>1516081088) AND limit_sex IN(0,2) LIMIT 1
2018-01-16 13:38:09:SELECT * FROM t_user WHERE 1 AND openid='oeDcV0TIhZCvU1UFnqrdS_fKJxW0' LIMIT 1
2018-01-16 13:38:09:SELECT * FROM t_user WHERE 1 AND openid='oeDcV0W0lW2u-WnondVku8uZZo4k' LIMIT 1
2018-01-16 13:38:09:SELECT * FROM t_user WHERE 1 AND openid='oeDcV0Zc4eR8nIigyAVbHx0c5oAc' LIMIT 1
2018-01-16 13:38:09:SELECT * FROM t_user WHERE 1 AND openid='oeDcV0Zc4eR8nIigyAVbHx0c5oAc' LIMIT 1
2018-01-16 13:38:09:SELECT * FROM t_user WHERE 1 AND openid='oeDcV0W0lW2u-WnondVku8uZZo4k' LIMIT 1
2018-01-16 13:38:09:SELECT * FROM t_user WHERE 1 AND openid='oeDcV0TIhZCvU1UFnqrdS_fKJxW0' LIMIT 1
2018-01-16 13:38:09:SELECT * FROM t_user WHERE 1 AND openid='oeDcV0TIhZCvU1UFnqrdS_fKJxW0' LIMIT 1
2018-01-16 13:38:09:SELECT * FROM t_user WHERE 1 AND openid='oeDcV0TIhZCvU1UFnqrdS_fKJxW0' LIMIT 1
2018-01-16 13:38:09:SELECT * FROM t_user WHERE 1 AND openid='oeDcV0W0lW2u-WnondVku8uZZo4k' LIMIT 1
2018-01-16 13:38:09:SELECT * FROM t_user WHERE 1 AND openid='oeDcV0TIhZCvU1UFnqrdS_fKJxW0' LIMIT 1
2018-01-16 13:40:01:SELECT gender FROM t_user WHERE 1 AND openid='oeDcV0W0lW2u-WnondVku8uZZo4k' LIMIT 1
2018-01-16 13:40:01:SELECT * FROM t_act WHERE 1  AND is_list=1 AND (end_time=0 OR end_time>1516081201) AND limit_sex IN(0,2) order by add_time DESC LIMIT 0,10
2018-01-16 13:40:01:SELECT COUNT(*) total FROM t_act WHERE 1  AND is_list=1 AND (end_time=0 OR end_time>1516081201) AND limit_sex IN(0,2) LIMIT 1
2018-01-16 13:40:01:SELECT * FROM t_user WHERE 1 AND openid='oeDcV0TIhZCvU1UFnqrdS_fKJxW0' LIMIT 1
2018-01-16 13:40:01:SELECT * FROM t_user WHERE 1 AND openid='oeDcV0W0lW2u-WnondVku8uZZo4k' LIMIT 1
2018-01-16 13:40:01:SELECT * FROM t_user WHERE 1 AND openid='oeDcV0Zc4eR8nIigyAVbHx0c5oAc' LIMIT 1
2018-01-16 13:40:01:SELECT * FROM t_user WHERE 1 AND openid='oeDcV0Zc4eR8nIigyAVbHx0c5oAc' LIMIT 1
2018-01-16 13:40:01:SELECT * FROM t_user WHERE 1 AND openid='oeDcV0W0lW2u-WnondVku8uZZo4k' LIMIT 1
2018-01-16 13:40:01:SELECT * FROM t_user WHERE 1 AND openid='oeDcV0TIhZCvU1UFnqrdS_fKJxW0' LIMIT 1
2018-01-16 13:40:01:SELECT * FROM t_user WHERE 1 AND openid='oeDcV0TIhZCvU1UFnqrdS_fKJxW0' LIMIT 1
2018-01-16 13:40:01:SELECT * FROM t_user WHERE 1 AND openid='oeDcV0TIhZCvU1UFnqrdS_fKJxW0' LIMIT 1
2018-01-16 13:40:02:SELECT * FROM t_user WHERE 1 AND openid='oeDcV0W0lW2u-WnondVku8uZZo4k' LIMIT 1
2018-01-16 13:40:02:SELECT * FROM t_user WHERE 1 AND openid='oeDcV0TIhZCvU1UFnqrdS_fKJxW0' LIMIT 1
2018-01-16 13:59:40:SELECT * FROM t_user WHERE 1 AND openid = 'oeDcV0TIhZCvU1UFnqrdS_fKJxW0' LIMIT 1
2018-01-16 14:01:54:SELECT * FROM t_user WHERE 1 AND openid = 'oeDcV0TIhZCvU1UFnqrdS_fKJxW0' LIMIT 1
2018-01-16 14:15:20:SELECT * FROM t_user WHERE 1 AND openid = 'oeDcV0TIhZCvU1UFnqrdS_fKJxW0' LIMIT 1
2018-01-16 14:15:32:SELECT * FROM t_user WHERE 1 AND openid = 'oeDcV0TIhZCvU1UFnqrdS_fKJxW0' LIMIT 1
2018-01-16 14:33:52:SELECT gender FROM t_user WHERE 1 AND openid='oeDcV0W0lW2u-WnondVku8uZZo4k' LIMIT 1
2018-01-16 14:33:52:SELECT * FROM t_act_group WHERE 1 AND act_id=2
2018-01-16 14:33:52:SELECT * FROM t_act WHERE 1 AND id=2 LIMIT 1
2018-01-16 14:33:52:SELECT * FROM t_act_pic WHERE 1 AND act_id=2
2018-01-16 14:33:52:SELECT * FROM t_user WHERE 1 AND openid='oeDcV0W0lW2u-WnondVku8uZZo4k' LIMIT 1
2018-01-16 14:33:52:SELECT count(*) num FROM t_act_user WHERE 1 AND act_id=2 AND openid='oeDcV0W0lW2u-WnondVku8uZZo4k' AND group_id=11 LIMIT 1
2018-01-16 14:33:52:SELECT * FROM t_act_user WHERE 1 AND act_id=2 AND openid='oeDcV0W0lW2u-WnondVku8uZZo4k' AND group_id=11 LIMIT 1
2018-01-16 14:33:52:SELECT * FROM t_act_user WHERE 1 AND act_id=2 AND group_id=11 order by use_time ASC, create_time ASC
2018-01-16 14:33:52:SELECT * FROM t_user WHERE 1 AND openid='oeDcV0W0lW2u-WnondVku8uZZo4k' LIMIT 1
2018-01-16 16:00:05:SELECT * FROM t_user WHERE 1 AND openid = 'oeDcV0W0lW2u-WnondVku8uZZo4k' LIMIT 1
2018-01-16 16:19:53:SELECT * FROM t_user WHERE 1 AND openid = 'oeDcV0W0lW2u-WnondVku8uZZo4k' LIMIT 1
2018-01-16 17:00:29:SELECT * FROM t_user WHERE 1 AND openid = 'oeDcV0W0lW2u-WnondVku8uZZo4k' LIMIT 1
2018-01-16 17:22:56:SELECT gender FROM t_user WHERE 1 AND openid='oeDcV0W0lW2u-WnondVku8uZZo4k' LIMIT 1
2018-01-16 17:22:56:SELECT * FROM t_act_group WHERE 1 AND act_id=2
2018-01-16 17:22:56:SELECT * FROM t_act WHERE 1 AND id=2 LIMIT 1
2018-01-16 17:22:56:SELECT * FROM t_act_pic WHERE 1 AND act_id=2
2018-01-16 17:22:56:SELECT * FROM t_user WHERE 1 AND openid='oeDcV0W0lW2u-WnondVku8uZZo4k' LIMIT 1
2018-01-16 17:22:56:SELECT count(*) num FROM t_act_user WHERE 1 AND act_id=2 AND openid='oeDcV0W0lW2u-WnondVku8uZZo4k' AND group_id=11 LIMIT 1
2018-01-16 17:22:57:SELECT * FROM t_act_user WHERE 1 AND act_id=2 AND openid='oeDcV0W0lW2u-WnondVku8uZZo4k' AND group_id=11 LIMIT 1
2018-01-16 17:22:57:SELECT * FROM t_act_user WHERE 1 AND act_id=2 AND group_id=11 order by use_time ASC, create_time ASC
2018-01-16 17:22:57:SELECT * FROM t_user WHERE 1 AND openid='oeDcV0W0lW2u-WnondVku8uZZo4k' LIMIT 1
2018-01-16 18:48:34:SELECT * FROM t_user WHERE 1 AND openid = 'oeDcV0W0lW2u-WnondVku8uZZo4k' LIMIT 1
2018-01-16 19:13:11:SELECT * FROM t_user WHERE 1 AND openid = 'oeDcV0W0lW2u-WnondVku8uZZo4k' LIMIT 1
2018-01-16 19:13:17:SELECT gender FROM t_user WHERE 1 AND openid='oeDcV0W0lW2u-WnondVku8uZZo4k' LIMIT 1
2018-01-16 19:13:17:SELECT * FROM t_act WHERE 1  AND is_list=1 AND (end_time=0 OR end_time>1516101197) AND limit_sex IN(0,2) order by add_time DESC LIMIT 0,10
2018-01-16 19:13:17:SELECT COUNT(*) total FROM t_act WHERE 1  AND is_list=1 AND (end_time=0 OR end_time>1516101197) AND limit_sex IN(0,2) LIMIT 1
2018-01-16 19:13:17:SELECT * FROM t_user WHERE 1 AND openid='oeDcV0TIhZCvU1UFnqrdS_fKJxW0' LIMIT 1
2018-01-16 19:13:17:SELECT * FROM t_user WHERE 1 AND openid='oeDcV0W0lW2u-WnondVku8uZZo4k' LIMIT 1
2018-01-16 19:13:17:SELECT * FROM t_user WHERE 1 AND openid='oeDcV0Zc4eR8nIigyAVbHx0c5oAc' LIMIT 1
2018-01-16 19:13:17:SELECT * FROM t_user WHERE 1 AND openid='oeDcV0Zc4eR8nIigyAVbHx0c5oAc' LIMIT 1
2018-01-16 19:13:17:SELECT * FROM t_user WHERE 1 AND openid='oeDcV0W0lW2u-WnondVku8uZZo4k' LIMIT 1
2018-01-16 19:13:17:SELECT * FROM t_user WHERE 1 AND openid='oeDcV0TIhZCvU1UFnqrdS_fKJxW0' LIMIT 1
2018-01-16 19:13:18:SELECT * FROM t_user WHERE 1 AND openid='oeDcV0TIhZCvU1UFnqrdS_fKJxW0' LIMIT 1
2018-01-16 19:13:18:SELECT * FROM t_user WHERE 1 AND openid='oeDcV0TIhZCvU1UFnqrdS_fKJxW0' LIMIT 1
2018-01-16 19:13:18:SELECT * FROM t_user WHERE 1 AND openid='oeDcV0W0lW2u-WnondVku8uZZo4k' LIMIT 1
2018-01-16 19:13:18:SELECT * FROM t_user WHERE 1 AND openid='oeDcV0TIhZCvU1UFnqrdS_fKJxW0' LIMIT 1
2018-01-16 19:15:11:SELECT gender FROM t_user WHERE 1 AND openid='oeDcV0W0lW2u-WnondVku8uZZo4k' LIMIT 1
2018-01-16 19:15:11:SELECT * FROM t_act WHERE 1  AND is_list=1 AND (end_time=0 OR end_time>1516101311) AND limit_sex IN(0,2) order by add_time DESC LIMIT 0,10
2018-01-16 19:15:11:SELECT COUNT(*) total FROM t_act WHERE 1  AND is_list=1 AND (end_time=0 OR end_time>1516101311) AND limit_sex IN(0,2) LIMIT 1
2018-01-16 19:15:11:SELECT * FROM t_user WHERE 1 AND openid='oeDcV0TIhZCvU1UFnqrdS_fKJxW0' LIMIT 1
2018-01-16 19:15:12:SELECT * FROM t_user WHERE 1 AND openid='oeDcV0W0lW2u-WnondVku8uZZo4k' LIMIT 1
2018-01-16 19:15:12:SELECT * FROM t_user WHERE 1 AND openid='oeDcV0Zc4eR8nIigyAVbHx0c5oAc' LIMIT 1
2018-01-16 19:15:12:SELECT * FROM t_user WHERE 1 AND openid='oeDcV0Zc4eR8nIigyAVbHx0c5oAc' LIMIT 1
2018-01-16 19:15:12:SELECT * FROM t_user WHERE 1 AND openid='oeDcV0W0lW2u-WnondVku8uZZo4k' LIMIT 1
2018-01-16 19:15:12:SELECT * FROM t_user WHERE 1 AND openid='oeDcV0TIhZCvU1UFnqrdS_fKJxW0' LIMIT 1
2018-01-16 19:15:12:SELECT * FROM t_user WHERE 1 AND openid='oeDcV0TIhZCvU1UFnqrdS_fKJxW0' LIMIT 1
2018-01-16 19:15:12:SELECT * FROM t_user WHERE 1 AND openid='oeDcV0TIhZCvU1UFnqrdS_fKJxW0' LIMIT 1
2018-01-16 19:15:12:SELECT * FROM t_user WHERE 1 AND openid='oeDcV0W0lW2u-WnondVku8uZZo4k' LIMIT 1
2018-01-16 19:15:12:SELECT * FROM t_user WHERE 1 AND openid='oeDcV0TIhZCvU1UFnqrdS_fKJxW0' LIMIT 1
2018-01-16 19:15:22:SELECT gender FROM t_user WHERE 1 AND openid='oeDcV0W0lW2u-WnondVku8uZZo4k' LIMIT 1
2018-01-16 19:15:22:SELECT * FROM t_act WHERE 1  AND is_list=1 AND (end_time=0 OR end_time>1516101322) AND limit_sex IN(0,2) order by add_time DESC LIMIT 0,10
2018-01-16 19:15:22:SELECT COUNT(*) total FROM t_act WHERE 1  AND is_list=1 AND (end_time=0 OR end_time>1516101322) AND limit_sex IN(0,2) LIMIT 1
2018-01-16 19:15:22:SELECT * FROM t_user WHERE 1 AND openid='oeDcV0TIhZCvU1UFnqrdS_fKJxW0' LIMIT 1
2018-01-16 19:15:22:SELECT * FROM t_user WHERE 1 AND openid='oeDcV0W0lW2u-WnondVku8uZZo4k' LIMIT 1
2018-01-16 19:15:22:SELECT * FROM t_user WHERE 1 AND openid='oeDcV0Zc4eR8nIigyAVbHx0c5oAc' LIMIT 1
2018-01-16 19:15:22:SELECT * FROM t_user WHERE 1 AND openid='oeDcV0Zc4eR8nIigyAVbHx0c5oAc' LIMIT 1
2018-01-16 19:15:22:SELECT * FROM t_user WHERE 1 AND openid='oeDcV0W0lW2u-WnondVku8uZZo4k' LIMIT 1
2018-01-16 19:15:22:SELECT * FROM t_user WHERE 1 AND openid='oeDcV0TIhZCvU1UFnqrdS_fKJxW0' LIMIT 1
2018-01-16 19:15:22:SELECT * FROM t_user WHERE 1 AND openid='oeDcV0TIhZCvU1UFnqrdS_fKJxW0' LIMIT 1
2018-01-16 19:15:22:SELECT * FROM t_user WHERE 1 AND openid='oeDcV0TIhZCvU1UFnqrdS_fKJxW0' LIMIT 1
2018-01-16 19:15:23:SELECT * FROM t_user WHERE 1 AND openid='oeDcV0W0lW2u-WnondVku8uZZo4k' LIMIT 1
2018-01-16 19:15:23:SELECT * FROM t_user WHERE 1 AND openid='oeDcV0TIhZCvU1UFnqrdS_fKJxW0' LIMIT 1
2018-01-16 19:15:33:SELECT gender FROM t_user WHERE 1 AND openid='oeDcV0W0lW2u-WnondVku8uZZo4k' LIMIT 1
2018-01-16 19:15:33:SELECT * FROM t_act WHERE 1  AND is_list=1 AND (end_time=0 OR end_time>1516101333) AND limit_sex IN(0,2) order by add_time DESC LIMIT 0,10
2018-01-16 19:15:33:SELECT COUNT(*) total FROM t_act WHERE 1  AND is_list=1 AND (end_time=0 OR end_time>1516101333) AND limit_sex IN(0,2) LIMIT 1
2018-01-16 19:15:34:SELECT * FROM t_user WHERE 1 AND openid='oeDcV0TIhZCvU1UFnqrdS_fKJxW0' LIMIT 1
2018-01-16 19:15:34:SELECT * FROM t_user WHERE 1 AND openid='oeDcV0W0lW2u-WnondVku8uZZo4k' LIMIT 1
2018-01-16 19:15:34:SELECT * FROM t_user WHERE 1 AND openid='oeDcV0Zc4eR8nIigyAVbHx0c5oAc' LIMIT 1
2018-01-16 19:15:34:SELECT * FROM t_user WHERE 1 AND openid='oeDcV0Zc4eR8nIigyAVbHx0c5oAc' LIMIT 1
2018-01-16 19:15:34:SELECT * FROM t_user WHERE 1 AND openid='oeDcV0W0lW2u-WnondVku8uZZo4k' LIMIT 1
2018-01-16 19:15:34:SELECT * FROM t_user WHERE 1 AND openid='oeDcV0TIhZCvU1UFnqrdS_fKJxW0' LIMIT 1
2018-01-16 19:15:34:SELECT * FROM t_user WHERE 1 AND openid='oeDcV0TIhZCvU1UFnqrdS_fKJxW0' LIMIT 1
2018-01-16 19:15:34:SELECT * FROM t_user WHERE 1 AND openid='oeDcV0TIhZCvU1UFnqrdS_fKJxW0' LIMIT 1
2018-01-16 19:15:34:SELECT * FROM t_user WHERE 1 AND openid='oeDcV0W0lW2u-WnondVku8uZZo4k' LIMIT 1
2018-01-16 19:15:34:SELECT * FROM t_user WHERE 1 AND openid='oeDcV0TIhZCvU1UFnqrdS_fKJxW0' LIMIT 1
2018-01-16 19:15:40:SELECT * FROM t_user_money WHERE 1 AND openid="oeDcV0W0lW2u-WnondVku8uZZo4k" LIMIT 1
2018-01-16 19:15:40:SELECT act_id,use_time,create_time,get_award,get_ranking FROM t_act_user WHERE 1  AND openid ='oeDcV0W0lW2u-WnondVku8uZZo4k' order by create_time DESC LIMIT 0,2
2018-01-16 19:15:40:SELECT COUNT(*) total, SUM(get_award) total_money FROM t_act_user WHERE 1  AND openid ='oeDcV0W0lW2u-WnondVku8uZZo4k' LIMIT 1
2018-01-16 19:15:40:SELECT pic FROM t_act WHERE 1 AND id=39 LIMIT 1
2018-01-16 19:15:40:SELECT pic FROM t_act WHERE 1 AND id=37 LIMIT 1
2018-01-16 19:17:31:SELECT act_id,use_time,create_time,get_award,get_ranking FROM t_act_user WHERE 1  AND openid ='oeDcV0W0lW2u-WnondVku8uZZo4k' order by create_time DESC LIMIT 0,2
2018-01-16 19:17:31:SELECT COUNT(*) total, SUM(get_award) total_money FROM t_act_user WHERE 1  AND openid ='oeDcV0W0lW2u-WnondVku8uZZo4k' LIMIT 1
2018-01-16 19:17:31:SELECT pic FROM t_act WHERE 1 AND id=39 LIMIT 1
2018-01-16 19:17:31:SELECT pic FROM t_act WHERE 1 AND id=37 LIMIT 1
2018-01-16 19:17:31:SELECT * FROM t_user_money WHERE 1 AND openid="oeDcV0W0lW2u-WnondVku8uZZo4k" LIMIT 1
2018-01-16 19:22:16:SELECT gender FROM t_user WHERE 1 AND openid='oeDcV0W0lW2u-WnondVku8uZZo4k' LIMIT 1
2018-01-16 19:22:16:SELECT * FROM t_act_group WHERE 1 AND act_id=2
2018-01-16 19:22:16:SELECT * FROM t_act WHERE 1 AND id=2 LIMIT 1
2018-01-16 19:22:16:SELECT * FROM t_act_pic WHERE 1 AND act_id=2
2018-01-16 19:22:16:SELECT * FROM t_user WHERE 1 AND openid='oeDcV0W0lW2u-WnondVku8uZZo4k' LIMIT 1
2018-01-16 19:22:16:SELECT count(*) num FROM t_act_user WHERE 1 AND act_id=2 AND openid='oeDcV0W0lW2u-WnondVku8uZZo4k' AND group_id=11 LIMIT 1
2018-01-16 19:22:16:SELECT * FROM t_act_user WHERE 1 AND act_id=2 AND openid='oeDcV0W0lW2u-WnondVku8uZZo4k' AND group_id=11 LIMIT 1
2018-01-16 19:22:16:SELECT * FROM t_act_user WHERE 1 AND act_id=2 AND group_id=11 order by use_time ASC, create_time ASC
2018-01-16 19:22:16:SELECT * FROM t_user WHERE 1 AND openid='oeDcV0W0lW2u-WnondVku8uZZo4k' LIMIT 1
2018-01-16 19:23:30:SELECT * FROM t_user WHERE 1 AND openid = 'oeDcV0W0lW2u-WnondVku8uZZo4k' LIMIT 1
2018-01-16 20:33:29:SELECT gender FROM t_user WHERE 1 AND openid='oeDcV0dJ3g1CclnmvlPfHTBkWZtU' LIMIT 1
2018-01-16 20:33:29:SELECT * FROM t_act_group WHERE 1 AND act_id=2
2018-01-16 20:33:29:SELECT * FROM t_act WHERE 1 AND id=2 LIMIT 1
2018-01-16 20:33:29:SELECT * FROM t_act_pic WHERE 1 AND act_id=2
2018-01-16 20:33:29:SELECT * FROM t_user WHERE 1 AND openid='oeDcV0dJ3g1CclnmvlPfHTBkWZtU' LIMIT 1
2018-01-16 20:33:29:SELECT count(*) num FROM t_act_user WHERE 1 AND act_id=2 AND openid='oeDcV0dJ3g1CclnmvlPfHTBkWZtU' AND group_id=11 LIMIT 1
2018-01-16 20:33:29:SELECT * FROM t_act_user WHERE 1 AND act_id=2 AND group_id=11 order by use_time ASC, create_time ASC
2018-01-16 20:33:29:SELECT * FROM t_user WHERE 1 AND openid='oeDcV0W0lW2u-WnondVku8uZZo4k' LIMIT 1
2018-01-16 20:33:32:SELECT gender FROM t_user WHERE 1 AND openid='oeDcV0W0lW2u-WnondVku8uZZo4k' LIMIT 1
2018-01-16 20:33:32:SELECT * FROM t_act_group WHERE 1 AND act_id=2
2018-01-16 20:33:32:SELECT * FROM t_act WHERE 1 AND id=2 LIMIT 1
2018-01-16 20:33:32:SELECT * FROM t_act_pic WHERE 1 AND act_id=2
2018-01-16 20:33:32:SELECT * FROM t_user WHERE 1 AND openid='oeDcV0W0lW2u-WnondVku8uZZo4k' LIMIT 1
2018-01-16 20:33:32:SELECT count(*) num FROM t_act_user WHERE 1 AND act_id=2 AND openid='oeDcV0W0lW2u-WnondVku8uZZo4k' AND group_id=11 LIMIT 1
2018-01-16 20:33:32:SELECT * FROM t_act_user WHERE 1 AND act_id=2 AND openid='oeDcV0W0lW2u-WnondVku8uZZo4k' AND group_id=11 LIMIT 1
2018-01-16 20:33:32:SELECT * FROM t_act_user WHERE 1 AND act_id=2 AND group_id=11 order by use_time ASC, create_time ASC
2018-01-16 20:33:32:SELECT * FROM t_user WHERE 1 AND openid='oeDcV0W0lW2u-WnondVku8uZZo4k' LIMIT 1
2018-01-16 20:38:43:SELECT * FROM t_user WHERE 1 AND openid = 'oeDcV0W0lW2u-WnondVku8uZZo4k' LIMIT 1
