2018-01-13 00:00:00:SELECT * FROM t_user WHERE 1 AND openid = 'oeDcV0Zc4eR8nIigyAVbHx0c5oAc' LIMIT 1
2018-01-13 00:00:02:SELECT * FROM t_user_money WHERE 1 AND openid="oeDcV0Zc4eR8nIigyAVbHx0c5oAc" LIMIT 1
2018-01-13 00:00:03:SELECT * FROM t_user WHERE 1 AND openid = 'oeDcV0Zc4eR8nIigyAVbHx0c5oAc' LIMIT 1
2018-01-13 00:00:46:SELECT * FROM t_user_money WHERE 1 AND openid="oeDcV0Zc4eR8nIigyAVbHx0c5oAc" LIMIT 1
2018-01-13 00:00:48:SELECT * FROM t_user WHERE 1 AND openid = 'oeDcV0Zc4eR8nIigyAVbHx0c5oAc' LIMIT 1
2018-01-13 00:00:51:SELECT gender FROM t_user WHERE 1 AND openid='oeDcV0Zc4eR8nIigyAVbHx0c5oAc' LIMIT 1
2018-01-13 00:00:51:SELECT * FROM t_act WHERE 1  AND is_list=1 AND (end_time=0 OR end_time>1515772851) AND limit_sex IN(0,1) order by add_time DESC LIMIT 0,10
2018-01-13 00:00:51:SELECT COUNT(*) total FROM t_act WHERE 1  AND is_list=1 AND (end_time=0 OR end_time>1515772851) AND limit_sex IN(0,1) LIMIT 1
2018-01-13 00:00:51:SELECT * FROM t_user WHERE 1 AND openid='oeDcV0Zc4eR8nIigyAVbHx0c5oAc' LIMIT 1
2018-01-13 00:00:51:SELECT * FROM t_user WHERE 1 AND openid='oeDcV0W0lW2u-WnondVku8uZZo4k' LIMIT 1
2018-01-13 00:00:51:SELECT * FROM t_user WHERE 1 AND openid='oeDcV0TIhZCvU1UFnqrdS_fKJxW0' LIMIT 1
2018-01-13 00:00:51:SELECT * FROM t_user WHERE 1 AND openid='oeDcV0TIhZCvU1UFnqrdS_fKJxW0' LIMIT 1
2018-01-13 00:00:51:SELECT * FROM t_user WHERE 1 AND openid='oeDcV0TIhZCvU1UFnqrdS_fKJxW0' LIMIT 1
2018-01-13 00:00:51:SELECT * FROM t_user WHERE 1 AND openid='oeDcV0W0lW2u-WnondVku8uZZo4k' LIMIT 1
2018-01-13 00:00:51:SELECT * FROM t_user WHERE 1 AND openid='oeDcV0TIhZCvU1UFnqrdS_fKJxW0' LIMIT 1
2018-01-13 00:00:51:SELECT * FROM t_user WHERE 1 AND openid='oeDcV0W0lW2u-WnondVku8uZZo4k' LIMIT 1
2018-01-13 00:01:42:SELECT * FROM t_user_money WHERE 1 AND openid="oeDcV0Zc4eR8nIigyAVbHx0c5oAc" LIMIT 1
2018-01-13 00:02:02:SELECT * FROM t_user_money WHERE 1 AND openid="oeDcV0Zc4eR8nIigyAVbHx0c5oAc" LIMIT 1
2018-01-13 00:02:09:SELECT gender FROM t_user WHERE 1 AND openid='oeDcV0Zc4eR8nIigyAVbHx0c5oAc' LIMIT 1
2018-01-13 00:02:09:SELECT * FROM t_act WHERE 1  AND is_list=1 AND (end_time=0 OR end_time>1515772929) AND limit_sex IN(0,1) order by add_time DESC LIMIT 0,10
2018-01-13 00:02:09:SELECT COUNT(*) total FROM t_act WHERE 1  AND is_list=1 AND (end_time=0 OR end_time>1515772929) AND limit_sex IN(0,1) LIMIT 1
2018-01-13 00:02:09:SELECT * FROM t_user WHERE 1 AND openid='oeDcV0Zc4eR8nIigyAVbHx0c5oAc' LIMIT 1
2018-01-13 00:02:09:SELECT * FROM t_user WHERE 1 AND openid='oeDcV0W0lW2u-WnondVku8uZZo4k' LIMIT 1
2018-01-13 00:02:09:SELECT * FROM t_user WHERE 1 AND openid='oeDcV0TIhZCvU1UFnqrdS_fKJxW0' LIMIT 1
2018-01-13 00:02:09:SELECT * FROM t_user WHERE 1 AND openid='oeDcV0TIhZCvU1UFnqrdS_fKJxW0' LIMIT 1
2018-01-13 00:02:09:SELECT * FROM t_user WHERE 1 AND openid='oeDcV0TIhZCvU1UFnqrdS_fKJxW0' LIMIT 1
2018-01-13 00:02:09:SELECT * FROM t_user WHERE 1 AND openid='oeDcV0W0lW2u-WnondVku8uZZo4k' LIMIT 1
2018-01-13 00:02:09:SELECT * FROM t_user WHERE 1 AND openid='oeDcV0TIhZCvU1UFnqrdS_fKJxW0' LIMIT 1
2018-01-13 00:02:09:SELECT * FROM t_user WHERE 1 AND openid='oeDcV0W0lW2u-WnondVku8uZZo4k' LIMIT 1
2018-01-13 00:02:10:SELECT * FROM t_user WHERE 1 AND openid = 'oeDcV0Zc4eR8nIigyAVbHx0c5oAc' LIMIT 1
2018-01-13 00:02:29:SELECT gender FROM t_user WHERE 1 AND openid='oeDcV0Zc4eR8nIigyAVbHx0c5oAc' LIMIT 1
2018-01-13 00:02:29:SELECT * FROM t_act WHERE 1  AND is_list=1 AND (end_time=0 OR end_time>1515772949) AND limit_sex IN(0,1) order by add_time DESC LIMIT 0,10
2018-01-13 00:02:30:SELECT COUNT(*) total FROM t_act WHERE 1  AND is_list=1 AND (end_time=0 OR end_time>1515772949) AND limit_sex IN(0,1) LIMIT 1
2018-01-13 00:02:30:SELECT * FROM t_user WHERE 1 AND openid='oeDcV0Zc4eR8nIigyAVbHx0c5oAc' LIMIT 1
2018-01-13 00:02:30:SELECT * FROM t_user WHERE 1 AND openid='oeDcV0W0lW2u-WnondVku8uZZo4k' LIMIT 1
2018-01-13 00:02:30:SELECT * FROM t_user WHERE 1 AND openid='oeDcV0TIhZCvU1UFnqrdS_fKJxW0' LIMIT 1
2018-01-13 00:02:30:SELECT * FROM t_user WHERE 1 AND openid='oeDcV0TIhZCvU1UFnqrdS_fKJxW0' LIMIT 1
2018-01-13 00:02:30:SELECT * FROM t_user WHERE 1 AND openid='oeDcV0TIhZCvU1UFnqrdS_fKJxW0' LIMIT 1
2018-01-13 00:02:30:SELECT * FROM t_user WHERE 1 AND openid='oeDcV0W0lW2u-WnondVku8uZZo4k' LIMIT 1
2018-01-13 00:02:30:SELECT * FROM t_user WHERE 1 AND openid='oeDcV0TIhZCvU1UFnqrdS_fKJxW0' LIMIT 1
2018-01-13 00:02:30:SELECT * FROM t_user WHERE 1 AND openid='oeDcV0W0lW2u-WnondVku8uZZo4k' LIMIT 1
2018-01-13 00:02:53:SELECT * FROM t_user WHERE 1 AND openid = 'oeDcV0Zc4eR8nIigyAVbHx0c5oAc' LIMIT 1
2018-01-13 00:03:22:SELECT * FROM t_user WHERE 1 AND openid = 'oeDcV0Zc4eR8nIigyAVbHx0c5oAc' LIMIT 1
2018-01-13 00:03:24:SELECT gender FROM t_user WHERE 1 AND openid='oeDcV0Zc4eR8nIigyAVbHx0c5oAc' LIMIT 1
2018-01-13 00:03:24:SELECT * FROM t_act WHERE 1  AND is_list=1 AND (end_time=0 OR end_time>1515773004) AND limit_sex IN(0,1) order by add_time DESC LIMIT 0,10
2018-01-13 00:03:24:SELECT COUNT(*) total FROM t_act WHERE 1  AND is_list=1 AND (end_time=0 OR end_time>1515773004) AND limit_sex IN(0,1) LIMIT 1
2018-01-13 00:03:24:SELECT * FROM t_user WHERE 1 AND openid='oeDcV0Zc4eR8nIigyAVbHx0c5oAc' LIMIT 1
2018-01-13 00:03:24:SELECT * FROM t_user WHERE 1 AND openid='oeDcV0W0lW2u-WnondVku8uZZo4k' LIMIT 1
2018-01-13 00:03:25:SELECT * FROM t_user WHERE 1 AND openid='oeDcV0TIhZCvU1UFnqrdS_fKJxW0' LIMIT 1
2018-01-13 00:03:25:SELECT * FROM t_user WHERE 1 AND openid='oeDcV0TIhZCvU1UFnqrdS_fKJxW0' LIMIT 1
2018-01-13 00:03:25:SELECT * FROM t_user WHERE 1 AND openid='oeDcV0TIhZCvU1UFnqrdS_fKJxW0' LIMIT 1
2018-01-13 00:03:25:SELECT * FROM t_user WHERE 1 AND openid='oeDcV0W0lW2u-WnondVku8uZZo4k' LIMIT 1
2018-01-13 00:03:25:SELECT * FROM t_user WHERE 1 AND openid='oeDcV0TIhZCvU1UFnqrdS_fKJxW0' LIMIT 1
2018-01-13 00:03:25:SELECT * FROM t_user WHERE 1 AND openid='oeDcV0W0lW2u-WnondVku8uZZo4k' LIMIT 1
2018-01-13 00:03:26:SELECT * FROM t_user_money WHERE 1 AND openid="oeDcV0Zc4eR8nIigyAVbHx0c5oAc" LIMIT 1
2018-01-13 00:03:30:SELECT * FROM t_user_money WHERE 1 AND openid="oeDcV0Zc4eR8nIigyAVbHx0c5oAc" LIMIT 1
2018-01-13 00:03:31:SELECT * FROM t_user WHERE 1 AND openid = 'oeDcV0Zc4eR8nIigyAVbHx0c5oAc' LIMIT 1
2018-01-13 00:04:08:SELECT * FROM t_user WHERE 1 AND openid = 'oeDcV0Zc4eR8nIigyAVbHx0c5oAc' LIMIT 1
2018-01-13 00:09:36:SELECT * FROM t_user WHERE 1 AND openid = 'oeDcV0Zc4eR8nIigyAVbHx0c5oAc' LIMIT 1
2018-01-13 00:09:37:SELECT * FROM t_user_money WHERE 1 AND openid="oeDcV0Zc4eR8nIigyAVbHx0c5oAc" LIMIT 1
2018-01-13 00:09:39:SELECT id,pic,add_time,pay_total,pay_fee,num_group FROM t_act WHERE 1  AND openid ='oeDcV0Zc4eR8nIigyAVbHx0c5oAc' order by add_time DESC LIMIT 0,20
2018-01-13 00:09:39:SELECT COUNT(*) total, SUM((pay_total-pay_fee)) money_total FROM t_act WHERE 1  AND openid ='oeDcV0Zc4eR8nIigyAVbHx0c5oAc' LIMIT 1
2018-01-13 00:09:39:SELECT person_need,person_has FROM t_act_group WHERE 1 AND act_id=45
2018-01-13 00:09:43:SELECT * FROM t_user_money WHERE 1 AND openid="oeDcV0Zc4eR8nIigyAVbHx0c5oAc" LIMIT 1
2018-01-13 00:09:44:SELECT id,pic,add_time,pay_total,pay_fee,num_group FROM t_act WHERE 1  AND openid ='oeDcV0Zc4eR8nIigyAVbHx0c5oAc' order by add_time DESC LIMIT 0,20
2018-01-13 00:09:44:SELECT COUNT(*) total, SUM((pay_total-pay_fee)) money_total FROM t_act WHERE 1  AND openid ='oeDcV0Zc4eR8nIigyAVbHx0c5oAc' LIMIT 1
2018-01-13 00:09:45:SELECT person_need,person_has FROM t_act_group WHERE 1 AND act_id=45
2018-01-13 00:09:46:SELECT * FROM t_user_money WHERE 1 AND openid="oeDcV0Zc4eR8nIigyAVbHx0c5oAc" LIMIT 1
2018-01-13 00:09:47:SELECT id,pic,add_time,pay_total,pay_fee,num_group FROM t_act WHERE 1  AND openid ='oeDcV0Zc4eR8nIigyAVbHx0c5oAc' order by add_time DESC LIMIT 0,20
2018-01-13 00:09:47:SELECT COUNT(*) total, SUM((pay_total-pay_fee)) money_total FROM t_act WHERE 1  AND openid ='oeDcV0Zc4eR8nIigyAVbHx0c5oAc' LIMIT 1
2018-01-13 00:09:47:SELECT person_need,person_has FROM t_act_group WHERE 1 AND act_id=45
2018-01-13 00:09:50:SELECT * FROM t_user_money WHERE 1 AND openid="oeDcV0Zc4eR8nIigyAVbHx0c5oAc" LIMIT 1
2018-01-13 00:09:51:SELECT act_id,use_time,create_time,get_award,get_ranking FROM t_act_user WHERE 1  AND openid ='oeDcV0Zc4eR8nIigyAVbHx0c5oAc' order by create_time DESC LIMIT 0,20
2018-01-13 00:09:51:SELECT COUNT(*) total, SUM(get_award) total_money FROM t_act_user WHERE 1  AND openid ='oeDcV0Zc4eR8nIigyAVbHx0c5oAc' LIMIT 1
2018-01-13 00:09:53:SELECT * FROM t_user_money WHERE 1 AND openid="oeDcV0Zc4eR8nIigyAVbHx0c5oAc" LIMIT 1
2018-01-13 00:09:56:SELECT * FROM t_user_money WHERE 1 AND openid="oeDcV0Zc4eR8nIigyAVbHx0c5oAc" LIMIT 1
2018-01-13 00:11:11:SELECT * FROM t_user_money WHERE 1 AND openid="oeDcV0Zc4eR8nIigyAVbHx0c5oAc" LIMIT 1
2018-01-13 10:16:35:SELECT * FROM t_user WHERE 1 AND openid = 'oeDcV0TIhZCvU1UFnqrdS_fKJxW0' LIMIT 1
2018-01-13 10:16:38:SELECT gender FROM t_user WHERE 1 AND openid='oeDcV0TIhZCvU1UFnqrdS_fKJxW0' LIMIT 1
2018-01-13 10:16:38:SELECT * FROM t_act WHERE 1  AND is_list=1 AND (end_time=0 OR end_time>1515809798) AND limit_sex IN(0,1) order by add_time DESC LIMIT 0,10
2018-01-13 10:16:39:SELECT COUNT(*) total FROM t_act WHERE 1  AND is_list=1 AND (end_time=0 OR end_time>1515809798) AND limit_sex IN(0,1) LIMIT 1
2018-01-13 10:16:39:SELECT * FROM t_user WHERE 1 AND openid='oeDcV0Zc4eR8nIigyAVbHx0c5oAc' LIMIT 1
2018-01-13 10:16:39:SELECT * FROM t_user WHERE 1 AND openid='oeDcV0W0lW2u-WnondVku8uZZo4k' LIMIT 1
2018-01-13 10:16:39:SELECT * FROM t_user WHERE 1 AND openid='oeDcV0TIhZCvU1UFnqrdS_fKJxW0' LIMIT 1
2018-01-13 10:16:39:SELECT * FROM t_user WHERE 1 AND openid='oeDcV0TIhZCvU1UFnqrdS_fKJxW0' LIMIT 1
2018-01-13 10:16:39:SELECT * FROM t_user WHERE 1 AND openid='oeDcV0TIhZCvU1UFnqrdS_fKJxW0' LIMIT 1
2018-01-13 10:16:39:SELECT * FROM t_user WHERE 1 AND openid='oeDcV0W0lW2u-WnondVku8uZZo4k' LIMIT 1
2018-01-13 10:16:39:SELECT * FROM t_user WHERE 1 AND openid='oeDcV0TIhZCvU1UFnqrdS_fKJxW0' LIMIT 1
2018-01-13 10:16:39:SELECT * FROM t_user WHERE 1 AND openid='oeDcV0W0lW2u-WnondVku8uZZo4k' LIMIT 1
2018-01-13 10:17:00:SELECT * FROM t_user_money WHERE 1 AND openid="oeDcV0TIhZCvU1UFnqrdS_fKJxW0" LIMIT 1
2018-01-13 10:17:02:SELECT gender FROM t_user WHERE 1 AND openid='oeDcV0TIhZCvU1UFnqrdS_fKJxW0' LIMIT 1
2018-01-13 10:17:02:SELECT * FROM t_act WHERE 1  AND is_list=1 AND (end_time=0 OR end_time>1515809822) AND limit_sex IN(0,1) order by add_time DESC LIMIT 0,10
2018-01-13 10:17:02:SELECT COUNT(*) total FROM t_act WHERE 1  AND is_list=1 AND (end_time=0 OR end_time>1515809822) AND limit_sex IN(0,1) LIMIT 1
2018-01-13 10:17:02:SELECT * FROM t_user WHERE 1 AND openid='oeDcV0Zc4eR8nIigyAVbHx0c5oAc' LIMIT 1
2018-01-13 10:17:02:SELECT * FROM t_user WHERE 1 AND openid='oeDcV0W0lW2u-WnondVku8uZZo4k' LIMIT 1
2018-01-13 10:17:02:SELECT * FROM t_user WHERE 1 AND openid='oeDcV0TIhZCvU1UFnqrdS_fKJxW0' LIMIT 1
2018-01-13 10:17:02:SELECT * FROM t_user WHERE 1 AND openid='oeDcV0TIhZCvU1UFnqrdS_fKJxW0' LIMIT 1
2018-01-13 10:17:03:SELECT * FROM t_user WHERE 1 AND openid='oeDcV0TIhZCvU1UFnqrdS_fKJxW0' LIMIT 1
2018-01-13 10:17:03:SELECT * FROM t_user WHERE 1 AND openid='oeDcV0W0lW2u-WnondVku8uZZo4k' LIMIT 1
2018-01-13 10:17:03:SELECT * FROM t_user WHERE 1 AND openid='oeDcV0TIhZCvU1UFnqrdS_fKJxW0' LIMIT 1
2018-01-13 10:17:03:SELECT * FROM t_user WHERE 1 AND openid='oeDcV0W0lW2u-WnondVku8uZZo4k' LIMIT 1
2018-01-13 10:17:03:SELECT * FROM t_user WHERE 1 AND openid = 'oeDcV0TIhZCvU1UFnqrdS_fKJxW0' LIMIT 1
2018-01-13 10:17:04:SELECT gender FROM t_user WHERE 1 AND openid='oeDcV0TIhZCvU1UFnqrdS_fKJxW0' LIMIT 1
2018-01-13 10:17:04:SELECT * FROM t_act WHERE 1  AND is_list=1 AND (end_time=0 OR end_time>1515809824) AND limit_sex IN(0,1) order by add_time DESC LIMIT 0,10
2018-01-13 10:17:04:SELECT COUNT(*) total FROM t_act WHERE 1  AND is_list=1 AND (end_time=0 OR end_time>1515809824) AND limit_sex IN(0,1) LIMIT 1
2018-01-13 10:17:04:SELECT * FROM t_user WHERE 1 AND openid='oeDcV0Zc4eR8nIigyAVbHx0c5oAc' LIMIT 1
2018-01-13 10:17:04:SELECT * FROM t_user WHERE 1 AND openid='oeDcV0W0lW2u-WnondVku8uZZo4k' LIMIT 1
2018-01-13 10:17:05:SELECT * FROM t_user WHERE 1 AND openid='oeDcV0TIhZCvU1UFnqrdS_fKJxW0' LIMIT 1
2018-01-13 10:17:05:SELECT * FROM t_user WHERE 1 AND openid='oeDcV0TIhZCvU1UFnqrdS_fKJxW0' LIMIT 1
2018-01-13 10:17:05:SELECT * FROM t_user WHERE 1 AND openid='oeDcV0TIhZCvU1UFnqrdS_fKJxW0' LIMIT 1
2018-01-13 10:17:05:SELECT * FROM t_user WHERE 1 AND openid='oeDcV0W0lW2u-WnondVku8uZZo4k' LIMIT 1
2018-01-13 10:17:05:SELECT * FROM t_user WHERE 1 AND openid='oeDcV0TIhZCvU1UFnqrdS_fKJxW0' LIMIT 1
2018-01-13 10:17:05:SELECT * FROM t_user WHERE 1 AND openid='oeDcV0W0lW2u-WnondVku8uZZo4k' LIMIT 1
2018-01-13 10:17:06:SELECT * FROM t_user_money WHERE 1 AND openid="oeDcV0TIhZCvU1UFnqrdS_fKJxW0" LIMIT 1
2018-01-13 10:17:07:SELECT gender FROM t_user WHERE 1 AND openid='oeDcV0TIhZCvU1UFnqrdS_fKJxW0' LIMIT 1
2018-01-13 10:17:07:SELECT * FROM t_act WHERE 1  AND is_list=1 AND (end_time=0 OR end_time>1515809827) AND limit_sex IN(0,1) order by add_time DESC LIMIT 0,10
2018-01-13 10:17:07:SELECT COUNT(*) total FROM t_act WHERE 1  AND is_list=1 AND (end_time=0 OR end_time>1515809827) AND limit_sex IN(0,1) LIMIT 1
2018-01-13 10:17:07:SELECT * FROM t_user WHERE 1 AND openid='oeDcV0Zc4eR8nIigyAVbHx0c5oAc' LIMIT 1
2018-01-13 10:17:07:SELECT * FROM t_user WHERE 1 AND openid='oeDcV0W0lW2u-WnondVku8uZZo4k' LIMIT 1
2018-01-13 10:17:07:SELECT * FROM t_user WHERE 1 AND openid='oeDcV0TIhZCvU1UFnqrdS_fKJxW0' LIMIT 1
2018-01-13 10:17:07:SELECT * FROM t_user WHERE 1 AND openid='oeDcV0TIhZCvU1UFnqrdS_fKJxW0' LIMIT 1
2018-01-13 10:17:07:SELECT * FROM t_user WHERE 1 AND openid='oeDcV0TIhZCvU1UFnqrdS_fKJxW0' LIMIT 1
2018-01-13 10:17:07:SELECT * FROM t_user WHERE 1 AND openid='oeDcV0W0lW2u-WnondVku8uZZo4k' LIMIT 1
2018-01-13 10:17:07:SELECT * FROM t_user WHERE 1 AND openid='oeDcV0TIhZCvU1UFnqrdS_fKJxW0' LIMIT 1
2018-01-13 10:17:07:SELECT * FROM t_user WHERE 1 AND openid = 'oeDcV0TIhZCvU1UFnqrdS_fKJxW0' LIMIT 1
2018-01-13 10:17:07:SELECT * FROM t_user WHERE 1 AND openid='oeDcV0W0lW2u-WnondVku8uZZo4k' LIMIT 1
2018-01-13 10:17:08:SELECT gender FROM t_user WHERE 1 AND openid='oeDcV0TIhZCvU1UFnqrdS_fKJxW0' LIMIT 1
2018-01-13 10:17:08:SELECT * FROM t_act WHERE 1  AND is_list=1 AND (end_time=0 OR end_time>1515809828) AND limit_sex IN(0,1) order by add_time DESC LIMIT 0,10
2018-01-13 10:17:08:SELECT COUNT(*) total FROM t_act WHERE 1  AND is_list=1 AND (end_time=0 OR end_time>1515809828) AND limit_sex IN(0,1) LIMIT 1
2018-01-13 10:17:08:SELECT * FROM t_user WHERE 1 AND openid='oeDcV0Zc4eR8nIigyAVbHx0c5oAc' LIMIT 1
2018-01-13 10:17:08:SELECT * FROM t_user WHERE 1 AND openid='oeDcV0W0lW2u-WnondVku8uZZo4k' LIMIT 1
2018-01-13 10:17:08:SELECT * FROM t_user WHERE 1 AND openid='oeDcV0TIhZCvU1UFnqrdS_fKJxW0' LIMIT 1
2018-01-13 10:17:08:SELECT * FROM t_user WHERE 1 AND openid='oeDcV0TIhZCvU1UFnqrdS_fKJxW0' LIMIT 1
2018-01-13 10:17:08:SELECT * FROM t_user WHERE 1 AND openid='oeDcV0TIhZCvU1UFnqrdS_fKJxW0' LIMIT 1
2018-01-13 10:17:08:SELECT * FROM t_user WHERE 1 AND openid='oeDcV0W0lW2u-WnondVku8uZZo4k' LIMIT 1
2018-01-13 10:17:08:SELECT * FROM t_user WHERE 1 AND openid='oeDcV0TIhZCvU1UFnqrdS_fKJxW0' LIMIT 1
2018-01-13 10:17:09:SELECT * FROM t_user WHERE 1 AND openid='oeDcV0W0lW2u-WnondVku8uZZo4k' LIMIT 1
2018-01-13 10:17:13:SELECT gender FROM t_user WHERE 1 AND openid='oeDcV0TIhZCvU1UFnqrdS_fKJxW0' LIMIT 1
2018-01-13 10:17:13:SELECT * FROM t_act_group WHERE 1 AND act_id=45
2018-01-13 10:17:13:SELECT * FROM t_act WHERE 1 AND id=45 LIMIT 1
2018-01-13 10:17:13:SELECT * FROM t_act_pic WHERE 1 AND act_id=45
2018-01-13 10:17:13:SELECT * FROM t_user WHERE 1 AND openid='oeDcV0TIhZCvU1UFnqrdS_fKJxW0' LIMIT 1
2018-01-13 10:17:13:SELECT count(*) num FROM t_act_user WHERE 1 AND act_id=45 AND openid='oeDcV0TIhZCvU1UFnqrdS_fKJxW0' AND group_id=423 LIMIT 1
2018-01-13 10:17:13:SELECT * FROM t_act_user WHERE 1 AND act_id=45 AND group_id=423 order by use_time ASC, create_time ASC
2018-01-13 10:17:41:SELECT gender FROM t_user WHERE 1 AND openid='oeDcV0TIhZCvU1UFnqrdS_fKJxW0' LIMIT 1
2018-01-13 10:17:41:SELECT * FROM t_act WHERE 1  AND is_list=1 AND (end_time=0 OR end_time>1515809861) AND limit_sex IN(0,1) order by add_time DESC LIMIT 0,10
2018-01-13 10:17:41:SELECT COUNT(*) total FROM t_act WHERE 1  AND is_list=1 AND (end_time=0 OR end_time>1515809861) AND limit_sex IN(0,1) LIMIT 1
2018-01-13 10:17:41:SELECT * FROM t_user WHERE 1 AND openid='oeDcV0Zc4eR8nIigyAVbHx0c5oAc' LIMIT 1
2018-01-13 10:17:41:SELECT * FROM t_user WHERE 1 AND openid='oeDcV0W0lW2u-WnondVku8uZZo4k' LIMIT 1
2018-01-13 10:17:41:SELECT * FROM t_user WHERE 1 AND openid='oeDcV0TIhZCvU1UFnqrdS_fKJxW0' LIMIT 1
2018-01-13 10:17:41:SELECT * FROM t_user WHERE 1 AND openid='oeDcV0TIhZCvU1UFnqrdS_fKJxW0' LIMIT 1
2018-01-13 10:17:41:SELECT * FROM t_user WHERE 1 AND openid='oeDcV0TIhZCvU1UFnqrdS_fKJxW0' LIMIT 1
2018-01-13 10:17:41:SELECT * FROM t_user WHERE 1 AND openid='oeDcV0W0lW2u-WnondVku8uZZo4k' LIMIT 1
2018-01-13 10:17:41:SELECT * FROM t_user WHERE 1 AND openid='oeDcV0TIhZCvU1UFnqrdS_fKJxW0' LIMIT 1
2018-01-13 10:17:42:SELECT * FROM t_user WHERE 1 AND openid='oeDcV0W0lW2u-WnondVku8uZZo4k' LIMIT 1
2018-01-13 10:17:42:SELECT * FROM t_user_money WHERE 1 AND openid="oeDcV0TIhZCvU1UFnqrdS_fKJxW0" LIMIT 1
2018-01-13 10:17:44:SELECT * FROM t_user WHERE 1 AND openid = 'oeDcV0TIhZCvU1UFnqrdS_fKJxW0' LIMIT 1
2018-01-13 10:17:54:SELECT * FROM t_user_money WHERE 1 AND openid="oeDcV0TIhZCvU1UFnqrdS_fKJxW0" LIMIT 1
2018-01-13 10:17:55:SELECT * FROM t_user WHERE 1 AND openid = 'oeDcV0TIhZCvU1UFnqrdS_fKJxW0' LIMIT 1
2018-01-13 10:17:56:SELECT gender FROM t_user WHERE 1 AND openid='oeDcV0TIhZCvU1UFnqrdS_fKJxW0' LIMIT 1
2018-01-13 10:17:56:SELECT * FROM t_act WHERE 1  AND is_list=1 AND (end_time=0 OR end_time>1515809876) AND limit_sex IN(0,1) order by add_time DESC LIMIT 0,10
2018-01-13 10:17:56:SELECT COUNT(*) total FROM t_act WHERE 1  AND is_list=1 AND (end_time=0 OR end_time>1515809876) AND limit_sex IN(0,1) LIMIT 1
2018-01-13 10:17:56:SELECT * FROM t_user WHERE 1 AND openid='oeDcV0Zc4eR8nIigyAVbHx0c5oAc' LIMIT 1
2018-01-13 10:17:56:SELECT * FROM t_user WHERE 1 AND openid='oeDcV0W0lW2u-WnondVku8uZZo4k' LIMIT 1
2018-01-13 10:17:57:SELECT * FROM t_user WHERE 1 AND openid='oeDcV0TIhZCvU1UFnqrdS_fKJxW0' LIMIT 1
2018-01-13 10:17:57:SELECT * FROM t_user WHERE 1 AND openid='oeDcV0TIhZCvU1UFnqrdS_fKJxW0' LIMIT 1
2018-01-13 10:17:57:SELECT * FROM t_user WHERE 1 AND openid='oeDcV0TIhZCvU1UFnqrdS_fKJxW0' LIMIT 1
2018-01-13 10:17:57:SELECT * FROM t_user WHERE 1 AND openid='oeDcV0W0lW2u-WnondVku8uZZo4k' LIMIT 1
2018-01-13 10:17:57:SELECT * FROM t_user WHERE 1 AND openid='oeDcV0TIhZCvU1UFnqrdS_fKJxW0' LIMIT 1
2018-01-13 10:17:57:SELECT * FROM t_user WHERE 1 AND openid='oeDcV0W0lW2u-WnondVku8uZZo4k' LIMIT 1
2018-01-13 10:17:57:SELECT * FROM t_user WHERE 1 AND openid = 'oeDcV0TIhZCvU1UFnqrdS_fKJxW0' LIMIT 1
2018-01-13 10:17:58:SELECT gender FROM t_user WHERE 1 AND openid='oeDcV0TIhZCvU1UFnqrdS_fKJxW0' LIMIT 1
2018-01-13 10:17:58:SELECT * FROM t_act WHERE 1  AND is_list=1 AND (end_time=0 OR end_time>1515809878) AND limit_sex IN(0,1) order by add_time DESC LIMIT 0,10
2018-01-13 10:17:58:SELECT COUNT(*) total FROM t_act WHERE 1  AND is_list=1 AND (end_time=0 OR end_time>1515809878) AND limit_sex IN(0,1) LIMIT 1
2018-01-13 10:17:58:SELECT * FROM t_user WHERE 1 AND openid='oeDcV0Zc4eR8nIigyAVbHx0c5oAc' LIMIT 1
2018-01-13 10:17:58:SELECT * FROM t_user WHERE 1 AND openid='oeDcV0W0lW2u-WnondVku8uZZo4k' LIMIT 1
2018-01-13 10:17:58:SELECT * FROM t_user WHERE 1 AND openid='oeDcV0TIhZCvU1UFnqrdS_fKJxW0' LIMIT 1
2018-01-13 10:17:58:SELECT * FROM t_user WHERE 1 AND openid='oeDcV0TIhZCvU1UFnqrdS_fKJxW0' LIMIT 1
2018-01-13 10:17:58:SELECT * FROM t_user WHERE 1 AND openid='oeDcV0TIhZCvU1UFnqrdS_fKJxW0' LIMIT 1
2018-01-13 10:17:58:SELECT * FROM t_user WHERE 1 AND openid='oeDcV0W0lW2u-WnondVku8uZZo4k' LIMIT 1
2018-01-13 10:17:58:SELECT * FROM t_user WHERE 1 AND openid='oeDcV0TIhZCvU1UFnqrdS_fKJxW0' LIMIT 1
2018-01-13 10:17:58:SELECT * FROM t_user WHERE 1 AND openid='oeDcV0W0lW2u-WnondVku8uZZo4k' LIMIT 1
2018-01-13 10:59:21:SELECT gender FROM t_user WHERE 1 AND openid='oeDcV0TIhZCvU1UFnqrdS_fKJxW0' LIMIT 1
2018-01-13 10:59:21:SELECT * FROM t_act WHERE 1  AND is_list=1 AND (end_time=0 OR end_time>1515812361) AND limit_sex IN(0,1) order by add_time DESC LIMIT 0,10
2018-01-13 10:59:21:SELECT COUNT(*) total FROM t_act WHERE 1  AND is_list=1 AND (end_time=0 OR end_time>1515812361) AND limit_sex IN(0,1) LIMIT 1
2018-01-13 10:59:21:SELECT * FROM t_user WHERE 1 AND openid='oeDcV0Zc4eR8nIigyAVbHx0c5oAc' LIMIT 1
2018-01-13 10:59:21:SELECT * FROM t_user WHERE 1 AND openid='oeDcV0W0lW2u-WnondVku8uZZo4k' LIMIT 1
2018-01-13 10:59:21:SELECT * FROM t_user WHERE 1 AND openid='oeDcV0TIhZCvU1UFnqrdS_fKJxW0' LIMIT 1
2018-01-13 10:59:21:SELECT * FROM t_user WHERE 1 AND openid='oeDcV0TIhZCvU1UFnqrdS_fKJxW0' LIMIT 1
2018-01-13 10:59:21:SELECT * FROM t_user WHERE 1 AND openid='oeDcV0TIhZCvU1UFnqrdS_fKJxW0' LIMIT 1
2018-01-13 10:59:21:SELECT * FROM t_user WHERE 1 AND openid='oeDcV0W0lW2u-WnondVku8uZZo4k' LIMIT 1
2018-01-13 10:59:21:SELECT * FROM t_user WHERE 1 AND openid='oeDcV0TIhZCvU1UFnqrdS_fKJxW0' LIMIT 1
2018-01-13 10:59:22:SELECT * FROM t_user WHERE 1 AND openid='oeDcV0W0lW2u-WnondVku8uZZo4k' LIMIT 1
2018-01-13 12:34:45:SELECT * FROM t_user WHERE 1 AND openid = 'oeDcV0Zc4eR8nIigyAVbHx0c5oAc' LIMIT 1
2018-01-13 12:34:55:SELECT * FROM t_user WHERE 1 AND openid = 'oeDcV0Zc4eR8nIigyAVbHx0c5oAc' LIMIT 1
2018-01-13 12:36:46:SELECT gender FROM t_user WHERE 1 AND openid='oeDcV0Zc4eR8nIigyAVbHx0c5oAc' LIMIT 1
2018-01-13 12:36:46:SELECT * FROM t_act_group WHERE 1 AND act_id=46
2018-01-13 12:36:46:SELECT * FROM t_act WHERE 1 AND id=46 LIMIT 1
2018-01-13 12:36:46:SELECT * FROM t_act_pic WHERE 1 AND act_id=46
2018-01-13 12:36:46:SELECT * FROM t_user WHERE 1 AND openid='oeDcV0Zc4eR8nIigyAVbHx0c5oAc' LIMIT 1
2018-01-13 12:36:46:SELECT count(*) num FROM t_act_user WHERE 1 AND act_id=46 AND openid='oeDcV0Zc4eR8nIigyAVbHx0c5oAc' AND group_id=433 LIMIT 1
2018-01-13 12:36:46:SELECT * FROM t_act_user WHERE 1 AND act_id=46 AND group_id=433 order by use_time ASC, create_time ASC
2018-01-13 12:37:44:SELECT gender FROM t_user WHERE 1 AND openid='oeDcV0Zc4eR8nIigyAVbHx0c5oAc' LIMIT 1
2018-01-13 12:37:44:SELECT * FROM t_act_group WHERE 1 AND act_id=47
2018-01-13 12:37:44:SELECT * FROM t_act WHERE 1 AND id=47 LIMIT 1
2018-01-13 12:37:44:SELECT * FROM t_act_pic WHERE 1 AND act_id=47
2018-01-13 12:37:44:SELECT * FROM t_user WHERE 1 AND openid='oeDcV0Zc4eR8nIigyAVbHx0c5oAc' LIMIT 1
2018-01-13 12:37:44:SELECT count(*) num FROM t_act_user WHERE 1 AND act_id=47 AND openid='oeDcV0Zc4eR8nIigyAVbHx0c5oAc' AND group_id=443 LIMIT 1
2018-01-13 12:37:44:SELECT * FROM t_act_user WHERE 1 AND act_id=47 AND group_id=443 order by use_time ASC, create_time ASC
2018-01-13 12:38:18:SELECT count(*) num FROM t_act_user WHERE 1 AND act_id=47 AND openid='oeDcV0Zc4eR8nIigyAVbHx0c5oAc' LIMIT 1
2018-01-13 12:38:18:SELECT count(*) num FROM t_act_user WHERE 1 AND group_id='443' LIMIT 1
2018-01-13 12:38:18:SELECT end_time FROM t_act_group WHERE 1 AND id='443' LIMIT 1
2018-01-13 12:38:19:SELECT gender FROM t_user WHERE 1 AND openid='oeDcV0Zc4eR8nIigyAVbHx0c5oAc' LIMIT 1
2018-01-13 12:38:19:SELECT * FROM t_act_group WHERE 1 AND act_id=47
2018-01-13 12:38:19:SELECT * FROM t_act WHERE 1 AND id=47 LIMIT 1
2018-01-13 12:38:19:SELECT * FROM t_act_pic WHERE 1 AND act_id=47
2018-01-13 12:38:19:SELECT * FROM t_user WHERE 1 AND openid='oeDcV0Zc4eR8nIigyAVbHx0c5oAc' LIMIT 1
2018-01-13 12:38:19:SELECT count(*) num FROM t_act_user WHERE 1 AND act_id=47 AND openid='oeDcV0Zc4eR8nIigyAVbHx0c5oAc' AND group_id=443 LIMIT 1
2018-01-13 12:38:19:SELECT * FROM t_act_user WHERE 1 AND act_id=47 AND openid='oeDcV0Zc4eR8nIigyAVbHx0c5oAc' AND group_id=443 LIMIT 1
2018-01-13 12:38:19:SELECT * FROM t_act_user WHERE 1 AND act_id=47 AND group_id=443 order by use_time ASC, create_time ASC
2018-01-13 12:38:20:SELECT * FROM t_user WHERE 1 AND openid='oeDcV0Zc4eR8nIigyAVbHx0c5oAc' LIMIT 1
2018-01-13 12:38:42:SELECT gender FROM t_user WHERE 1 AND openid='oeDcV0Zc4eR8nIigyAVbHx0c5oAc' LIMIT 1
2018-01-13 12:38:42:SELECT * FROM t_act_group WHERE 1 AND act_id=47
2018-01-13 12:38:42:SELECT * FROM t_act WHERE 1 AND id=47 LIMIT 1
2018-01-13 12:38:42:SELECT * FROM t_act_pic WHERE 1 AND act_id=47
2018-01-13 12:38:42:SELECT * FROM t_user WHERE 1 AND openid='oeDcV0Zc4eR8nIigyAVbHx0c5oAc' LIMIT 1
2018-01-13 12:38:42:SELECT count(*) num FROM t_act_user WHERE 1 AND act_id=47 AND openid='oeDcV0Zc4eR8nIigyAVbHx0c5oAc' AND group_id=443 LIMIT 1
2018-01-13 12:38:43:SELECT * FROM t_act_user WHERE 1 AND act_id=47 AND openid='oeDcV0Zc4eR8nIigyAVbHx0c5oAc' AND group_id=443 LIMIT 1
2018-01-13 12:38:43:SELECT * FROM t_act_user WHERE 1 AND act_id=47 AND group_id=443 order by use_time ASC, create_time ASC
2018-01-13 12:38:43:SELECT * FROM t_user WHERE 1 AND openid='oeDcV0Zc4eR8nIigyAVbHx0c5oAc' LIMIT 1
2018-01-13 12:39:04:SELECT * FROM t_user WHERE 1 AND openid = 'oeDcV0Zc4eR8nIigyAVbHx0c5oAc' LIMIT 1
2018-01-13 12:39:18:SELECT * FROM t_user WHERE 1 AND openid = 'oeDcV0Zc4eR8nIigyAVbHx0c5oAc' LIMIT 1
2018-01-13 12:39:25:SELECT * FROM t_user WHERE 1 AND openid = 'oeDcV0Zc4eR8nIigyAVbHx0c5oAc' LIMIT 1
2018-01-13 12:39:31:SELECT gender FROM t_user WHERE 1 AND openid='oeDcV0Zc4eR8nIigyAVbHx0c5oAc' LIMIT 1
2018-01-13 12:39:31:SELECT * FROM t_act WHERE 1  AND is_list=1 AND (end_time=0 OR end_time>1515818371) AND limit_sex IN(0,1) order by add_time DESC LIMIT 0,10
2018-01-13 12:39:31:SELECT COUNT(*) total FROM t_act WHERE 1  AND is_list=1 AND (end_time=0 OR end_time>1515818371) AND limit_sex IN(0,1) LIMIT 1
2018-01-13 12:39:31:SELECT * FROM t_user WHERE 1 AND openid='oeDcV0Zc4eR8nIigyAVbHx0c5oAc' LIMIT 1
2018-01-13 12:39:31:SELECT * FROM t_user WHERE 1 AND openid='oeDcV0Zc4eR8nIigyAVbHx0c5oAc' LIMIT 1
2018-01-13 12:39:31:SELECT * FROM t_user WHERE 1 AND openid='oeDcV0W0lW2u-WnondVku8uZZo4k' LIMIT 1
2018-01-13 12:39:31:SELECT * FROM t_user WHERE 1 AND openid='oeDcV0TIhZCvU1UFnqrdS_fKJxW0' LIMIT 1
2018-01-13 12:39:31:SELECT * FROM t_user WHERE 1 AND openid='oeDcV0TIhZCvU1UFnqrdS_fKJxW0' LIMIT 1
2018-01-13 12:39:31:SELECT * FROM t_user WHERE 1 AND openid='oeDcV0TIhZCvU1UFnqrdS_fKJxW0' LIMIT 1
2018-01-13 12:39:31:SELECT * FROM t_user WHERE 1 AND openid='oeDcV0W0lW2u-WnondVku8uZZo4k' LIMIT 1
2018-01-13 12:39:32:SELECT * FROM t_user WHERE 1 AND openid='oeDcV0TIhZCvU1UFnqrdS_fKJxW0' LIMIT 1
2018-01-13 12:39:32:SELECT * FROM t_user WHERE 1 AND openid='oeDcV0W0lW2u-WnondVku8uZZo4k' LIMIT 1
2018-01-13 12:39:46:SELECT gender FROM t_user WHERE 1 AND openid='oeDcV0Zc4eR8nIigyAVbHx0c5oAc' LIMIT 1
2018-01-13 12:39:46:SELECT * FROM t_act_group WHERE 1 AND act_id=47
2018-01-13 12:39:46:SELECT * FROM t_act WHERE 1 AND id=47 LIMIT 1
2018-01-13 12:39:46:SELECT * FROM t_act_pic WHERE 1 AND act_id=47
2018-01-13 12:39:46:SELECT * FROM t_user WHERE 1 AND openid='oeDcV0Zc4eR8nIigyAVbHx0c5oAc' LIMIT 1
2018-01-13 12:39:46:SELECT count(*) num FROM t_act_user WHERE 1 AND act_id=47 AND openid='oeDcV0Zc4eR8nIigyAVbHx0c5oAc' AND group_id=443 LIMIT 1
2018-01-13 12:39:46:SELECT * FROM t_act_user WHERE 1 AND act_id=47 AND openid='oeDcV0Zc4eR8nIigyAVbHx0c5oAc' AND group_id=443 LIMIT 1
2018-01-13 12:39:46:SELECT * FROM t_act_user WHERE 1 AND act_id=47 AND group_id=443 order by use_time ASC, create_time ASC
2018-01-13 12:39:46:SELECT * FROM t_user WHERE 1 AND openid='oeDcV0Zc4eR8nIigyAVbHx0c5oAc' LIMIT 1
2018-01-13 12:40:00:SELECT gender FROM t_user WHERE 1 AND openid='oeDcV0Zc4eR8nIigyAVbHx0c5oAc' LIMIT 1
2018-01-13 12:40:00:SELECT * FROM t_act WHERE 1  AND is_list=1 AND (end_time=0 OR end_time>1515818400) AND limit_sex IN(0,1) order by add_time DESC LIMIT 0,10
2018-01-13 12:40:00:SELECT COUNT(*) total FROM t_act WHERE 1  AND is_list=1 AND (end_time=0 OR end_time>1515818400) AND limit_sex IN(0,1) LIMIT 1
2018-01-13 12:40:00:SELECT * FROM t_user WHERE 1 AND openid='oeDcV0Zc4eR8nIigyAVbHx0c5oAc' LIMIT 1
2018-01-13 12:40:00:SELECT * FROM t_user WHERE 1 AND openid='oeDcV0Zc4eR8nIigyAVbHx0c5oAc' LIMIT 1
2018-01-13 12:40:00:SELECT * FROM t_user WHERE 1 AND openid='oeDcV0W0lW2u-WnondVku8uZZo4k' LIMIT 1
2018-01-13 12:40:00:SELECT * FROM t_user WHERE 1 AND openid='oeDcV0TIhZCvU1UFnqrdS_fKJxW0' LIMIT 1
2018-01-13 12:40:00:SELECT * FROM t_user WHERE 1 AND openid='oeDcV0TIhZCvU1UFnqrdS_fKJxW0' LIMIT 1
2018-01-13 12:40:00:SELECT * FROM t_user WHERE 1 AND openid='oeDcV0TIhZCvU1UFnqrdS_fKJxW0' LIMIT 1
2018-01-13 12:40:00:SELECT * FROM t_user WHERE 1 AND openid='oeDcV0W0lW2u-WnondVku8uZZo4k' LIMIT 1
2018-01-13 12:40:00:SELECT * FROM t_user WHERE 1 AND openid='oeDcV0TIhZCvU1UFnqrdS_fKJxW0' LIMIT 1
2018-01-13 12:40:00:SELECT * FROM t_user WHERE 1 AND openid='oeDcV0W0lW2u-WnondVku8uZZo4k' LIMIT 1
2018-01-13 12:42:49:SELECT * FROM t_user_money WHERE 1 AND openid="oeDcV0Zc4eR8nIigyAVbHx0c5oAc" LIMIT 1
2018-01-13 12:42:49:SELECT * FROM t_user WHERE 1 AND openid = 'oeDcV0Zc4eR8nIigyAVbHx0c5oAc' LIMIT 1
2018-01-13 12:42:54:SELECT id,pic,add_time,pay_total,pay_fee,num_group FROM t_act WHERE 1  AND openid ='oeDcV0Zc4eR8nIigyAVbHx0c5oAc' order by add_time DESC LIMIT 0,20
2018-01-13 12:42:54:SELECT COUNT(*) total, SUM((pay_total-pay_fee)) money_total FROM t_act WHERE 1  AND openid ='oeDcV0Zc4eR8nIigyAVbHx0c5oAc' LIMIT 1
2018-01-13 12:42:54:SELECT person_need,person_has FROM t_act_group WHERE 1 AND act_id=47
2018-01-13 12:42:54:SELECT person_need,person_has FROM t_act_group WHERE 1 AND act_id=46
2018-01-13 12:42:54:SELECT person_need,person_has FROM t_act_group WHERE 1 AND act_id=45
2018-01-13 12:43:09:SELECT * FROM t_user_money WHERE 1 AND openid="oeDcV0Zc4eR8nIigyAVbHx0c5oAc" LIMIT 1
2018-01-13 12:43:12:SELECT act_id,use_time,create_time,get_award,get_ranking FROM t_act_user WHERE 1  AND openid ='oeDcV0Zc4eR8nIigyAVbHx0c5oAc' order by create_time DESC LIMIT 0,20
2018-01-13 12:43:12:SELECT COUNT(*) total, SUM(get_award) total_money FROM t_act_user WHERE 1  AND openid ='oeDcV0Zc4eR8nIigyAVbHx0c5oAc' LIMIT 1
2018-01-13 12:43:12:SELECT pic FROM t_act WHERE 1 AND id=47 LIMIT 1
2018-01-13 12:43:23:SELECT * FROM t_user_money WHERE 1 AND openid="oeDcV0Zc4eR8nIigyAVbHx0c5oAc" LIMIT 1
2018-01-13 12:44:34:SELECT * FROM t_user_money WHERE 1 AND openid="oeDcV0Zc4eR8nIigyAVbHx0c5oAc" LIMIT 1
2018-01-13 12:47:20:SELECT * FROM t_user_money WHERE 1 AND openid="oeDcV0Zc4eR8nIigyAVbHx0c5oAc" LIMIT 1
