2018-01-04 09:25:46:SELECT * FROM t_act WHERE 1 AND id=3 LIMIT 1
2018-01-04 09:25:46:SELECT count(*) num FROM t_act_user WHERE 1 AND openid='oeDcV0W0lW2u-WnondVku8uZZo4k' LIMIT 1
2018-01-04 09:25:46:SELECT * FROM t_act_group WHERE 1 AND act_id=3
2018-01-04 09:25:46:SELECT * FROM t_act_user WHERE 1 AND act_id=3 AND group_id=1 order by use_time DESC
2018-01-04 09:25:49:SELECT * FROM t_act WHERE 1 AND id=3 LIMIT 1
2018-01-04 09:25:49:SELECT count(*) num FROM t_act_user WHERE 1 AND openid='oeDcV0W0lW2u-WnondVku8uZZo4k' LIMIT 1
2018-01-04 09:25:49:SELECT * FROM t_act_group WHERE 1 AND act_id=3
2018-01-04 09:25:49:SELECT * FROM t_act_user WHERE 1 AND act_id=3 AND group_id=1 order by use_time DESC
2018-01-04 09:25:51:SELECT * FROM t_act WHERE 1 AND id=3 LIMIT 1
2018-01-04 09:25:51:SELECT count(*) num FROM t_act_user WHERE 1 AND openid='oeDcV0W0lW2u-WnondVku8uZZo4k' LIMIT 1
2018-01-04 09:25:51:SELECT * FROM t_act_group WHERE 1 AND act_id=3
2018-01-04 09:25:51:SELECT * FROM t_act_user WHERE 1 AND act_id=3 AND group_id=1 order by use_time DESC
2018-01-04 09:25:52:SELECT * FROM t_act WHERE 1 AND id=3 LIMIT 1
2018-01-04 09:25:52:SELECT count(*) num FROM t_act_user WHERE 1 AND openid='oeDcV0W0lW2u-WnondVku8uZZo4k' LIMIT 1
2018-01-04 09:25:52:SELECT * FROM t_act_group WHERE 1 AND act_id=3
2018-01-04 09:25:52:SELECT * FROM t_act_user WHERE 1 AND act_id=3 AND group_id=1 order by use_time DESC
2018-01-04 09:25:53:SELECT * FROM t_act WHERE 1 AND id=3 LIMIT 1
2018-01-04 09:25:53:SELECT count(*) num FROM t_act_user WHERE 1 AND openid='oeDcV0W0lW2u-WnondVku8uZZo4k' LIMIT 1
2018-01-04 09:25:53:SELECT * FROM t_act_group WHERE 1 AND act_id=3
2018-01-04 09:25:53:SELECT * FROM t_act_user WHERE 1 AND act_id=3 AND group_id=1 order by use_time DESC
2018-01-04 09:25:54:SELECT * FROM t_act WHERE 1 AND id=3 LIMIT 1
2018-01-04 09:25:54:SELECT count(*) num FROM t_act_user WHERE 1 AND openid='oeDcV0W0lW2u-WnondVku8uZZo4k' LIMIT 1
2018-01-04 09:25:55:SELECT * FROM t_act_group WHERE 1 AND act_id=3
2018-01-04 09:25:55:SELECT * FROM t_act_user WHERE 1 AND act_id=3 AND group_id=1 order by use_time DESC
2018-01-04 09:25:55:SELECT * FROM t_act WHERE 1 AND id=3 LIMIT 1
2018-01-04 09:25:55:SELECT count(*) num FROM t_act_user WHERE 1 AND openid='oeDcV0W0lW2u-WnondVku8uZZo4k' LIMIT 1
2018-01-04 09:25:55:SELECT * FROM t_act_group WHERE 1 AND act_id=3
2018-01-04 09:25:56:SELECT * FROM t_act_user WHERE 1 AND act_id=3 AND group_id=1 order by use_time DESC
2018-01-04 09:25:56:SELECT * FROM t_act WHERE 1 AND id=3 LIMIT 1
2018-01-04 09:25:56:SELECT count(*) num FROM t_act_user WHERE 1 AND openid='oeDcV0W0lW2u-WnondVku8uZZo4k' LIMIT 1
2018-01-04 09:25:56:SELECT * FROM t_act_group WHERE 1 AND act_id=3
2018-01-04 09:25:57:SELECT * FROM t_act_user WHERE 1 AND act_id=3 AND group_id=1 order by use_time DESC
2018-01-04 09:25:57:SELECT * FROM t_act WHERE 1 AND id=3 LIMIT 1
2018-01-04 09:25:57:SELECT count(*) num FROM t_act_user WHERE 1 AND openid='oeDcV0W0lW2u-WnondVku8uZZo4k' LIMIT 1
2018-01-04 09:25:57:SELECT * FROM t_act_group WHERE 1 AND act_id=3
2018-01-04 09:25:57:SELECT * FROM t_act_user WHERE 1 AND act_id=3 AND group_id=1 order by use_time DESC
2018-01-04 09:25:59:SELECT * FROM t_act WHERE 1 AND id=3 LIMIT 1
2018-01-04 09:25:59:SELECT count(*) num FROM t_act_user WHERE 1 AND openid='oeDcV0W0lW2u-WnondVku8uZZo4k' LIMIT 1
2018-01-04 09:25:59:SELECT * FROM t_act_group WHERE 1 AND act_id=3
2018-01-04 09:25:59:SELECT * FROM t_act_user WHERE 1 AND act_id=3 AND group_id=1 order by use_time DESC
2018-01-04 09:34:53:SELECT * FROM t_act WHERE 1 AND id=5 LIMIT 1
2018-01-04 09:34:53:SELECT count(*) num FROM t_act_user WHERE 1 AND openid='oeDcV0W0lW2u-WnondVku8uZZo4k' LIMIT 1
2018-01-04 09:34:53:SELECT * FROM t_act_group WHERE 1 AND act_id=5
2018-01-04 09:34:53:SELECT * FROM t_act_user WHERE 1 AND act_id=5 AND group_id=1 order by use_time DESC
2018-01-04 09:34:53:SELECT * FROM t_user WHERE 1 AND openid='oeDcV0W0lW2u-WnondVku8uZZo4k' LIMIT 1
2018-01-04 09:36:48:SELECT * FROM t_act WHERE 1 AND id=5 LIMIT 1
2018-01-04 09:36:48:SELECT count(*) num FROM t_act_user WHERE 1 AND openid='oeDcV0W0lW2u-WnondVku8uZZo4k' LIMIT 1
2018-01-04 09:36:48:SELECT * FROM t_act_group WHERE 1 AND act_id=5
2018-01-04 09:36:48:SELECT * FROM t_act_user WHERE 1 AND act_id=5 AND group_id=1 order by use_time DESC
2018-01-04 09:36:48:SELECT * FROM t_user WHERE 1 AND openid='oeDcV0W0lW2u-WnondVku8uZZo4k' LIMIT 1
2018-01-04 09:37:01:SELECT * FROM t_act WHERE 1 AND id=5 LIMIT 1
2018-01-04 09:37:02:SELECT count(*) num FROM t_act_user WHERE 1 AND openid='oeDcV0W0lW2u-WnondVku8uZZo4k' LIMIT 1
2018-01-04 09:37:02:SELECT * FROM t_act_group WHERE 1 AND act_id=5
2018-01-04 09:37:02:SELECT * FROM t_act_user WHERE 1 AND act_id=5 AND group_id=1 order by use_time DESC
2018-01-04 09:37:02:SELECT * FROM t_user WHERE 1 AND openid='oeDcV0W0lW2u-WnondVku8uZZo4k' LIMIT 1
2018-01-04 09:37:08:SELECT * FROM t_act WHERE 1 AND id=5 LIMIT 1
2018-01-04 09:37:08:SELECT count(*) num FROM t_act_user WHERE 1 AND openid='oeDcV0W0lW2u-WnondVku8uZZo4k' LIMIT 1
2018-01-04 09:37:08:SELECT * FROM t_act_group WHERE 1 AND act_id=5
2018-01-04 09:37:08:SELECT * FROM t_act_user WHERE 1 AND act_id=5 AND group_id=1 order by use_time DESC
2018-01-04 09:37:08:SELECT * FROM t_user WHERE 1 AND openid='oeDcV0W0lW2u-WnondVku8uZZo4k' LIMIT 1
2018-01-04 09:40:20:SELECT * FROM t_act WHERE 1 AND id=5 LIMIT 1
2018-01-04 09:40:20:SELECT count(*) num FROM t_act_user WHERE 1 AND openid='oeDcV0W0lW2u-WnondVku8uZZo4k' LIMIT 1
2018-01-04 09:40:20:SELECT * FROM t_act_group WHERE 1 AND act_id=5
2018-01-04 09:40:20:SELECT * FROM t_act_user WHERE 1 AND act_id=5 AND group_id=1 order by use_time DESC
2018-01-04 09:40:20:SELECT * FROM t_user WHERE 1 AND openid='oeDcV0W0lW2u-WnondVku8uZZo4k' LIMIT 1
2018-01-04 09:42:49:SELECT * FROM t_act WHERE 1 AND id=5 LIMIT 1
2018-01-04 09:42:49:SELECT count(*) num FROM t_act_user WHERE 1 AND openid='oeDcV0W0lW2u-WnondVku8uZZo4k' LIMIT 1
2018-01-04 09:42:49:SELECT * FROM t_act_group WHERE 1 AND act_id=5
2018-01-04 09:42:49:SELECT * FROM t_act_user WHERE 1 AND act_id=5 AND group_id=1 order by use_time DESC
2018-01-04 09:42:49:SELECT * FROM t_user WHERE 1 AND openid='oeDcV0W0lW2u-WnondVku8uZZo4k' LIMIT 1
2018-01-04 09:43:06:SELECT * FROM t_act WHERE 1 AND id=5 LIMIT 1
2018-01-04 09:43:06:SELECT count(*) num FROM t_act_user WHERE 1 AND openid='oeDcV0W0lW2u-WnondVku8uZZo4k' LIMIT 1
2018-01-04 09:43:06:SELECT * FROM t_act_group WHERE 1 AND act_id=5
2018-01-04 09:43:06:SELECT * FROM t_act_user WHERE 1 AND act_id=5 AND group_id=1 order by use_time DESC
2018-01-04 09:43:06:SELECT * FROM t_user WHERE 1 AND openid='oeDcV0W0lW2u-WnondVku8uZZo4k' LIMIT 1
2018-01-04 09:44:14:SELECT * FROM t_act WHERE 1 AND id=5 LIMIT 1
2018-01-04 09:44:14:SELECT count(*) num FROM t_act_user WHERE 1 AND openid='oeDcV0W0lW2u-WnondVku8uZZo4k' LIMIT 1
2018-01-04 09:44:14:SELECT * FROM t_act_group WHERE 1 AND act_id=5
2018-01-04 09:44:14:SELECT * FROM t_act_user WHERE 1 AND act_id=5 AND group_id=1 order by use_time DESC
2018-01-04 09:44:14:SELECT * FROM t_user WHERE 1 AND openid='oeDcV0W0lW2u-WnondVku8uZZo4k' LIMIT 1
2018-01-04 09:44:22:SELECT * FROM t_act WHERE 1 AND id=5 LIMIT 1
2018-01-04 09:44:22:SELECT count(*) num FROM t_act_user WHERE 1 AND openid='oeDcV0W0lW2u-WnondVku8uZZo4k' LIMIT 1
2018-01-04 09:44:22:SELECT * FROM t_act_group WHERE 1 AND act_id=5
2018-01-04 09:44:23:SELECT * FROM t_act_user WHERE 1 AND act_id=5 AND group_id=1 order by use_time DESC
2018-01-04 09:44:23:SELECT * FROM t_user WHERE 1 AND openid='oeDcV0W0lW2u-WnondVku8uZZo4k' LIMIT 1
2018-01-04 09:47:08:SELECT * FROM t_act WHERE 1 AND id=5 LIMIT 1
2018-01-04 09:47:08:SELECT count(*) num FROM t_act_user WHERE 1 AND openid='oeDcV0W0lW2u-WnondVku8uZZo4k' LIMIT 1
2018-01-04 09:47:08:SELECT * FROM t_act_group WHERE 1 AND act_id=5
2018-01-04 09:47:08:SELECT * FROM t_act_user WHERE 1 AND act_id=5 AND group_id=1 order by use_time DESC
2018-01-04 09:47:08:SELECT * FROM t_user WHERE 1 AND openid='oeDcV0W0lW2u-WnondVku8uZZo4k' LIMIT 1
2018-01-04 09:47:31:SELECT * FROM t_act WHERE 1 AND id=5 LIMIT 1
2018-01-04 09:47:31:SELECT count(*) num FROM t_act_user WHERE 1 AND openid='oeDcV0W0lW2u-WnondVku8uZZo4k' LIMIT 1
2018-01-04 09:47:31:SELECT * FROM t_act_group WHERE 1 AND act_id=5
2018-01-04 09:47:31:SELECT * FROM t_act_user WHERE 1 AND act_id=5 AND group_id=1 order by use_time DESC
2018-01-04 09:47:31:SELECT * FROM t_user WHERE 1 AND openid='oeDcV0W0lW2u-WnondVku8uZZo4k' LIMIT 1
2018-01-04 09:48:02:SELECT * FROM t_act WHERE 1 AND id=5 LIMIT 1
2018-01-04 09:48:02:SELECT count(*) num FROM t_act_user WHERE 1 AND openid='oeDcV0W0lW2u-WnondVku8uZZo4k' LIMIT 1
2018-01-04 09:48:02:SELECT * FROM t_act_group WHERE 1 AND act_id=5
2018-01-04 09:48:02:SELECT * FROM t_act_user WHERE 1 AND act_id=5 AND group_id=1 order by use_time DESC
2018-01-04 09:48:02:SELECT * FROM t_user WHERE 1 AND openid='oeDcV0W0lW2u-WnondVku8uZZo4k' LIMIT 1
2018-01-04 09:48:23:SELECT * FROM t_act WHERE 1 AND id=5 LIMIT 1
2018-01-04 09:48:23:SELECT count(*) num FROM t_act_user WHERE 1 AND openid='oeDcV0W0lW2u-WnondVku8uZZo4k' LIMIT 1
2018-01-04 09:48:23:SELECT * FROM t_act_group WHERE 1 AND act_id=5
2018-01-04 09:48:23:SELECT * FROM t_act_user WHERE 1 AND act_id=5 AND group_id=1 order by use_time DESC
2018-01-04 09:48:23:SELECT * FROM t_user WHERE 1 AND openid='oeDcV0W0lW2u-WnondVku8uZZo4k' LIMIT 1
2018-01-04 09:48:37:SELECT * FROM t_act WHERE 1 AND id=5 LIMIT 1
2018-01-04 09:48:37:SELECT count(*) num FROM t_act_user WHERE 1 AND openid='oeDcV0W0lW2u-WnondVku8uZZo4k' LIMIT 1
2018-01-04 09:48:37:SELECT * FROM t_act_group WHERE 1 AND act_id=5
2018-01-04 09:48:37:SELECT * FROM t_act_user WHERE 1 AND act_id=5 AND group_id=1 order by use_time DESC
2018-01-04 09:48:37:SELECT * FROM t_user WHERE 1 AND openid='oeDcV0W0lW2u-WnondVku8uZZo4k' LIMIT 1
2018-01-04 09:49:47:SELECT * FROM t_act WHERE 1 AND id=5 LIMIT 1
2018-01-04 09:49:47:SELECT count(*) num FROM t_act_user WHERE 1 AND openid='oeDcV0W0lW2u-WnondVku8uZZo4k' LIMIT 1
2018-01-04 09:49:47:SELECT * FROM t_act_group WHERE 1 AND act_id=5
2018-01-04 09:49:47:SELECT * FROM t_act_user WHERE 1 AND act_id=5 AND group_id=1 order by use_time DESC
2018-01-04 09:49:47:SELECT * FROM t_user WHERE 1 AND openid='oeDcV0W0lW2u-WnondVku8uZZo4k' LIMIT 1
2018-01-04 09:50:00:SELECT * FROM t_act WHERE 1 AND id=5 LIMIT 1
2018-01-04 09:50:00:SELECT count(*) num FROM t_act_user WHERE 1 AND openid='oeDcV0W0lW2u-WnondVku8uZZo4k' LIMIT 1
2018-01-04 09:50:00:SELECT * FROM t_act_group WHERE 1 AND act_id=5
2018-01-04 09:50:00:SELECT * FROM t_act_user WHERE 1 AND act_id=5 AND group_id=1 order by use_time DESC
2018-01-04 09:50:00:SELECT * FROM t_user WHERE 1 AND openid='oeDcV0W0lW2u-WnondVku8uZZo4k' LIMIT 1
2018-01-04 09:50:12:SELECT * FROM t_act WHERE 1 AND id=5 LIMIT 1
2018-01-04 09:50:12:SELECT count(*) num FROM t_act_user WHERE 1 AND openid='oeDcV0W0lW2u-WnondVku8uZZo4k' LIMIT 1
2018-01-04 09:50:12:SELECT * FROM t_act_group WHERE 1 AND act_id=5
2018-01-04 09:50:12:SELECT * FROM t_act_user WHERE 1 AND act_id=5 AND group_id=1 order by use_time DESC
2018-01-04 09:50:12:SELECT * FROM t_user WHERE 1 AND openid='oeDcV0W0lW2u-WnondVku8uZZo4k' LIMIT 1
2018-01-04 09:52:06:SELECT * FROM t_act WHERE 1 AND id=5 LIMIT 1
2018-01-04 09:52:06:SELECT count(*) num FROM t_act_user WHERE 1 AND openid='oeDcV0W0lW2u-WnondVku8uZZo4k' LIMIT 1
2018-01-04 09:52:07:SELECT * FROM t_act_group WHERE 1 AND act_id=5
2018-01-04 09:52:07:SELECT * FROM t_act_user WHERE 1 AND act_id=5 AND group_id=1 order by use_time DESC
2018-01-04 09:52:07:SELECT * FROM t_user WHERE 1 AND openid='oeDcV0W0lW2u-WnondVku8uZZo4k' LIMIT 1
2018-01-04 09:56:40:SELECT * FROM t_act WHERE 1 AND id=5 LIMIT 1
2018-01-04 09:56:40:SELECT count(*) num FROM t_act_user WHERE 1 AND openid='oeDcV0W0lW2u-WnondVku8uZZo4k' LIMIT 1
2018-01-04 09:56:40:SELECT * FROM t_act_group WHERE 1 AND act_id=5
2018-01-04 09:56:40:SELECT * FROM t_act_user WHERE 1 AND act_id=5 AND group_id=1 order by use_time DESC
2018-01-04 09:56:40:SELECT * FROM t_user WHERE 1 AND openid='oeDcV0W0lW2u-WnondVku8uZZo4k' LIMIT 1
2018-01-04 09:56:50:SELECT * FROM t_act WHERE 1 AND id=5 LIMIT 1
2018-01-04 09:56:51:SELECT count(*) num FROM t_act_user WHERE 1 AND openid='oeDcV0W0lW2u-WnondVku8uZZo4k' LIMIT 1
2018-01-04 09:56:51:SELECT * FROM t_act_group WHERE 1 AND act_id=5
2018-01-04 09:56:51:SELECT * FROM t_act_user WHERE 1 AND act_id=5 AND group_id=1 order by use_time DESC
2018-01-04 09:56:51:SELECT * FROM t_user WHERE 1 AND openid='oeDcV0W0lW2u-WnondVku8uZZo4k' LIMIT 1
2018-01-04 10:50:48:SELECT * FROM t_act WHERE 1 AND id=5 LIMIT 1
2018-01-04 10:50:48:SELECT count(*) num FROM t_act_user WHERE 1 AND openid='oeDcV0W0lW2u-WnondVku8uZZo4k' LIMIT 1
2018-01-04 10:50:48:SELECT * FROM t_act_group WHERE 1 AND act_id=5
2018-01-04 10:50:48:SELECT * FROM t_act_user WHERE 1 AND act_id=5 AND group_id=1 order by use_time DESC
2018-01-04 10:50:48:SELECT * FROM t_user WHERE 1 AND openid='oeDcV0W0lW2u-WnondVku8uZZo4k' LIMIT 1
2018-01-04 10:54:14:SELECT * FROM t_act WHERE 1 AND id=5 LIMIT 1
2018-01-04 10:54:14:SELECT count(*) num FROM t_act_user WHERE 1 AND openid='oeDcV0W0lW2u-WnondVku8uZZo4k' LIMIT 1
2018-01-04 10:54:14:SELECT * FROM t_act_group WHERE 1 AND act_id=5
2018-01-04 10:54:14:SELECT * FROM t_act_user WHERE 1 AND act_id=5 AND group_id=1 order by use_time DESC
2018-01-04 10:54:14:SELECT * FROM t_user WHERE 1 AND openid='oeDcV0W0lW2u-WnondVku8uZZo4k' LIMIT 1
2018-01-04 10:55:22:SELECT * FROM t_act WHERE 1 AND id=5 LIMIT 1
2018-01-04 10:55:22:SELECT count(*) num FROM t_act_user WHERE 1 AND openid='oeDcV0W0lW2u-WnondVku8uZZo4k' LIMIT 1
2018-01-04 10:55:22:SELECT * FROM t_act_group WHERE 1 AND act_id=5
2018-01-04 10:55:22:SELECT * FROM t_act_user WHERE 1 AND act_id=5 AND group_id=1 order by use_time DESC
2018-01-04 10:55:22:SELECT * FROM t_user WHERE 1 AND openid='oeDcV0W0lW2u-WnondVku8uZZo4k' LIMIT 1
2018-01-04 10:55:41:SELECT * FROM t_act WHERE 1 AND id=5 LIMIT 1
2018-01-04 10:55:41:SELECT count(*) num FROM t_act_user WHERE 1 AND openid='oeDcV0W0lW2u-WnondVku8uZZo4k' LIMIT 1
2018-01-04 10:55:41:SELECT * FROM t_act_group WHERE 1 AND act_id=5
2018-01-04 10:55:41:SELECT * FROM t_act_user WHERE 1 AND act_id=5 AND group_id=1 order by use_time DESC
2018-01-04 10:55:41:SELECT * FROM t_user WHERE 1 AND openid='oeDcV0W0lW2u-WnondVku8uZZo4k' LIMIT 1
2018-01-04 10:57:13:SELECT * FROM t_act WHERE 1 AND id=5 LIMIT 1
2018-01-04 10:57:13:SELECT count(*) num FROM t_act_user WHERE 1 AND openid='oeDcV0W0lW2u-WnondVku8uZZo4k' LIMIT 1
2018-01-04 10:57:13:SELECT * FROM t_act_group WHERE 1 AND act_id=5
2018-01-04 10:57:13:SELECT * FROM t_act_user WHERE 1 AND act_id=5 AND group_id=1 order by use_time DESC
2018-01-04 10:57:13:SELECT * FROM t_user WHERE 1 AND openid='oeDcV0W0lW2u-WnondVku8uZZo4k' LIMIT 1
2018-01-04 10:57:38:SELECT * FROM t_act WHERE 1 AND id=5 LIMIT 1
2018-01-04 10:57:38:SELECT count(*) num FROM t_act_user WHERE 1 AND openid='oeDcV0W0lW2u-WnondVku8uZZo4k' LIMIT 1
2018-01-04 10:57:38:SELECT * FROM t_act_group WHERE 1 AND act_id=5
2018-01-04 10:57:38:SELECT * FROM t_act_user WHERE 1 AND act_id=5 AND group_id=1 order by use_time DESC
2018-01-04 10:57:38:SELECT * FROM t_user WHERE 1 AND openid='oeDcV0W0lW2u-WnondVku8uZZo4k' LIMIT 1
2018-01-04 10:58:52:SELECT * FROM t_act WHERE 1 AND id=5 LIMIT 1
2018-01-04 10:58:52:SELECT count(*) num FROM t_act_user WHERE 1 AND openid='oeDcV0W0lW2u-WnondVku8uZZo4k' LIMIT 1
2018-01-04 10:58:52:SELECT * FROM t_act_group WHERE 1 AND act_id=5
2018-01-04 10:58:52:SELECT * FROM t_act_user WHERE 1 AND act_id=5 AND group_id=1 order by use_time DESC
2018-01-04 10:58:52:SELECT * FROM t_user WHERE 1 AND openid='oeDcV0W0lW2u-WnondVku8uZZo4k' LIMIT 1
2018-01-04 10:59:42:SELECT * FROM t_act WHERE 1 AND id=5 LIMIT 1
2018-01-04 10:59:42:SELECT count(*) num FROM t_act_user WHERE 1 AND openid='oeDcV0W0lW2u-WnondVku8uZZo4k' LIMIT 1
2018-01-04 10:59:42:SELECT * FROM t_act_group WHERE 1 AND act_id=5
2018-01-04 10:59:43:SELECT * FROM t_act_user WHERE 1 AND act_id=5 AND group_id=1 order by use_time DESC
2018-01-04 10:59:43:SELECT * FROM t_user WHERE 1 AND openid='oeDcV0W0lW2u-WnondVku8uZZo4k' LIMIT 1
2018-01-04 10:59:52:SELECT * FROM t_act WHERE 1 AND id=5 LIMIT 1
2018-01-04 10:59:52:SELECT count(*) num FROM t_act_user WHERE 1 AND openid='oeDcV0W0lW2u-WnondVku8uZZo4k' LIMIT 1
2018-01-04 10:59:52:SELECT * FROM t_act_group WHERE 1 AND act_id=5
2018-01-04 10:59:52:SELECT * FROM t_act_user WHERE 1 AND act_id=5 AND group_id=1 order by use_time DESC
2018-01-04 10:59:52:SELECT * FROM t_user WHERE 1 AND openid='oeDcV0W0lW2u-WnondVku8uZZo4k' LIMIT 1
2018-01-04 11:01:13:SELECT * FROM t_act WHERE 1 AND id=5 LIMIT 1
2018-01-04 11:01:14:SELECT count(*) num FROM t_act_user WHERE 1 AND openid='oeDcV0W0lW2u-WnondVku8uZZo4k' LIMIT 1
2018-01-04 11:01:14:SELECT * FROM t_act_group WHERE 1 AND act_id=5
2018-01-04 11:01:14:SELECT * FROM t_act_user WHERE 1 AND act_id=5 AND group_id=1 order by use_time DESC
2018-01-04 11:01:14:SELECT * FROM t_user WHERE 1 AND openid='oeDcV0W0lW2u-WnondVku8uZZo4k' LIMIT 1
2018-01-04 11:02:15:SELECT * FROM t_act WHERE 1 AND id=5 LIMIT 1
2018-01-04 11:02:15:SELECT count(*) num FROM t_act_user WHERE 1 AND openid='oeDcV0W0lW2u-WnondVku8uZZo4k' LIMIT 1
2018-01-04 11:02:15:SELECT * FROM t_act_group WHERE 1 AND act_id=5
2018-01-04 11:02:15:SELECT * FROM t_act_user WHERE 1 AND act_id=5 AND group_id=1 order by use_time DESC
2018-01-04 11:02:15:SELECT * FROM t_user WHERE 1 AND openid='oeDcV0W0lW2u-WnondVku8uZZo4k' LIMIT 1
2018-01-04 11:24:53:SELECT * FROM t_act WHERE 1 AND id=5 LIMIT 1
2018-01-04 11:24:53:SELECT count(*) num FROM t_act_user WHERE 1 AND openid='oeDcV0W0lW2u-WnondVku8uZZo4k' LIMIT 1
2018-01-04 11:24:53:SELECT * FROM t_act_group WHERE 1 AND act_id=5
2018-01-04 11:24:53:SELECT * FROM t_act_user WHERE 1 AND act_id=5 AND group_id=1 order by use_time DESC
2018-01-04 11:24:53:SELECT * FROM t_user WHERE 1 AND openid='oeDcV0W0lW2u-WnondVku8uZZo4k' LIMIT 1
2018-01-04 11:25:18:SELECT count(*) num FROM t_act_user WHERE 1 AND openid='oeDcV0W0lW2u-WnondVku8uZZo4k' LIMIT 1
2018-01-04 11:27:19:SELECT * FROM t_act WHERE 1 AND id=5 LIMIT 1
2018-01-04 11:27:19:SELECT count(*) num FROM t_act_user WHERE 1 AND openid='oeDcV0W0lW2u-WnondVku8uZZo4k' LIMIT 1
2018-01-04 11:27:19:SELECT * FROM t_act_group WHERE 1 AND act_id=5
2018-01-04 11:27:19:SELECT * FROM t_act_user WHERE 1 AND act_id=5 AND group_id=1 order by use_time DESC
2018-01-04 11:27:19:SELECT * FROM t_user WHERE 1 AND openid='oeDcV0W0lW2u-WnondVku8uZZo4k' LIMIT 1
2018-01-04 11:28:45:SELECT * FROM t_act WHERE 1 AND id=5 LIMIT 1
2018-01-04 11:28:45:SELECT count(*) num FROM t_act_user WHERE 1 AND openid='oeDcV0W0lW2u-WnondVku8uZZo4k' LIMIT 1
2018-01-04 11:28:45:SELECT * FROM t_act_group WHERE 1 AND act_id=5
2018-01-04 11:28:45:SELECT * FROM t_act_user WHERE 1 AND act_id=5 AND group_id=1 order by use_time DESC
2018-01-04 11:28:45:SELECT * FROM t_user WHERE 1 AND openid='oeDcV0W0lW2u-WnondVku8uZZo4k' LIMIT 1
2018-01-04 11:31:45:SELECT * FROM t_act WHERE 1 AND id=5 LIMIT 1
2018-01-04 11:31:45:SELECT count(*) num FROM t_act_user WHERE 1 AND openid='oeDcV0W0lW2u-WnondVku8uZZo4k' LIMIT 1
2018-01-04 11:31:45:SELECT * FROM t_act_group WHERE 1 AND act_id=5
2018-01-04 11:31:45:SELECT * FROM t_act_user WHERE 1 AND act_id=5 AND group_id=1 order by use_time DESC
2018-01-04 11:31:45:SELECT * FROM t_user WHERE 1 AND openid='oeDcV0W0lW2u-WnondVku8uZZo4k' LIMIT 1
2018-01-04 11:37:36:SELECT * FROM t_act WHERE 1 AND id=5 LIMIT 1
2018-01-04 11:37:36:SELECT count(*) num FROM t_act_user WHERE 1 AND openid='oeDcV0W0lW2u-WnondVku8uZZo4k' LIMIT 1
2018-01-04 11:37:36:SELECT * FROM t_act_group WHERE 1 AND act_id=5
2018-01-04 11:37:36:SELECT * FROM t_act_user WHERE 1 AND act_id=5 AND group_id=1 order by use_time DESC
2018-01-04 11:37:37:SELECT * FROM t_user WHERE 1 AND openid='oeDcV0W0lW2u-WnondVku8uZZo4k' LIMIT 1
2018-01-04 11:38:49:SELECT * FROM t_act WHERE 1 AND id=5 LIMIT 1
2018-01-04 11:38:49:SELECT count(*) num FROM t_act_user WHERE 1 AND openid='oeDcV0W0lW2u-WnondVku8uZZo4k' LIMIT 1
2018-01-04 11:38:49:SELECT * FROM t_act_group WHERE 1 AND act_id=5
2018-01-04 11:38:49:SELECT * FROM t_act_user WHERE 1 AND act_id=5 AND group_id=1 order by use_time DESC
2018-01-04 11:38:49:SELECT * FROM t_user WHERE 1 AND openid='oeDcV0W0lW2u-WnondVku8uZZo4k' LIMIT 1
2018-01-04 11:39:18:SELECT * FROM t_act WHERE 1 AND id=5 LIMIT 1
2018-01-04 11:39:18:SELECT count(*) num FROM t_act_user WHERE 1 AND openid='oeDcV0W0lW2u-WnondVku8uZZo4k' LIMIT 1
2018-01-04 11:39:19:SELECT * FROM t_act_group WHERE 1 AND act_id=5
2018-01-04 11:39:19:SELECT * FROM t_act_user WHERE 1 AND act_id=5 AND group_id=1 order by use_time DESC
2018-01-04 11:39:19:SELECT * FROM t_user WHERE 1 AND openid='oeDcV0W0lW2u-WnondVku8uZZo4k' LIMIT 1
2018-01-04 11:42:32:SELECT * FROM t_act WHERE 1 AND id=5 LIMIT 1
2018-01-04 11:42:32:SELECT count(*) num FROM t_act_user WHERE 1 AND openid='oeDcV0W0lW2u-WnondVku8uZZo4k' LIMIT 1
2018-01-04 11:42:32:SELECT * FROM t_act_group WHERE 1 AND act_id=5
2018-01-04 11:42:32:SELECT * FROM t_act_user WHERE 1 AND act_id=5 AND group_id=1 order by use_time DESC
2018-01-04 11:42:32:SELECT * FROM t_user WHERE 1 AND openid='oeDcV0W0lW2u-WnondVku8uZZo4k' LIMIT 1
2018-01-04 11:45:17:SELECT * FROM t_act WHERE 1 AND id=5 LIMIT 1
2018-01-04 11:45:17:SELECT count(*) num FROM t_act_user WHERE 1 AND openid='oeDcV0W0lW2u-WnondVku8uZZo4k' LIMIT 1
2018-01-04 11:45:17:SELECT * FROM t_act_group WHERE 1 AND act_id=5
2018-01-04 11:45:17:SELECT * FROM t_act_user WHERE 1 AND act_id=5 AND group_id=1 order by use_time DESC
2018-01-04 11:45:17:SELECT * FROM t_user WHERE 1 AND openid='oeDcV0W0lW2u-WnondVku8uZZo4k' LIMIT 1
2018-01-04 11:45:43:SELECT * FROM t_act WHERE 1 AND id=5 LIMIT 1
2018-01-04 11:45:43:SELECT count(*) num FROM t_act_user WHERE 1 AND openid='oeDcV0W0lW2u-WnondVku8uZZo4k' LIMIT 1
2018-01-04 11:45:43:SELECT * FROM t_act_group WHERE 1 AND act_id=5
2018-01-04 11:45:43:SELECT * FROM t_act_user WHERE 1 AND act_id=5 AND group_id=1 order by use_time DESC
2018-01-04 11:45:43:SELECT * FROM t_user WHERE 1 AND openid='oeDcV0W0lW2u-WnondVku8uZZo4k' LIMIT 1
2018-01-04 11:47:02:SELECT * FROM t_act WHERE 1 AND id=5 LIMIT 1
2018-01-04 11:47:02:SELECT count(*) num FROM t_act_user WHERE 1 AND openid='oeDcV0W0lW2u-WnondVku8uZZo4k' LIMIT 1
2018-01-04 11:47:02:SELECT * FROM t_act_group WHERE 1 AND act_id=5
2018-01-04 11:47:02:SELECT * FROM t_act_user WHERE 1 AND act_id=5 AND group_id=1 order by use_time DESC
2018-01-04 11:47:02:SELECT * FROM t_user WHERE 1 AND openid='oeDcV0W0lW2u-WnondVku8uZZo4k' LIMIT 1
2018-01-04 11:49:54:SELECT * FROM t_act WHERE 1 AND id=5 LIMIT 1
2018-01-04 11:49:54:SELECT count(*) num FROM t_act_user WHERE 1 AND openid='oeDcV0W0lW2u-WnondVku8uZZo4k' LIMIT 1
2018-01-04 11:49:54:SELECT * FROM t_act_group WHERE 1 AND act_id=5
2018-01-04 11:49:54:SELECT * FROM t_act_user WHERE 1 AND act_id=5 AND group_id=1 order by use_time DESC
2018-01-04 11:49:54:SELECT * FROM t_user WHERE 1 AND openid='oeDcV0W0lW2u-WnondVku8uZZo4k' LIMIT 1
2018-01-04 11:57:20:SELECT * FROM t_user WHERE 1 AND openid = 'oeDcV0W0lW2u-WnondVku8uZZo4k' LIMIT 1
2018-01-04 11:57:23:SELECT * FROM t_user WHERE 1 AND openid = 'oeDcV0W0lW2u-WnondVku8uZZo4k' LIMIT 1
2018-01-04 11:57:24:SELECT * FROM t_user WHERE 1 AND openid = 'oeDcV0W0lW2u-WnondVku8uZZo4k' LIMIT 1
2018-01-04 11:59:16:SELECT * FROM t_act WHERE 1 AND id=5 LIMIT 1
2018-01-04 11:59:16:SELECT count(*) num FROM t_act_user WHERE 1 AND openid='oeDcV0W0lW2u-WnondVku8uZZo4k' LIMIT 1
2018-01-04 11:59:16:SELECT * FROM t_act_group WHERE 1 AND act_id=5
2018-01-04 11:59:16:SELECT * FROM t_act_user WHERE 1 AND act_id=5 AND group_id=1 order by use_time DESC
2018-01-04 11:59:16:SELECT * FROM t_user WHERE 1 AND openid='oeDcV0W0lW2u-WnondVku8uZZo4k' LIMIT 1
2018-01-04 11:59:26:SELECT count(*) num FROM t_act_user WHERE 1 AND openid='oeDcV0W0lW2u-WnondVku8uZZo4k' LIMIT 1
2018-01-04 11:59:36:SELECT count(*) num FROM t_act_user WHERE 1 AND openid='oeDcV0W0lW2u-WnondVku8uZZo4k' LIMIT 1
2018-01-04 12:01:50:SELECT * FROM t_act WHERE 1 AND id=5 LIMIT 1
2018-01-04 12:01:50:SELECT count(*) num FROM t_act_user WHERE 1 AND openid='oeDcV0W0lW2u-WnondVku8uZZo4k' LIMIT 1
2018-01-04 12:01:51:SELECT * FROM t_act_group WHERE 1 AND act_id=5
2018-01-04 12:01:51:SELECT * FROM t_act_user WHERE 1 AND act_id=5 AND group_id=1 order by use_time DESC
2018-01-04 12:01:51:SELECT * FROM t_user WHERE 1 AND openid='oeDcV0W0lW2u-WnondVku8uZZo4k' LIMIT 1
2018-01-04 12:02:11:SELECT * FROM t_act WHERE 1 AND id=5 LIMIT 1
2018-01-04 12:02:12:SELECT count(*) num FROM t_act_user WHERE 1 AND openid='oeDcV0W0lW2u-WnondVku8uZZo4k' LIMIT 1
2018-01-04 12:02:12:SELECT * FROM t_act_group WHERE 1 AND act_id=5
2018-01-04 12:02:12:SELECT * FROM t_act_user WHERE 1 AND act_id=5 AND group_id=1 order by use_time DESC
2018-01-04 12:02:12:SELECT * FROM t_user WHERE 1 AND openid='oeDcV0W0lW2u-WnondVku8uZZo4k' LIMIT 1
2018-01-04 12:02:54:SELECT * FROM t_act WHERE 1 AND id=5 LIMIT 1
2018-01-04 12:02:54:SELECT count(*) num FROM t_act_user WHERE 1 AND openid='oeDcV0W0lW2u-WnondVku8uZZo4k' LIMIT 1
2018-01-04 12:02:54:SELECT * FROM t_act_group WHERE 1 AND act_id=5
2018-01-04 12:02:55:SELECT * FROM t_act_user WHERE 1 AND act_id=5 AND group_id=1 order by use_time DESC
2018-01-04 12:02:55:SELECT * FROM t_user WHERE 1 AND openid='oeDcV0W0lW2u-WnondVku8uZZo4k' LIMIT 1
2018-01-04 12:03:47:SELECT * FROM t_act WHERE 1 AND id=5 LIMIT 1
2018-01-04 12:03:47:SELECT count(*) num FROM t_act_user WHERE 1 AND openid='oeDcV0W0lW2u-WnondVku8uZZo4k' LIMIT 1
2018-01-04 12:03:47:SELECT * FROM t_act_group WHERE 1 AND act_id=5
2018-01-04 12:03:47:SELECT * FROM t_act_user WHERE 1 AND act_id=5 AND group_id=1 order by use_time DESC
2018-01-04 12:03:47:SELECT * FROM t_user WHERE 1 AND openid='oeDcV0W0lW2u-WnondVku8uZZo4k' LIMIT 1
2018-01-04 12:04:38:SELECT * FROM t_act WHERE 1 AND id=5 LIMIT 1
2018-01-04 12:04:38:SELECT count(*) num FROM t_act_user WHERE 1 AND openid='oeDcV0W0lW2u-WnondVku8uZZo4k' LIMIT 1
2018-01-04 12:04:38:SELECT * FROM t_act_group WHERE 1 AND act_id=5
2018-01-04 12:04:38:SELECT * FROM t_act_user WHERE 1 AND act_id=5 AND group_id=1 order by use_time DESC
2018-01-04 12:04:38:SELECT * FROM t_user WHERE 1 AND openid='oeDcV0W0lW2u-WnondVku8uZZo4k' LIMIT 1
2018-01-04 12:05:22:SELECT * FROM t_act WHERE 1 AND id=5 LIMIT 1
2018-01-04 12:05:22:SELECT count(*) num FROM t_act_user WHERE 1 AND openid='oeDcV0W0lW2u-WnondVku8uZZo4k' LIMIT 1
2018-01-04 12:05:22:SELECT * FROM t_act_group WHERE 1 AND act_id=5
2018-01-04 12:05:22:SELECT * FROM t_act_user WHERE 1 AND act_id=5 AND group_id=1 order by use_time DESC
2018-01-04 12:05:22:SELECT * FROM t_user WHERE 1 AND openid='oeDcV0W0lW2u-WnondVku8uZZo4k' LIMIT 1
2018-01-04 12:05:34:SELECT * FROM t_act WHERE 1 AND id=5 LIMIT 1
2018-01-04 12:05:34:SELECT count(*) num FROM t_act_user WHERE 1 AND openid='oeDcV0W0lW2u-WnondVku8uZZo4k' LIMIT 1
2018-01-04 12:05:34:SELECT * FROM t_act_group WHERE 1 AND act_id=5
2018-01-04 12:05:34:SELECT * FROM t_act_user WHERE 1 AND act_id=5 AND group_id=1 order by use_time DESC
2018-01-04 12:05:34:SELECT * FROM t_user WHERE 1 AND openid='oeDcV0W0lW2u-WnondVku8uZZo4k' LIMIT 1
2018-01-04 12:07:38:SELECT count(*) num FROM t_act_user WHERE 1 AND openid='oeDcV0W0lW2u-WnondVku8uZZo4k' LIMIT 1
2018-01-04 12:07:44:SELECT count(*) num FROM t_act_user WHERE 1 AND openid='oeDcV0W0lW2u-WnondVku8uZZo4k' LIMIT 1
2018-01-04 12:07:55:SELECT count(*) num FROM t_act_user WHERE 1 AND openid='oeDcV0W0lW2u-WnondVku8uZZo4k' LIMIT 1
2018-01-04 12:08:26:SELECT * FROM t_act WHERE 1 AND id=5 LIMIT 1
2018-01-04 12:08:26:SELECT count(*) num FROM t_act_user WHERE 1 AND openid='oeDcV0W0lW2u-WnondVku8uZZo4k' LIMIT 1
2018-01-04 12:08:27:SELECT * FROM t_act_group WHERE 1 AND act_id=5
2018-01-04 12:08:27:SELECT * FROM t_act_user WHERE 1 AND act_id=5 AND group_id=1 order by use_time DESC
2018-01-04 12:08:27:SELECT * FROM t_user WHERE 1 AND openid='oeDcV0W0lW2u-WnondVku8uZZo4k' LIMIT 1
2018-01-04 12:08:43:SELECT * FROM t_act WHERE 1 AND id=5 LIMIT 1
2018-01-04 12:08:44:SELECT count(*) num FROM t_act_user WHERE 1 AND openid='oeDcV0W0lW2u-WnondVku8uZZo4k' LIMIT 1
2018-01-04 12:08:44:SELECT * FROM t_act_group WHERE 1 AND act_id=5
2018-01-04 12:08:44:SELECT * FROM t_act_user WHERE 1 AND act_id=5 AND group_id=1 order by use_time DESC
2018-01-04 12:08:44:SELECT * FROM t_user WHERE 1 AND openid='oeDcV0W0lW2u-WnondVku8uZZo4k' LIMIT 1
2018-01-04 12:09:47:SELECT * FROM t_act WHERE 1 AND id=5 LIMIT 1
2018-01-04 12:09:47:SELECT count(*) num FROM t_act_user WHERE 1 AND openid='oeDcV0W0lW2u-WnondVku8uZZo4k' LIMIT 1
2018-01-04 12:09:47:SELECT * FROM t_act_group WHERE 1 AND act_id=5
2018-01-04 12:09:47:SELECT * FROM t_act_user WHERE 1 AND act_id=5 AND group_id=1 order by use_time DESC
2018-01-04 12:09:47:SELECT * FROM t_user WHERE 1 AND openid='oeDcV0W0lW2u-WnondVku8uZZo4k' LIMIT 1
2018-01-04 12:09:58:SELECT count(*) num FROM t_act_user WHERE 1 AND openid='oeDcV0W0lW2u-WnondVku8uZZo4k' LIMIT 1
2018-01-04 12:10:05:SELECT count(*) num FROM t_act_user WHERE 1 AND openid='oeDcV0W0lW2u-WnondVku8uZZo4k' LIMIT 1
2018-01-04 12:10:15:SELECT count(*) num FROM t_act_user WHERE 1 AND openid='oeDcV0W0lW2u-WnondVku8uZZo4k' LIMIT 1
2018-01-04 12:10:23:SELECT count(*) num FROM t_act_user WHERE 1 AND openid='oeDcV0W0lW2u-WnondVku8uZZo4k' LIMIT 1
2018-01-04 12:12:28:SELECT * FROM t_act WHERE 1 AND id=5 LIMIT 1
2018-01-04 12:12:28:SELECT count(*) num FROM t_act_user WHERE 1 AND openid='oeDcV0W0lW2u-WnondVku8uZZo4k' LIMIT 1
2018-01-04 12:12:28:SELECT * FROM t_act_group WHERE 1 AND act_id=5
2018-01-04 12:12:28:SELECT * FROM t_act_user WHERE 1 AND act_id=5 AND group_id=1 order by use_time DESC
2018-01-04 12:12:28:SELECT * FROM t_user WHERE 1 AND openid='oeDcV0W0lW2u-WnondVku8uZZo4k' LIMIT 1
2018-01-04 12:13:57:SELECT * FROM t_act WHERE 1 AND id=5 LIMIT 1
2018-01-04 12:13:57:SELECT count(*) num FROM t_act_user WHERE 1 AND openid='oeDcV0W0lW2u-WnondVku8uZZo4k' LIMIT 1
2018-01-04 12:13:57:SELECT * FROM t_act_group WHERE 1 AND act_id=5
2018-01-04 12:13:57:SELECT * FROM t_act_user WHERE 1 AND act_id=5 AND group_id=1 order by use_time DESC
2018-01-04 12:13:57:SELECT * FROM t_user WHERE 1 AND openid='oeDcV0W0lW2u-WnondVku8uZZo4k' LIMIT 1
2018-01-04 12:14:06:SELECT * FROM t_act WHERE 1 AND id=5 LIMIT 1
2018-01-04 12:14:06:SELECT count(*) num FROM t_act_user WHERE 1 AND openid='oeDcV0W0lW2u-WnondVku8uZZo4k' LIMIT 1
2018-01-04 12:14:06:SELECT * FROM t_act_group WHERE 1 AND act_id=5
2018-01-04 12:14:06:SELECT * FROM t_act_user WHERE 1 AND act_id=5 AND group_id=1 order by use_time DESC
2018-01-04 12:14:06:SELECT * FROM t_user WHERE 1 AND openid='oeDcV0W0lW2u-WnondVku8uZZo4k' LIMIT 1
2018-01-04 12:14:12:SELECT count(*) num FROM t_act_user WHERE 1 AND openid='oeDcV0W0lW2u-WnondVku8uZZo4k' LIMIT 1
2018-01-04 12:19:52:SELECT * FROM t_act WHERE 1 AND id=5 LIMIT 1
2018-01-04 12:19:52:SELECT count(*) num FROM t_act_user WHERE 1 AND openid='oeDcV0W0lW2u-WnondVku8uZZo4k' LIMIT 1
2018-01-04 12:19:52:SELECT * FROM t_act_group WHERE 1 AND act_id=5
2018-01-04 12:19:52:SELECT * FROM t_act_user WHERE 1 AND act_id=5 AND group_id=1 order by use_time DESC
2018-01-04 12:19:52:SELECT * FROM t_user WHERE 1 AND openid='oeDcV0W0lW2u-WnondVku8uZZo4k' LIMIT 1
2018-01-04 12:19:55:SELECT * FROM t_user WHERE 1 AND openid = 'oeDcV0W0lW2u-WnondVku8uZZo4k' LIMIT 1
2018-01-04 12:19:57:SELECT * FROM t_user WHERE 1 AND openid = 'oeDcV0W0lW2u-WnondVku8uZZo4k' LIMIT 1
2018-01-04 13:36:57:SELECT * FROM t_user WHERE 1 AND openid = 'oeDcV0W0lW2u-WnondVku8uZZo4k' LIMIT 1
2018-01-04 13:37:01:SELECT * FROM t_user_money WHERE 1 AND openid="oeDcV0W0lW2u-WnondVku8uZZo4k" LIMIT 1
2018-01-04 13:40:32:SELECT * FROM t_user WHERE 1 AND openid = 'oeDcV0W0lW2u-WnondVku8uZZo4k' LIMIT 1
2018-01-04 13:40:34:SELECT * FROM t_user_money WHERE 1 AND openid="oeDcV0W0lW2u-WnondVku8uZZo4k" LIMIT 1
2018-01-04 13:40:53:SELECT * FROM t_user WHERE 1 AND openid = 'oeDcV0W0lW2u-WnondVku8uZZo4k' LIMIT 1
2018-01-04 13:40:55:SELECT * FROM t_user_money WHERE 1 AND openid="oeDcV0W0lW2u-WnondVku8uZZo4k" LIMIT 1
2018-01-04 13:41:06:SELECT * FROM t_user WHERE 1 AND openid = 'oeDcV0W0lW2u-WnondVku8uZZo4k' LIMIT 1
2018-01-04 13:41:07:SELECT * FROM t_user_money WHERE 1 AND openid="oeDcV0W0lW2u-WnondVku8uZZo4k" LIMIT 1
2018-01-04 13:54:34:SELECT * FROM t_user WHERE 1 AND openid = 'oeDcV0TIhZCvU1UFnqrdS_fKJxW0' LIMIT 1
2018-01-04 13:57:37:SELECT * FROM t_user WHERE 1 AND openid = 'oeDcV0W0lW2u-WnondVku8uZZo4k' LIMIT 1
2018-01-04 13:57:39:SELECT * FROM t_user_money WHERE 1 AND openid="oeDcV0W0lW2u-WnondVku8uZZo4k" LIMIT 1
2018-01-04 13:58:34:SELECT * FROM t_user WHERE 1 AND openid = 'oeDcV0W0lW2u-WnondVku8uZZo4k' LIMIT 1
2018-01-04 13:58:35:SELECT * FROM t_user_money WHERE 1 AND openid="oeDcV0W0lW2u-WnondVku8uZZo4k" LIMIT 1
2018-01-04 13:58:45:SELECT * FROM t_user WHERE 1 AND openid = 'oeDcV0W0lW2u-WnondVku8uZZo4k' LIMIT 1
2018-01-04 13:58:48:SELECT * FROM t_user_money WHERE 1 AND openid="oeDcV0W0lW2u-WnondVku8uZZo4k" LIMIT 1
2018-01-04 13:58:48:SELECT * FROM t_user_money WHERE 1 AND wx_id='dfd44' LIMIT 1
2018-01-04 13:59:10:SELECT * FROM t_user WHERE 1 AND openid = 'oeDcV0W0lW2u-WnondVku8uZZo4k' LIMIT 1
2018-01-04 13:59:13:SELECT * FROM t_user_money WHERE 1 AND openid="oeDcV0W0lW2u-WnondVku8uZZo4k" LIMIT 1
2018-01-04 13:59:13:SELECT * FROM t_user_money WHERE 1 AND wx_id='dfd44' LIMIT 1
2018-01-04 14:01:55:SELECT * FROM t_user WHERE 1 AND openid = 'oeDcV0W0lW2u-WnondVku8uZZo4k' LIMIT 1
2018-01-04 14:01:56:SELECT * FROM t_user_money WHERE 1 AND wx_id='dfd44' LIMIT 1
2018-01-04 14:01:56:SELECT * FROM t_user_money WHERE 1 AND openid="oeDcV0W0lW2u-WnondVku8uZZo4k" LIMIT 1
2018-01-04 14:04:40:SELECT * FROM t_user WHERE 1 AND openid = 'oeDcV0W0lW2u-WnondVku8uZZo4k' LIMIT 1
2018-01-04 14:04:42:SELECT * FROM t_user_money WHERE 1 AND openid="oeDcV0W0lW2u-WnondVku8uZZo4k" LIMIT 1
2018-01-04 14:04:42:SELECT * FROM t_user_money WHERE 1 AND wx_id='dfd44' LIMIT 1
2018-01-04 14:05:19:SELECT * FROM t_user WHERE 1 AND openid = 'oeDcV0W0lW2u-WnondVku8uZZo4k' LIMIT 1
2018-01-04 14:08:33:SELECT * FROM t_user WHERE 1 AND openid = 'oeDcV0W0lW2u-WnondVku8uZZo4k' LIMIT 1
2018-01-04 14:08:36:SELECT * FROM t_user_money WHERE 1 AND openid="oeDcV0W0lW2u-WnondVku8uZZo4k" LIMIT 1
2018-01-04 14:08:59:SELECT * FROM t_user WHERE 1 AND openid = 'oeDcV0W0lW2u-WnondVku8uZZo4k' LIMIT 1
2018-01-04 14:09:01:SELECT * FROM t_user_money WHERE 1 AND openid="oeDcV0W0lW2u-WnondVku8uZZo4k" LIMIT 1
2018-01-04 14:09:15:SELECT * FROM t_user WHERE 1 AND openid = 'oeDcV0W0lW2u-WnondVku8uZZo4k' LIMIT 1
2018-01-04 14:11:41:SELECT * FROM t_act WHERE 1 AND id=5 LIMIT 1
2018-01-04 14:11:41:SELECT count(*) num FROM t_act_user WHERE 1 AND openid='oeDcV0W0lW2u-WnondVku8uZZo4k' LIMIT 1
2018-01-04 14:11:41:SELECT * FROM t_act_group WHERE 1 AND act_id=5
2018-01-04 14:11:41:SELECT * FROM t_act_user WHERE 1 AND act_id=5 AND group_id=1 order by use_time DESC
2018-01-04 14:11:41:SELECT * FROM t_user WHERE 1 AND openid='oeDcV0W0lW2u-WnondVku8uZZo4k' LIMIT 1
2018-01-04 14:12:04:SELECT * FROM t_act WHERE 1 AND id=5 LIMIT 1
2018-01-04 14:12:04:SELECT count(*) num FROM t_act_user WHERE 1 AND openid='oeDcV0W0lW2u-WnondVku8uZZo4k' LIMIT 1
2018-01-04 14:12:04:SELECT * FROM t_act_group WHERE 1 AND act_id=5
2018-01-04 14:12:04:SELECT * FROM t_act_user WHERE 1 AND act_id=5 AND group_id=1 order by use_time DESC
2018-01-04 14:12:04:SELECT * FROM t_user WHERE 1 AND openid='oeDcV0W0lW2u-WnondVku8uZZo4k' LIMIT 1
2018-01-04 14:13:26:SELECT * FROM t_act WHERE 1 AND id=5 LIMIT 1
2018-01-04 14:13:26:SELECT count(*) num FROM t_act_user WHERE 1 AND openid='oeDcV0W0lW2u-WnondVku8uZZo4k' LIMIT 1
2018-01-04 14:13:26:SELECT * FROM t_act_group WHERE 1 AND act_id=5
2018-01-04 14:13:26:SELECT * FROM t_act_user WHERE 1 AND act_id=5 AND group_id=1 order by use_time DESC
2018-01-04 14:13:26:SELECT * FROM t_user WHERE 1 AND openid='oeDcV0W0lW2u-WnondVku8uZZo4k' LIMIT 1
2018-01-04 14:13:41:SELECT * FROM t_act WHERE 1 AND id=5 LIMIT 1
2018-01-04 14:13:41:SELECT count(*) num FROM t_act_user WHERE 1 AND openid='oeDcV0W0lW2u-WnondVku8uZZo4k' LIMIT 1
2018-01-04 14:13:41:SELECT * FROM t_act_group WHERE 1 AND act_id=5
2018-01-04 14:13:41:SELECT * FROM t_act_user WHERE 1 AND act_id=5 AND group_id=1 order by use_time DESC
2018-01-04 14:13:41:SELECT * FROM t_user WHERE 1 AND openid='oeDcV0W0lW2u-WnondVku8uZZo4k' LIMIT 1
2018-01-04 14:13:51:SELECT * FROM t_act WHERE 1 AND id=5 LIMIT 1
2018-01-04 14:13:51:SELECT count(*) num FROM t_act_user WHERE 1 AND openid='oeDcV0W0lW2u-WnondVku8uZZo4k' LIMIT 1
2018-01-04 14:13:52:SELECT * FROM t_act_group WHERE 1 AND act_id=5
2018-01-04 14:13:52:SELECT * FROM t_act_user WHERE 1 AND act_id=5 AND group_id=1 order by use_time DESC
2018-01-04 14:13:52:SELECT * FROM t_user WHERE 1 AND openid='oeDcV0W0lW2u-WnondVku8uZZo4k' LIMIT 1
2018-01-04 14:15:06:SELECT * FROM t_act WHERE 1 AND id=5 LIMIT 1
2018-01-04 14:15:06:SELECT count(*) num FROM t_act_user WHERE 1 AND openid='oeDcV0W0lW2u-WnondVku8uZZo4k' LIMIT 1
2018-01-04 14:15:06:SELECT * FROM t_act_group WHERE 1 AND act_id=5
2018-01-04 14:15:06:SELECT * FROM t_act_user WHERE 1 AND act_id=5 AND group_id=1 order by use_time DESC
2018-01-04 14:15:06:SELECT * FROM t_user WHERE 1 AND openid='oeDcV0W0lW2u-WnondVku8uZZo4k' LIMIT 1
2018-01-04 14:15:31:SELECT * FROM t_act WHERE 1 AND id=5 LIMIT 1
2018-01-04 14:15:31:SELECT count(*) num FROM t_act_user WHERE 1 AND openid='oeDcV0W0lW2u-WnondVku8uZZo4k' LIMIT 1
2018-01-04 14:15:31:SELECT * FROM t_act_group WHERE 1 AND act_id=5
2018-01-04 14:15:31:SELECT * FROM t_act_user WHERE 1 AND act_id=5 AND group_id=1 order by use_time DESC
2018-01-04 14:15:31:SELECT * FROM t_user WHERE 1 AND openid='oeDcV0W0lW2u-WnondVku8uZZo4k' LIMIT 1
2018-01-04 14:15:56:SELECT * FROM t_act WHERE 1 AND id=5 LIMIT 1
2018-01-04 14:15:56:SELECT count(*) num FROM t_act_user WHERE 1 AND openid='oeDcV0W0lW2u-WnondVku8uZZo4k' LIMIT 1
2018-01-04 14:15:56:SELECT * FROM t_act_group WHERE 1 AND act_id=5
2018-01-04 14:15:56:SELECT * FROM t_act_user WHERE 1 AND act_id=5 AND group_id=1 order by use_time DESC
2018-01-04 14:15:56:SELECT * FROM t_user WHERE 1 AND openid='oeDcV0W0lW2u-WnondVku8uZZo4k' LIMIT 1
2018-01-04 14:16:25:SELECT * FROM t_act WHERE 1 AND id=5 LIMIT 1
2018-01-04 14:16:25:SELECT count(*) num FROM t_act_user WHERE 1 AND openid='oeDcV0W0lW2u-WnondVku8uZZo4k' LIMIT 1
2018-01-04 14:16:26:SELECT * FROM t_act_group WHERE 1 AND act_id=5
2018-01-04 14:16:26:SELECT * FROM t_act_user WHERE 1 AND act_id=5 AND group_id=1 order by use_time DESC
2018-01-04 14:16:26:SELECT * FROM t_user WHERE 1 AND openid='oeDcV0W0lW2u-WnondVku8uZZo4k' LIMIT 1
2018-01-04 14:16:37:SELECT * FROM t_act WHERE 1 AND id=5 LIMIT 1
2018-01-04 14:16:37:SELECT count(*) num FROM t_act_user WHERE 1 AND openid='oeDcV0W0lW2u-WnondVku8uZZo4k' LIMIT 1
2018-01-04 14:16:37:SELECT * FROM t_act_group WHERE 1 AND act_id=5
2018-01-04 14:16:37:SELECT * FROM t_act_user WHERE 1 AND act_id=5 AND group_id=1 order by use_time DESC
2018-01-04 14:16:37:SELECT * FROM t_user WHERE 1 AND openid='oeDcV0W0lW2u-WnondVku8uZZo4k' LIMIT 1
2018-01-04 14:16:44:SELECT * FROM t_act WHERE 1 AND id=5 LIMIT 1
2018-01-04 14:16:44:SELECT count(*) num FROM t_act_user WHERE 1 AND openid='oeDcV0W0lW2u-WnondVku8uZZo4k' LIMIT 1
2018-01-04 14:16:44:SELECT * FROM t_act_group WHERE 1 AND act_id=5
2018-01-04 14:16:44:SELECT * FROM t_act_user WHERE 1 AND act_id=5 AND group_id=1 order by use_time DESC
2018-01-04 14:16:44:SELECT * FROM t_user WHERE 1 AND openid='oeDcV0W0lW2u-WnondVku8uZZo4k' LIMIT 1
2018-01-04 14:17:16:SELECT * FROM t_act WHERE 1 AND id=5 LIMIT 1
2018-01-04 14:17:16:SELECT count(*) num FROM t_act_user WHERE 1 AND openid='oeDcV0W0lW2u-WnondVku8uZZo4k' LIMIT 1
2018-01-04 14:17:16:SELECT * FROM t_act_group WHERE 1 AND act_id=5
2018-01-04 14:17:16:SELECT * FROM t_act_user WHERE 1 AND act_id=5 AND group_id=1 order by use_time DESC
2018-01-04 14:17:16:SELECT * FROM t_user WHERE 1 AND openid='oeDcV0W0lW2u-WnondVku8uZZo4k' LIMIT 1
2018-01-04 14:17:27:SELECT * FROM t_act WHERE 1 AND id=5 LIMIT 1
2018-01-04 14:17:27:SELECT count(*) num FROM t_act_user WHERE 1 AND openid='oeDcV0W0lW2u-WnondVku8uZZo4k' LIMIT 1
2018-01-04 14:17:27:SELECT * FROM t_act_group WHERE 1 AND act_id=5
2018-01-04 14:17:27:SELECT * FROM t_act_user WHERE 1 AND act_id=5 AND group_id=1 order by use_time DESC
2018-01-04 14:17:27:SELECT * FROM t_user WHERE 1 AND openid='oeDcV0W0lW2u-WnondVku8uZZo4k' LIMIT 1
2018-01-04 14:17:37:SELECT * FROM t_act WHERE 1 AND id=5 LIMIT 1
2018-01-04 14:17:37:SELECT count(*) num FROM t_act_user WHERE 1 AND openid='oeDcV0W0lW2u-WnondVku8uZZo4k' LIMIT 1
2018-01-04 14:17:37:SELECT * FROM t_act_group WHERE 1 AND act_id=5
2018-01-04 14:17:37:SELECT * FROM t_act_user WHERE 1 AND act_id=5 AND group_id=1 order by use_time DESC
2018-01-04 14:17:37:SELECT * FROM t_user WHERE 1 AND openid='oeDcV0W0lW2u-WnondVku8uZZo4k' LIMIT 1
2018-01-04 14:17:47:SELECT * FROM t_act WHERE 1 AND id=5 LIMIT 1
2018-01-04 14:17:47:SELECT count(*) num FROM t_act_user WHERE 1 AND openid='oeDcV0W0lW2u-WnondVku8uZZo4k' LIMIT 1
2018-01-04 14:17:47:SELECT * FROM t_act_group WHERE 1 AND act_id=5
2018-01-04 14:17:47:SELECT * FROM t_act_user WHERE 1 AND act_id=5 AND group_id=1 order by use_time DESC
2018-01-04 14:17:47:SELECT * FROM t_user WHERE 1 AND openid='oeDcV0W0lW2u-WnondVku8uZZo4k' LIMIT 1
2018-01-04 14:18:21:SELECT * FROM t_act WHERE 1 AND id=5 LIMIT 1
2018-01-04 14:18:21:SELECT count(*) num FROM t_act_user WHERE 1 AND openid='oeDcV0W0lW2u-WnondVku8uZZo4k' LIMIT 1
2018-01-04 14:18:21:SELECT * FROM t_act_group WHERE 1 AND act_id=5
2018-01-04 14:18:21:SELECT * FROM t_act_user WHERE 1 AND act_id=5 AND group_id=1 order by use_time DESC
2018-01-04 14:18:21:SELECT * FROM t_user WHERE 1 AND openid='oeDcV0W0lW2u-WnondVku8uZZo4k' LIMIT 1
2018-01-04 14:18:46:SELECT * FROM t_act WHERE 1 AND id=5 LIMIT 1
2018-01-04 14:18:46:SELECT count(*) num FROM t_act_user WHERE 1 AND openid='oeDcV0W0lW2u-WnondVku8uZZo4k' LIMIT 1
2018-01-04 14:18:46:SELECT * FROM t_act_group WHERE 1 AND act_id=5
2018-01-04 14:18:46:SELECT * FROM t_act_user WHERE 1 AND act_id=5 AND group_id=1 order by use_time DESC
2018-01-04 14:18:46:SELECT * FROM t_user WHERE 1 AND openid='oeDcV0W0lW2u-WnondVku8uZZo4k' LIMIT 1
2018-01-04 14:19:01:SELECT * FROM t_act WHERE 1 AND id=5 LIMIT 1
2018-01-04 14:19:01:SELECT count(*) num FROM t_act_user WHERE 1 AND openid='oeDcV0W0lW2u-WnondVku8uZZo4k' LIMIT 1
2018-01-04 14:19:01:SELECT * FROM t_act_group WHERE 1 AND act_id=5
2018-01-04 14:19:01:SELECT * FROM t_act_user WHERE 1 AND act_id=5 AND group_id=1 order by use_time DESC
2018-01-04 14:19:01:SELECT * FROM t_user WHERE 1 AND openid='oeDcV0W0lW2u-WnondVku8uZZo4k' LIMIT 1
2018-01-04 14:19:10:SELECT * FROM t_act WHERE 1 AND id=5 LIMIT 1
2018-01-04 14:19:10:SELECT count(*) num FROM t_act_user WHERE 1 AND openid='oeDcV0W0lW2u-WnondVku8uZZo4k' LIMIT 1
2018-01-04 14:19:11:SELECT * FROM t_act_group WHERE 1 AND act_id=5
2018-01-04 14:19:11:SELECT * FROM t_act_user WHERE 1 AND act_id=5 AND group_id=1 order by use_time DESC
2018-01-04 14:19:11:SELECT * FROM t_user WHERE 1 AND openid='oeDcV0W0lW2u-WnondVku8uZZo4k' LIMIT 1
2018-01-04 14:19:44:SELECT * FROM t_act WHERE 1 AND id=5 LIMIT 1
2018-01-04 14:19:44:SELECT count(*) num FROM t_act_user WHERE 1 AND openid='oeDcV0W0lW2u-WnondVku8uZZo4k' LIMIT 1
2018-01-04 14:19:44:SELECT * FROM t_act_group WHERE 1 AND act_id=5
2018-01-04 14:19:44:SELECT * FROM t_act_user WHERE 1 AND act_id=5 AND group_id=1 order by use_time DESC
2018-01-04 14:19:44:SELECT * FROM t_user WHERE 1 AND openid='oeDcV0W0lW2u-WnondVku8uZZo4k' LIMIT 1
2018-01-04 14:19:56:SELECT count(*) num FROM t_act_user WHERE 1 AND openid='oeDcV0W0lW2u-WnondVku8uZZo4k' LIMIT 1
2018-01-04 14:26:09:SELECT * FROM t_act WHERE 1 AND id=5 LIMIT 1
2018-01-04 14:26:09:SELECT count(*) num FROM t_act_user WHERE 1 AND openid='oeDcV0W0lW2u-WnondVku8uZZo4k' LIMIT 1
2018-01-04 14:26:09:SELECT * FROM t_act_group WHERE 1 AND act_id=5
2018-01-04 14:26:09:SELECT * FROM t_act_user WHERE 1 AND act_id=5 AND group_id=1 order by use_time DESC
2018-01-04 14:26:09:SELECT * FROM t_user WHERE 1 AND openid='oeDcV0W0lW2u-WnondVku8uZZo4k' LIMIT 1
2018-01-04 14:26:21:SELECT * FROM t_act WHERE 1 AND id=5 LIMIT 1
2018-01-04 14:26:22:SELECT count(*) num FROM t_act_user WHERE 1 AND openid='oeDcV0W0lW2u-WnondVku8uZZo4k' LIMIT 1
2018-01-04 14:26:22:SELECT * FROM t_act_group WHERE 1 AND act_id=5
2018-01-04 14:26:22:SELECT * FROM t_act_user WHERE 1 AND act_id=5 AND group_id=1 order by use_time DESC
2018-01-04 14:26:22:SELECT * FROM t_user WHERE 1 AND openid='oeDcV0W0lW2u-WnondVku8uZZo4k' LIMIT 1
2018-01-04 14:27:02:SELECT * FROM t_act WHERE 1 AND id=5 LIMIT 1
2018-01-04 14:27:02:SELECT count(*) num FROM t_act_user WHERE 1 AND openid='oeDcV0W0lW2u-WnondVku8uZZo4k' LIMIT 1
2018-01-04 14:27:02:SELECT * FROM t_act_group WHERE 1 AND act_id=5
2018-01-04 14:27:02:SELECT * FROM t_act_user WHERE 1 AND act_id=5 AND group_id=1 order by use_time DESC
2018-01-04 14:27:02:SELECT * FROM t_user WHERE 1 AND openid='oeDcV0W0lW2u-WnondVku8uZZo4k' LIMIT 1
2018-01-04 14:27:21:SELECT count(*) num FROM t_act_user WHERE 1 AND openid='oeDcV0W0lW2u-WnondVku8uZZo4k' LIMIT 1
2018-01-04 14:29:17:SELECT * FROM t_act WHERE 1 AND id=5 LIMIT 1
2018-01-04 14:29:17:SELECT count(*) num FROM t_act_user WHERE 1 AND openid='oeDcV0W0lW2u-WnondVku8uZZo4k' LIMIT 1
2018-01-04 14:29:17:SELECT * FROM t_act_group WHERE 1 AND act_id=5
2018-01-04 14:29:17:SELECT * FROM t_act_user WHERE 1 AND act_id=5 AND group_id=1 order by use_time DESC
2018-01-04 14:29:18:SELECT * FROM t_user WHERE 1 AND openid='oeDcV0W0lW2u-WnondVku8uZZo4k' LIMIT 1
2018-01-04 14:29:39:SELECT * FROM t_user WHERE 1 AND openid = 'oeDcV0W0lW2u-WnondVku8uZZo4k' LIMIT 1
2018-01-04 14:31:24:SELECT * FROM t_user WHERE 1 AND openid = 'oeDcV0W0lW2u-WnondVku8uZZo4k' LIMIT 1
2018-01-04 14:31:29:SELECT * FROM t_user WHERE 1 AND openid = 'oeDcV0W0lW2u-WnondVku8uZZo4k' LIMIT 1
2018-01-04 14:35:03:SELECT * FROM t_act WHERE 1 AND id=10 LIMIT 1
2018-01-04 14:35:03:SELECT count(*) num FROM t_act_user WHERE 1 AND openid='oeDcV0W0lW2u-WnondVku8uZZo4k' LIMIT 1
2018-01-04 14:35:03:SELECT * FROM t_act_group WHERE 1 AND act_id=10
2018-01-04 14:35:03:SELECT * FROM t_act_user WHERE 1 AND act_id=10 AND group_id=1 order by use_time DESC
2018-01-04 14:45:04:SELECT * FROM t_user WHERE 1 AND openid = 'oeDcV0W0lW2u-WnondVku8uZZo4k' LIMIT 1
2018-01-04 14:45:26:SELECT * FROM t_user WHERE 1 AND openid = 'oeDcV0W0lW2u-WnondVku8uZZo4k' LIMIT 1
2018-01-04 14:47:37:SELECT * FROM t_act WHERE 1 AND id=11 LIMIT 1
2018-01-04 14:47:37:SELECT count(*) num FROM t_act_user WHERE 1 AND openid='oeDcV0W0lW2u-WnondVku8uZZo4k' LIMIT 1
2018-01-04 14:47:37:SELECT * FROM t_act_group WHERE 1 AND act_id=11
2018-01-04 14:47:37:SELECT * FROM t_act_user WHERE 1 AND act_id=11 AND group_id=1 order by use_time DESC
2018-01-04 14:48:17:SELECT * FROM t_user WHERE 1 AND openid = 'oeDcV0W0lW2u-WnondVku8uZZo4k' LIMIT 1
2018-01-04 14:48:20:SELECT * FROM t_user_money WHERE 1 AND openid="oeDcV0W0lW2u-WnondVku8uZZo4k" LIMIT 1
2018-01-04 14:48:23:SELECT * FROM t_user_money WHERE 1 AND openid="oeDcV0W0lW2u-WnondVku8uZZo4k" LIMIT 1
2018-01-04 14:57:25:SELECT * FROM t_user WHERE 1 AND openid = 'oeDcV0W0lW2u-WnondVku8uZZo4k' LIMIT 1
2018-01-04 15:00:03:SELECT * FROM t_user WHERE 1 AND openid = 'oeDcV0W0lW2u-WnondVku8uZZo4k' LIMIT 1
2018-01-04 15:00:51:SELECT * FROM t_user WHERE 1 AND openid = 'oeDcV0W0lW2u-WnondVku8uZZo4k' LIMIT 1
2018-01-04 15:01:53:SELECT * FROM t_user WHERE 1 AND openid = 'oeDcV0W0lW2u-WnondVku8uZZo4k' LIMIT 1
2018-01-04 15:02:06:SELECT * FROM t_user WHERE 1 AND openid = 'oeDcV0W0lW2u-WnondVku8uZZo4k' LIMIT 1
2018-01-04 15:02:18:SELECT * FROM t_user WHERE 1 AND openid = 'oeDcV0W0lW2u-WnondVku8uZZo4k' LIMIT 1
2018-01-04 15:02:29:SELECT * FROM t_user WHERE 1 AND openid = 'oeDcV0W0lW2u-WnondVku8uZZo4k' LIMIT 1
2018-01-04 15:02:33:SELECT * FROM t_user WHERE 1 AND openid = 'oeDcV0W0lW2u-WnondVku8uZZo4k' LIMIT 1
2018-01-04 15:02:39:SELECT * FROM t_user WHERE 1 AND openid = 'oeDcV0W0lW2u-WnondVku8uZZo4k' LIMIT 1
2018-01-04 15:02:57:SELECT * FROM t_user WHERE 1 AND openid = 'oeDcV0W0lW2u-WnondVku8uZZo4k' LIMIT 1
2018-01-04 15:03:36:SELECT * FROM t_user WHERE 1 AND openid = 'oeDcV0W0lW2u-WnondVku8uZZo4k' LIMIT 1
2018-01-04 15:04:01:SELECT * FROM t_user WHERE 1 AND openid = 'oeDcV0W0lW2u-WnondVku8uZZo4k' LIMIT 1
2018-01-04 15:04:10:SELECT * FROM t_user WHERE 1 AND openid = 'oeDcV0W0lW2u-WnondVku8uZZo4k' LIMIT 1
2018-01-04 15:04:19:SELECT * FROM t_user WHERE 1 AND openid = 'oeDcV0W0lW2u-WnondVku8uZZo4k' LIMIT 1
2018-01-04 15:04:46:SELECT * FROM t_user WHERE 1 AND openid = 'oeDcV0W0lW2u-WnondVku8uZZo4k' LIMIT 1
2018-01-04 15:04:59:SELECT * FROM t_user WHERE 1 AND openid = 'oeDcV0W0lW2u-WnondVku8uZZo4k' LIMIT 1
2018-01-04 15:05:29:SELECT * FROM t_user WHERE 1 AND openid = 'oeDcV0W0lW2u-WnondVku8uZZo4k' LIMIT 1
2018-01-04 15:05:49:SELECT * FROM t_user WHERE 1 AND openid = 'oeDcV0W0lW2u-WnondVku8uZZo4k' LIMIT 1
2018-01-04 15:06:02:SELECT * FROM t_user WHERE 1 AND openid = 'oeDcV0W0lW2u-WnondVku8uZZo4k' LIMIT 1
2018-01-04 15:06:52:SELECT * FROM t_user WHERE 1 AND openid = 'oeDcV0W0lW2u-WnondVku8uZZo4k' LIMIT 1
2018-01-04 15:07:25:SELECT * FROM t_user WHERE 1 AND openid = 'oeDcV0W0lW2u-WnondVku8uZZo4k' LIMIT 1
2018-01-04 15:07:35:SELECT * FROM t_user WHERE 1 AND openid = 'oeDcV0W0lW2u-WnondVku8uZZo4k' LIMIT 1
2018-01-04 15:07:52:SELECT * FROM t_user WHERE 1 AND openid = 'oeDcV0W0lW2u-WnondVku8uZZo4k' LIMIT 1
2018-01-04 15:15:12:SELECT * FROM t_user WHERE 1 AND openid = 'oeDcV0W0lW2u-WnondVku8uZZo4k' LIMIT 1
2018-01-04 15:15:14:SELECT * FROM t_act WHERE 1  LIMIT 0,10
2018-01-04 15:15:33:SELECT * FROM t_user WHERE 1 AND openid = 'oeDcV0W0lW2u-WnondVku8uZZo4k' LIMIT 1
2018-01-04 15:15:35:SELECT * FROM t_act WHERE 1  LIMIT 0,20
2018-01-04 15:23:53:SELECT * FROM t_user WHERE 1 AND openid = 'oeDcV0W0lW2u-WnondVku8uZZo4k' LIMIT 1
2018-01-04 15:24:06:SELECT * FROM t_user WHERE 1 AND openid = 'oeDcV0W0lW2u-WnondVku8uZZo4k' LIMIT 1
2018-01-04 15:25:21:SELECT * FROM t_user WHERE 1 AND openid = 'oeDcV0W0lW2u-WnondVku8uZZo4k' LIMIT 1
2018-01-04 15:34:07:SELECT * FROM t_user WHERE 1 AND openid = 'oeDcV0W0lW2u-WnondVku8uZZo4k' LIMIT 1
2018-01-04 15:34:10:SELECT * FROM t_act WHERE 1  LIMIT '0,9'
2018-01-04 15:34:28:SELECT * FROM t_user WHERE 1 AND openid = 'oeDcV0W0lW2u-WnondVku8uZZo4k' LIMIT 1
2018-01-04 15:34:54:SELECT * FROM t_user WHERE 1 AND openid = 'oeDcV0W0lW2u-WnondVku8uZZo4k' LIMIT 1
2018-01-04 15:34:56:SELECT * FROM t_act WHERE 1  LIMIT '0,10'
2018-01-04 15:35:23:SELECT * FROM t_user WHERE 1 AND openid = 'oeDcV0W0lW2u-WnondVku8uZZo4k' LIMIT 1
2018-01-04 15:35:24:SELECT * FROM t_act WHERE 1  LIMIT 0,10
2018-01-04 15:35:34:SELECT * FROM t_user WHERE 1 AND openid = 'oeDcV0W0lW2u-WnondVku8uZZo4k' LIMIT 1
2018-01-04 15:36:03:SELECT * FROM t_act WHERE 1  LIMIT 0,9
2018-01-04 15:38:58:SELECT * FROM t_user WHERE 1 AND openid = 'oeDcV0W0lW2u-WnondVku8uZZo4k' LIMIT 1
2018-01-04 15:39:02:SELECT * FROM t_act WHERE 1  LIMIT 0,3
2018-01-04 15:41:43:SELECT * FROM t_user WHERE 1 AND openid = 'oeDcV0W0lW2u-WnondVku8uZZo4k' LIMIT 1
2018-01-04 15:41:48:SELECT * FROM t_act WHERE 1  LIMIT 0,3
2018-01-04 15:42:29:SELECT * FROM t_user WHERE 1 AND openid = 'oeDcV0W0lW2u-WnondVku8uZZo4k' LIMIT 1
2018-01-04 15:42:33:SELECT * FROM t_act WHERE 1  LIMIT 0,3
2018-01-04 15:45:41:SELECT * FROM t_user WHERE 1 AND openid = 'oeDcV0W0lW2u-WnondVku8uZZo4k' LIMIT 1
2018-01-04 15:45:43:SELECT * FROM t_act WHERE 1  LIMIT 0,3
2018-01-04 15:47:59:SELECT * FROM t_user WHERE 1 AND openid = 'oeDcV0W0lW2u-WnondVku8uZZo4k' LIMIT 1
2018-01-04 15:48:01:SELECT * FROM t_act WHERE 1  LIMIT 0,3
2018-01-04 15:48:55:SELECT * FROM t_user WHERE 1 AND openid = 'oeDcV0W0lW2u-WnondVku8uZZo4k' LIMIT 1
2018-01-04 15:49:00:SELECT * FROM t_act WHERE 1  LIMIT 0,3
2018-01-04 15:49:47:SELECT * FROM t_user WHERE 1 AND openid = 'oeDcV0W0lW2u-WnondVku8uZZo4k' LIMIT 1
2018-01-04 15:49:54:SELECT * FROM t_user WHERE 1 AND openid = 'oeDcV0W0lW2u-WnondVku8uZZo4k' LIMIT 1
2018-01-04 15:49:57:SELECT * FROM t_act WHERE 1  LIMIT 0,3
2018-01-04 15:50:25:SELECT * FROM t_user WHERE 1 AND openid = 'oeDcV0W0lW2u-WnondVku8uZZo4k' LIMIT 1
2018-01-04 15:50:28:SELECT * FROM t_act WHERE 1  LIMIT 0,3
2018-01-04 15:51:10:SELECT * FROM t_user WHERE 1 AND openid = 'oeDcV0W0lW2u-WnondVku8uZZo4k' LIMIT 1
2018-01-04 15:51:12:SELECT * FROM t_act WHERE 1  LIMIT 0,3
2018-01-04 15:51:46:SELECT * FROM t_user WHERE 1 AND openid = 'oeDcV0W0lW2u-WnondVku8uZZo4k' LIMIT 1
2018-01-04 15:51:50:SELECT * FROM t_act WHERE 1  LIMIT 0,3
2018-01-04 15:54:16:SELECT * FROM t_user WHERE 1 AND openid = 'oeDcV0W0lW2u-WnondVku8uZZo4k' LIMIT 1
2018-01-04 15:54:19:SELECT * FROM t_act WHERE 1  LIMIT 0,3
2018-01-04 15:54:46:SELECT * FROM t_user WHERE 1 AND openid = 'oeDcV0W0lW2u-WnondVku8uZZo4k' LIMIT 1
2018-01-04 15:54:48:SELECT * FROM t_act WHERE 1  LIMIT 0,3
2018-01-04 15:55:10:SELECT * FROM t_user WHERE 1 AND openid = 'oeDcV0W0lW2u-WnondVku8uZZo4k' LIMIT 1
2018-01-04 15:55:12:SELECT * FROM t_act WHERE 1  LIMIT 0,3
2018-01-04 15:56:51:SELECT * FROM t_user WHERE 1 AND openid = 'oeDcV0W0lW2u-WnondVku8uZZo4k' LIMIT 1
2018-01-04 15:56:53:SELECT * FROM t_act WHERE 1  LIMIT 0,5
2018-01-04 15:57:12:SELECT * FROM t_user WHERE 1 AND openid = 'oeDcV0W0lW2u-WnondVku8uZZo4k' LIMIT 1
2018-01-04 15:57:14:SELECT * FROM t_act WHERE 1  LIMIT 0,6
2018-01-04 16:09:41:SELECT * FROM t_user WHERE 1 AND openid = 'oeDcV0W0lW2u-WnondVku8uZZo4k' LIMIT 1
2018-01-04 16:09:44:SELECT * FROM t_act WHERE 1  LIMIT 0,6
2018-01-04 16:12:06:SELECT * FROM t_user WHERE 1 AND openid = 'oeDcV0TIhZCvU1UFnqrdS_fKJxW0' LIMIT 1
2018-01-04 16:13:19:SELECT * FROM t_user WHERE 1 AND openid = 'oeDcV0W0lW2u-WnondVku8uZZo4k' LIMIT 1
2018-01-04 16:13:23:SELECT * FROM t_act WHERE 1  LIMIT 0,6
2018-01-04 16:13:40:SELECT * FROM t_user WHERE 1 AND openid = 'oeDcV0W0lW2u-WnondVku8uZZo4k' LIMIT 1
2018-01-04 16:13:42:SELECT * FROM t_act WHERE 1  LIMIT 0,6
2018-01-04 16:13:56:SELECT * FROM t_act WHERE 1 AND id=12 LIMIT 1
2018-01-04 16:13:56:SELECT count(*) num FROM t_act_user WHERE 1 AND openid='oeDcV0TIhZCvU1UFnqrdS_fKJxW0' LIMIT 1
2018-01-04 16:13:56:SELECT * FROM t_act_group WHERE 1 AND act_id=12
2018-01-04 16:13:56:SELECT * FROM t_act_user WHERE 1 AND act_id=12 AND group_id=1 order by use_time DESC
2018-01-04 16:16:10:SELECT * FROM t_user WHERE 1 AND openid = 'oeDcV0W0lW2u-WnondVku8uZZo4k' LIMIT 1
2018-01-04 16:16:12:SELECT * FROM t_act WHERE 1  LIMIT 0,50
2018-01-04 16:17:08:SELECT * FROM t_act WHERE 1 AND id=12 LIMIT 1
2018-01-04 16:17:08:SELECT count(*) num FROM t_act_user WHERE 1 AND openid='oeDcV0TIhZCvU1UFnqrdS_fKJxW0' LIMIT 1
2018-01-04 16:17:09:SELECT * FROM t_act_group WHERE 1 AND act_id=12
2018-01-04 16:17:09:SELECT * FROM t_act_user WHERE 1 AND act_id=12 AND group_id=1 order by use_time DESC
2018-01-04 16:17:34:SELECT * FROM t_act WHERE 1 AND id=12 LIMIT 1
2018-01-04 16:17:34:SELECT count(*) num FROM t_act_user WHERE 1 AND openid='oeDcV0TIhZCvU1UFnqrdS_fKJxW0' LIMIT 1
2018-01-04 16:17:34:SELECT * FROM t_act_group WHERE 1 AND act_id=12
2018-01-04 16:17:34:SELECT * FROM t_act_user WHERE 1 AND act_id=12 AND group_id=1 order by use_time DESC
2018-01-04 16:19:34:SELECT * FROM t_user WHERE 1 AND openid = 'oeDcV0W0lW2u-WnondVku8uZZo4k' LIMIT 1
2018-01-04 16:19:35:SELECT * FROM t_act WHERE 1  LIMIT 0,50
2018-01-04 16:19:59:SELECT * FROM t_user WHERE 1 AND openid = 'oeDcV0W0lW2u-WnondVku8uZZo4k' LIMIT 1
2018-01-04 16:20:01:SELECT * FROM t_act WHERE 1  LIMIT 0,50
2018-01-04 16:23:38:SELECT * FROM t_user WHERE 1 AND openid = 'oeDcV0W0lW2u-WnondVku8uZZo4k' LIMIT 1
2018-01-04 16:23:40:SELECT * FROM t_act WHERE 1  LIMIT 0,50
2018-01-04 16:23:50:SELECT * FROM t_act WHERE 1  LIMIT 0,50
2018-01-04 16:45:32:SELECT * FROM t_user WHERE 1 AND openid = 'oeDcV0W0lW2u-WnondVku8uZZo4k' LIMIT 1
2018-01-04 17:19:43:SELECT * FROM t_act WHERE 1  LIMIT 0,50
2018-01-04 17:56:06:SELECT * FROM t_user WHERE 1 AND openid = 'oeDcV0W0lW2u-WnondVku8uZZo4k' LIMIT 1
2018-01-04 18:06:16:SELECT * FROM t_user WHERE 1 AND openid = 'oeDcV0W0lW2u-WnondVku8uZZo4k' LIMIT 1
2018-01-04 18:09:09:SELECT * FROM t_user WHERE 1 AND openid = 'oeDcV0W0lW2u-WnondVku8uZZo4k' LIMIT 1
2018-01-04 18:22:19:SELECT * FROM t_user WHERE 1 AND openid = 'oeDcV0W0lW2u-WnondVku8uZZo4k' LIMIT 1
