2018-01-05 09:59:43:SELECT * FROM t_user WHERE 1 AND openid = 'oeDcV0W0lW2u-WnondVku8uZZo4k' LIMIT 1
2018-01-05 10:00:08:SELECT * FROM t_act WHERE 1  LIMIT 0,50
2018-01-05 10:00:21:SELECT * FROM t_user_money WHERE 1 AND openid="oeDcV0W0lW2u-WnondVku8uZZo4k" LIMIT 1
2018-01-05 10:03:14:SELECT * FROM t_user WHERE 1 AND openid = 'oeDcV0W0lW2u-WnondVku8uZZo4k' LIMIT 1
2018-01-05 10:14:09:SELECT * FROM t_act WHERE 1  LIMIT 0,50
2018-01-05 10:14:24:SELECT * FROM t_user_money WHERE 1 AND openid="oeDcV0W0lW2u-WnondVku8uZZo4k" LIMIT 1
2018-01-05 10:14:41:SELECT * FROM t_user_money WHERE 1 AND openid="oeDcV0W0lW2u-WnondVku8uZZo4k" LIMIT 1
2018-01-05 10:14:49:SELECT * FROM t_act WHERE 1  LIMIT 0,50
2018-01-05 10:14:53:SELECT * FROM t_user_money WHERE 1 AND openid="oeDcV0W0lW2u-WnondVku8uZZo4k" LIMIT 1
2018-01-05 10:14:56:SELECT * FROM t_act WHERE 1  LIMIT 0,50
2018-01-05 10:15:18:SELECT * FROM t_act WHERE 1  LIMIT 0,50
2018-01-05 10:16:23:SELECT * FROM t_act WHERE 1 AND id=5 LIMIT 1
2018-01-05 10:16:24:SELECT count(*) num FROM t_act_user WHERE 1 AND openid='oeDcV0W0lW2u-WnondVku8uZZo4k' LIMIT 1
2018-01-05 10:16:24:SELECT * FROM t_act_group WHERE 1 AND act_id=5
2018-01-05 10:16:24:SELECT * FROM t_act_user WHERE 1 AND act_id=5 AND group_id=1 order by use_time DESC
2018-01-05 10:16:24:SELECT * FROM t_user WHERE 1 AND openid='oeDcV0W0lW2u-WnondVku8uZZo4k' LIMIT 1
2018-01-05 10:17:19:SELECT * FROM t_act WHERE 1 AND id=5 LIMIT 1
2018-01-05 10:17:19:SELECT count(*) num FROM t_act_user WHERE 1 AND openid='oeDcV0W0lW2u-WnondVku8uZZo4k' LIMIT 1
2018-01-05 10:17:19:SELECT * FROM t_act_group WHERE 1 AND act_id=5
2018-01-05 10:17:19:SELECT * FROM t_act_user WHERE 1 AND act_id=5 AND group_id=1 order by use_time DESC
2018-01-05 10:17:19:SELECT * FROM t_user WHERE 1 AND openid='oeDcV0W0lW2u-WnondVku8uZZo4k' LIMIT 1
2018-01-05 10:18:12:SELECT count(*) num FROM t_act_user WHERE 1 AND openid='oeDcV0W0lW2u-WnondVku8uZZo4k' LIMIT 1
2018-01-05 10:18:30:SELECT count(*) num FROM t_act_user WHERE 1 AND openid='oeDcV0W0lW2u-WnondVku8uZZo4k' LIMIT 1
2018-01-05 10:19:05:SELECT * FROM t_user_money WHERE 1 AND openid="oeDcV0W0lW2u-WnondVku8uZZo4k" LIMIT 1
2018-01-05 10:19:15:SELECT * FROM t_user_money WHERE 1 AND openid="oeDcV0W0lW2u-WnondVku8uZZo4k" LIMIT 1
2018-01-05 10:19:24:SELECT * FROM t_user_money WHERE 1 AND openid="oeDcV0W0lW2u-WnondVku8uZZo4k" LIMIT 1
2018-01-05 10:19:28:SELECT * FROM t_user_money WHERE 1 AND openid="oeDcV0W0lW2u-WnondVku8uZZo4k" LIMIT 1
2018-01-05 10:19:32:SELECT * FROM t_user_money WHERE 1 AND openid="oeDcV0W0lW2u-WnondVku8uZZo4k" LIMIT 1
2018-01-05 10:19:37:SELECT * FROM t_user WHERE 1 AND openid = 'oeDcV0W0lW2u-WnondVku8uZZo4k' LIMIT 1
2018-01-05 10:42:43:SELECT * FROM t_user WHERE 1 AND openid = 'oeDcV0W0lW2u-WnondVku8uZZo4k' LIMIT 1
2018-01-05 10:42:57:SELECT * FROM t_user WHERE 1 AND openid = 'oeDcV0W0lW2u-WnondVku8uZZo4k' LIMIT 1
2018-01-05 10:43:19:SELECT * FROM t_user WHERE 1 AND openid = 'oeDcV0W0lW2u-WnondVku8uZZo4k' LIMIT 1
2018-01-05 10:43:40:SELECT * FROM t_user WHERE 1 AND openid = 'oeDcV0W0lW2u-WnondVku8uZZo4k' LIMIT 1
2018-01-05 10:43:53:SELECT * FROM t_user WHERE 1 AND openid = 'oeDcV0W0lW2u-WnondVku8uZZo4k' LIMIT 1
2018-01-05 10:44:22:SELECT * FROM t_user WHERE 1 AND openid = 'oeDcV0W0lW2u-WnondVku8uZZo4k' LIMIT 1
2018-01-05 10:47:16:SELECT * FROM t_user WHERE 1 AND openid = 'oeDcV0W0lW2u-WnondVku8uZZo4k' LIMIT 1
2018-01-05 10:47:34:SELECT * FROM t_user WHERE 1 AND openid = 'oeDcV0W0lW2u-WnondVku8uZZo4k' LIMIT 1
2018-01-05 10:49:12:SELECT * FROM t_user WHERE 1 AND openid = 'oeDcV0W0lW2u-WnondVku8uZZo4k' LIMIT 1
2018-01-05 10:52:10:SELECT * FROM t_user WHERE 1 AND openid = 'oeDcV0W0lW2u-WnondVku8uZZo4k' LIMIT 1
2018-01-05 10:56:33:SELECT * FROM t_act WHERE 1 AND id=13 LIMIT 1
2018-01-05 10:56:33:SELECT count(*) num FROM t_act_user WHERE 1 AND openid='oeDcV0W0lW2u-WnondVku8uZZo4k' LIMIT 1
2018-01-05 10:56:33:SELECT * FROM t_act_group WHERE 1 AND act_id=13
2018-01-05 10:56:33:SELECT * FROM t_act_user WHERE 1 AND act_id=13 AND group_id=1 order by use_time DESC
2018-01-05 11:04:11:SELECT * FROM t_user WHERE 1 AND openid = 'oeDcV0W0lW2u-WnondVku8uZZo4k' LIMIT 1
2018-01-05 11:04:54:SELECT * FROM t_act WHERE 1 AND id=14 LIMIT 1
2018-01-05 11:04:54:SELECT count(*) num FROM t_act_user WHERE 1 AND openid='oeDcV0W0lW2u-WnondVku8uZZo4k' LIMIT 1
2018-01-05 11:04:54:SELECT * FROM t_act_group WHERE 1 AND act_id=14
2018-01-05 11:04:54:SELECT * FROM t_act_user WHERE 1 AND act_id=14 AND group_id=1 order by use_time DESC
2018-01-05 11:10:49:SELECT * FROM t_user WHERE 1 AND openid = 'oeDcV0W0lW2u-WnondVku8uZZo4k' LIMIT 1
2018-01-05 11:11:22:SELECT * FROM t_act WHERE 1 AND id=15 LIMIT 1
2018-01-05 11:11:22:SELECT count(*) num FROM t_act_user WHERE 1 AND openid='oeDcV0W0lW2u-WnondVku8uZZo4k' LIMIT 1
2018-01-05 11:11:22:SELECT * FROM t_act_group WHERE 1 AND act_id=15
2018-01-05 11:11:22:SELECT * FROM t_act_user WHERE 1 AND act_id=15 AND group_id=1 order by use_time DESC
2018-01-05 11:15:25:SELECT count(*) num FROM t_act_user WHERE 1 AND openid='oeDcV0W0lW2u-WnondVku8uZZo4k' LIMIT 1
2018-01-05 11:17:32:SELECT * FROM t_user WHERE 1 AND openid = 'oeDcV0W0lW2u-WnondVku8uZZo4k' LIMIT 1
2018-01-05 11:17:35:SELECT * FROM t_act WHERE 1  LIMIT 0,50
2018-01-05 11:17:37:SELECT * FROM t_user_money WHERE 1 AND openid="oeDcV0W0lW2u-WnondVku8uZZo4k" LIMIT 1
2018-01-05 11:18:36:SELECT * FROM t_user_money WHERE 1 AND openid="oeDcV0W0lW2u-WnondVku8uZZo4k" LIMIT 1
2018-01-05 11:19:48:SELECT * FROM t_act WHERE 1 AND id=5 LIMIT 1
2018-01-05 11:19:48:SELECT count(*) num FROM t_act_user WHERE 1 AND openid='oeDcV0W0lW2u-WnondVku8uZZo4k' LIMIT 1
2018-01-05 11:19:48:SELECT * FROM t_act_group WHERE 1 AND act_id=5
2018-01-05 11:19:48:SELECT * FROM t_act_user WHERE 1 AND act_id=5 AND group_id=1 order by use_time DESC
2018-01-05 11:19:48:SELECT * FROM t_user WHERE 1 AND openid='oeDcV0W0lW2u-WnondVku8uZZo4k' LIMIT 1
2018-01-05 11:20:22:SELECT count(*) num FROM t_act_user WHERE 1 AND openid='oeDcV0W0lW2u-WnondVku8uZZo4k' LIMIT 1
2018-01-05 11:20:40:SELECT * FROM t_user WHERE 1 AND openid = 'oeDcV0W0lW2u-WnondVku8uZZo4k' LIMIT 1
2018-01-05 11:21:42:SELECT * FROM t_user WHERE 1 AND openid = 'oeDcV0W0lW2u-WnondVku8uZZo4k' LIMIT 1
2018-01-05 11:26:31:SELECT * FROM t_user WHERE 1 AND openid = 'oeDcV0W0lW2u-WnondVku8uZZo4k' LIMIT 1
2018-01-05 11:28:12:SELECT * FROM t_user WHERE 1 AND openid = 'oeDcV0W0lW2u-WnondVku8uZZo4k' LIMIT 1
2018-01-05 11:29:00:SELECT * FROM t_user WHERE 1 AND openid = 'oeDcV0W0lW2u-WnondVku8uZZo4k' LIMIT 1
2018-01-05 11:50:32:SELECT * FROM t_user WHERE 1 AND openid = 'oeDcV0W0lW2u-WnondVku8uZZo4k' LIMIT 1
2018-01-05 11:58:07:SELECT * FROM t_user WHERE 1 AND openid = 'oeDcV0W0lW2u-WnondVku8uZZo4k' LIMIT 1
2018-01-05 12:04:54:SELECT * FROM t_user WHERE 1 AND openid = 'oeDcV0W0lW2u-WnondVku8uZZo4k' LIMIT 1
2018-01-05 14:05:04:SELECT * FROM t_user WHERE 1 AND openid = 'oeDcV0W0lW2u-WnondVku8uZZo4k' LIMIT 1
2018-01-05 14:06:14:SELECT * FROM t_user WHERE 1 AND openid = 'oeDcV0W0lW2u-WnondVku8uZZo4k' LIMIT 1
2018-01-05 14:07:41:SELECT * FROM t_user WHERE 1 AND openid = 'oeDcV0W0lW2u-WnondVku8uZZo4k' LIMIT 1
2018-01-05 14:09:02:SELECT * FROM t_user WHERE 1 AND openid = 'oeDcV0W0lW2u-WnondVku8uZZo4k' LIMIT 1
2018-01-05 14:09:08:SELECT * FROM t_user WHERE 1 AND openid = 'oeDcV0W0lW2u-WnondVku8uZZo4k' LIMIT 1
2018-01-05 14:12:25:SELECT * FROM t_user WHERE 1 AND openid = 'oeDcV0W0lW2u-WnondVku8uZZo4k' LIMIT 1
2018-01-05 14:22:21:SELECT * FROM t_user WHERE 1 AND openid = 'oeDcV0W0lW2u-WnondVku8uZZo4k' LIMIT 1
2018-01-05 14:22:24:SELECT * FROM t_user WHERE 1 AND openid = 'oeDcV0W0lW2u-WnondVku8uZZo4k' LIMIT 1
2018-01-05 14:24:07:SELECT * FROM t_user WHERE 1 AND openid = 'oeDcV0W0lW2u-WnondVku8uZZo4k' LIMIT 1
2018-01-05 14:27:51:SELECT * FROM t_user WHERE 1 AND openid = 'oeDcV0W0lW2u-WnondVku8uZZo4k' LIMIT 1
2018-01-05 14:28:43:SELECT * FROM t_user WHERE 1 AND openid = 'oeDcV0W0lW2u-WnondVku8uZZo4k' LIMIT 1
2018-01-05 14:29:47:SELECT * FROM t_user WHERE 1 AND openid = 'oeDcV0W0lW2u-WnondVku8uZZo4k' LIMIT 1
2018-01-05 14:29:50:SELECT * FROM t_user WHERE 1 AND openid = 'oeDcV0W0lW2u-WnondVku8uZZo4k' LIMIT 1
2018-01-05 14:32:10:SELECT * FROM t_user WHERE 1 AND openid = 'oeDcV0W0lW2u-WnondVku8uZZo4k' LIMIT 1
2018-01-05 14:34:09:SELECT * FROM t_user WHERE 1 AND openid = 'oeDcV0W0lW2u-WnondVku8uZZo4k' LIMIT 1
2018-01-05 14:36:11:SELECT * FROM t_user WHERE 1 AND openid = 'oeDcV0W0lW2u-WnondVku8uZZo4k' LIMIT 1
2018-01-05 14:36:13:SELECT * FROM t_user WHERE 1 AND openid = 'oeDcV0W0lW2u-WnondVku8uZZo4k' LIMIT 1
2018-01-05 14:36:53:SELECT * FROM t_user WHERE 1 AND openid = 'oeDcV0W0lW2u-WnondVku8uZZo4k' LIMIT 1
2018-01-05 14:43:50:SELECT * FROM t_user WHERE 1 AND openid = 'oeDcV0W0lW2u-WnondVku8uZZo4k' LIMIT 1
2018-01-05 14:45:05:SELECT * FROM t_user WHERE 1 AND openid = 'oeDcV0W0lW2u-WnondVku8uZZo4k' LIMIT 1
2018-01-05 14:47:20:SELECT * FROM t_user WHERE 1 AND openid = 'oeDcV0W0lW2u-WnondVku8uZZo4k' LIMIT 1
2018-01-05 14:49:37:SELECT * FROM t_user WHERE 1 AND openid = 'oeDcV0W0lW2u-WnondVku8uZZo4k' LIMIT 1
2018-01-05 14:50:43:SELECT * FROM t_user WHERE 1 AND openid = 'oeDcV0W0lW2u-WnondVku8uZZo4k' LIMIT 1
2018-01-05 14:51:28:SELECT * FROM t_user WHERE 1 AND openid = 'oeDcV0W0lW2u-WnondVku8uZZo4k' LIMIT 1
2018-01-05 14:51:32:SELECT * FROM t_user WHERE 1 AND openid = 'oeDcV0W0lW2u-WnondVku8uZZo4k' LIMIT 1
2018-01-05 14:53:13:SELECT * FROM t_user WHERE 1 AND openid = 'oeDcV0W0lW2u-WnondVku8uZZo4k' LIMIT 1
2018-01-05 14:53:47:SELECT * FROM t_user WHERE 1 AND openid = 'oeDcV0W0lW2u-WnondVku8uZZo4k' LIMIT 1
2018-01-05 14:56:15:SELECT * FROM t_user WHERE 1 AND openid = 'oeDcV0W0lW2u-WnondVku8uZZo4k' LIMIT 1
2018-01-05 14:56:24:SELECT * FROM t_user WHERE 1 AND openid = 'oeDcV0W0lW2u-WnondVku8uZZo4k' LIMIT 1
2018-01-05 14:57:21:SELECT * FROM t_user WHERE 1 AND openid = 'oeDcV0W0lW2u-WnondVku8uZZo4k' LIMIT 1
2018-01-05 15:02:44:SELECT * FROM t_user WHERE 1 AND openid = 'oeDcV0W0lW2u-WnondVku8uZZo4k' LIMIT 1
2018-01-05 15:02:48:SELECT * FROM t_user WHERE 1 AND openid = 'oeDcV0W0lW2u-WnondVku8uZZo4k' LIMIT 1
2018-01-05 15:06:35:SELECT * FROM t_user WHERE 1 AND openid = 'oeDcV0TIhZCvU1UFnqrdS_fKJxW0' LIMIT 1
2018-01-05 15:09:33:SELECT * FROM t_user WHERE 1 AND openid = 'oeDcV0W0lW2u-WnondVku8uZZo4k' LIMIT 1
2018-01-05 15:12:31:SELECT * FROM t_user WHERE 1 AND openid = 'oeDcV0W0lW2u-WnondVku8uZZo4k' LIMIT 1
2018-01-05 15:12:48:SELECT * FROM t_user WHERE 1 AND openid = 'oeDcV0W0lW2u-WnondVku8uZZo4k' LIMIT 1
2018-01-05 15:14:47:SELECT * FROM t_user WHERE 1 AND openid = 'oeDcV0W0lW2u-WnondVku8uZZo4k' LIMIT 1
2018-01-05 15:17:57:SELECT * FROM t_user WHERE 1 AND openid = 'oeDcV0W0lW2u-WnondVku8uZZo4k' LIMIT 1
2018-01-05 15:20:40:SELECT * FROM t_user WHERE 1 AND openid = 'oeDcV0W0lW2u-WnondVku8uZZo4k' LIMIT 1
2018-01-05 15:21:40:SELECT * FROM t_user WHERE 1 AND openid = 'oeDcV0W0lW2u-WnondVku8uZZo4k' LIMIT 1
2018-01-05 15:22:09:SELECT * FROM t_user WHERE 1 AND openid = 'oeDcV0W0lW2u-WnondVku8uZZo4k' LIMIT 1
2018-01-05 15:22:47:SELECT * FROM t_user WHERE 1 AND openid = 'oeDcV0W0lW2u-WnondVku8uZZo4k' LIMIT 1
2018-01-05 15:25:10:SELECT * FROM t_user WHERE 1 AND openid = 'oeDcV0W0lW2u-WnondVku8uZZo4k' LIMIT 1
2018-01-05 15:26:09:SELECT * FROM t_user WHERE 1 AND openid = 'oeDcV0W0lW2u-WnondVku8uZZo4k' LIMIT 1
2018-01-05 15:33:04:SELECT * FROM t_user WHERE 1 AND openid = 'oeDcV0W0lW2u-WnondVku8uZZo4k' LIMIT 1
2018-01-05 15:38:00:SELECT * FROM t_user WHERE 1 AND openid = 'oeDcV0W0lW2u-WnondVku8uZZo4k' LIMIT 1
2018-01-05 15:43:10:SELECT * FROM t_user WHERE 1 AND openid = 'oeDcV0W0lW2u-WnondVku8uZZo4k' LIMIT 1
2018-01-05 15:43:54:SELECT * FROM t_user WHERE 1 AND openid = 'oeDcV0W0lW2u-WnondVku8uZZo4k' LIMIT 1
2018-01-05 15:44:18:SELECT * FROM t_user WHERE 1 AND openid = 'oeDcV0W0lW2u-WnondVku8uZZo4k' LIMIT 1
2018-01-05 15:44:52:SELECT * FROM t_user WHERE 1 AND openid = 'oeDcV0W0lW2u-WnondVku8uZZo4k' LIMIT 1
2018-01-05 15:45:09:SELECT * FROM t_user WHERE 1 AND openid = 'oeDcV0W0lW2u-WnondVku8uZZo4k' LIMIT 1
2018-01-05 15:45:22:SELECT * FROM t_user WHERE 1 AND openid = 'oeDcV0W0lW2u-WnondVku8uZZo4k' LIMIT 1
2018-01-05 15:46:00:SELECT * FROM t_user WHERE 1 AND openid = 'oeDcV0W0lW2u-WnondVku8uZZo4k' LIMIT 1
2018-01-05 15:48:40:SELECT * FROM t_user WHERE 1 AND openid = 'oeDcV0W0lW2u-WnondVku8uZZo4k' LIMIT 1
2018-01-05 15:49:04:SELECT * FROM t_user WHERE 1 AND openid = 'oeDcV0W0lW2u-WnondVku8uZZo4k' LIMIT 1
2018-01-05 15:55:22:SELECT * FROM t_user WHERE 1 AND openid = 'oeDcV0W0lW2u-WnondVku8uZZo4k' LIMIT 1
2018-01-05 15:59:07:SELECT * FROM t_user WHERE 1 AND openid = 'oeDcV0W0lW2u-WnondVku8uZZo4k' LIMIT 1
2018-01-05 15:59:46:SELECT * FROM t_user WHERE 1 AND openid = 'oeDcV0W0lW2u-WnondVku8uZZo4k' LIMIT 1
2018-01-05 15:59:52:SELECT * FROM t_user WHERE 1 AND openid = 'oeDcV0W0lW2u-WnondVku8uZZo4k' LIMIT 1
2018-01-05 16:00:15:SELECT * FROM t_user WHERE 1 AND openid = 'oeDcV0W0lW2u-WnondVku8uZZo4k' LIMIT 1
2018-01-05 16:00:35:SELECT * FROM t_user WHERE 1 AND openid = 'oeDcV0W0lW2u-WnondVku8uZZo4k' LIMIT 1
2018-01-05 16:01:33:SELECT * FROM t_user WHERE 1 AND openid = 'oeDcV0W0lW2u-WnondVku8uZZo4k' LIMIT 1
2018-01-05 16:08:11:SELECT * FROM t_user WHERE 1 AND openid = 'oeDcV0W0lW2u-WnondVku8uZZo4k' LIMIT 1
2018-01-05 16:08:16:SELECT * FROM t_user WHERE 1 AND openid = 'oeDcV0W0lW2u-WnondVku8uZZo4k' LIMIT 1
2018-01-05 16:08:22:SELECT * FROM t_user WHERE 1 AND openid = 'oeDcV0W0lW2u-WnondVku8uZZo4k' LIMIT 1
2018-01-05 16:08:26:SELECT * FROM t_user WHERE 1 AND openid = 'oeDcV0W0lW2u-WnondVku8uZZo4k' LIMIT 1
2018-01-05 16:08:37:SELECT * FROM t_user WHERE 1 AND openid = 'oeDcV0W0lW2u-WnondVku8uZZo4k' LIMIT 1
2018-01-05 16:08:38:SELECT * FROM t_user WHERE 1 AND openid = 'oeDcV0W0lW2u-WnondVku8uZZo4k' LIMIT 1
2018-01-05 16:08:42:SELECT * FROM t_user WHERE 1 AND openid = 'oeDcV0W0lW2u-WnondVku8uZZo4k' LIMIT 1
2018-01-05 16:08:45:SELECT * FROM t_user WHERE 1 AND openid = 'oeDcV0W0lW2u-WnondVku8uZZo4k' LIMIT 1
2018-01-05 16:09:08:SELECT * FROM t_user WHERE 1 AND openid = 'oeDcV0W0lW2u-WnondVku8uZZo4k' LIMIT 1
2018-01-05 16:09:19:SELECT * FROM t_user WHERE 1 AND openid = 'oeDcV0W0lW2u-WnondVku8uZZo4k' LIMIT 1
2018-01-05 16:13:05:SELECT * FROM t_user WHERE 1 AND openid = 'oeDcV0W0lW2u-WnondVku8uZZo4k' LIMIT 1
2018-01-05 16:13:09:SELECT * FROM t_user_money WHERE 1 AND openid="oeDcV0W0lW2u-WnondVku8uZZo4k" LIMIT 1
2018-01-05 16:13:10:SELECT * FROM t_act WHERE 1  LIMIT 0,50
2018-01-05 16:14:09:SELECT * FROM t_user WHERE 1 AND openid = 'oeDcV0W0lW2u-WnondVku8uZZo4k' LIMIT 1
2018-01-05 17:01:51:SELECT * FROM t_user WHERE 1 AND openid = 'oeDcV0W0lW2u-WnondVku8uZZo4k' LIMIT 1
2018-01-05 17:02:04:SELECT * FROM t_user WHERE 1 AND openid = 'oeDcV0TIhZCvU1UFnqrdS_fKJxW0' LIMIT 1
2018-01-05 17:02:41:SELECT * FROM t_user WHERE 1 AND openid = 'oeDcV0W0lW2u-WnondVku8uZZo4k' LIMIT 1
2018-01-05 17:05:00:SELECT * FROM t_act WHERE 1  LIMIT 0,50
2018-01-05 17:05:16:SELECT * FROM t_user WHERE 1 AND openid = 'oeDcV0TIhZCvU1UFnqrdS_fKJxW0' LIMIT 1
2018-01-05 17:06:25:SELECT * FROM t_act WHERE 1 AND id=16 LIMIT 1
2018-01-05 17:06:25:SELECT count(*) num FROM t_act_user WHERE 1 AND openid='oeDcV0W0lW2u-WnondVku8uZZo4k' LIMIT 1
2018-01-05 17:06:25:SELECT * FROM t_act_group WHERE 1 AND act_id=16
2018-01-05 17:06:25:SELECT * FROM t_act_user WHERE 1 AND act_id=16 AND group_id=1 order by use_time DESC
2018-01-05 17:06:42:SELECT * FROM t_act WHERE 1 AND id=17 LIMIT 1
2018-01-05 17:06:42:SELECT count(*) num FROM t_act_user WHERE 1 AND openid='oeDcV0TIhZCvU1UFnqrdS_fKJxW0' LIMIT 1
2018-01-05 17:06:42:SELECT * FROM t_act_group WHERE 1 AND act_id=17
2018-01-05 17:06:43:SELECT * FROM t_act_user WHERE 1 AND act_id=17 AND group_id=1 order by use_time DESC
2018-01-05 17:07:24:SELECT * FROM t_user_money WHERE 1 AND openid="oeDcV0TIhZCvU1UFnqrdS_fKJxW0" LIMIT 1
2018-01-05 17:07:35:SELECT * FROM t_act WHERE 1 AND id=18 LIMIT 1
2018-01-05 17:07:36:SELECT count(*) num FROM t_act_user WHERE 1 AND openid='oeDcV0W0lW2u-WnondVku8uZZo4k' LIMIT 1
2018-01-05 17:07:36:SELECT * FROM t_act_group WHERE 1 AND act_id=18
2018-01-05 17:07:36:SELECT * FROM t_act_user WHERE 1 AND act_id=18 AND group_id=1 order by use_time DESC
2018-01-05 17:08:10:SELECT * FROM t_act WHERE 1 AND id=19 LIMIT 1
2018-01-05 17:08:10:SELECT count(*) num FROM t_act_user WHERE 1 AND openid='oeDcV0TIhZCvU1UFnqrdS_fKJxW0' LIMIT 1
2018-01-05 17:08:10:SELECT * FROM t_act_group WHERE 1 AND act_id=19
2018-01-05 17:08:10:SELECT * FROM t_act_user WHERE 1 AND act_id=19 AND group_id=1 order by use_time DESC
2018-01-05 17:08:19:SELECT * FROM t_act WHERE 1  LIMIT 0,50
2018-01-05 17:09:04:SELECT * FROM t_user_money WHERE 1 AND openid="oeDcV0TIhZCvU1UFnqrdS_fKJxW0" LIMIT 1
2018-01-05 17:09:20:SELECT * FROM t_act WHERE 1  LIMIT 0,50
2018-01-05 17:09:20:SELECT * FROM t_user_money WHERE 1 AND openid="oeDcV0TIhZCvU1UFnqrdS_fKJxW0" LIMIT 1
2018-01-05 17:09:21:SELECT * FROM t_act WHERE 1  LIMIT 0,50
2018-01-05 17:09:24:SELECT * FROM t_act WHERE 1  LIMIT 0,50
2018-01-05 17:09:25:SELECT * FROM t_act WHERE 1  LIMIT 0,50
2018-01-05 17:11:32:SELECT * FROM t_user WHERE 1 AND openid = 'oeDcV0W0lW2u-WnondVku8uZZo4k' LIMIT 1
2018-01-05 17:11:37:SELECT * FROM t_act WHERE 1 AND id=20 LIMIT 1
2018-01-05 17:11:37:SELECT count(*) num FROM t_act_user WHERE 1 AND openid='oeDcV0TIhZCvU1UFnqrdS_fKJxW0' LIMIT 1
2018-01-05 17:11:37:SELECT * FROM t_act_group WHERE 1 AND act_id=20
2018-01-05 17:11:38:SELECT * FROM t_act_user WHERE 1 AND act_id=20 AND group_id=1 order by use_time DESC
2018-01-05 17:13:24:SELECT * FROM t_act WHERE 1 AND id=20 LIMIT 1
2018-01-05 17:13:24:SELECT count(*) num FROM t_act_user WHERE 1 AND openid='oeDcV0TIhZCvU1UFnqrdS_fKJxW0' LIMIT 1
2018-01-05 17:13:24:SELECT * FROM t_act_group WHERE 1 AND act_id=20
2018-01-05 17:13:24:SELECT * FROM t_act_user WHERE 1 AND act_id=20 AND group_id=1 order by use_time DESC
2018-01-05 17:13:30:SELECT * FROM t_act WHERE 1  LIMIT 0,50
2018-01-05 17:13:36:SELECT * FROM t_user WHERE 1 AND openid = 'oeDcV0W0lW2u-WnondVku8uZZo4k' LIMIT 1
2018-01-05 17:14:31:SELECT * FROM t_act WHERE 1  LIMIT 0,50
2018-01-05 17:14:33:SELECT * FROM t_user_money WHERE 1 AND openid="oeDcV0TIhZCvU1UFnqrdS_fKJxW0" LIMIT 1
2018-01-05 17:14:39:SELECT * FROM t_user_money WHERE 1 AND openid="oeDcV0TIhZCvU1UFnqrdS_fKJxW0" LIMIT 1
2018-01-05 17:14:41:SELECT * FROM t_act WHERE 1  LIMIT 0,50
2018-01-05 17:14:42:SELECT * FROM t_user_money WHERE 1 AND openid="oeDcV0TIhZCvU1UFnqrdS_fKJxW0" LIMIT 1
2018-01-05 17:14:43:SELECT * FROM t_act WHERE 1  LIMIT 0,50
2018-01-05 17:15:20:SELECT * FROM t_act WHERE 1  LIMIT 0,50
2018-01-05 17:15:25:SELECT * FROM t_user_money WHERE 1 AND openid="oeDcV0TIhZCvU1UFnqrdS_fKJxW0" LIMIT 1
2018-01-05 17:15:26:SELECT * FROM t_act WHERE 1  LIMIT 0,50
2018-01-05 17:15:29:SELECT * FROM t_user_money WHERE 1 AND openid="oeDcV0TIhZCvU1UFnqrdS_fKJxW0" LIMIT 1
2018-01-05 17:15:57:SELECT * FROM t_act WHERE 1  LIMIT 0,50
2018-01-05 17:15:58:SELECT * FROM t_user_money WHERE 1 AND openid="oeDcV0TIhZCvU1UFnqrdS_fKJxW0" LIMIT 1
2018-01-05 17:15:59:SELECT * FROM t_act WHERE 1  LIMIT 0,50
2018-01-05 17:16:31:SELECT * FROM t_user_money WHERE 1 AND openid="oeDcV0TIhZCvU1UFnqrdS_fKJxW0" LIMIT 1
2018-01-05 17:16:32:SELECT * FROM t_act WHERE 1  LIMIT 0,50
2018-01-05 17:16:33:SELECT * FROM t_act WHERE 1  LIMIT 0,50
2018-01-05 17:16:33:SELECT * FROM t_user_money WHERE 1 AND openid="oeDcV0TIhZCvU1UFnqrdS_fKJxW0" LIMIT 1
2018-01-05 17:19:45:SELECT * FROM t_user WHERE 1 AND openid = 'oeDcV0W0lW2u-WnondVku8uZZo4k' LIMIT 1
2018-01-05 17:20:41:SELECT * FROM t_user WHERE 1 AND openid = 'oeDcV0W0lW2u-WnondVku8uZZo4k' LIMIT 1
2018-01-05 17:20:47:SELECT * FROM t_user WHERE 1 AND openid = 'oeDcV0W0lW2u-WnondVku8uZZo4k' LIMIT 1
2018-01-05 17:20:55:SELECT * FROM t_user WHERE 1 AND openid = 'oeDcV0W0lW2u-WnondVku8uZZo4k' LIMIT 1
2018-01-05 17:22:45:SELECT * FROM t_user WHERE 1 AND openid = 'oeDcV0W0lW2u-WnondVku8uZZo4k' LIMIT 1
2018-01-05 17:23:47:SELECT * FROM t_user WHERE 1 AND openid = 'oeDcV0W0lW2u-WnondVku8uZZo4k' LIMIT 1
2018-01-05 17:24:32:SELECT * FROM t_user WHERE 1 AND openid = 'oeDcV0W0lW2u-WnondVku8uZZo4k' LIMIT 1
2018-01-05 17:24:34:SELECT * FROM t_act WHERE 1  LIMIT 0,50
2018-01-05 17:24:39:SELECT * FROM t_act WHERE 1  LIMIT 0,50
2018-01-05 17:25:15:SELECT * FROM t_user WHERE 1 AND openid = 'oeDcV0W0lW2u-WnondVku8uZZo4k' LIMIT 1
2018-01-05 17:25:37:SELECT * FROM t_user WHERE 1 AND openid = 'oeDcV0W0lW2u-WnondVku8uZZo4k' LIMIT 1
2018-01-05 17:25:38:SELECT * FROM t_act WHERE 1  LIMIT 0,50
2018-01-05 17:25:51:SELECT * FROM t_user WHERE 1 AND openid = 'oeDcV0W0lW2u-WnondVku8uZZo4k' LIMIT 1
2018-01-05 17:26:02:SELECT * FROM t_user WHERE 1 AND openid = 'oeDcV0W0lW2u-WnondVku8uZZo4k' LIMIT 1
2018-01-05 17:26:08:SELECT * FROM t_user WHERE 1 AND openid = 'oeDcV0W0lW2u-WnondVku8uZZo4k' LIMIT 1
2018-01-05 17:26:34:SELECT * FROM t_user WHERE 1 AND openid = 'oeDcV0W0lW2u-WnondVku8uZZo4k' LIMIT 1
2018-01-05 17:26:49:SELECT * FROM t_act WHERE 1  LIMIT 0,50
2018-01-05 17:26:51:SELECT * FROM t_user_money WHERE 1 AND openid="oeDcV0W0lW2u-WnondVku8uZZo4k" LIMIT 1
2018-01-05 17:27:01:SELECT * FROM t_user WHERE 1 AND openid = 'oeDcV0TIhZCvU1UFnqrdS_fKJxW0' LIMIT 1
2018-01-05 17:27:49:SELECT * FROM t_user WHERE 1 AND openid = 'oeDcV0W0lW2u-WnondVku8uZZo4k' LIMIT 1
2018-01-05 17:29:06:SELECT * FROM t_user WHERE 1 AND openid = 'oeDcV0TIhZCvU1UFnqrdS_fKJxW0' LIMIT 1
2018-01-05 17:29:08:SELECT * FROM t_act WHERE 1  LIMIT 0,50
2018-01-05 17:29:10:SELECT * FROM t_user_money WHERE 1 AND openid="oeDcV0TIhZCvU1UFnqrdS_fKJxW0" LIMIT 1
2018-01-05 17:29:11:SELECT * FROM t_act WHERE 1  LIMIT 0,50
2018-01-05 17:29:12:SELECT * FROM t_user_money WHERE 1 AND openid="oeDcV0TIhZCvU1UFnqrdS_fKJxW0" LIMIT 1
2018-01-05 17:29:14:SELECT * FROM t_act WHERE 1  LIMIT 0,50
2018-01-05 17:29:45:SELECT * FROM t_user WHERE 1 AND openid = 'oeDcV0W0lW2u-WnondVku8uZZo4k' LIMIT 1
2018-01-05 17:29:49:SELECT * FROM t_user WHERE 1 AND openid = 'oeDcV0W0lW2u-WnondVku8uZZo4k' LIMIT 1
2018-01-05 17:29:51:SELECT * FROM t_act WHERE 1  LIMIT 0,50
2018-01-05 17:29:52:SELECT * FROM t_user_money WHERE 1 AND openid="oeDcV0W0lW2u-WnondVku8uZZo4k" LIMIT 1
2018-01-05 17:32:21:SELECT * FROM t_act WHERE 1  LIMIT 0,50
2018-01-05 17:32:26:SELECT * FROM t_user_money WHERE 1 AND openid="oeDcV0TIhZCvU1UFnqrdS_fKJxW0" LIMIT 1
2018-01-05 17:32:28:SELECT * FROM t_act WHERE 1  LIMIT 0,50
2018-01-05 17:32:28:SELECT * FROM t_user_money WHERE 1 AND openid="oeDcV0TIhZCvU1UFnqrdS_fKJxW0" LIMIT 1
2018-01-05 17:32:32:SELECT * FROM t_user WHERE 1 AND openid = 'oeDcV0W0lW2u-WnondVku8uZZo4k' LIMIT 1
2018-01-05 17:32:32:SELECT * FROM t_act WHERE 1  LIMIT 0,50
2018-01-05 17:32:56:SELECT * FROM t_user WHERE 1 AND openid = 'oeDcV0W0lW2u-WnondVku8uZZo4k' LIMIT 1
2018-01-05 17:33:20:SELECT * FROM t_user WHERE 1 AND openid = 'oeDcV0W0lW2u-WnondVku8uZZo4k' LIMIT 1
2018-01-05 17:33:25:SELECT * FROM t_user_money WHERE 1 AND openid="oeDcV0TIhZCvU1UFnqrdS_fKJxW0" LIMIT 1
2018-01-05 17:33:27:SELECT * FROM t_act WHERE 1  LIMIT 0,50
2018-01-05 17:33:28:SELECT * FROM t_user_money WHERE 1 AND openid="oeDcV0TIhZCvU1UFnqrdS_fKJxW0" LIMIT 1
2018-01-05 17:33:28:SELECT * FROM t_act WHERE 1  LIMIT 0,50
2018-01-05 17:33:29:SELECT * FROM t_user_money WHERE 1 AND openid="oeDcV0TIhZCvU1UFnqrdS_fKJxW0" LIMIT 1
2018-01-05 17:33:30:SELECT * FROM t_act WHERE 1  LIMIT 0,50
2018-01-05 17:33:31:SELECT * FROM t_user_money WHERE 1 AND openid="oeDcV0TIhZCvU1UFnqrdS_fKJxW0" LIMIT 1
2018-01-05 17:33:35:SELECT * FROM t_act WHERE 1  LIMIT 0,50
2018-01-05 17:34:15:SELECT * FROM t_user WHERE 1 AND openid = 'oeDcV0W0lW2u-WnondVku8uZZo4k' LIMIT 1
2018-01-05 17:34:27:SELECT * FROM t_user WHERE 1 AND openid = 'oeDcV0W0lW2u-WnondVku8uZZo4k' LIMIT 1
2018-01-05 17:34:32:SELECT * FROM t_act WHERE 1  LIMIT 0,50
2018-01-05 17:35:24:SELECT * FROM t_user_money WHERE 1 AND openid="oeDcV0W0lW2u-WnondVku8uZZo4k" LIMIT 1
2018-01-05 17:36:10:SELECT * FROM t_act WHERE 1 AND id=5 LIMIT 1
2018-01-05 17:36:10:SELECT count(*) num FROM t_act_user WHERE 1 AND openid='oeDcV0W0lW2u-WnondVku8uZZo4k' LIMIT 1
2018-01-05 17:36:10:SELECT * FROM t_act_group WHERE 1 AND act_id=5
2018-01-05 17:36:10:SELECT * FROM t_act_user WHERE 1 AND act_id=5 AND group_id=1 order by use_time DESC
2018-01-05 17:36:10:SELECT * FROM t_user WHERE 1 AND openid='oeDcV0W0lW2u-WnondVku8uZZo4k' LIMIT 1
2018-01-05 17:37:29:SELECT * FROM t_act WHERE 1 AND id=5 LIMIT 1
2018-01-05 17:37:29:SELECT count(*) num FROM t_act_user WHERE 1 AND openid='oeDcV0W0lW2u-WnondVku8uZZo4k' LIMIT 1
2018-01-05 17:37:29:SELECT * FROM t_act_group WHERE 1 AND act_id=5
2018-01-05 17:37:29:SELECT * FROM t_act_user WHERE 1 AND act_id=5 AND group_id=1 order by use_time DESC
2018-01-05 17:37:29:SELECT * FROM t_user WHERE 1 AND openid='oeDcV0W0lW2u-WnondVku8uZZo4k' LIMIT 1
2018-01-05 17:40:28:SELECT * FROM t_act WHERE 1 AND id=5 LIMIT 1
2018-01-05 17:40:28:SELECT count(*) num FROM t_act_user WHERE 1 AND openid='oeDcV0W0lW2u-WnondVku8uZZo4k' LIMIT 1
2018-01-05 17:40:28:SELECT * FROM t_act_group WHERE 1 AND act_id=5
2018-01-05 17:40:28:SELECT * FROM t_act_user WHERE 1 AND act_id=5 AND group_id=1 order by use_time DESC
2018-01-05 17:40:28:SELECT * FROM t_user WHERE 1 AND openid='oeDcV0W0lW2u-WnondVku8uZZo4k' LIMIT 1
2018-01-05 17:40:40:SELECT * FROM t_act WHERE 1 AND id=5 LIMIT 1
2018-01-05 17:40:40:SELECT count(*) num FROM t_act_user WHERE 1 AND openid='oeDcV0W0lW2u-WnondVku8uZZo4k' LIMIT 1
2018-01-05 17:40:41:SELECT * FROM t_act_group WHERE 1 AND act_id=5
2018-01-05 17:40:41:SELECT * FROM t_act_user WHERE 1 AND act_id=5 AND group_id=1 order by use_time DESC
2018-01-05 17:40:41:SELECT * FROM t_user WHERE 1 AND openid='oeDcV0W0lW2u-WnondVku8uZZo4k' LIMIT 1
2018-01-05 17:40:47:SELECT * FROM t_act WHERE 1 AND id=5 LIMIT 1
2018-01-05 17:40:47:SELECT count(*) num FROM t_act_user WHERE 1 AND openid='oeDcV0W0lW2u-WnondVku8uZZo4k' LIMIT 1
2018-01-05 17:40:47:SELECT * FROM t_act_group WHERE 1 AND act_id=5
2018-01-05 17:40:47:SELECT * FROM t_act_user WHERE 1 AND act_id=5 AND group_id=1 order by use_time DESC
2018-01-05 17:40:48:SELECT * FROM t_user WHERE 1 AND openid='oeDcV0W0lW2u-WnondVku8uZZo4k' LIMIT 1
2018-01-05 17:44:10:SELECT * FROM t_act WHERE 1 AND id=5 LIMIT 1
2018-01-05 17:44:10:SELECT count(*) num FROM t_act_user WHERE 1 AND openid='oeDcV0W0lW2u-WnondVku8uZZo4k' LIMIT 1
2018-01-05 17:44:10:SELECT * FROM t_act_group WHERE 1 AND act_id=5
2018-01-05 17:44:10:SELECT * FROM t_act_user WHERE 1 AND act_id=5 AND group_id=1 order by use_time DESC
2018-01-05 17:44:10:SELECT * FROM t_user WHERE 1 AND openid='oeDcV0W0lW2u-WnondVku8uZZo4k' LIMIT 1
2018-01-05 17:44:19:SELECT * FROM t_act WHERE 1 AND id=5 LIMIT 1
2018-01-05 17:44:19:SELECT count(*) num FROM t_act_user WHERE 1 AND openid='oeDcV0W0lW2u-WnondVku8uZZo4k' LIMIT 1
2018-01-05 17:44:19:SELECT * FROM t_act_group WHERE 1 AND act_id=5
2018-01-05 17:44:19:SELECT * FROM t_act_user WHERE 1 AND act_id=5 AND group_id=1 order by use_time DESC
2018-01-05 17:44:19:SELECT * FROM t_user WHERE 1 AND openid='oeDcV0W0lW2u-WnondVku8uZZo4k' LIMIT 1
2018-01-05 17:44:28:SELECT * FROM t_act WHERE 1 AND id=5 LIMIT 1
2018-01-05 17:44:28:SELECT count(*) num FROM t_act_user WHERE 1 AND openid='oeDcV0W0lW2u-WnondVku8uZZo4k' LIMIT 1
2018-01-05 17:44:28:SELECT * FROM t_act_group WHERE 1 AND act_id=5
2018-01-05 17:44:28:SELECT * FROM t_act_user WHERE 1 AND act_id=5 AND group_id=1 order by use_time DESC
2018-01-05 17:44:28:SELECT * FROM t_user WHERE 1 AND openid='oeDcV0W0lW2u-WnondVku8uZZo4k' LIMIT 1
2018-01-05 17:45:16:SELECT * FROM t_act WHERE 1 AND id=5 LIMIT 1
2018-01-05 17:45:16:SELECT count(*) num FROM t_act_user WHERE 1 AND openid='oeDcV0W0lW2u-WnondVku8uZZo4k' LIMIT 1
2018-01-05 17:45:16:SELECT * FROM t_act_group WHERE 1 AND act_id=5
2018-01-05 17:45:16:SELECT * FROM t_act_user WHERE 1 AND act_id=5 AND group_id=1 order by use_time DESC
2018-01-05 17:45:16:SELECT * FROM t_user WHERE 1 AND openid='oeDcV0W0lW2u-WnondVku8uZZo4k' LIMIT 1
2018-01-05 17:45:24:SELECT * FROM t_act WHERE 1 AND id=5 LIMIT 1
2018-01-05 17:45:24:SELECT count(*) num FROM t_act_user WHERE 1 AND openid='oeDcV0W0lW2u-WnondVku8uZZo4k' LIMIT 1
2018-01-05 17:45:24:SELECT * FROM t_act_group WHERE 1 AND act_id=5
2018-01-05 17:45:24:SELECT * FROM t_act_user WHERE 1 AND act_id=5 AND group_id=1 order by use_time DESC
2018-01-05 17:45:24:SELECT * FROM t_user WHERE 1 AND openid='oeDcV0W0lW2u-WnondVku8uZZo4k' LIMIT 1
2018-01-05 17:45:37:SELECT * FROM t_act WHERE 1 AND id=5 LIMIT 1
2018-01-05 17:45:37:SELECT count(*) num FROM t_act_user WHERE 1 AND openid='oeDcV0W0lW2u-WnondVku8uZZo4k' LIMIT 1
2018-01-05 17:45:37:SELECT * FROM t_act_group WHERE 1 AND act_id=5
2018-01-05 17:45:37:SELECT * FROM t_act_user WHERE 1 AND act_id=5 AND group_id=1 order by use_time DESC
2018-01-05 17:45:37:SELECT * FROM t_user WHERE 1 AND openid='oeDcV0W0lW2u-WnondVku8uZZo4k' LIMIT 1
2018-01-05 17:45:59:SELECT * FROM t_act WHERE 1 AND id=5 LIMIT 1
2018-01-05 17:45:59:SELECT count(*) num FROM t_act_user WHERE 1 AND openid='oeDcV0W0lW2u-WnondVku8uZZo4k' LIMIT 1
2018-01-05 17:45:59:SELECT * FROM t_act_group WHERE 1 AND act_id=5
2018-01-05 17:45:59:SELECT * FROM t_act_user WHERE 1 AND act_id=5 AND group_id=1 order by use_time DESC
2018-01-05 17:46:00:SELECT * FROM t_user WHERE 1 AND openid='oeDcV0W0lW2u-WnondVku8uZZo4k' LIMIT 1
2018-01-05 17:46:14:SELECT * FROM t_act WHERE 1 AND id=5 LIMIT 1
2018-01-05 17:46:14:SELECT count(*) num FROM t_act_user WHERE 1 AND openid='oeDcV0W0lW2u-WnondVku8uZZo4k' LIMIT 1
2018-01-05 17:46:14:SELECT * FROM t_act_group WHERE 1 AND act_id=5
2018-01-05 17:46:14:SELECT * FROM t_act_user WHERE 1 AND act_id=5 AND group_id=1 order by use_time DESC
2018-01-05 17:46:14:SELECT * FROM t_user WHERE 1 AND openid='oeDcV0W0lW2u-WnondVku8uZZo4k' LIMIT 1
2018-01-05 17:47:13:SELECT * FROM t_act WHERE 1 AND id=5 LIMIT 1
2018-01-05 17:47:13:SELECT count(*) num FROM t_act_user WHERE 1 AND openid='oeDcV0W0lW2u-WnondVku8uZZo4k' LIMIT 1
2018-01-05 17:47:13:SELECT * FROM t_act_group WHERE 1 AND act_id=5
2018-01-05 17:47:13:SELECT * FROM t_act_user WHERE 1 AND act_id=5 AND group_id=1 order by use_time DESC
2018-01-05 17:47:13:SELECT * FROM t_user WHERE 1 AND openid='oeDcV0W0lW2u-WnondVku8uZZo4k' LIMIT 1
2018-01-05 17:47:27:SELECT * FROM t_act WHERE 1 AND id=5 LIMIT 1
2018-01-05 17:47:27:SELECT count(*) num FROM t_act_user WHERE 1 AND openid='oeDcV0W0lW2u-WnondVku8uZZo4k' LIMIT 1
2018-01-05 17:47:27:SELECT * FROM t_act_group WHERE 1 AND act_id=5
2018-01-05 17:47:27:SELECT * FROM t_act_user WHERE 1 AND act_id=5 AND group_id=1 order by use_time DESC
2018-01-05 17:47:27:SELECT * FROM t_user WHERE 1 AND openid='oeDcV0W0lW2u-WnondVku8uZZo4k' LIMIT 1
2018-01-05 17:47:53:SELECT * FROM t_user WHERE 1 AND openid = 'oeDcV0W0lW2u-WnondVku8uZZo4k' LIMIT 1
2018-01-05 17:49:24:SELECT * FROM t_act WHERE 1 AND id=5 LIMIT 1
2018-01-05 17:49:24:SELECT count(*) num FROM t_act_user WHERE 1 AND openid='oeDcV0W0lW2u-WnondVku8uZZo4k' LIMIT 1
2018-01-05 17:49:24:SELECT * FROM t_act_group WHERE 1 AND act_id=5
2018-01-05 17:49:24:SELECT * FROM t_act_user WHERE 1 AND act_id=5 AND group_id=1 order by use_time DESC
2018-01-05 17:49:24:SELECT * FROM t_user WHERE 1 AND openid='oeDcV0W0lW2u-WnondVku8uZZo4k' LIMIT 1
2018-01-05 17:49:29:SELECT * FROM t_act WHERE 1 AND id=5 LIMIT 1
2018-01-05 17:49:29:SELECT count(*) num FROM t_act_user WHERE 1 AND openid='oeDcV0W0lW2u-WnondVku8uZZo4k' LIMIT 1
2018-01-05 17:49:29:SELECT * FROM t_act_group WHERE 1 AND act_id=5
2018-01-05 17:49:29:SELECT * FROM t_act_user WHERE 1 AND act_id=5 AND group_id=1 order by use_time DESC
2018-01-05 17:49:29:SELECT * FROM t_user WHERE 1 AND openid='oeDcV0W0lW2u-WnondVku8uZZo4k' LIMIT 1
2018-01-05 17:49:31:SELECT * FROM t_user WHERE 1 AND openid = 'oeDcV0W0lW2u-WnondVku8uZZo4k' LIMIT 1
2018-01-05 17:51:24:SELECT * FROM t_act WHERE 1 AND id=5 LIMIT 1
2018-01-05 17:51:25:SELECT count(*) num FROM t_act_user WHERE 1 AND openid='oeDcV0W0lW2u-WnondVku8uZZo4k' LIMIT 1
2018-01-05 17:51:25:SELECT * FROM t_act_group WHERE 1 AND act_id=5
2018-01-05 17:51:25:SELECT * FROM t_act_user WHERE 1 AND act_id=5 AND group_id=1 order by use_time DESC
2018-01-05 17:51:25:SELECT * FROM t_user WHERE 1 AND openid='oeDcV0W0lW2u-WnondVku8uZZo4k' LIMIT 1
2018-01-05 17:51:29:SELECT * FROM t_user WHERE 1 AND openid = 'oeDcV0W0lW2u-WnondVku8uZZo4k' LIMIT 1
2018-01-05 17:51:36:SELECT * FROM t_act WHERE 1 AND id=5 LIMIT 1
2018-01-05 17:51:36:SELECT count(*) num FROM t_act_user WHERE 1 AND openid='oeDcV0W0lW2u-WnondVku8uZZo4k' LIMIT 1
2018-01-05 17:51:36:SELECT * FROM t_act_group WHERE 1 AND act_id=5
2018-01-05 17:51:36:SELECT * FROM t_act_user WHERE 1 AND act_id=5 AND group_id=1 order by use_time DESC
2018-01-05 17:51:36:SELECT * FROM t_user WHERE 1 AND openid='oeDcV0W0lW2u-WnondVku8uZZo4k' LIMIT 1
2018-01-05 17:51:39:SELECT * FROM t_user WHERE 1 AND openid = 'oeDcV0W0lW2u-WnondVku8uZZo4k' LIMIT 1
2018-01-05 17:52:06:SELECT * FROM t_user WHERE 1 AND openid = 'oeDcV0TIhZCvU1UFnqrdS_fKJxW0' LIMIT 1
2018-01-05 17:52:18:SELECT * FROM t_act WHERE 1 AND id=5 LIMIT 1
2018-01-05 17:52:18:SELECT count(*) num FROM t_act_user WHERE 1 AND openid='oeDcV0W0lW2u-WnondVku8uZZo4k' LIMIT 1
2018-01-05 17:52:18:SELECT * FROM t_act_group WHERE 1 AND act_id=5
2018-01-05 17:52:18:SELECT * FROM t_act_user WHERE 1 AND act_id=5 AND group_id=1 order by use_time DESC
2018-01-05 17:52:18:SELECT * FROM t_user WHERE 1 AND openid='oeDcV0W0lW2u-WnondVku8uZZo4k' LIMIT 1
2018-01-05 17:52:38:SELECT * FROM t_user WHERE 1 AND openid = 'oeDcV0W0lW2u-WnondVku8uZZo4k' LIMIT 1
2018-01-05 17:53:09:SELECT * FROM t_user WHERE 1 AND openid = 'oeDcV0W0lW2u-WnondVku8uZZo4k' LIMIT 1
2018-01-05 17:53:15:SELECT * FROM t_user WHERE 1 AND openid = 'oeDcV0W0lW2u-WnondVku8uZZo4k' LIMIT 1
2018-01-05 17:53:22:SELECT * FROM t_user WHERE 1 AND openid = 'oeDcV0W0lW2u-WnondVku8uZZo4k' LIMIT 1
2018-01-05 17:53:29:SELECT * FROM t_user WHERE 1 AND openid = 'oeDcV0W0lW2u-WnondVku8uZZo4k' LIMIT 1
2018-01-05 17:53:30:SELECT * FROM t_user WHERE 1 AND openid = 'oeDcV0TIhZCvU1UFnqrdS_fKJxW0' LIMIT 1
2018-01-05 17:53:40:SELECT * FROM t_act WHERE 1  LIMIT 0,50
2018-01-05 17:53:48:SELECT * FROM t_act WHERE 1  LIMIT 0,50
2018-01-05 17:53:49:SELECT * FROM t_user_money WHERE 1 AND openid="oeDcV0TIhZCvU1UFnqrdS_fKJxW0" LIMIT 1
2018-01-05 17:53:50:SELECT * FROM t_act WHERE 1  LIMIT 0,50
2018-01-05 17:53:51:SELECT * FROM t_user_money WHERE 1 AND openid="oeDcV0TIhZCvU1UFnqrdS_fKJxW0" LIMIT 1
2018-01-05 17:53:52:SELECT * FROM t_user_money WHERE 1 AND openid="oeDcV0TIhZCvU1UFnqrdS_fKJxW0" LIMIT 1
2018-01-05 17:54:23:SELECT * FROM t_user WHERE 1 AND openid = 'oeDcV0W0lW2u-WnondVku8uZZo4k' LIMIT 1
2018-01-05 17:55:50:SELECT * FROM t_user WHERE 1 AND openid = 'oeDcV0TIhZCvU1UFnqrdS_fKJxW0' LIMIT 1
2018-01-05 17:58:04:SELECT * FROM t_user WHERE 1 AND openid = 'oeDcV0W0lW2u-WnondVku8uZZo4k' LIMIT 1
2018-01-05 17:58:28:SELECT * FROM t_user WHERE 1 AND openid = 'oeDcV0W0lW2u-WnondVku8uZZo4k' LIMIT 1
2018-01-05 17:59:42:SELECT * FROM t_user WHERE 1 AND openid = 'oeDcV0W0lW2u-WnondVku8uZZo4k' LIMIT 1
2018-01-05 17:59:54:SELECT * FROM t_act WHERE 1  LIMIT 0,50
2018-01-05 18:02:36:SELECT * FROM t_user WHERE 1 AND openid = 'oeDcV0W0lW2u-WnondVku8uZZo4k' LIMIT 1
2018-01-05 18:03:44:SELECT * FROM t_user WHERE 1 AND openid = 'oeDcV0W0lW2u-WnondVku8uZZo4k' LIMIT 1
2018-01-05 18:04:12:SELECT * FROM t_user WHERE 1 AND openid = 'oeDcV0W0lW2u-WnondVku8uZZo4k' LIMIT 1
2018-01-05 18:05:59:SELECT * FROM t_user WHERE 1 AND openid = 'oeDcV0W0lW2u-WnondVku8uZZo4k' LIMIT 1
2018-01-05 18:12:29:SELECT * FROM t_user WHERE 1 AND openid = 'oeDcV0W0lW2u-WnondVku8uZZo4k' LIMIT 1
2018-01-05 18:18:17:SELECT * FROM t_user WHERE 1 AND openid = 'oeDcV0W0lW2u-WnondVku8uZZo4k' LIMIT 1
2018-01-05 18:19:03:SELECT * FROM t_user WHERE 1 AND openid = 'oeDcV0W0lW2u-WnondVku8uZZo4k' LIMIT 1
2018-01-05 18:20:20:SELECT * FROM t_user WHERE 1 AND openid = 'oeDcV0W0lW2u-WnondVku8uZZo4k' LIMIT 1
2018-01-05 18:21:26:SELECT * FROM t_user WHERE 1 AND openid = 'oeDcV0W0lW2u-WnondVku8uZZo4k' LIMIT 1
2018-01-05 18:22:02:SELECT * FROM t_user WHERE 1 AND openid = 'oeDcV0W0lW2u-WnondVku8uZZo4k' LIMIT 1
2018-01-05 18:22:08:SELECT * FROM t_user WHERE 1 AND openid = 'oeDcV0W0lW2u-WnondVku8uZZo4k' LIMIT 1
2018-01-05 18:22:32:SELECT * FROM t_user WHERE 1 AND openid = 'oeDcV0W0lW2u-WnondVku8uZZo4k' LIMIT 1
2018-01-05 18:23:07:SELECT * FROM t_user WHERE 1 AND openid = 'oeDcV0W0lW2u-WnondVku8uZZo4k' LIMIT 1
2018-01-05 18:24:47:SELECT * FROM t_act WHERE 1 AND id=21 LIMIT 1
2018-01-05 18:24:47:SELECT count(*) num FROM t_act_user WHERE 1 AND openid='oeDcV0TIhZCvU1UFnqrdS_fKJxW0' LIMIT 1
2018-01-05 18:24:47:SELECT * FROM t_act_group WHERE 1 AND act_id=21
2018-01-05 18:24:47:SELECT * FROM t_act_user WHERE 1 AND act_id=21 AND group_id=1 order by use_time DESC
2018-01-05 18:25:08:SELECT * FROM t_act WHERE 1 AND id=21 LIMIT 1
2018-01-05 18:25:08:SELECT count(*) num FROM t_act_user WHERE 1 AND openid='oeDcV0TIhZCvU1UFnqrdS_fKJxW0' LIMIT 1
2018-01-05 18:25:08:SELECT * FROM t_act_group WHERE 1 AND act_id=21
2018-01-05 18:25:08:SELECT * FROM t_act_user WHERE 1 AND act_id=21 AND group_id=1 order by use_time DESC
2018-01-05 18:25:14:SELECT * FROM t_act WHERE 1  LIMIT 0,50
2018-01-05 18:25:20:SELECT * FROM t_user_money WHERE 1 AND openid="oeDcV0TIhZCvU1UFnqrdS_fKJxW0" LIMIT 1
2018-01-05 18:25:21:SELECT * FROM t_act WHERE 1  LIMIT 0,50
2018-01-05 18:25:22:SELECT * FROM t_user_money WHERE 1 AND openid="oeDcV0TIhZCvU1UFnqrdS_fKJxW0" LIMIT 1
2018-01-05 18:25:23:SELECT * FROM t_act WHERE 1  LIMIT 0,50
2018-01-05 18:27:26:SELECT * FROM t_user WHERE 1 AND openid = 'oeDcV0W0lW2u-WnondVku8uZZo4k' LIMIT 1
2018-01-05 18:27:32:SELECT * FROM t_act WHERE 1  LIMIT 0,50
2018-01-05 18:27:33:SELECT * FROM t_act WHERE 1  LIMIT 0,50
2018-01-05 18:30:15:SELECT * FROM t_user WHERE 1 AND openid = 'oeDcV0W0lW2u-WnondVku8uZZo4k' LIMIT 1
2018-01-05 18:30:22:SELECT * FROM t_user WHERE 1 AND openid = 'oeDcV0W0lW2u-WnondVku8uZZo4k' LIMIT 1
2018-01-05 18:30:38:SELECT * FROM t_user WHERE 1 AND openid = 'oeDcV0W0lW2u-WnondVku8uZZo4k' LIMIT 1
2018-01-05 18:33:04:SELECT * FROM t_user WHERE 1 AND openid = 'oeDcV0W0lW2u-WnondVku8uZZo4k' LIMIT 1
2018-01-05 18:33:30:SELECT * FROM t_user WHERE 1 AND openid = 'oeDcV0W0lW2u-WnondVku8uZZo4k' LIMIT 1
2018-01-05 18:34:55:SELECT * FROM t_act WHERE 1  LIMIT 0,50
2018-01-05 18:36:21:SELECT * FROM t_act WHERE 1  LIMIT 0,50
2018-01-05 18:37:31:SELECT * FROM t_act WHERE 1  LIMIT 0,50
2018-01-05 18:37:52:SELECT * FROM t_user WHERE 1 AND openid = 'oeDcV0W0lW2u-WnondVku8uZZo4k' LIMIT 1
2018-01-05 18:38:50:SELECT * FROM t_user WHERE 1 AND openid = 'oeDcV0W0lW2u-WnondVku8uZZo4k' LIMIT 1
2018-01-05 18:39:31:SELECT * FROM t_user WHERE 1 AND openid = 'oeDcV0W0lW2u-WnondVku8uZZo4k' LIMIT 1
2018-01-05 18:40:01:SELECT * FROM t_user WHERE 1 AND openid = 'oeDcV0W0lW2u-WnondVku8uZZo4k' LIMIT 1
2018-01-05 18:42:32:SELECT * FROM t_user WHERE 1 AND openid = 'oeDcV0W0lW2u-WnondVku8uZZo4k' LIMIT 1
2018-01-05 18:43:07:SELECT * FROM t_user WHERE 1 AND openid = 'oeDcV0W0lW2u-WnondVku8uZZo4k' LIMIT 1
2018-01-05 18:43:34:SELECT * FROM t_user WHERE 1 AND openid = 'oeDcV0W0lW2u-WnondVku8uZZo4k' LIMIT 1
2018-01-05 18:44:19:SELECT * FROM t_user WHERE 1 AND openid = 'oeDcV0W0lW2u-WnondVku8uZZo4k' LIMIT 1
2018-01-05 18:46:43:SELECT * FROM t_user WHERE 1 AND openid = 'oeDcV0W0lW2u-WnondVku8uZZo4k' LIMIT 1
2018-01-05 18:47:48:SELECT * FROM t_user WHERE 1 AND openid = 'oeDcV0W0lW2u-WnondVku8uZZo4k' LIMIT 1
2018-01-05 18:49:09:SELECT * FROM t_user WHERE 1 AND openid = 'oeDcV0W0lW2u-WnondVku8uZZo4k' LIMIT 1
2018-01-05 18:50:29:SELECT * FROM t_user WHERE 1 AND openid = 'oeDcV0W0lW2u-WnondVku8uZZo4k' LIMIT 1
2018-01-05 18:51:32:SELECT * FROM t_user WHERE 1 AND openid = 'oeDcV0W0lW2u-WnondVku8uZZo4k' LIMIT 1
2018-01-05 18:51:37:SELECT * FROM t_user WHERE 1 AND openid = 'oeDcV0W0lW2u-WnondVku8uZZo4k' LIMIT 1
2018-01-05 18:51:43:SELECT * FROM t_user WHERE 1 AND openid = 'oeDcV0W0lW2u-WnondVku8uZZo4k' LIMIT 1
2018-01-05 18:54:06:SELECT * FROM t_user WHERE 1 AND openid = 'oeDcV0W0lW2u-WnondVku8uZZo4k' LIMIT 1
2018-01-05 18:54:26:SELECT * FROM t_user WHERE 1 AND openid = 'oeDcV0W0lW2u-WnondVku8uZZo4k' LIMIT 1
2018-01-05 18:54:45:SELECT * FROM t_user WHERE 1 AND openid = 'oeDcV0W0lW2u-WnondVku8uZZo4k' LIMIT 1
2018-01-05 18:56:08:SELECT * FROM t_user WHERE 1 AND openid = 'oeDcV0W0lW2u-WnondVku8uZZo4k' LIMIT 1
2018-01-05 18:57:15:SELECT * FROM t_user WHERE 1 AND openid = 'oeDcV0W0lW2u-WnondVku8uZZo4k' LIMIT 1
2018-01-05 18:57:45:SELECT * FROM t_user WHERE 1 AND openid = 'oeDcV0W0lW2u-WnondVku8uZZo4k' LIMIT 1
2018-01-05 18:59:08:SELECT * FROM t_user WHERE 1 AND openid = 'oeDcV0W0lW2u-WnondVku8uZZo4k' LIMIT 1
2018-01-05 19:00:00:SELECT * FROM t_user WHERE 1 AND openid = 'oeDcV0W0lW2u-WnondVku8uZZo4k' LIMIT 1
2018-01-05 19:00:49:SELECT * FROM t_user WHERE 1 AND openid = 'oeDcV0W0lW2u-WnondVku8uZZo4k' LIMIT 1
2018-01-05 21:02:07:SELECT * FROM t_user WHERE 1 AND openid = 'oeDcV0W0lW2u-WnondVku8uZZo4k' LIMIT 1
2018-01-05 21:02:12:SELECT * FROM t_act WHERE 1  LIMIT 0,50
2018-01-05 21:02:26:SELECT * FROM t_user_money WHERE 1 AND openid="oeDcV0W0lW2u-WnondVku8uZZo4k" LIMIT 1
2018-01-05 21:03:29:SELECT * FROM t_user WHERE 1 AND openid = 'oeDcV0W0lW2u-WnondVku8uZZo4k' LIMIT 1
2018-01-05 21:07:13:SELECT * FROM t_user WHERE 1 AND openid = 'oeDcV0W0lW2u-WnondVku8uZZo4k' LIMIT 1
2018-01-05 21:07:20:SELECT * FROM t_user WHERE 1 AND openid = 'oeDcV0W0lW2u-WnondVku8uZZo4k' LIMIT 1
2018-01-05 21:09:56:SELECT * FROM t_user WHERE 1 AND openid = 'oeDcV0W0lW2u-WnondVku8uZZo4k' LIMIT 1
2018-01-05 21:10:06:SELECT * FROM t_user WHERE 1 AND openid = 'oeDcV0W0lW2u-WnondVku8uZZo4k' LIMIT 1
2018-01-05 21:11:14:SELECT * FROM t_user WHERE 1 AND openid = 'oeDcV0W0lW2u-WnondVku8uZZo4k' LIMIT 1
2018-01-05 21:14:37:SELECT * FROM t_user WHERE 1 AND openid = 'oeDcV0W0lW2u-WnondVku8uZZo4k' LIMIT 1
2018-01-05 21:14:54:SELECT * FROM t_user WHERE 1 AND openid = 'oeDcV0W0lW2u-WnondVku8uZZo4k' LIMIT 1
2018-01-05 21:16:33:SELECT * FROM t_user WHERE 1 AND openid = 'oeDcV0W0lW2u-WnondVku8uZZo4k' LIMIT 1
2018-01-05 21:17:57:SELECT * FROM t_user WHERE 1 AND openid = 'oeDcV0W0lW2u-WnondVku8uZZo4k' LIMIT 1
2018-01-05 21:18:43:SELECT * FROM t_user WHERE 1 AND openid = 'oeDcV0W0lW2u-WnondVku8uZZo4k' LIMIT 1
2018-01-05 21:19:03:SELECT * FROM t_user WHERE 1 AND openid = 'oeDcV0W0lW2u-WnondVku8uZZo4k' LIMIT 1
2018-01-05 21:19:44:SELECT * FROM t_user WHERE 1 AND openid = 'oeDcV0W0lW2u-WnondVku8uZZo4k' LIMIT 1
2018-01-05 21:21:18:SELECT * FROM t_user WHERE 1 AND openid = 'oeDcV0W0lW2u-WnondVku8uZZo4k' LIMIT 1
2018-01-05 21:21:26:SELECT * FROM t_user WHERE 1 AND openid = 'oeDcV0W0lW2u-WnondVku8uZZo4k' LIMIT 1
2018-01-05 21:35:10:SELECT * FROM t_user WHERE 1 AND openid = 'oeDcV0W0lW2u-WnondVku8uZZo4k' LIMIT 1
2018-01-05 21:40:39:SELECT * FROM t_user WHERE 1 AND openid = 'oeDcV0W0lW2u-WnondVku8uZZo4k' LIMIT 1
2018-01-05 21:45:18:SELECT * FROM t_user WHERE 1 AND openid = 'oeDcV0W0lW2u-WnondVku8uZZo4k' LIMIT 1
2018-01-05 21:46:47:SELECT * FROM t_user WHERE 1 AND openid = 'oeDcV0W0lW2u-WnondVku8uZZo4k' LIMIT 1
2018-01-05 21:50:08:SELECT * FROM t_user WHERE 1 AND openid = 'oeDcV0W0lW2u-WnondVku8uZZo4k' LIMIT 1
2018-01-05 21:52:12:SELECT * FROM t_act WHERE 1  LIMIT 0,50
2018-01-05 21:52:32:SELECT * FROM t_user WHERE 1 AND openid = 'oeDcV0W0lW2u-WnondVku8uZZo4k' LIMIT 1
2018-01-05 21:52:46:SELECT * FROM t_user WHERE 1 AND openid = 'oeDcV0W0lW2u-WnondVku8uZZo4k' LIMIT 1
2018-01-05 21:53:02:SELECT * FROM t_act WHERE 1  LIMIT 0,50
2018-01-05 22:05:04:SELECT * FROM t_user WHERE 1 AND openid = 'oeDcV0W0lW2u-WnondVku8uZZo4k' LIMIT 1
2018-01-05 22:12:01:SELECT * FROM t_user WHERE 1 AND openid = 'oeDcV0W0lW2u-WnondVku8uZZo4k' LIMIT 1
2018-01-05 22:14:07:SELECT * FROM t_user WHERE 1 AND openid = 'oeDcV0W0lW2u-WnondVku8uZZo4k' LIMIT 1
2018-01-05 22:14:30:SELECT * FROM t_user WHERE 1 AND openid = 'oeDcV0W0lW2u-WnondVku8uZZo4k' LIMIT 1
2018-01-05 22:14:40:SELECT * FROM t_user WHERE 1 AND openid = 'oeDcV0W0lW2u-WnondVku8uZZo4k' LIMIT 1
2018-01-05 22:16:23:SELECT * FROM t_user WHERE 1 AND openid = 'oeDcV0W0lW2u-WnondVku8uZZo4k' LIMIT 1
2018-01-05 22:17:18:SELECT * FROM t_user WHERE 1 AND openid = 'oeDcV0W0lW2u-WnondVku8uZZo4k' LIMIT 1
2018-01-05 22:20:44:SELECT * FROM t_user WHERE 1 AND openid = 'oeDcV0W0lW2u-WnondVku8uZZo4k' LIMIT 1
2018-01-05 22:21:04:SELECT * FROM t_user WHERE 1 AND openid = 'oeDcV0W0lW2u-WnondVku8uZZo4k' LIMIT 1
2018-01-05 23:22:29:SELECT * FROM t_user WHERE 1 AND openid = 'oeDcV0W0lW2u-WnondVku8uZZo4k' LIMIT 1
2018-01-05 23:22:42:SELECT * FROM t_user WHERE 1 AND openid = 'oeDcV0W0lW2u-WnondVku8uZZo4k' LIMIT 1
2018-01-05 23:34:35:SELECT * FROM t_user WHERE 1 AND openid = 'oeDcV0W0lW2u-WnondVku8uZZo4k' LIMIT 1
2018-01-05 23:34:35:SELECT * FROM t_user WHERE 1 AND openid = 'oeDcV0W0lW2u-WnondVku8uZZo4k' LIMIT 1
2018-01-05 23:34:50:SELECT * FROM t_user WHERE 1 AND openid = 'oeDcV0W0lW2u-WnondVku8uZZo4k' LIMIT 1
2018-01-05 23:34:57:SELECT * FROM t_user WHERE 1 AND openid = 'oeDcV0W0lW2u-WnondVku8uZZo4k' LIMIT 1
2018-01-05 23:35:01:SELECT * FROM t_user WHERE 1 AND openid = 'oeDcV0W0lW2u-WnondVku8uZZo4k' LIMIT 1
2018-01-05 23:35:05:SELECT * FROM t_user WHERE 1 AND openid = 'oeDcV0W0lW2u-WnondVku8uZZo4k' LIMIT 1
2018-01-05 23:37:04:SELECT * FROM t_act WHERE 1 AND id=22 LIMIT 1
2018-01-05 23:37:04:SELECT count(*) num FROM t_act_user WHERE 1 AND openid='oeDcV0W0lW2u-WnondVku8uZZo4k' LIMIT 1
2018-01-05 23:37:04:SELECT * FROM t_act_group WHERE 1 AND act_id=22
2018-01-05 23:37:04:SELECT * FROM t_act_user WHERE 1 AND act_id=22 AND group_id=1 order by use_time DESC
2018-01-05 23:38:46:SELECT * FROM t_user WHERE 1 AND openid = 'oeDcV0W0lW2u-WnondVku8uZZo4k' LIMIT 1
2018-01-05 23:39:19:SELECT * FROM t_user WHERE 1 AND openid = 'oeDcV0W0lW2u-WnondVku8uZZo4k' LIMIT 1
2018-01-05 23:39:44:SELECT * FROM t_user WHERE 1 AND openid = 'oeDcV0W0lW2u-WnondVku8uZZo4k' LIMIT 1
2018-01-05 23:42:28:SELECT * FROM t_user WHERE 1 AND openid = 'oeDcV0W0lW2u-WnondVku8uZZo4k' LIMIT 1
2018-01-05 23:42:36:SELECT * FROM t_user WHERE 1 AND openid = 'oeDcV0W0lW2u-WnondVku8uZZo4k' LIMIT 1
2018-01-05 23:42:42:SELECT * FROM t_act WHERE 1 AND id=22 LIMIT 1
2018-01-05 23:42:42:SELECT count(*) num FROM t_act_user WHERE 1 AND openid='oeDcV0W0lW2u-WnondVku8uZZo4k' LIMIT 1
2018-01-05 23:42:42:SELECT * FROM t_act_group WHERE 1 AND act_id=22
2018-01-05 23:42:42:SELECT * FROM t_act_user WHERE 1 AND act_id=22 AND group_id=1 order by use_time DESC
2018-01-05 23:42:58:SELECT * FROM t_user WHERE 1 AND openid = 'oeDcV0W0lW2u-WnondVku8uZZo4k' LIMIT 1
2018-01-05 23:43:04:SELECT * FROM t_user WHERE 1 AND openid = 'oeDcV0W0lW2u-WnondVku8uZZo4k' LIMIT 1
2018-01-05 23:43:09:SELECT * FROM t_user WHERE 1 AND openid = 'oeDcV0W0lW2u-WnondVku8uZZo4k' LIMIT 1
2018-01-05 23:43:11:SELECT * FROM t_user WHERE 1 AND openid = 'oeDcV0W0lW2u-WnondVku8uZZo4k' LIMIT 1
2018-01-05 23:43:26:SELECT * FROM t_user WHERE 1 AND openid = 'oeDcV0W0lW2u-WnondVku8uZZo4k' LIMIT 1
2018-01-05 23:43:45:SELECT * FROM t_user WHERE 1 AND openid = 'oeDcV0W0lW2u-WnondVku8uZZo4k' LIMIT 1
2018-01-05 23:43:48:SELECT * FROM t_act WHERE 1  LIMIT 0,50
2018-01-05 23:44:11:SELECT * FROM t_user_money WHERE 1 AND openid="oeDcV0W0lW2u-WnondVku8uZZo4k" LIMIT 1
2018-01-05 23:44:22:SELECT * FROM t_act WHERE 1  LIMIT 0,50
2018-01-05 23:44:25:SELECT * FROM t_user_money WHERE 1 AND openid="oeDcV0W0lW2u-WnondVku8uZZo4k" LIMIT 1
2018-01-05 23:44:26:SELECT * FROM t_act WHERE 1  LIMIT 0,50
2018-01-05 23:44:40:SELECT * FROM t_act WHERE 1 AND id=5 LIMIT 1
2018-01-05 23:44:40:SELECT count(*) num FROM t_act_user WHERE 1 AND openid='oeDcV0W0lW2u-WnondVku8uZZo4k' LIMIT 1
2018-01-05 23:44:40:SELECT * FROM t_act_group WHERE 1 AND act_id=5
2018-01-05 23:44:40:SELECT * FROM t_act_user WHERE 1 AND act_id=5 AND group_id=1 order by use_time DESC
2018-01-05 23:44:40:SELECT * FROM t_user WHERE 1 AND openid='oeDcV0W0lW2u-WnondVku8uZZo4k' LIMIT 1
2018-01-05 23:45:01:SELECT * FROM t_act WHERE 1 AND id=5 LIMIT 1
2018-01-05 23:45:01:SELECT count(*) num FROM t_act_user WHERE 1 AND openid='oeDcV0W0lW2u-WnondVku8uZZo4k' LIMIT 1
2018-01-05 23:45:01:SELECT * FROM t_act_group WHERE 1 AND act_id=5
2018-01-05 23:45:01:SELECT * FROM t_act_user WHERE 1 AND act_id=5 AND group_id=1 order by use_time DESC
2018-01-05 23:45:01:SELECT * FROM t_user WHERE 1 AND openid='oeDcV0W0lW2u-WnondVku8uZZo4k' LIMIT 1
2018-01-05 23:45:20:SELECT * FROM t_act WHERE 1 AND id=5 LIMIT 1
2018-01-05 23:45:20:SELECT count(*) num FROM t_act_user WHERE 1 AND openid='oeDcV0W0lW2u-WnondVku8uZZo4k' LIMIT 1
2018-01-05 23:45:20:SELECT * FROM t_act_group WHERE 1 AND act_id=5
2018-01-05 23:45:20:SELECT * FROM t_act_user WHERE 1 AND act_id=5 AND group_id=1 order by use_time DESC
2018-01-05 23:45:20:SELECT * FROM t_user WHERE 1 AND openid='oeDcV0W0lW2u-WnondVku8uZZo4k' LIMIT 1
2018-01-05 23:45:48:SELECT * FROM t_act WHERE 1 AND id=5 LIMIT 1
2018-01-05 23:45:48:SELECT count(*) num FROM t_act_user WHERE 1 AND openid='oeDcV0W0lW2u-WnondVku8uZZo4k' LIMIT 1
2018-01-05 23:45:48:SELECT * FROM t_act_group WHERE 1 AND act_id=5
2018-01-05 23:45:48:SELECT * FROM t_act_user WHERE 1 AND act_id=5 AND group_id=1 order by use_time DESC
2018-01-05 23:45:48:SELECT * FROM t_user WHERE 1 AND openid='oeDcV0W0lW2u-WnondVku8uZZo4k' LIMIT 1
2018-01-05 23:47:03:SELECT * FROM t_act WHERE 1 AND id=5 LIMIT 1
2018-01-05 23:47:03:SELECT count(*) num FROM t_act_user WHERE 1 AND openid='oeDcV0W0lW2u-WnondVku8uZZo4k' LIMIT 1
2018-01-05 23:47:03:SELECT * FROM t_act_group WHERE 1 AND act_id=5
2018-01-05 23:47:03:SELECT * FROM t_act_user WHERE 1 AND act_id=5 AND group_id=1 order by use_time DESC
2018-01-05 23:47:03:SELECT * FROM t_user WHERE 1 AND openid='oeDcV0W0lW2u-WnondVku8uZZo4k' LIMIT 1
2018-01-05 23:47:38:SELECT * FROM t_act WHERE 1 AND id=5 LIMIT 1
2018-01-05 23:47:38:SELECT count(*) num FROM t_act_user WHERE 1 AND openid='oeDcV0W0lW2u-WnondVku8uZZo4k' LIMIT 1
2018-01-05 23:47:38:SELECT * FROM t_act_group WHERE 1 AND act_id=5
2018-01-05 23:47:39:SELECT * FROM t_act_user WHERE 1 AND act_id=5 AND group_id=1 order by use_time DESC
2018-01-05 23:47:39:SELECT * FROM t_user WHERE 1 AND openid='oeDcV0W0lW2u-WnondVku8uZZo4k' LIMIT 1
2018-01-05 23:47:44:SELECT * FROM t_act WHERE 1 AND id=5 LIMIT 1
2018-01-05 23:47:44:SELECT count(*) num FROM t_act_user WHERE 1 AND openid='oeDcV0W0lW2u-WnondVku8uZZo4k' LIMIT 1
2018-01-05 23:47:44:SELECT * FROM t_act_group WHERE 1 AND act_id=5
2018-01-05 23:47:44:SELECT * FROM t_act_user WHERE 1 AND act_id=5 AND group_id=1 order by use_time DESC
2018-01-05 23:47:44:SELECT * FROM t_user WHERE 1 AND openid='oeDcV0W0lW2u-WnondVku8uZZo4k' LIMIT 1
2018-01-05 23:47:55:SELECT * FROM t_act WHERE 1 AND id=5 LIMIT 1
2018-01-05 23:47:55:SELECT count(*) num FROM t_act_user WHERE 1 AND openid='oeDcV0W0lW2u-WnondVku8uZZo4k' LIMIT 1
2018-01-05 23:47:55:SELECT * FROM t_act_group WHERE 1 AND act_id=5
2018-01-05 23:47:55:SELECT * FROM t_act_user WHERE 1 AND act_id=5 AND group_id=1 order by use_time DESC
2018-01-05 23:47:55:SELECT * FROM t_user WHERE 1 AND openid='oeDcV0W0lW2u-WnondVku8uZZo4k' LIMIT 1
2018-01-05 23:48:02:SELECT * FROM t_act WHERE 1 AND id=5 LIMIT 1
2018-01-05 23:48:02:SELECT count(*) num FROM t_act_user WHERE 1 AND openid='oeDcV0W0lW2u-WnondVku8uZZo4k' LIMIT 1
2018-01-05 23:48:02:SELECT * FROM t_act_group WHERE 1 AND act_id=5
2018-01-05 23:48:02:SELECT * FROM t_act_user WHERE 1 AND act_id=5 AND group_id=1 order by use_time DESC
2018-01-05 23:48:03:SELECT * FROM t_user WHERE 1 AND openid='oeDcV0W0lW2u-WnondVku8uZZo4k' LIMIT 1
2018-01-05 23:48:32:SELECT * FROM t_act WHERE 1 AND id=5 LIMIT 1
2018-01-05 23:48:32:SELECT count(*) num FROM t_act_user WHERE 1 AND openid='oeDcV0W0lW2u-WnondVku8uZZo4k' LIMIT 1
2018-01-05 23:48:32:SELECT * FROM t_act_group WHERE 1 AND act_id=5
2018-01-05 23:48:32:SELECT * FROM t_act_user WHERE 1 AND act_id=5 AND group_id=1 order by use_time DESC
2018-01-05 23:48:33:SELECT * FROM t_user WHERE 1 AND openid='oeDcV0W0lW2u-WnondVku8uZZo4k' LIMIT 1
2018-01-05 23:48:59:SELECT * FROM t_act WHERE 1 AND id=5 LIMIT 1
2018-01-05 23:48:59:SELECT count(*) num FROM t_act_user WHERE 1 AND openid='oeDcV0W0lW2u-WnondVku8uZZo4k' LIMIT 1
2018-01-05 23:48:59:SELECT * FROM t_act_group WHERE 1 AND act_id=5
2018-01-05 23:48:59:SELECT * FROM t_act_user WHERE 1 AND act_id=5 AND group_id=1 order by use_time DESC
2018-01-05 23:48:59:SELECT * FROM t_user WHERE 1 AND openid='oeDcV0W0lW2u-WnondVku8uZZo4k' LIMIT 1
2018-01-05 23:54:03:SELECT * FROM t_act WHERE 1 AND id=5 LIMIT 1
2018-01-05 23:54:03:SELECT count(*) num FROM t_act_user WHERE 1 AND openid='oeDcV0W0lW2u-WnondVku8uZZo4k' LIMIT 1
2018-01-05 23:54:03:SELECT * FROM t_act_group WHERE 1 AND act_id=5
2018-01-05 23:54:03:SELECT * FROM t_act_user WHERE 1 AND act_id=5 AND group_id=1 order by use_time DESC
2018-01-05 23:54:03:SELECT * FROM t_user WHERE 1 AND openid='oeDcV0W0lW2u-WnondVku8uZZo4k' LIMIT 1
