2018-01-22 09:20:54:SELECT * FROM t_user WHERE 1 AND openid = 'oqwUY4yUqU2tV5iezn8AOBiC0Kj0' LIMIT 1
2018-01-22 09:21:05:SELECT gender FROM t_user WHERE 1 AND openid='oqwUY4yUqU2tV5iezn8AOBiC0Kj0' LIMIT 1
2018-01-22 09:21:05:SELECT * FROM t_act WHERE 1  AND is_list=1 AND (end_time=0 OR end_time>1516584065) AND limit_sex IN(0,2) order by add_time DESC LIMIT 0,8
2018-01-22 09:21:05:SELECT COUNT(*) total FROM t_act WHERE 1  AND is_list=1 AND (end_time=0 OR end_time>1516584065) AND limit_sex IN(0,2) LIMIT 1
2018-01-22 09:21:11:SELECT * FROM t_user_money WHERE 1 AND openid="oqwUY4yUqU2tV5iezn8AOBiC0Kj0" LIMIT 1
2018-01-22 09:21:11:SELECT act_id,use_time,create_time,get_award,get_ranking FROM t_act_user WHERE 1  AND openid ='oqwUY4yUqU2tV5iezn8AOBiC0Kj0' order by create_time DESC LIMIT 0,2
2018-01-22 09:21:11:SELECT COUNT(*) total, SUM(get_award) total_money FROM t_act_user WHERE 1  AND openid ='oqwUY4yUqU2tV5iezn8AOBiC0Kj0' LIMIT 1
2018-01-22 09:21:14:SELECT * FROM t_user WHERE 1 AND openid = 'oqwUY4yUqU2tV5iezn8AOBiC0Kj0' LIMIT 1
2018-01-22 09:21:18:SELECT * FROM t_user WHERE 1 AND openid = 'oqwUY4yUqU2tV5iezn8AOBiC0Kj0' LIMIT 1
2018-01-22 09:22:09:SELECT * FROM t_user WHERE 1 AND openid = 'oqwUY4yUqU2tV5iezn8AOBiC0Kj0' LIMIT 1
2018-01-22 09:22:12:SELECT * FROM t_user WHERE 1 AND openid = 'oqwUY4yUqU2tV5iezn8AOBiC0Kj0' LIMIT 1
2018-01-22 09:23:40:SELECT * FROM t_user WHERE 1 AND openid = 'oqwUY4yUqU2tV5iezn8AOBiC0Kj0' LIMIT 1
2018-01-22 09:23:43:SELECT * FROM t_user WHERE 1 AND openid = 'oqwUY4yUqU2tV5iezn8AOBiC0Kj0' LIMIT 1
2018-01-22 09:23:47:SELECT * FROM t_user_money WHERE 1 AND openid="oqwUY4yUqU2tV5iezn8AOBiC0Kj0" LIMIT 1
2018-01-22 09:23:47:SELECT act_id,use_time,create_time,get_award,get_ranking FROM t_act_user WHERE 1  AND openid ='oqwUY4yUqU2tV5iezn8AOBiC0Kj0' order by create_time DESC LIMIT 0,2
2018-01-22 09:23:47:SELECT COUNT(*) total, SUM(get_award) total_money FROM t_act_user WHERE 1  AND openid ='oqwUY4yUqU2tV5iezn8AOBiC0Kj0' LIMIT 1
2018-01-22 09:23:48:SELECT * FROM t_user WHERE 1 AND openid = 'oqwUY4yUqU2tV5iezn8AOBiC0Kj0' LIMIT 1
2018-01-22 09:23:51:SELECT * FROM t_user_money WHERE 1 AND openid="oqwUY4yUqU2tV5iezn8AOBiC0Kj0" LIMIT 1
2018-01-22 09:23:51:SELECT act_id,use_time,create_time,get_award,get_ranking FROM t_act_user WHERE 1  AND openid ='oqwUY4yUqU2tV5iezn8AOBiC0Kj0' order by create_time DESC LIMIT 0,2
2018-01-22 09:23:51:SELECT COUNT(*) total, SUM(get_award) total_money FROM t_act_user WHERE 1  AND openid ='oqwUY4yUqU2tV5iezn8AOBiC0Kj0' LIMIT 1
2018-01-22 09:23:52:SELECT * FROM t_user WHERE 1 AND openid = 'oqwUY4yUqU2tV5iezn8AOBiC0Kj0' LIMIT 1
2018-01-22 09:23:58:SELECT * FROM t_user WHERE 1 AND openid = 'oqwUY4yUqU2tV5iezn8AOBiC0Kj0' LIMIT 1
2018-01-22 09:25:02:SELECT * FROM t_user WHERE 1 AND openid = 'oqwUY4yUqU2tV5iezn8AOBiC0Kj0' LIMIT 1
2018-01-22 09:33:11:SELECT * FROM t_user WHERE 1 AND openid = 'oqwUY4yUqU2tV5iezn8AOBiC0Kj0' LIMIT 1
2018-01-22 09:43:35:SELECT * FROM t_user WHERE 1 AND openid = 'oqwUY43puYDedzWuzHQsEasZa78I' LIMIT 1
2018-01-22 09:43:36:SELECT * FROM t_user WHERE 1 AND openid = 'oqwUY4yUqU2tV5iezn8AOBiC0Kj0' LIMIT 1
2018-01-22 09:43:39:SELECT gender FROM t_user WHERE 1 AND openid='oqwUY43puYDedzWuzHQsEasZa78I' LIMIT 1
2018-01-22 09:43:39:SELECT * FROM t_act WHERE 1  AND is_list=1 AND (end_time=0 OR end_time>1516585419) AND limit_sex IN(0,0) order by add_time DESC LIMIT 0,8
2018-01-22 09:43:40:SELECT COUNT(*) total FROM t_act WHERE 1  AND is_list=1 AND (end_time=0 OR end_time>1516585419) AND limit_sex IN(0,0) LIMIT 1
2018-01-22 09:43:43:SELECT * FROM t_user WHERE 1 AND openid = 'oqwUY43puYDedzWuzHQsEasZa78I' LIMIT 1
2018-01-22 09:43:51:SELECT * FROM t_user WHERE 1 AND openid = 'oqwUY43puYDedzWuzHQsEasZa78I' LIMIT 1
2018-01-22 09:44:00:SELECT gender FROM t_user WHERE 1 AND openid='oqwUY43puYDedzWuzHQsEasZa78I' LIMIT 1
2018-01-22 09:44:00:SELECT * FROM t_act WHERE 1  AND is_list=1 AND (end_time=0 OR end_time>1516585440) AND limit_sex IN(0,0) order by add_time DESC LIMIT 0,8
2018-01-22 09:44:00:SELECT COUNT(*) total FROM t_act WHERE 1  AND is_list=1 AND (end_time=0 OR end_time>1516585440) AND limit_sex IN(0,0) LIMIT 1
2018-01-22 09:44:00:SELECT * FROM t_user WHERE 1 AND openid = 'oqwUY43puYDedzWuzHQsEasZa78I' LIMIT 1
2018-01-22 09:44:05:SELECT * FROM t_user WHERE 1 AND openid = 'oqwUY4yUqU2tV5iezn8AOBiC0Kj0' LIMIT 1
2018-01-22 09:44:09:SELECT * FROM t_user WHERE 1 AND openid = 'oqwUY43puYDedzWuzHQsEasZa78I' LIMIT 1
2018-01-22 09:44:22:SELECT * FROM t_user WHERE 1 AND openid = 'oqwUY4yUqU2tV5iezn8AOBiC0Kj0' LIMIT 1
2018-01-22 09:44:23:SELECT * FROM t_user_money WHERE 1 AND openid="oqwUY4yUqU2tV5iezn8AOBiC0Kj0" LIMIT 1
2018-01-22 09:44:24:SELECT act_id,use_time,create_time,get_award,get_ranking FROM t_act_user WHERE 1  AND openid ='oqwUY4yUqU2tV5iezn8AOBiC0Kj0' order by create_time DESC LIMIT 0,2
2018-01-22 09:44:24:SELECT COUNT(*) total, SUM(get_award) total_money FROM t_act_user WHERE 1  AND openid ='oqwUY4yUqU2tV5iezn8AOBiC0Kj0' LIMIT 1
2018-01-22 09:44:30:SELECT * FROM t_user WHERE 1 AND openid = 'oqwUY4yUqU2tV5iezn8AOBiC0Kj0' LIMIT 1
2018-01-22 09:44:34:SELECT * FROM t_user WHERE 1 AND openid = 'oqwUY43puYDedzWuzHQsEasZa78I' LIMIT 1
2018-01-22 09:44:36:SELECT * FROM t_user WHERE 1 AND openid = 'oqwUY43puYDedzWuzHQsEasZa78I' LIMIT 1
2018-01-22 09:44:37:SELECT id FROM t_user WHERE 1 AND openid = 'oqwUY43puYDedzWuzHQsEasZa78I' LIMIT 1
2018-01-22 09:44:43:SELECT * FROM t_user WHERE 1 AND openid = 'oqwUY43puYDedzWuzHQsEasZa78I' LIMIT 1
2018-01-22 09:45:43:SELECT * FROM t_user_money WHERE 1 AND openid="oqwUY4yUqU2tV5iezn8AOBiC0Kj0" LIMIT 1
2018-01-22 09:45:43:SELECT act_id,use_time,create_time,get_award,get_ranking FROM t_act_user WHERE 1  AND openid ='oqwUY4yUqU2tV5iezn8AOBiC0Kj0' order by create_time DESC LIMIT 0,2
2018-01-22 09:45:43:SELECT COUNT(*) total, SUM(get_award) total_money FROM t_act_user WHERE 1  AND openid ='oqwUY4yUqU2tV5iezn8AOBiC0Kj0' LIMIT 1
2018-01-22 09:46:02:SELECT * FROM t_user WHERE 1 AND openid = 'oqwUY4yUqU2tV5iezn8AOBiC0Kj0' LIMIT 1
2018-01-22 10:03:41:SELECT * FROM t_user WHERE 1 AND openid = 'oqwUY4yUqU2tV5iezn8AOBiC0Kj0' LIMIT 1
2018-01-22 10:03:46:SELECT * FROM t_user WHERE 1 AND openid = 'oqwUY4yUqU2tV5iezn8AOBiC0Kj0' LIMIT 1
2018-01-22 10:03:48:SELECT * FROM t_user WHERE 1 AND openid = 'oqwUY4yUqU2tV5iezn8AOBiC0Kj0' LIMIT 1
2018-01-22 10:03:49:SELECT act_id,use_time,create_time,get_award,get_ranking FROM t_act_user WHERE 1  AND openid ='oqwUY4yUqU2tV5iezn8AOBiC0Kj0' order by create_time DESC LIMIT 0,2
2018-01-22 10:03:49:SELECT * FROM t_user_money WHERE 1 AND openid="oqwUY4yUqU2tV5iezn8AOBiC0Kj0" LIMIT 1
2018-01-22 10:03:49:SELECT COUNT(*) total, SUM(get_award) total_money FROM t_act_user WHERE 1  AND openid ='oqwUY4yUqU2tV5iezn8AOBiC0Kj0' LIMIT 1
2018-01-22 10:03:50:SELECT * FROM t_user WHERE 1 AND openid = 'oqwUY4yUqU2tV5iezn8AOBiC0Kj0' LIMIT 1
2018-01-22 10:03:52:SELECT * FROM t_user_money WHERE 1 AND openid="oqwUY4yUqU2tV5iezn8AOBiC0Kj0" LIMIT 1
2018-01-22 10:03:52:SELECT act_id,use_time,create_time,get_award,get_ranking FROM t_act_user WHERE 1  AND openid ='oqwUY4yUqU2tV5iezn8AOBiC0Kj0' order by create_time DESC LIMIT 0,2
2018-01-22 10:03:52:SELECT COUNT(*) total, SUM(get_award) total_money FROM t_act_user WHERE 1  AND openid ='oqwUY4yUqU2tV5iezn8AOBiC0Kj0' LIMIT 1
2018-01-22 10:03:53:SELECT id,pic,add_time,pay_total,pay_fee,num_group FROM t_act WHERE 1  AND openid ='oqwUY4yUqU2tV5iezn8AOBiC0Kj0' order by add_time DESC LIMIT 0,20
2018-01-22 10:03:53:SELECT COUNT(*) total, SUM((pay_total-pay_fee)) money_total FROM t_act WHERE 1  AND openid ='oqwUY4yUqU2tV5iezn8AOBiC0Kj0' LIMIT 1
2018-01-22 10:03:55:SELECT act_id,use_time,create_time,get_award,get_ranking FROM t_act_user WHERE 1  AND openid ='oqwUY4yUqU2tV5iezn8AOBiC0Kj0' order by create_time DESC LIMIT 0,20
2018-01-22 10:03:55:SELECT COUNT(*) total, SUM(get_award) total_money FROM t_act_user WHERE 1  AND openid ='oqwUY4yUqU2tV5iezn8AOBiC0Kj0' LIMIT 1
2018-01-22 10:03:57:SELECT * FROM t_user_money WHERE 1 AND openid="oqwUY4yUqU2tV5iezn8AOBiC0Kj0" LIMIT 1
2018-01-22 10:03:57:SELECT act_id,use_time,create_time,get_award,get_ranking FROM t_act_user WHERE 1  AND openid ='oqwUY4yUqU2tV5iezn8AOBiC0Kj0' order by create_time DESC LIMIT 0,2
2018-01-22 10:03:57:SELECT COUNT(*) total, SUM(get_award) total_money FROM t_act_user WHERE 1  AND openid ='oqwUY4yUqU2tV5iezn8AOBiC0Kj0' LIMIT 1
2018-01-22 10:04:14:SELECT * FROM t_user WHERE 1 AND openid = 'oeDcV0W0lW2u-WnondVku8uZZo4k' LIMIT 1
2018-01-22 10:04:16:SELECT * FROM t_user WHERE 1 AND openid = 'oqwUY4yUqU2tV5iezn8AOBiC0Kj0' LIMIT 1
2018-01-22 10:04:51:SELECT * FROM t_user_money WHERE 1 AND openid="oeDcV0W0lW2u-WnondVku8uZZo4k" LIMIT 1
2018-01-22 10:04:51:SELECT act_id,use_time,create_time,get_award,get_ranking FROM t_act_user WHERE 1  AND openid ='oeDcV0W0lW2u-WnondVku8uZZo4k' order by create_time DESC LIMIT 0,2
2018-01-22 10:04:51:SELECT COUNT(*) total, SUM(get_award) total_money FROM t_act_user WHERE 1  AND openid ='oeDcV0W0lW2u-WnondVku8uZZo4k' LIMIT 1
2018-01-22 10:04:54:SELECT id,pic,add_time,pay_total,pay_fee,num_group FROM t_act WHERE 1  AND openid ='oeDcV0W0lW2u-WnondVku8uZZo4k' order by add_time DESC LIMIT 0,20
2018-01-22 10:04:54:SELECT COUNT(*) total, SUM((pay_total-pay_fee)) money_total FROM t_act WHERE 1  AND openid ='oeDcV0W0lW2u-WnondVku8uZZo4k' LIMIT 1
2018-01-22 10:04:56:SELECT * FROM t_user_money WHERE 1 AND openid="oeDcV0W0lW2u-WnondVku8uZZo4k" LIMIT 1
2018-01-22 10:04:56:SELECT act_id,use_time,create_time,get_award,get_ranking FROM t_act_user WHERE 1  AND openid ='oeDcV0W0lW2u-WnondVku8uZZo4k' order by create_time DESC LIMIT 0,2
2018-01-22 10:04:56:SELECT COUNT(*) total, SUM(get_award) total_money FROM t_act_user WHERE 1  AND openid ='oeDcV0W0lW2u-WnondVku8uZZo4k' LIMIT 1
2018-01-22 10:04:58:SELECT * FROM t_user WHERE 1 AND openid = 'oeDcV0W0lW2u-WnondVku8uZZo4k' LIMIT 1
2018-01-22 11:06:51:SELECT * FROM t_user WHERE 1 AND openid = 'oqwUY4yUqU2tV5iezn8AOBiC0Kj0' LIMIT 1
2018-01-22 11:07:47:SELECT * FROM t_user WHERE 1 AND openid = 'oqwUY4yUqU2tV5iezn8AOBiC0Kj0' LIMIT 1
2018-01-22 11:07:54:SELECT * FROM t_user WHERE 1 AND openid = 'oqwUY4yUqU2tV5iezn8AOBiC0Kj0' LIMIT 1
2018-01-22 11:08:25:SELECT * FROM t_user WHERE 1 AND openid = 'oqwUY4yUqU2tV5iezn8AOBiC0Kj0' LIMIT 1
2018-01-22 11:08:41:SELECT * FROM t_user WHERE 1 AND openid = 'oqwUY4yUqU2tV5iezn8AOBiC0Kj0' LIMIT 1
2018-01-22 11:08:48:SELECT * FROM t_user WHERE 1 AND openid = 'oqwUY4yUqU2tV5iezn8AOBiC0Kj0' LIMIT 1
2018-01-22 11:08:50:SELECT * FROM t_user WHERE 1 AND openid = 'oqwUY4yUqU2tV5iezn8AOBiC0Kj0' LIMIT 1
2018-01-22 11:09:30:SELECT * FROM t_user WHERE 1 AND openid = 'oqwUY4yUqU2tV5iezn8AOBiC0Kj0' LIMIT 1
2018-01-22 11:09:41:SELECT * FROM t_user WHERE 1 AND openid = 'oqwUY4yUqU2tV5iezn8AOBiC0Kj0' LIMIT 1
2018-01-22 11:10:38:SELECT * FROM t_user WHERE 1 AND openid = 'oqwUY4yUqU2tV5iezn8AOBiC0Kj0' LIMIT 1
2018-01-22 11:20:04:SELECT * FROM t_user WHERE 1 AND openid = 'oqwUY4yUqU2tV5iezn8AOBiC0Kj0' LIMIT 1
2018-01-22 11:20:05:SELECT * FROM t_user WHERE 1 AND openid = 'oqwUY4yUqU2tV5iezn8AOBiC0Kj0' LIMIT 1
2018-01-22 11:20:15:SELECT * FROM t_user WHERE 1 AND openid = 'oqwUY4yUqU2tV5iezn8AOBiC0Kj0' LIMIT 1
2018-01-22 12:04:49:SELECT * FROM t_user WHERE 1 AND openid = 'oqwUY4yUqU2tV5iezn8AOBiC0Kj0' LIMIT 1
2018-01-22 12:21:58:SELECT * FROM t_user WHERE 1 AND openid = 'oeDcV0Zc4eR8nIigyAVbHx0c5oAc' LIMIT 1
2018-01-22 12:22:33:SELECT * FROM t_user WHERE 1 AND openid = 'oeDcV0Zc4eR8nIigyAVbHx0c5oAc' LIMIT 1
2018-01-22 12:22:45:SELECT * FROM t_user WHERE 1 AND openid = 'oqwUY4yUqU2tV5iezn8AOBiC0Kj0' LIMIT 1
2018-01-22 12:23:22:SELECT * FROM t_user WHERE 1 AND openid = 'oeDcV0Zc4eR8nIigyAVbHx0c5oAc' LIMIT 1
2018-01-22 12:23:23:SELECT * FROM t_user WHERE 1 AND openid = 'oeDcV0Zc4eR8nIigyAVbHx0c5oAc' LIMIT 1
2018-01-22 12:25:32:SELECT * FROM t_user WHERE 1 AND openid = 'oqwUY4yUqU2tV5iezn8AOBiC0Kj0' LIMIT 1
2018-01-22 12:25:45:SELECT * FROM t_user_money WHERE 1 AND openid="oqwUY4yUqU2tV5iezn8AOBiC0Kj0" LIMIT 1
2018-01-22 12:25:45:SELECT act_id,use_time,create_time,get_award,get_ranking FROM t_act_user WHERE 1  AND openid ='oqwUY4yUqU2tV5iezn8AOBiC0Kj0' order by create_time DESC LIMIT 0,2
2018-01-22 12:25:45:SELECT COUNT(*) total, SUM(get_award) total_money FROM t_act_user WHERE 1  AND openid ='oqwUY4yUqU2tV5iezn8AOBiC0Kj0' LIMIT 1
2018-01-22 12:27:19:SELECT * FROM t_user WHERE 1 AND openid = 'oqwUY4yUqU2tV5iezn8AOBiC0Kj0' LIMIT 1
2018-01-22 12:27:21:SELECT * FROM t_user WHERE 1 AND openid = 'oqwUY4yUqU2tV5iezn8AOBiC0Kj0' LIMIT 1
2018-01-22 12:29:37:SELECT * FROM t_user WHERE 1 AND openid = 'oqwUY4yUqU2tV5iezn8AOBiC0Kj0' LIMIT 1
2018-01-22 12:29:37:SELECT * FROM t_user WHERE 1 AND openid = 'oqwUY4yUqU2tV5iezn8AOBiC0Kj0' LIMIT 1
2018-01-22 12:35:28:SELECT * FROM t_user WHERE 1 AND openid = 'oqwUY4-BiS3uITslES1zTxXRDNyg' LIMIT 1
2018-01-22 12:35:57:SELECT id FROM t_user WHERE 1 AND openid = 'oqwUY4-BiS3uITslES1zTxXRDNyg' LIMIT 1
2018-01-22 12:36:19:SELECT * FROM t_user WHERE 1 AND openid = 'oqwUY4-BiS3uITslES1zTxXRDNyg' LIMIT 1
2018-01-22 12:36:27:SELECT * FROM t_user WHERE 1 AND openid = 'oqwUY4-BiS3uITslES1zTxXRDNyg' LIMIT 1
2018-01-22 12:36:28:SELECT id FROM t_user WHERE 1 AND openid = 'oqwUY4-BiS3uITslES1zTxXRDNyg' LIMIT 1
2018-01-22 12:36:33:SELECT * FROM t_user WHERE 1 AND openid = 'oqwUY4-BiS3uITslES1zTxXRDNyg' LIMIT 1
2018-01-22 12:36:42:SELECT act_id,use_time,create_time,get_award,get_ranking FROM t_act_user WHERE 1  AND openid ='oqwUY4-BiS3uITslES1zTxXRDNyg' order by create_time DESC LIMIT 0,2
2018-01-22 12:36:42:SELECT * FROM t_user_money WHERE 1 AND openid="oqwUY4-BiS3uITslES1zTxXRDNyg" LIMIT 1
2018-01-22 12:36:43:SELECT COUNT(*) total, SUM(get_award) total_money FROM t_act_user WHERE 1  AND openid ='oqwUY4-BiS3uITslES1zTxXRDNyg' LIMIT 1
2018-01-22 12:36:44:SELECT * FROM t_user WHERE 1 AND openid = 'oqwUY4-BiS3uITslES1zTxXRDNyg' LIMIT 1
2018-01-22 12:36:50:SELECT * FROM t_user WHERE 1 AND openid = 'oqwUY4-BiS3uITslES1zTxXRDNyg' LIMIT 1
2018-01-22 12:37:29:SELECT * FROM t_user WHERE 1 AND openid = 'oqwUY4yUqU2tV5iezn8AOBiC0Kj0' LIMIT 1
2018-01-22 12:37:43:SELECT * FROM t_user WHERE 1 AND openid = 'oqwUY4yUqU2tV5iezn8AOBiC0Kj0' LIMIT 1
2018-01-22 12:37:44:SELECT * FROM t_user WHERE 1 AND openid = 'oqwUY4yUqU2tV5iezn8AOBiC0Kj0' LIMIT 1
2018-01-22 12:38:15:SELECT * FROM t_user WHERE 1 AND openid = 'oqwUY4yUqU2tV5iezn8AOBiC0Kj0' LIMIT 1
2018-01-22 12:38:22:SELECT * FROM t_user WHERE 1 AND openid = 'oqwUY4-BiS3uITslES1zTxXRDNyg' LIMIT 1
2018-01-22 12:38:24:SELECT * FROM t_user WHERE 1 AND openid = 'oqwUY4-BiS3uITslES1zTxXRDNyg' LIMIT 1
2018-01-22 12:38:30:SELECT * FROM t_user WHERE 1 AND openid = 'oqwUY4-BiS3uITslES1zTxXRDNyg' LIMIT 1
2018-01-22 12:38:31:SELECT * FROM t_user WHERE 1 AND openid = 'oqwUY4-BiS3uITslES1zTxXRDNyg' LIMIT 1
2018-01-22 12:38:35:SELECT * FROM t_user WHERE 1 AND openid = 'oqwUY4-BiS3uITslES1zTxXRDNyg' LIMIT 1
2018-01-22 12:38:45:SELECT * FROM t_user WHERE 1 AND openid = 'oqwUY4-BiS3uITslES1zTxXRDNyg' LIMIT 1
2018-01-22 12:38:51:SELECT * FROM t_user WHERE 1 AND openid = 'oqwUY4-BiS3uITslES1zTxXRDNyg' LIMIT 1
2018-01-22 12:38:59:SELECT * FROM t_user WHERE 1 AND openid = 'oqwUY4-BiS3uITslES1zTxXRDNyg' LIMIT 1
2018-01-22 12:39:03:SELECT * FROM t_user WHERE 1 AND openid = 'oqwUY4-BiS3uITslES1zTxXRDNyg' LIMIT 1
2018-01-22 12:39:11:SELECT * FROM t_user WHERE 1 AND openid = 'oqwUY4-BiS3uITslES1zTxXRDNyg' LIMIT 1
2018-01-22 12:39:38:SELECT * FROM t_user WHERE 1 AND openid = 'oqwUY4yUqU2tV5iezn8AOBiC0Kj0' LIMIT 1
2018-01-22 12:39:47:SELECT * FROM t_user WHERE 1 AND openid = 'oqwUY4yUqU2tV5iezn8AOBiC0Kj0' LIMIT 1
2018-01-22 12:41:30:SELECT * FROM t_user WHERE 1 AND openid = 'oqwUY4yUqU2tV5iezn8AOBiC0Kj0' LIMIT 1
2018-01-22 12:41:42:SELECT * FROM t_user WHERE 1 AND openid = 'oqwUY4yUqU2tV5iezn8AOBiC0Kj0' LIMIT 1
2018-01-22 13:40:13:SELECT * FROM t_user WHERE 1 AND openid = 'oeDcV0Zc4eR8nIigyAVbHx0c5oAc' LIMIT 1
2018-01-22 13:46:45:SELECT * FROM t_user WHERE 1 AND openid = 'oqwUY4yUqU2tV5iezn8AOBiC0Kj0' LIMIT 1
2018-01-22 13:46:53:SELECT * FROM t_user WHERE 1 AND openid = 'oqwUY4yUqU2tV5iezn8AOBiC0Kj0' LIMIT 1
2018-01-22 13:48:28:SELECT * FROM t_user WHERE 1 AND openid = 'oqwUY4yUqU2tV5iezn8AOBiC0Kj0' LIMIT 1
2018-01-22 13:48:47:SELECT * FROM t_user WHERE 1 AND openid = 'oqwUY4yUqU2tV5iezn8AOBiC0Kj0' LIMIT 1
2018-01-22 13:52:43:SELECT * FROM t_user WHERE 1 AND openid = 'oqwUY4-BiS3uITslES1zTxXRDNyg' LIMIT 1
2018-01-22 13:52:57:SELECT * FROM t_user WHERE 1 AND openid = 'oqwUY4-BiS3uITslES1zTxXRDNyg' LIMIT 1
2018-01-22 13:54:57:SELECT * FROM t_user WHERE 1 AND openid = 'oqwUY4-BiS3uITslES1zTxXRDNyg' LIMIT 1
2018-01-22 13:55:01:SELECT * FROM t_user WHERE 1 AND openid = 'oqwUY4-BiS3uITslES1zTxXRDNyg' LIMIT 1
2018-01-22 14:18:58:SELECT * FROM t_user WHERE 1 AND openid = 'oqwUY4-BiS3uITslES1zTxXRDNyg' LIMIT 1
2018-01-22 14:19:21:SELECT * FROM t_user WHERE 1 AND openid = 'oqwUY4-BiS3uITslES1zTxXRDNyg' LIMIT 1
2018-01-22 14:19:31:SELECT gender FROM t_user WHERE 1 AND openid='oqwUY4-BiS3uITslES1zTxXRDNyg' LIMIT 1
2018-01-22 14:19:31:SELECT * FROM t_act WHERE 1  AND is_list=1 AND (end_time=0 OR end_time>1516601971) AND limit_sex IN(0,1) order by add_time DESC LIMIT 0,8
2018-01-22 14:19:31:SELECT COUNT(*) total FROM t_act WHERE 1  AND is_list=1 AND (end_time=0 OR end_time>1516601971) AND limit_sex IN(0,1) LIMIT 1
2018-01-22 14:19:32:SELECT * FROM t_user WHERE 1 AND openid = 'oqwUY4-BiS3uITslES1zTxXRDNyg' LIMIT 1
2018-01-22 14:19:33:SELECT * FROM t_user_money WHERE 1 AND openid="oqwUY4-BiS3uITslES1zTxXRDNyg" LIMIT 1
2018-01-22 14:19:33:SELECT act_id,use_time,create_time,get_award,get_ranking FROM t_act_user WHERE 1  AND openid ='oqwUY4-BiS3uITslES1zTxXRDNyg' order by create_time DESC LIMIT 0,2
2018-01-22 14:19:33:SELECT COUNT(*) total, SUM(get_award) total_money FROM t_act_user WHERE 1  AND openid ='oqwUY4-BiS3uITslES1zTxXRDNyg' LIMIT 1
2018-01-22 14:19:38:SELECT * FROM t_user WHERE 1 AND openid = 'oqwUY4-BiS3uITslES1zTxXRDNyg' LIMIT 1
2018-01-22 14:19:50:SELECT * FROM t_user WHERE 1 AND openid = 'oqwUY4-BiS3uITslES1zTxXRDNyg' LIMIT 1
2018-01-22 14:20:42:SELECT * FROM t_user WHERE 1 AND openid = 'oqwUY4-BiS3uITslES1zTxXRDNyg' LIMIT 1
2018-01-22 14:20:43:SELECT * FROM t_user WHERE 1 AND openid = 'oqwUY4-BiS3uITslES1zTxXRDNyg' LIMIT 1
2018-01-22 14:20:46:SELECT * FROM t_user WHERE 1 AND openid = 'oqwUY4-BiS3uITslES1zTxXRDNyg' LIMIT 1
2018-01-22 14:20:47:SELECT * FROM t_user WHERE 1 AND openid = 'oqwUY4-BiS3uITslES1zTxXRDNyg' LIMIT 1
2018-01-22 14:20:51:SELECT * FROM t_user WHERE 1 AND openid = 'oqwUY4-BiS3uITslES1zTxXRDNyg' LIMIT 1
2018-01-22 14:20:52:SELECT * FROM t_user WHERE 1 AND openid = 'oqwUY4-BiS3uITslES1zTxXRDNyg' LIMIT 1
2018-01-22 14:20:55:SELECT * FROM t_user WHERE 1 AND openid = 'oqwUY4-BiS3uITslES1zTxXRDNyg' LIMIT 1
2018-01-22 14:20:56:SELECT * FROM t_user WHERE 1 AND openid = 'oqwUY4-BiS3uITslES1zTxXRDNyg' LIMIT 1
2018-01-22 14:20:59:SELECT * FROM t_user WHERE 1 AND openid = 'oqwUY4-BiS3uITslES1zTxXRDNyg' LIMIT 1
2018-01-22 14:20:59:SELECT * FROM t_user WHERE 1 AND openid = 'oqwUY4-BiS3uITslES1zTxXRDNyg' LIMIT 1
2018-01-22 14:21:05:SELECT * FROM t_user WHERE 1 AND openid = 'oqwUY4-BiS3uITslES1zTxXRDNyg' LIMIT 1
2018-01-22 14:21:05:SELECT * FROM t_user WHERE 1 AND openid = 'oqwUY4-BiS3uITslES1zTxXRDNyg' LIMIT 1
2018-01-22 14:21:17:SELECT * FROM t_user WHERE 1 AND openid = 'oqwUY4-BiS3uITslES1zTxXRDNyg' LIMIT 1
2018-01-22 14:21:17:SELECT * FROM t_user WHERE 1 AND openid = 'oqwUY4-BiS3uITslES1zTxXRDNyg' LIMIT 1
2018-01-22 14:21:28:SELECT * FROM t_user WHERE 1 AND openid = 'oqwUY4-BiS3uITslES1zTxXRDNyg' LIMIT 1
2018-01-22 14:22:10:SELECT * FROM t_user_money WHERE 1 AND openid="oqwUY4-BiS3uITslES1zTxXRDNyg" LIMIT 1
2018-01-22 14:22:10:SELECT act_id,use_time,create_time,get_award,get_ranking FROM t_act_user WHERE 1  AND openid ='oqwUY4-BiS3uITslES1zTxXRDNyg' order by create_time DESC LIMIT 0,2
2018-01-22 14:22:10:SELECT COUNT(*) total, SUM(get_award) total_money FROM t_act_user WHERE 1  AND openid ='oqwUY4-BiS3uITslES1zTxXRDNyg' LIMIT 1
2018-01-22 14:24:51:SELECT * FROM t_user WHERE 1 AND openid = 'oqwUY4yUqU2tV5iezn8AOBiC0Kj0' LIMIT 1
2018-01-22 14:24:52:SELECT * FROM t_user WHERE 1 AND openid = 'oqwUY4yUqU2tV5iezn8AOBiC0Kj0' LIMIT 1
2018-01-22 14:24:57:SELECT gender FROM t_user WHERE 1 AND openid='oqwUY4yUqU2tV5iezn8AOBiC0Kj0' LIMIT 1
2018-01-22 14:24:57:SELECT * FROM t_act WHERE 1  AND is_list=1 AND (end_time=0 OR end_time>1516602297) AND limit_sex IN(0,2) order by add_time DESC LIMIT 0,8
2018-01-22 14:24:57:SELECT COUNT(*) total FROM t_act WHERE 1  AND is_list=1 AND (end_time=0 OR end_time>1516602297) AND limit_sex IN(0,2) LIMIT 1
2018-01-22 14:25:00:SELECT * FROM t_user_money WHERE 1 AND openid="oqwUY4yUqU2tV5iezn8AOBiC0Kj0" LIMIT 1
2018-01-22 14:25:00:SELECT act_id,use_time,create_time,get_award,get_ranking FROM t_act_user WHERE 1  AND openid ='oqwUY4yUqU2tV5iezn8AOBiC0Kj0' order by create_time DESC LIMIT 0,2
2018-01-22 14:25:00:SELECT COUNT(*) total, SUM(get_award) total_money FROM t_act_user WHERE 1  AND openid ='oqwUY4yUqU2tV5iezn8AOBiC0Kj0' LIMIT 1
2018-01-22 14:25:30:SELECT act_id,use_time,create_time,get_award,get_ranking FROM t_act_user WHERE 1  AND openid ='oqwUY4-BiS3uITslES1zTxXRDNyg' order by create_time DESC LIMIT 0,20
2018-01-22 14:25:30:SELECT COUNT(*) total, SUM(get_award) total_money FROM t_act_user WHERE 1  AND openid ='oqwUY4-BiS3uITslES1zTxXRDNyg' LIMIT 1
2018-01-22 14:25:33:SELECT * FROM t_user_money WHERE 1 AND openid="oqwUY4-BiS3uITslES1zTxXRDNyg" LIMIT 1
2018-01-22 14:25:33:SELECT act_id,use_time,create_time,get_award,get_ranking FROM t_act_user WHERE 1  AND openid ='oqwUY4-BiS3uITslES1zTxXRDNyg' order by create_time DESC LIMIT 0,2
2018-01-22 14:25:33:SELECT COUNT(*) total, SUM(get_award) total_money FROM t_act_user WHERE 1  AND openid ='oqwUY4-BiS3uITslES1zTxXRDNyg' LIMIT 1
2018-01-22 14:25:34:SELECT id,pic,add_time,pay_total,pay_fee,num_group FROM t_act WHERE 1  AND openid ='oqwUY4-BiS3uITslES1zTxXRDNyg' order by add_time DESC LIMIT 0,20
2018-01-22 14:25:34:SELECT COUNT(*) total, SUM((pay_total-pay_fee)) money_total FROM t_act WHERE 1  AND openid ='oqwUY4-BiS3uITslES1zTxXRDNyg' LIMIT 1
2018-01-22 14:25:36:SELECT * FROM t_user_money WHERE 1 AND openid="oqwUY4-BiS3uITslES1zTxXRDNyg" LIMIT 1
2018-01-22 14:25:36:SELECT act_id,use_time,create_time,get_award,get_ranking FROM t_act_user WHERE 1  AND openid ='oqwUY4-BiS3uITslES1zTxXRDNyg' order by create_time DESC LIMIT 0,2
2018-01-22 14:25:36:SELECT COUNT(*) total, SUM(get_award) total_money FROM t_act_user WHERE 1  AND openid ='oqwUY4-BiS3uITslES1zTxXRDNyg' LIMIT 1
2018-01-22 14:25:38:SELECT * FROM t_user WHERE 1 AND openid = 'oqwUY4-BiS3uITslES1zTxXRDNyg' LIMIT 1
2018-01-22 14:25:42:SELECT * FROM t_user WHERE 1 AND openid = 'oqwUY4-BiS3uITslES1zTxXRDNyg' LIMIT 1
2018-01-22 14:26:04:SELECT * FROM t_user WHERE 1 AND openid = 'oqwUY4-BiS3uITslES1zTxXRDNyg' LIMIT 1
2018-01-22 14:30:13:SELECT gender FROM t_user WHERE 1 AND openid='oqwUY4yUqU2tV5iezn8AOBiC0Kj0' LIMIT 1
2018-01-22 14:30:13:SELECT * FROM t_act WHERE 1  AND is_list=1 AND (end_time=0 OR end_time>1516602613) AND limit_sex IN(0,2) order by add_time DESC LIMIT 0,8
2018-01-22 14:30:13:SELECT COUNT(*) total FROM t_act WHERE 1  AND is_list=1 AND (end_time=0 OR end_time>1516602613) AND limit_sex IN(0,2) LIMIT 1
2018-01-22 14:30:16:SELECT * FROM t_user WHERE 1 AND openid = 'oqwUY4yUqU2tV5iezn8AOBiC0Kj0' LIMIT 1
2018-01-22 14:38:10:SELECT * FROM t_user WHERE 1 AND openid = 'oqwUY4-BiS3uITslES1zTxXRDNyg' LIMIT 1
2018-01-22 14:38:12:SELECT * FROM t_user WHERE 1 AND openid = 'oqwUY4-BiS3uITslES1zTxXRDNyg' LIMIT 1
