2018-01-20 15:26:34:SELECT * FROM t_user WHERE 1 AND openid = 'oqwUY4yUqU2tV5iezn8AOBiC0Kj0' LIMIT 1
2018-01-20 15:26:37:SELECT gender FROM t_user WHERE 1 AND openid='oqwUY4yUqU2tV5iezn8AOBiC0Kj0' LIMIT 1
2018-01-20 15:26:37:SELECT * FROM t_act WHERE 1  AND is_list=1 AND (end_time=0 OR end_time>1516433197) AND limit_sex IN(0,2) order by add_time DESC LIMIT 0,8
2018-01-20 15:26:37:SELECT COUNT(*) total FROM t_act WHERE 1  AND is_list=1 AND (end_time=0 OR end_time>1516433197) AND limit_sex IN(0,2) LIMIT 1
2018-01-20 15:26:50:SELECT * FROM t_user WHERE 1 AND openid = 'oeDcV0W0lW2u-WnondVku8uZZo4k' LIMIT 1
2018-01-20 15:26:53:SELECT * FROM t_user WHERE 1 AND openid = 'oeDcV0W0lW2u-WnondVku8uZZo4k' LIMIT 1
2018-01-20 15:27:00:SELECT gender FROM t_user WHERE 1 AND openid='oeDcV0W0lW2u-WnondVku8uZZo4k' LIMIT 1
2018-01-20 15:27:00:SELECT * FROM t_act WHERE 1  AND is_list=1 AND (end_time=0 OR end_time>1516433220) AND limit_sex IN(0,0) order by add_time DESC LIMIT 0,8
2018-01-20 15:27:00:SELECT COUNT(*) total FROM t_act WHERE 1  AND is_list=1 AND (end_time=0 OR end_time>1516433220) AND limit_sex IN(0,0) LIMIT 1
2018-01-20 15:27:13:SELECT * FROM t_user_money WHERE 1 AND openid="oeDcV0W0lW2u-WnondVku8uZZo4k" LIMIT 1
2018-01-20 15:27:13:SELECT act_id,use_time,create_time,get_award,get_ranking FROM t_act_user WHERE 1  AND openid ='oeDcV0W0lW2u-WnondVku8uZZo4k' order by create_time DESC LIMIT 0,2
2018-01-20 15:27:13:SELECT COUNT(*) total, SUM(get_award) total_money FROM t_act_user WHERE 1  AND openid ='oeDcV0W0lW2u-WnondVku8uZZo4k' LIMIT 1
2018-01-20 15:27:15:SELECT id,pic,add_time,pay_total,pay_fee,num_group FROM t_act WHERE 1  AND openid ='oeDcV0W0lW2u-WnondVku8uZZo4k' order by add_time DESC LIMIT 0,20
2018-01-20 15:27:15:SELECT COUNT(*) total, SUM((pay_total-pay_fee)) money_total FROM t_act WHERE 1  AND openid ='oeDcV0W0lW2u-WnondVku8uZZo4k' LIMIT 1
2018-01-20 15:27:18:SELECT * FROM t_user_money WHERE 1 AND openid="oeDcV0W0lW2u-WnondVku8uZZo4k" LIMIT 1
2018-01-20 15:27:18:SELECT act_id,use_time,create_time,get_award,get_ranking FROM t_act_user WHERE 1  AND openid ='oeDcV0W0lW2u-WnondVku8uZZo4k' order by create_time DESC LIMIT 0,2
2018-01-20 15:27:18:SELECT COUNT(*) total, SUM(get_award) total_money FROM t_act_user WHERE 1  AND openid ='oeDcV0W0lW2u-WnondVku8uZZo4k' LIMIT 1
2018-01-20 19:44:10:SELECT * FROM t_user WHERE 1 AND openid = 'oeDcV0TIhZCvU1UFnqrdS_fKJxW0' LIMIT 1
2018-01-20 19:44:11:SELECT * FROM t_user WHERE 1 AND openid = 'oeDcV0TIhZCvU1UFnqrdS_fKJxW0' LIMIT 1
2018-01-20 19:57:56:SELECT * FROM t_user WHERE 1 AND openid = 'oeDcV0TIhZCvU1UFnqrdS_fKJxW0' LIMIT 1
2018-01-20 19:57:58:SELECT * FROM t_user WHERE 1 AND openid = 'oeDcV0TIhZCvU1UFnqrdS_fKJxW0' LIMIT 1
2018-01-20 19:58:32:SELECT * FROM t_user WHERE 1 AND openid = 'oeDcV0TIhZCvU1UFnqrdS_fKJxW0' LIMIT 1
2018-01-20 19:58:33:SELECT gender FROM t_user WHERE 1 AND openid='oeDcV0TIhZCvU1UFnqrdS_fKJxW0' LIMIT 1
2018-01-20 19:58:33:SELECT * FROM t_act WHERE 1  AND is_list=1 AND (end_time=0 OR end_time>1516449513) AND limit_sex IN(0,1) order by add_time DESC LIMIT 0,10
2018-01-20 19:58:33:SELECT COUNT(*) total FROM t_act WHERE 1  AND is_list=1 AND (end_time=0 OR end_time>1516449513) AND limit_sex IN(0,1) LIMIT 1
2018-01-20 19:58:35:SELECT * FROM t_user WHERE 1 AND openid = 'oeDcV0TIhZCvU1UFnqrdS_fKJxW0' LIMIT 1
2018-01-20 19:58:36:SELECT gender FROM t_user WHERE 1 AND openid='oeDcV0TIhZCvU1UFnqrdS_fKJxW0' LIMIT 1
2018-01-20 19:58:36:SELECT * FROM t_act WHERE 1  AND is_list=1 AND (end_time=0 OR end_time>1516449516) AND limit_sex IN(0,1) order by add_time DESC LIMIT 0,10
2018-01-20 19:58:36:SELECT COUNT(*) total FROM t_act WHERE 1  AND is_list=1 AND (end_time=0 OR end_time>1516449516) AND limit_sex IN(0,1) LIMIT 1
2018-01-20 21:36:32:SELECT * FROM t_user WHERE 1 AND openid = 'oeDcV0TIhZCvU1UFnqrdS_fKJxW0' LIMIT 1
2018-01-20 21:36:32:SELECT * FROM t_user WHERE 1 AND openid = 'oeDcV0TIhZCvU1UFnqrdS_fKJxW0' LIMIT 1
2018-01-20 21:36:39:SELECT * FROM t_user WHERE 1 AND openid = 'oeDcV0TIhZCvU1UFnqrdS_fKJxW0' LIMIT 1
2018-01-20 21:37:11:SELECT * FROM t_user WHERE 1 AND openid = 'oeDcV0TIhZCvU1UFnqrdS_fKJxW0' LIMIT 1
2018-01-20 21:49:15:SELECT * FROM t_user WHERE 1 AND openid = 'oeDcV0TIhZCvU1UFnqrdS_fKJxW0' LIMIT 1
