2017-12-27 11:33:50:SELECT * FROM t_user_contact WHERE 1  LIMIT 1
2017-12-27 11:35:28:SELECT * FROM t_user_contact WHERE 1  LIMIT 1
2017-12-27 11:37:26:SELECT * FROM t_user_contact WHERE 1  LIMIT 1
2017-12-27 11:38:14:SELECT * FROM t_user_contact WHERE 1  LIMIT 1
2017-12-27 11:38:48:SELECT * FROM t_act WHERE 1  LIMIT 0,10
2017-12-27 11:39:47:SELECT * FROM t_act WHERE 1  LIMIT 0,10
2017-12-27 11:39:50:SELECT * FROM t_act WHERE 1  LIMIT 0,10
2017-12-27 11:40:13:SELECT * FROM t_act WHERE 1  LIMIT 0,10
2017-12-27 11:47:10:SELECT * FROM t_user_money WHERE 1 AND union_id="ddd" LIMIT 1
2017-12-27 11:47:57:SELECT * FROM t_user_money WHERE 1 AND union_id="dfd44" LIMIT 1
2017-12-27 11:48:13:SELECT * FROM t_user_money WHERE 1 AND union_id="ddd" LIMIT 1
2017-12-27 11:48:20:SELECT * FROM t_user_money WHERE 1 AND union_id="ddd2" LIMIT 1
2017-12-27 11:48:22:SELECT * FROM t_user_money WHERE 1 AND union_id="ddd" LIMIT 1
2017-12-27 11:48:26:SELECT * FROM t_user_money WHERE 1 AND union_id="dddd" LIMIT 1
2017-12-27 11:48:29:SELECT * FROM t_user_money WHERE 1 AND union_id="ddd" LIMIT 1
2017-12-27 11:52:41:SELECT * FROM t_user_money WHERE 1 AND union_id="ddd" LIMIT 1
2017-12-27 11:52:53:SELECT * FROM t_act WHERE 1  LIMIT 0,10
2017-12-27 11:53:00:SELECT * FROM t_user_money WHERE 1 AND union_id="ddd" LIMIT 1
2017-12-27 11:54:51:SELECT * FROM t_user_money WHERE 1 AND union_id="ddd" LIMIT 1
2017-12-27 11:54:55:SELECT * FROM t_user_money WHERE 1 AND union_id="ddd" LIMIT 1
2017-12-27 12:37:03:SELECT * FROM t_user_money WHERE 1 AND union_id="ddd" LIMIT 1
2017-12-27 12:37:07:SELECT * FROM t_user_money WHERE 1 AND union_id="ddd" LIMIT 1
2017-12-27 15:02:48:SELECT * FROM t_user_contact WHERE 1  LIMIT 1
2017-12-27 15:14:50:SELECT * FROM t_user_contact WHERE 1  LIMIT 1
2017-12-27 15:21:10:SELECT * FROM t_user_contact WHERE 1  LIMIT 1
2017-12-27 15:24:49:SELECT * FROM t_user_contact WHERE 1  LIMIT 1
2017-12-27 15:36:36:SELECT * FROM t_user_contact WHERE 1  LIMIT 1
2017-12-27 15:38:44:SELECT * FROM t_user_contact WHERE 1  LIMIT 1
2017-12-27 15:43:25:SELECT * FROM t_user_contact WHERE 1  LIMIT 1
2017-12-27 15:46:01:SELECT * FROM t_user_contact WHERE 1  LIMIT 1
2017-12-27 15:53:09:SELECT * FROM t_user_contact WHERE 1  LIMIT 1
2017-12-27 15:53:09:SELECT * FROM t_user_contact WHERE 1  LIMIT 1
2017-12-27 15:57:55:SELECT * FROM t_user_contact WHERE 1  LIMIT 1
2017-12-27 15:59:36:SELECT * FROM t_user_contact WHERE 1  LIMIT 1
2017-12-27 16:02:43:SELECT * FROM t_user_contact WHERE 1  LIMIT 1
2017-12-27 16:02:56:SELECT * FROM t_user_contact WHERE 1  LIMIT 1
2017-12-27 16:04:16:SELECT * FROM t_user_contact WHERE 1  LIMIT 1
2017-12-27 16:04:20:SELECT * FROM t_user_contact WHERE 1  LIMIT 1
2017-12-27 16:04:46:SELECT * FROM t_user_contact WHERE 1  LIMIT 1
2017-12-27 16:07:03:SELECT * FROM t_user_contact WHERE 1  LIMIT 1
2017-12-27 16:08:23:SELECT * FROM t_user_contact WHERE 1  LIMIT 1
2017-12-27 16:15:39:SELECT * FROM t_user_contact WHERE 1  LIMIT 1
2017-12-27 16:20:43:SELECT * FROM t_user_contact WHERE 1  LIMIT 1
2017-12-27 16:27:04:SELECT * FROM t_user_contact WHERE 1  LIMIT 1
2017-12-27 16:27:53:SELECT * FROM t_user_contact WHERE 1  LIMIT 1
2017-12-27 16:40:59:SELECT * FROM t_user_contact WHERE 1  LIMIT 1
2017-12-27 16:42:02:SELECT * FROM t_user_contact WHERE 1  LIMIT 1
2017-12-27 16:44:15:SELECT * FROM t_user_contact WHERE 1  LIMIT 1
2017-12-27 16:44:22:SELECT * FROM t_user_contact WHERE 1  LIMIT 1
2017-12-27 16:45:10:SELECT * FROM t_user_contact WHERE 1  LIMIT 1
2017-12-27 16:46:09:SELECT * FROM t_user_contact WHERE 1  LIMIT 1
2017-12-27 16:46:14:SELECT * FROM t_user_contact WHERE 1  LIMIT 1
2017-12-27 16:57:02:SELECT * FROM t_user_contact WHERE 1  LIMIT 1
2017-12-27 16:59:08:SELECT * FROM t_user_contact WHERE 1  LIMIT 1
2017-12-27 16:59:36:SELECT * FROM t_user_contact WHERE 1  LIMIT 1
2017-12-27 16:59:41:SELECT * FROM t_user_contact WHERE 1  LIMIT 1
2017-12-27 16:59:53:SELECT * FROM t_user_contact WHERE 1  LIMIT 1
2017-12-27 17:00:01:SELECT * FROM t_user_contact WHERE 1  LIMIT 1
2017-12-27 17:00:32:SELECT * FROM t_user_contact WHERE 1  LIMIT 1
2017-12-27 17:03:01:SELECT * FROM t_user_contact WHERE 1  LIMIT 1
2017-12-27 17:03:06:SELECT * FROM t_user_contact WHERE 1  LIMIT 1
2017-12-27 17:03:47:SELECT * FROM t_user_contact WHERE 1  LIMIT 1
2017-12-27 17:04:07:SELECT * FROM t_user_contact WHERE 1  LIMIT 1
2017-12-27 17:04:13:SELECT * FROM t_user_contact WHERE 1  LIMIT 1
2017-12-27 17:05:04:SELECT * FROM t_user_contact WHERE 1  LIMIT 1
2017-12-27 17:05:07:SELECT * FROM t_user_contact WHERE 1  LIMIT 1
2017-12-27 17:05:56:SELECT * FROM t_user_contact WHERE 1  LIMIT 1
2017-12-27 17:07:27:SELECT * FROM t_user_contact WHERE 1  LIMIT 1
2017-12-27 17:09:02:SELECT * FROM t_user_contact WHERE 1  LIMIT 1
2017-12-27 17:09:20:SELECT * FROM t_user_contact WHERE 1  LIMIT 1
2017-12-27 17:09:29:SELECT * FROM t_user_contact WHERE 1  LIMIT 1
2017-12-27 17:10:17:SELECT * FROM t_user_contact WHERE 1  LIMIT 1
2017-12-27 17:10:23:SELECT * FROM t_user_contact WHERE 1  LIMIT 1
2017-12-27 17:15:19:SELECT * FROM t_user_contact WHERE 1  LIMIT 1
2017-12-27 17:15:31:SELECT * FROM t_user_contact WHERE 1  LIMIT 1
2017-12-27 17:17:34:SELECT * FROM t_user_contact WHERE 1  LIMIT 1
2017-12-27 17:17:45:SELECT * FROM t_user_contact WHERE 1  LIMIT 1
2017-12-27 17:21:55:SELECT * FROM t_user_contact WHERE 1  LIMIT 1
2017-12-27 17:21:58:SELECT * FROM t_user_contact WHERE 1  LIMIT 1
2017-12-27 17:23:02:SELECT * FROM t_user_contact WHERE 1  LIMIT 1
2017-12-27 17:23:06:SELECT * FROM t_user_contact WHERE 1  LIMIT 1
2017-12-27 17:23:12:SELECT * FROM t_user_contact WHERE 1  LIMIT 1
2017-12-27 17:23:16:SELECT * FROM t_user_contact WHERE 1  LIMIT 1
2017-12-27 17:25:42:SELECT * FROM t_user_contact WHERE 1  LIMIT 1
2017-12-27 17:25:44:SELECT * FROM t_user_contact WHERE 1  LIMIT 1
2017-12-27 17:29:21:SELECT * FROM t_user_contact WHERE 1  LIMIT 1
2017-12-27 17:29:24:SELECT * FROM t_user_contact WHERE 1  LIMIT 1
2017-12-27 17:29:38:SELECT * FROM t_user_contact WHERE 1  LIMIT 1
2017-12-27 17:29:41:SELECT * FROM t_user_contact WHERE 1  LIMIT 1
2017-12-27 17:30:10:SELECT * FROM t_user_contact WHERE 1  LIMIT 1
2017-12-27 17:30:13:SELECT * FROM t_user_contact WHERE 1  LIMIT 1
2017-12-27 17:30:21:SELECT * FROM t_user_contact WHERE 1  LIMIT 1
2017-12-27 17:30:24:SELECT * FROM t_user_contact WHERE 1  LIMIT 1
2017-12-27 17:39:57:SELECT * FROM t_user_contact WHERE 1  LIMIT 1
2017-12-27 17:40:00:SELECT * FROM t_user_contact WHERE 1  LIMIT 1
2017-12-27 17:48:18:SELECT * FROM t_user_contact WHERE 1  LIMIT 1
2017-12-27 17:49:07:SELECT * FROM t_user_contact WHERE 1  LIMIT 1
2017-12-27 17:49:45:SELECT * FROM t_user_contact WHERE 1  LIMIT 1
2017-12-27 17:49:48:SELECT * FROM t_user_contact WHERE 1  LIMIT 1
2017-12-27 17:50:49:SELECT * FROM t_user_contact WHERE 1  LIMIT 1
2017-12-27 17:50:55:SELECT * FROM t_user_contact WHERE 1  LIMIT 1
2017-12-27 18:00:45:SELECT * FROM t_user_contact WHERE 1  LIMIT 1
2017-12-27 18:00:48:SELECT * FROM t_user_contact WHERE 1  LIMIT 1
2017-12-27 18:01:32:SELECT * FROM t_user_contact WHERE 1  LIMIT 1
2017-12-27 18:01:44:SELECT * FROM t_user_contact WHERE 1  LIMIT 1
2017-12-27 18:02:16:SELECT * FROM t_user_contact WHERE 1  LIMIT 1
2017-12-27 18:02:21:SELECT * FROM t_user_contact WHERE 1  LIMIT 1
2017-12-27 18:02:49:SELECT * FROM t_user_contact WHERE 1  LIMIT 1
2017-12-27 18:02:53:SELECT * FROM t_user_contact WHERE 1  LIMIT 1
2017-12-27 18:03:40:SELECT * FROM t_user_contact WHERE 1  LIMIT 1
2017-12-27 18:03:43:SELECT * FROM t_user_contact WHERE 1  LIMIT 1
2017-12-27 18:04:24:SELECT * FROM t_user_contact WHERE 1  LIMIT 1
2017-12-27 18:04:32:SELECT * FROM t_user_contact WHERE 1  LIMIT 1
2017-12-27 18:04:35:SELECT * FROM t_user_contact WHERE 1  LIMIT 1
2017-12-27 18:05:32:SELECT * FROM t_user_contact WHERE 1  LIMIT 1
2017-12-27 18:05:38:SELECT * FROM t_user_contact WHERE 1  LIMIT 1
2017-12-27 18:07:00:SELECT * FROM t_user_contact WHERE 1  LIMIT 1
2017-12-27 18:07:03:SELECT * FROM t_user_contact WHERE 1  LIMIT 1
2017-12-27 18:07:46:SELECT * FROM t_user_contact WHERE 1  LIMIT 1
2017-12-27 18:07:52:SELECT * FROM t_user_contact WHERE 1  LIMIT 1
2017-12-27 18:09:08:SELECT * FROM t_user_contact WHERE 1  LIMIT 1
2017-12-27 18:09:11:SELECT * FROM t_user_contact WHERE 1  LIMIT 1
2017-12-27 18:11:07:SELECT * FROM t_user_contact WHERE 1  LIMIT 1
2017-12-27 18:11:14:SELECT * FROM t_user_contact WHERE 1  LIMIT 1
2017-12-27 18:11:30:SELECT * FROM t_user_contact WHERE 1  LIMIT 1
2017-12-27 18:11:32:SELECT * FROM t_user_contact WHERE 1  LIMIT 1
2017-12-27 18:12:16:SELECT * FROM t_user_contact WHERE 1  LIMIT 1
2017-12-27 18:13:03:SELECT * FROM t_user_contact WHERE 1  LIMIT 1
2017-12-27 18:13:05:SELECT * FROM t_user_contact WHERE 1  LIMIT 1
2017-12-27 18:13:09:SELECT * FROM t_user_contact WHERE 1  LIMIT 1
2017-12-27 18:13:15:SELECT * FROM t_user_contact WHERE 1  LIMIT 1
2017-12-27 18:13:22:SELECT * FROM t_user_contact WHERE 1  LIMIT 1
2017-12-27 18:13:31:SELECT * FROM t_user_contact WHERE 1  LIMIT 1
2017-12-27 18:13:52:SELECT * FROM t_user_contact WHERE 1  LIMIT 1
2017-12-27 18:14:02:SELECT * FROM t_user_contact WHERE 1  LIMIT 1
2017-12-27 18:15:52:SELECT * FROM t_user_contact WHERE 1  LIMIT 1
2017-12-27 18:16:37:SELECT * FROM t_user_contact WHERE 1  LIMIT 1
2017-12-27 18:20:04:SELECT * FROM t_user_contact WHERE 1  LIMIT 1
2017-12-27 18:24:35:SELECT * FROM t_user_contact WHERE 1  LIMIT 1
2017-12-27 18:24:57:SELECT * FROM t_user_contact WHERE 1  LIMIT 1
2017-12-27 18:50:20:SELECT * FROM t_user_contact WHERE 1  LIMIT 1
2017-12-27 18:59:00:SELECT * FROM t_user_contact WHERE 1  LIMIT 1
2017-12-27 19:16:06:SELECT * FROM t_user_contact WHERE 1  LIMIT 1
2017-12-27 19:16:07:SELECT * FROM t_user_contact WHERE 1  LIMIT 1
2017-12-27 19:22:12:SELECT * FROM t_user_contact WHERE 1  LIMIT 1
2017-12-27 19:33:03:SELECT * FROM t_user_contact WHERE 1  LIMIT 1
2017-12-27 20:49:22:SELECT * FROM t_user_contact WHERE 1  LIMIT 1
