2018-01-11 08:57:38:SELECT * FROM t_user WHERE 1 AND openid = 'oeDcV0W0lW2u-WnondVku8uZZo4k' LIMIT 1
2018-01-11 09:02:51:SELECT gender FROM t_user WHERE 1 AND openid='oeDcV0W0lW2u-WnondVku8uZZo4k' LIMIT 1
2018-01-11 09:02:51:SELECT * FROM t_act WHERE 1  AND is_list=1 AND end_time>1515632571 AND limit_sex IN(0,2) LIMIT 0,50
2018-01-11 09:03:03:SELECT * FROM t_user WHERE 1 AND openid = 'oeDcV0W0lW2u-WnondVku8uZZo4k' LIMIT 1
2018-01-11 09:04:31:SELECT gender FROM t_user WHERE 1 AND openid='oeDcV0W0lW2u-WnondVku8uZZo4k' LIMIT 1
2018-01-11 09:04:31:SELECT * FROM t_act WHERE 1  AND is_list=1 AND end_time>1515632671 AND limit_sex IN(0,2) LIMIT 0,50
2018-01-11 09:04:33:SELECT * FROM t_user WHERE 1 AND openid = 'oeDcV0W0lW2u-WnondVku8uZZo4k' LIMIT 1
2018-01-11 09:04:34:SELECT * FROM t_user_money WHERE 1 AND openid="oeDcV0W0lW2u-WnondVku8uZZo4k" LIMIT 1
2018-01-11 09:22:31:SELECT * FROM t_user WHERE 1 AND openid = 'oeDcV0W0lW2u-WnondVku8uZZo4k' LIMIT 1
2018-01-11 09:22:39:SELECT * FROM t_user_money WHERE 1 AND openid="oeDcV0W0lW2u-WnondVku8uZZo4k" LIMIT 1
2018-01-11 09:31:40:SELECT * FROM t_user WHERE 1 AND openid = 'oeDcV0TIhZCvU1UFnqrdS_fKJxW0' LIMIT 1
2018-01-11 09:37:33:SELECT * FROM t_user WHERE 1 AND openid = 'oeDcV0W0lW2u-WnondVku8uZZo4k' LIMIT 1
2018-01-11 15:27:41:SELECT gender FROM t_user WHERE 1 AND openid='oeDcV0W0lW2u-WnondVku8uZZo4k' LIMIT 1
2018-01-11 15:27:41:SELECT * FROM t_act_group WHERE 1 AND act_id=31
2018-01-11 15:27:41:SELECT * FROM t_act WHERE 1 AND id=31 LIMIT 1
2018-01-11 15:27:41:SELECT * FROM t_act_pic WHERE 1 AND act_id=31
2018-01-11 15:27:41:SELECT * FROM t_user WHERE 1 AND openid='oeDcV0W0lW2u-WnondVku8uZZo4k' LIMIT 1
2018-01-11 15:27:41:SELECT count(*) num FROM t_act_user WHERE 1 AND act_id=31 AND openid='oeDcV0W0lW2u-WnondVku8uZZo4k' AND group_id=292 LIMIT 1
2018-01-11 15:27:41:SELECT * FROM t_act_user WHERE 1 AND act_id=31 AND group_id=292 order by use_time ASC, create_time ASC
2018-01-11 15:27:41:SELECT * FROM t_user WHERE 1 AND openid='oeDcV0TIhZCvU1UFnqrdS_fKJxW0' LIMIT 1
2018-01-11 15:29:43:SELECT gender FROM t_user WHERE 1 AND openid='oeDcV0W0lW2u-WnondVku8uZZo4k' LIMIT 1
2018-01-11 15:29:43:SELECT * FROM t_act_group WHERE 1 AND act_id=31
2018-01-11 15:29:43:SELECT * FROM t_act WHERE 1 AND id=31 LIMIT 1
2018-01-11 15:29:43:SELECT * FROM t_act_pic WHERE 1 AND act_id=31
2018-01-11 15:29:43:SELECT * FROM t_user WHERE 1 AND openid='oeDcV0W0lW2u-WnondVku8uZZo4k' LIMIT 1
2018-01-11 15:29:44:SELECT count(*) num FROM t_act_user WHERE 1 AND act_id=31 AND openid='oeDcV0W0lW2u-WnondVku8uZZo4k' AND group_id=292 LIMIT 1
2018-01-11 15:29:44:SELECT * FROM t_act_user WHERE 1 AND act_id=31 AND group_id=292 order by use_time ASC, create_time ASC
2018-01-11 15:29:44:SELECT * FROM t_user WHERE 1 AND openid='oeDcV0TIhZCvU1UFnqrdS_fKJxW0' LIMIT 1
2018-01-11 15:30:40:SELECT gender FROM t_user WHERE 1 AND openid='oeDcV0W0lW2u-WnondVku8uZZo4k' LIMIT 1
2018-01-11 15:30:40:SELECT * FROM t_act_group WHERE 1 AND act_id=31
2018-01-11 15:30:40:SELECT * FROM t_act WHERE 1 AND id=31 LIMIT 1
2018-01-11 15:30:40:SELECT * FROM t_act_pic WHERE 1 AND act_id=31
2018-01-11 15:30:40:SELECT * FROM t_user WHERE 1 AND openid='oeDcV0W0lW2u-WnondVku8uZZo4k' LIMIT 1
2018-01-11 15:30:40:SELECT count(*) num FROM t_act_user WHERE 1 AND act_id=31 AND openid='oeDcV0W0lW2u-WnondVku8uZZo4k' AND group_id=292 LIMIT 1
2018-01-11 15:30:40:SELECT * FROM t_act_user WHERE 1 AND act_id=31 AND group_id=292 order by use_time ASC, create_time ASC
2018-01-11 15:30:40:SELECT * FROM t_user WHERE 1 AND openid='oeDcV0TIhZCvU1UFnqrdS_fKJxW0' LIMIT 1
2018-01-11 15:30:44:SELECT gender FROM t_user WHERE 1 AND openid='oeDcV0W0lW2u-WnondVku8uZZo4k' LIMIT 1
2018-01-11 15:30:44:SELECT * FROM t_act_group WHERE 1 AND act_id=31
2018-01-11 15:30:44:SELECT * FROM t_act WHERE 1 AND id=31 LIMIT 1
2018-01-11 15:30:44:SELECT * FROM t_act_pic WHERE 1 AND act_id=31
2018-01-11 15:30:44:SELECT * FROM t_user WHERE 1 AND openid='oeDcV0W0lW2u-WnondVku8uZZo4k' LIMIT 1
2018-01-11 15:30:44:SELECT count(*) num FROM t_act_user WHERE 1 AND act_id=31 AND openid='oeDcV0W0lW2u-WnondVku8uZZo4k' AND group_id=292 LIMIT 1
2018-01-11 15:30:44:SELECT * FROM t_act_user WHERE 1 AND act_id=31 AND group_id=292 order by use_time ASC, create_time ASC
2018-01-11 15:30:44:SELECT * FROM t_user WHERE 1 AND openid='oeDcV0TIhZCvU1UFnqrdS_fKJxW0' LIMIT 1
2018-01-11 15:31:19:SELECT gender FROM t_user WHERE 1 AND openid='oeDcV0W0lW2u-WnondVku8uZZo4k' LIMIT 1
2018-01-11 15:31:19:SELECT * FROM t_act_group WHERE 1 AND act_id=31
2018-01-11 15:31:19:SELECT * FROM t_act WHERE 1 AND id=31 LIMIT 1
2018-01-11 15:31:19:SELECT * FROM t_act_pic WHERE 1 AND act_id=31
2018-01-11 15:31:20:SELECT * FROM t_user WHERE 1 AND openid='oeDcV0W0lW2u-WnondVku8uZZo4k' LIMIT 1
2018-01-11 15:31:20:SELECT count(*) num FROM t_act_user WHERE 1 AND act_id=31 AND openid='oeDcV0W0lW2u-WnondVku8uZZo4k' AND group_id=292 LIMIT 1
2018-01-11 15:31:20:SELECT * FROM t_act_user WHERE 1 AND act_id=31 AND group_id=292 order by use_time ASC, create_time ASC
2018-01-11 15:31:20:SELECT * FROM t_user WHERE 1 AND openid='oeDcV0TIhZCvU1UFnqrdS_fKJxW0' LIMIT 1
2018-01-11 15:31:24:SELECT gender FROM t_user WHERE 1 AND openid='oeDcV0W0lW2u-WnondVku8uZZo4k' LIMIT 1
2018-01-11 15:31:24:SELECT * FROM t_act_group WHERE 1 AND act_id=31
2018-01-11 15:31:24:SELECT * FROM t_act WHERE 1 AND id=31 LIMIT 1
2018-01-11 15:31:24:SELECT * FROM t_act_pic WHERE 1 AND act_id=31
2018-01-11 15:31:24:SELECT * FROM t_user WHERE 1 AND openid='oeDcV0W0lW2u-WnondVku8uZZo4k' LIMIT 1
2018-01-11 15:31:24:SELECT count(*) num FROM t_act_user WHERE 1 AND act_id=31 AND openid='oeDcV0W0lW2u-WnondVku8uZZo4k' AND group_id=292 LIMIT 1
2018-01-11 15:31:24:SELECT * FROM t_act_user WHERE 1 AND act_id=31 AND group_id=292 order by use_time ASC, create_time ASC
2018-01-11 15:31:25:SELECT * FROM t_user WHERE 1 AND openid='oeDcV0TIhZCvU1UFnqrdS_fKJxW0' LIMIT 1
2018-01-11 15:31:33:SELECT * FROM t_user WHERE 1 AND openid = 'oeDcV0W0lW2u-WnondVku8uZZo4k' LIMIT 1
2018-01-11 15:31:34:SELECT gender FROM t_user WHERE 1 AND openid='oeDcV0W0lW2u-WnondVku8uZZo4k' LIMIT 1
2018-01-11 15:31:35:SELECT * FROM t_act WHERE 1  AND is_list=1 AND end_time>1515655895 AND limit_sex IN(0,2) LIMIT 0,50
2018-01-11 15:31:37:SELECT * FROM t_user WHERE 1 AND openid = 'oeDcV0W0lW2u-WnondVku8uZZo4k' LIMIT 1
2018-01-11 15:31:41:SELECT gender FROM t_user WHERE 1 AND openid='oeDcV0W0lW2u-WnondVku8uZZo4k' LIMIT 1
2018-01-11 15:31:41:SELECT * FROM t_act_group WHERE 1 AND act_id=31
2018-01-11 15:31:41:SELECT * FROM t_act WHERE 1 AND id=31 LIMIT 1
2018-01-11 15:31:41:SELECT * FROM t_act_pic WHERE 1 AND act_id=31
2018-01-11 15:31:41:SELECT * FROM t_user WHERE 1 AND openid='oeDcV0W0lW2u-WnondVku8uZZo4k' LIMIT 1
2018-01-11 15:31:41:SELECT count(*) num FROM t_act_user WHERE 1 AND act_id=31 AND openid='oeDcV0W0lW2u-WnondVku8uZZo4k' AND group_id=292 LIMIT 1
2018-01-11 15:31:41:SELECT * FROM t_act_user WHERE 1 AND act_id=31 AND group_id=292 order by use_time ASC, create_time ASC
2018-01-11 15:31:41:SELECT * FROM t_user WHERE 1 AND openid='oeDcV0TIhZCvU1UFnqrdS_fKJxW0' LIMIT 1
2018-01-11 15:39:40:SELECT gender FROM t_user WHERE 1 AND openid='oeDcV0W0lW2u-WnondVku8uZZo4k' LIMIT 1
2018-01-11 15:39:40:SELECT * FROM t_act_group WHERE 1 AND act_id=31
2018-01-11 15:39:40:SELECT * FROM t_act WHERE 1 AND id=31 LIMIT 1
2018-01-11 15:39:40:SELECT * FROM t_act_pic WHERE 1 AND act_id=31
2018-01-11 15:39:40:SELECT * FROM t_user WHERE 1 AND openid='oeDcV0W0lW2u-WnondVku8uZZo4k' LIMIT 1
2018-01-11 15:39:40:SELECT count(*) num FROM t_act_user WHERE 1 AND act_id=31 AND openid='oeDcV0W0lW2u-WnondVku8uZZo4k' AND group_id=292 LIMIT 1
2018-01-11 15:39:40:SELECT * FROM t_act_user WHERE 1 AND act_id=31 AND group_id=292 order by use_time ASC, create_time ASC
2018-01-11 15:39:41:SELECT * FROM t_user WHERE 1 AND openid='oeDcV0TIhZCvU1UFnqrdS_fKJxW0' LIMIT 1
2018-01-11 15:39:55:SELECT gender FROM t_user WHERE 1 AND openid='oeDcV0W0lW2u-WnondVku8uZZo4k' LIMIT 1
2018-01-11 15:39:55:SELECT * FROM t_act_group WHERE 1 AND act_id=31
2018-01-11 15:39:55:SELECT * FROM t_act WHERE 1 AND id=31 LIMIT 1
2018-01-11 15:39:55:SELECT * FROM t_act_pic WHERE 1 AND act_id=31
2018-01-11 15:39:55:SELECT * FROM t_user WHERE 1 AND openid='oeDcV0W0lW2u-WnondVku8uZZo4k' LIMIT 1
2018-01-11 15:39:55:SELECT count(*) num FROM t_act_user WHERE 1 AND act_id=31 AND openid='oeDcV0W0lW2u-WnondVku8uZZo4k' AND group_id=292 LIMIT 1
2018-01-11 15:39:56:SELECT * FROM t_act_user WHERE 1 AND act_id=31 AND group_id=292 order by use_time ASC, create_time ASC
2018-01-11 15:39:56:SELECT * FROM t_user WHERE 1 AND openid='oeDcV0TIhZCvU1UFnqrdS_fKJxW0' LIMIT 1
2018-01-11 15:40:15:SELECT gender FROM t_user WHERE 1 AND openid='oeDcV0W0lW2u-WnondVku8uZZo4k' LIMIT 1
2018-01-11 15:40:15:SELECT * FROM t_act_group WHERE 1 AND act_id=31
2018-01-11 15:40:15:SELECT * FROM t_act WHERE 1 AND id=31 LIMIT 1
2018-01-11 15:40:15:SELECT * FROM t_act_pic WHERE 1 AND act_id=31
2018-01-11 15:40:15:SELECT * FROM t_user WHERE 1 AND openid='oeDcV0W0lW2u-WnondVku8uZZo4k' LIMIT 1
2018-01-11 15:40:15:SELECT count(*) num FROM t_act_user WHERE 1 AND act_id=31 AND openid='oeDcV0W0lW2u-WnondVku8uZZo4k' AND group_id=292 LIMIT 1
2018-01-11 15:40:15:SELECT * FROM t_act_user WHERE 1 AND act_id=31 AND group_id=292 order by use_time ASC, create_time ASC
2018-01-11 15:40:15:SELECT * FROM t_user WHERE 1 AND openid='oeDcV0TIhZCvU1UFnqrdS_fKJxW0' LIMIT 1
2018-01-11 15:40:19:SELECT gender FROM t_user WHERE 1 AND openid='oeDcV0W0lW2u-WnondVku8uZZo4k' LIMIT 1
2018-01-11 15:40:19:SELECT * FROM t_act_group WHERE 1 AND act_id=31
2018-01-11 15:40:19:SELECT * FROM t_act WHERE 1 AND id=31 LIMIT 1
2018-01-11 15:40:19:SELECT * FROM t_act_pic WHERE 1 AND act_id=31
2018-01-11 15:40:19:SELECT * FROM t_user WHERE 1 AND openid='oeDcV0W0lW2u-WnondVku8uZZo4k' LIMIT 1
2018-01-11 15:40:19:SELECT count(*) num FROM t_act_user WHERE 1 AND act_id=31 AND openid='oeDcV0W0lW2u-WnondVku8uZZo4k' AND group_id=292 LIMIT 1
2018-01-11 15:40:19:SELECT * FROM t_act_user WHERE 1 AND act_id=31 AND group_id=292 order by use_time ASC, create_time ASC
2018-01-11 15:40:19:SELECT * FROM t_user WHERE 1 AND openid='oeDcV0TIhZCvU1UFnqrdS_fKJxW0' LIMIT 1
2018-01-11 15:40:58:SELECT gender FROM t_user WHERE 1 AND openid='oeDcV0W0lW2u-WnondVku8uZZo4k' LIMIT 1
2018-01-11 15:40:58:SELECT * FROM t_act_group WHERE 1 AND act_id=31
2018-01-11 15:40:58:SELECT * FROM t_act WHERE 1 AND id=31 LIMIT 1
2018-01-11 15:40:58:SELECT * FROM t_act_pic WHERE 1 AND act_id=31
2018-01-11 15:40:58:SELECT * FROM t_user WHERE 1 AND openid='oeDcV0W0lW2u-WnondVku8uZZo4k' LIMIT 1
2018-01-11 15:40:58:SELECT count(*) num FROM t_act_user WHERE 1 AND act_id=31 AND openid='oeDcV0W0lW2u-WnondVku8uZZo4k' AND group_id=292 LIMIT 1
2018-01-11 15:40:58:SELECT * FROM t_act_user WHERE 1 AND act_id=31 AND group_id=292 order by use_time ASC, create_time ASC
2018-01-11 15:40:58:SELECT * FROM t_user WHERE 1 AND openid='oeDcV0TIhZCvU1UFnqrdS_fKJxW0' LIMIT 1
2018-01-11 15:54:33:SELECT gender FROM t_user WHERE 1 AND openid='oeDcV0W0lW2u-WnondVku8uZZo4k' LIMIT 1
2018-01-11 15:54:33:SELECT * FROM t_act_group WHERE 1 AND act_id=31
2018-01-11 15:54:33:SELECT * FROM t_act WHERE 1 AND id=31 LIMIT 1
2018-01-11 15:54:33:SELECT * FROM t_act_pic WHERE 1 AND act_id=31
2018-01-11 15:54:33:SELECT * FROM t_user WHERE 1 AND openid='oeDcV0W0lW2u-WnondVku8uZZo4k' LIMIT 1
2018-01-11 15:54:33:SELECT count(*) num FROM t_act_user WHERE 1 AND act_id=31 AND openid='oeDcV0W0lW2u-WnondVku8uZZo4k' AND group_id=292 LIMIT 1
2018-01-11 15:54:33:SELECT * FROM t_act_user WHERE 1 AND act_id=31 AND group_id=292 order by use_time ASC, create_time ASC
2018-01-11 15:54:33:SELECT * FROM t_user WHERE 1 AND openid='oeDcV0TIhZCvU1UFnqrdS_fKJxW0' LIMIT 1
2018-01-11 15:56:49:SELECT * FROM t_user WHERE 1 AND openid = 'oeDcV0W0lW2u-WnondVku8uZZo4k' LIMIT 1
2018-01-11 15:56:51:SELECT * FROM t_user_money WHERE 1 AND openid="oeDcV0W0lW2u-WnondVku8uZZo4k" LIMIT 1
2018-01-11 15:57:28:SELECT * FROM t_user WHERE 1 AND openid = 'oeDcV0W0lW2u-WnondVku8uZZo4k' LIMIT 1
2018-01-11 16:30:41:SELECT * FROM t_user WHERE 1 AND openid = 'oeDcV0W0lW2u-WnondVku8uZZo4k' LIMIT 1
2018-01-11 16:30:45:SELECT * FROM t_user_money WHERE 1 AND openid="oeDcV0W0lW2u-WnondVku8uZZo4k" LIMIT 1
2018-01-11 16:30:48:SELECT * FROM t_user WHERE 1 AND openid = 'oeDcV0W0lW2u-WnondVku8uZZo4k' LIMIT 1
2018-01-11 16:30:51:SELECT * FROM t_user_money WHERE 1 AND openid="oeDcV0W0lW2u-WnondVku8uZZo4k" LIMIT 1
2018-01-11 16:30:53:SELECT * FROM t_user WHERE 1 AND openid = 'oeDcV0W0lW2u-WnondVku8uZZo4k' LIMIT 1
2018-01-11 16:34:52:SELECT * FROM t_user WHERE 1 AND openid = 'oeDcV0W0lW2u-WnondVku8uZZo4k' LIMIT 1
2018-01-11 16:58:22:SELECT * FROM t_user WHERE 1 AND openid = 'oeDcV0W0lW2u-WnondVku8uZZo4k' LIMIT 1
2018-01-11 16:58:22:SELECT * FROM t_user_money WHERE 1 AND openid="oeDcV0W0lW2u-WnondVku8uZZo4k" LIMIT 1
2018-01-11 16:59:05:SELECT * FROM t_user WHERE 1 AND openid = 'oeDcV0W0lW2u-WnondVku8uZZo4k' LIMIT 1
2018-01-11 16:59:34:SELECT * FROM t_user WHERE 1 AND openid = 'oeDcV0W0lW2u-WnondVku8uZZo4k' LIMIT 1
2018-01-11 16:59:36:SELECT * FROM t_user_money WHERE 1 AND openid="oeDcV0W0lW2u-WnondVku8uZZo4k" LIMIT 1
2018-01-11 16:59:41:SELECT * FROM t_user_money WHERE 1 AND openid="oeDcV0W0lW2u-WnondVku8uZZo4k" LIMIT 1
2018-01-11 17:00:02:SELECT * FROM t_user WHERE 1 AND openid = 'oeDcV0W0lW2u-WnondVku8uZZo4k' LIMIT 1
2018-01-11 17:02:42:SELECT * FROM t_user_money WHERE 1 AND openid="oeDcV0W0lW2u-WnondVku8uZZo4k" LIMIT 1
2018-01-11 17:02:49:SELECT * FROM t_user_money WHERE 1 AND openid="oeDcV0W0lW2u-WnondVku8uZZo4k" LIMIT 1
2018-01-11 17:03:53:SELECT * FROM t_user WHERE 1 AND openid = 'oeDcV0W0lW2u-WnondVku8uZZo4k' LIMIT 1
2018-01-11 17:07:32:SELECT * FROM t_user WHERE 1 AND openid = 'oeDcV0W0lW2u-WnondVku8uZZo4k' LIMIT 1
2018-01-11 17:07:34:SELECT * FROM t_user_money WHERE 1 AND openid="oeDcV0W0lW2u-WnondVku8uZZo4k" LIMIT 1
2018-01-11 17:07:57:SELECT * FROM t_user_money WHERE 1 AND openid="oeDcV0W0lW2u-WnondVku8uZZo4k" LIMIT 1
2018-01-11 17:08:01:SELECT * FROM t_user_money WHERE 1 AND openid="oeDcV0W0lW2u-WnondVku8uZZo4k" LIMIT 1
2018-01-11 17:08:04:SELECT * FROM t_user_money WHERE 1 AND openid="oeDcV0W0lW2u-WnondVku8uZZo4k" LIMIT 1
2018-01-11 17:08:08:SELECT * FROM t_user_money WHERE 1 AND openid="oeDcV0W0lW2u-WnondVku8uZZo4k" LIMIT 1
2018-01-11 17:08:12:SELECT * FROM t_user_money WHERE 1 AND openid="oeDcV0W0lW2u-WnondVku8uZZo4k" LIMIT 1
2018-01-11 17:09:29:SELECT * FROM t_user WHERE 1 AND openid = 'oeDcV0W0lW2u-WnondVku8uZZo4k' LIMIT 1
2018-01-11 17:09:31:SELECT * FROM t_user_money WHERE 1 AND openid="oeDcV0W0lW2u-WnondVku8uZZo4k" LIMIT 1
2018-01-11 17:09:41:SELECT * FROM t_user_money WHERE 1 AND openid="oeDcV0W0lW2u-WnondVku8uZZo4k" LIMIT 1
2018-01-11 17:09:46:SELECT * FROM t_user_money WHERE 1 AND openid="oeDcV0W0lW2u-WnondVku8uZZo4k" LIMIT 1
2018-01-11 17:10:09:SELECT * FROM t_user_money WHERE 1 AND openid="oeDcV0W0lW2u-WnondVku8uZZo4k" LIMIT 1
2018-01-11 17:12:18:SELECT * FROM t_user WHERE 1 AND openid = 'oeDcV0W0lW2u-WnondVku8uZZo4k' LIMIT 1
2018-01-11 17:12:19:SELECT * FROM t_user_money WHERE 1 AND openid="oeDcV0W0lW2u-WnondVku8uZZo4k" LIMIT 1
2018-01-11 17:12:49:SELECT * FROM t_user WHERE 1 AND openid = 'oeDcV0W0lW2u-WnondVku8uZZo4k' LIMIT 1
2018-01-11 17:13:01:SELECT * FROM t_user WHERE 1 AND openid = 'oeDcV0W0lW2u-WnondVku8uZZo4k' LIMIT 1
2018-01-11 17:13:02:SELECT * FROM t_user_money WHERE 1 AND openid="oeDcV0W0lW2u-WnondVku8uZZo4k" LIMIT 1
2018-01-11 17:13:25:SELECT * FROM t_user WHERE 1 AND openid = 'oeDcV0W0lW2u-WnondVku8uZZo4k' LIMIT 1
2018-01-11 17:13:27:SELECT * FROM t_user_money WHERE 1 AND openid="oeDcV0W0lW2u-WnondVku8uZZo4k" LIMIT 1
2018-01-11 17:13:54:SELECT * FROM t_user WHERE 1 AND openid = 'oeDcV0W0lW2u-WnondVku8uZZo4k' LIMIT 1
2018-01-11 17:13:55:SELECT * FROM t_user_money WHERE 1 AND openid="oeDcV0W0lW2u-WnondVku8uZZo4k" LIMIT 1
2018-01-11 17:14:41:SELECT * FROM t_user WHERE 1 AND openid = 'oeDcV0W0lW2u-WnondVku8uZZo4k' LIMIT 1
2018-01-11 17:14:43:SELECT * FROM t_user_money WHERE 1 AND openid="oeDcV0W0lW2u-WnondVku8uZZo4k" LIMIT 1
2018-01-11 17:14:50:SELECT * FROM t_user_money WHERE 1 AND openid="oeDcV0W0lW2u-WnondVku8uZZo4k" LIMIT 1
2018-01-11 17:15:11:SELECT * FROM t_user WHERE 1 AND openid = 'oeDcV0W0lW2u-WnondVku8uZZo4k' LIMIT 1
2018-01-11 17:15:13:SELECT * FROM t_user_money WHERE 1 AND openid="oeDcV0W0lW2u-WnondVku8uZZo4k" LIMIT 1
2018-01-11 17:15:35:SELECT * FROM t_user WHERE 1 AND openid = 'oeDcV0W0lW2u-WnondVku8uZZo4k' LIMIT 1
2018-01-11 17:15:38:SELECT gender FROM t_user WHERE 1 AND openid='oeDcV0W0lW2u-WnondVku8uZZo4k' LIMIT 1
2018-01-11 17:15:38:SELECT * FROM t_act WHERE 1  AND is_list=1 AND end_time>1515662138 AND limit_sex IN(0,2) LIMIT 0,50
2018-01-11 17:16:17:SELECT * FROM t_user WHERE 1 AND openid = 'oeDcV0W0lW2u-WnondVku8uZZo4k' LIMIT 1
2018-01-11 17:16:26:SELECT gender FROM t_user WHERE 1 AND openid='oeDcV0W0lW2u-WnondVku8uZZo4k' LIMIT 1
2018-01-11 17:16:27:SELECT * FROM t_act WHERE 1  AND is_list=1 AND end_time>1515662187 AND limit_sex IN(0,2) LIMIT 0,50
2018-01-11 17:16:43:SELECT * FROM t_user WHERE 1 AND openid = 'oeDcV0W0lW2u-WnondVku8uZZo4k' LIMIT 1
2018-01-11 17:16:58:SELECT * FROM t_user WHERE 1 AND openid = 'oeDcV0W0lW2u-WnondVku8uZZo4k' LIMIT 1
2018-01-11 17:17:00:SELECT gender FROM t_user WHERE 1 AND openid='oeDcV0W0lW2u-WnondVku8uZZo4k' LIMIT 1
2018-01-11 17:17:01:SELECT * FROM t_act WHERE 1  AND is_list=1 AND end_time>1515662221 AND limit_sex IN(0,2) LIMIT 0,50
2018-01-11 17:18:05:SELECT * FROM t_user WHERE 1 AND openid = 'oeDcV0TIhZCvU1UFnqrdS_fKJxW0' LIMIT 1
2018-01-11 17:18:06:SELECT gender FROM t_user WHERE 1 AND openid='oeDcV0TIhZCvU1UFnqrdS_fKJxW0' LIMIT 1
2018-01-11 17:18:06:SELECT * FROM t_act WHERE 1  AND is_list=1 AND end_time>1515662286 AND limit_sex IN(0,1) LIMIT 0,50
2018-01-11 17:18:08:SELECT * FROM t_user_money WHERE 1 AND openid="oeDcV0TIhZCvU1UFnqrdS_fKJxW0" LIMIT 1
2018-01-11 17:18:09:SELECT * FROM t_user WHERE 1 AND openid = 'oeDcV0TIhZCvU1UFnqrdS_fKJxW0' LIMIT 1
2018-01-11 17:18:10:SELECT gender FROM t_user WHERE 1 AND openid='oeDcV0TIhZCvU1UFnqrdS_fKJxW0' LIMIT 1
2018-01-11 17:18:10:SELECT * FROM t_act WHERE 1  AND is_list=1 AND end_time>1515662290 AND limit_sex IN(0,1) LIMIT 0,50
2018-01-11 17:18:10:SELECT * FROM t_user_money WHERE 1 AND openid="oeDcV0TIhZCvU1UFnqrdS_fKJxW0" LIMIT 1
2018-01-11 17:18:26:SELECT * FROM t_user_money WHERE 1 AND openid="oeDcV0TIhZCvU1UFnqrdS_fKJxW0" LIMIT 1
2018-01-11 17:18:30:SELECT * FROM t_user_money WHERE 1 AND openid="oeDcV0TIhZCvU1UFnqrdS_fKJxW0" LIMIT 1
2018-01-11 17:18:33:SELECT * FROM t_user_money WHERE 1 AND openid="oeDcV0TIhZCvU1UFnqrdS_fKJxW0" LIMIT 1
2018-01-11 17:18:35:SELECT * FROM t_user_money WHERE 1 AND openid="oeDcV0TIhZCvU1UFnqrdS_fKJxW0" LIMIT 1
2018-01-11 17:18:42:SELECT gender FROM t_user WHERE 1 AND openid='oeDcV0TIhZCvU1UFnqrdS_fKJxW0' LIMIT 1
2018-01-11 17:18:42:SELECT * FROM t_act WHERE 1  AND is_list=1 AND end_time>1515662322 AND limit_sex IN(0,1) LIMIT 0,50
2018-01-11 17:18:43:SELECT * FROM t_user WHERE 1 AND openid = 'oeDcV0TIhZCvU1UFnqrdS_fKJxW0' LIMIT 1
2018-01-11 17:18:47:SELECT * FROM t_user WHERE 1 AND openid = 'oeDcV0TIhZCvU1UFnqrdS_fKJxW0' LIMIT 1
2018-01-11 17:19:20:SELECT * FROM t_user WHERE 1 AND openid = 'oeDcV0W0lW2u-WnondVku8uZZo4k' LIMIT 1
2018-01-11 17:19:22:SELECT gender FROM t_user WHERE 1 AND openid='oeDcV0W0lW2u-WnondVku8uZZo4k' LIMIT 1
2018-01-11 17:19:22:SELECT * FROM t_act WHERE 1  AND is_list=1 AND end_time>1515662362 AND limit_sex IN(0,2) LIMIT 0,50
2018-01-11 17:19:28:SELECT * FROM t_user WHERE 1 AND openid = 'oeDcV0TIhZCvU1UFnqrdS_fKJxW0' LIMIT 1
2018-01-11 17:19:32:SELECT * FROM t_user WHERE 1 AND openid = 'oeDcV0TIhZCvU1UFnqrdS_fKJxW0' LIMIT 1
2018-01-11 17:19:48:SELECT gender FROM t_user WHERE 1 AND openid='oeDcV0TIhZCvU1UFnqrdS_fKJxW0' LIMIT 1
2018-01-11 17:19:49:SELECT * FROM t_act_group WHERE 1 AND act_id=34
2018-01-11 17:19:49:SELECT * FROM t_act WHERE 1 AND id=34 LIMIT 1
2018-01-11 17:19:49:SELECT * FROM t_act_pic WHERE 1 AND act_id=34
2018-01-11 17:19:49:SELECT * FROM t_user WHERE 1 AND openid='oeDcV0TIhZCvU1UFnqrdS_fKJxW0' LIMIT 1
2018-01-11 17:19:49:SELECT count(*) num FROM t_act_user WHERE 1 AND act_id=34 AND openid='oeDcV0TIhZCvU1UFnqrdS_fKJxW0' AND group_id=322 LIMIT 1
2018-01-11 17:19:49:SELECT * FROM t_act_user WHERE 1 AND act_id=34 AND group_id=322 order by use_time ASC, create_time ASC
2018-01-11 17:20:04:SELECT gender FROM t_user WHERE 1 AND openid='oeDcV0TIhZCvU1UFnqrdS_fKJxW0' LIMIT 1
2018-01-11 17:20:04:SELECT * FROM t_act_group WHERE 1 AND act_id=34
2018-01-11 17:20:04:SELECT * FROM t_act WHERE 1 AND id=34 LIMIT 1
2018-01-11 17:20:04:SELECT * FROM t_act_pic WHERE 1 AND act_id=34
2018-01-11 17:20:04:SELECT * FROM t_user WHERE 1 AND openid='oeDcV0TIhZCvU1UFnqrdS_fKJxW0' LIMIT 1
2018-01-11 17:20:04:SELECT count(*) num FROM t_act_user WHERE 1 AND act_id=34 AND openid='oeDcV0TIhZCvU1UFnqrdS_fKJxW0' AND group_id=322 LIMIT 1
2018-01-11 17:20:04:SELECT * FROM t_act_user WHERE 1 AND act_id=34 AND group_id=322 order by use_time ASC, create_time ASC
2018-01-11 17:20:15:SELECT * FROM t_user WHERE 1 AND openid = 'oeDcV0W0lW2u-WnondVku8uZZo4k' LIMIT 1
2018-01-11 17:20:17:SELECT gender FROM t_user WHERE 1 AND openid='oeDcV0W0lW2u-WnondVku8uZZo4k' LIMIT 1
2018-01-11 17:20:17:SELECT * FROM t_act WHERE 1  AND is_list=1 AND end_time>1515662417 AND limit_sex IN(0,2) LIMIT 0,50
2018-01-11 17:20:23:SELECT * FROM t_user WHERE 1 AND openid = 'oeDcV0W0lW2u-WnondVku8uZZo4k' LIMIT 1
2018-01-11 17:20:25:SELECT gender FROM t_user WHERE 1 AND openid='oeDcV0TIhZCvU1UFnqrdS_fKJxW0' LIMIT 1
2018-01-11 17:20:25:SELECT * FROM t_act_group WHERE 1 AND act_id=34
2018-01-11 17:20:26:SELECT * FROM t_act WHERE 1 AND id=34 LIMIT 1
2018-01-11 17:20:26:SELECT * FROM t_act_pic WHERE 1 AND act_id=34
2018-01-11 17:20:26:SELECT * FROM t_user WHERE 1 AND openid='oeDcV0TIhZCvU1UFnqrdS_fKJxW0' LIMIT 1
2018-01-11 17:20:26:SELECT count(*) num FROM t_act_user WHERE 1 AND act_id=34 AND openid='oeDcV0TIhZCvU1UFnqrdS_fKJxW0' AND group_id=322 LIMIT 1
2018-01-11 17:20:26:SELECT * FROM t_act_user WHERE 1 AND act_id=34 AND group_id=322 order by use_time ASC, create_time ASC
2018-01-11 17:20:27:SELECT gender FROM t_user WHERE 1 AND openid='oeDcV0W0lW2u-WnondVku8uZZo4k' LIMIT 1
2018-01-11 17:20:27:SELECT * FROM t_act WHERE 1  AND is_list=1 AND end_time>1515662427 AND limit_sex IN(0,2) LIMIT 0,50
2018-01-11 17:20:32:SELECT * FROM t_user WHERE 1 AND openid = 'oeDcV0W0lW2u-WnondVku8uZZo4k' LIMIT 1
2018-01-11 17:20:33:SELECT gender FROM t_user WHERE 1 AND openid='oeDcV0W0lW2u-WnondVku8uZZo4k' LIMIT 1
2018-01-11 17:20:33:SELECT * FROM t_act WHERE 1  AND is_list=1 AND end_time>1515662433 AND limit_sex IN(0,2) LIMIT 0,50
2018-01-11 17:20:34:SELECT * FROM t_user WHERE 1 AND openid = 'oeDcV0TIhZCvU1UFnqrdS_fKJxW0' LIMIT 1
2018-01-11 17:20:35:SELECT * FROM t_user_money WHERE 1 AND openid="oeDcV0W0lW2u-WnondVku8uZZo4k" LIMIT 1
2018-01-11 17:20:35:SELECT gender FROM t_user WHERE 1 AND openid='oeDcV0TIhZCvU1UFnqrdS_fKJxW0' LIMIT 1
2018-01-11 17:20:36:SELECT * FROM t_act WHERE 1  AND is_list=1 AND end_time>1515662436 AND limit_sex IN(0,1) LIMIT 0,50
2018-01-11 17:20:37:SELECT gender FROM t_user WHERE 1 AND openid='oeDcV0TIhZCvU1UFnqrdS_fKJxW0' LIMIT 1
2018-01-11 17:20:38:SELECT * FROM t_act_group WHERE 1 AND act_id=34
2018-01-11 17:20:38:SELECT * FROM t_act WHERE 1 AND id=34 LIMIT 1
2018-01-11 17:20:38:SELECT * FROM t_act_pic WHERE 1 AND act_id=34
2018-01-11 17:20:38:SELECT * FROM t_user WHERE 1 AND openid='oeDcV0TIhZCvU1UFnqrdS_fKJxW0' LIMIT 1
2018-01-11 17:20:38:SELECT count(*) num FROM t_act_user WHERE 1 AND act_id=34 AND openid='oeDcV0TIhZCvU1UFnqrdS_fKJxW0' AND group_id=322 LIMIT 1
2018-01-11 17:20:38:SELECT * FROM t_act_user WHERE 1 AND act_id=34 AND group_id=322 order by use_time ASC, create_time ASC
2018-01-11 17:20:53:SELECT count(*) num FROM t_act_user WHERE 1 AND act_id=34 AND openid='oeDcV0TIhZCvU1UFnqrdS_fKJxW0' LIMIT 1
2018-01-11 17:20:53:SELECT count(*) num FROM t_act_user WHERE 1 AND group_id='322' LIMIT 1
2018-01-11 17:20:53:SELECT gender FROM t_user WHERE 1 AND openid='oeDcV0TIhZCvU1UFnqrdS_fKJxW0' LIMIT 1
2018-01-11 17:20:54:SELECT * FROM t_act_group WHERE 1 AND act_id=34
2018-01-11 17:20:54:SELECT * FROM t_act WHERE 1 AND id=34 LIMIT 1
2018-01-11 17:20:54:SELECT * FROM t_act_pic WHERE 1 AND act_id=34
2018-01-11 17:20:54:SELECT * FROM t_user WHERE 1 AND openid='oeDcV0TIhZCvU1UFnqrdS_fKJxW0' LIMIT 1
2018-01-11 17:20:54:SELECT count(*) num FROM t_act_user WHERE 1 AND act_id=34 AND openid='oeDcV0TIhZCvU1UFnqrdS_fKJxW0' AND group_id=322 LIMIT 1
2018-01-11 17:20:54:SELECT * FROM t_act_user WHERE 1 AND act_id=34 AND group_id=322 order by use_time ASC, create_time ASC
2018-01-11 17:20:54:SELECT * FROM t_user WHERE 1 AND openid='oeDcV0TIhZCvU1UFnqrdS_fKJxW0' LIMIT 1
2018-01-11 17:22:36:SELECT * FROM t_user_money WHERE 1 AND openid="oeDcV0W0lW2u-WnondVku8uZZo4k" LIMIT 1
2018-01-11 17:23:02:SELECT * FROM t_user_money WHERE 1 AND openid="oeDcV0W0lW2u-WnondVku8uZZo4k" LIMIT 1
2018-01-11 17:23:27:SELECT gender FROM t_user WHERE 1 AND openid='oeDcV0TIhZCvU1UFnqrdS_fKJxW0' LIMIT 1
2018-01-11 17:23:27:SELECT gender FROM t_user WHERE 1 AND openid='oeDcV0TIhZCvU1UFnqrdS_fKJxW0' LIMIT 1
2018-01-11 17:23:27:SELECT * FROM t_act_group WHERE 1 AND act_id=34
2018-01-11 17:23:27:SELECT * FROM t_act_group WHERE 1 AND act_id=34
2018-01-11 17:23:27:SELECT * FROM t_act WHERE 1 AND id=34 LIMIT 1
2018-01-11 17:23:27:SELECT * FROM t_act WHERE 1 AND id=34 LIMIT 1
2018-01-11 17:23:27:SELECT * FROM t_act_pic WHERE 1 AND act_id=34
2018-01-11 17:23:27:SELECT * FROM t_act_pic WHERE 1 AND act_id=34
2018-01-11 17:23:27:SELECT * FROM t_user WHERE 1 AND openid='oeDcV0TIhZCvU1UFnqrdS_fKJxW0' LIMIT 1
2018-01-11 17:23:27:SELECT * FROM t_user WHERE 1 AND openid='oeDcV0TIhZCvU1UFnqrdS_fKJxW0' LIMIT 1
2018-01-11 17:23:28:SELECT count(*) num FROM t_act_user WHERE 1 AND act_id=34 AND openid='oeDcV0TIhZCvU1UFnqrdS_fKJxW0' AND group_id=322 LIMIT 1
2018-01-11 17:23:28:SELECT count(*) num FROM t_act_user WHERE 1 AND act_id=34 AND openid='oeDcV0TIhZCvU1UFnqrdS_fKJxW0' AND group_id=322 LIMIT 1
2018-01-11 17:23:28:SELECT * FROM t_act_user WHERE 1 AND act_id=34 AND group_id=322 order by use_time ASC, create_time ASC
2018-01-11 17:23:28:SELECT * FROM t_act_user WHERE 1 AND act_id=34 AND group_id=322 order by use_time ASC, create_time ASC
2018-01-11 17:23:28:SELECT * FROM t_user WHERE 1 AND openid='oeDcV0TIhZCvU1UFnqrdS_fKJxW0' LIMIT 1
2018-01-11 17:23:28:SELECT * FROM t_user WHERE 1 AND openid='oeDcV0TIhZCvU1UFnqrdS_fKJxW0' LIMIT 1
2018-01-11 17:23:29:SELECT gender FROM t_user WHERE 1 AND openid='oeDcV0TIhZCvU1UFnqrdS_fKJxW0' LIMIT 1
2018-01-11 17:23:29:SELECT * FROM t_act WHERE 1  AND is_list=1 AND end_time>1515662609 AND limit_sex IN(0,1) LIMIT 0,50
2018-01-11 17:23:30:SELECT * FROM t_user WHERE 1 AND openid = 'oeDcV0TIhZCvU1UFnqrdS_fKJxW0' LIMIT 1
2018-01-11 17:23:33:SELECT gender FROM t_user WHERE 1 AND openid='oeDcV0TIhZCvU1UFnqrdS_fKJxW0' LIMIT 1
2018-01-11 17:23:33:SELECT * FROM t_act WHERE 1  AND is_list=1 AND end_time>1515662613 AND limit_sex IN(0,1) LIMIT 0,50
2018-01-11 17:23:34:SELECT * FROM t_user_money WHERE 1 AND openid="oeDcV0TIhZCvU1UFnqrdS_fKJxW0" LIMIT 1
2018-01-11 17:23:35:SELECT gender FROM t_user WHERE 1 AND openid='oeDcV0TIhZCvU1UFnqrdS_fKJxW0' LIMIT 1
2018-01-11 17:23:35:SELECT * FROM t_act WHERE 1  AND is_list=1 AND end_time>1515662615 AND limit_sex IN(0,1) LIMIT 0,50
2018-01-11 17:23:37:SELECT * FROM t_user WHERE 1 AND openid = 'oeDcV0TIhZCvU1UFnqrdS_fKJxW0' LIMIT 1
2018-01-11 17:23:40:SELECT * FROM t_user WHERE 1 AND openid = 'oeDcV0TIhZCvU1UFnqrdS_fKJxW0' LIMIT 1
2018-01-11 17:23:44:SELECT * FROM t_user WHERE 1 AND openid = 'oeDcV0W0lW2u-WnondVku8uZZo4k' LIMIT 1
2018-01-11 17:23:49:SELECT * FROM t_user_money WHERE 1 AND openid="oeDcV0W0lW2u-WnondVku8uZZo4k" LIMIT 1
2018-01-11 17:24:02:SELECT * FROM t_user WHERE 1 AND openid = 'oeDcV0TIhZCvU1UFnqrdS_fKJxW0' LIMIT 1
2018-01-11 17:24:12:SELECT gender FROM t_user WHERE 1 AND openid='oeDcV0TIhZCvU1UFnqrdS_fKJxW0' LIMIT 1
2018-01-11 17:24:13:SELECT * FROM t_act WHERE 1  AND is_list=1 AND end_time>1515662653 AND limit_sex IN(0,1) LIMIT 0,50
2018-01-11 17:24:14:SELECT * FROM t_user_money WHERE 1 AND openid="oeDcV0TIhZCvU1UFnqrdS_fKJxW0" LIMIT 1
2018-01-11 17:24:14:SELECT gender FROM t_user WHERE 1 AND openid='oeDcV0TIhZCvU1UFnqrdS_fKJxW0' LIMIT 1
2018-01-11 17:24:14:SELECT * FROM t_act WHERE 1  AND is_list=1 AND end_time>1515662654 AND limit_sex IN(0,1) LIMIT 0,50
2018-01-11 17:24:22:SELECT * FROM t_user WHERE 1 AND openid = 'oeDcV0W0lW2u-WnondVku8uZZo4k' LIMIT 1
2018-01-11 17:30:18:SELECT gender FROM t_user WHERE 1 AND openid='oeDcV0TIhZCvU1UFnqrdS_fKJxW0' LIMIT 1
2018-01-11 17:30:18:SELECT gender FROM t_user WHERE 1 AND openid='oeDcV0TIhZCvU1UFnqrdS_fKJxW0' LIMIT 1
2018-01-11 17:30:19:SELECT * FROM t_act WHERE 1  AND is_list=1 AND end_time>1515663019 AND limit_sex IN(0,1) LIMIT 0,50
2018-01-11 17:30:19:SELECT * FROM t_act WHERE 1  AND is_list=1 AND end_time>1515663019 AND limit_sex IN(0,1) LIMIT 0,50
2018-01-11 17:30:20:SELECT gender FROM t_user WHERE 1 AND openid='oeDcV0TIhZCvU1UFnqrdS_fKJxW0' LIMIT 1
2018-01-11 17:30:20:SELECT * FROM t_act WHERE 1  AND is_list=1 AND end_time>1515663020 AND limit_sex IN(0,1) LIMIT 0,50
2018-01-11 18:13:34:SELECT * FROM t_user_money WHERE 1 AND openid="oeDcV0W0lW2u-WnondVku8uZZo4k" LIMIT 1
2018-01-11 18:13:34:SELECT * FROM t_user WHERE 1 AND openid = 'oeDcV0W0lW2u-WnondVku8uZZo4k' LIMIT 1
2018-01-11 18:14:09:SELECT * FROM t_user WHERE 1 AND openid = 'oeDcV0W0lW2u-WnondVku8uZZo4k' LIMIT 1
2018-01-11 18:14:10:SELECT * FROM t_user_money WHERE 1 AND openid="oeDcV0W0lW2u-WnondVku8uZZo4k" LIMIT 1
2018-01-11 18:14:15:SELECT * FROM t_user_money WHERE 1 AND openid="oeDcV0W0lW2u-WnondVku8uZZo4k" LIMIT 1
2018-01-11 18:22:32:SELECT * FROM t_user WHERE 1 AND openid = 'oeDcV0W0lW2u-WnondVku8uZZo4k' LIMIT 1
2018-01-11 18:23:00:SELECT * FROM t_user WHERE 1 AND openid = 'oeDcV0W0lW2u-WnondVku8uZZo4k' LIMIT 1
2018-01-11 18:23:03:SELECT * FROM t_user WHERE 1 AND openid = 'oeDcV0W0lW2u-WnondVku8uZZo4k' LIMIT 1
2018-01-11 18:23:11:SELECT * FROM t_user WHERE 1 AND openid = 'oeDcV0W0lW2u-WnondVku8uZZo4k' LIMIT 1
2018-01-11 18:24:19:SELECT * FROM t_user WHERE 1 AND openid = 'oeDcV0W0lW2u-WnondVku8uZZo4k' LIMIT 1
2018-01-11 18:24:22:SELECT * FROM t_user_money WHERE 1 AND openid="oeDcV0W0lW2u-WnondVku8uZZo4k" LIMIT 1
2018-01-11 18:24:23:SELECT * FROM t_user WHERE 1 AND openid = 'oeDcV0W0lW2u-WnondVku8uZZo4k' LIMIT 1
2018-01-11 18:24:28:SELECT * FROM t_user WHERE 1 AND openid = 'oeDcV0W0lW2u-WnondVku8uZZo4k' LIMIT 1
2018-01-11 18:24:30:SELECT * FROM t_user WHERE 1 AND openid = 'oeDcV0W0lW2u-WnondVku8uZZo4k' LIMIT 1
2018-01-11 18:24:48:SELECT * FROM t_user WHERE 1 AND openid = 'oeDcV0W0lW2u-WnondVku8uZZo4k' LIMIT 1
2018-01-11 18:24:52:SELECT * FROM t_user WHERE 1 AND openid = 'oeDcV0W0lW2u-WnondVku8uZZo4k' LIMIT 1
2018-01-11 18:31:48:SELECT * FROM t_user WHERE 1 AND openid = 'oeDcV0W0lW2u-WnondVku8uZZo4k' LIMIT 1
2018-01-11 18:34:20:SELECT * FROM t_user WHERE 1 AND openid = 'oeDcV0W0lW2u-WnondVku8uZZo4k' LIMIT 1
2018-01-11 18:34:50:SELECT * FROM t_user WHERE 1 AND openid = 'oeDcV0W0lW2u-WnondVku8uZZo4k' LIMIT 1
2018-01-11 18:35:27:SELECT * FROM t_user WHERE 1 AND openid = 'oeDcV0W0lW2u-WnondVku8uZZo4k' LIMIT 1
2018-01-11 18:35:37:SELECT * FROM t_user WHERE 1 AND openid = 'oeDcV0W0lW2u-WnondVku8uZZo4k' LIMIT 1
2018-01-11 18:36:19:SELECT * FROM t_user WHERE 1 AND openid = 'oeDcV0W0lW2u-WnondVku8uZZo4k' LIMIT 1
2018-01-11 18:37:41:SELECT * FROM t_user WHERE 1 AND openid = 'oeDcV0W0lW2u-WnondVku8uZZo4k' LIMIT 1
2018-01-11 18:37:52:SELECT * FROM t_user WHERE 1 AND openid = 'oeDcV0W0lW2u-WnondVku8uZZo4k' LIMIT 1
2018-01-11 18:38:24:SELECT * FROM t_user WHERE 1 AND openid = 'oeDcV0W0lW2u-WnondVku8uZZo4k' LIMIT 1
2018-01-11 18:38:46:SELECT * FROM t_user WHERE 1 AND openid = 'oeDcV0W0lW2u-WnondVku8uZZo4k' LIMIT 1
2018-01-11 18:38:52:SELECT * FROM t_user WHERE 1 AND openid = 'oeDcV0W0lW2u-WnondVku8uZZo4k' LIMIT 1
2018-01-11 18:40:49:SELECT * FROM t_user WHERE 1 AND openid = 'oeDcV0W0lW2u-WnondVku8uZZo4k' LIMIT 1
2018-01-11 18:44:09:SELECT * FROM t_user WHERE 1 AND openid = 'oeDcV0W0lW2u-WnondVku8uZZo4k' LIMIT 1
2018-01-11 18:44:25:SELECT id FROM t_user WHERE 1 AND openid = 'oeDcV0W0lW2u-WnondVku8uZZo4k' LIMIT 1
2018-01-11 18:50:59:SELECT * FROM t_user WHERE 1 AND openid = 'oeDcV0W0lW2u-WnondVku8uZZo4k' LIMIT 1
2018-01-11 19:16:49:SELECT * FROM t_user WHERE 1 AND openid = 'oeDcV0W0lW2u-WnondVku8uZZo4k' LIMIT 1
2018-01-11 19:17:08:SELECT * FROM t_user_money WHERE 1 AND openid="oeDcV0W0lW2u-WnondVku8uZZo4k" LIMIT 1
2018-01-11 19:19:00:SELECT * FROM t_user_money WHERE 1 AND openid="oeDcV0W0lW2u-WnondVku8uZZo4k" LIMIT 1
2018-01-11 19:19:20:SELECT * FROM t_user WHERE 1 AND openid = 'oeDcV0W0lW2u-WnondVku8uZZo4k' LIMIT 1
2018-01-11 19:19:28:SELECT gender FROM t_user WHERE 1 AND openid='oeDcV0W0lW2u-WnondVku8uZZo4k' LIMIT 1
2018-01-11 19:19:28:SELECT * FROM t_act_group WHERE 1 AND act_id=31
2018-01-11 19:19:28:SELECT * FROM t_act WHERE 1 AND id=31 LIMIT 1
2018-01-11 19:19:28:SELECT * FROM t_act_pic WHERE 1 AND act_id=31
2018-01-11 19:19:28:SELECT * FROM t_user WHERE 1 AND openid='oeDcV0W0lW2u-WnondVku8uZZo4k' LIMIT 1
2018-01-11 19:19:28:SELECT count(*) num FROM t_act_user WHERE 1 AND act_id=31 AND openid='oeDcV0W0lW2u-WnondVku8uZZo4k' AND group_id=292 LIMIT 1
2018-01-11 19:19:28:SELECT * FROM t_act_user WHERE 1 AND act_id=31 AND group_id=292 order by use_time ASC, create_time ASC
2018-01-11 19:19:28:SELECT * FROM t_user WHERE 1 AND openid='oeDcV0TIhZCvU1UFnqrdS_fKJxW0' LIMIT 1
2018-01-11 19:20:00:SELECT gender FROM t_user WHERE 1 AND openid='oeDcV0W0lW2u-WnondVku8uZZo4k' LIMIT 1
2018-01-11 19:20:00:SELECT * FROM t_act_group WHERE 1 AND act_id=31
2018-01-11 19:20:00:SELECT * FROM t_act WHERE 1 AND id=31 LIMIT 1
2018-01-11 19:20:00:SELECT * FROM t_act_pic WHERE 1 AND act_id=31
2018-01-11 19:20:00:SELECT * FROM t_user WHERE 1 AND openid='oeDcV0W0lW2u-WnondVku8uZZo4k' LIMIT 1
2018-01-11 19:20:00:SELECT count(*) num FROM t_act_user WHERE 1 AND act_id=31 AND openid='oeDcV0W0lW2u-WnondVku8uZZo4k' AND group_id=292 LIMIT 1
2018-01-11 19:20:00:SELECT * FROM t_act_user WHERE 1 AND act_id=31 AND group_id=292 order by use_time ASC, create_time ASC
2018-01-11 19:20:00:SELECT * FROM t_user WHERE 1 AND openid='oeDcV0TIhZCvU1UFnqrdS_fKJxW0' LIMIT 1
2018-01-11 19:28:48:SELECT * FROM t_user WHERE 1 AND openid = 'oeDcV0W0lW2u-WnondVku8uZZo4k' LIMIT 1
2018-01-11 19:28:51:SELECT * FROM t_user_money WHERE 1 AND openid="oeDcV0W0lW2u-WnondVku8uZZo4k" LIMIT 1
2018-01-11 19:29:12:SELECT gender FROM t_user WHERE 1 AND openid='oeDcV0W0lW2u-WnondVku8uZZo4k' LIMIT 1
2018-01-11 19:29:12:SELECT * FROM t_act_group WHERE 1 AND act_id=31
2018-01-11 19:29:12:SELECT * FROM t_act WHERE 1 AND id=31 LIMIT 1
2018-01-11 19:29:12:SELECT * FROM t_act_pic WHERE 1 AND act_id=31
2018-01-11 19:29:12:SELECT * FROM t_user WHERE 1 AND openid='oeDcV0W0lW2u-WnondVku8uZZo4k' LIMIT 1
2018-01-11 19:29:12:SELECT count(*) num FROM t_act_user WHERE 1 AND act_id=31 AND openid='oeDcV0W0lW2u-WnondVku8uZZo4k' AND group_id=292 LIMIT 1
2018-01-11 19:29:12:SELECT * FROM t_act_user WHERE 1 AND act_id=31 AND group_id=292 order by use_time ASC, create_time ASC
2018-01-11 19:29:13:SELECT * FROM t_user WHERE 1 AND openid='oeDcV0TIhZCvU1UFnqrdS_fKJxW0' LIMIT 1
2018-01-11 19:29:18:SELECT gender FROM t_user WHERE 1 AND openid='oeDcV0W0lW2u-WnondVku8uZZo4k' LIMIT 1
2018-01-11 19:29:18:SELECT * FROM t_act_group WHERE 1 AND act_id=31
2018-01-11 19:29:19:SELECT * FROM t_act WHERE 1 AND id=31 LIMIT 1
2018-01-11 19:29:19:SELECT * FROM t_act_pic WHERE 1 AND act_id=31
2018-01-11 19:29:19:SELECT * FROM t_user WHERE 1 AND openid='oeDcV0W0lW2u-WnondVku8uZZo4k' LIMIT 1
2018-01-11 19:29:19:SELECT count(*) num FROM t_act_user WHERE 1 AND act_id=31 AND openid='oeDcV0W0lW2u-WnondVku8uZZo4k' AND group_id=292 LIMIT 1
2018-01-11 19:29:19:SELECT * FROM t_act_user WHERE 1 AND act_id=31 AND group_id=292 order by use_time ASC, create_time ASC
2018-01-11 19:29:19:SELECT * FROM t_user WHERE 1 AND openid='oeDcV0TIhZCvU1UFnqrdS_fKJxW0' LIMIT 1
2018-01-11 19:36:57:SELECT gender FROM t_user WHERE 1 AND openid='oeDcV0W0lW2u-WnondVku8uZZo4k' LIMIT 1
2018-01-11 19:36:57:SELECT * FROM t_act_group WHERE 1 AND act_id=31
2018-01-11 19:36:57:SELECT * FROM t_act WHERE 1 AND id=31 LIMIT 1
2018-01-11 19:36:57:SELECT * FROM t_act_pic WHERE 1 AND act_id=31
2018-01-11 19:36:57:SELECT * FROM t_user WHERE 1 AND openid='oeDcV0W0lW2u-WnondVku8uZZo4k' LIMIT 1
2018-01-11 19:36:57:SELECT count(*) num FROM t_act_user WHERE 1 AND act_id=31 AND openid='oeDcV0W0lW2u-WnondVku8uZZo4k' AND group_id=292 LIMIT 1
2018-01-11 19:36:57:SELECT * FROM t_act_user WHERE 1 AND act_id=31 AND group_id=292 order by use_time ASC, create_time ASC
2018-01-11 19:36:57:SELECT * FROM t_user WHERE 1 AND openid='oeDcV0TIhZCvU1UFnqrdS_fKJxW0' LIMIT 1
2018-01-11 19:37:39:SELECT * FROM t_user WHERE 1 AND openid = 'oeDcV0W0lW2u-WnondVku8uZZo4k' LIMIT 1
2018-01-11 19:37:40:SELECT gender FROM t_user WHERE 1 AND openid='oeDcV0W0lW2u-WnondVku8uZZo4k' LIMIT 1
2018-01-11 19:37:40:SELECT * FROM t_act WHERE 1  AND is_list=1 AND end_time>1515670660 AND limit_sex IN(0,2) LIMIT 0,50
2018-01-11 19:37:48:SELECT gender FROM t_user WHERE 1 AND openid='oeDcV0W0lW2u-WnondVku8uZZo4k' LIMIT 1
2018-01-11 19:37:48:SELECT * FROM t_act_group WHERE 1 AND act_id=34
2018-01-11 19:37:48:SELECT * FROM t_act WHERE 1 AND id=34 LIMIT 1
2018-01-11 19:37:48:SELECT * FROM t_act_pic WHERE 1 AND act_id=34
2018-01-11 19:37:48:SELECT * FROM t_user WHERE 1 AND openid='oeDcV0W0lW2u-WnondVku8uZZo4k' LIMIT 1
2018-01-11 19:37:48:SELECT count(*) num FROM t_act_user WHERE 1 AND act_id=34 AND openid='oeDcV0W0lW2u-WnondVku8uZZo4k' AND group_id=322 LIMIT 1
2018-01-11 19:37:48:SELECT * FROM t_act_user WHERE 1 AND act_id=34 AND group_id=322 order by use_time ASC, create_time ASC
2018-01-11 19:37:48:SELECT * FROM t_user WHERE 1 AND openid='oeDcV0TIhZCvU1UFnqrdS_fKJxW0' LIMIT 1
2018-01-11 19:40:06:SELECT * FROM t_user WHERE 1 AND openid = 'oeDcV0W0lW2u-WnondVku8uZZo4k' LIMIT 1
2018-01-11 19:40:07:SELECT gender FROM t_user WHERE 1 AND openid='oeDcV0W0lW2u-WnondVku8uZZo4k' LIMIT 1
2018-01-11 19:40:07:SELECT * FROM t_act WHERE 1  AND is_list=1 AND end_time>1515670807 AND limit_sex IN(0,2) LIMIT 0,50
2018-01-11 19:40:15:SELECT count(*) num FROM t_act_user WHERE 1 AND act_id=34 AND openid='oeDcV0W0lW2u-WnondVku8uZZo4k' LIMIT 1
2018-01-11 19:40:15:SELECT count(*) num FROM t_act_user WHERE 1 AND group_id='322' LIMIT 1
2018-01-11 19:40:16:SELECT gender FROM t_user WHERE 1 AND openid='oeDcV0W0lW2u-WnondVku8uZZo4k' LIMIT 1
2018-01-11 19:40:16:SELECT * FROM t_act_group WHERE 1 AND act_id=34
2018-01-11 19:40:16:SELECT * FROM t_act WHERE 1 AND id=34 LIMIT 1
2018-01-11 19:40:16:SELECT * FROM t_act_pic WHERE 1 AND act_id=34
2018-01-11 19:40:16:SELECT * FROM t_user WHERE 1 AND openid='oeDcV0W0lW2u-WnondVku8uZZo4k' LIMIT 1
2018-01-11 19:40:16:SELECT count(*) num FROM t_act_user WHERE 1 AND act_id=34 AND openid='oeDcV0W0lW2u-WnondVku8uZZo4k' AND group_id=322 LIMIT 1
2018-01-11 19:40:16:SELECT * FROM t_act_user WHERE 1 AND act_id=34 AND openid='oeDcV0W0lW2u-WnondVku8uZZo4k' AND group_id=322 LIMIT 1
2018-01-11 19:40:16:SELECT * FROM t_act_user WHERE 1 AND act_id=34 AND group_id=322 order by use_time ASC, create_time ASC
2018-01-11 19:40:16:SELECT * FROM t_user WHERE 1 AND openid='oeDcV0TIhZCvU1UFnqrdS_fKJxW0' LIMIT 1
2018-01-11 19:40:16:SELECT * FROM t_user WHERE 1 AND openid='oeDcV0W0lW2u-WnondVku8uZZo4k' LIMIT 1
2018-01-11 19:42:47:SELECT gender FROM t_user WHERE 1 AND openid='oeDcV0W0lW2u-WnondVku8uZZo4k' LIMIT 1
2018-01-11 19:42:47:SELECT * FROM t_act WHERE 1  AND is_list=1 AND end_time>1515670967 AND limit_sex IN(0,2) LIMIT 0,50
2018-01-11 19:42:48:SELECT * FROM t_user_money WHERE 1 AND openid="oeDcV0W0lW2u-WnondVku8uZZo4k" LIMIT 1
2018-01-11 19:42:50:SELECT * FROM t_user WHERE 1 AND openid = 'oeDcV0W0lW2u-WnondVku8uZZo4k' LIMIT 1
2018-01-11 19:42:51:SELECT * FROM t_user_money WHERE 1 AND openid="oeDcV0W0lW2u-WnondVku8uZZo4k" LIMIT 1
2018-01-11 19:42:51:SELECT * FROM t_user WHERE 1 AND openid = 'oeDcV0W0lW2u-WnondVku8uZZo4k' LIMIT 1
2018-01-11 19:43:39:SELECT * FROM t_user WHERE 1 AND openid = 'oeDcV0TIhZCvU1UFnqrdS_fKJxW0' LIMIT 1
2018-01-11 19:43:47:SELECT gender FROM t_user WHERE 1 AND openid='oeDcV0TIhZCvU1UFnqrdS_fKJxW0' LIMIT 1
2018-01-11 19:43:47:SELECT * FROM t_act WHERE 1  AND is_list=1 AND end_time>1515671027 AND limit_sex IN(0,1) LIMIT 0,50
2018-01-11 19:43:49:SELECT gender FROM t_user WHERE 1 AND openid='oeDcV0TIhZCvU1UFnqrdS_fKJxW0' LIMIT 1
2018-01-11 19:43:49:SELECT * FROM t_act_group WHERE 1 AND act_id=34
2018-01-11 19:43:49:SELECT * FROM t_act WHERE 1 AND id=34 LIMIT 1
2018-01-11 19:43:49:SELECT * FROM t_act_pic WHERE 1 AND act_id=34
2018-01-11 19:43:49:SELECT * FROM t_user WHERE 1 AND openid='oeDcV0TIhZCvU1UFnqrdS_fKJxW0' LIMIT 1
2018-01-11 19:43:49:SELECT count(*) num FROM t_act_user WHERE 1 AND act_id=34 AND openid='oeDcV0TIhZCvU1UFnqrdS_fKJxW0' AND group_id=322 LIMIT 1
2018-01-11 19:43:50:SELECT * FROM t_act_user WHERE 1 AND act_id=34 AND openid='oeDcV0TIhZCvU1UFnqrdS_fKJxW0' AND group_id=322 LIMIT 1
2018-01-11 19:43:50:SELECT * FROM t_act_user WHERE 1 AND act_id=34 AND group_id=322 order by use_time ASC, create_time ASC
2018-01-11 19:43:50:SELECT * FROM t_user WHERE 1 AND openid='oeDcV0TIhZCvU1UFnqrdS_fKJxW0' LIMIT 1
2018-01-11 19:43:50:SELECT * FROM t_user WHERE 1 AND openid='oeDcV0W0lW2u-WnondVku8uZZo4k' LIMIT 1
2018-01-11 19:50:43:SELECT gender FROM t_user WHERE 1 AND openid='oeDcV0TIhZCvU1UFnqrdS_fKJxW0' LIMIT 1
2018-01-11 19:50:43:SELECT * FROM t_act_group WHERE 1 AND act_id=34
2018-01-11 19:50:43:SELECT * FROM t_act WHERE 1 AND id=34 LIMIT 1
2018-01-11 19:50:43:SELECT * FROM t_act_pic WHERE 1 AND act_id=34
2018-01-11 19:50:43:SELECT * FROM t_user WHERE 1 AND openid='oeDcV0TIhZCvU1UFnqrdS_fKJxW0' LIMIT 1
2018-01-11 19:50:43:SELECT count(*) num FROM t_act_user WHERE 1 AND act_id=34 AND openid='oeDcV0TIhZCvU1UFnqrdS_fKJxW0' AND group_id=322 LIMIT 1
2018-01-11 19:50:43:SELECT * FROM t_act_user WHERE 1 AND act_id=34 AND openid='oeDcV0TIhZCvU1UFnqrdS_fKJxW0' AND group_id=322 LIMIT 1
2018-01-11 19:50:43:SELECT * FROM t_act_user WHERE 1 AND act_id=34 AND group_id=322 order by use_time ASC, create_time ASC
2018-01-11 19:50:43:SELECT * FROM t_user WHERE 1 AND openid='oeDcV0TIhZCvU1UFnqrdS_fKJxW0' LIMIT 1
2018-01-11 19:50:43:SELECT * FROM t_user WHERE 1 AND openid='oeDcV0W0lW2u-WnondVku8uZZo4k' LIMIT 1
2018-01-11 20:22:47:SELECT * FROM t_user WHERE 1 AND openid = 'oeDcV0W0lW2u-WnondVku8uZZo4k' LIMIT 1
2018-01-11 20:23:38:SELECT * FROM t_user WHERE 1 AND openid = 'oeDcV0W0lW2u-WnondVku8uZZo4k' LIMIT 1
2018-01-11 20:30:29:SELECT * FROM t_user WHERE 1 AND openid = 'oeDcV0W0lW2u-WnondVku8uZZo4k' LIMIT 1
2018-01-11 20:32:06:SELECT * FROM t_user WHERE 1 AND openid = 'oeDcV0Zc4eR8nIigyAVbHx0c5oAc' LIMIT 1
2018-01-11 20:32:16:SELECT * FROM t_user WHERE 1 AND openid = 'oeDcV0W0lW2u-WnondVku8uZZo4k' LIMIT 1
2018-01-11 20:32:41:SELECT * FROM t_user WHERE 1 AND openid = 'oeDcV0Zc4eR8nIigyAVbHx0c5oAc' LIMIT 1
2018-01-11 20:34:12:SELECT * FROM t_user WHERE 1 AND openid = 'oeDcV0Zc4eR8nIigyAVbHx0c5oAc' LIMIT 1
2018-01-11 20:35:02:SELECT * FROM t_user WHERE 1 AND openid = 'oeDcV0W0lW2u-WnondVku8uZZo4k' LIMIT 1
2018-01-11 20:35:20:SELECT * FROM t_user WHERE 1 AND openid = 'oeDcV0W0lW2u-WnondVku8uZZo4k' LIMIT 1
2018-01-11 20:35:46:SELECT * FROM t_user WHERE 1 AND openid = 'oeDcV0W0lW2u-WnondVku8uZZo4k' LIMIT 1
2018-01-11 20:35:57:SELECT * FROM t_user WHERE 1 AND openid = 'oeDcV0W0lW2u-WnondVku8uZZo4k' LIMIT 1
2018-01-11 20:36:21:SELECT * FROM t_user WHERE 1 AND openid = 'oeDcV0Zc4eR8nIigyAVbHx0c5oAc' LIMIT 1
2018-01-11 20:36:26:SELECT * FROM t_user WHERE 1 AND openid = 'oeDcV0Zc4eR8nIigyAVbHx0c5oAc' LIMIT 1
2018-01-11 20:37:00:SELECT * FROM t_user WHERE 1 AND openid = 'oeDcV0W0lW2u-WnondVku8uZZo4k' LIMIT 1
2018-01-11 20:40:08:SELECT * FROM t_user WHERE 1 AND openid = 'oeDcV0Zc4eR8nIigyAVbHx0c5oAc' LIMIT 1
2018-01-11 20:40:23:SELECT * FROM t_user WHERE 1 AND openid = 'oeDcV0W0lW2u-WnondVku8uZZo4k' LIMIT 1
2018-01-11 20:42:12:SELECT * FROM t_user WHERE 1 AND openid = 'oeDcV0Zc4eR8nIigyAVbHx0c5oAc' LIMIT 1
2018-01-11 20:42:18:SELECT * FROM t_user WHERE 1 AND openid = 'oeDcV0W0lW2u-WnondVku8uZZo4k' LIMIT 1
2018-01-11 20:42:33:SELECT * FROM t_user WHERE 1 AND openid = 'oeDcV0Zc4eR8nIigyAVbHx0c5oAc' LIMIT 1
2018-01-11 20:43:03:SELECT * FROM t_user WHERE 1 AND openid = 'oeDcV0Zc4eR8nIigyAVbHx0c5oAc' LIMIT 1
2018-01-11 20:43:11:SELECT * FROM t_user WHERE 1 AND openid = 'oeDcV0Zc4eR8nIigyAVbHx0c5oAc' LIMIT 1
2018-01-11 20:44:07:SELECT * FROM t_user WHERE 1 AND openid = 'oeDcV0W0lW2u-WnondVku8uZZo4k' LIMIT 1
2018-01-11 20:47:49:SELECT * FROM t_user WHERE 1 AND openid = 'oeDcV0W0lW2u-WnondVku8uZZo4k' LIMIT 1
2018-01-11 20:48:51:SELECT * FROM t_user WHERE 1 AND openid = 'oeDcV0W0lW2u-WnondVku8uZZo4k' LIMIT 1
2018-01-11 20:50:04:SELECT * FROM t_user WHERE 1 AND openid = 'oeDcV0Zc4eR8nIigyAVbHx0c5oAc' LIMIT 1
2018-01-11 20:51:22:SELECT * FROM t_user WHERE 1 AND openid = 'oeDcV0Zc4eR8nIigyAVbHx0c5oAc' LIMIT 1
2018-01-11 20:52:33:SELECT * FROM t_user WHERE 1 AND openid = 'oeDcV0W0lW2u-WnondVku8uZZo4k' LIMIT 1
2018-01-11 20:53:04:SELECT * FROM t_user WHERE 1 AND openid = 'oeDcV0Zc4eR8nIigyAVbHx0c5oAc' LIMIT 1
2018-01-11 20:54:23:SELECT * FROM t_user WHERE 1 AND openid = 'oeDcV0Zc4eR8nIigyAVbHx0c5oAc' LIMIT 1
2018-01-11 20:55:16:SELECT gender FROM t_user WHERE 1 AND openid='oeDcV0Zc4eR8nIigyAVbHx0c5oAc' LIMIT 1
2018-01-11 20:55:16:SELECT * FROM t_act WHERE 1  AND is_list=1 AND end_time>1515675316 AND limit_sex IN(0,) LIMIT 0,50
2018-01-11 20:55:17:SELECT * FROM t_user WHERE 1 AND openid = 'oeDcV0Zc4eR8nIigyAVbHx0c5oAc' LIMIT 1
2018-01-11 20:55:18:SELECT * FROM t_user_money WHERE 1 AND openid="oeDcV0Zc4eR8nIigyAVbHx0c5oAc" LIMIT 1
2018-01-11 20:55:20:SELECT * FROM t_user WHERE 1 AND openid = 'oeDcV0Zc4eR8nIigyAVbHx0c5oAc' LIMIT 1
2018-01-11 20:55:38:SELECT * FROM t_user_money WHERE 1 AND openid="oeDcV0Zc4eR8nIigyAVbHx0c5oAc" LIMIT 1
2018-01-11 20:55:39:SELECT gender FROM t_user WHERE 1 AND openid='oeDcV0Zc4eR8nIigyAVbHx0c5oAc' LIMIT 1
2018-01-11 20:55:39:SELECT * FROM t_act WHERE 1  AND is_list=1 AND end_time>1515675339 AND limit_sex IN(0,) LIMIT 0,50
2018-01-11 20:55:42:SELECT * FROM t_user WHERE 1 AND openid = 'oeDcV0Zc4eR8nIigyAVbHx0c5oAc' LIMIT 1
2018-01-11 20:57:57:SELECT * FROM t_user WHERE 1 AND openid = 'oeDcV0W0lW2u-WnondVku8uZZo4k' LIMIT 1
2018-01-11 20:58:46:SELECT * FROM t_user WHERE 1 AND openid = 'oeDcV0Zc4eR8nIigyAVbHx0c5oAc' LIMIT 1
2018-01-11 20:59:06:SELECT gender FROM t_user WHERE 1 AND openid='oeDcV0Zc4eR8nIigyAVbHx0c5oAc' LIMIT 1
2018-01-11 20:59:06:SELECT * FROM t_act WHERE 1  AND is_list=1 AND end_time>1515675546 AND limit_sex IN(0,) LIMIT 0,50
2018-01-11 20:59:15:SELECT * FROM t_user WHERE 1 AND openid = 'oeDcV0Zc4eR8nIigyAVbHx0c5oAc' LIMIT 1
2018-01-11 20:59:25:SELECT gender FROM t_user WHERE 1 AND openid='oeDcV0Zc4eR8nIigyAVbHx0c5oAc' LIMIT 1
2018-01-11 20:59:25:SELECT * FROM t_act WHERE 1  AND is_list=1 AND end_time>1515675565 AND limit_sex IN(0,) LIMIT 0,50
2018-01-11 20:59:27:SELECT * FROM t_user WHERE 1 AND openid = 'oeDcV0Zc4eR8nIigyAVbHx0c5oAc' LIMIT 1
2018-01-11 20:59:36:SELECT * FROM t_user_money WHERE 1 AND openid="oeDcV0Zc4eR8nIigyAVbHx0c5oAc" LIMIT 1
2018-01-11 20:59:40:SELECT * FROM t_user WHERE 1 AND openid = 'oeDcV0Zc4eR8nIigyAVbHx0c5oAc' LIMIT 1
2018-01-11 21:00:19:SELECT * FROM t_user WHERE 1 AND openid = 'oeDcV0W0lW2u-WnondVku8uZZo4k' LIMIT 1
2018-01-11 21:00:26:SELECT * FROM t_user WHERE 1 AND openid = 'oeDcV0W0lW2u-WnondVku8uZZo4k' LIMIT 1
2018-01-11 21:01:21:SELECT * FROM t_user WHERE 1 AND openid = 'oeDcV0Zc4eR8nIigyAVbHx0c5oAc' LIMIT 1
2018-01-11 21:01:44:SELECT * FROM t_user WHERE 1 AND openid = 'oeDcV0Zc4eR8nIigyAVbHx0c5oAc' LIMIT 1
2018-01-11 21:03:01:SELECT * FROM t_user WHERE 1 AND openid = 'oeDcV0W0lW2u-WnondVku8uZZo4k' LIMIT 1
2018-01-11 21:03:03:SELECT gender FROM t_user WHERE 1 AND openid='oeDcV0W0lW2u-WnondVku8uZZo4k' LIMIT 1
2018-01-11 21:03:03:SELECT * FROM t_act WHERE 1  AND is_list=1 AND end_time>1515675783 AND limit_sex IN(0,2) LIMIT 0,50
2018-01-11 21:03:06:SELECT * FROM t_user_money WHERE 1 AND openid="oeDcV0W0lW2u-WnondVku8uZZo4k" LIMIT 1
2018-01-11 21:03:11:SELECT * FROM t_user_money WHERE 1 AND openid="oeDcV0W0lW2u-WnondVku8uZZo4k" LIMIT 1
2018-01-11 21:03:13:SELECT * FROM t_user WHERE 1 AND openid = 'oeDcV0W0lW2u-WnondVku8uZZo4k' LIMIT 1
2018-01-11 21:03:14:SELECT * FROM t_user_money WHERE 1 AND openid="oeDcV0W0lW2u-WnondVku8uZZo4k" LIMIT 1
2018-01-11 21:03:14:SELECT gender FROM t_user WHERE 1 AND openid='oeDcV0W0lW2u-WnondVku8uZZo4k' LIMIT 1
2018-01-11 21:03:14:SELECT * FROM t_act WHERE 1  AND is_list=1 AND end_time>1515675794 AND limit_sex IN(0,2) LIMIT 0,50
2018-01-11 21:03:15:SELECT * FROM t_user_money WHERE 1 AND openid="oeDcV0W0lW2u-WnondVku8uZZo4k" LIMIT 1
2018-01-11 21:03:16:SELECT * FROM t_user WHERE 1 AND openid = 'oeDcV0W0lW2u-WnondVku8uZZo4k' LIMIT 1
2018-01-11 21:03:30:SELECT * FROM t_user_money WHERE 1 AND openid="oeDcV0W0lW2u-WnondVku8uZZo4k" LIMIT 1
2018-01-11 21:03:37:SELECT * FROM t_user_money WHERE 1 AND openid="oeDcV0W0lW2u-WnondVku8uZZo4k" LIMIT 1
2018-01-11 21:03:43:SELECT * FROM t_user_money WHERE 1 AND openid="oeDcV0W0lW2u-WnondVku8uZZo4k" LIMIT 1
2018-01-11 21:03:44:SELECT * FROM t_user WHERE 1 AND openid = 'oeDcV0W0lW2u-WnondVku8uZZo4k' LIMIT 1
2018-01-11 21:03:45:SELECT * FROM t_user_money WHERE 1 AND openid="oeDcV0W0lW2u-WnondVku8uZZo4k" LIMIT 1
2018-01-11 21:03:47:SELECT gender FROM t_user WHERE 1 AND openid='oeDcV0W0lW2u-WnondVku8uZZo4k' LIMIT 1
2018-01-11 21:03:47:SELECT * FROM t_act WHERE 1  AND is_list=1 AND end_time>1515675827 AND limit_sex IN(0,2) LIMIT 0,50
2018-01-11 21:03:48:SELECT * FROM t_user WHERE 1 AND openid = 'oeDcV0W0lW2u-WnondVku8uZZo4k' LIMIT 1
2018-01-11 21:03:50:SELECT gender FROM t_user WHERE 1 AND openid='oeDcV0W0lW2u-WnondVku8uZZo4k' LIMIT 1
2018-01-11 21:03:50:SELECT * FROM t_act WHERE 1  AND is_list=1 AND end_time>1515675830 AND limit_sex IN(0,2) LIMIT 0,50
2018-01-11 21:03:51:SELECT * FROM t_user_money WHERE 1 AND openid="oeDcV0W0lW2u-WnondVku8uZZo4k" LIMIT 1
2018-01-11 21:03:54:SELECT * FROM t_user WHERE 1 AND openid = 'oeDcV0W0lW2u-WnondVku8uZZo4k' LIMIT 1
2018-01-11 21:04:18:SELECT * FROM t_user WHERE 1 AND openid = 'oeDcV0Zc4eR8nIigyAVbHx0c5oAc' LIMIT 1
2018-01-11 21:04:33:SELECT * FROM t_user WHERE 1 AND openid = 'oeDcV0Zc4eR8nIigyAVbHx0c5oAc' LIMIT 1
2018-01-11 21:05:16:SELECT * FROM t_user WHERE 1 AND openid = 'oeDcV0W0lW2u-WnondVku8uZZo4k' LIMIT 1
2018-01-11 21:05:34:SELECT * FROM t_user WHERE 1 AND openid = 'oeDcV0Zc4eR8nIigyAVbHx0c5oAc' LIMIT 1
2018-01-11 21:07:22:SELECT * FROM t_user WHERE 1 AND openid = 'oeDcV0Zc4eR8nIigyAVbHx0c5oAc' LIMIT 1
2018-01-11 21:07:37:SELECT * FROM t_user WHERE 1 AND openid = 'oeDcV0Zc4eR8nIigyAVbHx0c5oAc' LIMIT 1
2018-01-11 21:09:37:SELECT * FROM t_user WHERE 1 AND openid = 'oeDcV0Zc4eR8nIigyAVbHx0c5oAc' LIMIT 1
2018-01-11 21:11:18:SELECT * FROM t_user WHERE 1 AND openid = 'oeDcV0Zc4eR8nIigyAVbHx0c5oAc' LIMIT 1
2018-01-11 21:11:39:SELECT * FROM t_user WHERE 1 AND openid = 'oeDcV0Zc4eR8nIigyAVbHx0c5oAc' LIMIT 1
2018-01-11 21:12:42:SELECT * FROM t_user WHERE 1 AND openid = 'oeDcV0Zc4eR8nIigyAVbHx0c5oAc' LIMIT 1
2018-01-11 21:19:16:SELECT * FROM t_user WHERE 1 AND openid = 'oeDcV0W0lW2u-WnondVku8uZZo4k' LIMIT 1
2018-01-11 21:19:17:SELECT * FROM t_user WHERE 1 AND openid = 'oeDcV0W0lW2u-WnondVku8uZZo4k' LIMIT 1
2018-01-11 21:19:23:SELECT * FROM t_user WHERE 1 AND openid = 'oeDcV0W0lW2u-WnondVku8uZZo4k' LIMIT 1
2018-01-11 21:20:25:SELECT * FROM t_user WHERE 1 AND openid = 'oeDcV0W0lW2u-WnondVku8uZZo4k' LIMIT 1
2018-01-11 21:20:47:SELECT * FROM t_user WHERE 1 AND openid = 'oeDcV0W0lW2u-WnondVku8uZZo4k' LIMIT 1
2018-01-11 21:21:47:SELECT * FROM t_user WHERE 1 AND openid = 'oeDcV0W0lW2u-WnondVku8uZZo4k' LIMIT 1
2018-01-11 21:21:50:SELECT * FROM t_user WHERE 1 AND openid = 'oeDcV0W0lW2u-WnondVku8uZZo4k' LIMIT 1
2018-01-11 21:22:14:SELECT * FROM t_user WHERE 1 AND openid = 'oeDcV0Zc4eR8nIigyAVbHx0c5oAc' LIMIT 1
2018-01-11 21:22:56:SELECT * FROM t_user WHERE 1 AND openid = 'oeDcV0W0lW2u-WnondVku8uZZo4k' LIMIT 1
2018-01-11 21:26:09:SELECT * FROM t_user WHERE 1 AND openid = 'oeDcV0W0lW2u-WnondVku8uZZo4k' LIMIT 1
2018-01-11 21:28:53:SELECT * FROM t_user WHERE 1 AND openid = 'oeDcV0W0lW2u-WnondVku8uZZo4k' LIMIT 1
2018-01-11 21:28:56:SELECT * FROM t_user WHERE 1 AND openid = 'oeDcV0Zc4eR8nIigyAVbHx0c5oAc' LIMIT 1
2018-01-11 21:29:12:SELECT * FROM t_user WHERE 1 AND openid = 'oeDcV0Zc4eR8nIigyAVbHx0c5oAc' LIMIT 1
2018-01-11 21:29:49:SELECT * FROM t_user WHERE 1 AND openid = 'oeDcV0Zc4eR8nIigyAVbHx0c5oAc' LIMIT 1
2018-01-11 21:30:25:SELECT * FROM t_user WHERE 1 AND openid = 'oeDcV0Zc4eR8nIigyAVbHx0c5oAc' LIMIT 1
2018-01-11 21:30:49:SELECT * FROM t_user WHERE 1 AND openid = 'oeDcV0Zc4eR8nIigyAVbHx0c5oAc' LIMIT 1
2018-01-11 21:33:38:SELECT * FROM t_user WHERE 1 AND openid = 'oeDcV0Zc4eR8nIigyAVbHx0c5oAc' LIMIT 1
2018-01-11 21:36:22:SELECT * FROM t_user WHERE 1 AND openid = 'oeDcV0W0lW2u-WnondVku8uZZo4k' LIMIT 1
2018-01-11 21:36:31:SELECT * FROM t_user WHERE 1 AND openid = 'oeDcV0Zc4eR8nIigyAVbHx0c5oAc' LIMIT 1
2018-01-11 21:36:45:SELECT * FROM t_user WHERE 1 AND openid = 'oeDcV0Zc4eR8nIigyAVbHx0c5oAc' LIMIT 1
2018-01-11 21:36:53:SELECT * FROM t_user WHERE 1 AND openid = 'oeDcV0Zc4eR8nIigyAVbHx0c5oAc' LIMIT 1
2018-01-11 21:37:18:SELECT * FROM t_user WHERE 1 AND openid = 'oeDcV0TIhZCvU1UFnqrdS_fKJxW0' LIMIT 1
2018-01-11 21:37:22:SELECT * FROM t_user WHERE 1 AND openid = 'oeDcV0TIhZCvU1UFnqrdS_fKJxW0' LIMIT 1
2018-01-11 21:37:42:SELECT * FROM t_user WHERE 1 AND openid = 'oeDcV0TIhZCvU1UFnqrdS_fKJxW0' LIMIT 1
2018-01-11 21:37:43:SELECT * FROM t_user WHERE 1 AND openid = 'oeDcV0Zc4eR8nIigyAVbHx0c5oAc' LIMIT 1
2018-01-11 21:37:51:SELECT * FROM t_user WHERE 1 AND openid = 'oeDcV0Zc4eR8nIigyAVbHx0c5oAc' LIMIT 1
2018-01-11 21:37:54:SELECT * FROM t_user WHERE 1 AND openid = 'oeDcV0TIhZCvU1UFnqrdS_fKJxW0' LIMIT 1
2018-01-11 21:37:58:SELECT * FROM t_user WHERE 1 AND openid = 'oeDcV0TIhZCvU1UFnqrdS_fKJxW0' LIMIT 1
2018-01-11 21:39:38:SELECT * FROM t_user WHERE 1 AND openid = 'oeDcV0Zc4eR8nIigyAVbHx0c5oAc' LIMIT 1
2018-01-11 21:39:51:SELECT * FROM t_user WHERE 1 AND openid = 'oeDcV0Zc4eR8nIigyAVbHx0c5oAc' LIMIT 1
2018-01-11 21:40:26:SELECT * FROM t_user WHERE 1 AND openid = 'oeDcV0Zc4eR8nIigyAVbHx0c5oAc' LIMIT 1
2018-01-11 21:40:32:SELECT * FROM t_user WHERE 1 AND openid = 'oeDcV0Zc4eR8nIigyAVbHx0c5oAc' LIMIT 1
2018-01-11 21:40:57:SELECT * FROM t_user WHERE 1 AND openid = 'oeDcV0Zc4eR8nIigyAVbHx0c5oAc' LIMIT 1
2018-01-11 21:41:04:SELECT * FROM t_user WHERE 1 AND openid = 'oeDcV0W0lW2u-WnondVku8uZZo4k' LIMIT 1
2018-01-11 21:41:08:SELECT * FROM t_user WHERE 1 AND openid = 'oeDcV0Zc4eR8nIigyAVbHx0c5oAc' LIMIT 1
2018-01-11 21:41:22:SELECT * FROM t_user_money WHERE 1 AND openid="oeDcV0Zc4eR8nIigyAVbHx0c5oAc" LIMIT 1
2018-01-11 21:41:24:SELECT * FROM t_user WHERE 1 AND openid = 'oeDcV0Zc4eR8nIigyAVbHx0c5oAc' LIMIT 1
2018-01-11 21:41:27:SELECT gender FROM t_user WHERE 1 AND openid='oeDcV0Zc4eR8nIigyAVbHx0c5oAc' LIMIT 1
2018-01-11 21:41:27:SELECT * FROM t_act WHERE 1  AND is_list=1 AND end_time>1515678087 AND limit_sex IN(0,) LIMIT 0,50
2018-01-11 21:41:28:SELECT * FROM t_user WHERE 1 AND openid = 'oeDcV0Zc4eR8nIigyAVbHx0c5oAc' LIMIT 1
2018-01-11 21:41:34:SELECT * FROM t_user WHERE 1 AND openid = 'oeDcV0Zc4eR8nIigyAVbHx0c5oAc' LIMIT 1
2018-01-11 21:41:57:SELECT * FROM t_user WHERE 1 AND openid = 'oeDcV0Zc4eR8nIigyAVbHx0c5oAc' LIMIT 1
2018-01-11 21:42:15:SELECT * FROM t_user WHERE 1 AND openid = 'oeDcV0Zc4eR8nIigyAVbHx0c5oAc' LIMIT 1
2018-01-11 21:42:35:SELECT * FROM t_user WHERE 1 AND openid = 'oeDcV0Zc4eR8nIigyAVbHx0c5oAc' LIMIT 1
2018-01-11 21:42:58:SELECT * FROM t_user_money WHERE 1 AND openid="oeDcV0W0lW2u-WnondVku8uZZo4k" LIMIT 1
2018-01-11 21:43:03:SELECT * FROM t_user_money WHERE 1 AND openid="oeDcV0W0lW2u-WnondVku8uZZo4k" LIMIT 1
2018-01-11 21:43:08:SELECT * FROM t_user_money WHERE 1 AND openid="oeDcV0W0lW2u-WnondVku8uZZo4k" LIMIT 1
2018-01-11 21:43:41:SELECT * FROM t_user_money WHERE 1 AND openid="oeDcV0W0lW2u-WnondVku8uZZo4k" LIMIT 1
2018-01-11 21:43:51:SELECT * FROM t_user WHERE 1 AND openid = 'oeDcV0Zc4eR8nIigyAVbHx0c5oAc' LIMIT 1
2018-01-11 21:44:15:SELECT * FROM t_user WHERE 1 AND openid = 'oeDcV0Zc4eR8nIigyAVbHx0c5oAc' LIMIT 1
2018-01-11 21:46:20:SELECT * FROM t_user WHERE 1 AND openid = 'oeDcV0Zc4eR8nIigyAVbHx0c5oAc' LIMIT 1
2018-01-11 21:46:20:SELECT * FROM t_user WHERE 1 AND openid = 'oeDcV0Zc4eR8nIigyAVbHx0c5oAc' LIMIT 1
2018-01-11 21:47:51:SELECT * FROM t_user WHERE 1 AND openid = 'oeDcV0W0lW2u-WnondVku8uZZo4k' LIMIT 1
2018-01-11 21:48:51:SELECT * FROM t_user WHERE 1 AND openid = 'oeDcV0W0lW2u-WnondVku8uZZo4k' LIMIT 1
2018-01-11 21:49:02:SELECT * FROM t_user WHERE 1 AND openid = 'oeDcV0W0lW2u-WnondVku8uZZo4k' LIMIT 1
2018-01-11 21:49:38:SELECT * FROM t_user WHERE 1 AND openid = 'oeDcV0Zc4eR8nIigyAVbHx0c5oAc' LIMIT 1
2018-01-11 21:49:41:SELECT * FROM t_user WHERE 1 AND openid = 'oeDcV0Zc4eR8nIigyAVbHx0c5oAc' LIMIT 1
2018-01-11 21:50:17:SELECT * FROM t_user WHERE 1 AND openid = 'oeDcV0Zc4eR8nIigyAVbHx0c5oAc' LIMIT 1
2018-01-11 21:50:21:SELECT id FROM t_user WHERE 1 AND openid = 'oeDcV0Zc4eR8nIigyAVbHx0c5oAc' LIMIT 1
2018-01-11 21:50:27:SELECT * FROM t_user WHERE 1 AND openid = 'oeDcV0Zc4eR8nIigyAVbHx0c5oAc' LIMIT 1
2018-01-11 21:51:11:SELECT * FROM t_user WHERE 1 AND openid = 'oeDcV0TIhZCvU1UFnqrdS_fKJxW0' LIMIT 1
2018-01-11 21:51:19:SELECT * FROM t_user WHERE 1 AND openid = 'oeDcV0TIhZCvU1UFnqrdS_fKJxW0' LIMIT 1
2018-01-11 21:52:12:SELECT * FROM t_user WHERE 1 AND openid = 'oeDcV0W0lW2u-WnondVku8uZZo4k' LIMIT 1
2018-01-11 21:52:21:SELECT * FROM t_user WHERE 1 AND openid = 'oeDcV0TIhZCvU1UFnqrdS_fKJxW0' LIMIT 1
2018-01-11 21:52:23:SELECT * FROM t_user WHERE 1 AND openid = 'oeDcV0TIhZCvU1UFnqrdS_fKJxW0' LIMIT 1
2018-01-11 21:53:01:SELECT * FROM t_user WHERE 1 AND openid = 'oeDcV0W0lW2u-WnondVku8uZZo4k' LIMIT 1
2018-01-11 21:53:20:SELECT * FROM t_user WHERE 1 AND openid = 'oeDcV0W0lW2u-WnondVku8uZZo4k' LIMIT 1
2018-01-11 21:53:28:SELECT * FROM t_user WHERE 1 AND openid = 'oeDcV0W0lW2u-WnondVku8uZZo4k' LIMIT 1
2018-01-11 21:53:37:SELECT * FROM t_user WHERE 1 AND openid = 'oeDcV0TIhZCvU1UFnqrdS_fKJxW0' LIMIT 1
2018-01-11 21:53:41:SELECT * FROM t_user WHERE 1 AND openid = 'oeDcV0TIhZCvU1UFnqrdS_fKJxW0' LIMIT 1
2018-01-11 21:54:24:SELECT * FROM t_user WHERE 1 AND openid = 'oeDcV0Zc4eR8nIigyAVbHx0c5oAc' LIMIT 1
2018-01-11 21:54:25:SELECT * FROM t_user WHERE 1 AND openid = 'oeDcV0Zc4eR8nIigyAVbHx0c5oAc' LIMIT 1
2018-01-11 21:54:57:SELECT * FROM t_user WHERE 1 AND openid = 'oeDcV0W0lW2u-WnondVku8uZZo4k' LIMIT 1
2018-01-11 21:55:00:SELECT * FROM t_user WHERE 1 AND openid = 'oeDcV0W0lW2u-WnondVku8uZZo4k' LIMIT 1
2018-01-11 21:55:05:SELECT * FROM t_user WHERE 1 AND openid = 'oeDcV0TIhZCvU1UFnqrdS_fKJxW0' LIMIT 1
2018-01-11 21:55:17:SELECT * FROM t_user WHERE 1 AND openid = 'oeDcV0TIhZCvU1UFnqrdS_fKJxW0' LIMIT 1
2018-01-11 21:55:20:SELECT * FROM t_user WHERE 1 AND openid = 'oeDcV0TIhZCvU1UFnqrdS_fKJxW0' LIMIT 1
2018-01-11 21:56:39:SELECT * FROM t_user WHERE 1 AND openid = 'oeDcV0W0lW2u-WnondVku8uZZo4k' LIMIT 1
2018-01-11 21:56:47:SELECT * FROM t_user WHERE 1 AND openid = 'oeDcV0TIhZCvU1UFnqrdS_fKJxW0' LIMIT 1
2018-01-11 21:56:52:SELECT * FROM t_user WHERE 1 AND openid = 'oeDcV0TIhZCvU1UFnqrdS_fKJxW0' LIMIT 1
2018-01-11 21:58:21:SELECT * FROM t_user WHERE 1 AND openid = 'oeDcV0W0lW2u-WnondVku8uZZo4k' LIMIT 1
2018-01-11 21:58:34:SELECT * FROM t_user WHERE 1 AND openid = 'oeDcV0TIhZCvU1UFnqrdS_fKJxW0' LIMIT 1
2018-01-11 21:58:39:SELECT * FROM t_user WHERE 1 AND openid = 'oeDcV0TIhZCvU1UFnqrdS_fKJxW0' LIMIT 1
2018-01-11 22:01:15:SELECT * FROM t_user WHERE 1 AND openid = 'oeDcV0W0lW2u-WnondVku8uZZo4k' LIMIT 1
2018-01-11 22:01:25:SELECT * FROM t_user WHERE 1 AND openid = 'oeDcV0TIhZCvU1UFnqrdS_fKJxW0' LIMIT 1
2018-01-11 22:01:30:SELECT * FROM t_user WHERE 1 AND openid = 'oeDcV0TIhZCvU1UFnqrdS_fKJxW0' LIMIT 1
2018-01-11 22:02:22:SELECT * FROM t_user WHERE 1 AND openid = 'oeDcV0TIhZCvU1UFnqrdS_fKJxW0' LIMIT 1
2018-01-11 22:02:26:SELECT * FROM t_user WHERE 1 AND openid = 'oeDcV0TIhZCvU1UFnqrdS_fKJxW0' LIMIT 1
2018-01-11 22:03:04:SELECT * FROM t_user WHERE 1 AND openid = 'oeDcV0TIhZCvU1UFnqrdS_fKJxW0' LIMIT 1
2018-01-11 22:03:09:SELECT * FROM t_user WHERE 1 AND openid = 'oeDcV0TIhZCvU1UFnqrdS_fKJxW0' LIMIT 1
2018-01-11 22:03:22:SELECT * FROM t_user WHERE 1 AND openid = 'oeDcV0W0lW2u-WnondVku8uZZo4k' LIMIT 1
2018-01-11 22:03:25:SELECT * FROM t_user WHERE 1 AND openid = 'oeDcV0TIhZCvU1UFnqrdS_fKJxW0' LIMIT 1
2018-01-11 22:03:25:SELECT gender FROM t_user WHERE 1 AND openid='oeDcV0W0lW2u-WnondVku8uZZo4k' LIMIT 1
2018-01-11 22:03:26:SELECT * FROM t_act WHERE 1  AND is_list=1 AND end_time>1515679406 AND limit_sex IN(0,2) LIMIT 0,50
2018-01-11 22:03:27:SELECT * FROM t_user WHERE 1 AND openid = 'oeDcV0W0lW2u-WnondVku8uZZo4k' LIMIT 1
2018-01-11 22:03:31:SELECT * FROM t_user WHERE 1 AND openid = 'oeDcV0W0lW2u-WnondVku8uZZo4k' LIMIT 1
2018-01-11 22:05:01:SELECT * FROM t_user WHERE 1 AND openid = 'oeDcV0TIhZCvU1UFnqrdS_fKJxW0' LIMIT 1
2018-01-11 22:05:02:SELECT gender FROM t_user WHERE 1 AND openid='oeDcV0TIhZCvU1UFnqrdS_fKJxW0' LIMIT 1
2018-01-11 22:05:02:SELECT * FROM t_act WHERE 1  AND is_list=1 AND end_time>1515679502 AND limit_sex IN(0,1) LIMIT 0,50
2018-01-11 22:05:08:SELECT * FROM t_user WHERE 1 AND openid = 'oeDcV0TIhZCvU1UFnqrdS_fKJxW0' LIMIT 1
2018-01-11 22:05:11:SELECT * FROM t_user WHERE 1 AND openid = 'oeDcV0TIhZCvU1UFnqrdS_fKJxW0' LIMIT 1
2018-01-11 22:06:21:SELECT gender FROM t_user WHERE 1 AND openid='oeDcV0TIhZCvU1UFnqrdS_fKJxW0' LIMIT 1
2018-01-11 22:06:21:SELECT * FROM t_act_group WHERE 1 AND act_id=35
2018-01-11 22:06:21:SELECT * FROM t_act WHERE 1 AND id=35 LIMIT 1
2018-01-11 22:06:21:SELECT * FROM t_act_pic WHERE 1 AND act_id=35
2018-01-11 22:06:21:SELECT * FROM t_user WHERE 1 AND openid='oeDcV0TIhZCvU1UFnqrdS_fKJxW0' LIMIT 1
2018-01-11 22:06:21:SELECT count(*) num FROM t_act_user WHERE 1 AND act_id=35 AND openid='oeDcV0TIhZCvU1UFnqrdS_fKJxW0' AND group_id=332 LIMIT 1
2018-01-11 22:06:21:SELECT * FROM t_act_user WHERE 1 AND act_id=35 AND group_id=332 order by use_time ASC, create_time ASC
2018-01-11 22:06:54:SELECT * FROM t_user WHERE 1 AND openid = 'oeDcV0TIhZCvU1UFnqrdS_fKJxW0' LIMIT 1
2018-01-11 22:06:55:SELECT gender FROM t_user WHERE 1 AND openid='oeDcV0TIhZCvU1UFnqrdS_fKJxW0' LIMIT 1
2018-01-11 22:06:55:SELECT * FROM t_act WHERE 1  AND is_list=1 AND end_time>1515679615 AND limit_sex IN(0,1) LIMIT 0,50
2018-01-11 22:07:32:SELECT * FROM t_user WHERE 1 AND openid = 'oeDcV0Zc4eR8nIigyAVbHx0c5oAc' LIMIT 1
2018-01-11 22:07:32:SELECT id FROM t_user WHERE 1 AND openid = 'oeDcV0Zc4eR8nIigyAVbHx0c5oAc' LIMIT 1
2018-01-11 22:07:37:SELECT * FROM t_user WHERE 1 AND openid = 'oeDcV0Zc4eR8nIigyAVbHx0c5oAc' LIMIT 1
2018-01-11 22:08:17:SELECT * FROM t_user WHERE 1 AND openid = 'oeDcV0W0lW2u-WnondVku8uZZo4k' LIMIT 1
2018-01-11 22:08:18:SELECT gender FROM t_user WHERE 1 AND openid='oeDcV0TIhZCvU1UFnqrdS_fKJxW0' LIMIT 1
2018-01-11 22:08:18:SELECT * FROM t_act WHERE 1  AND is_list=1 AND end_time>1515679698 AND limit_sex IN(0,1) LIMIT 0,50
2018-01-11 22:08:19:SELECT * FROM t_user_money WHERE 1 AND openid="oeDcV0TIhZCvU1UFnqrdS_fKJxW0" LIMIT 1
2018-01-11 22:08:22:SELECT * FROM t_user WHERE 1 AND openid = 'oeDcV0TIhZCvU1UFnqrdS_fKJxW0' LIMIT 1
2018-01-11 22:08:28:SELECT * FROM t_user WHERE 1 AND openid = 'oeDcV0W0lW2u-WnondVku8uZZo4k' LIMIT 1
2018-01-11 22:09:00:SELECT id FROM t_user WHERE 1 AND openid = 'oeDcV0TIhZCvU1UFnqrdS_fKJxW0' LIMIT 1
2018-01-11 22:09:02:SELECT * FROM t_user_money WHERE 1 AND openid="oeDcV0TIhZCvU1UFnqrdS_fKJxW0" LIMIT 1
2018-01-11 22:09:03:SELECT gender FROM t_user WHERE 1 AND openid='oeDcV0TIhZCvU1UFnqrdS_fKJxW0' LIMIT 1
2018-01-11 22:09:03:SELECT * FROM t_act WHERE 1  AND is_list=1 AND end_time>1515679743 AND limit_sex IN(0,1) LIMIT 0,50
2018-01-11 22:09:04:SELECT gender FROM t_user WHERE 1 AND openid='oeDcV0TIhZCvU1UFnqrdS_fKJxW0' LIMIT 1
2018-01-11 22:09:04:SELECT * FROM t_act_group WHERE 1 AND act_id=35
2018-01-11 22:09:04:SELECT * FROM t_act WHERE 1 AND id=35 LIMIT 1
2018-01-11 22:09:04:SELECT * FROM t_act_pic WHERE 1 AND act_id=35
2018-01-11 22:09:04:SELECT * FROM t_user WHERE 1 AND openid='oeDcV0TIhZCvU1UFnqrdS_fKJxW0' LIMIT 1
2018-01-11 22:09:04:SELECT count(*) num FROM t_act_user WHERE 1 AND act_id=35 AND openid='oeDcV0TIhZCvU1UFnqrdS_fKJxW0' AND group_id=332 LIMIT 1
2018-01-11 22:09:04:SELECT * FROM t_act_user WHERE 1 AND act_id=35 AND group_id=332 order by use_time ASC, create_time ASC
2018-01-11 22:09:25:SELECT gender FROM t_user WHERE 1 AND openid='oeDcV0W0lW2u-WnondVku8uZZo4k' LIMIT 1
2018-01-11 22:09:25:SELECT * FROM t_act_group WHERE 1 AND act_id=36
2018-01-11 22:09:25:SELECT * FROM t_act WHERE 1 AND id=36 LIMIT 1
2018-01-11 22:09:25:SELECT * FROM t_act_pic WHERE 1 AND act_id=36
2018-01-11 22:09:25:SELECT * FROM t_user WHERE 1 AND openid='oeDcV0W0lW2u-WnondVku8uZZo4k' LIMIT 1
2018-01-11 22:09:25:SELECT count(*) num FROM t_act_user WHERE 1 AND act_id=36 AND openid='oeDcV0W0lW2u-WnondVku8uZZo4k' AND group_id=342 LIMIT 1
2018-01-11 22:09:25:SELECT * FROM t_act_user WHERE 1 AND act_id=36 AND group_id=342 order by use_time ASC, create_time ASC
2018-01-11 22:09:27:SELECT gender FROM t_user WHERE 1 AND openid='oeDcV0TIhZCvU1UFnqrdS_fKJxW0' LIMIT 1
2018-01-11 22:09:27:SELECT * FROM t_act WHERE 1  AND is_list=1 AND end_time>1515679767 AND limit_sex IN(0,1) LIMIT 0,50
2018-01-11 22:09:28:SELECT * FROM t_user_money WHERE 1 AND openid="oeDcV0TIhZCvU1UFnqrdS_fKJxW0" LIMIT 1
2018-01-11 22:09:29:SELECT * FROM t_user WHERE 1 AND openid = 'oeDcV0TIhZCvU1UFnqrdS_fKJxW0' LIMIT 1
2018-01-11 22:09:40:SELECT gender FROM t_user WHERE 1 AND openid='oeDcV0W0lW2u-WnondVku8uZZo4k' LIMIT 1
2018-01-11 22:09:40:SELECT * FROM t_act_group WHERE 1 AND act_id=36
2018-01-11 22:09:41:SELECT * FROM t_act WHERE 1 AND id=36 LIMIT 1
2018-01-11 22:09:41:SELECT * FROM t_act_pic WHERE 1 AND act_id=36
2018-01-11 22:09:41:SELECT * FROM t_user WHERE 1 AND openid='oeDcV0W0lW2u-WnondVku8uZZo4k' LIMIT 1
2018-01-11 22:09:41:SELECT count(*) num FROM t_act_user WHERE 1 AND act_id=36 AND openid='oeDcV0W0lW2u-WnondVku8uZZo4k' AND group_id=342 LIMIT 1
2018-01-11 22:09:41:SELECT * FROM t_act_user WHERE 1 AND act_id=36 AND group_id=342 order by use_time ASC, create_time ASC
2018-01-11 22:09:43:SELECT * FROM t_user WHERE 1 AND openid = 'oeDcV0W0lW2u-WnondVku8uZZo4k' LIMIT 1
2018-01-11 22:09:44:SELECT gender FROM t_user WHERE 1 AND openid='oeDcV0W0lW2u-WnondVku8uZZo4k' LIMIT 1
2018-01-11 22:09:44:SELECT * FROM t_act WHERE 1  AND is_list=1 AND end_time>1515679784 AND limit_sex IN(0,2) LIMIT 0,50
2018-01-11 22:09:53:SELECT id FROM t_user WHERE 1 AND openid = 'oeDcV0TIhZCvU1UFnqrdS_fKJxW0' LIMIT 1
2018-01-11 22:09:56:SELECT * FROM t_user_money WHERE 1 AND openid="oeDcV0TIhZCvU1UFnqrdS_fKJxW0" LIMIT 1
2018-01-11 22:09:58:SELECT gender FROM t_user WHERE 1 AND openid='oeDcV0TIhZCvU1UFnqrdS_fKJxW0' LIMIT 1
2018-01-11 22:09:58:SELECT * FROM t_act WHERE 1  AND is_list=1 AND end_time>1515679798 AND limit_sex IN(0,1) LIMIT 0,50
2018-01-11 22:10:05:SELECT * FROM t_user WHERE 1 AND openid = 'oeDcV0W0lW2u-WnondVku8uZZo4k' LIMIT 1
2018-01-11 22:10:07:SELECT gender FROM t_user WHERE 1 AND openid='oeDcV0W0lW2u-WnondVku8uZZo4k' LIMIT 1
2018-01-11 22:10:07:SELECT * FROM t_act WHERE 1  AND is_list=1 AND end_time>1515679807 AND limit_sex IN(0,2) LIMIT 0,50
2018-01-11 22:10:31:SELECT * FROM t_user_money WHERE 1 AND openid="oeDcV0TIhZCvU1UFnqrdS_fKJxW0" LIMIT 1
2018-01-11 22:10:32:SELECT gender FROM t_user WHERE 1 AND openid='oeDcV0TIhZCvU1UFnqrdS_fKJxW0' LIMIT 1
2018-01-11 22:10:32:SELECT * FROM t_act WHERE 1  AND is_list=1 AND end_time>1515679832 AND limit_sex IN(0,1) LIMIT 0,50
2018-01-11 22:10:33:SELECT * FROM t_user_money WHERE 1 AND openid="oeDcV0TIhZCvU1UFnqrdS_fKJxW0" LIMIT 1
2018-01-11 22:10:33:SELECT gender FROM t_user WHERE 1 AND openid='oeDcV0TIhZCvU1UFnqrdS_fKJxW0' LIMIT 1
2018-01-11 22:10:33:SELECT * FROM t_act WHERE 1  AND is_list=1 AND end_time>1515679833 AND limit_sex IN(0,1) LIMIT 0,50
2018-01-11 22:12:30:SELECT gender FROM t_user WHERE 1 AND openid='oeDcV0TIhZCvU1UFnqrdS_fKJxW0' LIMIT 1
2018-01-11 22:12:30:SELECT * FROM t_act WHERE 1  AND is_list=1 AND end_time>1515679950 AND limit_sex IN(0,1) order by use_time DESC LIMIT 0,50
2018-01-11 22:12:30:SELECT gender FROM t_user WHERE 1 AND openid='oeDcV0TIhZCvU1UFnqrdS_fKJxW0' LIMIT 1
2018-01-11 22:12:30:SELECT * FROM t_act WHERE 1  AND is_list=1 AND end_time>1515679950 AND limit_sex IN(0,1) order by use_time DESC LIMIT 0,50
2018-01-11 22:12:34:SELECT * FROM t_user_money WHERE 1 AND openid="oeDcV0TIhZCvU1UFnqrdS_fKJxW0" LIMIT 1
2018-01-11 22:12:35:SELECT gender FROM t_user WHERE 1 AND openid='oeDcV0TIhZCvU1UFnqrdS_fKJxW0' LIMIT 1
2018-01-11 22:12:35:SELECT * FROM t_act WHERE 1  AND is_list=1 AND end_time>1515679955 AND limit_sex IN(0,1) order by use_time DESC LIMIT 0,50
2018-01-11 22:12:36:SELECT gender FROM t_user WHERE 1 AND openid='oeDcV0W0lW2u-WnondVku8uZZo4k' LIMIT 1
2018-01-11 22:12:36:SELECT * FROM t_act WHERE 1  AND is_list=1 AND end_time>1515679956 AND limit_sex IN(0,2) order by use_time DESC LIMIT 0,50
2018-01-11 22:12:36:SELECT * FROM t_user WHERE 1 AND openid = 'oeDcV0TIhZCvU1UFnqrdS_fKJxW0' LIMIT 1
2018-01-11 22:12:39:SELECT * FROM t_user WHERE 1 AND openid = 'oeDcV0TIhZCvU1UFnqrdS_fKJxW0' LIMIT 1
2018-01-11 22:12:40:SELECT gender FROM t_user WHERE 1 AND openid='oeDcV0TIhZCvU1UFnqrdS_fKJxW0' LIMIT 1
2018-01-11 22:12:40:SELECT * FROM t_act WHERE 1  AND is_list=1 AND end_time>1515679960 AND limit_sex IN(0,1) order by use_time DESC LIMIT 0,50
2018-01-11 22:12:43:SELECT * FROM t_user WHERE 1 AND openid = 'oeDcV0W0lW2u-WnondVku8uZZo4k' LIMIT 1
2018-01-11 22:12:44:SELECT gender FROM t_user WHERE 1 AND openid='oeDcV0W0lW2u-WnondVku8uZZo4k' LIMIT 1
2018-01-11 22:12:44:SELECT * FROM t_act WHERE 1  AND is_list=1 AND end_time>1515679964 AND limit_sex IN(0,2) order by use_time DESC LIMIT 0,50
2018-01-11 22:12:58:SELECT gender FROM t_user WHERE 1 AND openid='oeDcV0W0lW2u-WnondVku8uZZo4k' LIMIT 1
2018-01-11 22:12:58:SELECT * FROM t_act WHERE 1  AND is_list=1 AND end_time>1515679978 AND limit_sex IN(0,2) order by use_time DESC LIMIT 0,50
2018-01-11 22:13:17:SELECT * FROM t_user_money WHERE 1 AND openid="oeDcV0TIhZCvU1UFnqrdS_fKJxW0" LIMIT 1
2018-01-11 22:13:17:SELECT gender FROM t_user WHERE 1 AND openid='oeDcV0TIhZCvU1UFnqrdS_fKJxW0' LIMIT 1
2018-01-11 22:13:17:SELECT * FROM t_act WHERE 1  AND is_list=1 AND end_time>1515679997 AND limit_sex IN(0,1) order by create_time DESC LIMIT 0,50
2018-01-11 22:13:19:SELECT * FROM t_user_money WHERE 1 AND openid="oeDcV0TIhZCvU1UFnqrdS_fKJxW0" LIMIT 1
2018-01-11 22:13:19:SELECT gender FROM t_user WHERE 1 AND openid='oeDcV0TIhZCvU1UFnqrdS_fKJxW0' LIMIT 1
2018-01-11 22:13:19:SELECT * FROM t_act WHERE 1  AND is_list=1 AND end_time>1515679999 AND limit_sex IN(0,1) order by create_time DESC LIMIT 0,50
2018-01-11 22:13:21:SELECT * FROM t_user_money WHERE 1 AND openid="oeDcV0TIhZCvU1UFnqrdS_fKJxW0" LIMIT 1
2018-01-11 22:13:21:SELECT * FROM t_user WHERE 1 AND openid = 'oeDcV0TIhZCvU1UFnqrdS_fKJxW0' LIMIT 1
2018-01-11 22:13:22:SELECT gender FROM t_user WHERE 1 AND openid='oeDcV0TIhZCvU1UFnqrdS_fKJxW0' LIMIT 1
2018-01-11 22:13:22:SELECT * FROM t_act WHERE 1  AND is_list=1 AND end_time>1515680002 AND limit_sex IN(0,1) order by create_time DESC LIMIT 0,50
2018-01-11 22:13:23:SELECT * FROM t_user_money WHERE 1 AND openid="oeDcV0TIhZCvU1UFnqrdS_fKJxW0" LIMIT 1
2018-01-11 22:13:23:SELECT gender FROM t_user WHERE 1 AND openid='oeDcV0TIhZCvU1UFnqrdS_fKJxW0' LIMIT 1
2018-01-11 22:13:23:SELECT * FROM t_act WHERE 1  AND is_list=1 AND end_time>1515680003 AND limit_sex IN(0,1) order by create_time DESC LIMIT 0,50
2018-01-11 22:13:24:SELECT * FROM t_user_money WHERE 1 AND openid="oeDcV0TIhZCvU1UFnqrdS_fKJxW0" LIMIT 1
2018-01-11 22:13:25:SELECT gender FROM t_user WHERE 1 AND openid='oeDcV0TIhZCvU1UFnqrdS_fKJxW0' LIMIT 1
2018-01-11 22:13:25:SELECT * FROM t_act WHERE 1  AND is_list=1 AND end_time>1515680005 AND limit_sex IN(0,1) order by create_time DESC LIMIT 0,50
2018-01-11 22:13:27:SELECT * FROM t_user WHERE 1 AND openid = 'oeDcV0W0lW2u-WnondVku8uZZo4k' LIMIT 1
2018-01-11 22:13:27:SELECT gender FROM t_user WHERE 1 AND openid='oeDcV0TIhZCvU1UFnqrdS_fKJxW0' LIMIT 1
2018-01-11 22:13:27:SELECT * FROM t_act WHERE 1  AND is_list=1 AND end_time>1515680007 AND limit_sex IN(0,1) order by create_time DESC LIMIT 0,50
2018-01-11 22:13:27:SELECT gender FROM t_user WHERE 1 AND openid='oeDcV0W0lW2u-WnondVku8uZZo4k' LIMIT 1
2018-01-11 22:13:27:SELECT * FROM t_act WHERE 1  AND is_list=1 AND end_time>1515680007 AND limit_sex IN(0,2) order by create_time DESC LIMIT 0,50
2018-01-11 22:13:28:SELECT * FROM t_user_money WHERE 1 AND openid="oeDcV0TIhZCvU1UFnqrdS_fKJxW0" LIMIT 1
2018-01-11 22:13:29:SELECT * FROM t_user_money WHERE 1 AND openid="oeDcV0W0lW2u-WnondVku8uZZo4k" LIMIT 1
2018-01-11 22:13:29:SELECT gender FROM t_user WHERE 1 AND openid='oeDcV0W0lW2u-WnondVku8uZZo4k' LIMIT 1
2018-01-11 22:13:29:SELECT * FROM t_act WHERE 1  AND is_list=1 AND end_time>1515680009 AND limit_sex IN(0,2) order by create_time DESC LIMIT 0,50
2018-01-11 22:13:30:SELECT * FROM t_user WHERE 1 AND openid = 'oeDcV0W0lW2u-WnondVku8uZZo4k' LIMIT 1
2018-01-11 22:13:31:SELECT gender FROM t_user WHERE 1 AND openid='oeDcV0W0lW2u-WnondVku8uZZo4k' LIMIT 1
2018-01-11 22:13:31:SELECT * FROM t_act WHERE 1  AND is_list=1 AND end_time>1515680011 AND limit_sex IN(0,2) order by create_time DESC LIMIT 0,50
2018-01-11 22:13:32:SELECT * FROM t_user_money WHERE 1 AND openid="oeDcV0TIhZCvU1UFnqrdS_fKJxW0" LIMIT 1
2018-01-11 22:13:33:SELECT gender FROM t_user WHERE 1 AND openid='oeDcV0TIhZCvU1UFnqrdS_fKJxW0' LIMIT 1
2018-01-11 22:13:33:SELECT * FROM t_act WHERE 1  AND is_list=1 AND end_time>1515680013 AND limit_sex IN(0,1) order by create_time DESC LIMIT 0,50
2018-01-11 22:13:42:SELECT * FROM t_user WHERE 1 AND openid = 'oeDcV0W0lW2u-WnondVku8uZZo4k' LIMIT 1
2018-01-11 22:13:44:SELECT gender FROM t_user WHERE 1 AND openid='oeDcV0W0lW2u-WnondVku8uZZo4k' LIMIT 1
2018-01-11 22:13:44:SELECT * FROM t_act WHERE 1  AND is_list=1 AND end_time>1515680024 AND limit_sex IN(0,2) order by create_time DESC LIMIT 0,50
2018-01-11 22:13:46:SELECT * FROM t_user WHERE 1 AND openid = 'oeDcV0W0lW2u-WnondVku8uZZo4k' LIMIT 1
2018-01-11 22:13:47:SELECT gender FROM t_user WHERE 1 AND openid='oeDcV0W0lW2u-WnondVku8uZZo4k' LIMIT 1
2018-01-11 22:13:47:SELECT * FROM t_act WHERE 1  AND is_list=1 AND end_time>1515680027 AND limit_sex IN(0,2) order by create_time DESC LIMIT 0,50
2018-01-11 22:13:48:SELECT * FROM t_user WHERE 1 AND openid = 'oeDcV0W0lW2u-WnondVku8uZZo4k' LIMIT 1
2018-01-11 22:13:49:SELECT gender FROM t_user WHERE 1 AND openid='oeDcV0W0lW2u-WnondVku8uZZo4k' LIMIT 1
2018-01-11 22:13:49:SELECT * FROM t_act WHERE 1  AND is_list=1 AND end_time>1515680029 AND limit_sex IN(0,2) order by create_time DESC LIMIT 0,50
2018-01-11 22:13:57:SELECT * FROM t_user_money WHERE 1 AND openid="oeDcV0TIhZCvU1UFnqrdS_fKJxW0" LIMIT 1
2018-01-11 22:13:58:SELECT gender FROM t_user WHERE 1 AND openid='oeDcV0TIhZCvU1UFnqrdS_fKJxW0' LIMIT 1
2018-01-11 22:13:58:SELECT * FROM t_act WHERE 1  AND is_list=1 AND end_time>1515680038 AND limit_sex IN(0,1) order by create_time DESC LIMIT 0,50
2018-01-11 22:14:01:SELECT gender FROM t_user WHERE 1 AND openid='oeDcV0TIhZCvU1UFnqrdS_fKJxW0' LIMIT 1
2018-01-11 22:14:01:SELECT * FROM t_act WHERE 1  AND is_list=1 AND end_time>1515680041 AND limit_sex IN(0,1) order by create_time DESC LIMIT 0,50
2018-01-11 22:14:09:SELECT * FROM t_user WHERE 1 AND openid = 'oeDcV0W0lW2u-WnondVku8uZZo4k' LIMIT 1
2018-01-11 22:14:09:SELECT gender FROM t_user WHERE 1 AND openid='oeDcV0W0lW2u-WnondVku8uZZo4k' LIMIT 1
2018-01-11 22:14:09:SELECT * FROM t_act WHERE 1  AND is_list=1 AND end_time>1515680049 AND limit_sex IN(0,2) order by create_time DESC LIMIT 0,50
2018-01-11 22:14:10:SELECT * FROM t_user_money WHERE 1 AND openid="oeDcV0W0lW2u-WnondVku8uZZo4k" LIMIT 1
2018-01-11 22:14:11:SELECT gender FROM t_user WHERE 1 AND openid='oeDcV0W0lW2u-WnondVku8uZZo4k' LIMIT 1
2018-01-11 22:14:11:SELECT * FROM t_act WHERE 1  AND is_list=1 AND end_time>1515680051 AND limit_sex IN(0,2) order by create_time DESC LIMIT 0,50
2018-01-11 22:14:13:SELECT * FROM t_user WHERE 1 AND openid = 'oeDcV0W0lW2u-WnondVku8uZZo4k' LIMIT 1
2018-01-11 22:14:14:SELECT gender FROM t_user WHERE 1 AND openid='oeDcV0W0lW2u-WnondVku8uZZo4k' LIMIT 1
2018-01-11 22:14:14:SELECT * FROM t_act WHERE 1  AND is_list=1 AND end_time>1515680054 AND limit_sex IN(0,2) order by create_time DESC LIMIT 0,50
2018-01-11 22:14:16:SELECT gender FROM t_user WHERE 1 AND openid='oeDcV0TIhZCvU1UFnqrdS_fKJxW0' LIMIT 1
2018-01-11 22:14:16:SELECT * FROM t_act WHERE 1  AND is_list=1 AND end_time>1515680056 AND limit_sex IN(0,1) order by create_time DESC LIMIT 0,50
2018-01-11 22:14:19:SELECT * FROM t_user_money WHERE 1 AND openid="oeDcV0TIhZCvU1UFnqrdS_fKJxW0" LIMIT 1
2018-01-11 22:14:20:SELECT gender FROM t_user WHERE 1 AND openid='oeDcV0TIhZCvU1UFnqrdS_fKJxW0' LIMIT 1
2018-01-11 22:14:20:SELECT * FROM t_act WHERE 1  AND is_list=1 AND end_time>1515680060 AND limit_sex IN(0,1) order by create_time DESC LIMIT 0,50
2018-01-11 22:14:21:SELECT * FROM t_user_money WHERE 1 AND openid="oeDcV0TIhZCvU1UFnqrdS_fKJxW0" LIMIT 1
2018-01-11 22:14:22:SELECT gender FROM t_user WHERE 1 AND openid='oeDcV0TIhZCvU1UFnqrdS_fKJxW0' LIMIT 1
2018-01-11 22:14:22:SELECT * FROM t_act WHERE 1  AND is_list=1 AND end_time>1515680062 AND limit_sex IN(0,1) order by create_time DESC LIMIT 0,50
2018-01-11 22:14:29:SELECT * FROM t_user_money WHERE 1 AND openid="oeDcV0W0lW2u-WnondVku8uZZo4k" LIMIT 1
2018-01-11 22:14:30:SELECT gender FROM t_user WHERE 1 AND openid='oeDcV0W0lW2u-WnondVku8uZZo4k' LIMIT 1
2018-01-11 22:14:30:SELECT * FROM t_act WHERE 1  AND is_list=1 AND end_time>1515680070 AND limit_sex IN(0,2) LIMIT 0,50
2018-01-11 22:15:04:SELECT * FROM t_user WHERE 1 AND openid = 'oeDcV0W0lW2u-WnondVku8uZZo4k' LIMIT 1
2018-01-11 22:15:05:SELECT gender FROM t_user WHERE 1 AND openid='oeDcV0W0lW2u-WnondVku8uZZo4k' LIMIT 1
2018-01-11 22:15:05:SELECT * FROM t_act WHERE 1  AND is_list=1 AND end_time>1515680105 AND limit_sex IN(0,2) order by add_time DESC LIMIT 0,50
2018-01-11 22:15:05:SELECT * FROM t_user_money WHERE 1 AND openid="oeDcV0TIhZCvU1UFnqrdS_fKJxW0" LIMIT 1
2018-01-11 22:15:05:SELECT gender FROM t_user WHERE 1 AND openid='oeDcV0TIhZCvU1UFnqrdS_fKJxW0' LIMIT 1
2018-01-11 22:15:05:SELECT * FROM t_act WHERE 1  AND is_list=1 AND end_time>1515680105 AND limit_sex IN(0,1) order by add_time DESC LIMIT 0,50
2018-01-11 22:15:06:SELECT * FROM t_user_money WHERE 1 AND openid="oeDcV0TIhZCvU1UFnqrdS_fKJxW0" LIMIT 1
2018-01-11 22:15:07:SELECT gender FROM t_user WHERE 1 AND openid='oeDcV0TIhZCvU1UFnqrdS_fKJxW0' LIMIT 1
2018-01-11 22:15:07:SELECT * FROM t_act WHERE 1  AND is_list=1 AND end_time>1515680107 AND limit_sex IN(0,1) order by add_time DESC LIMIT 0,50
2018-01-11 22:15:07:SELECT * FROM t_user WHERE 1 AND openid = 'oeDcV0W0lW2u-WnondVku8uZZo4k' LIMIT 1
2018-01-11 22:15:07:SELECT gender FROM t_user WHERE 1 AND openid='oeDcV0W0lW2u-WnondVku8uZZo4k' LIMIT 1
2018-01-11 22:15:07:SELECT * FROM t_act WHERE 1  AND is_list=1 AND end_time>1515680107 AND limit_sex IN(0,2) order by add_time DESC LIMIT 0,50
2018-01-11 22:15:09:SELECT * FROM t_user WHERE 1 AND openid = 'oeDcV0W0lW2u-WnondVku8uZZo4k' LIMIT 1
2018-01-11 22:15:09:SELECT gender FROM t_user WHERE 1 AND openid='oeDcV0W0lW2u-WnondVku8uZZo4k' LIMIT 1
2018-01-11 22:15:10:SELECT * FROM t_act WHERE 1  AND is_list=1 AND end_time>1515680110 AND limit_sex IN(0,2) order by add_time DESC LIMIT 0,50
2018-01-11 22:15:14:SELECT * FROM t_user WHERE 1 AND openid = 'oeDcV0W0lW2u-WnondVku8uZZo4k' LIMIT 1
2018-01-11 22:15:15:SELECT gender FROM t_user WHERE 1 AND openid='oeDcV0W0lW2u-WnondVku8uZZo4k' LIMIT 1
2018-01-11 22:15:15:SELECT * FROM t_act WHERE 1  AND is_list=1 AND end_time>1515680115 AND limit_sex IN(0,2) order by add_time DESC LIMIT 0,50
2018-01-11 22:15:26:SELECT * FROM t_user WHERE 1 AND openid = 'oeDcV0W0lW2u-WnondVku8uZZo4k' LIMIT 1
2018-01-11 22:15:27:SELECT gender FROM t_user WHERE 1 AND openid='oeDcV0W0lW2u-WnondVku8uZZo4k' LIMIT 1
2018-01-11 22:15:27:SELECT * FROM t_act WHERE 1  AND is_list=1 AND end_time>1515680127 AND limit_sex IN(0,2) order by add_time DESC LIMIT 0,50
2018-01-11 22:15:33:SELECT * FROM t_user_money WHERE 1 AND openid="oeDcV0TIhZCvU1UFnqrdS_fKJxW0" LIMIT 1
2018-01-11 22:15:33:SELECT gender FROM t_user WHERE 1 AND openid='oeDcV0TIhZCvU1UFnqrdS_fKJxW0' LIMIT 1
2018-01-11 22:15:33:SELECT * FROM t_act WHERE 1  AND is_list=1 AND end_time>1515680133 AND limit_sex IN(0,1) order by add_time DESC LIMIT 0,50
2018-01-11 22:15:58:SELECT * FROM t_user_money WHERE 1 AND openid="oeDcV0TIhZCvU1UFnqrdS_fKJxW0" LIMIT 1
2018-01-11 22:16:18:SELECT * FROM t_user_money WHERE 1 AND openid="oeDcV0TIhZCvU1UFnqrdS_fKJxW0" LIMIT 1
2018-01-11 22:16:20:SELECT * FROM t_user_money WHERE 1 AND openid="oeDcV0TIhZCvU1UFnqrdS_fKJxW0" LIMIT 1
2018-01-11 22:16:22:SELECT * FROM t_user_money WHERE 1 AND openid="oeDcV0W0lW2u-WnondVku8uZZo4k" LIMIT 1
2018-01-11 22:16:25:SELECT gender FROM t_user WHERE 1 AND openid='oeDcV0TIhZCvU1UFnqrdS_fKJxW0' LIMIT 1
2018-01-11 22:16:25:SELECT * FROM t_act WHERE 1  AND is_list=1 AND end_time>1515680185 AND limit_sex IN(0,1) order by add_time DESC LIMIT 0,50
2018-01-11 22:16:25:SELECT * FROM t_user_money WHERE 1 AND openid="oeDcV0TIhZCvU1UFnqrdS_fKJxW0" LIMIT 1
2018-01-11 22:16:32:SELECT * FROM t_user WHERE 1 AND openid = 'oeDcV0TIhZCvU1UFnqrdS_fKJxW0' LIMIT 1
2018-01-11 22:16:35:SELECT * FROM t_user_money WHERE 1 AND openid="oeDcV0TIhZCvU1UFnqrdS_fKJxW0" LIMIT 1
2018-01-11 22:16:38:SELECT * FROM t_user_money WHERE 1 AND openid="oeDcV0TIhZCvU1UFnqrdS_fKJxW0" LIMIT 1
2018-01-11 22:16:41:SELECT * FROM t_user_money WHERE 1 AND openid="oeDcV0TIhZCvU1UFnqrdS_fKJxW0" LIMIT 1
2018-01-11 22:16:47:SELECT * FROM t_user_money WHERE 1 AND openid="oeDcV0W0lW2u-WnondVku8uZZo4k" LIMIT 1
2018-01-11 22:16:48:SELECT gender FROM t_user WHERE 1 AND openid='oeDcV0W0lW2u-WnondVku8uZZo4k' LIMIT 1
2018-01-11 22:16:48:SELECT * FROM t_act WHERE 1  AND is_list=1 AND end_time>1515680208 AND limit_sex IN(0,2) order by add_time DESC LIMIT 0,50
2018-01-11 22:16:49:SELECT * FROM t_user WHERE 1 AND openid = 'oeDcV0W0lW2u-WnondVku8uZZo4k' LIMIT 1
2018-01-11 22:16:50:SELECT gender FROM t_user WHERE 1 AND openid='oeDcV0W0lW2u-WnondVku8uZZo4k' LIMIT 1
2018-01-11 22:16:51:SELECT * FROM t_act WHERE 1  AND is_list=1 AND end_time>1515680211 AND limit_sex IN(0,2) order by add_time DESC LIMIT 0,50
2018-01-11 22:16:52:SELECT * FROM t_user_money WHERE 1 AND openid="oeDcV0W0lW2u-WnondVku8uZZo4k" LIMIT 1
2018-01-11 22:16:52:SELECT gender FROM t_user WHERE 1 AND openid='oeDcV0TIhZCvU1UFnqrdS_fKJxW0' LIMIT 1
2018-01-11 22:16:52:SELECT * FROM t_act WHERE 1  AND is_list=1 AND end_time>1515680212 AND limit_sex IN(0,1) order by add_time DESC LIMIT 0,50
2018-01-11 22:16:52:SELECT gender FROM t_user WHERE 1 AND openid='oeDcV0W0lW2u-WnondVku8uZZo4k' LIMIT 1
2018-01-11 22:16:53:SELECT * FROM t_act WHERE 1  AND is_list=1 AND end_time>1515680213 AND limit_sex IN(0,2) order by add_time DESC LIMIT 0,50
2018-01-11 22:16:53:SELECT * FROM t_user WHERE 1 AND openid = 'oeDcV0W0lW2u-WnondVku8uZZo4k' LIMIT 1
2018-01-11 22:16:54:SELECT gender FROM t_user WHERE 1 AND openid='oeDcV0TIhZCvU1UFnqrdS_fKJxW0' LIMIT 1
2018-01-11 22:16:54:SELECT * FROM t_act_group WHERE 1 AND act_id=36
2018-01-11 22:16:54:SELECT gender FROM t_user WHERE 1 AND openid='oeDcV0W0lW2u-WnondVku8uZZo4k' LIMIT 1
2018-01-11 22:16:54:SELECT * FROM t_act WHERE 1 AND id=36 LIMIT 1
2018-01-11 22:16:54:SELECT * FROM t_act WHERE 1  AND is_list=1 AND end_time>1515680214 AND limit_sex IN(0,2) order by add_time DESC LIMIT 0,50
2018-01-11 22:16:54:SELECT * FROM t_act_pic WHERE 1 AND act_id=36
2018-01-11 22:16:54:SELECT * FROM t_user WHERE 1 AND openid='oeDcV0TIhZCvU1UFnqrdS_fKJxW0' LIMIT 1
2018-01-11 22:16:54:SELECT count(*) num FROM t_act_user WHERE 1 AND act_id=36 AND openid='oeDcV0TIhZCvU1UFnqrdS_fKJxW0' AND group_id=342 LIMIT 1
2018-01-11 22:16:54:SELECT * FROM t_act_user WHERE 1 AND act_id=36 AND group_id=342 order by use_time ASC, create_time ASC
2018-01-11 22:16:55:SELECT * FROM t_user WHERE 1 AND openid = 'oeDcV0W0lW2u-WnondVku8uZZo4k' LIMIT 1
2018-01-11 22:17:11:SELECT gender FROM t_user WHERE 1 AND openid='oeDcV0W0lW2u-WnondVku8uZZo4k' LIMIT 1
2018-01-11 22:17:11:SELECT * FROM t_act WHERE 1  AND is_list=1 AND end_time>1515680231 AND limit_sex IN(0,2) order by add_time DESC LIMIT 0,50
2018-01-11 22:17:11:SELECT * FROM t_user_money WHERE 1 AND openid="oeDcV0W0lW2u-WnondVku8uZZo4k" LIMIT 1
2018-01-11 22:17:18:SELECT * FROM t_user_money WHERE 1 AND openid="oeDcV0W0lW2u-WnondVku8uZZo4k" LIMIT 1
2018-01-11 22:17:43:SELECT * FROM t_user_money WHERE 1 AND openid="oeDcV0W0lW2u-WnondVku8uZZo4k" LIMIT 1
2018-01-11 22:17:52:SELECT gender FROM t_user WHERE 1 AND openid='oeDcV0TIhZCvU1UFnqrdS_fKJxW0' LIMIT 1
2018-01-11 22:17:53:SELECT * FROM t_act WHERE 1  AND is_list=1 AND end_time>1515680273 AND limit_sex IN(0,1) order by add_time DESC LIMIT 0,50
2018-01-11 22:18:04:SELECT * FROM t_user_money WHERE 1 AND openid="oeDcV0TIhZCvU1UFnqrdS_fKJxW0" LIMIT 1
2018-01-11 22:18:06:SELECT * FROM t_user_money WHERE 1 AND openid="oeDcV0W0lW2u-WnondVku8uZZo4k" LIMIT 1
2018-01-11 22:18:06:SELECT * FROM t_user WHERE 1 AND openid = 'oeDcV0TIhZCvU1UFnqrdS_fKJxW0' LIMIT 1
2018-01-11 22:18:08:SELECT * FROM t_user WHERE 1 AND openid = 'oeDcV0W0lW2u-WnondVku8uZZo4k' LIMIT 1
2018-01-11 22:18:11:SELECT * FROM t_user_money WHERE 1 AND openid="oeDcV0TIhZCvU1UFnqrdS_fKJxW0" LIMIT 1
2018-01-11 22:18:19:SELECT * FROM t_user_money WHERE 1 AND openid="oeDcV0TIhZCvU1UFnqrdS_fKJxW0" LIMIT 1
2018-01-11 22:18:27:SELECT * FROM t_user_money WHERE 1 AND openid="oeDcV0TIhZCvU1UFnqrdS_fKJxW0" LIMIT 1
2018-01-11 22:18:34:SELECT gender FROM t_user WHERE 1 AND openid='oeDcV0TIhZCvU1UFnqrdS_fKJxW0' LIMIT 1
2018-01-11 22:18:34:SELECT * FROM t_act WHERE 1  AND is_list=1 AND end_time>1515680314 AND limit_sex IN(0,1) order by add_time DESC LIMIT 0,50
2018-01-11 22:18:36:SELECT * FROM t_user_money WHERE 1 AND openid="oeDcV0TIhZCvU1UFnqrdS_fKJxW0" LIMIT 1
2018-01-11 22:18:43:SELECT * FROM t_user_money WHERE 1 AND openid="oeDcV0TIhZCvU1UFnqrdS_fKJxW0" LIMIT 1
2018-01-11 22:18:44:SELECT gender FROM t_user WHERE 1 AND openid='oeDcV0TIhZCvU1UFnqrdS_fKJxW0' LIMIT 1
2018-01-11 22:18:44:SELECT * FROM t_act WHERE 1  AND is_list=1 AND end_time>1515680324 AND limit_sex IN(0,1) order by add_time DESC LIMIT 0,50
2018-01-11 22:18:48:SELECT * FROM t_user WHERE 1 AND openid = 'oeDcV0TIhZCvU1UFnqrdS_fKJxW0' LIMIT 1
2018-01-11 22:18:49:SELECT gender FROM t_user WHERE 1 AND openid='oeDcV0TIhZCvU1UFnqrdS_fKJxW0' LIMIT 1
2018-01-11 22:18:49:SELECT * FROM t_act WHERE 1  AND is_list=1 AND end_time>1515680329 AND limit_sex IN(0,1) order by add_time DESC LIMIT 0,50
2018-01-11 22:18:50:SELECT * FROM t_user WHERE 1 AND openid = 'oeDcV0TIhZCvU1UFnqrdS_fKJxW0' LIMIT 1
2018-01-11 22:18:53:SELECT * FROM t_user_money WHERE 1 AND openid="oeDcV0TIhZCvU1UFnqrdS_fKJxW0" LIMIT 1
2018-01-11 22:18:54:SELECT gender FROM t_user WHERE 1 AND openid='oeDcV0TIhZCvU1UFnqrdS_fKJxW0' LIMIT 1
2018-01-11 22:18:54:SELECT * FROM t_act WHERE 1  AND is_list=1 AND end_time>1515680334 AND limit_sex IN(0,1) order by add_time DESC LIMIT 0,50
2018-01-11 22:18:55:SELECT * FROM t_user_money WHERE 1 AND openid="oeDcV0TIhZCvU1UFnqrdS_fKJxW0" LIMIT 1
2018-01-11 22:18:58:SELECT * FROM t_user_money WHERE 1 AND openid="oeDcV0TIhZCvU1UFnqrdS_fKJxW0" LIMIT 1
2018-01-11 22:18:59:SELECT * FROM t_user WHERE 1 AND openid = 'oeDcV0TIhZCvU1UFnqrdS_fKJxW0' LIMIT 1
2018-01-11 22:19:00:SELECT gender FROM t_user WHERE 1 AND openid='oeDcV0TIhZCvU1UFnqrdS_fKJxW0' LIMIT 1
2018-01-11 22:19:00:SELECT * FROM t_act WHERE 1  AND is_list=1 AND end_time>1515680340 AND limit_sex IN(0,1) order by add_time DESC LIMIT 0,50
2018-01-11 22:19:01:SELECT gender FROM t_user WHERE 1 AND openid='oeDcV0TIhZCvU1UFnqrdS_fKJxW0' LIMIT 1
2018-01-11 22:19:01:SELECT * FROM t_act_group WHERE 1 AND act_id=36
2018-01-11 22:19:01:SELECT * FROM t_act WHERE 1 AND id=36 LIMIT 1
2018-01-11 22:19:01:SELECT * FROM t_act_pic WHERE 1 AND act_id=36
2018-01-11 22:19:01:SELECT * FROM t_user WHERE 1 AND openid='oeDcV0TIhZCvU1UFnqrdS_fKJxW0' LIMIT 1
2018-01-11 22:19:01:SELECT count(*) num FROM t_act_user WHERE 1 AND act_id=36 AND openid='oeDcV0TIhZCvU1UFnqrdS_fKJxW0' AND group_id=342 LIMIT 1
2018-01-11 22:19:01:SELECT * FROM t_act_user WHERE 1 AND act_id=36 AND group_id=342 order by use_time ASC, create_time ASC
2018-01-11 22:19:38:SELECT gender FROM t_user WHERE 1 AND openid='oeDcV0TIhZCvU1UFnqrdS_fKJxW0' LIMIT 1
2018-01-11 22:19:38:SELECT * FROM t_act_group WHERE 1 AND act_id=36
2018-01-11 22:19:38:SELECT * FROM t_act WHERE 1 AND id=36 LIMIT 1
2018-01-11 22:19:38:SELECT * FROM t_act_pic WHERE 1 AND act_id=36
2018-01-11 22:19:38:SELECT * FROM t_user WHERE 1 AND openid='oeDcV0TIhZCvU1UFnqrdS_fKJxW0' LIMIT 1
2018-01-11 22:19:38:SELECT count(*) num FROM t_act_user WHERE 1 AND act_id=36 AND openid='oeDcV0TIhZCvU1UFnqrdS_fKJxW0' AND group_id=342 LIMIT 1
2018-01-11 22:19:38:SELECT * FROM t_act_user WHERE 1 AND act_id=36 AND group_id=342 order by use_time ASC, create_time ASC
2018-01-11 22:27:57:SELECT gender FROM t_user WHERE 1 AND openid='oeDcV0W0lW2u-WnondVku8uZZo4k' LIMIT 1
2018-01-11 22:27:57:SELECT * FROM t_act WHERE 1  AND is_list=1 AND end_time>1515680877 AND limit_sex IN(0,2) order by add_time DESC LIMIT 0,10
2018-01-11 22:27:57:SELECT * FROM t_user WHERE 1 AND openid='oeDcV0W0lW2u-WnondVku8uZZo4k' LIMIT 1
2018-01-11 22:27:57:SELECT * FROM t_user WHERE 1 AND openid='oeDcV0TIhZCvU1UFnqrdS_fKJxW0' LIMIT 1
2018-01-11 22:28:04:SELECT gender FROM t_user WHERE 1 AND openid='oeDcV0W0lW2u-WnondVku8uZZo4k' LIMIT 1
2018-01-11 22:28:04:SELECT * FROM t_act WHERE 1  AND is_list=1 AND end_time>1515680884 AND limit_sex IN(0,2) order by add_time DESC LIMIT 0,10
2018-01-11 22:28:04:SELECT * FROM t_user WHERE 1 AND openid='oeDcV0W0lW2u-WnondVku8uZZo4k' LIMIT 1
2018-01-11 22:28:04:SELECT * FROM t_user WHERE 1 AND openid='oeDcV0TIhZCvU1UFnqrdS_fKJxW0' LIMIT 1
2018-01-11 23:19:48:SELECT gender FROM t_user WHERE 1 AND openid='oeDcV0W0lW2u-WnondVku8uZZo4k' LIMIT 1
2018-01-11 23:19:48:SELECT * FROM t_act WHERE 1  AND is_list=1 AND (end_time=0 OR end_time>1515683988) AND limit_sex IN(0,2) order by add_time DESC LIMIT 0,10
2018-01-11 23:19:48:SELECT * FROM t_user WHERE 1 AND openid='oeDcV0W0lW2u-WnondVku8uZZo4k' LIMIT 1
2018-01-11 23:19:48:SELECT * FROM t_user WHERE 1 AND openid='oeDcV0TIhZCvU1UFnqrdS_fKJxW0' LIMIT 1
2018-01-11 23:28:21:SELECT gender FROM t_user WHERE 1 AND openid='oeDcV0W0lW2u-WnondVku8uZZo4k' LIMIT 1
2018-01-11 23:28:21:SELECT * FROM t_act WHERE 1  AND is_list=1 AND (end_time=0 OR end_time>1515684501) AND limit_sex IN(0,2) order by add_time DESC LIMIT 0,10
2018-01-11 23:28:21:SELECT * FROM t_user WHERE 1 AND openid='oeDcV0W0lW2u-WnondVku8uZZo4k' LIMIT 1
2018-01-11 23:28:21:SELECT * FROM t_user WHERE 1 AND openid='oeDcV0TIhZCvU1UFnqrdS_fKJxW0' LIMIT 1
2018-01-11 23:28:25:SELECT gender FROM t_user WHERE 1 AND openid='oeDcV0W0lW2u-WnondVku8uZZo4k' LIMIT 1
2018-01-11 23:28:25:SELECT * FROM t_act WHERE 1  AND is_list=1 AND (end_time=0 OR end_time>1515684505) AND limit_sex IN(0,2) order by add_time DESC LIMIT 0,10
2018-01-11 23:28:25:SELECT * FROM t_user WHERE 1 AND openid='oeDcV0W0lW2u-WnondVku8uZZo4k' LIMIT 1
2018-01-11 23:28:25:SELECT * FROM t_user WHERE 1 AND openid='oeDcV0TIhZCvU1UFnqrdS_fKJxW0' LIMIT 1
