2018-01-06 01:53:48:SELECT * FROM t_user WHERE 1 AND openid = 'oeDcV0TIhZCvU1UFnqrdS_fKJxW0' LIMIT 1
2018-01-06 01:53:57:SELECT * FROM t_act WHERE 1  LIMIT 0,50
2018-01-06 01:54:32:SELECT * FROM t_act WHERE 1  LIMIT 0,50
2018-01-06 01:54:48:SELECT * FROM t_user_money WHERE 1 AND openid="oeDcV0TIhZCvU1UFnqrdS_fKJxW0" LIMIT 1
2018-01-06 01:54:53:SELECT * FROM t_act WHERE 1  LIMIT 0,50
2018-01-06 01:54:55:SELECT * FROM t_act WHERE 1  LIMIT 0,50
2018-01-06 01:55:21:SELECT * FROM t_act WHERE 1  LIMIT 0,50
2018-01-06 01:55:22:SELECT * FROM t_user_money WHERE 1 AND openid="oeDcV0TIhZCvU1UFnqrdS_fKJxW0" LIMIT 1
2018-01-06 01:55:34:SELECT * FROM t_act WHERE 1  LIMIT 0,50
2018-01-06 01:55:54:SELECT * FROM t_user_money WHERE 1 AND openid="oeDcV0TIhZCvU1UFnqrdS_fKJxW0" LIMIT 1
2018-01-06 01:55:55:SELECT * FROM t_act WHERE 1  LIMIT 0,50
2018-01-06 01:55:57:SELECT * FROM t_act WHERE 1  LIMIT 0,50
2018-01-06 01:55:58:SELECT * FROM t_user_money WHERE 1 AND openid="oeDcV0TIhZCvU1UFnqrdS_fKJxW0" LIMIT 1
2018-01-06 01:56:06:SELECT * FROM t_act WHERE 1  LIMIT 0,50
2018-01-06 01:56:06:SELECT * FROM t_user_money WHERE 1 AND openid="oeDcV0TIhZCvU1UFnqrdS_fKJxW0" LIMIT 1
2018-01-06 01:56:07:SELECT * FROM t_act WHERE 1  LIMIT 0,50
2018-01-06 01:56:08:SELECT * FROM t_act WHERE 1  LIMIT 0,50
2018-01-06 01:56:08:SELECT * FROM t_user_money WHERE 1 AND openid="oeDcV0TIhZCvU1UFnqrdS_fKJxW0" LIMIT 1
2018-01-06 01:56:10:SELECT * FROM t_act WHERE 1  LIMIT 0,50
2018-01-06 09:23:08:SELECT * FROM t_user WHERE 1 AND openid = 'oeDcV0W0lW2u-WnondVku8uZZo4k' LIMIT 1
2018-01-06 09:27:31:SELECT * FROM t_user WHERE 1 AND openid = 'oeDcV0W0lW2u-WnondVku8uZZo4k' LIMIT 1
2018-01-06 09:27:36:SELECT * FROM t_user WHERE 1 AND openid = 'oeDcV0W0lW2u-WnondVku8uZZo4k' LIMIT 1
2018-01-06 09:27:41:SELECT * FROM t_user WHERE 1 AND openid = 'oeDcV0W0lW2u-WnondVku8uZZo4k' LIMIT 1
2018-01-06 09:28:44:SELECT * FROM t_act WHERE 1  LIMIT 0,50
2018-01-06 09:30:47:SELECT * FROM t_act WHERE 1 AND id=5 LIMIT 1
2018-01-06 09:30:47:SELECT count(*) num FROM t_act_user WHERE 1 AND openid='oeDcV0W0lW2u-WnondVku8uZZo4k' LIMIT 1
2018-01-06 09:30:47:SELECT * FROM t_act_group WHERE 1 AND act_id=5
2018-01-06 09:30:47:SELECT * FROM t_act_user WHERE 1 AND act_id=5 AND group_id=1 order by use_time DESC
2018-01-06 09:30:47:SELECT * FROM t_user WHERE 1 AND openid='oeDcV0W0lW2u-WnondVku8uZZo4k' LIMIT 1
2018-01-06 09:34:35:SELECT * FROM t_act WHERE 1 AND id=15 LIMIT 1
2018-01-06 09:34:35:SELECT count(*) num FROM t_act_user WHERE 1 AND openid='oeDcV0W0lW2u-WnondVku8uZZo4k' LIMIT 1
2018-01-06 09:34:36:SELECT * FROM t_act_group WHERE 1 AND act_id=15
2018-01-06 09:34:36:SELECT * FROM t_act_user WHERE 1 AND act_id=15 AND group_id=1 order by use_time DESC
2018-01-06 09:40:27:SELECT * FROM t_act WHERE 1 AND id=15 LIMIT 1
2018-01-06 09:40:27:SELECT count(*) num FROM t_act_user WHERE 1 AND openid='oeDcV0W0lW2u-WnondVku8uZZo4k' LIMIT 1
2018-01-06 09:40:27:SELECT * FROM t_act_group WHERE 1 AND act_id=15
2018-01-06 09:40:27:SELECT * FROM t_act_user WHERE 1 AND act_id=15 AND group_id=1 order by use_time DESC
2018-01-06 09:41:00:SELECT * FROM t_act WHERE 1  LIMIT 0,50
2018-01-06 09:43:49:SELECT id FROM t_user WHERE 1 AND openid = 'oeDcV0W0lW2u-WnondVku8uZZo4k' LIMIT 1
2018-01-06 09:44:03:SELECT * FROM t_user WHERE 1 AND openid = 'oeDcV0W0lW2u-WnondVku8uZZo4k' LIMIT 1
2018-01-06 09:48:53:SELECT id FROM t_user WHERE 1 AND openid = 'oeDcV0W0lW2u-WnondVku8uZZo4k' LIMIT 1
2018-01-06 09:50:09:SELECT id FROM t_user WHERE 1 AND openid = 'oeDcV0W0lW2u-WnondVku8uZZo4k' LIMIT 1
2018-01-06 09:54:28:SELECT id FROM t_user WHERE 1 AND openid = 'oeDcV0W0lW2u-WnondVku8uZZo4k' LIMIT 1
2018-01-06 09:58:57:SELECT * FROM t_user WHERE 1 AND openid = 'oeDcV0TIhZCvU1UFnqrdS_fKJxW0' LIMIT 1
2018-01-06 09:58:58:SELECT * FROM t_user WHERE 1 AND openid = 'oeDcV0W0lW2u-WnondVku8uZZo4k' LIMIT 1
2018-01-06 09:59:35:SELECT * FROM t_act WHERE 1  LIMIT 0,50
2018-01-06 10:01:54:SELECT * FROM t_act WHERE 1 AND id=23 LIMIT 1
2018-01-06 10:01:54:SELECT count(*) num FROM t_act_user WHERE 1 AND openid='oeDcV0TIhZCvU1UFnqrdS_fKJxW0' LIMIT 1
2018-01-06 10:01:54:SELECT * FROM t_act_group WHERE 1 AND act_id=23
2018-01-06 10:01:54:SELECT * FROM t_act_user WHERE 1 AND act_id=23 AND group_id=1 order by use_time DESC
2018-01-06 10:04:20:SELECT * FROM t_user WHERE 1 AND openid = 'oeDcV0W0lW2u-WnondVku8uZZo4k' LIMIT 1
2018-01-06 10:04:50:SELECT * FROM t_act WHERE 1  LIMIT 0,50
2018-01-06 10:05:02:SELECT * FROM t_act WHERE 1  LIMIT 0,50
2018-01-06 10:05:04:SELECT * FROM t_user_money WHERE 1 AND openid="oeDcV0TIhZCvU1UFnqrdS_fKJxW0" LIMIT 1
2018-01-06 10:05:04:SELECT * FROM t_act WHERE 1  LIMIT 0,50
2018-01-06 10:05:05:SELECT * FROM t_user_money WHERE 1 AND openid="oeDcV0TIhZCvU1UFnqrdS_fKJxW0" LIMIT 1
2018-01-06 10:05:11:SELECT * FROM t_act WHERE 1  LIMIT 0,50
2018-01-06 10:05:12:SELECT * FROM t_user_money WHERE 1 AND openid="oeDcV0TIhZCvU1UFnqrdS_fKJxW0" LIMIT 1
2018-01-06 10:05:13:SELECT * FROM t_act WHERE 1  LIMIT 0,50
2018-01-06 10:05:24:SELECT * FROM t_act WHERE 1  LIMIT 0,50
2018-01-06 10:05:34:SELECT * FROM t_act WHERE 1  LIMIT 0,50
2018-01-06 10:06:05:SELECT * FROM t_act WHERE 1  LIMIT 0,50
2018-01-06 10:12:30:SELECT * FROM t_user WHERE 1 AND openid = 'oeDcV0W0lW2u-WnondVku8uZZo4k' LIMIT 1
2018-01-06 10:12:45:SELECT * FROM t_user WHERE 1 AND openid = 'oeDcV0W0lW2u-WnondVku8uZZo4k' LIMIT 1
2018-01-06 10:12:52:SELECT * FROM t_user WHERE 1 AND openid = 'oeDcV0W0lW2u-WnondVku8uZZo4k' LIMIT 1
2018-01-06 10:13:01:SELECT * FROM t_user WHERE 1 AND openid = 'oeDcV0W0lW2u-WnondVku8uZZo4k' LIMIT 1
2018-01-06 10:13:06:SELECT * FROM t_user WHERE 1 AND openid = 'oeDcV0W0lW2u-WnondVku8uZZo4k' LIMIT 1
2018-01-06 10:13:14:SELECT * FROM t_user WHERE 1 AND openid = 'oeDcV0W0lW2u-WnondVku8uZZo4k' LIMIT 1
2018-01-06 10:13:19:SELECT * FROM t_user WHERE 1 AND openid = 'oeDcV0W0lW2u-WnondVku8uZZo4k' LIMIT 1
2018-01-06 10:14:55:SELECT * FROM t_user WHERE 1 AND openid = 'oeDcV0W0lW2u-WnondVku8uZZo4k' LIMIT 1
2018-01-06 10:15:14:SELECT * FROM t_user WHERE 1 AND openid = 'oeDcV0W0lW2u-WnondVku8uZZo4k' LIMIT 1
2018-01-06 10:15:26:SELECT * FROM t_user WHERE 1 AND openid = 'oeDcV0W0lW2u-WnondVku8uZZo4k' LIMIT 1
2018-01-06 10:16:30:SELECT * FROM t_user WHERE 1 AND openid = 'oeDcV0W0lW2u-WnondVku8uZZo4k' LIMIT 1
2018-01-06 10:16:32:SELECT * FROM t_user WHERE 1 AND openid = 'oeDcV0W0lW2u-WnondVku8uZZo4k' LIMIT 1
2018-01-06 10:16:35:SELECT * FROM t_user WHERE 1 AND openid = 'oeDcV0W0lW2u-WnondVku8uZZo4k' LIMIT 1
2018-01-06 10:16:49:SELECT * FROM t_user WHERE 1 AND openid = 'oeDcV0W0lW2u-WnondVku8uZZo4k' LIMIT 1
2018-01-06 10:18:05:SELECT * FROM t_user WHERE 1 AND openid = 'oeDcV0W0lW2u-WnondVku8uZZo4k' LIMIT 1
2018-01-06 10:18:08:SELECT * FROM t_user WHERE 1 AND openid = 'oeDcV0W0lW2u-WnondVku8uZZo4k' LIMIT 1
2018-01-06 10:18:29:SELECT * FROM t_user WHERE 1 AND openid = 'oeDcV0W0lW2u-WnondVku8uZZo4k' LIMIT 1
2018-01-06 10:18:34:SELECT * FROM t_user WHERE 1 AND openid = 'oeDcV0W0lW2u-WnondVku8uZZo4k' LIMIT 1
2018-01-06 10:19:11:SELECT * FROM t_user WHERE 1 AND openid = 'oeDcV0W0lW2u-WnondVku8uZZo4k' LIMIT 1
2018-01-06 10:19:25:SELECT * FROM t_user WHERE 1 AND openid = 'oeDcV0W0lW2u-WnondVku8uZZo4k' LIMIT 1
2018-01-06 10:19:30:SELECT * FROM t_user WHERE 1 AND openid = 'oeDcV0W0lW2u-WnondVku8uZZo4k' LIMIT 1
2018-01-06 10:20:01:SELECT * FROM t_user WHERE 1 AND openid = 'oeDcV0W0lW2u-WnondVku8uZZo4k' LIMIT 1
2018-01-06 10:20:25:SELECT * FROM t_user WHERE 1 AND openid = 'oeDcV0W0lW2u-WnondVku8uZZo4k' LIMIT 1
2018-01-06 10:20:28:SELECT * FROM t_user WHERE 1 AND openid = 'oeDcV0W0lW2u-WnondVku8uZZo4k' LIMIT 1
2018-01-06 10:20:37:SELECT * FROM t_user WHERE 1 AND openid = 'oeDcV0W0lW2u-WnondVku8uZZo4k' LIMIT 1
2018-01-06 10:20:44:SELECT * FROM t_user WHERE 1 AND openid = 'oeDcV0W0lW2u-WnondVku8uZZo4k' LIMIT 1
2018-01-06 10:20:50:SELECT * FROM t_user WHERE 1 AND openid = 'oeDcV0W0lW2u-WnondVku8uZZo4k' LIMIT 1
2018-01-06 10:22:40:SELECT * FROM t_user WHERE 1 AND openid = 'oeDcV0W0lW2u-WnondVku8uZZo4k' LIMIT 1
2018-01-06 10:23:31:SELECT * FROM t_user WHERE 1 AND openid = 'oeDcV0W0lW2u-WnondVku8uZZo4k' LIMIT 1
2018-01-06 10:23:34:SELECT * FROM t_user WHERE 1 AND openid = 'oeDcV0W0lW2u-WnondVku8uZZo4k' LIMIT 1
2018-01-06 10:23:42:SELECT * FROM t_user WHERE 1 AND openid = 'oeDcV0W0lW2u-WnondVku8uZZo4k' LIMIT 1
2018-01-06 10:23:45:SELECT * FROM t_user WHERE 1 AND openid = 'oeDcV0W0lW2u-WnondVku8uZZo4k' LIMIT 1
2018-01-06 10:24:03:SELECT * FROM t_user WHERE 1 AND openid = 'oeDcV0W0lW2u-WnondVku8uZZo4k' LIMIT 1
2018-01-06 10:24:07:SELECT * FROM t_user WHERE 1 AND openid = 'oeDcV0W0lW2u-WnondVku8uZZo4k' LIMIT 1
2018-01-06 10:24:18:SELECT * FROM t_user WHERE 1 AND openid = 'oeDcV0W0lW2u-WnondVku8uZZo4k' LIMIT 1
2018-01-06 10:24:24:SELECT * FROM t_user WHERE 1 AND openid = 'oeDcV0W0lW2u-WnondVku8uZZo4k' LIMIT 1
2018-01-06 10:25:05:SELECT * FROM t_user WHERE 1 AND openid = 'oeDcV0W0lW2u-WnondVku8uZZo4k' LIMIT 1
2018-01-06 10:26:07:SELECT * FROM t_user WHERE 1 AND openid = 'oeDcV0W0lW2u-WnondVku8uZZo4k' LIMIT 1
2018-01-06 10:29:02:SELECT * FROM t_user WHERE 1 AND openid = 'oeDcV0W0lW2u-WnondVku8uZZo4k' LIMIT 1
2018-01-06 10:29:05:SELECT * FROM t_user WHERE 1 AND openid = 'oeDcV0W0lW2u-WnondVku8uZZo4k' LIMIT 1
2018-01-06 10:29:23:SELECT * FROM t_user WHERE 1 AND openid = 'oeDcV0W0lW2u-WnondVku8uZZo4k' LIMIT 1
2018-01-06 10:30:26:SELECT * FROM t_user WHERE 1 AND openid = 'oeDcV0W0lW2u-WnondVku8uZZo4k' LIMIT 1
2018-01-06 10:30:28:SELECT * FROM t_user WHERE 1 AND openid = 'oeDcV0W0lW2u-WnondVku8uZZo4k' LIMIT 1
2018-01-06 10:30:40:SELECT * FROM t_user WHERE 1 AND openid = 'oeDcV0W0lW2u-WnondVku8uZZo4k' LIMIT 1
2018-01-06 10:30:42:SELECT * FROM t_user WHERE 1 AND openid = 'oeDcV0W0lW2u-WnondVku8uZZo4k' LIMIT 1
2018-01-06 10:33:36:SELECT * FROM t_user WHERE 1 AND openid = 'oeDcV0W0lW2u-WnondVku8uZZo4k' LIMIT 1
2018-01-06 10:33:38:SELECT * FROM t_user WHERE 1 AND openid = 'oeDcV0W0lW2u-WnondVku8uZZo4k' LIMIT 1
2018-01-06 10:34:35:SELECT * FROM t_user WHERE 1 AND openid = 'oeDcV0W0lW2u-WnondVku8uZZo4k' LIMIT 1
2018-01-06 10:34:38:SELECT * FROM t_user WHERE 1 AND openid = 'oeDcV0W0lW2u-WnondVku8uZZo4k' LIMIT 1
2018-01-06 10:34:45:SELECT * FROM t_user WHERE 1 AND openid = 'oeDcV0W0lW2u-WnondVku8uZZo4k' LIMIT 1
2018-01-06 10:34:48:SELECT * FROM t_user WHERE 1 AND openid = 'oeDcV0W0lW2u-WnondVku8uZZo4k' LIMIT 1
2018-01-06 10:35:04:SELECT * FROM t_user WHERE 1 AND openid = 'oeDcV0W0lW2u-WnondVku8uZZo4k' LIMIT 1
2018-01-06 10:35:06:SELECT * FROM t_user WHERE 1 AND openid = 'oeDcV0W0lW2u-WnondVku8uZZo4k' LIMIT 1
2018-01-06 10:35:25:SELECT * FROM t_user WHERE 1 AND openid = 'oeDcV0W0lW2u-WnondVku8uZZo4k' LIMIT 1
2018-01-06 10:35:41:SELECT * FROM t_user WHERE 1 AND openid = 'oeDcV0W0lW2u-WnondVku8uZZo4k' LIMIT 1
2018-01-06 10:35:44:SELECT * FROM t_user WHERE 1 AND openid = 'oeDcV0W0lW2u-WnondVku8uZZo4k' LIMIT 1
2018-01-06 10:35:53:SELECT * FROM t_user WHERE 1 AND openid = 'oeDcV0W0lW2u-WnondVku8uZZo4k' LIMIT 1
2018-01-06 10:35:55:SELECT * FROM t_user WHERE 1 AND openid = 'oeDcV0W0lW2u-WnondVku8uZZo4k' LIMIT 1
2018-01-06 10:36:13:SELECT * FROM t_user WHERE 1 AND openid = 'oeDcV0W0lW2u-WnondVku8uZZo4k' LIMIT 1
2018-01-06 10:36:16:SELECT * FROM t_user WHERE 1 AND openid = 'oeDcV0W0lW2u-WnondVku8uZZo4k' LIMIT 1
2018-01-06 10:36:28:SELECT * FROM t_user WHERE 1 AND openid = 'oeDcV0W0lW2u-WnondVku8uZZo4k' LIMIT 1
2018-01-06 10:36:31:SELECT * FROM t_user WHERE 1 AND openid = 'oeDcV0W0lW2u-WnondVku8uZZo4k' LIMIT 1
2018-01-06 10:36:37:SELECT * FROM t_user WHERE 1 AND openid = 'oeDcV0W0lW2u-WnondVku8uZZo4k' LIMIT 1
2018-01-06 10:36:43:SELECT * FROM t_user WHERE 1 AND openid = 'oeDcV0W0lW2u-WnondVku8uZZo4k' LIMIT 1
2018-01-06 10:37:11:SELECT * FROM t_user WHERE 1 AND openid = 'oeDcV0W0lW2u-WnondVku8uZZo4k' LIMIT 1
2018-01-06 10:37:45:SELECT * FROM t_user WHERE 1 AND openid = 'oeDcV0W0lW2u-WnondVku8uZZo4k' LIMIT 1
2018-01-06 10:37:50:SELECT * FROM t_user WHERE 1 AND openid = 'oeDcV0W0lW2u-WnondVku8uZZo4k' LIMIT 1
2018-01-06 10:38:03:SELECT * FROM t_user WHERE 1 AND openid = 'oeDcV0W0lW2u-WnondVku8uZZo4k' LIMIT 1
2018-01-06 10:38:09:SELECT * FROM t_user WHERE 1 AND openid = 'oeDcV0W0lW2u-WnondVku8uZZo4k' LIMIT 1
2018-01-06 10:38:42:SELECT * FROM t_user WHERE 1 AND openid = 'oeDcV0W0lW2u-WnondVku8uZZo4k' LIMIT 1
2018-01-06 10:38:45:SELECT * FROM t_user WHERE 1 AND openid = 'oeDcV0W0lW2u-WnondVku8uZZo4k' LIMIT 1
2018-01-06 10:39:02:SELECT * FROM t_user WHERE 1 AND openid = 'oeDcV0W0lW2u-WnondVku8uZZo4k' LIMIT 1
2018-01-06 10:39:07:SELECT * FROM t_user WHERE 1 AND openid = 'oeDcV0W0lW2u-WnondVku8uZZo4k' LIMIT 1
2018-01-06 10:39:35:SELECT * FROM t_user WHERE 1 AND openid = 'oeDcV0W0lW2u-WnondVku8uZZo4k' LIMIT 1
2018-01-06 10:39:44:SELECT * FROM t_user WHERE 1 AND openid = 'oeDcV0W0lW2u-WnondVku8uZZo4k' LIMIT 1
2018-01-06 10:39:49:SELECT * FROM t_user WHERE 1 AND openid = 'oeDcV0W0lW2u-WnondVku8uZZo4k' LIMIT 1
2018-01-06 10:40:25:SELECT * FROM t_user WHERE 1 AND openid = 'oeDcV0W0lW2u-WnondVku8uZZo4k' LIMIT 1
2018-01-06 10:40:29:SELECT * FROM t_user WHERE 1 AND openid = 'oeDcV0W0lW2u-WnondVku8uZZo4k' LIMIT 1
2018-01-06 10:40:41:SELECT * FROM t_user WHERE 1 AND openid = 'oeDcV0W0lW2u-WnondVku8uZZo4k' LIMIT 1
2018-01-06 10:40:49:SELECT * FROM t_user WHERE 1 AND openid = 'oeDcV0W0lW2u-WnondVku8uZZo4k' LIMIT 1
2018-01-06 10:41:01:SELECT * FROM t_user WHERE 1 AND openid = 'oeDcV0W0lW2u-WnondVku8uZZo4k' LIMIT 1
2018-01-06 10:41:06:SELECT * FROM t_user WHERE 1 AND openid = 'oeDcV0W0lW2u-WnondVku8uZZo4k' LIMIT 1
2018-01-06 10:41:19:SELECT * FROM t_user WHERE 1 AND openid = 'oeDcV0W0lW2u-WnondVku8uZZo4k' LIMIT 1
2018-01-06 10:41:24:SELECT * FROM t_user WHERE 1 AND openid = 'oeDcV0W0lW2u-WnondVku8uZZo4k' LIMIT 1
2018-01-06 10:41:39:SELECT * FROM t_user WHERE 1 AND openid = 'oeDcV0W0lW2u-WnondVku8uZZo4k' LIMIT 1
2018-01-06 10:41:52:SELECT * FROM t_user WHERE 1 AND openid = 'oeDcV0W0lW2u-WnondVku8uZZo4k' LIMIT 1
2018-01-06 10:42:02:SELECT * FROM t_user WHERE 1 AND openid = 'oeDcV0W0lW2u-WnondVku8uZZo4k' LIMIT 1
2018-01-06 10:42:21:SELECT * FROM t_user WHERE 1 AND openid = 'oeDcV0W0lW2u-WnondVku8uZZo4k' LIMIT 1
2018-01-06 10:43:32:SELECT * FROM t_user WHERE 1 AND openid = 'oeDcV0W0lW2u-WnondVku8uZZo4k' LIMIT 1
2018-01-06 10:46:41:SELECT * FROM t_user WHERE 1 AND openid = 'oeDcV0W0lW2u-WnondVku8uZZo4k' LIMIT 1
2018-01-06 10:46:45:SELECT * FROM t_user WHERE 1 AND openid = 'oeDcV0W0lW2u-WnondVku8uZZo4k' LIMIT 1
2018-01-06 10:49:49:SELECT * FROM t_user WHERE 1 AND openid = 'oeDcV0W0lW2u-WnondVku8uZZo4k' LIMIT 1
2018-01-06 10:50:52:SELECT * FROM t_user WHERE 1 AND openid = 'oeDcV0W0lW2u-WnondVku8uZZo4k' LIMIT 1
2018-01-06 10:51:38:SELECT * FROM t_user WHERE 1 AND openid = 'oeDcV0W0lW2u-WnondVku8uZZo4k' LIMIT 1
2018-01-06 10:52:04:SELECT * FROM t_user WHERE 1 AND openid = 'oeDcV0W0lW2u-WnondVku8uZZo4k' LIMIT 1
2018-01-06 10:52:22:SELECT * FROM t_user WHERE 1 AND openid = 'oeDcV0W0lW2u-WnondVku8uZZo4k' LIMIT 1
2018-01-06 10:53:40:SELECT * FROM t_user WHERE 1 AND openid = 'oeDcV0W0lW2u-WnondVku8uZZo4k' LIMIT 1
2018-01-06 10:54:24:SELECT * FROM t_user WHERE 1 AND openid = 'oeDcV0W0lW2u-WnondVku8uZZo4k' LIMIT 1
2018-01-06 10:54:51:SELECT * FROM t_user WHERE 1 AND openid = 'oeDcV0W0lW2u-WnondVku8uZZo4k' LIMIT 1
2018-01-06 10:55:00:SELECT * FROM t_user WHERE 1 AND openid = 'oeDcV0W0lW2u-WnondVku8uZZo4k' LIMIT 1
2018-01-06 10:55:58:SELECT * FROM t_user WHERE 1 AND openid = 'oeDcV0W0lW2u-WnondVku8uZZo4k' LIMIT 1
2018-01-06 10:57:55:SELECT * FROM t_user WHERE 1 AND openid = 'oeDcV0W0lW2u-WnondVku8uZZo4k' LIMIT 1
2018-01-06 10:58:23:SELECT * FROM t_user WHERE 1 AND openid = 'oeDcV0W0lW2u-WnondVku8uZZo4k' LIMIT 1
2018-01-06 10:58:32:SELECT * FROM t_user WHERE 1 AND openid = 'oeDcV0W0lW2u-WnondVku8uZZo4k' LIMIT 1
2018-01-06 10:59:18:SELECT * FROM t_user WHERE 1 AND openid = 'oeDcV0W0lW2u-WnondVku8uZZo4k' LIMIT 1
2018-01-06 10:59:29:SELECT * FROM t_user WHERE 1 AND openid = 'oeDcV0W0lW2u-WnondVku8uZZo4k' LIMIT 1
2018-01-06 11:00:55:SELECT * FROM t_user WHERE 1 AND openid = 'oeDcV0W0lW2u-WnondVku8uZZo4k' LIMIT 1
2018-01-06 11:01:03:SELECT * FROM t_user WHERE 1 AND openid = 'oeDcV0W0lW2u-WnondVku8uZZo4k' LIMIT 1
2018-01-06 11:01:07:SELECT * FROM t_user WHERE 1 AND openid = 'oeDcV0W0lW2u-WnondVku8uZZo4k' LIMIT 1
2018-01-06 11:01:36:SELECT * FROM t_user WHERE 1 AND openid = 'oeDcV0W0lW2u-WnondVku8uZZo4k' LIMIT 1
2018-01-06 11:01:51:SELECT * FROM t_user WHERE 1 AND openid = 'oeDcV0W0lW2u-WnondVku8uZZo4k' LIMIT 1
2018-01-06 11:02:06:SELECT * FROM t_user WHERE 1 AND openid = 'oeDcV0W0lW2u-WnondVku8uZZo4k' LIMIT 1
2018-01-06 11:02:16:SELECT * FROM t_user WHERE 1 AND openid = 'oeDcV0W0lW2u-WnondVku8uZZo4k' LIMIT 1
2018-01-06 11:02:35:SELECT * FROM t_user WHERE 1 AND openid = 'oeDcV0W0lW2u-WnondVku8uZZo4k' LIMIT 1
2018-01-06 11:02:55:SELECT * FROM t_user WHERE 1 AND openid = 'oeDcV0W0lW2u-WnondVku8uZZo4k' LIMIT 1
2018-01-06 11:03:04:SELECT * FROM t_user WHERE 1 AND openid = 'oeDcV0W0lW2u-WnondVku8uZZo4k' LIMIT 1
2018-01-06 11:03:36:SELECT * FROM t_user WHERE 1 AND openid = 'oeDcV0W0lW2u-WnondVku8uZZo4k' LIMIT 1
2018-01-06 11:03:41:SELECT * FROM t_user WHERE 1 AND openid = 'oeDcV0W0lW2u-WnondVku8uZZo4k' LIMIT 1
2018-01-06 11:03:45:SELECT * FROM t_user WHERE 1 AND openid = 'oeDcV0W0lW2u-WnondVku8uZZo4k' LIMIT 1
2018-01-06 11:03:53:SELECT * FROM t_user WHERE 1 AND openid = 'oeDcV0W0lW2u-WnondVku8uZZo4k' LIMIT 1
2018-01-06 11:04:48:SELECT * FROM t_user WHERE 1 AND openid = 'oeDcV0W0lW2u-WnondVku8uZZo4k' LIMIT 1
2018-01-06 11:05:53:SELECT * FROM t_user WHERE 1 AND openid = 'oeDcV0W0lW2u-WnondVku8uZZo4k' LIMIT 1
2018-01-06 11:06:03:SELECT * FROM t_user WHERE 1 AND openid = 'oeDcV0W0lW2u-WnondVku8uZZo4k' LIMIT 1
2018-01-06 11:06:05:SELECT * FROM t_user WHERE 1 AND openid = 'oeDcV0W0lW2u-WnondVku8uZZo4k' LIMIT 1
2018-01-06 11:07:23:SELECT * FROM t_user WHERE 1 AND openid = 'oeDcV0W0lW2u-WnondVku8uZZo4k' LIMIT 1
2018-01-06 11:07:43:SELECT * FROM t_user WHERE 1 AND openid = 'oeDcV0W0lW2u-WnondVku8uZZo4k' LIMIT 1
2018-01-06 11:08:07:SELECT * FROM t_user WHERE 1 AND openid = 'oeDcV0W0lW2u-WnondVku8uZZo4k' LIMIT 1
2018-01-06 11:08:26:SELECT * FROM t_user WHERE 1 AND openid = 'oeDcV0W0lW2u-WnondVku8uZZo4k' LIMIT 1
2018-01-06 11:08:40:SELECT * FROM t_user WHERE 1 AND openid = 'oeDcV0W0lW2u-WnondVku8uZZo4k' LIMIT 1
2018-01-06 11:08:42:SELECT * FROM t_user WHERE 1 AND openid = 'oeDcV0W0lW2u-WnondVku8uZZo4k' LIMIT 1
2018-01-06 11:08:55:SELECT * FROM t_user WHERE 1 AND openid = 'oeDcV0W0lW2u-WnondVku8uZZo4k' LIMIT 1
2018-01-06 11:20:05:SELECT * FROM t_user WHERE 1 AND openid = 'oeDcV0W0lW2u-WnondVku8uZZo4k' LIMIT 1
2018-01-06 11:20:27:SELECT * FROM t_user WHERE 1 AND openid = 'oeDcV0TIhZCvU1UFnqrdS_fKJxW0' LIMIT 1
2018-01-06 11:21:11:SELECT * FROM t_user WHERE 1 AND openid = 'oeDcV0W0lW2u-WnondVku8uZZo4k' LIMIT 1
2018-01-06 11:21:22:SELECT * FROM t_user WHERE 1 AND openid = 'oeDcV0W0lW2u-WnondVku8uZZo4k' LIMIT 1
2018-01-06 11:21:45:SELECT * FROM t_user WHERE 1 AND openid = 'oeDcV0TIhZCvU1UFnqrdS_fKJxW0' LIMIT 1
2018-01-06 11:21:47:SELECT * FROM t_user WHERE 1 AND openid = 'oeDcV0TIhZCvU1UFnqrdS_fKJxW0' LIMIT 1
2018-01-06 11:22:22:SELECT * FROM t_user WHERE 1 AND openid = 'oeDcV0TIhZCvU1UFnqrdS_fKJxW0' LIMIT 1
2018-01-06 11:22:25:SELECT * FROM t_user WHERE 1 AND openid = 'oeDcV0W0lW2u-WnondVku8uZZo4k' LIMIT 1
2018-01-06 11:22:45:SELECT * FROM t_act WHERE 1  LIMIT 0,50
2018-01-06 11:22:45:SELECT * FROM t_user WHERE 1 AND openid = 'oeDcV0TIhZCvU1UFnqrdS_fKJxW0' LIMIT 1
2018-01-06 11:22:45:SELECT * FROM t_act WHERE 1  LIMIT 0,50
2018-01-06 11:22:51:SELECT * FROM t_act WHERE 1  LIMIT 0,50
2018-01-06 11:22:51:SELECT * FROM t_user WHERE 1 AND openid = 'oeDcV0TIhZCvU1UFnqrdS_fKJxW0' LIMIT 1
2018-01-06 11:22:56:SELECT * FROM t_user WHERE 1 AND openid = 'oeDcV0TIhZCvU1UFnqrdS_fKJxW0' LIMIT 1
2018-01-06 11:22:56:SELECT * FROM t_user_money WHERE 1 AND openid="oeDcV0TIhZCvU1UFnqrdS_fKJxW0" LIMIT 1
2018-01-06 11:22:56:SELECT * FROM t_user WHERE 1 AND openid = 'oeDcV0TIhZCvU1UFnqrdS_fKJxW0' LIMIT 1
2018-01-06 11:22:56:SELECT * FROM t_act WHERE 1  LIMIT 0,50
2018-01-06 11:22:56:SELECT * FROM t_user_money WHERE 1 AND openid="oeDcV0TIhZCvU1UFnqrdS_fKJxW0" LIMIT 1
2018-01-06 11:23:03:SELECT * FROM t_act WHERE 1  LIMIT 0,50
2018-01-06 11:23:03:SELECT * FROM t_user WHERE 1 AND openid = 'oeDcV0W0lW2u-WnondVku8uZZo4k' LIMIT 1
2018-01-06 11:23:03:SELECT * FROM t_user_money WHERE 1 AND openid="oeDcV0TIhZCvU1UFnqrdS_fKJxW0" LIMIT 1
2018-01-06 11:23:04:SELECT * FROM t_user WHERE 1 AND openid = 'oeDcV0TIhZCvU1UFnqrdS_fKJxW0' LIMIT 1
2018-01-06 11:23:06:SELECT * FROM t_act WHERE 1  LIMIT 0,50
2018-01-06 11:23:06:SELECT * FROM t_user_money WHERE 1 AND openid="oeDcV0TIhZCvU1UFnqrdS_fKJxW0" LIMIT 1
2018-01-06 11:23:06:SELECT * FROM t_user WHERE 1 AND openid = 'oeDcV0TIhZCvU1UFnqrdS_fKJxW0' LIMIT 1
2018-01-06 11:23:16:SELECT * FROM t_user WHERE 1 AND openid = 'oeDcV0W0lW2u-WnondVku8uZZo4k' LIMIT 1
2018-01-06 11:23:54:SELECT * FROM t_user WHERE 1 AND openid = 'oeDcV0W0lW2u-WnondVku8uZZo4k' LIMIT 1
2018-01-06 11:24:17:SELECT * FROM t_user WHERE 1 AND openid = 'oeDcV0W0lW2u-WnondVku8uZZo4k' LIMIT 1
2018-01-06 11:24:23:SELECT * FROM t_user WHERE 1 AND openid = 'oeDcV0TIhZCvU1UFnqrdS_fKJxW0' LIMIT 1
2018-01-06 11:24:24:SELECT * FROM t_user WHERE 1 AND openid = 'oeDcV0TIhZCvU1UFnqrdS_fKJxW0' LIMIT 1
2018-01-06 11:24:34:SELECT * FROM t_user WHERE 1 AND openid = 'oeDcV0TIhZCvU1UFnqrdS_fKJxW0' LIMIT 1
2018-01-06 11:25:33:SELECT * FROM t_user WHERE 1 AND openid = 'oeDcV0W0lW2u-WnondVku8uZZo4k' LIMIT 1
2018-01-06 11:26:48:SELECT * FROM t_user WHERE 1 AND openid = 'oeDcV0W0lW2u-WnondVku8uZZo4k' LIMIT 1
2018-01-06 11:27:15:SELECT * FROM t_user WHERE 1 AND openid = 'oeDcV0W0lW2u-WnondVku8uZZo4k' LIMIT 1
2018-01-06 11:27:37:SELECT * FROM t_user WHERE 1 AND openid = 'oeDcV0W0lW2u-WnondVku8uZZo4k' LIMIT 1
2018-01-06 11:27:46:SELECT * FROM t_user WHERE 1 AND openid = 'oeDcV0W0lW2u-WnondVku8uZZo4k' LIMIT 1
2018-01-06 11:27:48:SELECT * FROM t_user WHERE 1 AND openid = 'oeDcV0TIhZCvU1UFnqrdS_fKJxW0' LIMIT 1
2018-01-06 11:27:55:SELECT * FROM t_user WHERE 1 AND openid = 'oeDcV0W0lW2u-WnondVku8uZZo4k' LIMIT 1
2018-01-06 11:27:56:SELECT * FROM t_user WHERE 1 AND openid = 'oeDcV0W0lW2u-WnondVku8uZZo4k' LIMIT 1
2018-01-06 11:27:56:SELECT * FROM t_act WHERE 1  LIMIT 0,50
2018-01-06 11:27:57:SELECT * FROM t_user WHERE 1 AND openid = 'oeDcV0TIhZCvU1UFnqrdS_fKJxW0' LIMIT 1
2018-01-06 11:28:06:SELECT * FROM t_user WHERE 1 AND openid = 'oeDcV0W0lW2u-WnondVku8uZZo4k' LIMIT 1
2018-01-06 11:28:16:SELECT * FROM t_user WHERE 1 AND openid = 'oeDcV0W0lW2u-WnondVku8uZZo4k' LIMIT 1
2018-01-06 11:28:25:SELECT * FROM t_user WHERE 1 AND openid = 'oeDcV0TIhZCvU1UFnqrdS_fKJxW0' LIMIT 1
2018-01-06 11:28:29:SELECT * FROM t_user WHERE 1 AND openid = 'oeDcV0TIhZCvU1UFnqrdS_fKJxW0' LIMIT 1
2018-01-06 11:28:33:SELECT * FROM t_user WHERE 1 AND openid = 'oeDcV0W0lW2u-WnondVku8uZZo4k' LIMIT 1
2018-01-06 11:29:13:SELECT * FROM t_user WHERE 1 AND openid = 'oeDcV0TIhZCvU1UFnqrdS_fKJxW0' LIMIT 1
2018-01-06 11:29:19:SELECT * FROM t_user WHERE 1 AND openid = 'oeDcV0TIhZCvU1UFnqrdS_fKJxW0' LIMIT 1
2018-01-06 11:29:32:SELECT * FROM t_user WHERE 1 AND openid = 'oeDcV0TIhZCvU1UFnqrdS_fKJxW0' LIMIT 1
2018-01-06 11:30:19:SELECT * FROM t_user WHERE 1 AND openid = 'oeDcV0W0lW2u-WnondVku8uZZo4k' LIMIT 1
2018-01-06 13:44:25:SELECT * FROM t_act WHERE 1 AND id=15 LIMIT 1
2018-01-06 13:44:25:SELECT count(*) num FROM t_act_user WHERE 1 AND openid='oeDcV0W0lW2u-WnondVku8uZZo4k' LIMIT 1
2018-01-06 13:44:25:SELECT * FROM t_act_group WHERE 1 AND act_id=15
2018-01-06 13:44:25:SELECT * FROM t_act_user WHERE 1 AND act_id=15 AND group_id=1 order by use_time DESC
2018-01-06 13:46:00:SELECT * FROM t_user WHERE 1 AND openid = 'oeDcV0W0lW2u-WnondVku8uZZo4k' LIMIT 1
2018-01-06 13:46:02:SELECT * FROM t_user WHERE 1 AND openid = 'oeDcV0W0lW2u-WnondVku8uZZo4k' LIMIT 1
2018-01-06 13:46:14:SELECT * FROM t_user WHERE 1 AND openid = 'oeDcV0W0lW2u-WnondVku8uZZo4k' LIMIT 1
2018-01-06 13:46:23:SELECT * FROM t_user WHERE 1 AND openid = 'oeDcV0W0lW2u-WnondVku8uZZo4k' LIMIT 1
2018-01-06 13:49:54:SELECT * FROM t_user WHERE 1 AND openid = 'oeDcV0W0lW2u-WnondVku8uZZo4k' LIMIT 1
2018-01-06 13:50:50:SELECT * FROM t_act WHERE 1 AND id=15 LIMIT 1
2018-01-06 13:50:50:SELECT count(*) num FROM t_act_user WHERE 1 AND openid='oeDcV0W0lW2u-WnondVku8uZZo4k' LIMIT 1
2018-01-06 13:50:50:SELECT * FROM t_act_group WHERE 1 AND act_id=15
2018-01-06 13:50:50:SELECT * FROM t_act_user WHERE 1 AND act_id=15 AND group_id=1 order by use_time DESC
2018-01-06 13:53:27:SELECT * FROM t_act WHERE 1 AND id=15 LIMIT 1
2018-01-06 13:53:27:SELECT count(*) num FROM t_act_user WHERE 1 AND openid='oeDcV0W0lW2u-WnondVku8uZZo4k' LIMIT 1
2018-01-06 13:53:27:SELECT * FROM t_act_group WHERE 1 AND act_id=15
2018-01-06 13:53:27:SELECT * FROM t_act_user WHERE 1 AND act_id=15 AND group_id=1 order by use_time DESC
2018-01-06 13:55:14:SELECT * FROM t_user WHERE 1 AND openid = 'oeDcV0W0lW2u-WnondVku8uZZo4k' LIMIT 1
2018-01-06 14:20:19:SELECT * FROM t_act WHERE 1 AND id=15 LIMIT 1
2018-01-06 14:20:19:SELECT count(*) num FROM t_act_user WHERE 1 AND openid='oeDcV0W0lW2u-WnondVku8uZZo4k' LIMIT 1
2018-01-06 14:20:19:SELECT * FROM t_act_group WHERE 1 AND act_id=15
2018-01-06 14:20:19:SELECT * FROM t_act_user WHERE 1 AND act_id=15 AND group_id=1 order by use_time DESC
2018-01-06 14:20:22:SELECT * FROM t_user WHERE 1 AND openid = 'oeDcV0W0lW2u-WnondVku8uZZo4k' LIMIT 1
2018-01-06 14:22:28:SELECT * FROM t_act WHERE 1 AND id=15 LIMIT 1
2018-01-06 14:22:28:SELECT count(*) num FROM t_act_user WHERE 1 AND openid='oeDcV0W0lW2u-WnondVku8uZZo4k' LIMIT 1
2018-01-06 14:22:28:SELECT * FROM t_act_group WHERE 1 AND act_id=15
2018-01-06 14:22:28:SELECT * FROM t_act_user WHERE 1 AND act_id=15 AND group_id=1 order by use_time DESC
2018-01-06 14:22:31:SELECT * FROM t_user WHERE 1 AND openid = 'oeDcV0W0lW2u-WnondVku8uZZo4k' LIMIT 1
2018-01-06 14:27:07:SELECT * FROM t_act WHERE 1 AND id=15 LIMIT 1
2018-01-06 14:27:07:SELECT count(*) num FROM t_act_user WHERE 1 AND openid='oeDcV0W0lW2u-WnondVku8uZZo4k' LIMIT 1
2018-01-06 14:27:07:SELECT * FROM t_act_group WHERE 1 AND act_id=15
2018-01-06 14:27:07:SELECT * FROM t_act_user WHERE 1 AND act_id=15 AND group_id=1 order by use_time DESC
2018-01-06 14:27:31:SELECT * FROM t_user WHERE 1 AND openid = 'oeDcV0W0lW2u-WnondVku8uZZo4k' LIMIT 1
2018-01-06 14:27:34:SELECT * FROM t_user WHERE 1 AND openid = 'oeDcV0W0lW2u-WnondVku8uZZo4k' LIMIT 1
2018-01-06 14:43:46:SELECT * FROM t_act WHERE 1 AND id=15 LIMIT 1
2018-01-06 14:43:46:SELECT count(*) num FROM t_act_user WHERE 1 AND openid='oeDcV0W0lW2u-WnondVku8uZZo4k' LIMIT 1
2018-01-06 14:43:46:SELECT * FROM t_act_group WHERE 1 AND act_id=15
2018-01-06 14:43:46:SELECT * FROM t_act_user WHERE 1 AND act_id=15 AND group_id=1 order by use_time DESC
2018-01-06 15:53:30:SELECT * FROM t_act WHERE 1  LIMIT 0,10
2018-01-06 16:48:56:SELECT * FROM t_user WHERE 1 AND openid = 'oeDcV0TIhZCvU1UFnqrdS_fKJxW0' LIMIT 1
2018-01-06 16:49:06:SELECT * FROM t_act WHERE 1  LIMIT 0,50
2018-01-06 16:49:08:SELECT * FROM t_user WHERE 1 AND openid = 'oeDcV0TIhZCvU1UFnqrdS_fKJxW0' LIMIT 1
2018-01-06 16:49:09:SELECT * FROM t_act WHERE 1  LIMIT 0,50
2018-01-06 16:49:10:SELECT * FROM t_user WHERE 1 AND openid = 'oeDcV0TIhZCvU1UFnqrdS_fKJxW0' LIMIT 1
2018-01-06 16:49:14:SELECT * FROM t_user WHERE 1 AND openid = 'oeDcV0TIhZCvU1UFnqrdS_fKJxW0' LIMIT 1
2018-01-06 16:50:34:SELECT * FROM t_act WHERE 1 AND id=24 LIMIT 1
2018-01-06 16:50:34:SELECT count(*) num FROM t_act_user WHERE 1 AND openid='oeDcV0TIhZCvU1UFnqrdS_fKJxW0' LIMIT 1
2018-01-06 16:50:34:SELECT * FROM t_act_group WHERE 1 AND act_id=24
2018-01-06 16:50:34:SELECT * FROM t_act_user WHERE 1 AND act_id=24 AND group_id=1 order by use_time ASC create_time ASC
2018-01-06 16:51:03:SELECT * FROM t_act WHERE 1 AND id=24 LIMIT 1
2018-01-06 16:51:03:SELECT count(*) num FROM t_act_user WHERE 1 AND openid='oeDcV0TIhZCvU1UFnqrdS_fKJxW0' LIMIT 1
2018-01-06 16:51:03:SELECT * FROM t_act_group WHERE 1 AND act_id=24
2018-01-06 16:51:03:SELECT * FROM t_act_user WHERE 1 AND act_id=24 AND group_id=1 order by use_time ASC create_time ASC
2018-01-06 16:51:03:SELECT * FROM t_user WHERE 1 AND openid = 'oeDcV0TIhZCvU1UFnqrdS_fKJxW0' LIMIT 1
2018-01-06 16:51:06:SELECT * FROM t_act WHERE 1  LIMIT 0,50
2018-01-06 16:51:07:SELECT * FROM t_user_money WHERE 1 AND openid="oeDcV0TIhZCvU1UFnqrdS_fKJxW0" LIMIT 1
2018-01-06 16:51:07:SELECT * FROM t_act WHERE 1  LIMIT 0,50
2018-01-06 16:51:08:SELECT * FROM t_user_money WHERE 1 AND openid="oeDcV0TIhZCvU1UFnqrdS_fKJxW0" LIMIT 1
2018-01-06 16:51:09:SELECT * FROM t_act WHERE 1  LIMIT 0,50
2018-01-06 16:51:10:SELECT * FROM t_user_money WHERE 1 AND openid="oeDcV0TIhZCvU1UFnqrdS_fKJxW0" LIMIT 1
2018-01-06 16:51:11:SELECT * FROM t_act WHERE 1  LIMIT 0,50
2018-01-06 16:51:12:SELECT * FROM t_user_money WHERE 1 AND openid="oeDcV0TIhZCvU1UFnqrdS_fKJxW0" LIMIT 1
2018-01-06 16:51:13:SELECT * FROM t_act WHERE 1  LIMIT 0,50
2018-01-06 16:51:13:SELECT * FROM t_user_money WHERE 1 AND openid="oeDcV0TIhZCvU1UFnqrdS_fKJxW0" LIMIT 1
2018-01-06 16:51:25:SELECT * FROM t_act WHERE 1  LIMIT 0,50
2018-01-06 16:51:26:SELECT * FROM t_user WHERE 1 AND openid = 'oeDcV0TIhZCvU1UFnqrdS_fKJxW0' LIMIT 1
2018-01-06 16:51:27:SELECT * FROM t_act WHERE 1  LIMIT 0,50
2018-01-06 16:51:28:SELECT * FROM t_user WHERE 1 AND openid = 'oeDcV0TIhZCvU1UFnqrdS_fKJxW0' LIMIT 1
2018-01-06 16:51:28:SELECT * FROM t_act WHERE 1  LIMIT 0,50
2018-01-06 16:51:29:SELECT * FROM t_user_money WHERE 1 AND openid="oeDcV0TIhZCvU1UFnqrdS_fKJxW0" LIMIT 1
2018-01-06 16:51:30:SELECT * FROM t_act WHERE 1  LIMIT 0,50
2018-01-06 16:51:31:SELECT * FROM t_user WHERE 1 AND openid = 'oeDcV0TIhZCvU1UFnqrdS_fKJxW0' LIMIT 1
2018-01-06 16:51:32:SELECT * FROM t_act WHERE 1  LIMIT 0,50
2018-01-06 16:51:36:SELECT * FROM t_user_money WHERE 1 AND openid="oeDcV0TIhZCvU1UFnqrdS_fKJxW0" LIMIT 1
2018-01-06 16:51:42:SELECT * FROM t_user WHERE 1 AND openid = 'oeDcV0TIhZCvU1UFnqrdS_fKJxW0' LIMIT 1
2018-01-06 16:51:49:SELECT * FROM t_act WHERE 1  LIMIT 0,50
2018-01-06 16:51:50:SELECT * FROM t_user WHERE 1 AND openid = 'oeDcV0TIhZCvU1UFnqrdS_fKJxW0' LIMIT 1
2018-01-06 16:51:57:SELECT * FROM t_act WHERE 1  LIMIT 0,50
2018-01-06 16:51:59:SELECT * FROM t_act WHERE 1  LIMIT 0,50
2018-01-06 17:01:19:SELECT * FROM t_user WHERE 1 AND openid = 'oeDcV0TIhZCvU1UFnqrdS_fKJxW0' LIMIT 1
2018-01-06 17:01:58:SELECT * FROM t_user WHERE 1 AND openid = 'oeDcV0TIhZCvU1UFnqrdS_fKJxW0' LIMIT 1
2018-01-06 17:02:06:SELECT * FROM t_user WHERE 1 AND openid = 'oeDcV0TIhZCvU1UFnqrdS_fKJxW0' LIMIT 1
2018-01-06 17:02:06:SELECT * FROM t_user_money WHERE 1 AND openid="oeDcV0TIhZCvU1UFnqrdS_fKJxW0" LIMIT 1
2018-01-06 17:02:36:SELECT * FROM t_act WHERE 1  LIMIT 0,50
2018-01-06 17:02:36:SELECT * FROM t_user_money WHERE 1 AND openid="oeDcV0TIhZCvU1UFnqrdS_fKJxW0" LIMIT 1
2018-01-06 17:02:40:SELECT * FROM t_act WHERE 1  LIMIT 0,50
2018-01-06 17:02:41:SELECT * FROM t_user WHERE 1 AND openid = 'oeDcV0TIhZCvU1UFnqrdS_fKJxW0' LIMIT 1
2018-01-06 17:02:42:SELECT * FROM t_act WHERE 1  LIMIT 0,50
2018-01-06 17:02:43:SELECT * FROM t_user WHERE 1 AND openid = 'oeDcV0TIhZCvU1UFnqrdS_fKJxW0' LIMIT 1
2018-01-06 17:02:46:SELECT * FROM t_act WHERE 1  LIMIT 0,50
2018-01-06 17:02:46:SELECT * FROM t_user_money WHERE 1 AND openid="oeDcV0TIhZCvU1UFnqrdS_fKJxW0" LIMIT 1
2018-01-06 17:02:47:SELECT * FROM t_act WHERE 1  LIMIT 0,50
2018-01-06 17:02:47:SELECT * FROM t_user WHERE 1 AND openid = 'oeDcV0TIhZCvU1UFnqrdS_fKJxW0' LIMIT 1
2018-01-06 17:02:48:SELECT * FROM t_act WHERE 1  LIMIT 0,50
2018-01-06 17:02:49:SELECT * FROM t_user_money WHERE 1 AND openid="oeDcV0TIhZCvU1UFnqrdS_fKJxW0" LIMIT 1
2018-01-06 17:02:49:SELECT * FROM t_act WHERE 1  LIMIT 0,50
2018-01-06 17:02:50:SELECT * FROM t_user WHERE 1 AND openid = 'oeDcV0TIhZCvU1UFnqrdS_fKJxW0' LIMIT 1
2018-01-06 17:02:51:SELECT * FROM t_act WHERE 1  LIMIT 0,50
2018-01-06 17:02:52:SELECT * FROM t_user_money WHERE 1 AND openid="oeDcV0TIhZCvU1UFnqrdS_fKJxW0" LIMIT 1
2018-01-06 17:02:52:SELECT * FROM t_act WHERE 1  LIMIT 0,50
2018-01-06 17:02:53:SELECT * FROM t_user WHERE 1 AND openid = 'oeDcV0TIhZCvU1UFnqrdS_fKJxW0' LIMIT 1
2018-01-06 17:02:54:SELECT * FROM t_act WHERE 1  LIMIT 0,50
2018-01-06 17:02:57:SELECT * FROM t_user WHERE 1 AND openid = 'oeDcV0W0lW2u-WnondVku8uZZo4k' LIMIT 1
2018-01-06 17:02:57:SELECT * FROM t_user WHERE 1 AND openid = 'oeDcV0TIhZCvU1UFnqrdS_fKJxW0' LIMIT 1
2018-01-06 17:02:58:SELECT * FROM t_act WHERE 1  LIMIT 0,50
2018-01-06 17:02:59:SELECT * FROM t_user_money WHERE 1 AND openid="oeDcV0TIhZCvU1UFnqrdS_fKJxW0" LIMIT 1
2018-01-06 17:03:00:SELECT * FROM t_user WHERE 1 AND openid = 'oeDcV0TIhZCvU1UFnqrdS_fKJxW0' LIMIT 1
2018-01-06 17:03:01:SELECT * FROM t_act WHERE 1  LIMIT 0,50
2018-01-06 17:03:02:SELECT * FROM t_user WHERE 1 AND openid = 'oeDcV0TIhZCvU1UFnqrdS_fKJxW0' LIMIT 1
2018-01-06 17:03:02:SELECT * FROM t_act WHERE 1  LIMIT 0,50
2018-01-06 17:03:03:SELECT * FROM t_act WHERE 1  LIMIT 0,50
2018-01-06 17:03:04:SELECT * FROM t_user WHERE 1 AND openid = 'oeDcV0TIhZCvU1UFnqrdS_fKJxW0' LIMIT 1
2018-01-06 17:03:13:SELECT * FROM t_act WHERE 1  LIMIT 0,50
2018-01-06 17:03:15:SELECT * FROM t_user WHERE 1 AND openid = 'oeDcV0TIhZCvU1UFnqrdS_fKJxW0' LIMIT 1
2018-01-06 17:03:19:SELECT * FROM t_user WHERE 1 AND openid = 'oeDcV0TIhZCvU1UFnqrdS_fKJxW0' LIMIT 1
2018-01-06 17:11:18:SELECT * FROM t_user WHERE 1 AND openid = 'oeDcV0W0lW2u-WnondVku8uZZo4k' LIMIT 1
2018-01-06 17:11:56:SELECT * FROM t_user WHERE 1 AND openid = 'oeDcV0W0lW2u-WnondVku8uZZo4k' LIMIT 1
2018-01-06 17:23:26:SELECT * FROM t_user WHERE 1 AND openid = 'oeDcV0W0lW2u-WnondVku8uZZo4k' LIMIT 1
2018-01-06 17:31:16:SELECT * FROM t_user WHERE 1 AND openid = 'oeDcV0W0lW2u-WnondVku8uZZo4k' LIMIT 1
2018-01-06 17:31:22:SELECT * FROM t_act WHERE 1 AND id=15 LIMIT 1
2018-01-06 17:31:22:SELECT count(*) num FROM t_act_user WHERE 1 AND openid='oeDcV0W0lW2u-WnondVku8uZZo4k' LIMIT 1
2018-01-06 17:31:22:SELECT * FROM t_act_group WHERE 1 AND act_id=15
2018-01-06 17:31:22:SELECT * FROM t_act_user WHERE 1 AND act_id=15 AND group_id=1 order by use_time ASC create_time ASC
2018-01-06 17:39:38:SELECT * FROM t_user WHERE 1 AND openid = 'oeDcV0W0lW2u-WnondVku8uZZo4k' LIMIT 1
2018-01-06 17:39:48:SELECT * FROM t_user WHERE 1 AND openid = 'oeDcV0W0lW2u-WnondVku8uZZo4k' LIMIT 1
2018-01-06 17:39:57:SELECT * FROM t_user WHERE 1 AND openid = 'oeDcV0W0lW2u-WnondVku8uZZo4k' LIMIT 1
2018-01-06 17:41:07:SELECT * FROM t_user WHERE 1 AND openid = 'oeDcV0W0lW2u-WnondVku8uZZo4k' LIMIT 1
2018-01-06 17:41:54:SELECT * FROM t_user WHERE 1 AND openid = 'oeDcV0W0lW2u-WnondVku8uZZo4k' LIMIT 1
2018-01-06 17:41:59:SELECT * FROM t_user WHERE 1 AND openid = 'oeDcV0W0lW2u-WnondVku8uZZo4k' LIMIT 1
2018-01-06 17:42:08:SELECT * FROM t_user WHERE 1 AND openid = 'oeDcV0W0lW2u-WnondVku8uZZo4k' LIMIT 1
2018-01-06 17:42:57:SELECT * FROM t_user WHERE 1 AND openid = 'oeDcV0W0lW2u-WnondVku8uZZo4k' LIMIT 1
2018-01-06 17:43:02:SELECT * FROM t_user WHERE 1 AND openid = 'oeDcV0W0lW2u-WnondVku8uZZo4k' LIMIT 1
2018-01-06 17:45:43:SELECT * FROM t_user WHERE 1 AND openid = 'oeDcV0W0lW2u-WnondVku8uZZo4k' LIMIT 1
2018-01-06 17:46:28:SELECT * FROM t_user WHERE 1 AND openid = 'oeDcV0W0lW2u-WnondVku8uZZo4k' LIMIT 1
2018-01-06 17:50:39:SELECT * FROM t_user WHERE 1 AND openid = 'oeDcV0W0lW2u-WnondVku8uZZo4k' LIMIT 1
2018-01-06 17:50:54:SELECT * FROM t_user WHERE 1 AND openid = 'oeDcV0W0lW2u-WnondVku8uZZo4k' LIMIT 1
2018-01-06 17:52:47:SELECT * FROM t_user WHERE 1 AND openid = 'oeDcV0W0lW2u-WnondVku8uZZo4k' LIMIT 1
2018-01-06 17:52:55:SELECT * FROM t_user WHERE 1 AND openid = 'oeDcV0W0lW2u-WnondVku8uZZo4k' LIMIT 1
2018-01-06 17:53:05:SELECT * FROM t_user WHERE 1 AND openid = 'oeDcV0W0lW2u-WnondVku8uZZo4k' LIMIT 1
2018-01-06 17:58:31:SELECT * FROM t_user WHERE 1 AND openid = 'oeDcV0W0lW2u-WnondVku8uZZo4k' LIMIT 1
2018-01-06 17:58:35:SELECT * FROM t_user WHERE 1 AND openid = 'oeDcV0W0lW2u-WnondVku8uZZo4k' LIMIT 1
2018-01-06 18:01:05:SELECT * FROM t_act WHERE 1 AND id=15 LIMIT 1
2018-01-06 18:01:05:SELECT count(*) num FROM t_act_user WHERE 1 AND openid='oeDcV0W0lW2u-WnondVku8uZZo4k' LIMIT 1
2018-01-06 18:01:05:SELECT * FROM t_act_group WHERE 1 AND act_id=15
2018-01-06 18:01:06:SELECT * FROM t_act_user WHERE 1 AND act_id=15 AND group_id=1 order by use_time ASC create_time ASC
2018-01-06 18:01:30:SELECT * FROM t_act WHERE 1 AND id=26 LIMIT 1
2018-01-06 18:01:30:SELECT count(*) num FROM t_act_user WHERE 1 AND openid='oeDcV0W0lW2u-WnondVku8uZZo4k' LIMIT 1
2018-01-06 18:01:30:SELECT * FROM t_act_group WHERE 1 AND act_id=26
2018-01-06 18:01:30:SELECT * FROM t_act_user WHERE 1 AND act_id=26 AND group_id=1 order by use_time ASC create_time ASC
2018-01-06 18:01:45:SELECT * FROM t_act WHERE 1 AND id=26 LIMIT 1
2018-01-06 18:01:45:SELECT count(*) num FROM t_act_user WHERE 1 AND openid='oeDcV0W0lW2u-WnondVku8uZZo4k' LIMIT 1
2018-01-06 18:01:45:SELECT * FROM t_act_group WHERE 1 AND act_id=26
2018-01-06 18:01:45:SELECT * FROM t_act_user WHERE 1 AND act_id=26 AND group_id=1 order by use_time ASC create_time ASC
2018-01-06 18:02:04:SELECT * FROM t_act WHERE 1 AND id=26 LIMIT 1
2018-01-06 18:02:04:SELECT count(*) num FROM t_act_user WHERE 1 AND openid='oeDcV0W0lW2u-WnondVku8uZZo4k' LIMIT 1
2018-01-06 18:02:04:SELECT * FROM t_act_group WHERE 1 AND act_id=26
2018-01-06 18:02:04:SELECT * FROM t_act_user WHERE 1 AND act_id=26 AND group_id=undefined order by use_time ASC create_time ASC
2018-01-06 18:02:23:SELECT * FROM t_act WHERE 1 AND id=26 LIMIT 1
2018-01-06 18:02:23:SELECT count(*) num FROM t_act_user WHERE 1 AND openid='oeDcV0W0lW2u-WnondVku8uZZo4k' LIMIT 1
2018-01-06 18:02:23:SELECT * FROM t_act_group WHERE 1 AND act_id=26
2018-01-06 18:02:23:SELECT * FROM t_act_user WHERE 1 AND act_id=26 AND group_id=1 order by use_time ASC create_time ASC
2018-01-06 18:03:36:SELECT * FROM t_act WHERE 1 AND id=26 LIMIT 1
2018-01-06 18:03:36:SELECT count(*) num FROM t_act_user WHERE 1 AND openid='oeDcV0W0lW2u-WnondVku8uZZo4k' LIMIT 1
2018-01-06 18:03:36:SELECT * FROM t_act_group WHERE 1 AND act_id=26
2018-01-06 18:03:36:SELECT * FROM t_act_user WHERE 1 AND act_id=26 AND group_id=1 order by use_time ASC, create_time ASC
2018-01-06 18:03:46:SELECT * FROM t_act WHERE 1 AND id=26 LIMIT 1
2018-01-06 18:03:47:SELECT count(*) num FROM t_act_user WHERE 1 AND openid='oeDcV0W0lW2u-WnondVku8uZZo4k' LIMIT 1
2018-01-06 18:03:47:SELECT * FROM t_act_group WHERE 1 AND act_id=26
2018-01-06 18:07:55:SELECT * FROM t_act WHERE 1 AND id=26 LIMIT 1
2018-01-06 18:07:55:SELECT * FROM t_act_pic WHERE 1 AND act_id=26
2018-01-06 18:07:55:SELECT count(*) num FROM t_act_user WHERE 1 AND openid='oeDcV0W0lW2u-WnondVku8uZZo4k' LIMIT 1
2018-01-06 18:07:55:SELECT * FROM t_act_group WHERE 1 AND act_id=26
2018-01-06 18:09:25:SELECT * FROM t_act WHERE 1 AND id=26 LIMIT 1
2018-01-06 18:09:26:SELECT * FROM t_act_pic WHERE 1 AND act_id=26
2018-01-06 18:09:26:SELECT count(*) num FROM t_act_user WHERE 1 AND openid='oeDcV0W0lW2u-WnondVku8uZZo4k' LIMIT 1
2018-01-06 18:09:26:SELECT * FROM t_act_group WHERE 1 AND act_id=26
2018-01-06 18:28:39:SELECT * FROM t_act WHERE 1 AND id=26 LIMIT 1
2018-01-06 18:28:39:SELECT * FROM t_act_pic WHERE 1 AND act_id=26
2018-01-06 18:28:39:SELECT count(*) num FROM t_act_user WHERE 1 AND openid='oeDcV0W0lW2u-WnondVku8uZZo4k' LIMIT 1
2018-01-06 18:28:39:SELECT * FROM t_act_group WHERE 1 AND act_id=26
2018-01-06 18:30:38:SELECT * FROM t_act WHERE 1 AND id=26 LIMIT 1
2018-01-06 18:30:38:SELECT * FROM t_act_pic WHERE 1 AND act_id=26
2018-01-06 18:30:38:SELECT count(*) num FROM t_act_user WHERE 1 AND openid='oeDcV0W0lW2u-WnondVku8uZZo4k' LIMIT 1
2018-01-06 18:30:38:SELECT * FROM t_act_group WHERE 1 AND act_id=26
2018-01-06 18:31:25:SELECT * FROM t_act WHERE 1 AND id=26 LIMIT 1
2018-01-06 18:31:25:SELECT * FROM t_act_pic WHERE 1 AND act_id=26
2018-01-06 18:31:26:SELECT count(*) num FROM t_act_user WHERE 1 AND openid='oeDcV0W0lW2u-WnondVku8uZZo4k' LIMIT 1
2018-01-06 18:31:26:SELECT * FROM t_act_group WHERE 1 AND act_id=26
2018-01-06 18:36:21:SELECT * FROM t_act WHERE 1 AND id=26 LIMIT 1
2018-01-06 18:36:21:SELECT * FROM t_act_pic WHERE 1 AND act_id=26
2018-01-06 18:36:21:SELECT count(*) num FROM t_act_user WHERE 1 AND openid='oeDcV0W0lW2u-WnondVku8uZZo4k' LIMIT 1
2018-01-06 18:36:21:SELECT * FROM t_act_group WHERE 1 AND act_id=26
2018-01-06 18:37:04:SELECT * FROM t_act WHERE 1 AND id=26 LIMIT 1
2018-01-06 18:37:04:SELECT * FROM t_act_pic WHERE 1 AND act_id=26
2018-01-06 18:37:04:SELECT count(*) num FROM t_act_user WHERE 1 AND openid='oeDcV0W0lW2u-WnondVku8uZZo4k' LIMIT 1
2018-01-06 18:37:04:SELECT * FROM t_act_group WHERE 1 AND act_id=26
2018-01-06 18:38:06:SELECT * FROM t_act WHERE 1 AND id=26 LIMIT 1
2018-01-06 18:38:06:SELECT * FROM t_act_pic WHERE 1 AND act_id=26
2018-01-06 18:38:06:SELECT count(*) num FROM t_act_user WHERE 1 AND openid='oeDcV0W0lW2u-WnondVku8uZZo4k' LIMIT 1
2018-01-06 18:38:06:SELECT * FROM t_act_group WHERE 1 AND act_id=26
2018-01-06 18:38:23:SELECT * FROM t_act WHERE 1 AND id=26 LIMIT 1
2018-01-06 18:38:23:SELECT * FROM t_act_pic WHERE 1 AND act_id=26
2018-01-06 18:38:23:SELECT count(*) num FROM t_act_user WHERE 1 AND openid='oeDcV0W0lW2u-WnondVku8uZZo4k' LIMIT 1
2018-01-06 18:38:23:SELECT * FROM t_act_group WHERE 1 AND act_id=26
2018-01-06 18:40:53:SELECT * FROM t_act WHERE 1 AND id=26 LIMIT 1
2018-01-06 18:40:53:SELECT * FROM t_act_pic WHERE 1 AND act_id=26
2018-01-06 18:40:53:SELECT * FROM t_user WHERE 1 AND openid='oeDcV0W0lW2u-WnondVku8uZZo4k' LIMIT 1
2018-01-06 18:40:53:SELECT count(*) num FROM t_act_user WHERE 1 AND openid='oeDcV0W0lW2u-WnondVku8uZZo4k' LIMIT 1
2018-01-06 18:40:54:SELECT * FROM t_act_group WHERE 1 AND act_id=26
2018-01-06 18:43:27:SELECT * FROM t_user WHERE 1 AND openid = 'oeDcV0W0lW2u-WnondVku8uZZo4k' LIMIT 1
2018-01-06 18:43:30:SELECT * FROM t_act WHERE 1 AND id=26 LIMIT 1
2018-01-06 18:43:30:SELECT * FROM t_act_pic WHERE 1 AND act_id=26
2018-01-06 18:43:30:SELECT * FROM t_user WHERE 1 AND openid='oeDcV0W0lW2u-WnondVku8uZZo4k' LIMIT 1
2018-01-06 18:43:30:SELECT count(*) num FROM t_act_user WHERE 1 AND openid='oeDcV0W0lW2u-WnondVku8uZZo4k' LIMIT 1
2018-01-06 18:43:30:SELECT * FROM t_act_group WHERE 1 AND act_id=26
2018-01-06 18:45:53:SELECT * FROM t_act WHERE 1 AND id=26 LIMIT 1
2018-01-06 18:45:53:SELECT * FROM t_act_pic WHERE 1 AND act_id=26
2018-01-06 18:45:53:SELECT * FROM t_user WHERE 1 AND openid='oeDcV0W0lW2u-WnondVku8uZZo4k' LIMIT 1
2018-01-06 18:45:53:SELECT count(*) num FROM t_act_user WHERE 1 AND act_id=26 AND openid='oeDcV0W0lW2u-WnondVku8uZZo4k' LIMIT 1
2018-01-06 18:45:53:SELECT * FROM t_act_group WHERE 1 AND act_id=26
2018-01-06 18:45:59:SELECT * FROM t_act WHERE 1 AND id=26 LIMIT 1
2018-01-06 18:45:59:SELECT * FROM t_act_pic WHERE 1 AND act_id=26
2018-01-06 18:45:59:SELECT * FROM t_user WHERE 1 AND openid='oeDcV0W0lW2u-WnondVku8uZZo4k' LIMIT 1
2018-01-06 18:45:59:SELECT count(*) num FROM t_act_user WHERE 1 AND act_id=26 AND openid='oeDcV0W0lW2u-WnondVku8uZZo4k' LIMIT 1
2018-01-06 18:45:59:SELECT * FROM t_act_group WHERE 1 AND act_id=26
2018-01-06 18:57:30:SELECT * FROM t_act WHERE 1 AND id=26 LIMIT 1
2018-01-06 18:57:30:SELECT * FROM t_act_pic WHERE 1 AND act_id=26
2018-01-06 18:57:30:SELECT * FROM t_user WHERE 1 AND openid='oeDcV0W0lW2u-WnondVku8uZZo4k' LIMIT 1
2018-01-06 18:57:30:SELECT count(*) num FROM t_act_user WHERE 1 AND act_id=26 AND openid='oeDcV0W0lW2u-WnondVku8uZZo4k' LIMIT 1
2018-01-06 18:57:30:SELECT * FROM t_act_group WHERE 1 AND act_id=26
2018-01-06 19:00:17:SELECT * FROM t_act WHERE 1 AND id=26 LIMIT 1
2018-01-06 19:00:17:SELECT * FROM t_act_pic WHERE 1 AND act_id=26
2018-01-06 19:00:17:SELECT * FROM t_user WHERE 1 AND openid='oeDcV0W0lW2u-WnondVku8uZZo4k' LIMIT 1
2018-01-06 19:00:17:SELECT count(*) num FROM t_act_user WHERE 1 AND act_id=26 AND openid='oeDcV0W0lW2u-WnondVku8uZZo4k' LIMIT 1
2018-01-06 19:00:17:SELECT * FROM t_act_group WHERE 1 AND act_id=26
2018-01-06 19:01:15:SELECT * FROM t_act WHERE 1 AND id=26 LIMIT 1
2018-01-06 19:01:15:SELECT * FROM t_act_pic WHERE 1 AND act_id=26
2018-01-06 19:01:15:SELECT * FROM t_user WHERE 1 AND openid='oeDcV0W0lW2u-WnondVku8uZZo4k' LIMIT 1
2018-01-06 19:01:15:SELECT count(*) num FROM t_act_user WHERE 1 AND act_id=26 AND openid='oeDcV0W0lW2u-WnondVku8uZZo4k' LIMIT 1
2018-01-06 19:01:15:SELECT * FROM t_act_group WHERE 1 AND act_id=26
2018-01-06 19:01:35:SELECT count(*) num FROM t_act_user WHERE 1 AND openid='oeDcV0W0lW2u-WnondVku8uZZo4k' LIMIT 1
2018-01-06 19:04:14:SELECT * FROM t_act WHERE 1 AND id=26 LIMIT 1
2018-01-06 19:04:14:SELECT * FROM t_act_pic WHERE 1 AND act_id=26
2018-01-06 19:04:14:SELECT * FROM t_user WHERE 1 AND openid='oeDcV0W0lW2u-WnondVku8uZZo4k' LIMIT 1
2018-01-06 19:04:14:SELECT count(*) num FROM t_act_user WHERE 1 AND act_id=26 AND openid='oeDcV0W0lW2u-WnondVku8uZZo4k' LIMIT 1
2018-01-06 19:04:14:SELECT * FROM t_act_group WHERE 1 AND act_id=26
2018-01-06 19:04:30:SELECT count(*) num FROM t_act_user WHERE 1 AND openid='oeDcV0W0lW2u-WnondVku8uZZo4k' LIMIT 1
2018-01-06 19:08:41:SELECT * FROM t_act WHERE 1 AND id=26 LIMIT 1
2018-01-06 19:08:41:SELECT * FROM t_act_pic WHERE 1 AND act_id=26
2018-01-06 19:08:41:SELECT * FROM t_user WHERE 1 AND openid='oeDcV0W0lW2u-WnondVku8uZZo4k' LIMIT 1
2018-01-06 19:08:41:SELECT count(*) num FROM t_act_user WHERE 1 AND act_id=26 AND openid='oeDcV0W0lW2u-WnondVku8uZZo4k' AND group_id=10 LIMIT 1
2018-01-06 19:08:41:SELECT * FROM t_act_group WHERE 1 AND act_id=26
2018-01-06 19:08:41:SELECT * FROM t_act_user WHERE 1 AND act_id=26 AND group_id=10 order by use_time ASC, create_time ASC
2018-01-06 19:08:47:SELECT * FROM t_user WHERE 1 AND openid = 'oeDcV0W0lW2u-WnondVku8uZZo4k' LIMIT 1
2018-01-06 19:09:59:SELECT * FROM t_user WHERE 1 AND openid = 'oeDcV0W0lW2u-WnondVku8uZZo4k' LIMIT 1
2018-01-06 19:26:20:SELECT * FROM t_user WHERE 1 AND openid = 'oeDcV0TIhZCvU1UFnqrdS_fKJxW0' LIMIT 1
2018-01-06 19:26:22:SELECT * FROM t_act WHERE 1  LIMIT 0,50
2018-01-06 19:26:25:SELECT * FROM t_user WHERE 1 AND openid = 'oeDcV0TIhZCvU1UFnqrdS_fKJxW0' LIMIT 1
2018-01-06 19:26:30:SELECT * FROM t_user WHERE 1 AND openid = 'oeDcV0TIhZCvU1UFnqrdS_fKJxW0' LIMIT 1
2018-01-06 19:26:44:SELECT * FROM t_user WHERE 1 AND openid = 'oeDcV0TIhZCvU1UFnqrdS_fKJxW0' LIMIT 1
2018-01-06 19:26:53:SELECT * FROM t_user WHERE 1 AND openid = 'oeDcV0TIhZCvU1UFnqrdS_fKJxW0' LIMIT 1
2018-01-06 19:36:09:SELECT * FROM t_user WHERE 1 AND openid = 'oeDcV0W0lW2u-WnondVku8uZZo4k' LIMIT 1
2018-01-06 19:36:20:SELECT * FROM t_user WHERE 1 AND openid = 'oeDcV0W0lW2u-WnondVku8uZZo4k' LIMIT 1
