2018-01-19 01:23:47:SELECT * FROM t_user_money WHERE 1 AND openid="oeDcV0TIhZCvU1UFnqrdS_fKJxW0" LIMIT 1
2018-01-19 01:24:03:SELECT * FROM t_user_money WHERE 1 AND openid="oeDcV0TIhZCvU1UFnqrdS_fKJxW0" LIMIT 1
2018-01-19 01:27:57:SELECT * FROM t_user_money WHERE 1 AND openid="oeDcV0TIhZCvU1UFnqrdS_fKJxW0" LIMIT 1
2018-01-19 01:29:37:SELECT * FROM t_user_money WHERE 1 AND openid="oeDcV0TIhZCvU1UFnqrdS_fKJxW0" LIMIT 1
2018-01-19 01:41:14:SELECT * FROM t_user_money WHERE 1 AND openid="oeDcV0TIhZCvU1UFnqrdS_fKJxW0" LIMIT 1
2018-01-19 09:56:26:SELECT * FROM t_user WHERE 1 AND openid = 'oeDcV0W0lW2u-WnondVku8uZZo4k' LIMIT 1
2018-01-19 10:21:32:SELECT * FROM t_user WHERE 1 AND openid = 'oqwUY4yUqU2tV5iezn8AOBiC0Kj0' LIMIT 1
2018-01-19 10:21:33:SELECT * FROM t_user WHERE 1 AND openid = 'oqwUY4yUqU2tV5iezn8AOBiC0Kj0' LIMIT 1
2018-01-19 10:21:47:SELECT * FROM t_user WHERE 1 AND openid = 'oqwUY4yUqU2tV5iezn8AOBiC0Kj0' LIMIT 1
2018-01-19 10:21:50:SELECT * FROM t_user WHERE 1 AND openid = 'oqwUY4yUqU2tV5iezn8AOBiC0Kj0' LIMIT 1
2018-01-19 10:22:27:SELECT * FROM t_user WHERE 1 AND openid = 'oqwUY4yUqU2tV5iezn8AOBiC0Kj0' LIMIT 1
2018-01-19 10:22:31:SELECT gender FROM t_user WHERE 1 AND openid='oqwUY4yUqU2tV5iezn8AOBiC0Kj0' LIMIT 1
2018-01-19 10:22:31:SELECT * FROM t_act WHERE 1  AND is_list=1 AND (end_time=0 OR end_time>1516328551) AND limit_sex IN(0,) order by add_time DESC LIMIT 0,8
2018-01-19 10:23:03:SELECT * FROM t_user WHERE 1 AND openid = 'oqwUY4yUqU2tV5iezn8AOBiC0Kj0' LIMIT 1
2018-01-19 10:23:03:SELECT * FROM t_user WHERE 1 AND openid = 'oqwUY4yUqU2tV5iezn8AOBiC0Kj0' LIMIT 1
2018-01-19 10:23:15:SELECT * FROM t_user WHERE 1 AND openid = 'oqwUY4yUqU2tV5iezn8AOBiC0Kj0' LIMIT 1
2018-01-19 10:23:16:SELECT * FROM t_user WHERE 1 AND openid = 'oqwUY4yUqU2tV5iezn8AOBiC0Kj0' LIMIT 1
2018-01-19 10:23:39:SELECT gender FROM t_user WHERE 1 AND openid='oqwUY4yUqU2tV5iezn8AOBiC0Kj0' LIMIT 1
2018-01-19 10:23:39:SELECT * FROM t_act WHERE 1  AND is_list=1 AND (end_time=0 OR end_time>1516328619) AND limit_sex IN(0,) order by add_time DESC LIMIT 0,8
2018-01-19 10:24:42:SELECT act_id,use_time,create_time,get_award,get_ranking FROM t_act_user WHERE 1  AND openid ='oqwUY4yUqU2tV5iezn8AOBiC0Kj0' order by create_time DESC LIMIT 0,2
2018-01-19 10:24:42:SELECT * FROM t_user_money WHERE 1 AND openid="oqwUY4yUqU2tV5iezn8AOBiC0Kj0" LIMIT 1
2018-01-19 10:24:42:SELECT COUNT(*) total, SUM(get_award) total_money FROM t_act_user WHERE 1  AND openid ='oqwUY4yUqU2tV5iezn8AOBiC0Kj0' LIMIT 1
2018-01-19 10:24:44:SELECT id,pic,add_time,pay_total,pay_fee,num_group FROM t_act WHERE 1  AND openid ='oqwUY4yUqU2tV5iezn8AOBiC0Kj0' order by add_time DESC LIMIT 0,20
2018-01-19 10:24:44:SELECT COUNT(*) total, SUM((pay_total-pay_fee)) money_total FROM t_act WHERE 1  AND openid ='oqwUY4yUqU2tV5iezn8AOBiC0Kj0' LIMIT 1
2018-01-19 10:24:47:SELECT * FROM t_user_money WHERE 1 AND openid="oqwUY4yUqU2tV5iezn8AOBiC0Kj0" LIMIT 1
2018-01-19 10:24:47:SELECT act_id,use_time,create_time,get_award,get_ranking FROM t_act_user WHERE 1  AND openid ='oqwUY4yUqU2tV5iezn8AOBiC0Kj0' order by create_time DESC LIMIT 0,2
2018-01-19 10:24:47:SELECT COUNT(*) total, SUM(get_award) total_money FROM t_act_user WHERE 1  AND openid ='oqwUY4yUqU2tV5iezn8AOBiC0Kj0' LIMIT 1
2018-01-19 10:24:48:SELECT act_id,use_time,create_time,get_award,get_ranking FROM t_act_user WHERE 1  AND openid ='oqwUY4yUqU2tV5iezn8AOBiC0Kj0' order by create_time DESC LIMIT 0,20
2018-01-19 10:24:48:SELECT COUNT(*) total, SUM(get_award) total_money FROM t_act_user WHERE 1  AND openid ='oqwUY4yUqU2tV5iezn8AOBiC0Kj0' LIMIT 1
2018-01-19 10:25:56:SELECT act_id,use_time,create_time,get_award,get_ranking FROM t_act_user WHERE 1  AND openid ='oqwUY4yUqU2tV5iezn8AOBiC0Kj0' order by create_time DESC LIMIT 0,20
2018-01-19 10:25:56:SELECT COUNT(*) total, SUM(get_award) total_money FROM t_act_user WHERE 1  AND openid ='oqwUY4yUqU2tV5iezn8AOBiC0Kj0' LIMIT 1
2018-01-19 10:26:45:SELECT gender FROM t_user WHERE 1 AND openid='oqwUY4yUqU2tV5iezn8AOBiC0Kj0' LIMIT 1
2018-01-19 10:26:45:SELECT * FROM t_act WHERE 1  AND is_list=1 AND (end_time=0 OR end_time>1516328805) AND limit_sex IN(0,) order by add_time DESC LIMIT 0,8
2018-01-19 10:27:47:SELECT * FROM t_user WHERE 1 AND openid = 'oqwUY4yUqU2tV5iezn8AOBiC0Kj0' LIMIT 1
2018-01-19 10:27:47:SELECT * FROM t_user WHERE 1 AND openid = 'oqwUY4yUqU2tV5iezn8AOBiC0Kj0' LIMIT 1
2018-01-19 10:27:47:SELECT * FROM t_user WHERE 1 AND openid = 'oqwUY4yUqU2tV5iezn8AOBiC0Kj0' LIMIT 1
2018-01-19 10:35:21:SELECT act_id,use_time,create_time,get_award,get_ranking FROM t_act_user WHERE 1  AND openid ='oqwUY4yUqU2tV5iezn8AOBiC0Kj0' order by create_time DESC LIMIT 0,20
2018-01-19 10:35:22:SELECT COUNT(*) total, SUM(get_award) total_money FROM t_act_user WHERE 1  AND openid ='oqwUY4yUqU2tV5iezn8AOBiC0Kj0' LIMIT 1
2018-01-19 13:39:41:SELECT * FROM t_user WHERE 1 AND openid = 'oqwUY4yUqU2tV5iezn8AOBiC0Kj0' LIMIT 1
2018-01-19 13:39:43:SELECT * FROM t_user WHERE 1 AND openid = 'oqwUY4yUqU2tV5iezn8AOBiC0Kj0' LIMIT 1
2018-01-19 13:40:20:SELECT * FROM t_user_money WHERE 1 AND openid="oqwUY4yUqU2tV5iezn8AOBiC0Kj0" LIMIT 1
2018-01-19 13:40:20:SELECT act_id,use_time,create_time,get_award,get_ranking FROM t_act_user WHERE 1  AND openid ='oqwUY4yUqU2tV5iezn8AOBiC0Kj0' order by create_time DESC LIMIT 0,2
2018-01-19 13:40:20:SELECT COUNT(*) total, SUM(get_award) total_money FROM t_act_user WHERE 1  AND openid ='oqwUY4yUqU2tV5iezn8AOBiC0Kj0' LIMIT 1
2018-01-19 13:40:25:SELECT id,pic,add_time,pay_total,pay_fee,num_group FROM t_act WHERE 1  AND openid ='oqwUY4yUqU2tV5iezn8AOBiC0Kj0' order by add_time DESC LIMIT 0,20
2018-01-19 13:40:25:SELECT COUNT(*) total, SUM((pay_total-pay_fee)) money_total FROM t_act WHERE 1  AND openid ='oqwUY4yUqU2tV5iezn8AOBiC0Kj0' LIMIT 1
2018-01-19 13:41:39:SELECT * FROM t_user WHERE 1 AND openid = 'oqwUY4yUqU2tV5iezn8AOBiC0Kj0' LIMIT 1
2018-01-19 13:41:39:SELECT * FROM t_user WHERE 1 AND openid = 'oqwUY4yUqU2tV5iezn8AOBiC0Kj0' LIMIT 1
2018-01-19 13:41:43:SELECT * FROM t_user_money WHERE 1 AND openid="oqwUY4yUqU2tV5iezn8AOBiC0Kj0" LIMIT 1
2018-01-19 13:41:43:SELECT act_id,use_time,create_time,get_award,get_ranking FROM t_act_user WHERE 1  AND openid ='oqwUY4yUqU2tV5iezn8AOBiC0Kj0' order by create_time DESC LIMIT 0,2
2018-01-19 13:41:43:SELECT COUNT(*) total, SUM(get_award) total_money FROM t_act_user WHERE 1  AND openid ='oqwUY4yUqU2tV5iezn8AOBiC0Kj0' LIMIT 1
2018-01-19 13:41:46:SELECT id,pic,add_time,pay_total,pay_fee,num_group FROM t_act WHERE 1  AND openid ='oqwUY4yUqU2tV5iezn8AOBiC0Kj0' order by add_time DESC LIMIT 0,20
2018-01-19 13:41:46:SELECT COUNT(*) total, SUM((pay_total-pay_fee)) money_total FROM t_act WHERE 1  AND openid ='oqwUY4yUqU2tV5iezn8AOBiC0Kj0' LIMIT 1
2018-01-19 13:41:47:SELECT act_id,use_time,create_time,get_award,get_ranking FROM t_act_user WHERE 1  AND openid ='oqwUY4yUqU2tV5iezn8AOBiC0Kj0' order by create_time DESC LIMIT 0,20
2018-01-19 13:41:47:SELECT COUNT(*) total, SUM(get_award) total_money FROM t_act_user WHERE 1  AND openid ='oqwUY4yUqU2tV5iezn8AOBiC0Kj0' LIMIT 1
2018-01-19 13:42:04:SELECT * FROM t_user WHERE 1 AND openid = 'oqwUY4yUqU2tV5iezn8AOBiC0Kj0' LIMIT 1
2018-01-19 13:42:04:SELECT * FROM t_user WHERE 1 AND openid = 'oqwUY4yUqU2tV5iezn8AOBiC0Kj0' LIMIT 1
2018-01-19 13:42:07:SELECT * FROM t_user_money WHERE 1 AND openid="oqwUY4yUqU2tV5iezn8AOBiC0Kj0" LIMIT 1
2018-01-19 13:42:07:SELECT act_id,use_time,create_time,get_award,get_ranking FROM t_act_user WHERE 1  AND openid ='oqwUY4yUqU2tV5iezn8AOBiC0Kj0' order by create_time DESC LIMIT 0,2
2018-01-19 13:42:07:SELECT COUNT(*) total, SUM(get_award) total_money FROM t_act_user WHERE 1  AND openid ='oqwUY4yUqU2tV5iezn8AOBiC0Kj0' LIMIT 1
2018-01-19 13:42:12:SELECT act_id,use_time,create_time,get_award,get_ranking FROM t_act_user WHERE 1  AND openid ='oqwUY4yUqU2tV5iezn8AOBiC0Kj0' order by create_time DESC LIMIT 0,20
2018-01-19 13:42:12:SELECT COUNT(*) total, SUM(get_award) total_money FROM t_act_user WHERE 1  AND openid ='oqwUY4yUqU2tV5iezn8AOBiC0Kj0' LIMIT 1
2018-01-19 13:42:15:SELECT id,pic,add_time,pay_total,pay_fee,num_group FROM t_act WHERE 1  AND openid ='oqwUY4yUqU2tV5iezn8AOBiC0Kj0' order by add_time DESC LIMIT 0,20
2018-01-19 13:42:15:SELECT COUNT(*) total, SUM((pay_total-pay_fee)) money_total FROM t_act WHERE 1  AND openid ='oqwUY4yUqU2tV5iezn8AOBiC0Kj0' LIMIT 1
2018-01-19 13:42:17:SELECT act_id,use_time,create_time,get_award,get_ranking FROM t_act_user WHERE 1  AND openid ='oqwUY4yUqU2tV5iezn8AOBiC0Kj0' order by create_time DESC LIMIT 0,20
2018-01-19 13:42:17:SELECT COUNT(*) total, SUM(get_award) total_money FROM t_act_user WHERE 1  AND openid ='oqwUY4yUqU2tV5iezn8AOBiC0Kj0' LIMIT 1
2018-01-19 13:46:31:SELECT * FROM t_user WHERE 1 AND openid = 'oqwUY4yUqU2tV5iezn8AOBiC0Kj0' LIMIT 1
2018-01-19 13:46:35:SELECT * FROM t_user_money WHERE 1 AND openid="oqwUY4yUqU2tV5iezn8AOBiC0Kj0" LIMIT 1
2018-01-19 13:46:35:SELECT act_id,use_time,create_time,get_award,get_ranking FROM t_act_user WHERE 1  AND openid ='oqwUY4yUqU2tV5iezn8AOBiC0Kj0' order by create_time DESC LIMIT 0,2
2018-01-19 13:46:35:SELECT COUNT(*) total, SUM(get_award) total_money FROM t_act_user WHERE 1  AND openid ='oqwUY4yUqU2tV5iezn8AOBiC0Kj0' LIMIT 1
2018-01-19 13:46:37:SELECT id,pic,add_time,pay_total,pay_fee,num_group FROM t_act WHERE 1  AND openid ='oqwUY4yUqU2tV5iezn8AOBiC0Kj0' order by add_time DESC LIMIT 0,20
2018-01-19 13:46:37:SELECT COUNT(*) total, SUM((pay_total-pay_fee)) money_total FROM t_act WHERE 1  AND openid ='oqwUY4yUqU2tV5iezn8AOBiC0Kj0' LIMIT 1
2018-01-19 13:46:39:SELECT act_id,use_time,create_time,get_award,get_ranking FROM t_act_user WHERE 1  AND openid ='oqwUY4yUqU2tV5iezn8AOBiC0Kj0' order by create_time DESC LIMIT 0,20
2018-01-19 13:46:39:SELECT COUNT(*) total, SUM(get_award) total_money FROM t_act_user WHERE 1  AND openid ='oqwUY4yUqU2tV5iezn8AOBiC0Kj0' LIMIT 1
2018-01-19 13:46:40:SELECT id,pic,add_time,pay_total,pay_fee,num_group FROM t_act WHERE 1  AND openid ='oqwUY4yUqU2tV5iezn8AOBiC0Kj0' order by add_time DESC LIMIT 0,20
2018-01-19 13:46:41:SELECT COUNT(*) total, SUM((pay_total-pay_fee)) money_total FROM t_act WHERE 1  AND openid ='oqwUY4yUqU2tV5iezn8AOBiC0Kj0' LIMIT 1
2018-01-19 13:47:40:SELECT * FROM t_user WHERE 1 AND openid = 'oqwUY4yUqU2tV5iezn8AOBiC0Kj0' LIMIT 1
2018-01-19 13:47:46:SELECT * FROM t_user_money WHERE 1 AND openid="oqwUY4yUqU2tV5iezn8AOBiC0Kj0" LIMIT 1
2018-01-19 13:47:46:SELECT act_id,use_time,create_time,get_award,get_ranking FROM t_act_user WHERE 1  AND openid ='oqwUY4yUqU2tV5iezn8AOBiC0Kj0' order by create_time DESC LIMIT 0,2
2018-01-19 13:47:46:SELECT COUNT(*) total, SUM(get_award) total_money FROM t_act_user WHERE 1  AND openid ='oqwUY4yUqU2tV5iezn8AOBiC0Kj0' LIMIT 1
2018-01-19 13:47:48:SELECT id,pic,add_time,pay_total,pay_fee,num_group FROM t_act WHERE 1  AND openid ='oqwUY4yUqU2tV5iezn8AOBiC0Kj0' order by add_time DESC LIMIT 0,20
2018-01-19 13:47:48:SELECT COUNT(*) total, SUM((pay_total-pay_fee)) money_total FROM t_act WHERE 1  AND openid ='oqwUY4yUqU2tV5iezn8AOBiC0Kj0' LIMIT 1
2018-01-19 13:48:11:SELECT * FROM t_user WHERE 1 AND openid = 'oqwUY4yUqU2tV5iezn8AOBiC0Kj0' LIMIT 1
2018-01-19 13:48:15:SELECT * FROM t_user_money WHERE 1 AND openid="oqwUY4yUqU2tV5iezn8AOBiC0Kj0" LIMIT 1
2018-01-19 13:48:15:SELECT act_id,use_time,create_time,get_award,get_ranking FROM t_act_user WHERE 1  AND openid ='oqwUY4yUqU2tV5iezn8AOBiC0Kj0' order by create_time DESC LIMIT 0,2
2018-01-19 13:48:15:SELECT COUNT(*) total, SUM(get_award) total_money FROM t_act_user WHERE 1  AND openid ='oqwUY4yUqU2tV5iezn8AOBiC0Kj0' LIMIT 1
2018-01-19 13:48:20:SELECT id,pic,add_time,pay_total,pay_fee,num_group FROM t_act WHERE 1  AND openid ='oqwUY4yUqU2tV5iezn8AOBiC0Kj0' order by add_time DESC LIMIT 0,20
2018-01-19 13:48:20:SELECT COUNT(*) total, SUM((pay_total-pay_fee)) money_total FROM t_act WHERE 1  AND openid ='oqwUY4yUqU2tV5iezn8AOBiC0Kj0' LIMIT 1
2018-01-19 13:48:31:SELECT * FROM t_user_money WHERE 1 AND openid="oqwUY4yUqU2tV5iezn8AOBiC0Kj0" LIMIT 1
2018-01-19 13:48:31:SELECT act_id,use_time,create_time,get_award,get_ranking FROM t_act_user WHERE 1  AND openid ='oqwUY4yUqU2tV5iezn8AOBiC0Kj0' order by create_time DESC LIMIT 0,2
2018-01-19 13:48:31:SELECT COUNT(*) total, SUM(get_award) total_money FROM t_act_user WHERE 1  AND openid ='oqwUY4yUqU2tV5iezn8AOBiC0Kj0' LIMIT 1
2018-01-19 13:48:36:SELECT act_id,use_time,create_time,get_award,get_ranking FROM t_act_user WHERE 1  AND openid ='oqwUY4yUqU2tV5iezn8AOBiC0Kj0' order by create_time DESC LIMIT 0,20
2018-01-19 13:48:36:SELECT COUNT(*) total, SUM(get_award) total_money FROM t_act_user WHERE 1  AND openid ='oqwUY4yUqU2tV5iezn8AOBiC0Kj0' LIMIT 1
2018-01-19 13:48:36:SELECT act_id,use_time,create_time,get_award,get_ranking FROM t_act_user WHERE 1  AND openid ='oqwUY4yUqU2tV5iezn8AOBiC0Kj0' order by create_time DESC LIMIT 0,20
2018-01-19 13:48:37:SELECT COUNT(*) total, SUM(get_award) total_money FROM t_act_user WHERE 1  AND openid ='oqwUY4yUqU2tV5iezn8AOBiC0Kj0' LIMIT 1
2018-01-19 13:48:55:SELECT * FROM t_user_money WHERE 1 AND openid="oqwUY4yUqU2tV5iezn8AOBiC0Kj0" LIMIT 1
2018-01-19 13:48:55:SELECT act_id,use_time,create_time,get_award,get_ranking FROM t_act_user WHERE 1  AND openid ='oqwUY4yUqU2tV5iezn8AOBiC0Kj0' order by create_time DESC LIMIT 0,2
2018-01-19 13:48:55:SELECT COUNT(*) total, SUM(get_award) total_money FROM t_act_user WHERE 1  AND openid ='oqwUY4yUqU2tV5iezn8AOBiC0Kj0' LIMIT 1
2018-01-19 13:49:00:SELECT act_id,use_time,create_time,get_award,get_ranking FROM t_act_user WHERE 1  AND openid ='oqwUY4yUqU2tV5iezn8AOBiC0Kj0' order by create_time DESC LIMIT 0,20
2018-01-19 13:49:00:SELECT COUNT(*) total, SUM(get_award) total_money FROM t_act_user WHERE 1  AND openid ='oqwUY4yUqU2tV5iezn8AOBiC0Kj0' LIMIT 1
2018-01-19 13:49:04:SELECT id,pic,add_time,pay_total,pay_fee,num_group FROM t_act WHERE 1  AND openid ='oqwUY4yUqU2tV5iezn8AOBiC0Kj0' order by add_time DESC LIMIT 0,20
2018-01-19 13:49:04:SELECT COUNT(*) total, SUM((pay_total-pay_fee)) money_total FROM t_act WHERE 1  AND openid ='oqwUY4yUqU2tV5iezn8AOBiC0Kj0' LIMIT 1
2018-01-19 13:49:19:SELECT act_id,use_time,create_time,get_award,get_ranking FROM t_act_user WHERE 1  AND openid ='oqwUY4yUqU2tV5iezn8AOBiC0Kj0' order by create_time DESC LIMIT 0,20
2018-01-19 13:49:19:SELECT COUNT(*) total, SUM(get_award) total_money FROM t_act_user WHERE 1  AND openid ='oqwUY4yUqU2tV5iezn8AOBiC0Kj0' LIMIT 1
2018-01-19 13:49:22:SELECT id,pic,add_time,pay_total,pay_fee,num_group FROM t_act WHERE 1  AND openid ='oqwUY4yUqU2tV5iezn8AOBiC0Kj0' order by add_time DESC LIMIT 0,20
2018-01-19 13:49:22:SELECT COUNT(*) total, SUM((pay_total-pay_fee)) money_total FROM t_act WHERE 1  AND openid ='oqwUY4yUqU2tV5iezn8AOBiC0Kj0' LIMIT 1
2018-01-19 13:49:34:SELECT * FROM t_user_money WHERE 1 AND openid="oqwUY4yUqU2tV5iezn8AOBiC0Kj0" LIMIT 1
2018-01-19 13:49:34:SELECT act_id,use_time,create_time,get_award,get_ranking FROM t_act_user WHERE 1  AND openid ='oqwUY4yUqU2tV5iezn8AOBiC0Kj0' order by create_time DESC LIMIT 0,2
2018-01-19 13:49:34:SELECT COUNT(*) total, SUM(get_award) total_money FROM t_act_user WHERE 1  AND openid ='oqwUY4yUqU2tV5iezn8AOBiC0Kj0' LIMIT 1
2018-01-19 13:49:36:SELECT * FROM t_user WHERE 1 AND openid = 'oqwUY4yUqU2tV5iezn8AOBiC0Kj0' LIMIT 1
2018-01-19 13:49:46:SELECT * FROM t_user_money WHERE 1 AND openid="oqwUY4yUqU2tV5iezn8AOBiC0Kj0" LIMIT 1
2018-01-19 13:49:46:SELECT act_id,use_time,create_time,get_award,get_ranking FROM t_act_user WHERE 1  AND openid ='oqwUY4yUqU2tV5iezn8AOBiC0Kj0' order by create_time DESC LIMIT 0,2
2018-01-19 13:49:46:SELECT COUNT(*) total, SUM(get_award) total_money FROM t_act_user WHERE 1  AND openid ='oqwUY4yUqU2tV5iezn8AOBiC0Kj0' LIMIT 1
2018-01-19 13:49:48:SELECT gender FROM t_user WHERE 1 AND openid='oqwUY4yUqU2tV5iezn8AOBiC0Kj0' LIMIT 1
2018-01-19 13:49:48:SELECT * FROM t_act WHERE 1  AND is_list=1 AND (end_time=0 OR end_time>1516340988) AND limit_sex IN(0,) order by add_time DESC LIMIT 0,8
2018-01-19 13:50:14:SELECT * FROM t_user WHERE 1 AND openid = 'oqwUY4yUqU2tV5iezn8AOBiC0Kj0' LIMIT 1
2018-01-19 13:50:17:SELECT gender FROM t_user WHERE 1 AND openid='oqwUY4yUqU2tV5iezn8AOBiC0Kj0' LIMIT 1
2018-01-19 13:50:18:SELECT * FROM t_act WHERE 1  AND is_list=1 AND (end_time=0 OR end_time>1516341018) AND limit_sex IN(0,) order by add_time DESC LIMIT 0,8
2018-01-19 13:57:21:SELECT gender FROM t_user WHERE 1 AND openid='oeDcV0W0lW2u-WnondVku8uZZo4k' LIMIT 1
2018-01-19 13:57:21:SELECT * FROM t_act WHERE 1  AND is_list=1 AND (end_time=0 OR end_time>1516341441) AND limit_sex IN(0,) order by add_time DESC LIMIT 0,20
2018-01-19 13:57:33:SELECT gender FROM t_user WHERE 1 AND openid='oeDcV0W0lW2u-WnondVku8uZZo4k' LIMIT 1
2018-01-19 13:57:33:SELECT * FROM t_act WHERE 1  AND is_list=1 AND (end_time=0 OR end_time>1516341453) AND limit_sex IN(0,) order by add_time DESC LIMIT 0,20
2018-01-19 13:58:02:SELECT gender FROM t_user WHERE 1 AND openid='oeDcV0W0lW2u-WnondVku8uZZo4k' LIMIT 1
2018-01-19 13:58:02:SELECT * FROM t_act WHERE 1  AND is_list=1 AND (end_time=0 OR end_time>1516341482) AND limit_sex IN(0,0) order by add_time DESC LIMIT 0,20
2018-01-19 13:58:02:SELECT COUNT(*) total FROM t_act WHERE 1  AND is_list=1 AND (end_time=0 OR end_time>1516341482) AND limit_sex IN(0,0) LIMIT 1
2018-01-19 13:58:19:SELECT gender FROM t_user WHERE 1 AND openid='oeDcV0W0lW2u-WnondVku8uZZo4k' LIMIT 1
2018-01-19 13:58:19:SELECT * FROM t_act WHERE 1  AND is_list=1 AND (end_time=0 OR end_time>1516341499) AND limit_sex IN(0,0) order by add_time DESC LIMIT 0,20
2018-01-19 13:58:19:SELECT COUNT(*) total FROM t_act WHERE 1  AND is_list=1 AND (end_time=0 OR end_time>1516341499) AND limit_sex IN(0,0) LIMIT 1
2018-01-19 13:59:58:SELECT * FROM t_user WHERE 1 AND openid = 'oqwUY4yUqU2tV5iezn8AOBiC0Kj0' LIMIT 1
2018-01-19 14:00:05:SELECT gender FROM t_user WHERE 1 AND openid='oqwUY4yUqU2tV5iezn8AOBiC0Kj0' LIMIT 1
2018-01-19 14:00:05:SELECT * FROM t_act WHERE 1  AND is_list=1 AND (end_time=0 OR end_time>1516341605) AND limit_sex IN(0,0) order by add_time DESC LIMIT 0,8
2018-01-19 14:00:05:SELECT COUNT(*) total FROM t_act WHERE 1  AND is_list=1 AND (end_time=0 OR end_time>1516341605) AND limit_sex IN(0,0) LIMIT 1
2018-01-19 14:19:03:SELECT * FROM t_user WHERE 1 AND openid = 'oqwUY4yUqU2tV5iezn8AOBiC0Kj0' LIMIT 1
2018-01-19 14:19:06:SELECT * FROM t_user_money WHERE 1 AND openid="oqwUY4yUqU2tV5iezn8AOBiC0Kj0" LIMIT 1
2018-01-19 14:19:06:SELECT act_id,use_time,create_time,get_award,get_ranking FROM t_act_user WHERE 1  AND openid ='oqwUY4yUqU2tV5iezn8AOBiC0Kj0' order by create_time DESC LIMIT 0,2
2018-01-19 14:19:07:SELECT COUNT(*) total, SUM(get_award) total_money FROM t_act_user WHERE 1  AND openid ='oqwUY4yUqU2tV5iezn8AOBiC0Kj0' LIMIT 1
2018-01-19 14:19:09:SELECT * FROM t_user WHERE 1 AND openid = 'oqwUY4yUqU2tV5iezn8AOBiC0Kj0' LIMIT 1
2018-01-19 14:19:13:SELECT * FROM t_user_money WHERE 1 AND openid="oqwUY4yUqU2tV5iezn8AOBiC0Kj0" LIMIT 1
2018-01-19 14:19:13:SELECT act_id,use_time,create_time,get_award,get_ranking FROM t_act_user WHERE 1  AND openid ='oqwUY4yUqU2tV5iezn8AOBiC0Kj0' order by create_time DESC LIMIT 0,2
2018-01-19 14:19:13:SELECT COUNT(*) total, SUM(get_award) total_money FROM t_act_user WHERE 1  AND openid ='oqwUY4yUqU2tV5iezn8AOBiC0Kj0' LIMIT 1
2018-01-19 14:19:18:SELECT * FROM t_user_money WHERE 1 AND openid="oqwUY4yUqU2tV5iezn8AOBiC0Kj0" LIMIT 1
2018-01-19 14:19:18:SELECT act_id,use_time,create_time,get_award,get_ranking FROM t_act_user WHERE 1  AND openid ='oqwUY4yUqU2tV5iezn8AOBiC0Kj0' order by create_time DESC LIMIT 0,2
2018-01-19 14:19:18:SELECT COUNT(*) total, SUM(get_award) total_money FROM t_act_user WHERE 1  AND openid ='oqwUY4yUqU2tV5iezn8AOBiC0Kj0' LIMIT 1
2018-01-19 14:19:22:SELECT act_id,use_time,create_time,get_award,get_ranking FROM t_act_user WHERE 1  AND openid ='oqwUY4yUqU2tV5iezn8AOBiC0Kj0' order by create_time DESC LIMIT 0,20
2018-01-19 14:19:22:SELECT COUNT(*) total, SUM(get_award) total_money FROM t_act_user WHERE 1  AND openid ='oqwUY4yUqU2tV5iezn8AOBiC0Kj0' LIMIT 1
2018-01-19 14:19:23:SELECT id,pic,add_time,pay_total,pay_fee,num_group FROM t_act WHERE 1  AND openid ='oqwUY4yUqU2tV5iezn8AOBiC0Kj0' order by add_time DESC LIMIT 0,20
2018-01-19 14:19:23:SELECT COUNT(*) total, SUM((pay_total-pay_fee)) money_total FROM t_act WHERE 1  AND openid ='oqwUY4yUqU2tV5iezn8AOBiC0Kj0' LIMIT 1
2018-01-19 14:19:24:SELECT * FROM t_user_money WHERE 1 AND openid="oqwUY4yUqU2tV5iezn8AOBiC0Kj0" LIMIT 1
2018-01-19 14:19:24:SELECT act_id,use_time,create_time,get_award,get_ranking FROM t_act_user WHERE 1  AND openid ='oqwUY4yUqU2tV5iezn8AOBiC0Kj0' order by create_time DESC LIMIT 0,2
2018-01-19 14:19:24:SELECT COUNT(*) total, SUM(get_award) total_money FROM t_act_user WHERE 1  AND openid ='oqwUY4yUqU2tV5iezn8AOBiC0Kj0' LIMIT 1
2018-01-19 14:19:26:SELECT id,pic,add_time,pay_total,pay_fee,num_group FROM t_act WHERE 1  AND openid ='oqwUY4yUqU2tV5iezn8AOBiC0Kj0' order by add_time DESC LIMIT 0,20
2018-01-19 14:19:26:SELECT COUNT(*) total, SUM((pay_total-pay_fee)) money_total FROM t_act WHERE 1  AND openid ='oqwUY4yUqU2tV5iezn8AOBiC0Kj0' LIMIT 1
2018-01-19 14:19:28:SELECT * FROM t_user_money WHERE 1 AND openid="oqwUY4yUqU2tV5iezn8AOBiC0Kj0" LIMIT 1
2018-01-19 14:19:28:SELECT act_id,use_time,create_time,get_award,get_ranking FROM t_act_user WHERE 1  AND openid ='oqwUY4yUqU2tV5iezn8AOBiC0Kj0' order by create_time DESC LIMIT 0,2
2018-01-19 14:19:28:SELECT COUNT(*) total, SUM(get_award) total_money FROM t_act_user WHERE 1  AND openid ='oqwUY4yUqU2tV5iezn8AOBiC0Kj0' LIMIT 1
2018-01-19 14:25:24:SELECT * FROM t_user WHERE 1 AND openid = 'oqwUY4yUqU2tV5iezn8AOBiC0Kj0' LIMIT 1
2018-01-19 14:25:48:SELECT * FROM t_user WHERE 1 AND openid = 'oqwUY4yUqU2tV5iezn8AOBiC0Kj0' LIMIT 1
2018-01-19 14:25:48:SELECT * FROM t_user WHERE 1 AND openid = 'oqwUY4yUqU2tV5iezn8AOBiC0Kj0' LIMIT 1
2018-01-19 14:26:03:SELECT gender FROM t_user WHERE 1 AND openid='oqwUY4yUqU2tV5iezn8AOBiC0Kj0' LIMIT 1
2018-01-19 14:26:03:SELECT * FROM t_act WHERE 1  AND is_list=1 AND (end_time=0 OR end_time>1516343163) AND limit_sex IN(0,0) order by add_time DESC LIMIT 0,8
2018-01-19 14:26:03:SELECT COUNT(*) total FROM t_act WHERE 1  AND is_list=1 AND (end_time=0 OR end_time>1516343163) AND limit_sex IN(0,0) LIMIT 1
2018-01-19 14:26:08:SELECT * FROM t_user_money WHERE 1 AND openid="oqwUY4yUqU2tV5iezn8AOBiC0Kj0" LIMIT 1
2018-01-19 14:26:08:SELECT act_id,use_time,create_time,get_award,get_ranking FROM t_act_user WHERE 1  AND openid ='oqwUY4yUqU2tV5iezn8AOBiC0Kj0' order by create_time DESC LIMIT 0,2
2018-01-19 14:26:08:SELECT COUNT(*) total, SUM(get_award) total_money FROM t_act_user WHERE 1  AND openid ='oqwUY4yUqU2tV5iezn8AOBiC0Kj0' LIMIT 1
2018-01-19 14:26:09:SELECT id,pic,add_time,pay_total,pay_fee,num_group FROM t_act WHERE 1  AND openid ='oqwUY4yUqU2tV5iezn8AOBiC0Kj0' order by add_time DESC LIMIT 0,20
2018-01-19 14:26:09:SELECT COUNT(*) total, SUM((pay_total-pay_fee)) money_total FROM t_act WHERE 1  AND openid ='oqwUY4yUqU2tV5iezn8AOBiC0Kj0' LIMIT 1
2018-01-19 14:26:13:SELECT act_id,use_time,create_time,get_award,get_ranking FROM t_act_user WHERE 1  AND openid ='oqwUY4yUqU2tV5iezn8AOBiC0Kj0' order by create_time DESC LIMIT 0,20
2018-01-19 14:26:13:SELECT COUNT(*) total, SUM(get_award) total_money FROM t_act_user WHERE 1  AND openid ='oqwUY4yUqU2tV5iezn8AOBiC0Kj0' LIMIT 1
2018-01-19 14:26:16:SELECT id,pic,add_time,pay_total,pay_fee,num_group FROM t_act WHERE 1  AND openid ='oqwUY4yUqU2tV5iezn8AOBiC0Kj0' order by add_time DESC LIMIT 0,20
2018-01-19 14:26:16:SELECT COUNT(*) total, SUM((pay_total-pay_fee)) money_total FROM t_act WHERE 1  AND openid ='oqwUY4yUqU2tV5iezn8AOBiC0Kj0' LIMIT 1
2018-01-19 14:26:22:SELECT * FROM t_user_money WHERE 1 AND openid="oqwUY4yUqU2tV5iezn8AOBiC0Kj0" LIMIT 1
2018-01-19 14:26:22:SELECT act_id,use_time,create_time,get_award,get_ranking FROM t_act_user WHERE 1  AND openid ='oqwUY4yUqU2tV5iezn8AOBiC0Kj0' order by create_time DESC LIMIT 0,2
2018-01-19 14:26:22:SELECT COUNT(*) total, SUM(get_award) total_money FROM t_act_user WHERE 1  AND openid ='oqwUY4yUqU2tV5iezn8AOBiC0Kj0' LIMIT 1
2018-01-19 14:26:25:SELECT act_id,use_time,create_time,get_award,get_ranking FROM t_act_user WHERE 1  AND openid ='oqwUY4yUqU2tV5iezn8AOBiC0Kj0' order by create_time DESC LIMIT 0,20
2018-01-19 14:26:25:SELECT COUNT(*) total, SUM(get_award) total_money FROM t_act_user WHERE 1  AND openid ='oqwUY4yUqU2tV5iezn8AOBiC0Kj0' LIMIT 1
2018-01-19 14:26:33:SELECT * FROM t_user_money WHERE 1 AND openid="oqwUY4yUqU2tV5iezn8AOBiC0Kj0" LIMIT 1
2018-01-19 14:26:33:SELECT act_id,use_time,create_time,get_award,get_ranking FROM t_act_user WHERE 1  AND openid ='oqwUY4yUqU2tV5iezn8AOBiC0Kj0' order by create_time DESC LIMIT 0,2
2018-01-19 14:26:33:SELECT COUNT(*) total, SUM(get_award) total_money FROM t_act_user WHERE 1  AND openid ='oqwUY4yUqU2tV5iezn8AOBiC0Kj0' LIMIT 1
2018-01-19 14:26:34:SELECT id,pic,add_time,pay_total,pay_fee,num_group FROM t_act WHERE 1  AND openid ='oqwUY4yUqU2tV5iezn8AOBiC0Kj0' order by add_time DESC LIMIT 0,20
2018-01-19 14:26:34:SELECT COUNT(*) total, SUM((pay_total-pay_fee)) money_total FROM t_act WHERE 1  AND openid ='oqwUY4yUqU2tV5iezn8AOBiC0Kj0' LIMIT 1
2018-01-19 14:26:46:SELECT id,pic,add_time,pay_total,pay_fee,num_group FROM t_act WHERE 1  AND openid ='oqwUY4yUqU2tV5iezn8AOBiC0Kj0' order by add_time DESC LIMIT 0,20
2018-01-19 14:26:46:SELECT COUNT(*) total, SUM((pay_total-pay_fee)) money_total FROM t_act WHERE 1  AND openid ='oqwUY4yUqU2tV5iezn8AOBiC0Kj0' LIMIT 1
2018-01-19 14:27:37:SELECT act_id,use_time,create_time,get_award,get_ranking FROM t_act_user WHERE 1  AND openid ='oqwUY4yUqU2tV5iezn8AOBiC0Kj0' order by create_time DESC LIMIT 0,2
2018-01-19 14:27:37:SELECT * FROM t_user_money WHERE 1 AND openid="oqwUY4yUqU2tV5iezn8AOBiC0Kj0" LIMIT 1
2018-01-19 14:27:37:SELECT COUNT(*) total, SUM(get_award) total_money FROM t_act_user WHERE 1  AND openid ='oqwUY4yUqU2tV5iezn8AOBiC0Kj0' LIMIT 1
2018-01-19 14:28:32:SELECT * FROM t_user WHERE 1 AND openid = 'oqwUY4yUqU2tV5iezn8AOBiC0Kj0' LIMIT 1
2018-01-19 14:28:33:SELECT gender FROM t_user WHERE 1 AND openid='oqwUY4yUqU2tV5iezn8AOBiC0Kj0' LIMIT 1
2018-01-19 14:28:33:SELECT * FROM t_act WHERE 1  AND is_list=1 AND (end_time=0 OR end_time>1516343313) AND limit_sex IN(0,0) order by add_time DESC LIMIT 0,8
2018-01-19 14:28:33:SELECT COUNT(*) total FROM t_act WHERE 1  AND is_list=1 AND (end_time=0 OR end_time>1516343313) AND limit_sex IN(0,0) LIMIT 1
2018-01-19 14:28:34:SELECT * FROM t_user_money WHERE 1 AND openid="oqwUY4yUqU2tV5iezn8AOBiC0Kj0" LIMIT 1
2018-01-19 14:28:34:SELECT act_id,use_time,create_time,get_award,get_ranking FROM t_act_user WHERE 1  AND openid ='oqwUY4yUqU2tV5iezn8AOBiC0Kj0' order by create_time DESC LIMIT 0,2
2018-01-19 14:28:34:SELECT COUNT(*) total, SUM(get_award) total_money FROM t_act_user WHERE 1  AND openid ='oqwUY4yUqU2tV5iezn8AOBiC0Kj0' LIMIT 1
2018-01-19 14:28:36:SELECT id,pic,add_time,pay_total,pay_fee,num_group FROM t_act WHERE 1  AND openid ='oqwUY4yUqU2tV5iezn8AOBiC0Kj0' order by add_time DESC LIMIT 0,20
2018-01-19 14:28:36:SELECT COUNT(*) total, SUM((pay_total-pay_fee)) money_total FROM t_act WHERE 1  AND openid ='oqwUY4yUqU2tV5iezn8AOBiC0Kj0' LIMIT 1
2018-01-19 14:28:39:SELECT act_id,use_time,create_time,get_award,get_ranking FROM t_act_user WHERE 1  AND openid ='oqwUY4yUqU2tV5iezn8AOBiC0Kj0' order by create_time DESC LIMIT 0,20
2018-01-19 14:28:39:SELECT COUNT(*) total, SUM(get_award) total_money FROM t_act_user WHERE 1  AND openid ='oqwUY4yUqU2tV5iezn8AOBiC0Kj0' LIMIT 1
2018-01-19 14:28:42:SELECT * FROM t_user_money WHERE 1 AND openid="oqwUY4yUqU2tV5iezn8AOBiC0Kj0" LIMIT 1
2018-01-19 14:28:42:SELECT act_id,use_time,create_time,get_award,get_ranking FROM t_act_user WHERE 1  AND openid ='oqwUY4yUqU2tV5iezn8AOBiC0Kj0' order by create_time DESC LIMIT 0,2
2018-01-19 14:28:42:SELECT COUNT(*) total, SUM(get_award) total_money FROM t_act_user WHERE 1  AND openid ='oqwUY4yUqU2tV5iezn8AOBiC0Kj0' LIMIT 1
2018-01-19 14:28:54:SELECT * FROM t_user_money WHERE 1 AND openid="oqwUY4yUqU2tV5iezn8AOBiC0Kj0" LIMIT 1
2018-01-19 14:28:54:SELECT act_id,use_time,create_time,get_award,get_ranking FROM t_act_user WHERE 1  AND openid ='oqwUY4yUqU2tV5iezn8AOBiC0Kj0' order by create_time DESC LIMIT 0,2
2018-01-19 14:28:54:SELECT * FROM t_user WHERE 1 AND openid = 'oqwUY4yUqU2tV5iezn8AOBiC0Kj0' LIMIT 1
2018-01-19 14:28:54:SELECT gender FROM t_user WHERE 1 AND openid='oqwUY4yUqU2tV5iezn8AOBiC0Kj0' LIMIT 1
2018-01-19 14:28:54:SELECT COUNT(*) total, SUM(get_award) total_money FROM t_act_user WHERE 1  AND openid ='oqwUY4yUqU2tV5iezn8AOBiC0Kj0' LIMIT 1
2018-01-19 14:28:54:SELECT * FROM t_act WHERE 1  AND is_list=1 AND (end_time=0 OR end_time>1516343334) AND limit_sex IN(0,0) order by add_time DESC LIMIT 0,8
2018-01-19 14:28:54:SELECT COUNT(*) total FROM t_act WHERE 1  AND is_list=1 AND (end_time=0 OR end_time>1516343334) AND limit_sex IN(0,0) LIMIT 1
2018-01-19 14:28:57:SELECT * FROM t_user WHERE 1 AND openid = 'oqwUY4yUqU2tV5iezn8AOBiC0Kj0' LIMIT 1
2018-01-19 14:28:58:SELECT gender FROM t_user WHERE 1 AND openid='oqwUY4yUqU2tV5iezn8AOBiC0Kj0' LIMIT 1
2018-01-19 14:28:58:SELECT * FROM t_act WHERE 1  AND is_list=1 AND (end_time=0 OR end_time>1516343338) AND limit_sex IN(0,0) order by add_time DESC LIMIT 0,8
2018-01-19 14:28:58:SELECT COUNT(*) total FROM t_act WHERE 1  AND is_list=1 AND (end_time=0 OR end_time>1516343338) AND limit_sex IN(0,0) LIMIT 1
2018-01-19 14:28:59:SELECT * FROM t_user WHERE 1 AND openid = 'oqwUY4yUqU2tV5iezn8AOBiC0Kj0' LIMIT 1
2018-01-19 14:29:02:SELECT * FROM t_user_money WHERE 1 AND openid="oqwUY4yUqU2tV5iezn8AOBiC0Kj0" LIMIT 1
2018-01-19 14:29:02:SELECT act_id,use_time,create_time,get_award,get_ranking FROM t_act_user WHERE 1  AND openid ='oqwUY4yUqU2tV5iezn8AOBiC0Kj0' order by create_time DESC LIMIT 0,2
2018-01-19 14:29:02:SELECT COUNT(*) total, SUM(get_award) total_money FROM t_act_user WHERE 1  AND openid ='oqwUY4yUqU2tV5iezn8AOBiC0Kj0' LIMIT 1
2018-01-19 14:29:04:SELECT * FROM t_user WHERE 1 AND openid = 'oqwUY4yUqU2tV5iezn8AOBiC0Kj0' LIMIT 1
2018-01-19 14:29:11:SELECT * FROM t_user_money WHERE 1 AND openid="oqwUY4yUqU2tV5iezn8AOBiC0Kj0" LIMIT 1
2018-01-19 14:29:11:SELECT act_id,use_time,create_time,get_award,get_ranking FROM t_act_user WHERE 1  AND openid ='oqwUY4yUqU2tV5iezn8AOBiC0Kj0' order by create_time DESC LIMIT 0,2
2018-01-19 14:29:12:SELECT COUNT(*) total, SUM(get_award) total_money FROM t_act_user WHERE 1  AND openid ='oqwUY4yUqU2tV5iezn8AOBiC0Kj0' LIMIT 1
2018-01-19 14:29:12:SELECT * FROM t_user WHERE 1 AND openid = 'oqwUY4yUqU2tV5iezn8AOBiC0Kj0' LIMIT 1
2018-01-19 14:30:05:SELECT * FROM t_user WHERE 1 AND openid = 'oqwUY4yUqU2tV5iezn8AOBiC0Kj0' LIMIT 1
2018-01-19 14:30:12:SELECT * FROM t_user WHERE 1 AND openid = 'oqwUY4yUqU2tV5iezn8AOBiC0Kj0' LIMIT 1
2018-01-19 14:30:15:SELECT id FROM t_user WHERE 1 AND openid = 'oqwUY4yUqU2tV5iezn8AOBiC0Kj0' LIMIT 1
2018-01-19 14:30:23:SELECT * FROM t_user WHERE 1 AND openid = 'oqwUY4yUqU2tV5iezn8AOBiC0Kj0' LIMIT 1
2018-01-19 14:30:23:SELECT gender FROM t_user WHERE 1 AND openid='oqwUY4yUqU2tV5iezn8AOBiC0Kj0' LIMIT 1
2018-01-19 14:30:23:SELECT * FROM t_act WHERE 1  AND is_list=1 AND (end_time=0 OR end_time>1516343423) AND limit_sex IN(0,2) order by add_time DESC LIMIT 0,8
2018-01-19 14:30:23:SELECT COUNT(*) total FROM t_act WHERE 1  AND is_list=1 AND (end_time=0 OR end_time>1516343423) AND limit_sex IN(0,2) LIMIT 1
2018-01-19 14:30:24:SELECT * FROM t_user_money WHERE 1 AND openid="oqwUY4yUqU2tV5iezn8AOBiC0Kj0" LIMIT 1
2018-01-19 14:30:24:SELECT act_id,use_time,create_time,get_award,get_ranking FROM t_act_user WHERE 1  AND openid ='oqwUY4yUqU2tV5iezn8AOBiC0Kj0' order by create_time DESC LIMIT 0,2
2018-01-19 14:30:24:SELECT COUNT(*) total, SUM(get_award) total_money FROM t_act_user WHERE 1  AND openid ='oqwUY4yUqU2tV5iezn8AOBiC0Kj0' LIMIT 1
2018-01-19 14:30:26:SELECT * FROM t_user WHERE 1 AND openid = 'oqwUY4yUqU2tV5iezn8AOBiC0Kj0' LIMIT 1
2018-01-19 14:30:26:SELECT * FROM t_user_money WHERE 1 AND openid="oqwUY4yUqU2tV5iezn8AOBiC0Kj0" LIMIT 1
2018-01-19 14:30:26:SELECT act_id,use_time,create_time,get_award,get_ranking FROM t_act_user WHERE 1  AND openid ='oqwUY4yUqU2tV5iezn8AOBiC0Kj0' order by create_time DESC LIMIT 0,2
2018-01-19 14:30:26:SELECT COUNT(*) total, SUM(get_award) total_money FROM t_act_user WHERE 1  AND openid ='oqwUY4yUqU2tV5iezn8AOBiC0Kj0' LIMIT 1
2018-01-19 14:30:27:SELECT * FROM t_user WHERE 1 AND openid = 'oqwUY4yUqU2tV5iezn8AOBiC0Kj0' LIMIT 1
2018-01-19 14:30:37:SELECT * FROM t_user_money WHERE 1 AND openid="oqwUY4yUqU2tV5iezn8AOBiC0Kj0" LIMIT 1
2018-01-19 14:30:37:SELECT act_id,use_time,create_time,get_award,get_ranking FROM t_act_user WHERE 1  AND openid ='oqwUY4yUqU2tV5iezn8AOBiC0Kj0' order by create_time DESC LIMIT 0,2
2018-01-19 14:30:37:SELECT COUNT(*) total, SUM(get_award) total_money FROM t_act_user WHERE 1  AND openid ='oqwUY4yUqU2tV5iezn8AOBiC0Kj0' LIMIT 1
2018-01-19 14:30:38:SELECT * FROM t_user WHERE 1 AND openid = 'oqwUY4yUqU2tV5iezn8AOBiC0Kj0' LIMIT 1
2018-01-19 14:30:42:SELECT * FROM t_user WHERE 1 AND openid = 'oqwUY4yUqU2tV5iezn8AOBiC0Kj0' LIMIT 1
2018-01-19 14:30:47:SELECT * FROM t_user WHERE 1 AND openid = 'oqwUY4yUqU2tV5iezn8AOBiC0Kj0' LIMIT 1
2018-01-19 14:30:48:SELECT gender FROM t_user WHERE 1 AND openid='oqwUY4yUqU2tV5iezn8AOBiC0Kj0' LIMIT 1
2018-01-19 14:30:48:SELECT * FROM t_act WHERE 1  AND is_list=1 AND (end_time=0 OR end_time>1516343448) AND limit_sex IN(0,2) order by add_time DESC LIMIT 0,8
2018-01-19 14:30:48:SELECT COUNT(*) total FROM t_act WHERE 1  AND is_list=1 AND (end_time=0 OR end_time>1516343448) AND limit_sex IN(0,2) LIMIT 1
2018-01-19 14:30:50:SELECT * FROM t_user WHERE 1 AND openid = 'oqwUY4yUqU2tV5iezn8AOBiC0Kj0' LIMIT 1
2018-01-19 14:30:54:SELECT * FROM t_user WHERE 1 AND openid = 'oqwUY4yUqU2tV5iezn8AOBiC0Kj0' LIMIT 1
2018-01-19 14:38:19:SELECT * FROM t_user WHERE 1 AND openid = 'oqwUY4yUqU2tV5iezn8AOBiC0Kj0' LIMIT 1
2018-01-19 14:38:32:SELECT * FROM t_user WHERE 1 AND openid = 'oqwUY4yUqU2tV5iezn8AOBiC0Kj0' LIMIT 1
2018-01-19 14:38:33:SELECT * FROM t_user WHERE 1 AND openid = 'oqwUY4yUqU2tV5iezn8AOBiC0Kj0' LIMIT 1
2018-01-19 14:40:41:SELECT * FROM t_user WHERE 1 AND openid = 'oqwUY4yUqU2tV5iezn8AOBiC0Kj0' LIMIT 1
2018-01-19 14:40:41:SELECT * FROM t_user WHERE 1 AND openid = 'oqwUY4yUqU2tV5iezn8AOBiC0Kj0' LIMIT 1
2018-01-19 14:40:45:SELECT * FROM t_user WHERE 1 AND openid = 'oqwUY4yUqU2tV5iezn8AOBiC0Kj0' LIMIT 1
2018-01-19 14:40:52:SELECT * FROM t_user WHERE 1 AND openid = 'oqwUY4yUqU2tV5iezn8AOBiC0Kj0' LIMIT 1
2018-01-19 14:40:52:SELECT * FROM t_user_money WHERE 1 AND openid="oqwUY4yUqU2tV5iezn8AOBiC0Kj0" LIMIT 1
2018-01-19 14:40:52:SELECT act_id,use_time,create_time,get_award,get_ranking FROM t_act_user WHERE 1  AND openid ='oqwUY4yUqU2tV5iezn8AOBiC0Kj0' order by create_time DESC LIMIT 0,2
2018-01-19 14:40:52:SELECT COUNT(*) total, SUM(get_award) total_money FROM t_act_user WHERE 1  AND openid ='oqwUY4yUqU2tV5iezn8AOBiC0Kj0' LIMIT 1
2018-01-19 14:40:53:SELECT * FROM t_user WHERE 1 AND openid = 'oqwUY4yUqU2tV5iezn8AOBiC0Kj0' LIMIT 1
2018-01-19 14:41:36:SELECT act_id,use_time,create_time,get_award,get_ranking FROM t_act_user WHERE 1  AND openid ='oqwUY4yUqU2tV5iezn8AOBiC0Kj0' order by create_time DESC LIMIT 0,2
2018-01-19 14:41:36:SELECT * FROM t_user_money WHERE 1 AND openid="oqwUY4yUqU2tV5iezn8AOBiC0Kj0" LIMIT 1
2018-01-19 14:41:36:SELECT COUNT(*) total, SUM(get_award) total_money FROM t_act_user WHERE 1  AND openid ='oqwUY4yUqU2tV5iezn8AOBiC0Kj0' LIMIT 1
2018-01-19 14:41:39:SELECT * FROM t_user WHERE 1 AND openid = 'oqwUY4yUqU2tV5iezn8AOBiC0Kj0' LIMIT 1
2018-01-19 14:43:28:SELECT * FROM t_user_money WHERE 1 AND openid="oqwUY4yUqU2tV5iezn8AOBiC0Kj0" LIMIT 1
2018-01-19 14:43:28:SELECT act_id,use_time,create_time,get_award,get_ranking FROM t_act_user WHERE 1  AND openid ='oqwUY4yUqU2tV5iezn8AOBiC0Kj0' order by create_time DESC LIMIT 0,2
2018-01-19 14:43:28:SELECT COUNT(*) total, SUM(get_award) total_money FROM t_act_user WHERE 1  AND openid ='oqwUY4yUqU2tV5iezn8AOBiC0Kj0' LIMIT 1
2018-01-19 14:43:29:SELECT * FROM t_user WHERE 1 AND openid = 'oqwUY4yUqU2tV5iezn8AOBiC0Kj0' LIMIT 1
2018-01-19 14:43:39:SELECT * FROM t_user WHERE 1 AND openid = 'oqwUY4yUqU2tV5iezn8AOBiC0Kj0' LIMIT 1
2018-01-19 14:43:50:SELECT * FROM t_user WHERE 1 AND openid = 'oqwUY4yUqU2tV5iezn8AOBiC0Kj0' LIMIT 1
2018-01-19 14:46:56:SELECT gender FROM t_user WHERE 1 AND openid='oqwUY4yUqU2tV5iezn8AOBiC0Kj0' LIMIT 1
2018-01-19 14:46:56:SELECT * FROM t_act WHERE 1  AND is_list=1 AND (end_time=0 OR end_time>1516344416) AND limit_sex IN(0,2) order by add_time DESC LIMIT 0,8
2018-01-19 14:46:56:SELECT COUNT(*) total FROM t_act WHERE 1  AND is_list=1 AND (end_time=0 OR end_time>1516344416) AND limit_sex IN(0,2) LIMIT 1
2018-01-19 14:48:48:SELECT * FROM t_user_money WHERE 1 AND openid="oqwUY4yUqU2tV5iezn8AOBiC0Kj0" LIMIT 1
2018-01-19 14:48:49:SELECT act_id,use_time,create_time,get_award,get_ranking FROM t_act_user WHERE 1  AND openid ='oqwUY4yUqU2tV5iezn8AOBiC0Kj0' order by create_time DESC LIMIT 0,2
2018-01-19 14:48:49:SELECT COUNT(*) total, SUM(get_award) total_money FROM t_act_user WHERE 1  AND openid ='oqwUY4yUqU2tV5iezn8AOBiC0Kj0' LIMIT 1
2018-01-19 14:48:50:SELECT * FROM t_user WHERE 1 AND openid = 'oqwUY4yUqU2tV5iezn8AOBiC0Kj0' LIMIT 1
2018-01-19 14:48:56:SELECT * FROM t_user_money WHERE 1 AND openid="oqwUY4yUqU2tV5iezn8AOBiC0Kj0" LIMIT 1
2018-01-19 14:48:56:SELECT act_id,use_time,create_time,get_award,get_ranking FROM t_act_user WHERE 1  AND openid ='oqwUY4yUqU2tV5iezn8AOBiC0Kj0' order by create_time DESC LIMIT 0,2
2018-01-19 14:48:56:SELECT * FROM t_user WHERE 1 AND openid = 'oqwUY4yUqU2tV5iezn8AOBiC0Kj0' LIMIT 1
2018-01-19 14:48:56:SELECT COUNT(*) total, SUM(get_award) total_money FROM t_act_user WHERE 1  AND openid ='oqwUY4yUqU2tV5iezn8AOBiC0Kj0' LIMIT 1
2018-01-19 14:49:01:SELECT * FROM t_user WHERE 1 AND openid = 'oqwUY4yUqU2tV5iezn8AOBiC0Kj0' LIMIT 1
2018-01-19 14:49:31:SELECT * FROM t_user WHERE 1 AND openid = 'oqwUY4yUqU2tV5iezn8AOBiC0Kj0' LIMIT 1
2018-01-19 14:49:32:SELECT * FROM t_user_money WHERE 1 AND openid="oqwUY4yUqU2tV5iezn8AOBiC0Kj0" LIMIT 1
2018-01-19 14:49:32:SELECT act_id,use_time,create_time,get_award,get_ranking FROM t_act_user WHERE 1  AND openid ='oqwUY4yUqU2tV5iezn8AOBiC0Kj0' order by create_time DESC LIMIT 0,2
2018-01-19 14:49:32:SELECT COUNT(*) total, SUM(get_award) total_money FROM t_act_user WHERE 1  AND openid ='oqwUY4yUqU2tV5iezn8AOBiC0Kj0' LIMIT 1
2018-01-19 14:49:33:SELECT * FROM t_user WHERE 1 AND openid = 'oqwUY4yUqU2tV5iezn8AOBiC0Kj0' LIMIT 1
2018-01-19 14:50:54:SELECT * FROM t_user WHERE 1 AND openid = 'oqwUY4yUqU2tV5iezn8AOBiC0Kj0' LIMIT 1
2018-01-19 15:00:39:SELECT act_id,use_time,create_time,get_award,get_ranking FROM t_act_user WHERE 1  AND openid ='oqwUY4yUqU2tV5iezn8AOBiC0Kj0' order by create_time DESC LIMIT 0,2
2018-01-19 15:00:39:SELECT COUNT(*) total, SUM(get_award) total_money FROM t_act_user WHERE 1  AND openid ='oqwUY4yUqU2tV5iezn8AOBiC0Kj0' LIMIT 1
2018-01-19 15:00:43:SELECT * FROM t_user WHERE 1 AND openid = 'oqwUY4yUqU2tV5iezn8AOBiC0Kj0' LIMIT 1
2018-01-19 15:02:12:SELECT * FROM t_user WHERE 1 AND openid = 'oqwUY4yUqU2tV5iezn8AOBiC0Kj0' LIMIT 1
2018-01-19 15:02:54:SELECT * FROM t_user WHERE 1 AND openid = 'oqwUY4yUqU2tV5iezn8AOBiC0Kj0' LIMIT 1
2018-01-19 15:03:01:SELECT * FROM t_user WHERE 1 AND openid = 'oqwUY4yUqU2tV5iezn8AOBiC0Kj0' LIMIT 1
2018-01-19 15:07:31:SELECT * FROM t_user WHERE 1 AND openid = 'oqwUY4yUqU2tV5iezn8AOBiC0Kj0' LIMIT 1
2018-01-19 17:54:05:SELECT * FROM t_user WHERE 1 AND openid = 'oqwUY4yUqU2tV5iezn8AOBiC0Kj0' LIMIT 1
2018-01-19 18:00:37:SELECT * FROM t_user WHERE 1 AND openid = 'oqwUY4yUqU2tV5iezn8AOBiC0Kj0' LIMIT 1
2018-01-19 18:00:49:SELECT * FROM t_user WHERE 1 AND openid = 'oqwUY4yUqU2tV5iezn8AOBiC0Kj0' LIMIT 1
2018-01-19 18:00:51:SELECT * FROM t_user WHERE 1 AND openid = 'oqwUY4yUqU2tV5iezn8AOBiC0Kj0' LIMIT 1
2018-01-19 18:24:58:SELECT * FROM t_user WHERE 1 AND openid = 'oqwUY4yUqU2tV5iezn8AOBiC0Kj0' LIMIT 1
2018-01-19 18:25:01:SELECT * FROM t_user_money WHERE 1 AND openid="oqwUY4yUqU2tV5iezn8AOBiC0Kj0" LIMIT 1
2018-01-19 18:25:01:SELECT act_id,use_time,create_time,get_award,get_ranking FROM t_act_user WHERE 1  AND openid ='oqwUY4yUqU2tV5iezn8AOBiC0Kj0' order by create_time DESC LIMIT 0,2
2018-01-19 18:25:01:SELECT COUNT(*) total, SUM(get_award) total_money FROM t_act_user WHERE 1  AND openid ='oqwUY4yUqU2tV5iezn8AOBiC0Kj0' LIMIT 1
2018-01-19 18:25:15:SELECT * FROM t_user WHERE 1 AND openid = 'oqwUY4yUqU2tV5iezn8AOBiC0Kj0' LIMIT 1
2018-01-19 18:25:18:SELECT * FROM t_user_money WHERE 1 AND openid="oqwUY4yUqU2tV5iezn8AOBiC0Kj0" LIMIT 1
2018-01-19 18:25:18:SELECT act_id,use_time,create_time,get_award,get_ranking FROM t_act_user WHERE 1  AND openid ='oqwUY4yUqU2tV5iezn8AOBiC0Kj0' order by create_time DESC LIMIT 0,2
2018-01-19 18:25:18:SELECT COUNT(*) total, SUM(get_award) total_money FROM t_act_user WHERE 1  AND openid ='oqwUY4yUqU2tV5iezn8AOBiC0Kj0' LIMIT 1
2018-01-19 18:25:21:SELECT * FROM t_user WHERE 1 AND openid = 'oqwUY4yUqU2tV5iezn8AOBiC0Kj0' LIMIT 1
2018-01-19 18:25:33:SELECT gender FROM t_user WHERE 1 AND openid='oqwUY4yUqU2tV5iezn8AOBiC0Kj0' LIMIT 1
2018-01-19 18:25:34:SELECT * FROM t_act WHERE 1  AND is_list=1 AND (end_time=0 OR end_time>1516357534) AND limit_sex IN(0,2) order by add_time DESC LIMIT 0,8
2018-01-19 18:25:34:SELECT COUNT(*) total FROM t_act WHERE 1  AND is_list=1 AND (end_time=0 OR end_time>1516357534) AND limit_sex IN(0,2) LIMIT 1
2018-01-19 18:25:35:SELECT * FROM t_user WHERE 1 AND openid = 'oqwUY4yUqU2tV5iezn8AOBiC0Kj0' LIMIT 1
2018-01-19 18:25:49:SELECT * FROM t_user WHERE 1 AND openid = 'oqwUY4yUqU2tV5iezn8AOBiC0Kj0' LIMIT 1
2018-01-19 18:26:10:SELECT * FROM t_user WHERE 1 AND openid = 'oqwUY4yUqU2tV5iezn8AOBiC0Kj0' LIMIT 1
2018-01-19 19:24:49:SELECT gender FROM t_user WHERE 1 AND openid='oeDcV0TIhZCvU1UFnqrdS_fKJxW0' LIMIT 1
2018-01-19 19:24:49:SELECT * FROM t_act WHERE 1  AND is_list=1 AND (end_time=0 OR end_time>1516361089) AND limit_sex IN(0,0) order by add_time DESC LIMIT 0,10
2018-01-19 19:24:49:SELECT COUNT(*) total FROM t_act WHERE 1  AND is_list=1 AND (end_time=0 OR end_time>1516361089) AND limit_sex IN(0,0) LIMIT 1
2018-01-19 19:24:49:SELECT * FROM t_user WHERE 1 AND openid = 'oeDcV0TIhZCvU1UFnqrdS_fKJxW0' LIMIT 1
2018-01-19 19:24:52:SELECT gender FROM t_user WHERE 1 AND openid='oeDcV0TIhZCvU1UFnqrdS_fKJxW0' LIMIT 1
2018-01-19 19:24:52:SELECT * FROM t_act WHERE 1  AND is_list=1 AND (end_time=0 OR end_time>1516361092) AND limit_sex IN(0,0) order by add_time DESC LIMIT 0,10
2018-01-19 19:24:52:SELECT COUNT(*) total FROM t_act WHERE 1  AND is_list=1 AND (end_time=0 OR end_time>1516361092) AND limit_sex IN(0,0) LIMIT 1
2018-01-19 19:24:53:SELECT * FROM t_user WHERE 1 AND openid = 'oeDcV0TIhZCvU1UFnqrdS_fKJxW0' LIMIT 1
2018-01-19 19:25:12:SELECT * FROM t_user WHERE 1 AND openid = 'oeDcV0TIhZCvU1UFnqrdS_fKJxW0' LIMIT 1
2018-01-19 19:25:14:SELECT id FROM t_user WHERE 1 AND openid = 'oeDcV0TIhZCvU1UFnqrdS_fKJxW0' LIMIT 1
2018-01-19 19:25:20:SELECT * FROM t_user WHERE 1 AND openid = 'oeDcV0TIhZCvU1UFnqrdS_fKJxW0' LIMIT 1
