2018-01-18 09:01:08:SELECT * FROM t_user WHERE 1 AND openid = 'oeDcV0W0lW2u-WnondVku8uZZo4k' LIMIT 1
2018-01-18 09:01:09:SELECT * FROM t_user WHERE 1 AND openid = 'oeDcV0W0lW2u-WnondVku8uZZo4k' LIMIT 1
2018-01-18 09:47:57:SELECT * FROM t_user WHERE 1 AND openid = 'oeDcV0TIhZCvU1UFnqrdS_fKJxW0' LIMIT 1
2018-01-18 09:47:58:SELECT * FROM t_user WHERE 1 AND openid = 'oeDcV0TIhZCvU1UFnqrdS_fKJxW0' LIMIT 1
2018-01-18 09:48:00:SELECT gender FROM t_user WHERE 1 AND openid='oeDcV0TIhZCvU1UFnqrdS_fKJxW0' LIMIT 1
2018-01-18 09:48:00:SELECT * FROM t_act WHERE 1  AND is_list=1 AND (end_time=0 OR end_time>1516240080) AND limit_sex IN(0,1) order by add_time DESC LIMIT 0,10
2018-01-18 09:48:00:SELECT COUNT(*) total FROM t_act WHERE 1  AND is_list=1 AND (end_time=0 OR end_time>1516240080) AND limit_sex IN(0,1) LIMIT 1
2018-01-18 09:48:00:SELECT * FROM t_user WHERE 1 AND openid='oeDcV0W0lW2u-WnondVku8uZZo4k' LIMIT 1
2018-01-18 09:48:00:SELECT * FROM t_user WHERE 1 AND openid='oeDcV0W0lW2u-WnondVku8uZZo4k' LIMIT 1
2018-01-18 09:48:00:SELECT * FROM t_user WHERE 1 AND openid='oeDcV0TIhZCvU1UFnqrdS_fKJxW0' LIMIT 1
2018-01-18 09:48:00:SELECT * FROM t_user WHERE 1 AND openid='oeDcV0W0lW2u-WnondVku8uZZo4k' LIMIT 1
2018-01-18 09:48:00:SELECT * FROM t_user WHERE 1 AND openid='oeDcV0Zc4eR8nIigyAVbHx0c5oAc' LIMIT 1
2018-01-18 09:48:00:SELECT * FROM t_user WHERE 1 AND openid='oeDcV0Zc4eR8nIigyAVbHx0c5oAc' LIMIT 1
2018-01-18 09:48:00:SELECT * FROM t_user WHERE 1 AND openid='oeDcV0W0lW2u-WnondVku8uZZo4k' LIMIT 1
2018-01-18 09:48:00:SELECT * FROM t_user WHERE 1 AND openid='oeDcV0TIhZCvU1UFnqrdS_fKJxW0' LIMIT 1
2018-01-18 09:48:00:SELECT * FROM t_user WHERE 1 AND openid='oeDcV0TIhZCvU1UFnqrdS_fKJxW0' LIMIT 1
2018-01-18 09:48:00:SELECT * FROM t_user WHERE 1 AND openid='oeDcV0TIhZCvU1UFnqrdS_fKJxW0' LIMIT 1
2018-01-18 09:48:03:SELECT gender FROM t_user WHERE 1 AND openid='oeDcV0TIhZCvU1UFnqrdS_fKJxW0' LIMIT 1
2018-01-18 09:48:03:SELECT * FROM t_act_group WHERE 1 AND act_id=51
2018-01-18 09:48:03:SELECT * FROM t_act WHERE 1 AND id=51 LIMIT 1
2018-01-18 09:48:03:SELECT * FROM t_act_pic WHERE 1 AND act_id=51
2018-01-18 09:48:03:SELECT * FROM t_user WHERE 1 AND openid='oeDcV0TIhZCvU1UFnqrdS_fKJxW0' LIMIT 1
2018-01-18 09:48:03:SELECT count(*) num FROM t_act_user WHERE 1 AND act_id=51 AND openid='oeDcV0TIhZCvU1UFnqrdS_fKJxW0' AND group_id=469 LIMIT 1
2018-01-18 09:48:03:SELECT * FROM t_act_user WHERE 1 AND act_id=51 AND group_id=469 order by use_time ASC, create_time ASC
2018-01-18 09:48:18:SELECT gender FROM t_user WHERE 1 AND openid='oeDcV0TIhZCvU1UFnqrdS_fKJxW0' LIMIT 1
2018-01-18 09:48:18:SELECT * FROM t_act WHERE 1  AND is_list=1 AND (end_time=0 OR end_time>1516240098) AND limit_sex IN(0,1) order by add_time DESC LIMIT 0,10
2018-01-18 09:48:19:SELECT COUNT(*) total FROM t_act WHERE 1  AND is_list=1 AND (end_time=0 OR end_time>1516240098) AND limit_sex IN(0,1) LIMIT 1
2018-01-18 09:48:19:SELECT * FROM t_user WHERE 1 AND openid='oeDcV0W0lW2u-WnondVku8uZZo4k' LIMIT 1
2018-01-18 09:48:19:SELECT * FROM t_user WHERE 1 AND openid='oeDcV0W0lW2u-WnondVku8uZZo4k' LIMIT 1
2018-01-18 09:48:19:SELECT * FROM t_user WHERE 1 AND openid='oeDcV0TIhZCvU1UFnqrdS_fKJxW0' LIMIT 1
2018-01-18 09:48:19:SELECT * FROM t_user WHERE 1 AND openid='oeDcV0W0lW2u-WnondVku8uZZo4k' LIMIT 1
2018-01-18 09:48:19:SELECT * FROM t_user WHERE 1 AND openid='oeDcV0Zc4eR8nIigyAVbHx0c5oAc' LIMIT 1
2018-01-18 09:48:19:SELECT * FROM t_user WHERE 1 AND openid='oeDcV0Zc4eR8nIigyAVbHx0c5oAc' LIMIT 1
2018-01-18 09:48:19:SELECT * FROM t_user WHERE 1 AND openid='oeDcV0W0lW2u-WnondVku8uZZo4k' LIMIT 1
2018-01-18 09:48:19:SELECT * FROM t_user WHERE 1 AND openid='oeDcV0TIhZCvU1UFnqrdS_fKJxW0' LIMIT 1
2018-01-18 09:48:19:SELECT * FROM t_user WHERE 1 AND openid='oeDcV0TIhZCvU1UFnqrdS_fKJxW0' LIMIT 1
2018-01-18 09:48:19:SELECT * FROM t_user WHERE 1 AND openid='oeDcV0TIhZCvU1UFnqrdS_fKJxW0' LIMIT 1
2018-01-18 09:48:20:SELECT * FROM t_user WHERE 1 AND openid = 'oeDcV0TIhZCvU1UFnqrdS_fKJxW0' LIMIT 1
2018-01-18 09:48:21:SELECT gender FROM t_user WHERE 1 AND openid='oeDcV0TIhZCvU1UFnqrdS_fKJxW0' LIMIT 1
2018-01-18 09:48:21:SELECT * FROM t_act WHERE 1  AND is_list=1 AND (end_time=0 OR end_time>1516240101) AND limit_sex IN(0,1) order by add_time DESC LIMIT 0,10
2018-01-18 09:48:21:SELECT COUNT(*) total FROM t_act WHERE 1  AND is_list=1 AND (end_time=0 OR end_time>1516240101) AND limit_sex IN(0,1) LIMIT 1
2018-01-18 09:48:21:SELECT * FROM t_user WHERE 1 AND openid='oeDcV0W0lW2u-WnondVku8uZZo4k' LIMIT 1
2018-01-18 09:48:21:SELECT * FROM t_user WHERE 1 AND openid='oeDcV0W0lW2u-WnondVku8uZZo4k' LIMIT 1
2018-01-18 09:48:21:SELECT * FROM t_user WHERE 1 AND openid='oeDcV0TIhZCvU1UFnqrdS_fKJxW0' LIMIT 1
2018-01-18 09:48:21:SELECT * FROM t_user WHERE 1 AND openid='oeDcV0W0lW2u-WnondVku8uZZo4k' LIMIT 1
2018-01-18 09:48:21:SELECT * FROM t_user WHERE 1 AND openid='oeDcV0Zc4eR8nIigyAVbHx0c5oAc' LIMIT 1
2018-01-18 09:48:21:SELECT * FROM t_user WHERE 1 AND openid='oeDcV0Zc4eR8nIigyAVbHx0c5oAc' LIMIT 1
2018-01-18 09:48:21:SELECT * FROM t_user WHERE 1 AND openid='oeDcV0W0lW2u-WnondVku8uZZo4k' LIMIT 1
2018-01-18 09:48:21:SELECT * FROM t_user WHERE 1 AND openid='oeDcV0TIhZCvU1UFnqrdS_fKJxW0' LIMIT 1
2018-01-18 09:48:22:SELECT * FROM t_user WHERE 1 AND openid='oeDcV0TIhZCvU1UFnqrdS_fKJxW0' LIMIT 1
2018-01-18 09:48:22:SELECT act_id,use_time,create_time,get_award,get_ranking FROM t_act_user WHERE 1  AND openid ='oeDcV0TIhZCvU1UFnqrdS_fKJxW0' order by create_time DESC LIMIT 0,2
2018-01-18 09:48:22:SELECT * FROM t_user_money WHERE 1 AND openid="oeDcV0TIhZCvU1UFnqrdS_fKJxW0" LIMIT 1
2018-01-18 09:48:22:SELECT * FROM t_user WHERE 1 AND openid='oeDcV0TIhZCvU1UFnqrdS_fKJxW0' LIMIT 1
2018-01-18 09:48:22:SELECT COUNT(*) total, SUM(get_award) total_money FROM t_act_user WHERE 1  AND openid ='oeDcV0TIhZCvU1UFnqrdS_fKJxW0' LIMIT 1
2018-01-18 09:48:22:SELECT pic FROM t_act WHERE 1 AND id=49 LIMIT 1
2018-01-18 09:48:22:SELECT pic FROM t_act WHERE 1 AND id=38 LIMIT 1
2018-01-18 09:48:22:SELECT * FROM t_user WHERE 1 AND openid = 'oeDcV0TIhZCvU1UFnqrdS_fKJxW0' LIMIT 1
2018-01-18 09:48:23:SELECT gender FROM t_user WHERE 1 AND openid='oeDcV0TIhZCvU1UFnqrdS_fKJxW0' LIMIT 1
2018-01-18 09:48:23:SELECT * FROM t_act WHERE 1  AND is_list=1 AND (end_time=0 OR end_time>1516240103) AND limit_sex IN(0,1) order by add_time DESC LIMIT 0,10
2018-01-18 09:48:23:SELECT COUNT(*) total FROM t_act WHERE 1  AND is_list=1 AND (end_time=0 OR end_time>1516240103) AND limit_sex IN(0,1) LIMIT 1
2018-01-18 09:48:23:SELECT * FROM t_user WHERE 1 AND openid='oeDcV0W0lW2u-WnondVku8uZZo4k' LIMIT 1
2018-01-18 09:48:23:SELECT * FROM t_user WHERE 1 AND openid='oeDcV0W0lW2u-WnondVku8uZZo4k' LIMIT 1
2018-01-18 09:48:23:SELECT * FROM t_user WHERE 1 AND openid='oeDcV0TIhZCvU1UFnqrdS_fKJxW0' LIMIT 1
2018-01-18 09:48:23:SELECT * FROM t_user WHERE 1 AND openid='oeDcV0W0lW2u-WnondVku8uZZo4k' LIMIT 1
2018-01-18 09:48:23:SELECT * FROM t_user WHERE 1 AND openid='oeDcV0Zc4eR8nIigyAVbHx0c5oAc' LIMIT 1
2018-01-18 09:48:23:SELECT act_id,use_time,create_time,get_award,get_ranking FROM t_act_user WHERE 1  AND openid ='oeDcV0TIhZCvU1UFnqrdS_fKJxW0' order by create_time DESC LIMIT 0,2
2018-01-18 09:48:23:SELECT * FROM t_user_money WHERE 1 AND openid="oeDcV0TIhZCvU1UFnqrdS_fKJxW0" LIMIT 1
2018-01-18 09:48:23:SELECT * FROM t_user WHERE 1 AND openid='oeDcV0Zc4eR8nIigyAVbHx0c5oAc' LIMIT 1
2018-01-18 09:48:23:SELECT COUNT(*) total, SUM(get_award) total_money FROM t_act_user WHERE 1  AND openid ='oeDcV0TIhZCvU1UFnqrdS_fKJxW0' LIMIT 1
2018-01-18 09:48:23:SELECT * FROM t_user WHERE 1 AND openid='oeDcV0W0lW2u-WnondVku8uZZo4k' LIMIT 1
2018-01-18 09:48:23:SELECT pic FROM t_act WHERE 1 AND id=49 LIMIT 1
2018-01-18 09:48:24:SELECT * FROM t_user WHERE 1 AND openid='oeDcV0TIhZCvU1UFnqrdS_fKJxW0' LIMIT 1
2018-01-18 09:48:24:SELECT pic FROM t_act WHERE 1 AND id=38 LIMIT 1
2018-01-18 09:48:24:SELECT * FROM t_user WHERE 1 AND openid='oeDcV0TIhZCvU1UFnqrdS_fKJxW0' LIMIT 1
2018-01-18 09:48:24:SELECT * FROM t_user WHERE 1 AND openid='oeDcV0TIhZCvU1UFnqrdS_fKJxW0' LIMIT 1
2018-01-18 09:48:25:SELECT * FROM t_user WHERE 1 AND openid = 'oeDcV0TIhZCvU1UFnqrdS_fKJxW0' LIMIT 1
2018-01-18 09:48:26:SELECT gender FROM t_user WHERE 1 AND openid='oeDcV0TIhZCvU1UFnqrdS_fKJxW0' LIMIT 1
2018-01-18 09:48:26:SELECT * FROM t_act WHERE 1  AND is_list=1 AND (end_time=0 OR end_time>1516240106) AND limit_sex IN(0,1) order by add_time DESC LIMIT 0,10
2018-01-18 09:48:26:SELECT COUNT(*) total FROM t_act WHERE 1  AND is_list=1 AND (end_time=0 OR end_time>1516240106) AND limit_sex IN(0,1) LIMIT 1
2018-01-18 09:48:27:SELECT * FROM t_user WHERE 1 AND openid='oeDcV0W0lW2u-WnondVku8uZZo4k' LIMIT 1
2018-01-18 09:48:27:SELECT * FROM t_user WHERE 1 AND openid='oeDcV0W0lW2u-WnondVku8uZZo4k' LIMIT 1
2018-01-18 09:48:27:SELECT * FROM t_user WHERE 1 AND openid='oeDcV0TIhZCvU1UFnqrdS_fKJxW0' LIMIT 1
2018-01-18 09:48:27:SELECT * FROM t_user WHERE 1 AND openid='oeDcV0W0lW2u-WnondVku8uZZo4k' LIMIT 1
2018-01-18 09:48:27:SELECT * FROM t_user WHERE 1 AND openid='oeDcV0Zc4eR8nIigyAVbHx0c5oAc' LIMIT 1
2018-01-18 09:48:27:SELECT * FROM t_user WHERE 1 AND openid='oeDcV0Zc4eR8nIigyAVbHx0c5oAc' LIMIT 1
2018-01-18 09:48:27:SELECT * FROM t_user WHERE 1 AND openid='oeDcV0W0lW2u-WnondVku8uZZo4k' LIMIT 1
2018-01-18 09:48:27:SELECT * FROM t_user WHERE 1 AND openid='oeDcV0TIhZCvU1UFnqrdS_fKJxW0' LIMIT 1
2018-01-18 09:48:27:SELECT * FROM t_user WHERE 1 AND openid='oeDcV0TIhZCvU1UFnqrdS_fKJxW0' LIMIT 1
2018-01-18 09:48:27:SELECT * FROM t_user WHERE 1 AND openid='oeDcV0TIhZCvU1UFnqrdS_fKJxW0' LIMIT 1
2018-01-18 09:48:28:SELECT * FROM t_user WHERE 1 AND openid = 'oeDcV0TIhZCvU1UFnqrdS_fKJxW0' LIMIT 1
2018-01-18 09:48:32:SELECT * FROM t_user WHERE 1 AND openid = 'oeDcV0TIhZCvU1UFnqrdS_fKJxW0' LIMIT 1
2018-01-18 10:43:25:SELECT * FROM t_user WHERE 1 AND openid = 'oeDcV0W0lW2u-WnondVku8uZZo4k' LIMIT 1
2018-01-18 15:00:56:SELECT * FROM t_user WHERE 1 AND openid = 'oeDcV0W0lW2u-WnondVku8uZZo4k' LIMIT 1
2018-01-18 15:17:12:SELECT * FROM t_user WHERE 1 AND openid = 'oeDcV0W0lW2u-WnondVku8uZZo4k' LIMIT 1
2018-01-18 15:17:13:SELECT * FROM t_user WHERE 1 AND openid = 'oeDcV0W0lW2u-WnondVku8uZZo4k' LIMIT 1
2018-01-18 15:55:52:SELECT * FROM t_user WHERE 1 AND openid = 'oeDcV0W0lW2u-WnondVku8uZZo4k' LIMIT 1
2018-01-18 16:11:47:SELECT * FROM t_user WHERE 1 AND openid = 'oeDcV0W0lW2u-WnondVku8uZZo4k' LIMIT 1
2018-01-18 16:35:04:SELECT gender FROM t_user WHERE 1 AND openid='oeDcV0W0lW2u-WnondVku8uZZo4k' LIMIT 1
2018-01-18 16:35:04:SELECT * FROM t_act_group WHERE 1 AND act_id=31
2018-01-18 16:35:04:SELECT * FROM t_act WHERE 1 AND id=31 LIMIT 1
2018-01-18 16:35:04:SELECT * FROM t_act_pic WHERE 1 AND act_id=31
2018-01-18 16:35:04:SELECT * FROM t_user WHERE 1 AND openid='oeDcV0W0lW2u-WnondVku8uZZo4k' LIMIT 1
2018-01-18 16:35:04:SELECT count(*) num FROM t_act_user WHERE 1 AND act_id=31 AND openid='oeDcV0W0lW2u-WnondVku8uZZo4k' AND group_id=292 LIMIT 1
2018-01-18 16:35:04:SELECT * FROM t_act_user WHERE 1 AND act_id=31 AND group_id=292 order by use_time ASC, create_time ASC
2018-01-18 16:35:04:SELECT * FROM t_user WHERE 1 AND openid='oeDcV0TIhZCvU1UFnqrdS_fKJxW0' LIMIT 1
2018-01-18 16:44:57:SELECT * FROM t_user WHERE 1 AND openid = 'oeDcV0W0lW2u-WnondVku8uZZo4k' LIMIT 1
2018-01-18 16:45:06:SELECT * FROM t_user WHERE 1 AND openid = 'oeDcV0W0lW2u-WnondVku8uZZo4k' LIMIT 1
2018-01-18 16:45:26:SELECT * FROM t_user WHERE 1 AND openid = 'oeDcV0W0lW2u-WnondVku8uZZo4k' LIMIT 1
2018-01-18 16:45:34:SELECT * FROM t_user WHERE 1 AND openid = 'oeDcV0W0lW2u-WnondVku8uZZo4k' LIMIT 1
2018-01-18 16:45:39:SELECT * FROM t_user WHERE 1 AND openid = 'oeDcV0W0lW2u-WnondVku8uZZo4k' LIMIT 1
2018-01-18 16:46:49:SELECT gender FROM t_user WHERE 1 AND openid='oeDcV0W0lW2u-WnondVku8uZZo4k' LIMIT 1
2018-01-18 16:46:49:SELECT * FROM t_act_group WHERE 1 AND act_id=52
2018-01-18 16:46:49:SELECT * FROM t_act WHERE 1 AND id=52 LIMIT 1
2018-01-18 16:46:49:SELECT * FROM t_act_pic WHERE 1 AND act_id=52
2018-01-18 16:46:49:SELECT * FROM t_user WHERE 1 AND openid='oeDcV0W0lW2u-WnondVku8uZZo4k' LIMIT 1
2018-01-18 16:46:49:SELECT count(*) num FROM t_act_user WHERE 1 AND act_id=52 AND openid='oeDcV0W0lW2u-WnondVku8uZZo4k' AND group_id=474 LIMIT 1
2018-01-18 16:46:49:SELECT * FROM t_act_user WHERE 1 AND act_id=52 AND group_id=474 order by use_time ASC, create_time ASC
2018-01-18 16:47:34:SELECT * FROM t_user WHERE 1 AND openid = 'oeDcV0W0lW2u-WnondVku8uZZo4k' LIMIT 1
2018-01-18 16:47:38:SELECT * FROM t_user WHERE 1 AND openid = 'oeDcV0W0lW2u-WnondVku8uZZo4k' LIMIT 1
2018-01-18 16:51:52:SELECT * FROM t_user WHERE 1 AND openid = 'oeDcV0W0lW2u-WnondVku8uZZo4k' LIMIT 1
2018-01-18 16:52:16:SELECT gender FROM t_user WHERE 1 AND openid='oeDcV0W0lW2u-WnondVku8uZZo4k' LIMIT 1
2018-01-18 16:52:16:SELECT * FROM t_act WHERE 1  AND is_list=1 AND (end_time=0 OR end_time>1516265536) AND limit_sex IN(0,2) order by add_time DESC LIMIT 0,8
2018-01-18 16:52:16:SELECT COUNT(*) total FROM t_act WHERE 1  AND is_list=1 AND (end_time=0 OR end_time>1516265536) AND limit_sex IN(0,2) LIMIT 1
2018-01-18 16:52:16:SELECT * FROM t_user WHERE 1 AND openid='oeDcV0W0lW2u-WnondVku8uZZo4k' LIMIT 1
2018-01-18 16:52:16:SELECT * FROM t_user WHERE 1 AND openid='oeDcV0W0lW2u-WnondVku8uZZo4k' LIMIT 1
2018-01-18 16:52:16:SELECT * FROM t_user WHERE 1 AND openid='oeDcV0W0lW2u-WnondVku8uZZo4k' LIMIT 1
2018-01-18 16:52:16:SELECT * FROM t_user WHERE 1 AND openid='oeDcV0TIhZCvU1UFnqrdS_fKJxW0' LIMIT 1
2018-01-18 16:52:16:SELECT * FROM t_user WHERE 1 AND openid='oeDcV0W0lW2u-WnondVku8uZZo4k' LIMIT 1
2018-01-18 16:52:16:SELECT * FROM t_user WHERE 1 AND openid='oeDcV0Zc4eR8nIigyAVbHx0c5oAc' LIMIT 1
2018-01-18 16:52:16:SELECT * FROM t_user WHERE 1 AND openid='oeDcV0Zc4eR8nIigyAVbHx0c5oAc' LIMIT 1
2018-01-18 16:52:16:SELECT * FROM t_user WHERE 1 AND openid='oeDcV0W0lW2u-WnondVku8uZZo4k' LIMIT 1
2018-01-18 16:52:36:SELECT * FROM t_user WHERE 1 AND openid = 'oeDcV0W0lW2u-WnondVku8uZZo4k' LIMIT 1
2018-01-18 16:52:48:SELECT * FROM t_user WHERE 1 AND openid = 'oeDcV0W0lW2u-WnondVku8uZZo4k' LIMIT 1
2018-01-18 16:59:12:SELECT * FROM t_user WHERE 1 AND openid = 'oeDcV0W0lW2u-WnondVku8uZZo4k' LIMIT 1
2018-01-18 16:59:18:SELECT gender FROM t_user WHERE 1 AND openid='oeDcV0W0lW2u-WnondVku8uZZo4k' LIMIT 1
2018-01-18 16:59:18:SELECT * FROM t_act WHERE 1  AND is_list=1 AND (end_time=0 OR end_time>1516265958) AND limit_sex IN(0,2) order by add_time DESC LIMIT 0,8
2018-01-18 16:59:19:SELECT COUNT(*) total FROM t_act WHERE 1  AND is_list=1 AND (end_time=0 OR end_time>1516265958) AND limit_sex IN(0,2) LIMIT 1
2018-01-18 16:59:19:SELECT * FROM t_user WHERE 1 AND openid='oeDcV0W0lW2u-WnondVku8uZZo4k' LIMIT 1
2018-01-18 16:59:19:SELECT * FROM t_user WHERE 1 AND openid='oeDcV0W0lW2u-WnondVku8uZZo4k' LIMIT 1
2018-01-18 16:59:19:SELECT * FROM t_user WHERE 1 AND openid='oeDcV0W0lW2u-WnondVku8uZZo4k' LIMIT 1
2018-01-18 16:59:19:SELECT * FROM t_user WHERE 1 AND openid='oeDcV0W0lW2u-WnondVku8uZZo4k' LIMIT 1
2018-01-18 16:59:19:SELECT * FROM t_user WHERE 1 AND openid='oeDcV0TIhZCvU1UFnqrdS_fKJxW0' LIMIT 1
2018-01-18 16:59:19:SELECT * FROM t_user WHERE 1 AND openid='oeDcV0W0lW2u-WnondVku8uZZo4k' LIMIT 1
2018-01-18 16:59:19:SELECT * FROM t_user WHERE 1 AND openid='oeDcV0Zc4eR8nIigyAVbHx0c5oAc' LIMIT 1
2018-01-18 16:59:19:SELECT * FROM t_user WHERE 1 AND openid='oeDcV0Zc4eR8nIigyAVbHx0c5oAc' LIMIT 1
2018-01-18 16:59:35:SELECT gender FROM t_user WHERE 1 AND openid='oeDcV0W0lW2u-WnondVku8uZZo4k' LIMIT 1
2018-01-18 16:59:35:SELECT * FROM t_act_group WHERE 1 AND act_id=52
2018-01-18 16:59:35:SELECT * FROM t_act WHERE 1 AND id=52 LIMIT 1
2018-01-18 16:59:35:SELECT * FROM t_act_pic WHERE 1 AND act_id=52
2018-01-18 16:59:35:SELECT * FROM t_user WHERE 1 AND openid='oeDcV0W0lW2u-WnondVku8uZZo4k' LIMIT 1
2018-01-18 16:59:35:SELECT count(*) num FROM t_act_user WHERE 1 AND act_id=52 AND openid='oeDcV0W0lW2u-WnondVku8uZZo4k' AND group_id=474 LIMIT 1
2018-01-18 16:59:35:SELECT * FROM t_act_user WHERE 1 AND act_id=52 AND group_id=474 order by use_time ASC, create_time ASC
2018-01-18 17:02:19:SELECT * FROM t_user WHERE 1 AND openid = 'oeDcV0W0lW2u-WnondVku8uZZo4k' LIMIT 1
2018-01-18 17:02:20:SELECT * FROM t_user WHERE 1 AND openid = 'oeDcV0W0lW2u-WnondVku8uZZo4k' LIMIT 1
2018-01-18 17:07:56:SELECT * FROM t_user WHERE 1 AND openid = 'oeDcV0W0lW2u-WnondVku8uZZo4k' LIMIT 1
2018-01-18 17:16:25:SELECT * FROM t_user WHERE 1 AND openid = 'oeDcV0W0lW2u-WnondVku8uZZo4k' LIMIT 1
2018-01-18 17:20:29:SELECT gender FROM t_user WHERE 1 AND openid='oeDcV0W0lW2u-WnondVku8uZZo4k' LIMIT 1
2018-01-18 17:20:30:SELECT * FROM t_act WHERE 1  AND is_list=1 AND (end_time=0 OR end_time>1516267230) AND limit_sex IN(0,2) order by add_time DESC LIMIT 0,8
2018-01-18 17:20:30:SELECT COUNT(*) total FROM t_act WHERE 1  AND is_list=1 AND (end_time=0 OR end_time>1516267230) AND limit_sex IN(0,2) LIMIT 1
2018-01-18 17:20:30:SELECT * FROM t_user WHERE 1 AND openid='oeDcV0W0lW2u-WnondVku8uZZo4k' LIMIT 1
2018-01-18 17:20:30:SELECT * FROM t_user WHERE 1 AND openid='oeDcV0W0lW2u-WnondVku8uZZo4k' LIMIT 1
2018-01-18 17:20:30:SELECT * FROM t_user WHERE 1 AND openid='oeDcV0W0lW2u-WnondVku8uZZo4k' LIMIT 1
2018-01-18 17:20:30:SELECT * FROM t_user WHERE 1 AND openid='oeDcV0W0lW2u-WnondVku8uZZo4k' LIMIT 1
2018-01-18 17:20:30:SELECT * FROM t_user WHERE 1 AND openid='oeDcV0TIhZCvU1UFnqrdS_fKJxW0' LIMIT 1
2018-01-18 17:20:30:SELECT * FROM t_user WHERE 1 AND openid='oeDcV0W0lW2u-WnondVku8uZZo4k' LIMIT 1
2018-01-18 17:20:30:SELECT * FROM t_user WHERE 1 AND openid='oeDcV0Zc4eR8nIigyAVbHx0c5oAc' LIMIT 1
2018-01-18 17:20:30:SELECT * FROM t_user WHERE 1 AND openid='oeDcV0Zc4eR8nIigyAVbHx0c5oAc' LIMIT 1
2018-01-18 17:20:39:SELECT gender FROM t_user WHERE 1 AND openid='oeDcV0W0lW2u-WnondVku8uZZo4k' LIMIT 1
2018-01-18 17:20:39:SELECT * FROM t_act_group WHERE 1 AND act_id=52
2018-01-18 17:20:39:SELECT * FROM t_act WHERE 1 AND id=52 LIMIT 1
2018-01-18 17:20:39:SELECT * FROM t_act_pic WHERE 1 AND act_id=52
2018-01-18 17:20:40:SELECT * FROM t_user WHERE 1 AND openid='oeDcV0W0lW2u-WnondVku8uZZo4k' LIMIT 1
2018-01-18 17:20:40:SELECT count(*) num FROM t_act_user WHERE 1 AND act_id=52 AND openid='oeDcV0W0lW2u-WnondVku8uZZo4k' AND group_id=474 LIMIT 1
2018-01-18 17:20:40:SELECT * FROM t_act_user WHERE 1 AND act_id=52 AND group_id=474 order by use_time ASC, create_time ASC
2018-01-18 17:35:19:SELECT gender FROM t_user WHERE 1 AND openid='oeDcV0W0lW2u-WnondVku8uZZo4k' LIMIT 1
2018-01-18 17:35:19:SELECT * FROM t_act WHERE 1  AND is_list=1 AND (end_time=0 OR end_time>1516268119) AND limit_sex IN(0,2) order by add_time DESC LIMIT 8,8
2018-01-18 17:35:19:SELECT COUNT(*) total FROM t_act WHERE 1  AND is_list=1 AND (end_time=0 OR end_time>1516268119) AND limit_sex IN(0,2) LIMIT 1
2018-01-18 17:35:19:SELECT * FROM t_user WHERE 1 AND openid='oeDcV0W0lW2u-WnondVku8uZZo4k' LIMIT 1
2018-01-18 17:35:19:SELECT * FROM t_user WHERE 1 AND openid='oeDcV0TIhZCvU1UFnqrdS_fKJxW0' LIMIT 1
2018-01-18 17:35:19:SELECT * FROM t_user WHERE 1 AND openid='oeDcV0TIhZCvU1UFnqrdS_fKJxW0' LIMIT 1
2018-01-18 17:35:19:SELECT * FROM t_user WHERE 1 AND openid='oeDcV0TIhZCvU1UFnqrdS_fKJxW0' LIMIT 1
2018-01-18 17:35:19:SELECT * FROM t_user WHERE 1 AND openid='oeDcV0W0lW2u-WnondVku8uZZo4k' LIMIT 1
2018-01-18 17:35:19:SELECT * FROM t_user WHERE 1 AND openid='oeDcV0TIhZCvU1UFnqrdS_fKJxW0' LIMIT 1
2018-01-18 17:35:19:SELECT * FROM t_user WHERE 1 AND openid='oeDcV0W0lW2u-WnondVku8uZZo4k' LIMIT 1
2018-01-18 17:35:19:SELECT gender FROM t_user WHERE 1 AND openid='oeDcV0W0lW2u-WnondVku8uZZo4k' LIMIT 1
2018-01-18 17:35:19:SELECT * FROM t_act_group WHERE 1 AND act_id=53
2018-01-18 17:35:20:SELECT * FROM t_act WHERE 1 AND id=53 LIMIT 1
2018-01-18 17:35:20:SELECT * FROM t_act_pic WHERE 1 AND act_id=53
2018-01-18 17:35:20:SELECT * FROM t_user WHERE 1 AND openid='oeDcV0W0lW2u-WnondVku8uZZo4k' LIMIT 1
2018-01-18 17:35:20:SELECT count(*) num FROM t_act_user WHERE 1 AND act_id=53 AND openid='oeDcV0W0lW2u-WnondVku8uZZo4k' AND group_id=484 LIMIT 1
2018-01-18 17:35:20:SELECT * FROM t_act_user WHERE 1 AND act_id=53 AND group_id=484 order by use_time ASC, create_time ASC
2018-01-18 17:40:34:SELECT * FROM t_user WHERE 1 AND openid = 'oeDcV0W0lW2u-WnondVku8uZZo4k' LIMIT 1
2018-01-18 17:43:30:SELECT * FROM t_user WHERE 1 AND openid = 'oeDcV0W0lW2u-WnondVku8uZZo4k' LIMIT 1
2018-01-18 17:43:30:SELECT * FROM t_user WHERE 1 AND openid = 'oeDcV0W0lW2u-WnondVku8uZZo4k' LIMIT 1
2018-01-18 17:45:54:SELECT gender FROM t_user WHERE 1 AND openid='oeDcV0W0lW2u-WnondVku8uZZo4k' LIMIT 1
2018-01-18 17:45:54:SELECT * FROM t_act WHERE 1  AND is_list=1 AND (end_time=0 OR end_time>1516268754) AND limit_sex IN(0,2) order by add_time DESC LIMIT 0,8
2018-01-18 17:45:54:SELECT COUNT(*) total FROM t_act WHERE 1  AND is_list=1 AND (end_time=0 OR end_time>1516268754) AND limit_sex IN(0,2) LIMIT 1
2018-01-18 17:45:54:SELECT * FROM t_user WHERE 1 AND openid='oeDcV0W0lW2u-WnondVku8uZZo4k' LIMIT 1
2018-01-18 17:45:54:SELECT * FROM t_user WHERE 1 AND openid='oeDcV0W0lW2u-WnondVku8uZZo4k' LIMIT 1
2018-01-18 17:45:54:SELECT * FROM t_user WHERE 1 AND openid='oeDcV0W0lW2u-WnondVku8uZZo4k' LIMIT 1
2018-01-18 17:45:54:SELECT * FROM t_user WHERE 1 AND openid='oeDcV0W0lW2u-WnondVku8uZZo4k' LIMIT 1
2018-01-18 17:45:54:SELECT * FROM t_user WHERE 1 AND openid='oeDcV0TIhZCvU1UFnqrdS_fKJxW0' LIMIT 1
2018-01-18 17:45:54:SELECT * FROM t_user WHERE 1 AND openid='oeDcV0W0lW2u-WnondVku8uZZo4k' LIMIT 1
2018-01-18 17:45:54:SELECT * FROM t_user WHERE 1 AND openid='oeDcV0Zc4eR8nIigyAVbHx0c5oAc' LIMIT 1
2018-01-18 17:45:54:SELECT * FROM t_user WHERE 1 AND openid='oeDcV0Zc4eR8nIigyAVbHx0c5oAc' LIMIT 1
2018-01-18 17:45:56:SELECT gender FROM t_user WHERE 1 AND openid='oeDcV0W0lW2u-WnondVku8uZZo4k' LIMIT 1
2018-01-18 17:45:56:SELECT * FROM t_act_group WHERE 1 AND act_id=53
2018-01-18 17:45:56:SELECT * FROM t_act WHERE 1 AND id=53 LIMIT 1
2018-01-18 17:45:56:SELECT * FROM t_act_pic WHERE 1 AND act_id=53
2018-01-18 17:45:56:SELECT * FROM t_user WHERE 1 AND openid='oeDcV0W0lW2u-WnondVku8uZZo4k' LIMIT 1
2018-01-18 17:45:56:SELECT count(*) num FROM t_act_user WHERE 1 AND act_id=53 AND openid='oeDcV0W0lW2u-WnondVku8uZZo4k' AND group_id=484 LIMIT 1
2018-01-18 17:45:56:SELECT * FROM t_act_user WHERE 1 AND act_id=53 AND group_id=484 order by use_time ASC, create_time ASC
2018-01-18 17:50:35:SELECT * FROM t_user WHERE 1 AND openid = 'oeDcV0W0lW2u-WnondVku8uZZo4k' LIMIT 1
2018-01-18 17:50:51:SELECT * FROM t_user WHERE 1 AND openid = 'oeDcV0W0lW2u-WnondVku8uZZo4k' LIMIT 1
2018-01-18 17:50:52:SELECT * FROM t_user WHERE 1 AND openid = 'oeDcV0W0lW2u-WnondVku8uZZo4k' LIMIT 1
2018-01-18 17:51:07:SELECT * FROM t_user WHERE 1 AND openid = 'oeDcV0W0lW2u-WnondVku8uZZo4k' LIMIT 1
2018-01-18 17:52:06:SELECT gender FROM t_user WHERE 1 AND openid='oeDcV0W0lW2u-WnondVku8uZZo4k' LIMIT 1
2018-01-18 17:52:06:SELECT * FROM t_act_group WHERE 1 AND act_id=54
2018-01-18 17:52:06:SELECT * FROM t_act WHERE 1 AND id=54 LIMIT 1
2018-01-18 17:52:06:SELECT * FROM t_act_pic WHERE 1 AND act_id=54
2018-01-18 17:52:06:SELECT * FROM t_user WHERE 1 AND openid='oeDcV0W0lW2u-WnondVku8uZZo4k' LIMIT 1
2018-01-18 17:52:06:SELECT count(*) num FROM t_act_user WHERE 1 AND act_id=54 AND openid='oeDcV0W0lW2u-WnondVku8uZZo4k' AND group_id=486 LIMIT 1
2018-01-18 17:52:06:SELECT * FROM t_act_user WHERE 1 AND act_id=54 AND group_id=486 order by use_time ASC, create_time ASC
2018-01-18 17:54:22:SELECT * FROM t_user WHERE 1 AND openid = 'oeDcV0W0lW2u-WnondVku8uZZo4k' LIMIT 1
2018-01-18 17:54:46:SELECT * FROM t_user WHERE 1 AND openid = 'oeDcV0W0lW2u-WnondVku8uZZo4k' LIMIT 1
2018-01-18 17:57:47:SELECT * FROM t_user WHERE 1 AND openid = 'oeDcV0W0lW2u-WnondVku8uZZo4k' LIMIT 1
2018-01-18 17:57:59:SELECT * FROM t_user WHERE 1 AND openid = 'oeDcV0W0lW2u-WnondVku8uZZo4k' LIMIT 1
2018-01-18 17:58:01:SELECT * FROM t_user WHERE 1 AND openid = 'oeDcV0W0lW2u-WnondVku8uZZo4k' LIMIT 1
2018-01-18 17:58:29:SELECT * FROM t_user WHERE 1 AND openid = 'oeDcV0W0lW2u-WnondVku8uZZo4k' LIMIT 1
2018-01-18 18:00:12:SELECT gender FROM t_user WHERE 1 AND openid='oeDcV0W0lW2u-WnondVku8uZZo4k' LIMIT 1
2018-01-18 18:00:12:SELECT * FROM t_act_group WHERE 1 AND act_id=55
2018-01-18 18:00:12:SELECT * FROM t_act WHERE 1 AND id=55 LIMIT 1
2018-01-18 18:00:12:SELECT * FROM t_act_pic WHERE 1 AND act_id=55
2018-01-18 18:00:12:SELECT * FROM t_user WHERE 1 AND openid='oeDcV0W0lW2u-WnondVku8uZZo4k' LIMIT 1
2018-01-18 18:00:12:SELECT count(*) num FROM t_act_user WHERE 1 AND act_id=55 AND openid='oeDcV0W0lW2u-WnondVku8uZZo4k' AND group_id=496 LIMIT 1
2018-01-18 18:00:12:SELECT * FROM t_act_user WHERE 1 AND act_id=55 AND group_id=496 order by use_time ASC, create_time ASC
2018-01-18 18:01:13:SELECT * FROM t_user WHERE 1 AND openid = 'oeDcV0W0lW2u-WnondVku8uZZo4k' LIMIT 1
2018-01-18 18:01:22:SELECT * FROM t_user WHERE 1 AND openid = 'oeDcV0W0lW2u-WnondVku8uZZo4k' LIMIT 1
2018-01-18 18:01:23:SELECT * FROM t_user WHERE 1 AND openid = 'oeDcV0W0lW2u-WnondVku8uZZo4k' LIMIT 1
2018-01-18 18:01:35:SELECT * FROM t_user WHERE 1 AND openid = 'oeDcV0W0lW2u-WnondVku8uZZo4k' LIMIT 1
2018-01-18 18:02:16:SELECT gender FROM t_user WHERE 1 AND openid='oeDcV0W0lW2u-WnondVku8uZZo4k' LIMIT 1
2018-01-18 18:02:16:SELECT * FROM t_act_group WHERE 1 AND act_id=56
2018-01-18 18:02:16:SELECT * FROM t_act WHERE 1 AND id=56 LIMIT 1
2018-01-18 18:02:17:SELECT * FROM t_act_pic WHERE 1 AND act_id=56
2018-01-18 18:02:17:SELECT * FROM t_user WHERE 1 AND openid='oeDcV0W0lW2u-WnondVku8uZZo4k' LIMIT 1
2018-01-18 18:02:17:SELECT count(*) num FROM t_act_user WHERE 1 AND act_id=56 AND openid='oeDcV0W0lW2u-WnondVku8uZZo4k' AND group_id=506 LIMIT 1
2018-01-18 18:02:17:SELECT * FROM t_act_user WHERE 1 AND act_id=56 AND group_id=506 order by use_time ASC, create_time ASC
2018-01-18 18:04:05:SELECT * FROM t_user WHERE 1 AND openid = 'oeDcV0W0lW2u-WnondVku8uZZo4k' LIMIT 1
2018-01-18 18:04:14:SELECT * FROM t_user WHERE 1 AND openid = 'oeDcV0W0lW2u-WnondVku8uZZo4k' LIMIT 1
2018-01-18 18:08:08:SELECT * FROM t_user WHERE 1 AND openid = 'oeDcV0W0lW2u-WnondVku8uZZo4k' LIMIT 1
2018-01-18 18:08:53:SELECT * FROM t_user WHERE 1 AND openid = 'oeDcV0W0lW2u-WnondVku8uZZo4k' LIMIT 1
2018-01-18 19:56:02:SELECT gender FROM t_user WHERE 1 AND openid='oeDcV0W0lW2u-WnondVku8uZZo4k' LIMIT 1
2018-01-18 19:56:02:SELECT * FROM t_act_group WHERE 1 AND act_id=2
2018-01-18 19:56:02:SELECT * FROM t_act WHERE 1 AND id=2 LIMIT 1
2018-01-18 19:56:02:SELECT * FROM t_act_pic WHERE 1 AND act_id=2
2018-01-18 19:56:02:SELECT * FROM t_user WHERE 1 AND openid='oeDcV0W0lW2u-WnondVku8uZZo4k' LIMIT 1
2018-01-18 19:56:02:SELECT count(*) num FROM t_act_user WHERE 1 AND act_id=2 AND openid='oeDcV0W0lW2u-WnondVku8uZZo4k' AND group_id=11 LIMIT 1
2018-01-18 19:56:02:SELECT * FROM t_act_user WHERE 1 AND act_id=2 AND openid='oeDcV0W0lW2u-WnondVku8uZZo4k' AND group_id=11 LIMIT 1
2018-01-18 19:56:03:SELECT * FROM t_act_user WHERE 1 AND act_id=2 AND group_id=11 order by use_time ASC, create_time ASC
2018-01-18 19:56:03:SELECT * FROM t_user WHERE 1 AND openid='oeDcV0W0lW2u-WnondVku8uZZo4k' LIMIT 1
2018-01-18 21:23:16:SELECT * FROM t_user WHERE 1 AND openid = 'oeDcV0W0lW2u-WnondVku8uZZo4k' LIMIT 1
2018-01-18 21:23:42:SELECT * FROM t_user WHERE 1 AND openid = 'oeDcV0W0lW2u-WnondVku8uZZo4k' LIMIT 1
2018-01-18 21:23:43:SELECT * FROM t_user WHERE 1 AND openid = 'oeDcV0W0lW2u-WnondVku8uZZo4k' LIMIT 1
2018-01-18 21:25:00:SELECT * FROM t_user WHERE 1 AND openid = 'oeDcV0W0lW2u-WnondVku8uZZo4k' LIMIT 1
2018-01-18 21:26:00:SELECT gender FROM t_user WHERE 1 AND openid='oeDcV0W0lW2u-WnondVku8uZZo4k' LIMIT 1
2018-01-18 21:26:00:SELECT * FROM t_act_group WHERE 1 AND act_id=57
2018-01-18 21:26:00:SELECT * FROM t_act WHERE 1 AND id=57 LIMIT 1
2018-01-18 21:26:01:SELECT * FROM t_act_pic WHERE 1 AND act_id=57
2018-01-18 21:26:01:SELECT * FROM t_user WHERE 1 AND openid='oeDcV0W0lW2u-WnondVku8uZZo4k' LIMIT 1
2018-01-18 21:26:01:SELECT count(*) num FROM t_act_user WHERE 1 AND act_id=57 AND openid='oeDcV0W0lW2u-WnondVku8uZZo4k' AND group_id=516 LIMIT 1
2018-01-18 21:26:01:SELECT * FROM t_act_user WHERE 1 AND act_id=57 AND group_id=516 order by use_time ASC, create_time ASC
2018-01-18 21:31:09:SELECT gender FROM t_user WHERE 1 AND openid='oeDcV0W0lW2u-WnondVku8uZZo4k' LIMIT 1
2018-01-18 21:31:09:SELECT * FROM t_act WHERE 1  AND is_list=1 AND (end_time=0 OR end_time>1516282269) AND limit_sex IN(0,2) order by add_time DESC LIMIT 1,1
2018-01-18 21:31:09:SELECT COUNT(*) total FROM t_act WHERE 1  AND is_list=1 AND (end_time=0 OR end_time>1516282269) AND limit_sex IN(0,2) LIMIT 1
2018-01-18 21:31:10:SELECT * FROM t_user WHERE 1 AND openid='oeDcV0W0lW2u-WnondVku8uZZo4k' LIMIT 1
2018-01-18 21:31:16:SELECT gender FROM t_user WHERE 1 AND openid='oeDcV0W0lW2u-WnondVku8uZZo4k' LIMIT 1
2018-01-18 21:31:16:SELECT * FROM t_act WHERE 1  AND is_list=1 AND (end_time=0 OR end_time>1516282276) AND limit_sex IN(0,2) order by add_time DESC LIMIT 1,1
2018-01-18 21:31:16:SELECT COUNT(*) total FROM t_act WHERE 1  AND is_list=1 AND (end_time=0 OR end_time>1516282276) AND limit_sex IN(0,2) LIMIT 1
2018-01-18 21:31:16:SELECT * FROM t_user WHERE 1 AND openid='oeDcV0W0lW2u-WnondVku8uZZo4k' LIMIT 1
2018-01-18 21:31:17:SELECT gender FROM t_user WHERE 1 AND openid='oeDcV0W0lW2u-WnondVku8uZZo4k' LIMIT 1
2018-01-18 21:31:17:SELECT * FROM t_act WHERE 1  AND is_list=1 AND (end_time=0 OR end_time>1516282277) AND limit_sex IN(0,2) order by add_time DESC LIMIT 1,1
2018-01-18 21:31:18:SELECT COUNT(*) total FROM t_act WHERE 1  AND is_list=1 AND (end_time=0 OR end_time>1516282277) AND limit_sex IN(0,2) LIMIT 1
2018-01-18 21:31:18:SELECT * FROM t_user WHERE 1 AND openid='oeDcV0W0lW2u-WnondVku8uZZo4k' LIMIT 1
2018-01-18 21:33:08:SELECT * FROM t_user WHERE 1 AND openid = 'oeDcV0W0lW2u-WnondVku8uZZo4k' LIMIT 1
2018-01-18 21:33:11:SELECT gender FROM t_user WHERE 1 AND openid='oeDcV0W0lW2u-WnondVku8uZZo4k' LIMIT 1
2018-01-18 21:33:11:SELECT * FROM t_act_group WHERE 1 AND act_id=1
2018-01-18 21:33:11:SELECT * FROM t_act WHERE 1 AND id=1 LIMIT 1
2018-01-18 21:33:11:SELECT * FROM t_act_pic WHERE 1 AND act_id=1
2018-01-18 21:33:11:SELECT * FROM t_user WHERE 1 AND openid='oeDcV0W0lW2u-WnondVku8uZZo4k' LIMIT 1
2018-01-18 21:33:11:SELECT count(*) num FROM t_act_user WHERE 1 AND act_id=1 AND openid='oeDcV0W0lW2u-WnondVku8uZZo4k' AND group_id=1 LIMIT 1
2018-01-18 21:33:11:SELECT * FROM t_act_user WHERE 1 AND act_id=1 AND openid='oeDcV0W0lW2u-WnondVku8uZZo4k' AND group_id=1 LIMIT 1
2018-01-18 21:33:11:SELECT * FROM t_act_user WHERE 1 AND act_id=1 AND group_id=1 order by use_time ASC, create_time ASC
2018-01-18 21:33:11:SELECT * FROM t_user WHERE 1 AND openid='oeDcV0W0lW2u-WnondVku8uZZo4k' LIMIT 1
2018-01-18 21:33:22:SELECT * FROM t_user WHERE 1 AND openid = 'oeDcV0W0lW2u-WnondVku8uZZo4k' LIMIT 1
2018-01-18 21:33:27:SELECT * FROM t_user WHERE 1 AND openid = 'oeDcV0W0lW2u-WnondVku8uZZo4k' LIMIT 1
2018-01-18 21:35:38:SELECT * FROM t_user WHERE 1 AND openid = 'oeDcV0W0lW2u-WnondVku8uZZo4k' LIMIT 1
2018-01-18 21:35:44:SELECT * FROM t_user WHERE 1 AND openid = 'oeDcV0W0lW2u-WnondVku8uZZo4k' LIMIT 1
2018-01-18 21:37:56:SELECT * FROM t_user WHERE 1 AND openid = 'oeDcV0W0lW2u-WnondVku8uZZo4k' LIMIT 1
2018-01-18 21:37:56:SELECT * FROM t_user WHERE 1 AND openid = 'oeDcV0W0lW2u-WnondVku8uZZo4k' LIMIT 1
2018-01-18 21:37:59:SELECT * FROM t_user WHERE 1 AND openid = 'oeDcV0W0lW2u-WnondVku8uZZo4k' LIMIT 1
2018-01-18 21:38:09:SELECT * FROM t_user WHERE 1 AND openid = 'oeDcV0W0lW2u-WnondVku8uZZo4k' LIMIT 1
2018-01-18 21:39:21:SELECT gender FROM t_user WHERE 1 AND openid='oeDcV0W0lW2u-WnondVku8uZZo4k' LIMIT 1
2018-01-18 21:39:21:SELECT * FROM t_act_group WHERE 1 AND act_id=58
2018-01-18 21:39:21:SELECT * FROM t_act WHERE 1 AND id=58 LIMIT 1
2018-01-18 21:39:21:SELECT * FROM t_act_pic WHERE 1 AND act_id=58
2018-01-18 21:39:22:SELECT * FROM t_user WHERE 1 AND openid='oeDcV0W0lW2u-WnondVku8uZZo4k' LIMIT 1
2018-01-18 21:39:22:SELECT count(*) num FROM t_act_user WHERE 1 AND act_id=58 AND openid='oeDcV0W0lW2u-WnondVku8uZZo4k' AND group_id=526 LIMIT 1
2018-01-18 21:39:22:SELECT * FROM t_act_user WHERE 1 AND act_id=58 AND group_id=526 order by use_time ASC, create_time ASC
2018-01-18 21:41:55:SELECT * FROM t_user WHERE 1 AND openid = 'oeDcV0W0lW2u-WnondVku8uZZo4k' LIMIT 1
2018-01-18 21:42:57:SELECT * FROM t_user WHERE 1 AND openid = 'oeDcV0W0lW2u-WnondVku8uZZo4k' LIMIT 1
2018-01-18 21:42:58:SELECT * FROM t_user WHERE 1 AND openid = 'oeDcV0W0lW2u-WnondVku8uZZo4k' LIMIT 1
2018-01-18 21:43:04:SELECT * FROM t_user WHERE 1 AND openid = 'oeDcV0W0lW2u-WnondVku8uZZo4k' LIMIT 1
2018-01-18 21:43:05:SELECT * FROM t_user WHERE 1 AND openid = 'oeDcV0W0lW2u-WnondVku8uZZo4k' LIMIT 1
2018-01-18 21:43:11:SELECT * FROM t_user WHERE 1 AND openid = 'oeDcV0W0lW2u-WnondVku8uZZo4k' LIMIT 1
2018-01-18 21:44:15:SELECT * FROM t_user WHERE 1 AND openid = 'oeDcV0W0lW2u-WnondVku8uZZo4k' LIMIT 1
2018-01-18 21:44:16:SELECT * FROM t_user WHERE 1 AND openid = 'oeDcV0W0lW2u-WnondVku8uZZo4k' LIMIT 1
2018-01-18 21:44:24:SELECT gender FROM t_user WHERE 1 AND openid='oeDcV0W0lW2u-WnondVku8uZZo4k' LIMIT 1
2018-01-18 21:44:24:SELECT * FROM t_act_group WHERE 1 AND act_id=59
2018-01-18 21:44:24:SELECT * FROM t_act WHERE 1 AND id=59 LIMIT 1
2018-01-18 21:44:24:SELECT * FROM t_act_pic WHERE 1 AND act_id=59
2018-01-18 21:44:24:SELECT * FROM t_user WHERE 1 AND openid='oeDcV0W0lW2u-WnondVku8uZZo4k' LIMIT 1
2018-01-18 21:44:24:SELECT count(*) num FROM t_act_user WHERE 1 AND act_id=59 AND openid='oeDcV0W0lW2u-WnondVku8uZZo4k' AND group_id=536 LIMIT 1
2018-01-18 21:44:24:SELECT * FROM t_act_user WHERE 1 AND act_id=59 AND group_id=536 order by use_time ASC, create_time ASC
2018-01-18 21:44:42:SELECT * FROM t_user WHERE 1 AND openid = 'oeDcV0W0lW2u-WnondVku8uZZo4k' LIMIT 1
2018-01-18 21:45:17:SELECT * FROM t_user WHERE 1 AND openid = 'oeDcV0W0lW2u-WnondVku8uZZo4k' LIMIT 1
2018-01-18 21:45:46:SELECT gender FROM t_user WHERE 1 AND openid='oeDcV0W0lW2u-WnondVku8uZZo4k' LIMIT 1
2018-01-18 21:45:46:SELECT * FROM t_act WHERE 1  AND is_list=1 AND (end_time=0 OR end_time>1516283146) AND limit_sex IN(0,2) order by add_time DESC LIMIT 0,8
2018-01-18 21:45:47:SELECT COUNT(*) total FROM t_act WHERE 1  AND is_list=1 AND (end_time=0 OR end_time>1516283146) AND limit_sex IN(0,2) LIMIT 1
2018-01-18 21:45:47:SELECT * FROM t_user WHERE 1 AND openid='oeDcV0W0lW2u-WnondVku8uZZo4k' LIMIT 1
2018-01-18 21:45:47:SELECT * FROM t_user WHERE 1 AND openid='oeDcV0W0lW2u-WnondVku8uZZo4k' LIMIT 1
2018-01-18 21:45:47:SELECT * FROM t_user WHERE 1 AND openid='oeDcV0W0lW2u-WnondVku8uZZo4k' LIMIT 1
2018-01-18 21:45:47:SELECT * FROM t_user WHERE 1 AND openid='oeDcV0W0lW2u-WnondVku8uZZo4k' LIMIT 1
2018-01-18 21:45:47:SELECT * FROM t_user WHERE 1 AND openid='oeDcV0W0lW2u-WnondVku8uZZo4k' LIMIT 1
2018-01-18 21:45:47:SELECT * FROM t_user WHERE 1 AND openid='oeDcV0W0lW2u-WnondVku8uZZo4k' LIMIT 1
2018-01-18 21:45:47:SELECT * FROM t_user WHERE 1 AND openid='oeDcV0W0lW2u-WnondVku8uZZo4k' LIMIT 1
2018-01-18 21:45:47:SELECT * FROM t_user WHERE 1 AND openid='oeDcV0W0lW2u-WnondVku8uZZo4k' LIMIT 1
2018-01-18 21:45:58:SELECT gender FROM t_user WHERE 1 AND openid='oeDcV0W0lW2u-WnondVku8uZZo4k' LIMIT 1
2018-01-18 21:45:58:SELECT * FROM t_act_group WHERE 1 AND act_id=56
2018-01-18 21:45:58:SELECT * FROM t_act WHERE 1 AND id=56 LIMIT 1
2018-01-18 21:45:58:SELECT * FROM t_act_pic WHERE 1 AND act_id=56
2018-01-18 21:45:58:SELECT * FROM t_user WHERE 1 AND openid='oeDcV0W0lW2u-WnondVku8uZZo4k' LIMIT 1
2018-01-18 21:45:58:SELECT count(*) num FROM t_act_user WHERE 1 AND act_id=56 AND openid='oeDcV0W0lW2u-WnondVku8uZZo4k' AND group_id=506 LIMIT 1
2018-01-18 21:45:58:SELECT * FROM t_act_user WHERE 1 AND act_id=56 AND group_id=506 order by use_time ASC, create_time ASC
2018-01-18 21:46:37:SELECT gender FROM t_user WHERE 1 AND openid='oeDcV0W0lW2u-WnondVku8uZZo4k' LIMIT 1
2018-01-18 21:46:37:SELECT * FROM t_act_group WHERE 1 AND act_id=56
2018-01-18 21:46:37:SELECT * FROM t_act WHERE 1 AND id=56 LIMIT 1
2018-01-18 21:46:37:SELECT * FROM t_act_pic WHERE 1 AND act_id=56
2018-01-18 21:46:37:SELECT * FROM t_user WHERE 1 AND openid='oeDcV0W0lW2u-WnondVku8uZZo4k' LIMIT 1
2018-01-18 21:46:38:SELECT count(*) num FROM t_act_user WHERE 1 AND act_id=56 AND openid='oeDcV0W0lW2u-WnondVku8uZZo4k' AND group_id=506 LIMIT 1
2018-01-18 21:46:38:SELECT * FROM t_act_user WHERE 1 AND act_id=56 AND group_id=506 order by use_time ASC, create_time ASC
2018-01-18 21:46:46:SELECT gender FROM t_user WHERE 1 AND openid='oeDcV0W0lW2u-WnondVku8uZZo4k' LIMIT 1
2018-01-18 21:46:46:SELECT * FROM t_act_group WHERE 1 AND act_id=56
2018-01-18 21:46:46:SELECT * FROM t_act WHERE 1 AND id=56 LIMIT 1
2018-01-18 21:46:46:SELECT * FROM t_act_pic WHERE 1 AND act_id=56
2018-01-18 21:46:46:SELECT * FROM t_user WHERE 1 AND openid='oeDcV0W0lW2u-WnondVku8uZZo4k' LIMIT 1
2018-01-18 21:46:46:SELECT count(*) num FROM t_act_user WHERE 1 AND act_id=56 AND openid='oeDcV0W0lW2u-WnondVku8uZZo4k' AND group_id=506 LIMIT 1
2018-01-18 21:46:46:SELECT * FROM t_act_user WHERE 1 AND act_id=56 AND group_id=506 order by use_time ASC, create_time ASC
2018-01-18 21:48:28:SELECT * FROM t_user WHERE 1 AND openid = 'oeDcV0W0lW2u-WnondVku8uZZo4k' LIMIT 1
2018-01-18 21:54:54:SELECT gender FROM t_user WHERE 1 AND openid='oeDcV0W0lW2u-WnondVku8uZZo4k' LIMIT 1
2018-01-18 21:54:54:SELECT * FROM t_act_group WHERE 1 AND act_id=31
2018-01-18 21:54:54:SELECT * FROM t_act WHERE 1 AND id=31 LIMIT 1
2018-01-18 21:54:54:SELECT * FROM t_act_group WHERE 1 AND act_id=31 LIMIT 1
2018-01-18 21:54:54:SELECT * FROM t_act_pic WHERE 1 AND act_id=31
2018-01-18 21:54:54:SELECT * FROM t_user WHERE 1 AND openid='oeDcV0W0lW2u-WnondVku8uZZo4k' LIMIT 1
2018-01-18 21:54:54:SELECT count(*) num FROM t_act_user WHERE 1 AND act_id=31 AND openid='oeDcV0W0lW2u-WnondVku8uZZo4k' AND group_id=292 LIMIT 1
2018-01-18 21:54:54:SELECT * FROM t_act_user WHERE 1 AND act_id=31 AND group_id=292 order by use_time ASC, create_time ASC
2018-01-18 21:54:54:SELECT * FROM t_user WHERE 1 AND openid='oeDcV0TIhZCvU1UFnqrdS_fKJxW0' LIMIT 1
2018-01-18 21:55:32:SELECT gender FROM t_user WHERE 1 AND openid='oeDcV0W0lW2u-WnondVku8uZZo4k' LIMIT 1
2018-01-18 21:55:32:SELECT * FROM t_act_group WHERE 1 AND act_id=1
2018-01-18 21:55:33:SELECT * FROM t_act WHERE 1 AND id=1 LIMIT 1
2018-01-18 21:55:33:SELECT * FROM t_act_group WHERE 1 AND act_id=1 LIMIT 1
2018-01-18 21:55:33:SELECT * FROM t_act_pic WHERE 1 AND act_id=1
2018-01-18 21:55:33:SELECT * FROM t_user WHERE 1 AND openid='oeDcV0W0lW2u-WnondVku8uZZo4k' LIMIT 1
2018-01-18 21:55:33:SELECT count(*) num FROM t_act_user WHERE 1 AND act_id=1 AND openid='oeDcV0W0lW2u-WnondVku8uZZo4k' AND group_id=1 LIMIT 1
2018-01-18 21:55:33:SELECT * FROM t_act_user WHERE 1 AND act_id=1 AND openid='oeDcV0W0lW2u-WnondVku8uZZo4k' AND group_id=1 LIMIT 1
2018-01-18 21:55:33:SELECT * FROM t_act_user WHERE 1 AND act_id=1 AND group_id=1 order by use_time ASC, create_time ASC
2018-01-18 21:55:33:SELECT * FROM t_user WHERE 1 AND openid='oeDcV0W0lW2u-WnondVku8uZZo4k' LIMIT 1
2018-01-18 21:56:00:SELECT gender FROM t_user WHERE 1 AND openid='oeDcV0W0lW2u-WnondVku8uZZo4k' LIMIT 1
2018-01-18 21:56:00:SELECT * FROM t_act_group WHERE 1 AND act_id=47
2018-01-18 21:56:00:SELECT * FROM t_act WHERE 1 AND id=47 LIMIT 1
2018-01-18 21:56:00:SELECT * FROM t_act_group WHERE 1 AND act_id=47 LIMIT 1
2018-01-18 21:56:00:SELECT * FROM t_act_pic WHERE 1 AND act_id=47
2018-01-18 21:56:00:SELECT * FROM t_user WHERE 1 AND openid='oeDcV0W0lW2u-WnondVku8uZZo4k' LIMIT 1
2018-01-18 21:56:00:SELECT count(*) num FROM t_act_user WHERE 1 AND act_id=47 AND openid='oeDcV0W0lW2u-WnondVku8uZZo4k' AND group_id=443 LIMIT 1
2018-01-18 21:56:00:SELECT * FROM t_act_user WHERE 1 AND act_id=47 AND group_id=443 order by use_time ASC, create_time ASC
2018-01-18 21:56:00:SELECT * FROM t_user WHERE 1 AND openid='oeDcV0Zc4eR8nIigyAVbHx0c5oAc' LIMIT 1
2018-01-18 22:02:52:SELECT gender FROM t_user WHERE 1 AND openid='oeDcV0W0lW2u-WnondVku8uZZo4k' LIMIT 1
2018-01-18 22:02:52:SELECT * FROM t_act_group WHERE 1 AND act_id=31
2018-01-18 22:02:52:SELECT * FROM t_act WHERE 1 AND id=31 LIMIT 1
2018-01-18 22:02:52:SELECT * FROM t_act_group WHERE 1 AND act_id=31 LIMIT 1
2018-01-18 22:02:52:SELECT * FROM t_act_pic WHERE 1 AND act_id=31
2018-01-18 22:02:52:SELECT * FROM t_user WHERE 1 AND openid='oeDcV0W0lW2u-WnondVku8uZZo4k' LIMIT 1
2018-01-18 22:02:52:SELECT count(*) num FROM t_act_user WHERE 1 AND act_id=31 AND openid='oeDcV0W0lW2u-WnondVku8uZZo4k' AND group_id=292 LIMIT 1
2018-01-18 22:02:52:SELECT * FROM t_act_user WHERE 1 AND act_id=31 AND group_id=292 order by use_time ASC, create_time ASC
2018-01-18 22:02:52:SELECT * FROM t_user WHERE 1 AND openid='oeDcV0TIhZCvU1UFnqrdS_fKJxW0' LIMIT 1
2018-01-18 22:03:15:SELECT * FROM t_user WHERE 1 AND openid = 'oeDcV0W0lW2u-WnondVku8uZZo4k' LIMIT 1
2018-01-18 22:03:16:SELECT * FROM t_user WHERE 1 AND openid = 'oeDcV0W0lW2u-WnondVku8uZZo4k' LIMIT 1
2018-01-18 22:03:37:SELECT * FROM t_user WHERE 1 AND openid = 'oeDcV0W0lW2u-WnondVku8uZZo4k' LIMIT 1
2018-01-18 22:03:38:SELECT * FROM t_user WHERE 1 AND openid = 'oeDcV0W0lW2u-WnondVku8uZZo4k' LIMIT 1
2018-01-18 22:04:02:SELECT gender FROM t_user WHERE 1 AND openid='oeDcV0W0lW2u-WnondVku8uZZo4k' LIMIT 1
2018-01-18 22:04:02:SELECT * FROM t_act WHERE 1  AND is_list=1 AND (end_time=0 OR end_time>1516284242) AND limit_sex IN(0,2) order by add_time DESC LIMIT 0,8
2018-01-18 22:04:02:SELECT COUNT(*) total FROM t_act WHERE 1  AND is_list=1 AND (end_time=0 OR end_time>1516284242) AND limit_sex IN(0,2) LIMIT 1
2018-01-18 22:04:02:SELECT * FROM t_user WHERE 1 AND openid='oeDcV0W0lW2u-WnondVku8uZZo4k' LIMIT 1
2018-01-18 22:04:02:SELECT * FROM t_user WHERE 1 AND openid='oeDcV0W0lW2u-WnondVku8uZZo4k' LIMIT 1
2018-01-18 22:04:02:SELECT * FROM t_user WHERE 1 AND openid='oeDcV0W0lW2u-WnondVku8uZZo4k' LIMIT 1
2018-01-18 22:04:02:SELECT * FROM t_user WHERE 1 AND openid='oeDcV0W0lW2u-WnondVku8uZZo4k' LIMIT 1
2018-01-18 22:04:02:SELECT * FROM t_user WHERE 1 AND openid='oeDcV0W0lW2u-WnondVku8uZZo4k' LIMIT 1
2018-01-18 22:04:03:SELECT * FROM t_user WHERE 1 AND openid='oeDcV0W0lW2u-WnondVku8uZZo4k' LIMIT 1
2018-01-18 22:04:03:SELECT * FROM t_user WHERE 1 AND openid='oeDcV0W0lW2u-WnondVku8uZZo4k' LIMIT 1
2018-01-18 22:04:03:SELECT * FROM t_user WHERE 1 AND openid='oeDcV0W0lW2u-WnondVku8uZZo4k' LIMIT 1
2018-01-18 22:04:06:SELECT gender FROM t_user WHERE 1 AND openid='oeDcV0W0lW2u-WnondVku8uZZo4k' LIMIT 1
2018-01-18 22:04:06:SELECT * FROM t_act WHERE 1  AND is_list=1 AND (end_time=0 OR end_time>1516284246) AND limit_sex IN(0,2) order by add_time DESC LIMIT 8,8
2018-01-18 22:04:06:SELECT COUNT(*) total FROM t_act WHERE 1  AND is_list=1 AND (end_time=0 OR end_time>1516284246) AND limit_sex IN(0,2) LIMIT 1
2018-01-18 22:04:06:SELECT * FROM t_user WHERE 1 AND openid='oeDcV0W0lW2u-WnondVku8uZZo4k' LIMIT 1
2018-01-18 22:04:06:SELECT * FROM t_user WHERE 1 AND openid='oeDcV0W0lW2u-WnondVku8uZZo4k' LIMIT 1
2018-01-18 22:04:06:SELECT * FROM t_user WHERE 1 AND openid='oeDcV0TIhZCvU1UFnqrdS_fKJxW0' LIMIT 1
2018-01-18 22:04:06:SELECT * FROM t_user WHERE 1 AND openid='oeDcV0W0lW2u-WnondVku8uZZo4k' LIMIT 1
2018-01-18 22:04:06:SELECT * FROM t_user WHERE 1 AND openid='oeDcV0Zc4eR8nIigyAVbHx0c5oAc' LIMIT 1
2018-01-18 22:04:06:SELECT * FROM t_user WHERE 1 AND openid='oeDcV0Zc4eR8nIigyAVbHx0c5oAc' LIMIT 1
2018-01-18 22:04:06:SELECT * FROM t_user WHERE 1 AND openid='oeDcV0W0lW2u-WnondVku8uZZo4k' LIMIT 1
2018-01-18 22:04:06:SELECT * FROM t_user WHERE 1 AND openid='oeDcV0TIhZCvU1UFnqrdS_fKJxW0' LIMIT 1
2018-01-18 22:04:12:SELECT gender FROM t_user WHERE 1 AND openid='oeDcV0W0lW2u-WnondVku8uZZo4k' LIMIT 1
2018-01-18 22:04:12:SELECT * FROM t_act WHERE 1  AND is_list=1 AND (end_time=0 OR end_time>1516284252) AND limit_sex IN(0,2) order by add_time DESC LIMIT 16,8
2018-01-18 22:04:12:SELECT COUNT(*) total FROM t_act WHERE 1  AND is_list=1 AND (end_time=0 OR end_time>1516284252) AND limit_sex IN(0,2) LIMIT 1
2018-01-18 22:04:12:SELECT * FROM t_user WHERE 1 AND openid='oeDcV0TIhZCvU1UFnqrdS_fKJxW0' LIMIT 1
2018-01-18 22:04:12:SELECT * FROM t_user WHERE 1 AND openid='oeDcV0TIhZCvU1UFnqrdS_fKJxW0' LIMIT 1
2018-01-18 22:04:12:SELECT * FROM t_user WHERE 1 AND openid='oeDcV0W0lW2u-WnondVku8uZZo4k' LIMIT 1
2018-01-18 22:04:13:SELECT * FROM t_user WHERE 1 AND openid='oeDcV0TIhZCvU1UFnqrdS_fKJxW0' LIMIT 1
2018-01-18 22:04:13:SELECT * FROM t_user WHERE 1 AND openid='oeDcV0W0lW2u-WnondVku8uZZo4k' LIMIT 1
2018-01-18 22:04:16:SELECT gender FROM t_user WHERE 1 AND openid='oeDcV0W0lW2u-WnondVku8uZZo4k' LIMIT 1
2018-01-18 22:04:16:SELECT * FROM t_act_group WHERE 1 AND act_id=44
2018-01-18 22:04:16:SELECT * FROM t_act WHERE 1 AND id=44 LIMIT 1
2018-01-18 22:04:16:SELECT * FROM t_act_group WHERE 1 AND act_id=44 LIMIT 1
2018-01-18 22:04:16:SELECT * FROM t_act_pic WHERE 1 AND act_id=44
2018-01-18 22:04:16:SELECT * FROM t_user WHERE 1 AND openid='oeDcV0W0lW2u-WnondVku8uZZo4k' LIMIT 1
2018-01-18 22:04:16:SELECT count(*) num FROM t_act_user WHERE 1 AND act_id=44 AND openid='oeDcV0W0lW2u-WnondVku8uZZo4k' AND group_id=422 LIMIT 1
2018-01-18 22:04:16:SELECT * FROM t_act_user WHERE 1 AND act_id=44 AND group_id=422 order by use_time ASC, create_time ASC
2018-01-18 22:04:21:SELECT gender FROM t_user WHERE 1 AND openid='oeDcV0W0lW2u-WnondVku8uZZo4k' LIMIT 1
2018-01-18 22:04:21:SELECT * FROM t_act WHERE 1  AND is_list=1 AND (end_time=0 OR end_time>1516284261) AND limit_sex IN(0,2) order by add_time DESC LIMIT 16,8
2018-01-18 22:04:21:SELECT COUNT(*) total FROM t_act WHERE 1  AND is_list=1 AND (end_time=0 OR end_time>1516284261) AND limit_sex IN(0,2) LIMIT 1
2018-01-18 22:04:21:SELECT * FROM t_user WHERE 1 AND openid='oeDcV0TIhZCvU1UFnqrdS_fKJxW0' LIMIT 1
2018-01-18 22:04:21:SELECT * FROM t_user WHERE 1 AND openid='oeDcV0TIhZCvU1UFnqrdS_fKJxW0' LIMIT 1
2018-01-18 22:04:21:SELECT * FROM t_user WHERE 1 AND openid='oeDcV0W0lW2u-WnondVku8uZZo4k' LIMIT 1
2018-01-18 22:04:21:SELECT * FROM t_user WHERE 1 AND openid='oeDcV0TIhZCvU1UFnqrdS_fKJxW0' LIMIT 1
2018-01-18 22:04:21:SELECT * FROM t_user WHERE 1 AND openid='oeDcV0W0lW2u-WnondVku8uZZo4k' LIMIT 1
2018-01-18 22:04:28:SELECT gender FROM t_user WHERE 1 AND openid='oeDcV0W0lW2u-WnondVku8uZZo4k' LIMIT 1
2018-01-18 22:04:28:SELECT * FROM t_act_group WHERE 1 AND act_id=58
2018-01-18 22:04:28:SELECT * FROM t_act WHERE 1 AND id=58 LIMIT 1
2018-01-18 22:04:28:SELECT * FROM t_act_group WHERE 1 AND act_id=58 LIMIT 1
2018-01-18 22:04:28:SELECT * FROM t_act_pic WHERE 1 AND act_id=58
2018-01-18 22:04:28:SELECT * FROM t_user WHERE 1 AND openid='oeDcV0W0lW2u-WnondVku8uZZo4k' LIMIT 1
2018-01-18 22:04:28:SELECT count(*) num FROM t_act_user WHERE 1 AND act_id=58 AND openid='oeDcV0W0lW2u-WnondVku8uZZo4k' AND group_id=526 LIMIT 1
2018-01-18 22:04:29:SELECT * FROM t_act_user WHERE 1 AND act_id=58 AND group_id=526 order by use_time ASC, create_time ASC
2018-01-18 22:06:47:SELECT gender FROM t_user WHERE 1 AND openid='oeDcV0W0lW2u-WnondVku8uZZo4k' LIMIT 1
2018-01-18 22:06:47:SELECT * FROM t_act WHERE 1  AND is_list=1 AND (end_time=0 OR end_time>1516284407) AND limit_sex IN(0,2) order by add_time DESC LIMIT 16,8
2018-01-18 22:06:47:SELECT COUNT(*) total FROM t_act WHERE 1  AND is_list=1 AND (end_time=0 OR end_time>1516284407) AND limit_sex IN(0,2) LIMIT 1
2018-01-18 22:06:47:SELECT * FROM t_user WHERE 1 AND openid='oeDcV0TIhZCvU1UFnqrdS_fKJxW0' LIMIT 1
2018-01-18 22:06:47:SELECT * FROM t_user WHERE 1 AND openid='oeDcV0TIhZCvU1UFnqrdS_fKJxW0' LIMIT 1
2018-01-18 22:06:47:SELECT * FROM t_user WHERE 1 AND openid='oeDcV0W0lW2u-WnondVku8uZZo4k' LIMIT 1
2018-01-18 22:06:48:SELECT * FROM t_user WHERE 1 AND openid='oeDcV0TIhZCvU1UFnqrdS_fKJxW0' LIMIT 1
2018-01-18 22:06:48:SELECT * FROM t_user WHERE 1 AND openid='oeDcV0W0lW2u-WnondVku8uZZo4k' LIMIT 1
2018-01-18 22:06:49:SELECT gender FROM t_user WHERE 1 AND openid='oeDcV0W0lW2u-WnondVku8uZZo4k' LIMIT 1
2018-01-18 22:06:49:SELECT * FROM t_act_group WHERE 1 AND act_id=58
2018-01-18 22:06:49:SELECT * FROM t_act WHERE 1 AND id=58 LIMIT 1
2018-01-18 22:06:49:SELECT * FROM t_act_group WHERE 1 AND act_id=58 LIMIT 1
2018-01-18 22:06:49:SELECT * FROM t_act_pic WHERE 1 AND act_id=58
2018-01-18 22:06:49:SELECT * FROM t_user WHERE 1 AND openid='oeDcV0W0lW2u-WnondVku8uZZo4k' LIMIT 1
2018-01-18 22:06:49:SELECT count(*) num FROM t_act_user WHERE 1 AND act_id=58 AND openid='oeDcV0W0lW2u-WnondVku8uZZo4k' AND group_id=526 LIMIT 1
2018-01-18 22:06:49:SELECT * FROM t_act_user WHERE 1 AND act_id=58 AND group_id=526 order by use_time ASC, create_time ASC
2018-01-18 22:09:18:SELECT * FROM t_user WHERE 1 AND openid = 'oeDcV0W0lW2u-WnondVku8uZZo4k' LIMIT 1
2018-01-18 22:09:19:SELECT * FROM t_user WHERE 1 AND openid = 'oeDcV0W0lW2u-WnondVku8uZZo4k' LIMIT 1
2018-01-18 22:09:23:SELECT gender FROM t_user WHERE 1 AND openid='oeDcV0W0lW2u-WnondVku8uZZo4k' LIMIT 1
2018-01-18 22:09:23:SELECT * FROM t_act WHERE 1  AND is_list=1 AND (end_time=0 OR end_time>1516284563) AND limit_sex IN(0,2) order by add_time DESC LIMIT 0,8
2018-01-18 22:09:23:SELECT COUNT(*) total FROM t_act WHERE 1  AND is_list=1 AND (end_time=0 OR end_time>1516284563) AND limit_sex IN(0,2) LIMIT 1
2018-01-18 22:09:23:SELECT * FROM t_user WHERE 1 AND openid='oeDcV0W0lW2u-WnondVku8uZZo4k' LIMIT 1
2018-01-18 22:09:24:SELECT * FROM t_user WHERE 1 AND openid='oeDcV0W0lW2u-WnondVku8uZZo4k' LIMIT 1
2018-01-18 22:09:24:SELECT * FROM t_user WHERE 1 AND openid='oeDcV0W0lW2u-WnondVku8uZZo4k' LIMIT 1
2018-01-18 22:09:24:SELECT * FROM t_user WHERE 1 AND openid='oeDcV0W0lW2u-WnondVku8uZZo4k' LIMIT 1
2018-01-18 22:09:24:SELECT * FROM t_user WHERE 1 AND openid='oeDcV0W0lW2u-WnondVku8uZZo4k' LIMIT 1
2018-01-18 22:09:24:SELECT * FROM t_user WHERE 1 AND openid='oeDcV0W0lW2u-WnondVku8uZZo4k' LIMIT 1
2018-01-18 22:09:24:SELECT * FROM t_user WHERE 1 AND openid='oeDcV0W0lW2u-WnondVku8uZZo4k' LIMIT 1
2018-01-18 22:09:24:SELECT * FROM t_user WHERE 1 AND openid='oeDcV0W0lW2u-WnondVku8uZZo4k' LIMIT 1
2018-01-18 22:09:26:SELECT gender FROM t_user WHERE 1 AND openid='oeDcV0W0lW2u-WnondVku8uZZo4k' LIMIT 1
2018-01-18 22:09:26:SELECT * FROM t_act_group WHERE 1 AND act_id=58
2018-01-18 22:09:26:SELECT * FROM t_act WHERE 1 AND id=58 LIMIT 1
2018-01-18 22:09:26:SELECT * FROM t_act_group WHERE 1 AND act_id=58 LIMIT 1
2018-01-18 22:09:26:SELECT * FROM t_act_pic WHERE 1 AND act_id=58
2018-01-18 22:09:26:SELECT * FROM t_user WHERE 1 AND openid='oeDcV0W0lW2u-WnondVku8uZZo4k' LIMIT 1
2018-01-18 22:09:26:SELECT count(*) num FROM t_act_user WHERE 1 AND act_id=58 AND openid='oeDcV0W0lW2u-WnondVku8uZZo4k' AND group_id=526 LIMIT 1
2018-01-18 22:09:26:SELECT * FROM t_act_user WHERE 1 AND act_id=58 AND group_id=526 order by use_time ASC, create_time ASC
2018-01-18 22:09:49:SELECT count(*) num FROM t_act_user WHERE 1 AND act_id=58 AND openid='oeDcV0W0lW2u-WnondVku8uZZo4k' LIMIT 1
2018-01-18 22:09:49:SELECT count(*) num FROM t_act_user WHERE 1 AND group_id='526' LIMIT 1
2018-01-18 22:09:49:SELECT end_time FROM t_act_group WHERE 1 AND id='526' LIMIT 1
2018-01-18 22:09:50:SELECT gender FROM t_user WHERE 1 AND openid='oeDcV0W0lW2u-WnondVku8uZZo4k' LIMIT 1
2018-01-18 22:09:50:SELECT * FROM t_act_group WHERE 1 AND act_id=58
2018-01-18 22:09:50:SELECT * FROM t_act WHERE 1 AND id=58 LIMIT 1
2018-01-18 22:09:50:SELECT * FROM t_act_group WHERE 1 AND act_id=58 LIMIT 1
2018-01-18 22:09:50:SELECT * FROM t_act_pic WHERE 1 AND act_id=58
2018-01-18 22:09:50:SELECT * FROM t_user WHERE 1 AND openid='oeDcV0W0lW2u-WnondVku8uZZo4k' LIMIT 1
2018-01-18 22:09:50:SELECT count(*) num FROM t_act_user WHERE 1 AND act_id=58 AND openid='oeDcV0W0lW2u-WnondVku8uZZo4k' AND group_id=526 LIMIT 1
2018-01-18 22:09:50:SELECT * FROM t_act_user WHERE 1 AND act_id=58 AND openid='oeDcV0W0lW2u-WnondVku8uZZo4k' AND group_id=526 LIMIT 1
2018-01-18 22:09:50:SELECT * FROM t_act_user WHERE 1 AND act_id=58 AND group_id=526 order by use_time ASC, create_time ASC
2018-01-18 22:09:50:SELECT * FROM t_user WHERE 1 AND openid='oeDcV0W0lW2u-WnondVku8uZZo4k' LIMIT 1
2018-01-18 22:11:36:SELECT * FROM t_user WHERE 1 AND openid = 'oeDcV0W0lW2u-WnondVku8uZZo4k' LIMIT 1
2018-01-18 22:11:40:SELECT gender FROM t_user WHERE 1 AND openid='oeDcV0W0lW2u-WnondVku8uZZo4k' LIMIT 1
2018-01-18 22:11:40:SELECT * FROM t_act WHERE 1  AND is_list=1 AND (end_time=0 OR end_time>1516284700) AND limit_sex IN(0,2) order by add_time DESC LIMIT 0,8
2018-01-18 22:11:40:SELECT COUNT(*) total FROM t_act WHERE 1  AND is_list=1 AND (end_time=0 OR end_time>1516284700) AND limit_sex IN(0,2) LIMIT 1
2018-01-18 22:11:40:SELECT * FROM t_user WHERE 1 AND openid='oeDcV0W0lW2u-WnondVku8uZZo4k' LIMIT 1
2018-01-18 22:11:40:SELECT * FROM t_user WHERE 1 AND openid='oeDcV0W0lW2u-WnondVku8uZZo4k' LIMIT 1
2018-01-18 22:11:40:SELECT * FROM t_user WHERE 1 AND openid='oeDcV0W0lW2u-WnondVku8uZZo4k' LIMIT 1
2018-01-18 22:11:40:SELECT * FROM t_user WHERE 1 AND openid='oeDcV0W0lW2u-WnondVku8uZZo4k' LIMIT 1
2018-01-18 22:11:40:SELECT * FROM t_user WHERE 1 AND openid='oeDcV0W0lW2u-WnondVku8uZZo4k' LIMIT 1
2018-01-18 22:11:40:SELECT * FROM t_user WHERE 1 AND openid='oeDcV0W0lW2u-WnondVku8uZZo4k' LIMIT 1
2018-01-18 22:11:40:SELECT * FROM t_user WHERE 1 AND openid='oeDcV0W0lW2u-WnondVku8uZZo4k' LIMIT 1
2018-01-18 22:11:40:SELECT * FROM t_user WHERE 1 AND openid='oeDcV0W0lW2u-WnondVku8uZZo4k' LIMIT 1
2018-01-18 22:11:43:SELECT gender FROM t_user WHERE 1 AND openid='oeDcV0W0lW2u-WnondVku8uZZo4k' LIMIT 1
2018-01-18 22:11:43:SELECT * FROM t_act_group WHERE 1 AND act_id=58
2018-01-18 22:11:43:SELECT * FROM t_act WHERE 1 AND id=58 LIMIT 1
2018-01-18 22:11:43:SELECT * FROM t_act_group WHERE 1 AND act_id=58 LIMIT 1
2018-01-18 22:11:43:SELECT * FROM t_act_pic WHERE 1 AND act_id=58
2018-01-18 22:11:43:SELECT * FROM t_user WHERE 1 AND openid='oeDcV0W0lW2u-WnondVku8uZZo4k' LIMIT 1
2018-01-18 22:11:43:SELECT count(*) num FROM t_act_user WHERE 1 AND act_id=58 AND openid='oeDcV0W0lW2u-WnondVku8uZZo4k' AND group_id=526 LIMIT 1
2018-01-18 22:11:43:SELECT * FROM t_act_user WHERE 1 AND act_id=58 AND openid='oeDcV0W0lW2u-WnondVku8uZZo4k' AND group_id=526 LIMIT 1
2018-01-18 22:11:43:SELECT * FROM t_act_user WHERE 1 AND act_id=58 AND group_id=526 order by use_time ASC, create_time ASC
2018-01-18 22:11:43:SELECT * FROM t_user WHERE 1 AND openid='oeDcV0W0lW2u-WnondVku8uZZo4k' LIMIT 1
2018-01-18 22:14:26:SELECT * FROM t_user WHERE 1 AND openid = 'oeDcV0W0lW2u-WnondVku8uZZo4k' LIMIT 1
2018-01-18 22:14:30:SELECT gender FROM t_user WHERE 1 AND openid='oeDcV0W0lW2u-WnondVku8uZZo4k' LIMIT 1
2018-01-18 22:14:30:SELECT * FROM t_act WHERE 1  AND is_list=1 AND (end_time=0 OR end_time>1516284870) AND limit_sex IN(0,2) order by add_time DESC LIMIT 0,8
2018-01-18 22:14:30:SELECT COUNT(*) total FROM t_act WHERE 1  AND is_list=1 AND (end_time=0 OR end_time>1516284870) AND limit_sex IN(0,2) LIMIT 1
2018-01-18 22:14:30:SELECT * FROM t_user WHERE 1 AND openid='oeDcV0W0lW2u-WnondVku8uZZo4k' LIMIT 1
2018-01-18 22:14:30:SELECT * FROM t_user WHERE 1 AND openid='oeDcV0W0lW2u-WnondVku8uZZo4k' LIMIT 1
2018-01-18 22:14:30:SELECT * FROM t_user WHERE 1 AND openid='oeDcV0W0lW2u-WnondVku8uZZo4k' LIMIT 1
2018-01-18 22:14:30:SELECT * FROM t_user WHERE 1 AND openid='oeDcV0W0lW2u-WnondVku8uZZo4k' LIMIT 1
2018-01-18 22:14:30:SELECT * FROM t_user WHERE 1 AND openid='oeDcV0W0lW2u-WnondVku8uZZo4k' LIMIT 1
2018-01-18 22:14:30:SELECT * FROM t_user WHERE 1 AND openid='oeDcV0W0lW2u-WnondVku8uZZo4k' LIMIT 1
2018-01-18 22:14:30:SELECT * FROM t_user WHERE 1 AND openid='oeDcV0W0lW2u-WnondVku8uZZo4k' LIMIT 1
2018-01-18 22:14:30:SELECT * FROM t_user WHERE 1 AND openid='oeDcV0W0lW2u-WnondVku8uZZo4k' LIMIT 1
2018-01-18 22:14:32:SELECT gender FROM t_user WHERE 1 AND openid='oeDcV0W0lW2u-WnondVku8uZZo4k' LIMIT 1
2018-01-18 22:14:32:SELECT * FROM t_act_group WHERE 1 AND act_id=58
2018-01-18 22:14:33:SELECT * FROM t_act WHERE 1 AND id=58 LIMIT 1
2018-01-18 22:14:33:SELECT * FROM t_act_group WHERE 1 AND act_id=58 LIMIT 1
2018-01-18 22:14:33:SELECT * FROM t_act_pic WHERE 1 AND act_id=58
2018-01-18 22:14:33:SELECT * FROM t_user WHERE 1 AND openid='oeDcV0W0lW2u-WnondVku8uZZo4k' LIMIT 1
2018-01-18 22:14:33:SELECT count(*) num FROM t_act_user WHERE 1 AND act_id=58 AND openid='oeDcV0W0lW2u-WnondVku8uZZo4k' AND group_id=526 LIMIT 1
2018-01-18 22:14:33:SELECT * FROM t_act_user WHERE 1 AND act_id=58 AND openid='oeDcV0W0lW2u-WnondVku8uZZo4k' AND group_id=526 LIMIT 1
2018-01-18 22:14:33:SELECT * FROM t_act_user WHERE 1 AND act_id=58 AND group_id=526 order by use_time ASC, create_time ASC
2018-01-18 22:14:33:SELECT * FROM t_user WHERE 1 AND openid='oeDcV0W0lW2u-WnondVku8uZZo4k' LIMIT 1
2018-01-18 22:14:37:SELECT gender FROM t_user WHERE 1 AND openid='oeDcV0W0lW2u-WnondVku8uZZo4k' LIMIT 1
2018-01-18 22:14:37:SELECT * FROM t_act WHERE 1  AND is_list=1 AND (end_time=0 OR end_time>1516284877) AND limit_sex IN(0,2) order by add_time DESC LIMIT 8,8
2018-01-18 22:14:37:SELECT COUNT(*) total FROM t_act WHERE 1  AND is_list=1 AND (end_time=0 OR end_time>1516284877) AND limit_sex IN(0,2) LIMIT 1
2018-01-18 22:14:37:SELECT * FROM t_user WHERE 1 AND openid='oeDcV0W0lW2u-WnondVku8uZZo4k' LIMIT 1
2018-01-18 22:14:37:SELECT * FROM t_user WHERE 1 AND openid='oeDcV0W0lW2u-WnondVku8uZZo4k' LIMIT 1
2018-01-18 22:14:37:SELECT * FROM t_user WHERE 1 AND openid='oeDcV0TIhZCvU1UFnqrdS_fKJxW0' LIMIT 1
2018-01-18 22:14:37:SELECT * FROM t_user WHERE 1 AND openid='oeDcV0W0lW2u-WnondVku8uZZo4k' LIMIT 1
2018-01-18 22:14:37:SELECT * FROM t_user WHERE 1 AND openid='oeDcV0Zc4eR8nIigyAVbHx0c5oAc' LIMIT 1
2018-01-18 22:14:37:SELECT * FROM t_user WHERE 1 AND openid='oeDcV0Zc4eR8nIigyAVbHx0c5oAc' LIMIT 1
2018-01-18 22:14:37:SELECT * FROM t_user WHERE 1 AND openid='oeDcV0W0lW2u-WnondVku8uZZo4k' LIMIT 1
2018-01-18 22:14:37:SELECT * FROM t_user WHERE 1 AND openid='oeDcV0TIhZCvU1UFnqrdS_fKJxW0' LIMIT 1
2018-01-18 22:14:45:SELECT * FROM t_user_money WHERE 1 AND openid="oeDcV0W0lW2u-WnondVku8uZZo4k" LIMIT 1
2018-01-18 22:14:45:SELECT act_id,use_time,create_time,get_award,get_ranking FROM t_act_user WHERE 1  AND openid ='oeDcV0W0lW2u-WnondVku8uZZo4k' order by create_time DESC LIMIT 0,2
2018-01-18 22:14:45:SELECT COUNT(*) total, SUM(get_award) total_money FROM t_act_user WHERE 1  AND openid ='oeDcV0W0lW2u-WnondVku8uZZo4k' LIMIT 1
2018-01-18 22:14:45:SELECT pic FROM t_act WHERE 1 AND id=58 LIMIT 1
2018-01-18 22:14:45:SELECT pic FROM t_act WHERE 1 AND id=39 LIMIT 1
2018-01-18 22:15:00:SELECT * FROM t_user_money WHERE 1 AND openid="oeDcV0W0lW2u-WnondVku8uZZo4k" LIMIT 1
2018-01-18 22:15:00:SELECT act_id,use_time,create_time,get_award,get_ranking FROM t_act_user WHERE 1  AND openid ='oeDcV0W0lW2u-WnondVku8uZZo4k' order by create_time DESC LIMIT 0,2
2018-01-18 22:15:00:SELECT COUNT(*) total, SUM(get_award) total_money FROM t_act_user WHERE 1  AND openid ='oeDcV0W0lW2u-WnondVku8uZZo4k' LIMIT 1
2018-01-18 22:15:00:SELECT pic FROM t_act WHERE 1 AND id=58 LIMIT 1
2018-01-18 22:15:00:SELECT pic FROM t_act WHERE 1 AND id=39 LIMIT 1
2018-01-18 22:15:01:SELECT * FROM t_user WHERE 1 AND openid = 'oeDcV0W0lW2u-WnondVku8uZZo4k' LIMIT 1
