2017-12-31 09:38:19:SELECT * FROM t_user_contact WHERE 1  LIMIT 1
2017-12-31 10:15:01:SELECT * FROM t_user_contact WHERE 1  LIMIT 1
2017-12-31 10:15:50:SELECT * FROM t_user_contact WHERE 1  LIMIT 1
2017-12-31 10:46:09:SELECT * FROM t_user_contact WHERE 1  LIMIT 1
2017-12-31 10:48:55:SELECT * FROM t_user_contact WHERE 1  LIMIT 1
2017-12-31 10:49:25:SELECT * FROM t_user_contact WHERE 1  LIMIT 1
2017-12-31 10:51:13:SELECT * FROM t_user_contact WHERE 1  LIMIT 1
2017-12-31 10:51:25:SELECT * FROM t_user_contact WHERE 1  LIMIT 1
2017-12-31 10:51:30:SELECT * FROM t_user_contact WHERE 1  LIMIT 1
2017-12-31 10:58:40:SELECT * FROM t_user_contact WHERE 1  LIMIT 1
2017-12-31 10:59:34:SELECT * FROM t_user_contact WHERE 1  LIMIT 1
2017-12-31 11:30:36:SELECT * FROM t_user_contact WHERE 1  LIMIT 1
2017-12-31 11:35:29:SELECT * FROM t_user_contact WHERE 1  LIMIT 1
2017-12-31 11:37:00:SELECT * FROM t_user_contact WHERE 1  LIMIT 1
2017-12-31 11:41:09:SELECT * FROM t_user_contact WHERE 1  LIMIT 1
2017-12-31 11:41:37:SELECT * FROM t_user_contact WHERE 1  LIMIT 1
2017-12-31 11:42:11:SELECT * FROM t_user_contact WHERE 1  LIMIT 1
2017-12-31 11:46:35:SELECT * FROM t_user_contact WHERE 1  LIMIT 1
2017-12-31 12:20:07:SELECT * FROM t_user_contact WHERE 1  LIMIT 1
2017-12-31 12:20:57:SELECT id FROM t_user WHERE 1 AND openid = 'oeDcV0Zc4eR8nIigyAVbHx0c5oAc' LIMIT 1
2017-12-31 12:22:28:SELECT * FROM t_user_contact WHERE 1  LIMIT 1
2017-12-31 12:22:38:SELECT id FROM t_user WHERE 1 AND openid = 'oeDcV0Zc4eR8nIigyAVbHx0c5oAc' LIMIT 1
2017-12-31 12:23:22:SELECT * FROM t_user_contact WHERE 1  LIMIT 1
2017-12-31 12:23:36:SELECT * FROM t_user_contact WHERE 1  LIMIT 1
2017-12-31 13:44:00:SELECT * FROM t_user_contact WHERE 1  LIMIT 1
2017-12-31 13:55:42:SELECT * FROM t_user_contact WHERE 1  LIMIT 1
2017-12-31 13:56:02:SELECT * FROM t_user_contact WHERE 1  LIMIT 1
2017-12-31 13:56:37:SELECT * FROM t_user_contact WHERE 1  LIMIT 1
2017-12-31 14:03:05:SELECT * FROM t_user_contact WHERE 1  LIMIT 1
2017-12-31 14:04:23:SELECT * FROM t_user_contact WHERE 1  LIMIT 1
2017-12-31 14:04:43:SELECT * FROM t_user_contact WHERE 1  LIMIT 1
2017-12-31 14:06:56:SELECT * FROM t_user_contact WHERE 1  LIMIT 1
2017-12-31 14:09:00:SELECT * FROM t_user_contact WHERE 1  LIMIT 1
2017-12-31 14:10:17:SELECT * FROM t_user_contact WHERE 1  LIMIT 1
2017-12-31 14:10:48:SELECT * FROM t_user_contact WHERE 1  LIMIT 1
2017-12-31 14:12:36:SELECT id FROM t_user WHERE 1 AND openid = 'oeDcV0W0lW2u-WnondVku8uZZo4k' LIMIT 1
2017-12-31 14:15:49:SELECT * FROM t_user_contact WHERE 1  LIMIT 1
2017-12-31 14:16:45:SELECT id FROM t_user WHERE 1 AND openid = 'oeDcV0W0lW2u-WnondVku8uZZo4k' LIMIT 1
2017-12-31 14:18:44:SELECT * FROM t_user_contact WHERE 1  LIMIT 1
2017-12-31 14:27:39:SELECT * FROM t_user WHERE 1 AND openid = 'oeDcV0Zc4eR8nIigyAVbHx0c5oAc' LIMIT 1
2017-12-31 14:29:07:SELECT * FROM t_user WHERE 1 AND openid = 'oeDcV0W0lW2u-WnondVku8uZZo4k' LIMIT 1
2017-12-31 14:32:46:SELECT * FROM t_user WHERE 1 AND openid = 'oeDcV0W0lW2u-WnondVku8uZZo4k' LIMIT 1
2017-12-31 14:40:11:SELECT * FROM t_user WHERE 1 AND openid = 'oeDcV0W0lW2u-WnondVku8uZZo4k' LIMIT 1
2017-12-31 14:41:02:SELECT * FROM t_user WHERE 1 AND openid = 'oeDcV0Zc4eR8nIigyAVbHx0c5oAc' LIMIT 1
2017-12-31 14:41:16:SELECT * FROM t_user WHERE 1 AND openid = 'oeDcV0Zc4eR8nIigyAVbHx0c5oAc' LIMIT 1
2017-12-31 14:48:25:SELECT * FROM t_user WHERE 1 AND openid = 'oeDcV0W0lW2u-WnondVku8uZZo4k' LIMIT 1
2017-12-31 14:48:32:SELECT * FROM t_user WHERE 1 AND openid = 'oeDcV0W0lW2u-WnondVku8uZZo4k' LIMIT 1
2017-12-31 14:51:50:SELECT * FROM t_user WHERE 1 AND openid = 'oeDcV0W0lW2u-WnondVku8uZZo4k' LIMIT 1
2017-12-31 14:58:23:SELECT * FROM t_user WHERE 1 AND openid = 'oeDcV0W0lW2u-WnondVku8uZZo4k' LIMIT 1
2017-12-31 14:59:06:SELECT * FROM t_user WHERE 1 AND openid = 'oeDcV0W0lW2u-WnondVku8uZZo4k' LIMIT 1
2017-12-31 15:00:50:SELECT * FROM t_user WHERE 1 AND openid = 'oeDcV0W0lW2u-WnondVku8uZZo4k' LIMIT 1
2017-12-31 15:01:34:SELECT * FROM t_user WHERE 1 AND openid = 'oeDcV0W0lW2u-WnondVku8uZZo4k' LIMIT 1
2017-12-31 15:21:10:SELECT * FROM t_user WHERE 1 AND openid = 'oeDcV0W0lW2u-WnondVku8uZZo4k' LIMIT 1
2017-12-31 15:37:35:SELECT * FROM t_user WHERE 1 AND openid = 'oeDcV0W0lW2u-WnondVku8uZZo4k' LIMIT 1
2017-12-31 15:39:28:SELECT * FROM t_user WHERE 1 AND openid = 'oeDcV0W0lW2u-WnondVku8uZZo4k' LIMIT 1
2017-12-31 15:42:23:SELECT * FROM t_user WHERE 1 AND openid = 'oeDcV0W0lW2u-WnondVku8uZZo4k' LIMIT 1
2017-12-31 15:42:54:SELECT * FROM t_user WHERE 1 AND openid = 'oeDcV0W0lW2u-WnondVku8uZZo4k' LIMIT 1
2017-12-31 15:44:49:SELECT * FROM t_user WHERE 1 AND openid = 'oeDcV0W0lW2u-WnondVku8uZZo4k' LIMIT 1
2017-12-31 15:48:46:SELECT * FROM t_user WHERE 1 AND openid = 'oeDcV0W0lW2u-WnondVku8uZZo4k' LIMIT 1
2017-12-31 15:49:06:SELECT * FROM t_user WHERE 1 AND openid = 'oeDcV0W0lW2u-WnondVku8uZZo4k' LIMIT 1
2017-12-31 15:53:39:SELECT * FROM t_user WHERE 1 AND openid = 'oeDcV0W0lW2u-WnondVku8uZZo4k' LIMIT 1
2017-12-31 15:53:47:SELECT * FROM t_user WHERE 1 AND openid = 'oeDcV0W0lW2u-WnondVku8uZZo4k' LIMIT 1
2017-12-31 15:56:36:SELECT * FROM t_user WHERE 1 AND openid = 'oeDcV0Zc4eR8nIigyAVbHx0c5oAc' LIMIT 1
2017-12-31 16:32:33:SELECT * FROM t_user WHERE 1 AND openid = 'oeDcV0W0lW2u-WnondVku8uZZo4k' LIMIT 1
2017-12-31 16:37:48:SELECT * FROM t_user WHERE 1 AND openid = 'oeDcV0W0lW2u-WnondVku8uZZo4k' LIMIT 1
2017-12-31 16:38:27:SELECT * FROM t_user WHERE 1 AND openid = 'oeDcV0W0lW2u-WnondVku8uZZo4k' LIMIT 1
2017-12-31 16:46:28:SELECT * FROM t_act WHERE 1 AND id=15 LIMIT 1
2017-12-31 16:46:34:SELECT * FROM t_act WHERE 1 AND id=15 LIMIT 1
2017-12-31 16:46:57:SELECT * FROM t_act WHERE 1 AND id=15 LIMIT 1
2017-12-31 16:49:43:SELECT * FROM t_user WHERE 1 AND openid = 'oeDcV0W0lW2u-WnondVku8uZZo4k' LIMIT 1
2017-12-31 16:51:43:SELECT * FROM t_user WHERE 1 AND openid = 'oeDcV0W0lW2u-WnondVku8uZZo4k' LIMIT 1
2017-12-31 16:55:18:SELECT * FROM t_user WHERE 1 AND openid = 'oeDcV0W0lW2u-WnondVku8uZZo4k' LIMIT 1
2017-12-31 16:55:25:SELECT * FROM t_user WHERE 1 AND openid = 'oeDcV0W0lW2u-WnondVku8uZZo4k' LIMIT 1
2017-12-31 17:00:54:SELECT * FROM t_user WHERE 1 AND openid = 'oeDcV0W0lW2u-WnondVku8uZZo4k' LIMIT 1
2017-12-31 17:01:17:SELECT * FROM t_user WHERE 1 AND openid = 'oeDcV0W0lW2u-WnondVku8uZZo4k' LIMIT 1
2017-12-31 17:06:16:SELECT * FROM t_user WHERE 1 AND openid = 'oeDcV0W0lW2u-WnondVku8uZZo4k' LIMIT 1
2017-12-31 17:09:58:SELECT * FROM t_act WHERE 1 AND id=undefined LIMIT 1
2017-12-31 17:10:38:SELECT * FROM t_act WHERE 1 AND id=undefined LIMIT 1
2017-12-31 17:11:18:SELECT * FROM t_act WHERE 1 AND id=3 LIMIT 1
2017-12-31 17:23:18:SELECT * FROM t_act WHERE 1 AND id=3 LIMIT 1
2017-12-31 17:23:53:SELECT * FROM t_act WHERE 1 AND id=3 LIMIT 1
2017-12-31 17:24:40:SELECT * FROM t_act WHERE 1 AND id=3 LIMIT 1
2017-12-31 17:26:02:SELECT * FROM t_act WHERE 1 AND id=3 LIMIT 1
2017-12-31 17:27:15:SELECT * FROM t_act WHERE 1 AND id=3 LIMIT 1
2017-12-31 17:30:45:SELECT * FROM t_act WHERE 1 AND id=3 LIMIT 1
2017-12-31 17:31:26:SELECT * FROM t_act WHERE 1 AND id=3 LIMIT 1
2017-12-31 17:35:58:SELECT * FROM t_user WHERE 1 AND openid = 'oeDcV0W0lW2u-WnondVku8uZZo4k' LIMIT 1
2017-12-31 17:48:35:SELECT * FROM t_user_money WHERE 1 AND openid="ddd" LIMIT 1
2017-12-31 17:48:46:SELECT * FROM t_user WHERE 1 AND openid = 'oeDcV0W0lW2u-WnondVku8uZZo4k' LIMIT 1
2017-12-31 17:51:16:SELECT * FROM t_user WHERE 1 AND openid = 'oeDcV0W0lW2u-WnondVku8uZZo4k' LIMIT 1
2017-12-31 17:53:22:SELECT * FROM t_user WHERE 1 AND openid = 'oeDcV0W0lW2u-WnondVku8uZZo4k' LIMIT 1
2017-12-31 18:03:51:SELECT * FROM t_user WHERE 1 AND openid = 'oeDcV0W0lW2u-WnondVku8uZZo4k' LIMIT 1
2017-12-31 18:05:04:SELECT * FROM t_act WHERE 1 AND id=3 LIMIT 1
2017-12-31 18:13:04:SELECT * FROM t_user WHERE 1 AND openid = 'oeDcV0W0lW2u-WnondVku8uZZo4k' LIMIT 1
2017-12-31 18:13:16:SELECT * FROM t_act WHERE 1 AND id=3 LIMIT 1
2017-12-31 18:17:25:SELECT * FROM t_act WHERE 1 AND id=3 LIMIT 1
2017-12-31 18:19:33:SELECT * FROM t_act WHERE 1 AND id=3 LIMIT 1
2017-12-31 18:20:33:SELECT * FROM t_act WHERE 1 AND id=3 LIMIT 1
2017-12-31 18:20:53:SELECT * FROM t_act WHERE 1 AND id=3 LIMIT 1
2017-12-31 18:21:01:SELECT * FROM t_act WHERE 1 AND id=3 LIMIT 1
2017-12-31 18:21:24:SELECT * FROM t_act WHERE 1 AND id=3 LIMIT 1
2017-12-31 18:22:15:SELECT * FROM t_act WHERE 1 AND id=3 LIMIT 1
2017-12-31 18:22:27:SELECT * FROM t_act WHERE 1 AND id=3 LIMIT 1
2017-12-31 18:23:08:SELECT * FROM t_act WHERE 1 AND id=3 LIMIT 1
2017-12-31 18:23:32:SELECT * FROM t_act WHERE 1 AND id=3 LIMIT 1
2017-12-31 18:23:56:SELECT * FROM t_act WHERE 1 AND id=3 LIMIT 1
2017-12-31 18:24:19:SELECT * FROM t_act WHERE 1 AND id=3 LIMIT 1
2017-12-31 18:24:37:SELECT * FROM t_act WHERE 1 AND id=3 LIMIT 1
2017-12-31 18:24:42:SELECT * FROM t_act WHERE 1 AND id=3 LIMIT 1
2017-12-31 18:24:54:SELECT * FROM t_act WHERE 1 AND id=3 LIMIT 1
2017-12-31 18:25:27:SELECT * FROM t_act WHERE 1 AND id=3 LIMIT 1
2017-12-31 18:25:44:SELECT * FROM t_act WHERE 1 AND id=3 LIMIT 1
2017-12-31 18:26:06:SELECT * FROM t_act WHERE 1 AND id=3 LIMIT 1
2017-12-31 18:26:54:SELECT * FROM t_act WHERE 1 AND id=3 LIMIT 1
2017-12-31 18:27:41:SELECT * FROM t_act WHERE 1 AND id=3 LIMIT 1
2017-12-31 18:49:25:SELECT * FROM t_act WHERE 1 AND id=19 LIMIT 1
2017-12-31 18:49:34:SELECT * FROM t_act WHERE 1 AND id=19 LIMIT 1
2017-12-31 18:49:56:SELECT * FROM t_act WHERE 1 AND id=3 LIMIT 1
2017-12-31 18:50:20:SELECT * FROM t_act WHERE 1 AND id=3 LIMIT 1
2017-12-31 18:51:15:SELECT * FROM t_act WHERE 1 AND id=3 LIMIT 1
2017-12-31 18:51:46:SELECT * FROM t_act WHERE 1 AND id=3 LIMIT 1
2017-12-31 18:51:46:SELECT * FROM t_act_user WHERE 1 AND openid=33 AND group_id=1 LIMIT 1
2017-12-31 18:51:58:SELECT * FROM t_act WHERE 1 AND id=3 LIMIT 1
2017-12-31 18:52:07:SELECT * FROM t_act WHERE 1 AND id=3 LIMIT 1
2017-12-31 18:52:07:SELECT * FROM t_act_user WHERE 1 AND openid=33 AND group_id=1 LIMIT 1
2017-12-31 18:52:42:SELECT * FROM t_act WHERE 1 AND id=3 LIMIT 1
2017-12-31 18:52:42:SELECT * FROM t_act_user WHERE 1 AND openid=33 AND id=1 LIMIT 1
2017-12-31 18:52:51:SELECT * FROM t_act WHERE 1 AND id=3 LIMIT 1
2017-12-31 18:52:51:SELECT * FROM t_act_user WHERE 1 AND openid=33 AND id=1 LIMIT 1
2017-12-31 18:53:28:SELECT * FROM t_act WHERE 1 AND id=3 LIMIT 1
2017-12-31 18:53:28:SELECT * FROM t_act_user WHERE 1 AND act_id=3 AND id=1 LIMIT 1
2017-12-31 18:53:32:SELECT * FROM t_act WHERE 1 AND id=3 LIMIT 1
2017-12-31 18:53:32:SELECT * FROM t_act_user WHERE 1 AND act_id=3 AND id=1 LIMIT 1
2017-12-31 18:54:35:SELECT * FROM t_act WHERE 1 AND id=3 LIMIT 1
2017-12-31 18:54:35:SELECT * FROM t_act_user WHERE 1 AND act_id=3 AND group_id=1 LIMIT 1
2017-12-31 18:55:27:SELECT * FROM t_act WHERE 1 AND id=3 LIMIT 1
2017-12-31 18:55:27:SELECT * FROM t_act_user WHERE 1 AND act_id=3 AND group_id=1 LIMIT 1
2017-12-31 18:55:55:SELECT * FROM t_act WHERE 1 AND id=3 LIMIT 1
2017-12-31 18:55:55:SELECT * FROM t_act_user WHERE 1 AND act_id=3 AND group_id=1
2017-12-31 18:56:13:SELECT * FROM t_act WHERE 1 AND id=3 LIMIT 1
2017-12-31 18:59:51:SELECT * FROM t_act WHERE 1 AND id=3 LIMIT 1
2017-12-31 19:00:21:SELECT * FROM t_user WHERE 1 AND openid = 'oeDcV0W0lW2u-WnondVku8uZZo4k' LIMIT 1
2017-12-31 19:01:28:SELECT * FROM t_act WHERE 1 AND id=3 LIMIT 1
2017-12-31 19:01:43:SELECT * FROM t_act WHERE 1 AND id=3 LIMIT 1
2017-12-31 19:01:48:SELECT * FROM t_user WHERE 1 AND openid = 'oeDcV0W0lW2u-WnondVku8uZZo4k' LIMIT 1
2017-12-31 19:02:23:SELECT * FROM t_user WHERE 1 AND openid = 'oeDcV0W0lW2u-WnondVku8uZZo4k' LIMIT 1
2017-12-31 19:02:28:SELECT * FROM t_user WHERE 1 AND openid = 'oeDcV0W0lW2u-WnondVku8uZZo4k' LIMIT 1
2017-12-31 19:02:50:SELECT * FROM t_user WHERE 1 AND openid = 'oeDcV0W0lW2u-WnondVku8uZZo4k' LIMIT 1
2017-12-31 19:06:43:SELECT * FROM t_user WHERE 1 AND openid = 'oeDcV0W0lW2u-WnondVku8uZZo4k' LIMIT 1
