2018-01-03 09:43:34:SELECT * FROM t_user WHERE 1 AND openid = 'oeDcV0W0lW2u-WnondVku8uZZo4k' LIMIT 1
2018-01-03 10:08:46:SELECT * FROM t_user WHERE 1 AND openid = 'oeDcV0W0lW2u-WnondVku8uZZo4k' LIMIT 1
2018-01-03 10:11:32:SELECT * FROM t_act WHERE 1 AND id=3 LIMIT 1
2018-01-03 10:12:51:SELECT * FROM t_user WHERE 1 AND openid = 'oeDcV0W0lW2u-WnondVku8uZZo4k' LIMIT 1
2018-01-03 10:12:55:SELECT * FROM t_act WHERE 1 AND id=5 LIMIT 1
2018-01-03 10:16:44:SELECT * FROM t_act WHERE 1 AND id=5 LIMIT 1
2018-01-03 10:17:31:SELECT * FROM t_user WHERE 1 AND openid = 'oeDcV0W0lW2u-WnondVku8uZZo4k' LIMIT 1
2018-01-03 10:22:14:SELECT * FROM t_act WHERE 1 AND id=6 LIMIT 1
2018-01-03 10:28:22:SELECT * FROM t_user WHERE 1 AND openid = 'oeDcV0W0lW2u-WnondVku8uZZo4k' LIMIT 1
2018-01-03 10:28:26:SELECT * FROM t_act WHERE 1 AND id=5 LIMIT 1
2018-01-03 10:28:26:SELECT * FROM t_act_user WHERE 1 AND act_id=5 AND group_id=1
2018-01-03 10:45:39:SELECT * FROM t_act WHERE 1 AND id=5 LIMIT 1
2018-01-03 10:45:39:SELECT * FROM t_act_user WHERE 1 AND act_id=5 AND group_id=1
2018-01-03 10:46:37:SELECT * FROM t_act WHERE 1 AND id=5 LIMIT 1
2018-01-03 10:46:37:SELECT * FROM t_act_user WHERE 1 AND act_id=5 AND group_id=1
2018-01-03 10:48:06:SELECT * FROM t_act WHERE 1 AND id=5 LIMIT 1
2018-01-03 10:48:06:SELECT * FROM t_act_user WHERE 1 AND act_id=5 AND group_id=1
2018-01-03 10:48:37:SELECT * FROM t_act WHERE 1 AND id=5 LIMIT 1
2018-01-03 10:48:37:SELECT * FROM t_act_user WHERE 1 AND act_id=5 AND group_id=1
2018-01-03 10:49:42:SELECT * FROM t_act WHERE 1 AND id=5 LIMIT 1
2018-01-03 10:49:42:SELECT * FROM t_act_user WHERE 1 AND act_id=5 AND group_id=1
2018-01-03 10:50:28:SELECT * FROM t_act WHERE 1 AND id=5 LIMIT 1
2018-01-03 10:50:28:SELECT * FROM t_act_user WHERE 1 AND act_id=5 AND group_id=1
2018-01-03 10:51:30:SELECT * FROM t_act WHERE 1 AND id=5 LIMIT 1
2018-01-03 10:51:30:SELECT * FROM t_act_user WHERE 1 AND act_id=5 AND group_id=1
2018-01-03 10:52:47:SELECT * FROM t_act WHERE 1 AND id=5 LIMIT 1
2018-01-03 10:52:47:SELECT * FROM t_act_user WHERE 1 AND act_id=5 AND group_id=1
2018-01-03 10:53:02:SELECT * FROM t_act WHERE 1 AND id=5 LIMIT 1
2018-01-03 10:53:02:SELECT * FROM t_act_user WHERE 1 AND act_id=5 AND group_id=1
2018-01-03 10:53:55:SELECT * FROM t_act WHERE 1 AND id=5 LIMIT 1
2018-01-03 10:53:55:SELECT * FROM t_act_user WHERE 1 AND act_id=5 AND group_id=1
2018-01-03 10:54:17:SELECT * FROM t_act WHERE 1 AND id=5 LIMIT 1
2018-01-03 10:54:17:SELECT * FROM t_act_user WHERE 1 AND act_id=5 AND group_id=1
2018-01-03 10:54:23:SELECT * FROM t_act WHERE 1 AND id=5 LIMIT 1
2018-01-03 10:54:23:SELECT * FROM t_act_user WHERE 1 AND act_id=5 AND group_id=1
2018-01-03 10:54:39:SELECT * FROM t_act WHERE 1 AND id=5 LIMIT 1
2018-01-03 10:54:39:SELECT * FROM t_act_user WHERE 1 AND act_id=5 AND group_id=1
2018-01-03 10:56:31:SELECT * FROM t_act WHERE 1 AND id=5 LIMIT 1
2018-01-03 10:56:31:SELECT * FROM t_act_user WHERE 1 AND act_id=5 AND group_id=1
2018-01-03 10:58:01:SELECT * FROM t_act WHERE 1 AND id=5 LIMIT 1
2018-01-03 10:58:01:SELECT * FROM t_act_user WHERE 1 AND act_id=5 AND group_id=1
2018-01-03 11:03:16:SELECT * FROM t_act WHERE 1 AND id=5 LIMIT 1
2018-01-03 11:03:16:SELECT * FROM t_act_user WHERE 1 AND act_id=5 AND group_id=1
2018-01-03 11:04:07:SELECT * FROM t_act WHERE 1 AND id=5 LIMIT 1
2018-01-03 11:04:07:SELECT * FROM t_act_user WHERE 1 AND act_id=5 AND group_id=1
2018-01-03 11:12:52:SELECT * FROM t_act WHERE 1 AND id=5 LIMIT 1
2018-01-03 11:12:52:SELECT * FROM t_act_user WHERE 1 AND act_id=5 AND group_id=1
2018-01-03 11:17:22:SELECT * FROM t_act WHERE 1 AND id=5 LIMIT 1
2018-01-03 11:17:22:SELECT * FROM t_act_user WHERE 1 AND act_id=5 AND group_id=1
2018-01-03 11:22:18:SELECT * FROM t_user WHERE 1 AND openid = 'oeDcV0W0lW2u-WnondVku8uZZo4k' LIMIT 1
2018-01-03 11:25:07:SELECT * FROM t_user WHERE 1 AND openid = 'oeDcV0TIhZCvU1UFnqrdS_fKJxW0' LIMIT 1
2018-01-03 11:25:43:SELECT * FROM t_user WHERE 1 AND openid = 'oeDcV0W0lW2u-WnondVku8uZZo4k' LIMIT 1
2018-01-03 11:25:54:SELECT * FROM t_user WHERE 1 AND openid = 'oeDcV0W0lW2u-WnondVku8uZZo4k' LIMIT 1
2018-01-03 11:26:43:SELECT * FROM t_user WHERE 1 AND openid = 'oeDcV0W0lW2u-WnondVku8uZZo4k' LIMIT 1
2018-01-03 11:27:02:SELECT * FROM t_user WHERE 1 AND openid = 'oeDcV0W0lW2u-WnondVku8uZZo4k' LIMIT 1
2018-01-03 11:27:37:SELECT * FROM t_act WHERE 1 AND id=7 LIMIT 1
2018-01-03 11:27:37:SELECT * FROM t_act_user WHERE 1 AND act_id=7 AND group_id=1
2018-01-03 11:32:32:SELECT * FROM t_act WHERE 1 AND id=7 LIMIT 1
2018-01-03 11:32:32:SELECT * FROM t_act_user WHERE 1 AND act_id=7 AND group_id=1
2018-01-03 11:34:00:SELECT * FROM t_act WHERE 1 AND id=5 LIMIT 1
2018-01-03 11:34:00:SELECT * FROM t_act_user WHERE 1 AND act_id=5 AND group_id=1
2018-01-03 11:38:38:SELECT * FROM t_act WHERE 1 AND id=5 LIMIT 1
2018-01-03 11:38:38:SELECT * FROM t_act_user WHERE 1 AND act_id=5 AND group_id=1
2018-01-03 11:42:50:SELECT * FROM t_user WHERE 1 AND openid = 'oeDcV0W0lW2u-WnondVku8uZZo4k' LIMIT 1
2018-01-03 13:49:48:SELECT * FROM t_act WHERE 1 AND id=5 LIMIT 1
2018-01-03 13:49:48:SELECT * FROM t_act_user WHERE 1 AND act_id=5 AND group_id=1
2018-01-03 13:51:55:SELECT * FROM t_user WHERE 1 AND openid = 'oeDcV0W0lW2u-WnondVku8uZZo4k' LIMIT 1
2018-01-03 13:52:33:SELECT * FROM t_act WHERE 1 AND id=5 LIMIT 1
2018-01-03 13:52:33:SELECT * FROM t_act_user WHERE 1 AND act_id=5 AND group_id=1
2018-01-03 14:06:51:SELECT * FROM t_act WHERE 1 AND id=5 LIMIT 1
2018-01-03 14:06:51:SELECT * FROM t_act_user WHERE 1 AND act_id=5 AND group_id=1
2018-01-03 14:07:10:SELECT * FROM t_act WHERE 1 AND id=5 LIMIT 1
2018-01-03 14:07:10:SELECT * FROM t_act_user WHERE 1 AND act_id=5 AND group_id=1
2018-01-03 14:07:35:SELECT * FROM t_user WHERE 1 AND openid = 'oeDcV0W0lW2u-WnondVku8uZZo4k' LIMIT 1
2018-01-03 14:11:00:SELECT * FROM t_user WHERE 1 AND openid = 'oeDcV0W0lW2u-WnondVku8uZZo4k' LIMIT 1
2018-01-03 14:14:10:SELECT * FROM t_user WHERE 1 AND openid = 'oeDcV0W0lW2u-WnondVku8uZZo4k' LIMIT 1
2018-01-03 14:15:52:SELECT * FROM t_user WHERE 1 AND openid = 'oeDcV0W0lW2u-WnondVku8uZZo4k' LIMIT 1
2018-01-03 14:17:30:SELECT * FROM t_user WHERE 1 AND openid = 'oeDcV0W0lW2u-WnondVku8uZZo4k' LIMIT 1
2018-01-03 14:17:41:SELECT * FROM t_user WHERE 1 AND openid = 'oeDcV0W0lW2u-WnondVku8uZZo4k' LIMIT 1
2018-01-03 14:17:59:SELECT * FROM t_user WHERE 1 AND openid = 'oeDcV0W0lW2u-WnondVku8uZZo4k' LIMIT 1
2018-01-03 14:19:39:SELECT * FROM t_act WHERE 1 AND id=3 LIMIT 1
2018-01-03 14:19:39:SELECT * FROM t_act_user WHERE 1 AND act_id=3 AND group_id=1
2018-01-03 14:19:43:SELECT * FROM t_act WHERE 1 AND id=3 LIMIT 1
2018-01-03 14:19:43:SELECT * FROM t_act_user WHERE 1 AND act_id=3 AND group_id=1
2018-01-03 14:20:07:SELECT * FROM t_act WHERE 1 AND id=3 LIMIT 1
2018-01-03 14:20:45:SELECT * FROM t_act WHERE 1 AND id=3 LIMIT 1
2018-01-03 14:20:46:SELECT * FROM t_user WHERE 1 AND openid = 'oeDcV0W0lW2u-WnondVku8uZZo4k' LIMIT 1
2018-01-03 14:20:48:SELECT * FROM t_act WHERE 1 AND id=3 LIMIT 1
2018-01-03 14:20:48:SELECT * FROM t_act_user WHERE 1 AND act_id=3 AND group_id=1
2018-01-03 14:21:02:SELECT * FROM t_user WHERE 1 AND openid = 'oeDcV0TIhZCvU1UFnqrdS_fKJxW0' LIMIT 1
2018-01-03 14:21:38:SELECT * FROM t_act WHERE 1 AND id=3 LIMIT 1
2018-01-03 14:21:38:SELECT * FROM t_act_user WHERE 1 AND act_id=3 AND group_id=1
2018-01-03 14:21:59:SELECT id FROM t_user WHERE 1 AND openid = 'oeDcV0TIhZCvU1UFnqrdS_fKJxW0' LIMIT 1
2018-01-03 14:22:33:SELECT * FROM t_act WHERE 1 AND id=3 LIMIT 1
2018-01-03 14:22:33:SELECT * FROM t_act_user WHERE 1 AND act_id=3 AND group_id=1
2018-01-03 14:24:48:SELECT * FROM t_act WHERE 1 AND id=3 LIMIT 1
2018-01-03 14:24:48:SELECT * FROM t_act_user WHERE 1 AND act_id=3 AND group_id=1
2018-01-03 14:25:42:SELECT * FROM t_act WHERE 1 AND id=3 LIMIT 1
2018-01-03 14:25:42:SELECT * FROM t_act_user WHERE 1 AND act_id=3 AND group_id=1
2018-01-03 14:25:52:SELECT * FROM t_user WHERE 1 AND openid = 'oeDcV0W0lW2u-WnondVku8uZZo4k' LIMIT 1
2018-01-03 14:26:31:SELECT * FROM t_user WHERE 1 AND openid = 'oeDcV0TIhZCvU1UFnqrdS_fKJxW0' LIMIT 1
2018-01-03 14:27:00:SELECT * FROM t_act WHERE 1 AND id=8 LIMIT 1
2018-01-03 14:27:01:SELECT * FROM t_act_user WHERE 1 AND act_id=8 AND group_id=1
2018-01-03 14:29:55:SELECT * FROM t_act WHERE 1 AND id=3 LIMIT 1
2018-01-03 14:29:55:SELECT * FROM t_act_user WHERE 1 AND act_id=3 AND group_id=1
2018-01-03 14:33:05:SELECT * FROM t_user WHERE 1 AND openid = 'oeDcV0TIhZCvU1UFnqrdS_fKJxW0' LIMIT 1
2018-01-03 14:38:23:SELECT * FROM t_act WHERE 1 AND id=3 LIMIT 1
2018-01-03 14:38:23:SELECT * FROM t_act_group WHERE 1 AND act_id=3
2018-01-03 14:38:23:SELECT * FROM t_act_user WHERE 1 AND act_id=3 AND group_id=1
2018-01-03 14:40:40:SELECT * FROM t_act WHERE 1 AND id=3 LIMIT 1
2018-01-03 14:40:40:SELECT * FROM t_act_group WHERE 1 AND act_id=3
2018-01-03 14:40:40:SELECT * FROM t_act_user WHERE 1 AND act_id=3 AND group_id=1
2018-01-03 14:58:27:SELECT * FROM t_act WHERE 1 AND id=5 LIMIT 1
2018-01-03 14:58:27:SELECT * FROM t_act_group WHERE 1 AND act_id=5
2018-01-03 14:58:27:SELECT * FROM t_act_user WHERE 1 AND act_id=5 AND group_id=1
2018-01-03 15:01:27:SELECT * FROM t_act WHERE 1 AND id=5 LIMIT 1
2018-01-03 15:01:27:SELECT * FROM t_act_group WHERE 1 AND act_id=5
2018-01-03 15:01:27:SELECT * FROM t_act_user WHERE 1 AND act_id=5 AND group_id=1
2018-01-03 15:10:32:SELECT * FROM t_act WHERE 1 AND id=5 LIMIT 1
2018-01-03 15:10:32:SELECT * FROM t_act_group WHERE 1 AND act_id=5
2018-01-03 15:10:32:SELECT * FROM t_act_user WHERE 1 AND act_id=5 AND group_id=1
2018-01-03 15:14:10:SELECT * FROM t_user WHERE 1 AND openid = 'oeDcV0TIhZCvU1UFnqrdS_fKJxW0' LIMIT 1
2018-01-03 15:18:52:SELECT * FROM t_act WHERE 1 AND id=5 LIMIT 1
2018-01-03 15:18:52:SELECT * FROM t_act_group WHERE 1 AND act_id=5
2018-01-03 15:18:52:SELECT * FROM t_act_user WHERE 1 AND act_id=5 AND group_id=1
2018-01-03 15:19:56:SELECT * FROM t_act WHERE 1 AND id=5 LIMIT 1
2018-01-03 15:19:56:SELECT * FROM t_act_group WHERE 1 AND act_id=5
2018-01-03 15:19:56:SELECT * FROM t_act_user WHERE 1 AND act_id=5 AND group_id=1
2018-01-03 15:20:22:SELECT * FROM t_act WHERE 1 AND id=5 LIMIT 1
2018-01-03 15:20:22:SELECT * FROM t_act_group WHERE 1 AND act_id=5
2018-01-03 15:20:23:SELECT * FROM t_act_user WHERE 1 AND act_id=5 AND group_id=1
2018-01-03 15:20:45:SELECT * FROM t_act WHERE 1 AND id=5 LIMIT 1
2018-01-03 15:20:45:SELECT * FROM t_act_group WHERE 1 AND act_id=5
2018-01-03 15:20:45:SELECT * FROM t_act_user WHERE 1 AND act_id=5 AND group_id=1
2018-01-03 15:21:59:SELECT * FROM t_act WHERE 1 AND id=5 LIMIT 1
2018-01-03 15:21:59:SELECT * FROM t_act_group WHERE 1 AND act_id=5
2018-01-03 15:21:59:SELECT * FROM t_act_user WHERE 1 AND act_id=5 AND group_id=1
2018-01-03 15:24:23:SELECT * FROM t_act WHERE 1 AND id=3 LIMIT 1
2018-01-03 15:24:23:SELECT * FROM t_act_group WHERE 1 AND act_id=3
2018-01-03 15:24:24:SELECT * FROM t_act_user WHERE 1 AND act_id=3 AND group_id=1
2018-01-03 15:24:28:SELECT * FROM t_act WHERE 1 AND id=5 LIMIT 1
2018-01-03 15:24:28:SELECT * FROM t_act_group WHERE 1 AND act_id=5
2018-01-03 15:24:28:SELECT * FROM t_act_user WHERE 1 AND act_id=5 AND group_id=1
2018-01-03 15:24:46:SELECT * FROM t_act WHERE 1 AND id=5 LIMIT 1
2018-01-03 15:24:46:SELECT * FROM t_act_group WHERE 1 AND act_id=5
2018-01-03 15:24:46:SELECT * FROM t_act_user WHERE 1 AND act_id=5 AND group_id=1
2018-01-03 15:25:39:SELECT * FROM t_act WHERE 1 AND id=5 LIMIT 1
2018-01-03 15:25:40:SELECT * FROM t_act_group WHERE 1 AND act_id=5
2018-01-03 15:25:40:SELECT * FROM t_act_user WHERE 1 AND act_id=5 AND group_id=1
2018-01-03 15:32:24:SELECT * FROM t_act WHERE 1 AND id=5 LIMIT 1
2018-01-03 15:32:24:SELECT * FROM t_act_group WHERE 1 AND act_id=5
2018-01-03 15:32:24:SELECT * FROM t_act_user WHERE 1 AND act_id=5 AND group_id=1
2018-01-03 15:32:42:SELECT * FROM t_act WHERE 1 AND id=5 LIMIT 1
2018-01-03 15:32:42:SELECT * FROM t_act_group WHERE 1 AND act_id=5
2018-01-03 15:32:42:SELECT * FROM t_act_user WHERE 1 AND act_id=5 AND group_id=1
2018-01-03 15:39:01:SELECT * FROM t_act WHERE 1 AND id=3 LIMIT 1
2018-01-03 15:39:01:SELECT count(*) num FROM t_act_user WHERE 1 AND openid=33 LIMIT 1
2018-01-03 15:39:01:SELECT * FROM t_act_group WHERE 1 AND act_id=3
2018-01-03 15:39:01:SELECT * FROM t_act_user WHERE 1 AND act_id=3 AND group_id=1
2018-01-03 15:47:48:SELECT * FROM t_act WHERE 1 AND id=3 LIMIT 1
2018-01-03 15:47:48:SELECT count(*) num FROM t_act_user WHERE 1 AND openid=33 LIMIT 1
2018-01-03 15:47:48:SELECT * FROM t_act_group WHERE 1 AND act_id=3
2018-01-03 15:47:49:SELECT * FROM t_act_user WHERE 1 AND act_id=3 AND group_id=1
2018-01-03 15:47:49:SELECT * FROM t_user WHERE 1 AND openid=33 LIMIT 1
2018-01-03 15:48:31:SELECT * FROM t_act WHERE 1 AND id=3 LIMIT 1
2018-01-03 15:48:31:SELECT count(*) num FROM t_act_user WHERE 1 AND openid=oeDcV0W0lW2u-WnondVku8uZZo4k LIMIT 1
2018-01-03 15:48:54:SELECT * FROM t_act WHERE 1 AND id=3 LIMIT 1
2018-01-03 15:48:54:SELECT count(*) num FROM t_act_user WHERE 1 AND openid=oeDcV0W0lW2u-WnondVku8uZZo4k LIMIT 1
2018-01-03 15:49:27:SELECT * FROM t_act WHERE 1 AND id=3 LIMIT 1
2018-01-03 15:49:27:SELECT count(*) num FROM t_act_user WHERE 1 AND openid='oeDcV0W0lW2u-WnondVku8uZZo4k' LIMIT 1
2018-01-03 15:49:27:SELECT * FROM t_act_group WHERE 1 AND act_id=3
2018-01-03 15:49:27:SELECT * FROM t_act_user WHERE 1 AND act_id=3 AND group_id=1
2018-01-03 15:49:27:SELECT * FROM t_user WHERE 1 AND openid='oeDcV0W0lW2u-WnondVku8uZZo4k' LIMIT 1
2018-01-03 15:50:44:SELECT * FROM t_act WHERE 1 AND id=5 LIMIT 1
2018-01-03 15:50:44:SELECT count(*) num FROM t_act_user WHERE 1 AND openid='oeDcV0W0lW2u-WnondVku8uZZo4k' LIMIT 1
2018-01-03 15:50:44:SELECT * FROM t_act_group WHERE 1 AND act_id=5
2018-01-03 15:50:44:SELECT * FROM t_act_user WHERE 1 AND act_id=5 AND group_id=1
2018-01-03 15:50:44:SELECT * FROM t_user WHERE 1 AND openid='oeDcV0W0lW2u-WnondVku8uZZo4k' LIMIT 1
2018-01-03 15:50:44:SELECT * FROM t_user WHERE 1 AND openid='oeDcV0W0lW2u-WnondVku8uZZo4k' LIMIT 1
2018-01-03 15:52:58:SELECT * FROM t_act WHERE 1 AND id=5 LIMIT 1
2018-01-03 15:52:58:SELECT count(*) num FROM t_act_user WHERE 1 AND openid='oeDcV0W0lW2u-WnondVku8uZZo4k' LIMIT 1
2018-01-03 15:52:58:SELECT * FROM t_act_group WHERE 1 AND act_id=5
2018-01-03 15:52:58:SELECT * FROM t_act_user WHERE 1 AND act_id=5 AND group_id=1
2018-01-03 15:52:58:SELECT * FROM t_user WHERE 1 AND openid='oeDcV0W0lW2u-WnondVku8uZZo4k' LIMIT 1
2018-01-03 15:52:58:SELECT * FROM t_user WHERE 1 AND openid='oeDcV0W0lW2u-WnondVku8uZZo4k' LIMIT 1
2018-01-03 15:54:48:SELECT * FROM t_act WHERE 1 AND id=3 LIMIT 1
2018-01-03 15:54:48:SELECT count(*) num FROM t_act_user WHERE 1 AND openid='oeDcV0W0lW2u-WnondVku8uZZo4k' LIMIT 1
2018-01-03 15:54:48:SELECT * FROM t_act_group WHERE 1 AND act_id=3
2018-01-03 15:54:48:SELECT * FROM t_act_user WHERE 1 AND act_id=3 AND group_id=1
2018-01-03 15:54:48:SELECT * FROM t_user WHERE 1 AND openid='oeDcV0W0lW2u-WnondVku8uZZo4k' LIMIT 1
2018-01-03 15:56:42:SELECT * FROM t_act WHERE 1 AND id=3 LIMIT 1
2018-01-03 15:56:42:SELECT count(*) num FROM t_act_user WHERE 1 AND openid='oeDcV0W0lW2u-WnondVku8uZZo4k' LIMIT 1
2018-01-03 15:56:43:SELECT * FROM t_act_group WHERE 1 AND act_id=3
2018-01-03 15:56:43:SELECT * FROM t_act_user WHERE 1 AND act_id=3 AND group_id=1 order by ORDER BY use_time DESC
2018-01-03 15:57:14:SELECT * FROM t_act WHERE 1 AND id=3 LIMIT 1
2018-01-03 15:57:14:SELECT count(*) num FROM t_act_user WHERE 1 AND openid='oeDcV0W0lW2u-WnondVku8uZZo4k' LIMIT 1
2018-01-03 15:57:14:SELECT * FROM t_act_group WHERE 1 AND act_id=3
2018-01-03 15:57:14:SELECT * FROM t_act_user WHERE 1 AND act_id=3 AND group_id=1 order by use_time DESC
2018-01-03 15:57:14:SELECT * FROM t_user WHERE 1 AND openid='oeDcV0W0lW2u-WnondVku8uZZo4k' LIMIT 1
2018-01-03 16:02:38:SELECT * FROM t_act WHERE 1 AND id=5 LIMIT 1
2018-01-03 16:02:38:SELECT count(*) num FROM t_act_user WHERE 1 AND openid='oeDcV0W0lW2u-WnondVku8uZZo4k' LIMIT 1
2018-01-03 16:02:38:SELECT * FROM t_act_group WHERE 1 AND act_id=5
2018-01-03 16:02:38:SELECT * FROM t_act_user WHERE 1 AND act_id=5 AND group_id=1 order by use_time DESC
2018-01-03 16:02:38:SELECT * FROM t_user WHERE 1 AND openid='oeDcV0W0lW2u-WnondVku8uZZo4k' LIMIT 1
2018-01-03 16:02:38:SELECT * FROM t_user WHERE 1 AND openid='oeDcV0W0lW2u-WnondVku8uZZo4k' LIMIT 1
2018-01-03 16:02:38:SELECT * FROM t_user WHERE 1 AND openid='oeDcV0W0lW2u-WnondVku8uZZo4k' LIMIT 1
2018-01-03 16:02:38:SELECT * FROM t_user WHERE 1 AND openid='oeDcV0W0lW2u-WnondVku8uZZo4k' LIMIT 1
2018-01-03 16:12:29:SELECT * FROM t_act WHERE 1 AND id=5 LIMIT 1
2018-01-03 16:12:29:SELECT count(*) num FROM t_act_user WHERE 1 AND openid='oeDcV0W0lW2u-WnondVku8uZZo4k' LIMIT 1
2018-01-03 16:12:29:SELECT * FROM t_act_group WHERE 1 AND act_id=5
2018-01-03 16:12:29:SELECT * FROM t_act_user WHERE 1 AND act_id=5 AND group_id=1 order by use_time DESC
2018-01-03 16:12:29:SELECT * FROM t_user WHERE 1 AND openid='oeDcV0W0lW2u-WnondVku8uZZo4k' LIMIT 1
2018-01-03 16:13:43:SELECT * FROM t_act WHERE 1 AND id=3 LIMIT 1
2018-01-03 16:13:43:SELECT count(*) num FROM t_act_user WHERE 1 AND openid='oeDcV0W0lW2u-WnondVku8uZZo4k' LIMIT 1
2018-01-03 16:13:43:SELECT * FROM t_act_group WHERE 1 AND act_id=3
2018-01-03 16:13:43:SELECT * FROM t_act_user WHERE 1 AND act_id=3 AND group_id=1 order by use_time DESC
2018-01-03 16:14:15:SELECT * FROM t_act WHERE 1 AND id=3 LIMIT 1
2018-01-03 16:14:15:SELECT count(*) num FROM t_act_user WHERE 1 AND openid='oeDcV0W0lW2u-WnondVku8uZZo4k' LIMIT 1
2018-01-03 16:14:15:SELECT * FROM t_act_group WHERE 1 AND act_id=3
2018-01-03 16:14:15:SELECT * FROM t_act_user WHERE 1 AND act_id=3 AND group_id=1 order by use_time DESC
2018-01-03 16:23:53:SELECT * FROM t_act WHERE 1 AND id=5 LIMIT 1
2018-01-03 16:23:53:SELECT count(*) num FROM t_act_user WHERE 1 AND openid='oeDcV0W0lW2u-WnondVku8uZZo4k' LIMIT 1
2018-01-03 16:23:53:SELECT * FROM t_act_group WHERE 1 AND act_id=5
2018-01-03 16:23:53:SELECT * FROM t_act_user WHERE 1 AND act_id=5 AND group_id=1 order by use_time DESC
2018-01-03 16:23:53:SELECT * FROM t_user WHERE 1 AND openid='oeDcV0W0lW2u-WnondVku8uZZo4k' LIMIT 1
2018-01-03 16:24:34:SELECT * FROM t_act WHERE 1 AND id=5 LIMIT 1
2018-01-03 16:24:34:SELECT count(*) num FROM t_act_user WHERE 1 AND openid='oeDcV0W0lW2u-WnondVku8uZZo4k' LIMIT 1
2018-01-03 16:24:34:SELECT * FROM t_act_group WHERE 1 AND act_id=5
2018-01-03 16:24:34:SELECT * FROM t_act_user WHERE 1 AND act_id=5 AND group_id=1 order by use_time DESC
2018-01-03 16:24:34:SELECT * FROM t_user WHERE 1 AND openid='oeDcV0W0lW2u-WnondVku8uZZo4k' LIMIT 1
2018-01-03 16:27:33:SELECT * FROM t_act WHERE 1 AND id=5 LIMIT 1
2018-01-03 16:27:33:SELECT count(*) num FROM t_act_user WHERE 1 AND openid='oeDcV0W0lW2u-WnondVku8uZZo4k' LIMIT 1
2018-01-03 16:27:33:SELECT * FROM t_act_group WHERE 1 AND act_id=5
2018-01-03 16:27:33:SELECT * FROM t_act_user WHERE 1 AND act_id=5 AND group_id=1 order by use_time DESC
2018-01-03 16:27:33:SELECT * FROM t_user WHERE 1 AND openid='oeDcV0W0lW2u-WnondVku8uZZo4k' LIMIT 1
2018-01-03 16:28:04:SELECT * FROM t_act WHERE 1 AND id=5 LIMIT 1
2018-01-03 16:28:04:SELECT count(*) num FROM t_act_user WHERE 1 AND openid='oeDcV0W0lW2u-WnondVku8uZZo4k' LIMIT 1
2018-01-03 16:28:04:SELECT * FROM t_act_group WHERE 1 AND act_id=5
2018-01-03 16:28:04:SELECT * FROM t_act_user WHERE 1 AND act_id=5 AND group_id=1 order by use_time DESC
2018-01-03 16:28:04:SELECT * FROM t_user WHERE 1 AND openid='oeDcV0W0lW2u-WnondVku8uZZo4k' LIMIT 1
2018-01-03 16:31:21:SELECT * FROM t_act WHERE 1 AND id=3 LIMIT 1
2018-01-03 16:31:21:SELECT count(*) num FROM t_act_user WHERE 1 AND openid='oeDcV0W0lW2u-WnondVku8uZZo4k' LIMIT 1
2018-01-03 16:31:21:SELECT * FROM t_act_group WHERE 1 AND act_id=3
2018-01-03 16:31:21:SELECT * FROM t_act_user WHERE 1 AND act_id=3 AND group_id=1 order by use_time DESC
2018-01-03 16:37:37:SELECT * FROM t_act WHERE 1 AND id=3 LIMIT 1
2018-01-03 16:37:38:SELECT count(*) num FROM t_act_user WHERE 1 AND openid='oeDcV0W0lW2u-WnondVku8uZZo4k' LIMIT 1
2018-01-03 16:37:38:SELECT * FROM t_act_group WHERE 1 AND act_id=3
2018-01-03 16:37:38:SELECT * FROM t_act_user WHERE 1 AND act_id=3 AND group_id=1 order by use_time DESC
2018-01-03 16:38:17:SELECT * FROM t_act WHERE 1 AND id=3 LIMIT 1
2018-01-03 16:38:17:SELECT count(*) num FROM t_act_user WHERE 1 AND openid='oeDcV0W0lW2u-WnondVku8uZZo4k' LIMIT 1
2018-01-03 16:38:17:SELECT * FROM t_act_group WHERE 1 AND act_id=3
2018-01-03 16:38:17:SELECT * FROM t_act_user WHERE 1 AND act_id=3 AND group_id=1 order by use_time DESC
2018-01-03 16:44:53:SELECT * FROM t_act WHERE 1 AND id=3 LIMIT 1
2018-01-03 16:44:53:SELECT count(*) num FROM t_act_user WHERE 1 AND openid='oeDcV0W0lW2u-WnondVku8uZZo4k' LIMIT 1
2018-01-03 16:44:53:SELECT * FROM t_act_group WHERE 1 AND act_id=3
2018-01-03 16:44:53:SELECT * FROM t_act_user WHERE 1 AND act_id=3 AND group_id=1 order by use_time DESC
2018-01-03 16:45:52:SELECT * FROM t_act WHERE 1 AND id=3 LIMIT 1
2018-01-03 16:45:52:SELECT count(*) num FROM t_act_user WHERE 1 AND openid='oeDcV0W0lW2u-WnondVku8uZZo4k' LIMIT 1
2018-01-03 16:45:52:SELECT * FROM t_act_group WHERE 1 AND act_id=3
2018-01-03 16:45:52:SELECT * FROM t_act_user WHERE 1 AND act_id=3 AND group_id=1 order by use_time DESC
2018-01-03 16:47:12:SELECT * FROM t_act WHERE 1 AND id=5 LIMIT 1
2018-01-03 16:47:12:SELECT count(*) num FROM t_act_user WHERE 1 AND openid='oeDcV0W0lW2u-WnondVku8uZZo4k' LIMIT 1
2018-01-03 16:47:12:SELECT * FROM t_act_group WHERE 1 AND act_id=5
2018-01-03 16:47:12:SELECT * FROM t_act_user WHERE 1 AND act_id=5 AND group_id=1 order by use_time DESC
2018-01-03 16:47:12:SELECT * FROM t_user WHERE 1 AND openid='oeDcV0W0lW2u-WnondVku8uZZo4k' LIMIT 1
2018-01-03 16:47:34:SELECT * FROM t_act WHERE 1 AND id=5 LIMIT 1
2018-01-03 16:47:34:SELECT count(*) num FROM t_act_user WHERE 1 AND openid='oeDcV0W0lW2u-WnondVku8uZZo4k' LIMIT 1
2018-01-03 16:47:35:SELECT * FROM t_act_group WHERE 1 AND act_id=5
2018-01-03 16:47:35:SELECT * FROM t_act_user WHERE 1 AND act_id=5 AND group_id=1 order by use_time DESC
2018-01-03 16:47:35:SELECT * FROM t_user WHERE 1 AND openid='oeDcV0W0lW2u-WnondVku8uZZo4k' LIMIT 1
2018-01-03 16:50:24:SELECT * FROM t_act WHERE 1 AND id=5 LIMIT 1
2018-01-03 16:50:24:SELECT count(*) num FROM t_act_user WHERE 1 AND openid='oeDcV0W0lW2u-WnondVku8uZZo4k' LIMIT 1
2018-01-03 16:50:24:SELECT * FROM t_act_group WHERE 1 AND act_id=5
2018-01-03 16:50:24:SELECT * FROM t_act_user WHERE 1 AND act_id=5 AND group_id=1 order by use_time DESC
2018-01-03 16:50:24:SELECT * FROM t_user WHERE 1 AND openid='oeDcV0W0lW2u-WnondVku8uZZo4k' LIMIT 1
2018-01-03 16:51:19:SELECT * FROM t_act WHERE 1 AND id=3 LIMIT 1
2018-01-03 16:51:19:SELECT count(*) num FROM t_act_user WHERE 1 AND openid='oeDcV0W0lW2u-WnondVku8uZZo4k' LIMIT 1
2018-01-03 16:51:19:SELECT * FROM t_act_group WHERE 1 AND act_id=3
2018-01-03 16:51:19:SELECT * FROM t_act_user WHERE 1 AND act_id=3 AND group_id=1 order by use_time DESC
2018-01-03 16:51:53:SELECT * FROM t_act WHERE 1 AND id=3 LIMIT 1
2018-01-03 16:51:53:SELECT * FROM t_act WHERE 1 AND id=5 LIMIT 1
2018-01-03 16:51:53:SELECT count(*) num FROM t_act_user WHERE 1 AND openid='oeDcV0W0lW2u-WnondVku8uZZo4k' LIMIT 1
2018-01-03 16:51:53:SELECT count(*) num FROM t_act_user WHERE 1 AND openid='oeDcV0W0lW2u-WnondVku8uZZo4k' LIMIT 1
2018-01-03 16:51:53:SELECT * FROM t_act_group WHERE 1 AND act_id=3
2018-01-03 16:51:53:SELECT * FROM t_act_group WHERE 1 AND act_id=5
2018-01-03 16:51:53:SELECT * FROM t_act_user WHERE 1 AND act_id=3 AND group_id=1 order by use_time DESC
2018-01-03 16:51:53:SELECT * FROM t_act_user WHERE 1 AND act_id=5 AND group_id=1 order by use_time DESC
2018-01-03 16:51:53:SELECT * FROM t_user WHERE 1 AND openid='oeDcV0W0lW2u-WnondVku8uZZo4k' LIMIT 1
2018-01-03 16:51:55:SELECT * FROM t_act WHERE 1 AND id=5 LIMIT 1
2018-01-03 16:51:55:SELECT count(*) num FROM t_act_user WHERE 1 AND openid='oeDcV0W0lW2u-WnondVku8uZZo4k' LIMIT 1
2018-01-03 16:51:55:SELECT * FROM t_act_group WHERE 1 AND act_id=5
2018-01-03 16:51:55:SELECT * FROM t_act_user WHERE 1 AND act_id=5 AND group_id=1 order by use_time DESC
2018-01-03 16:51:55:SELECT * FROM t_act WHERE 1 AND id=3 LIMIT 1
2018-01-03 16:51:55:SELECT * FROM t_user WHERE 1 AND openid='oeDcV0W0lW2u-WnondVku8uZZo4k' LIMIT 1
2018-01-03 16:51:55:SELECT count(*) num FROM t_act_user WHERE 1 AND openid='oeDcV0W0lW2u-WnondVku8uZZo4k' LIMIT 1
2018-01-03 16:51:55:SELECT * FROM t_act_group WHERE 1 AND act_id=3
2018-01-03 16:51:55:SELECT * FROM t_act_user WHERE 1 AND act_id=3 AND group_id=1 order by use_time DESC
2018-01-03 16:55:37:SELECT * FROM t_act WHERE 1 AND id=5 LIMIT 1
2018-01-03 16:55:37:SELECT count(*) num FROM t_act_user WHERE 1 AND openid='oeDcV0W0lW2u-WnondVku8uZZo4k' LIMIT 1
2018-01-03 16:55:37:SELECT * FROM t_act_group WHERE 1 AND act_id=5
2018-01-03 16:55:37:SELECT * FROM t_act_user WHERE 1 AND act_id=5 AND group_id=1 order by use_time DESC
2018-01-03 16:55:37:SELECT * FROM t_user WHERE 1 AND openid='oeDcV0W0lW2u-WnondVku8uZZo4k' LIMIT 1
2018-01-03 16:55:50:SELECT * FROM t_act WHERE 1 AND id=5 LIMIT 1
2018-01-03 16:55:50:SELECT count(*) num FROM t_act_user WHERE 1 AND openid='oeDcV0W0lW2u-WnondVku8uZZo4k' LIMIT 1
2018-01-03 16:55:50:SELECT * FROM t_act_group WHERE 1 AND act_id=5
2018-01-03 16:55:50:SELECT * FROM t_act_user WHERE 1 AND act_id=5 AND group_id=1 order by use_time DESC
2018-01-03 16:55:50:SELECT * FROM t_user WHERE 1 AND openid='oeDcV0W0lW2u-WnondVku8uZZo4k' LIMIT 1
2018-01-03 16:56:54:SELECT * FROM t_act WHERE 1 AND id=5 LIMIT 1
2018-01-03 16:56:54:SELECT count(*) num FROM t_act_user WHERE 1 AND openid='oeDcV0W0lW2u-WnondVku8uZZo4k' LIMIT 1
2018-01-03 16:56:54:SELECT * FROM t_act_group WHERE 1 AND act_id=5
2018-01-03 16:56:54:SELECT * FROM t_act_user WHERE 1 AND act_id=5 AND group_id=1 order by use_time DESC
2018-01-03 16:56:54:SELECT * FROM t_user WHERE 1 AND openid='oeDcV0W0lW2u-WnondVku8uZZo4k' LIMIT 1
2018-01-03 16:57:08:SELECT * FROM t_act WHERE 1 AND id=5 LIMIT 1
2018-01-03 16:57:08:SELECT count(*) num FROM t_act_user WHERE 1 AND openid='oeDcV0W0lW2u-WnondVku8uZZo4k' LIMIT 1
2018-01-03 16:57:08:SELECT * FROM t_act_group WHERE 1 AND act_id=5
2018-01-03 16:57:08:SELECT * FROM t_act_user WHERE 1 AND act_id=5 AND group_id=1 order by use_time DESC
2018-01-03 16:57:08:SELECT * FROM t_user WHERE 1 AND openid='oeDcV0W0lW2u-WnondVku8uZZo4k' LIMIT 1
2018-01-03 16:57:25:SELECT * FROM t_act WHERE 1 AND id=5 LIMIT 1
2018-01-03 16:57:25:SELECT count(*) num FROM t_act_user WHERE 1 AND openid='oeDcV0W0lW2u-WnondVku8uZZo4k' LIMIT 1
2018-01-03 16:57:25:SELECT * FROM t_act_group WHERE 1 AND act_id=5
2018-01-03 16:57:25:SELECT * FROM t_act_user WHERE 1 AND act_id=5 AND group_id=1 order by use_time DESC
2018-01-03 16:57:25:SELECT * FROM t_user WHERE 1 AND openid='oeDcV0W0lW2u-WnondVku8uZZo4k' LIMIT 1
2018-01-03 16:58:37:SELECT * FROM t_act WHERE 1 AND id=5 LIMIT 1
2018-01-03 16:58:37:SELECT count(*) num FROM t_act_user WHERE 1 AND openid='oeDcV0W0lW2u-WnondVku8uZZo4k' LIMIT 1
2018-01-03 16:58:37:SELECT * FROM t_act_group WHERE 1 AND act_id=5
2018-01-03 16:58:37:SELECT * FROM t_act_user WHERE 1 AND act_id=5 AND group_id=1 order by use_time DESC
2018-01-03 16:58:37:SELECT * FROM t_user WHERE 1 AND openid='oeDcV0W0lW2u-WnondVku8uZZo4k' LIMIT 1
2018-01-03 16:58:43:SELECT * FROM t_act WHERE 1 AND id=3 LIMIT 1
2018-01-03 16:58:43:SELECT count(*) num FROM t_act_user WHERE 1 AND openid='oeDcV0W0lW2u-WnondVku8uZZo4k' LIMIT 1
2018-01-03 16:58:43:SELECT * FROM t_act_group WHERE 1 AND act_id=3
2018-01-03 16:58:43:SELECT * FROM t_act_user WHERE 1 AND act_id=3 AND group_id=1 order by use_time DESC
2018-01-03 17:00:52:SELECT * FROM t_act WHERE 1 AND id=5 LIMIT 1
2018-01-03 17:00:52:SELECT count(*) num FROM t_act_user WHERE 1 AND openid='oeDcV0W0lW2u-WnondVku8uZZo4k' LIMIT 1
2018-01-03 17:00:52:SELECT * FROM t_act_group WHERE 1 AND act_id=5
2018-01-03 17:00:52:SELECT * FROM t_act_user WHERE 1 AND act_id=5 AND group_id=1 order by use_time DESC
2018-01-03 17:00:52:SELECT * FROM t_user WHERE 1 AND openid='oeDcV0W0lW2u-WnondVku8uZZo4k' LIMIT 1
2018-01-03 17:06:39:SELECT * FROM t_act WHERE 1 AND id=5 LIMIT 1
2018-01-03 17:06:39:SELECT count(*) num FROM t_act_user WHERE 1 AND openid='oeDcV0W0lW2u-WnondVku8uZZo4k' LIMIT 1
2018-01-03 17:06:39:SELECT * FROM t_act_group WHERE 1 AND act_id=5
2018-01-03 17:06:39:SELECT * FROM t_act_user WHERE 1 AND act_id=5 AND group_id=1 order by use_time DESC
2018-01-03 17:06:39:SELECT * FROM t_user WHERE 1 AND openid='oeDcV0W0lW2u-WnondVku8uZZo4k' LIMIT 1
2018-01-03 17:06:55:SELECT * FROM t_act WHERE 1 AND id=5 LIMIT 1
2018-01-03 17:06:55:SELECT count(*) num FROM t_act_user WHERE 1 AND openid='oeDcV0W0lW2u-WnondVku8uZZo4k' LIMIT 1
2018-01-03 17:06:55:SELECT * FROM t_act_group WHERE 1 AND act_id=5
2018-01-03 17:06:55:SELECT * FROM t_act_user WHERE 1 AND act_id=5 AND group_id=1 order by use_time DESC
2018-01-03 17:06:55:SELECT * FROM t_user WHERE 1 AND openid='oeDcV0W0lW2u-WnondVku8uZZo4k' LIMIT 1
2018-01-03 17:07:40:SELECT * FROM t_act WHERE 1 AND id=5 LIMIT 1
2018-01-03 17:07:40:SELECT count(*) num FROM t_act_user WHERE 1 AND openid='oeDcV0W0lW2u-WnondVku8uZZo4k' LIMIT 1
2018-01-03 17:07:40:SELECT * FROM t_act_group WHERE 1 AND act_id=5
2018-01-03 17:07:40:SELECT * FROM t_act_user WHERE 1 AND act_id=5 AND group_id=1 order by use_time DESC
2018-01-03 17:07:40:SELECT * FROM t_user WHERE 1 AND openid='oeDcV0W0lW2u-WnondVku8uZZo4k' LIMIT 1
2018-01-03 17:08:27:SELECT * FROM t_act WHERE 1 AND id=5 LIMIT 1
2018-01-03 17:08:27:SELECT count(*) num FROM t_act_user WHERE 1 AND openid='oeDcV0W0lW2u-WnondVku8uZZo4k' LIMIT 1
2018-01-03 17:08:28:SELECT * FROM t_act_group WHERE 1 AND act_id=5
2018-01-03 17:08:28:SELECT * FROM t_act_user WHERE 1 AND act_id=5 AND group_id=1 order by use_time DESC
2018-01-03 17:08:28:SELECT * FROM t_user WHERE 1 AND openid='oeDcV0W0lW2u-WnondVku8uZZo4k' LIMIT 1
2018-01-03 17:08:37:SELECT * FROM t_act WHERE 1 AND id=5 LIMIT 1
2018-01-03 17:08:37:SELECT count(*) num FROM t_act_user WHERE 1 AND openid='oeDcV0W0lW2u-WnondVku8uZZo4k' LIMIT 1
2018-01-03 17:08:37:SELECT * FROM t_act_group WHERE 1 AND act_id=5
2018-01-03 17:08:37:SELECT * FROM t_act_user WHERE 1 AND act_id=5 AND group_id=1 order by use_time DESC
2018-01-03 17:08:37:SELECT * FROM t_user WHERE 1 AND openid='oeDcV0W0lW2u-WnondVku8uZZo4k' LIMIT 1
2018-01-03 17:08:46:SELECT * FROM t_act WHERE 1 AND id=5 LIMIT 1
2018-01-03 17:08:46:SELECT count(*) num FROM t_act_user WHERE 1 AND openid='oeDcV0W0lW2u-WnondVku8uZZo4k' LIMIT 1
2018-01-03 17:08:46:SELECT * FROM t_act_group WHERE 1 AND act_id=5
2018-01-03 17:08:46:SELECT * FROM t_act_user WHERE 1 AND act_id=5 AND group_id=1 order by use_time DESC
2018-01-03 17:08:46:SELECT * FROM t_user WHERE 1 AND openid='oeDcV0W0lW2u-WnondVku8uZZo4k' LIMIT 1
2018-01-03 17:09:17:SELECT * FROM t_act WHERE 1 AND id=5 LIMIT 1
2018-01-03 17:09:17:SELECT count(*) num FROM t_act_user WHERE 1 AND openid='oeDcV0W0lW2u-WnondVku8uZZo4k' LIMIT 1
2018-01-03 17:09:18:SELECT * FROM t_act_group WHERE 1 AND act_id=5
2018-01-03 17:09:18:SELECT * FROM t_act_user WHERE 1 AND act_id=5 AND group_id=1 order by use_time DESC
2018-01-03 17:09:18:SELECT * FROM t_user WHERE 1 AND openid='oeDcV0W0lW2u-WnondVku8uZZo4k' LIMIT 1
2018-01-03 17:09:53:SELECT * FROM t_act WHERE 1 AND id=5 LIMIT 1
2018-01-03 17:09:53:SELECT count(*) num FROM t_act_user WHERE 1 AND openid='oeDcV0W0lW2u-WnondVku8uZZo4k' LIMIT 1
2018-01-03 17:09:53:SELECT * FROM t_act_group WHERE 1 AND act_id=5
2018-01-03 17:09:53:SELECT * FROM t_act_user WHERE 1 AND act_id=5 AND group_id=1 order by use_time DESC
2018-01-03 17:09:53:SELECT * FROM t_user WHERE 1 AND openid='oeDcV0W0lW2u-WnondVku8uZZo4k' LIMIT 1
2018-01-03 17:10:11:SELECT * FROM t_act WHERE 1 AND id=5 LIMIT 1
2018-01-03 17:10:11:SELECT count(*) num FROM t_act_user WHERE 1 AND openid='oeDcV0W0lW2u-WnondVku8uZZo4k' LIMIT 1
2018-01-03 17:10:11:SELECT * FROM t_act_group WHERE 1 AND act_id=5
2018-01-03 17:10:11:SELECT * FROM t_act_user WHERE 1 AND act_id=5 AND group_id=1 order by use_time DESC
2018-01-03 17:10:11:SELECT * FROM t_user WHERE 1 AND openid='oeDcV0W0lW2u-WnondVku8uZZo4k' LIMIT 1
2018-01-03 17:10:40:SELECT * FROM t_act WHERE 1 AND id=5 LIMIT 1
2018-01-03 17:10:41:SELECT count(*) num FROM t_act_user WHERE 1 AND openid='oeDcV0W0lW2u-WnondVku8uZZo4k' LIMIT 1
2018-01-03 17:10:41:SELECT * FROM t_act_group WHERE 1 AND act_id=5
2018-01-03 17:10:41:SELECT * FROM t_act_user WHERE 1 AND act_id=5 AND group_id=1 order by use_time DESC
2018-01-03 17:10:41:SELECT * FROM t_user WHERE 1 AND openid='oeDcV0W0lW2u-WnondVku8uZZo4k' LIMIT 1
2018-01-03 17:12:27:SELECT * FROM t_act WHERE 1 AND id=5 LIMIT 1
2018-01-03 17:12:27:SELECT count(*) num FROM t_act_user WHERE 1 AND openid='oeDcV0W0lW2u-WnondVku8uZZo4k' LIMIT 1
2018-01-03 17:12:27:SELECT * FROM t_act_group WHERE 1 AND act_id=5
2018-01-03 17:12:27:SELECT * FROM t_act_user WHERE 1 AND act_id=5 AND group_id=1 order by use_time DESC
2018-01-03 17:12:27:SELECT * FROM t_user WHERE 1 AND openid='oeDcV0W0lW2u-WnondVku8uZZo4k' LIMIT 1
2018-01-03 17:15:56:SELECT * FROM t_act WHERE 1 AND id=5 LIMIT 1
2018-01-03 17:15:56:SELECT count(*) num FROM t_act_user WHERE 1 AND openid='oeDcV0W0lW2u-WnondVku8uZZo4k' LIMIT 1
2018-01-03 17:15:56:SELECT * FROM t_act_group WHERE 1 AND act_id=5
2018-01-03 17:15:56:SELECT * FROM t_act_user WHERE 1 AND act_id=5 AND group_id=1 order by use_time DESC
2018-01-03 17:15:56:SELECT * FROM t_user WHERE 1 AND openid='oeDcV0W0lW2u-WnondVku8uZZo4k' LIMIT 1
2018-01-03 17:16:11:SELECT * FROM t_act WHERE 1 AND id=5 LIMIT 1
2018-01-03 17:16:11:SELECT count(*) num FROM t_act_user WHERE 1 AND openid='oeDcV0W0lW2u-WnondVku8uZZo4k' LIMIT 1
2018-01-03 17:16:11:SELECT * FROM t_act_group WHERE 1 AND act_id=5
2018-01-03 17:16:11:SELECT * FROM t_act_user WHERE 1 AND act_id=5 AND group_id=1 order by use_time DESC
2018-01-03 17:16:11:SELECT * FROM t_user WHERE 1 AND openid='oeDcV0W0lW2u-WnondVku8uZZo4k' LIMIT 1
2018-01-03 17:17:24:SELECT * FROM t_act WHERE 1 AND id=5 LIMIT 1
2018-01-03 17:17:24:SELECT count(*) num FROM t_act_user WHERE 1 AND openid='oeDcV0W0lW2u-WnondVku8uZZo4k' LIMIT 1
2018-01-03 17:17:24:SELECT * FROM t_act_group WHERE 1 AND act_id=5
2018-01-03 17:17:24:SELECT * FROM t_act_user WHERE 1 AND act_id=5 AND group_id=1 order by use_time DESC
2018-01-03 17:17:24:SELECT * FROM t_user WHERE 1 AND openid='oeDcV0W0lW2u-WnondVku8uZZo4k' LIMIT 1
2018-01-03 17:18:19:SELECT * FROM t_act WHERE 1 AND id=5 LIMIT 1
2018-01-03 17:18:19:SELECT count(*) num FROM t_act_user WHERE 1 AND openid='oeDcV0W0lW2u-WnondVku8uZZo4k' LIMIT 1
2018-01-03 17:18:19:SELECT * FROM t_act_group WHERE 1 AND act_id=5
2018-01-03 17:18:19:SELECT * FROM t_act_user WHERE 1 AND act_id=5 AND group_id=1 order by use_time DESC
2018-01-03 17:18:20:SELECT * FROM t_user WHERE 1 AND openid='oeDcV0W0lW2u-WnondVku8uZZo4k' LIMIT 1
2018-01-03 17:19:21:SELECT * FROM t_act WHERE 1 AND id=5 LIMIT 1
2018-01-03 17:19:21:SELECT count(*) num FROM t_act_user WHERE 1 AND openid='oeDcV0W0lW2u-WnondVku8uZZo4k' LIMIT 1
2018-01-03 17:19:21:SELECT * FROM t_act_group WHERE 1 AND act_id=5
2018-01-03 17:19:21:SELECT * FROM t_act_user WHERE 1 AND act_id=5 AND group_id=1 order by use_time DESC
2018-01-03 17:19:21:SELECT * FROM t_user WHERE 1 AND openid='oeDcV0W0lW2u-WnondVku8uZZo4k' LIMIT 1
2018-01-03 17:23:35:SELECT * FROM t_act WHERE 1 AND id=5 LIMIT 1
2018-01-03 17:23:35:SELECT count(*) num FROM t_act_user WHERE 1 AND openid='oeDcV0W0lW2u-WnondVku8uZZo4k' LIMIT 1
2018-01-03 17:23:35:SELECT * FROM t_act_group WHERE 1 AND act_id=5
2018-01-03 17:23:35:SELECT * FROM t_act_user WHERE 1 AND act_id=5 AND group_id=1 order by use_time DESC
2018-01-03 17:23:35:SELECT * FROM t_user WHERE 1 AND openid='oeDcV0W0lW2u-WnondVku8uZZo4k' LIMIT 1
2018-01-03 17:24:15:SELECT * FROM t_act WHERE 1 AND id=5 LIMIT 1
2018-01-03 17:24:15:SELECT count(*) num FROM t_act_user WHERE 1 AND openid='oeDcV0W0lW2u-WnondVku8uZZo4k' LIMIT 1
2018-01-03 17:24:15:SELECT * FROM t_act_group WHERE 1 AND act_id=5
2018-01-03 17:24:15:SELECT * FROM t_act_user WHERE 1 AND act_id=5 AND group_id=1 order by use_time DESC
2018-01-03 17:24:16:SELECT * FROM t_user WHERE 1 AND openid='oeDcV0W0lW2u-WnondVku8uZZo4k' LIMIT 1
2018-01-03 17:24:58:SELECT * FROM t_act WHERE 1 AND id=5 LIMIT 1
2018-01-03 17:24:58:SELECT count(*) num FROM t_act_user WHERE 1 AND openid='oeDcV0W0lW2u-WnondVku8uZZo4k' LIMIT 1
2018-01-03 17:24:58:SELECT * FROM t_act_group WHERE 1 AND act_id=5
2018-01-03 17:24:58:SELECT * FROM t_act_user WHERE 1 AND act_id=5 AND group_id=1 order by use_time DESC
2018-01-03 17:24:58:SELECT * FROM t_user WHERE 1 AND openid='oeDcV0W0lW2u-WnondVku8uZZo4k' LIMIT 1
2018-01-03 17:25:06:SELECT * FROM t_act WHERE 1 AND id=5 LIMIT 1
2018-01-03 17:25:06:SELECT count(*) num FROM t_act_user WHERE 1 AND openid='oeDcV0W0lW2u-WnondVku8uZZo4k' LIMIT 1
2018-01-03 17:25:06:SELECT * FROM t_act_group WHERE 1 AND act_id=5
2018-01-03 17:25:06:SELECT * FROM t_act_user WHERE 1 AND act_id=5 AND group_id=1 order by use_time DESC
2018-01-03 17:25:06:SELECT * FROM t_user WHERE 1 AND openid='oeDcV0W0lW2u-WnondVku8uZZo4k' LIMIT 1
2018-01-03 17:56:15:SELECT * FROM t_act WHERE 1 AND id=5 LIMIT 1
2018-01-03 17:56:15:SELECT count(*) num FROM t_act_user WHERE 1 AND openid='oeDcV0W0lW2u-WnondVku8uZZo4k' LIMIT 1
2018-01-03 17:56:15:SELECT * FROM t_act_group WHERE 1 AND act_id=5
2018-01-03 17:56:15:SELECT * FROM t_act_user WHERE 1 AND act_id=5 AND group_id=1 order by use_time DESC
2018-01-03 17:56:15:SELECT * FROM t_user WHERE 1 AND openid='oeDcV0W0lW2u-WnondVku8uZZo4k' LIMIT 1
2018-01-03 17:56:45:SELECT * FROM t_act WHERE 1 AND id=5 LIMIT 1
2018-01-03 17:56:45:SELECT count(*) num FROM t_act_user WHERE 1 AND openid='oeDcV0W0lW2u-WnondVku8uZZo4k' LIMIT 1
2018-01-03 17:56:45:SELECT * FROM t_act_group WHERE 1 AND act_id=5
2018-01-03 17:56:45:SELECT * FROM t_act_user WHERE 1 AND act_id=5 AND group_id=1 order by use_time DESC
2018-01-03 17:56:45:SELECT * FROM t_user WHERE 1 AND openid='oeDcV0W0lW2u-WnondVku8uZZo4k' LIMIT 1
2018-01-03 17:57:09:SELECT * FROM t_act WHERE 1 AND id=5 LIMIT 1
2018-01-03 17:57:09:SELECT count(*) num FROM t_act_user WHERE 1 AND openid='oeDcV0W0lW2u-WnondVku8uZZo4k' LIMIT 1
2018-01-03 17:57:09:SELECT * FROM t_act_group WHERE 1 AND act_id=5
2018-01-03 17:57:09:SELECT * FROM t_act_user WHERE 1 AND act_id=5 AND group_id=1 order by use_time DESC
2018-01-03 17:57:09:SELECT * FROM t_user WHERE 1 AND openid='oeDcV0W0lW2u-WnondVku8uZZo4k' LIMIT 1
2018-01-03 17:57:27:SELECT * FROM t_act WHERE 1 AND id=5 LIMIT 1
2018-01-03 17:57:27:SELECT count(*) num FROM t_act_user WHERE 1 AND openid='oeDcV0W0lW2u-WnondVku8uZZo4k' LIMIT 1
2018-01-03 17:57:27:SELECT * FROM t_act_group WHERE 1 AND act_id=5
2018-01-03 17:57:27:SELECT * FROM t_act_user WHERE 1 AND act_id=5 AND group_id=1 order by use_time DESC
2018-01-03 17:57:28:SELECT * FROM t_user WHERE 1 AND openid='oeDcV0W0lW2u-WnondVku8uZZo4k' LIMIT 1
2018-01-03 17:57:55:SELECT * FROM t_act WHERE 1 AND id=5 LIMIT 1
2018-01-03 17:57:55:SELECT count(*) num FROM t_act_user WHERE 1 AND openid='oeDcV0W0lW2u-WnondVku8uZZo4k' LIMIT 1
2018-01-03 17:57:55:SELECT * FROM t_act_group WHERE 1 AND act_id=5
2018-01-03 17:57:55:SELECT * FROM t_act_user WHERE 1 AND act_id=5 AND group_id=1 order by use_time DESC
2018-01-03 17:57:55:SELECT * FROM t_user WHERE 1 AND openid='oeDcV0W0lW2u-WnondVku8uZZo4k' LIMIT 1
2018-01-03 17:59:29:SELECT * FROM t_act WHERE 1 AND id=5 LIMIT 1
2018-01-03 17:59:29:SELECT count(*) num FROM t_act_user WHERE 1 AND openid='oeDcV0W0lW2u-WnondVku8uZZo4k' LIMIT 1
2018-01-03 17:59:29:SELECT * FROM t_act_group WHERE 1 AND act_id=5
2018-01-03 17:59:29:SELECT * FROM t_act_user WHERE 1 AND act_id=5 AND group_id=1 order by use_time DESC
2018-01-03 17:59:29:SELECT * FROM t_user WHERE 1 AND openid='oeDcV0W0lW2u-WnondVku8uZZo4k' LIMIT 1
2018-01-03 18:00:59:SELECT * FROM t_act WHERE 1 AND id=5 LIMIT 1
2018-01-03 18:00:59:SELECT count(*) num FROM t_act_user WHERE 1 AND openid='oeDcV0W0lW2u-WnondVku8uZZo4k' LIMIT 1
2018-01-03 18:00:59:SELECT * FROM t_act_group WHERE 1 AND act_id=5
2018-01-03 18:00:59:SELECT * FROM t_act_user WHERE 1 AND act_id=5 AND group_id=1 order by use_time DESC
2018-01-03 18:00:59:SELECT * FROM t_user WHERE 1 AND openid='oeDcV0W0lW2u-WnondVku8uZZo4k' LIMIT 1
2018-01-03 18:03:57:SELECT * FROM t_act WHERE 1 AND id=5 LIMIT 1
2018-01-03 18:03:57:SELECT count(*) num FROM t_act_user WHERE 1 AND openid='oeDcV0W0lW2u-WnondVku8uZZo4k' LIMIT 1
2018-01-03 18:03:57:SELECT * FROM t_act_group WHERE 1 AND act_id=5
2018-01-03 18:03:58:SELECT * FROM t_act_user WHERE 1 AND act_id=5 AND group_id=1 order by use_time DESC
2018-01-03 18:03:58:SELECT * FROM t_user WHERE 1 AND openid='oeDcV0W0lW2u-WnondVku8uZZo4k' LIMIT 1
2018-01-03 18:05:32:SELECT * FROM t_act WHERE 1 AND id=5 LIMIT 1
2018-01-03 18:05:32:SELECT count(*) num FROM t_act_user WHERE 1 AND openid='oeDcV0W0lW2u-WnondVku8uZZo4k' LIMIT 1
2018-01-03 18:05:32:SELECT * FROM t_act_group WHERE 1 AND act_id=5
2018-01-03 18:05:32:SELECT * FROM t_act_user WHERE 1 AND act_id=5 AND group_id=1 order by use_time DESC
2018-01-03 18:05:32:SELECT * FROM t_user WHERE 1 AND openid='oeDcV0W0lW2u-WnondVku8uZZo4k' LIMIT 1
2018-01-03 18:07:23:SELECT * FROM t_act WHERE 1 AND id=5 LIMIT 1
2018-01-03 18:07:23:SELECT count(*) num FROM t_act_user WHERE 1 AND openid='oeDcV0W0lW2u-WnondVku8uZZo4k' LIMIT 1
2018-01-03 18:07:23:SELECT * FROM t_act_group WHERE 1 AND act_id=5
2018-01-03 18:07:24:SELECT * FROM t_act_user WHERE 1 AND act_id=5 AND group_id=1 order by use_time DESC
2018-01-03 18:07:24:SELECT * FROM t_user WHERE 1 AND openid='oeDcV0W0lW2u-WnondVku8uZZo4k' LIMIT 1
2018-01-03 18:08:06:SELECT * FROM t_act WHERE 1 AND id=5 LIMIT 1
2018-01-03 18:08:06:SELECT count(*) num FROM t_act_user WHERE 1 AND openid='oeDcV0W0lW2u-WnondVku8uZZo4k' LIMIT 1
2018-01-03 18:08:07:SELECT * FROM t_act_group WHERE 1 AND act_id=5
2018-01-03 18:08:07:SELECT * FROM t_act_user WHERE 1 AND act_id=5 AND group_id=1 order by use_time DESC
2018-01-03 18:08:07:SELECT * FROM t_user WHERE 1 AND openid='oeDcV0W0lW2u-WnondVku8uZZo4k' LIMIT 1
2018-01-03 18:09:08:SELECT * FROM t_act WHERE 1 AND id=5 LIMIT 1
2018-01-03 18:09:08:SELECT count(*) num FROM t_act_user WHERE 1 AND openid='oeDcV0W0lW2u-WnondVku8uZZo4k' LIMIT 1
2018-01-03 18:09:09:SELECT * FROM t_act_group WHERE 1 AND act_id=5
2018-01-03 18:09:09:SELECT * FROM t_act_user WHERE 1 AND act_id=5 AND group_id=1 order by use_time DESC
2018-01-03 18:09:09:SELECT * FROM t_user WHERE 1 AND openid='oeDcV0W0lW2u-WnondVku8uZZo4k' LIMIT 1
2018-01-03 18:09:29:SELECT * FROM t_act WHERE 1 AND id=5 LIMIT 1
2018-01-03 18:09:29:SELECT count(*) num FROM t_act_user WHERE 1 AND openid='oeDcV0W0lW2u-WnondVku8uZZo4k' LIMIT 1
2018-01-03 18:09:29:SELECT * FROM t_act_group WHERE 1 AND act_id=5
2018-01-03 18:09:29:SELECT * FROM t_act_user WHERE 1 AND act_id=5 AND group_id=1 order by use_time DESC
2018-01-03 18:09:29:SELECT * FROM t_user WHERE 1 AND openid='oeDcV0W0lW2u-WnondVku8uZZo4k' LIMIT 1
2018-01-03 18:10:09:SELECT * FROM t_act WHERE 1 AND id=5 LIMIT 1
2018-01-03 18:10:09:SELECT count(*) num FROM t_act_user WHERE 1 AND openid='oeDcV0W0lW2u-WnondVku8uZZo4k' LIMIT 1
2018-01-03 18:10:09:SELECT * FROM t_act_group WHERE 1 AND act_id=5
2018-01-03 18:10:09:SELECT * FROM t_act_user WHERE 1 AND act_id=5 AND group_id=1 order by use_time DESC
2018-01-03 18:10:09:SELECT * FROM t_user WHERE 1 AND openid='oeDcV0W0lW2u-WnondVku8uZZo4k' LIMIT 1
2018-01-03 18:10:32:SELECT * FROM t_act WHERE 1 AND id=5 LIMIT 1
2018-01-03 18:10:32:SELECT count(*) num FROM t_act_user WHERE 1 AND openid='oeDcV0W0lW2u-WnondVku8uZZo4k' LIMIT 1
2018-01-03 18:10:32:SELECT * FROM t_act_group WHERE 1 AND act_id=5
2018-01-03 18:10:32:SELECT * FROM t_act_user WHERE 1 AND act_id=5 AND group_id=1 order by use_time DESC
2018-01-03 18:10:32:SELECT * FROM t_user WHERE 1 AND openid='oeDcV0W0lW2u-WnondVku8uZZo4k' LIMIT 1
2018-01-03 18:10:47:SELECT * FROM t_act WHERE 1 AND id=5 LIMIT 1
2018-01-03 18:10:47:SELECT count(*) num FROM t_act_user WHERE 1 AND openid='oeDcV0W0lW2u-WnondVku8uZZo4k' LIMIT 1
2018-01-03 18:10:47:SELECT * FROM t_act_group WHERE 1 AND act_id=5
2018-01-03 18:10:48:SELECT * FROM t_act_user WHERE 1 AND act_id=5 AND group_id=1 order by use_time DESC
2018-01-03 18:10:48:SELECT * FROM t_user WHERE 1 AND openid='oeDcV0W0lW2u-WnondVku8uZZo4k' LIMIT 1
2018-01-03 18:11:49:SELECT * FROM t_act WHERE 1 AND id=5 LIMIT 1
2018-01-03 18:11:49:SELECT count(*) num FROM t_act_user WHERE 1 AND openid='oeDcV0W0lW2u-WnondVku8uZZo4k' LIMIT 1
2018-01-03 18:11:49:SELECT * FROM t_act_group WHERE 1 AND act_id=5
2018-01-03 18:11:49:SELECT * FROM t_act_user WHERE 1 AND act_id=5 AND group_id=1 order by use_time DESC
2018-01-03 18:11:49:SELECT * FROM t_user WHERE 1 AND openid='oeDcV0W0lW2u-WnondVku8uZZo4k' LIMIT 1
2018-01-03 18:12:50:SELECT count(*) num FROM t_act_user WHERE 1 AND openid='oeDcV0W0lW2u-WnondVku8uZZo4k' LIMIT 1
2018-01-03 18:14:11:SELECT * FROM t_act WHERE 1 AND id=5 LIMIT 1
2018-01-03 18:14:11:SELECT count(*) num FROM t_act_user WHERE 1 AND openid='oeDcV0W0lW2u-WnondVku8uZZo4k' LIMIT 1
2018-01-03 18:14:11:SELECT * FROM t_act_group WHERE 1 AND act_id=5
2018-01-03 18:14:11:SELECT * FROM t_act_user WHERE 1 AND act_id=5 AND group_id=1 order by use_time DESC
2018-01-03 18:14:11:SELECT * FROM t_user WHERE 1 AND openid='oeDcV0W0lW2u-WnondVku8uZZo4k' LIMIT 1
2018-01-03 18:20:37:SELECT * FROM t_act WHERE 1 AND id=5 LIMIT 1
2018-01-03 18:20:37:SELECT count(*) num FROM t_act_user WHERE 1 AND openid='oeDcV0W0lW2u-WnondVku8uZZo4k' LIMIT 1
2018-01-03 18:20:37:SELECT * FROM t_act_group WHERE 1 AND act_id=5
2018-01-03 18:20:37:SELECT * FROM t_act_user WHERE 1 AND act_id=5 AND group_id=1 order by use_time DESC
2018-01-03 18:20:37:SELECT * FROM t_user WHERE 1 AND openid='oeDcV0W0lW2u-WnondVku8uZZo4k' LIMIT 1
2018-01-03 18:21:26:SELECT * FROM t_act WHERE 1 AND id=5 LIMIT 1
2018-01-03 18:21:26:SELECT count(*) num FROM t_act_user WHERE 1 AND openid='oeDcV0W0lW2u-WnondVku8uZZo4k' LIMIT 1
2018-01-03 18:21:26:SELECT * FROM t_act_group WHERE 1 AND act_id=5
2018-01-03 18:21:26:SELECT * FROM t_act_user WHERE 1 AND act_id=5 AND group_id=1 order by use_time DESC
2018-01-03 18:21:26:SELECT * FROM t_user WHERE 1 AND openid='oeDcV0W0lW2u-WnondVku8uZZo4k' LIMIT 1
2018-01-03 18:21:27:SELECT * FROM t_user WHERE 1 AND openid = 'oeDcV0TIhZCvU1UFnqrdS_fKJxW0' LIMIT 1
2018-01-03 18:21:37:SELECT * FROM t_user WHERE 1 AND openid = 'oeDcV0TIhZCvU1UFnqrdS_fKJxW0' LIMIT 1
2018-01-03 18:21:40:SELECT * FROM t_act WHERE 1 AND id=5 LIMIT 1
2018-01-03 18:21:41:SELECT count(*) num FROM t_act_user WHERE 1 AND openid='oeDcV0W0lW2u-WnondVku8uZZo4k' LIMIT 1
2018-01-03 18:21:41:SELECT * FROM t_act_group WHERE 1 AND act_id=5
2018-01-03 18:21:41:SELECT * FROM t_act_user WHERE 1 AND act_id=5 AND group_id=1 order by use_time DESC
2018-01-03 18:21:41:SELECT * FROM t_user WHERE 1 AND openid='oeDcV0W0lW2u-WnondVku8uZZo4k' LIMIT 1
2018-01-03 18:21:47:SELECT * FROM t_act WHERE 1 AND id=5 LIMIT 1
2018-01-03 18:21:47:SELECT count(*) num FROM t_act_user WHERE 1 AND openid='oeDcV0W0lW2u-WnondVku8uZZo4k' LIMIT 1
2018-01-03 18:21:47:SELECT * FROM t_act_group WHERE 1 AND act_id=5
2018-01-03 18:21:47:SELECT * FROM t_act_user WHERE 1 AND act_id=5 AND group_id=1 order by use_time DESC
2018-01-03 18:21:47:SELECT * FROM t_user WHERE 1 AND openid='oeDcV0W0lW2u-WnondVku8uZZo4k' LIMIT 1
2018-01-03 18:22:54:SELECT * FROM t_act WHERE 1 AND id=9 LIMIT 1
2018-01-03 18:22:54:SELECT count(*) num FROM t_act_user WHERE 1 AND openid='oeDcV0TIhZCvU1UFnqrdS_fKJxW0' LIMIT 1
2018-01-03 18:22:54:SELECT * FROM t_act_group WHERE 1 AND act_id=9
2018-01-03 18:22:54:SELECT * FROM t_act_user WHERE 1 AND act_id=9 AND group_id=1 order by use_time DESC
2018-01-03 18:24:04:SELECT * FROM t_act WHERE 1 AND id=5 LIMIT 1
2018-01-03 18:24:04:SELECT count(*) num FROM t_act_user WHERE 1 AND openid='oeDcV0W0lW2u-WnondVku8uZZo4k' LIMIT 1
2018-01-03 18:24:04:SELECT * FROM t_act_group WHERE 1 AND act_id=5
2018-01-03 18:24:04:SELECT * FROM t_act_user WHERE 1 AND act_id=5 AND group_id=1 order by use_time DESC
2018-01-03 18:24:04:SELECT * FROM t_user WHERE 1 AND openid='oeDcV0W0lW2u-WnondVku8uZZo4k' LIMIT 1
2018-01-03 18:24:21:SELECT * FROM t_act WHERE 1 AND id=5 LIMIT 1
2018-01-03 18:24:21:SELECT count(*) num FROM t_act_user WHERE 1 AND openid='oeDcV0W0lW2u-WnondVku8uZZo4k' LIMIT 1
2018-01-03 18:24:21:SELECT * FROM t_act_group WHERE 1 AND act_id=5
2018-01-03 18:24:21:SELECT * FROM t_act_user WHERE 1 AND act_id=5 AND group_id=1 order by use_time DESC
2018-01-03 18:24:21:SELECT * FROM t_user WHERE 1 AND openid='oeDcV0W0lW2u-WnondVku8uZZo4k' LIMIT 1
2018-01-03 18:24:51:SELECT * FROM t_act WHERE 1 AND id=5 LIMIT 1
2018-01-03 18:24:51:SELECT count(*) num FROM t_act_user WHERE 1 AND openid='oeDcV0W0lW2u-WnondVku8uZZo4k' LIMIT 1
2018-01-03 18:24:51:SELECT * FROM t_act_group WHERE 1 AND act_id=5
2018-01-03 18:24:51:SELECT * FROM t_act_user WHERE 1 AND act_id=5 AND group_id=1 order by use_time DESC
2018-01-03 18:24:51:SELECT * FROM t_user WHERE 1 AND openid='oeDcV0W0lW2u-WnondVku8uZZo4k' LIMIT 1
2018-01-03 18:24:54:SELECT * FROM t_act WHERE 1 AND id=5 LIMIT 1
2018-01-03 18:24:54:SELECT count(*) num FROM t_act_user WHERE 1 AND openid='oeDcV0W0lW2u-WnondVku8uZZo4k' LIMIT 1
2018-01-03 18:24:54:SELECT * FROM t_act_group WHERE 1 AND act_id=5
2018-01-03 18:24:54:SELECT * FROM t_act_user WHERE 1 AND act_id=5 AND group_id=1 order by use_time DESC
2018-01-03 18:24:54:SELECT * FROM t_user WHERE 1 AND openid='oeDcV0W0lW2u-WnondVku8uZZo4k' LIMIT 1
2018-01-03 18:25:28:SELECT * FROM t_act WHERE 1 AND id=5 LIMIT 1
2018-01-03 18:25:28:SELECT count(*) num FROM t_act_user WHERE 1 AND openid='oeDcV0W0lW2u-WnondVku8uZZo4k' LIMIT 1
2018-01-03 18:25:28:SELECT * FROM t_act_group WHERE 1 AND act_id=5
2018-01-03 18:25:28:SELECT * FROM t_act_user WHERE 1 AND act_id=5 AND group_id=1 order by use_time DESC
2018-01-03 18:25:28:SELECT * FROM t_user WHERE 1 AND openid='oeDcV0W0lW2u-WnondVku8uZZo4k' LIMIT 1
2018-01-03 18:25:56:SELECT * FROM t_act WHERE 1 AND id=5 LIMIT 1
2018-01-03 18:25:56:SELECT count(*) num FROM t_act_user WHERE 1 AND openid='oeDcV0W0lW2u-WnondVku8uZZo4k' LIMIT 1
2018-01-03 18:25:56:SELECT * FROM t_act_group WHERE 1 AND act_id=5
2018-01-03 18:25:56:SELECT * FROM t_act_user WHERE 1 AND act_id=5 AND group_id=1 order by use_time DESC
2018-01-03 18:25:56:SELECT * FROM t_user WHERE 1 AND openid='oeDcV0W0lW2u-WnondVku8uZZo4k' LIMIT 1
2018-01-03 18:30:54:SELECT * FROM t_act WHERE 1 AND id=5 LIMIT 1
2018-01-03 18:30:54:SELECT count(*) num FROM t_act_user WHERE 1 AND openid='oeDcV0W0lW2u-WnondVku8uZZo4k' LIMIT 1
2018-01-03 18:30:54:SELECT * FROM t_act_group WHERE 1 AND act_id=5
2018-01-03 18:30:54:SELECT * FROM t_act_user WHERE 1 AND act_id=5 AND group_id=1 order by use_time DESC
2018-01-03 18:30:54:SELECT * FROM t_user WHERE 1 AND openid='oeDcV0W0lW2u-WnondVku8uZZo4k' LIMIT 1
2018-01-03 18:31:26:SELECT * FROM t_act WHERE 1 AND id=5 LIMIT 1
2018-01-03 18:31:26:SELECT count(*) num FROM t_act_user WHERE 1 AND openid='oeDcV0W0lW2u-WnondVku8uZZo4k' LIMIT 1
2018-01-03 18:31:26:SELECT * FROM t_act_group WHERE 1 AND act_id=5
2018-01-03 18:31:26:SELECT * FROM t_act_user WHERE 1 AND act_id=5 AND group_id=1 order by use_time DESC
2018-01-03 18:31:26:SELECT * FROM t_user WHERE 1 AND openid='oeDcV0W0lW2u-WnondVku8uZZo4k' LIMIT 1
2018-01-03 18:31:55:SELECT * FROM t_act WHERE 1 AND id=5 LIMIT 1
2018-01-03 18:31:55:SELECT count(*) num FROM t_act_user WHERE 1 AND openid='oeDcV0W0lW2u-WnondVku8uZZo4k' LIMIT 1
2018-01-03 18:31:55:SELECT * FROM t_act_group WHERE 1 AND act_id=5
2018-01-03 18:31:55:SELECT * FROM t_act_user WHERE 1 AND act_id=5 AND group_id=1 order by use_time DESC
2018-01-03 18:31:55:SELECT * FROM t_user WHERE 1 AND openid='oeDcV0W0lW2u-WnondVku8uZZo4k' LIMIT 1
2018-01-03 18:32:28:SELECT * FROM t_act WHERE 1 AND id=5 LIMIT 1
2018-01-03 18:32:28:SELECT count(*) num FROM t_act_user WHERE 1 AND openid='oeDcV0W0lW2u-WnondVku8uZZo4k' LIMIT 1
2018-01-03 18:32:28:SELECT * FROM t_act_group WHERE 1 AND act_id=5
2018-01-03 18:32:28:SELECT * FROM t_act_user WHERE 1 AND act_id=5 AND group_id=1 order by use_time DESC
2018-01-03 18:32:28:SELECT * FROM t_user WHERE 1 AND openid='oeDcV0W0lW2u-WnondVku8uZZo4k' LIMIT 1
2018-01-03 18:33:00:SELECT * FROM t_act WHERE 1 AND id=5 LIMIT 1
2018-01-03 18:33:00:SELECT count(*) num FROM t_act_user WHERE 1 AND openid='oeDcV0W0lW2u-WnondVku8uZZo4k' LIMIT 1
2018-01-03 18:33:00:SELECT * FROM t_act_group WHERE 1 AND act_id=5
2018-01-03 18:33:00:SELECT * FROM t_act_user WHERE 1 AND act_id=5 AND group_id=1 order by use_time DESC
2018-01-03 18:33:00:SELECT * FROM t_user WHERE 1 AND openid='oeDcV0W0lW2u-WnondVku8uZZo4k' LIMIT 1
2018-01-03 18:33:24:SELECT * FROM t_act WHERE 1 AND id=5 LIMIT 1
2018-01-03 18:33:24:SELECT count(*) num FROM t_act_user WHERE 1 AND openid='oeDcV0W0lW2u-WnondVku8uZZo4k' LIMIT 1
2018-01-03 18:33:24:SELECT * FROM t_act_group WHERE 1 AND act_id=5
2018-01-03 18:33:24:SELECT * FROM t_act_user WHERE 1 AND act_id=5 AND group_id=1 order by use_time DESC
2018-01-03 18:33:24:SELECT * FROM t_user WHERE 1 AND openid='oeDcV0W0lW2u-WnondVku8uZZo4k' LIMIT 1
2018-01-03 18:33:57:SELECT * FROM t_act WHERE 1 AND id=5 LIMIT 1
2018-01-03 18:33:57:SELECT count(*) num FROM t_act_user WHERE 1 AND openid='oeDcV0W0lW2u-WnondVku8uZZo4k' LIMIT 1
2018-01-03 18:33:57:SELECT * FROM t_act_group WHERE 1 AND act_id=5
2018-01-03 18:33:57:SELECT * FROM t_act_user WHERE 1 AND act_id=5 AND group_id=1 order by use_time DESC
2018-01-03 18:33:57:SELECT * FROM t_user WHERE 1 AND openid='oeDcV0W0lW2u-WnondVku8uZZo4k' LIMIT 1
2018-01-03 18:34:20:SELECT * FROM t_act WHERE 1 AND id=5 LIMIT 1
2018-01-03 18:34:20:SELECT count(*) num FROM t_act_user WHERE 1 AND openid='oeDcV0W0lW2u-WnondVku8uZZo4k' LIMIT 1
2018-01-03 18:34:20:SELECT * FROM t_act_group WHERE 1 AND act_id=5
2018-01-03 18:34:20:SELECT * FROM t_act_user WHERE 1 AND act_id=5 AND group_id=1 order by use_time DESC
2018-01-03 18:34:20:SELECT * FROM t_user WHERE 1 AND openid='oeDcV0W0lW2u-WnondVku8uZZo4k' LIMIT 1
2018-01-03 18:34:25:SELECT * FROM t_act WHERE 1 AND id=5 LIMIT 1
2018-01-03 18:34:25:SELECT count(*) num FROM t_act_user WHERE 1 AND openid='oeDcV0W0lW2u-WnondVku8uZZo4k' LIMIT 1
2018-01-03 18:34:25:SELECT * FROM t_act_group WHERE 1 AND act_id=5
2018-01-03 18:34:25:SELECT * FROM t_act_user WHERE 1 AND act_id=5 AND group_id=1 order by use_time DESC
2018-01-03 18:34:25:SELECT * FROM t_user WHERE 1 AND openid='oeDcV0W0lW2u-WnondVku8uZZo4k' LIMIT 1
2018-01-03 18:38:27:SELECT * FROM t_act WHERE 1 AND id=5 LIMIT 1
2018-01-03 18:38:27:SELECT count(*) num FROM t_act_user WHERE 1 AND openid='oeDcV0W0lW2u-WnondVku8uZZo4k' LIMIT 1
2018-01-03 18:38:27:SELECT * FROM t_act_group WHERE 1 AND act_id=5
2018-01-03 18:38:28:SELECT * FROM t_act_user WHERE 1 AND act_id=5 AND group_id=1 order by use_time DESC
2018-01-03 18:38:28:SELECT * FROM t_user WHERE 1 AND openid='oeDcV0W0lW2u-WnondVku8uZZo4k' LIMIT 1
2018-01-03 18:41:40:SELECT * FROM t_act WHERE 1 AND id=5 LIMIT 1
2018-01-03 18:41:40:SELECT count(*) num FROM t_act_user WHERE 1 AND openid='oeDcV0W0lW2u-WnondVku8uZZo4k' LIMIT 1
2018-01-03 18:41:40:SELECT * FROM t_act_group WHERE 1 AND act_id=5
2018-01-03 18:41:40:SELECT * FROM t_act_user WHERE 1 AND act_id=5 AND group_id=1 order by use_time DESC
2018-01-03 18:41:40:SELECT * FROM t_user WHERE 1 AND openid='oeDcV0W0lW2u-WnondVku8uZZo4k' LIMIT 1
2018-01-03 18:42:19:SELECT * FROM t_act WHERE 1 AND id=5 LIMIT 1
2018-01-03 18:42:19:SELECT count(*) num FROM t_act_user WHERE 1 AND openid='oeDcV0W0lW2u-WnondVku8uZZo4k' LIMIT 1
2018-01-03 18:42:19:SELECT * FROM t_act_group WHERE 1 AND act_id=5
2018-01-03 18:42:19:SELECT * FROM t_act_user WHERE 1 AND act_id=5 AND group_id=1 order by use_time DESC
2018-01-03 18:42:20:SELECT * FROM t_user WHERE 1 AND openid='oeDcV0W0lW2u-WnondVku8uZZo4k' LIMIT 1
2018-01-03 18:42:38:SELECT * FROM t_act WHERE 1 AND id=5 LIMIT 1
2018-01-03 18:42:38:SELECT count(*) num FROM t_act_user WHERE 1 AND openid='oeDcV0W0lW2u-WnondVku8uZZo4k' LIMIT 1
2018-01-03 18:42:38:SELECT * FROM t_act_group WHERE 1 AND act_id=5
2018-01-03 18:42:38:SELECT * FROM t_act_user WHERE 1 AND act_id=5 AND group_id=1 order by use_time DESC
2018-01-03 18:42:38:SELECT * FROM t_user WHERE 1 AND openid='oeDcV0W0lW2u-WnondVku8uZZo4k' LIMIT 1
2018-01-03 18:43:21:SELECT * FROM t_act WHERE 1 AND id=5 LIMIT 1
2018-01-03 18:43:21:SELECT count(*) num FROM t_act_user WHERE 1 AND openid='oeDcV0W0lW2u-WnondVku8uZZo4k' LIMIT 1
2018-01-03 18:43:21:SELECT * FROM t_act_group WHERE 1 AND act_id=5
2018-01-03 18:43:21:SELECT * FROM t_act_user WHERE 1 AND act_id=5 AND group_id=1 order by use_time DESC
2018-01-03 18:43:21:SELECT * FROM t_user WHERE 1 AND openid='oeDcV0W0lW2u-WnondVku8uZZo4k' LIMIT 1
2018-01-03 18:44:45:SELECT * FROM t_act WHERE 1 AND id=5 LIMIT 1
2018-01-03 18:44:46:SELECT count(*) num FROM t_act_user WHERE 1 AND openid='oeDcV0W0lW2u-WnondVku8uZZo4k' LIMIT 1
2018-01-03 18:44:46:SELECT * FROM t_act_group WHERE 1 AND act_id=5
2018-01-03 18:44:46:SELECT * FROM t_act_user WHERE 1 AND act_id=5 AND group_id=1 order by use_time DESC
2018-01-03 18:44:46:SELECT * FROM t_user WHERE 1 AND openid='oeDcV0W0lW2u-WnondVku8uZZo4k' LIMIT 1
2018-01-03 18:45:38:SELECT * FROM t_act WHERE 1 AND id=5 LIMIT 1
2018-01-03 18:45:38:SELECT count(*) num FROM t_act_user WHERE 1 AND openid='oeDcV0W0lW2u-WnondVku8uZZo4k' LIMIT 1
2018-01-03 18:45:38:SELECT * FROM t_act_group WHERE 1 AND act_id=5
2018-01-03 18:45:38:SELECT * FROM t_act_user WHERE 1 AND act_id=5 AND group_id=1 order by use_time DESC
2018-01-03 18:45:38:SELECT * FROM t_user WHERE 1 AND openid='oeDcV0W0lW2u-WnondVku8uZZo4k' LIMIT 1
2018-01-03 18:46:41:SELECT * FROM t_act WHERE 1 AND id=5 LIMIT 1
2018-01-03 18:46:41:SELECT count(*) num FROM t_act_user WHERE 1 AND openid='oeDcV0W0lW2u-WnondVku8uZZo4k' LIMIT 1
2018-01-03 18:46:41:SELECT * FROM t_act_group WHERE 1 AND act_id=5
2018-01-03 18:46:41:SELECT * FROM t_act_user WHERE 1 AND act_id=5 AND group_id=1 order by use_time DESC
2018-01-03 18:46:41:SELECT * FROM t_user WHERE 1 AND openid='oeDcV0W0lW2u-WnondVku8uZZo4k' LIMIT 1
2018-01-03 18:46:53:SELECT * FROM t_act WHERE 1 AND id=5 LIMIT 1
2018-01-03 18:46:53:SELECT count(*) num FROM t_act_user WHERE 1 AND openid='oeDcV0W0lW2u-WnondVku8uZZo4k' LIMIT 1
2018-01-03 18:46:53:SELECT * FROM t_act_group WHERE 1 AND act_id=5
2018-01-03 18:46:53:SELECT * FROM t_act_user WHERE 1 AND act_id=5 AND group_id=1 order by use_time DESC
2018-01-03 18:46:53:SELECT * FROM t_user WHERE 1 AND openid='oeDcV0W0lW2u-WnondVku8uZZo4k' LIMIT 1
2018-01-03 18:48:11:SELECT * FROM t_act WHERE 1 AND id=5 LIMIT 1
2018-01-03 18:48:11:SELECT count(*) num FROM t_act_user WHERE 1 AND openid='oeDcV0W0lW2u-WnondVku8uZZo4k' LIMIT 1
2018-01-03 18:48:11:SELECT * FROM t_act_group WHERE 1 AND act_id=5
2018-01-03 18:48:11:SELECT * FROM t_act_user WHERE 1 AND act_id=5 AND group_id=1 order by use_time DESC
2018-01-03 18:48:11:SELECT * FROM t_user WHERE 1 AND openid='oeDcV0W0lW2u-WnondVku8uZZo4k' LIMIT 1
2018-01-03 18:48:37:SELECT * FROM t_act WHERE 1 AND id=5 LIMIT 1
2018-01-03 18:48:37:SELECT count(*) num FROM t_act_user WHERE 1 AND openid='oeDcV0W0lW2u-WnondVku8uZZo4k' LIMIT 1
2018-01-03 18:48:37:SELECT * FROM t_act_group WHERE 1 AND act_id=5
2018-01-03 18:48:37:SELECT * FROM t_act_user WHERE 1 AND act_id=5 AND group_id=1 order by use_time DESC
2018-01-03 18:48:38:SELECT * FROM t_user WHERE 1 AND openid='oeDcV0W0lW2u-WnondVku8uZZo4k' LIMIT 1
2018-01-03 18:49:12:SELECT * FROM t_act WHERE 1 AND id=5 LIMIT 1
2018-01-03 18:49:12:SELECT count(*) num FROM t_act_user WHERE 1 AND openid='oeDcV0W0lW2u-WnondVku8uZZo4k' LIMIT 1
2018-01-03 18:49:12:SELECT * FROM t_act_group WHERE 1 AND act_id=5
2018-01-03 18:49:12:SELECT * FROM t_act_user WHERE 1 AND act_id=5 AND group_id=1 order by use_time DESC
2018-01-03 18:49:12:SELECT * FROM t_user WHERE 1 AND openid='oeDcV0W0lW2u-WnondVku8uZZo4k' LIMIT 1
2018-01-03 18:49:32:SELECT * FROM t_act WHERE 1 AND id=5 LIMIT 1
2018-01-03 18:49:32:SELECT count(*) num FROM t_act_user WHERE 1 AND openid='oeDcV0W0lW2u-WnondVku8uZZo4k' LIMIT 1
2018-01-03 18:49:32:SELECT * FROM t_act_group WHERE 1 AND act_id=5
2018-01-03 18:49:32:SELECT * FROM t_act_user WHERE 1 AND act_id=5 AND group_id=1 order by use_time DESC
2018-01-03 18:49:32:SELECT * FROM t_user WHERE 1 AND openid='oeDcV0W0lW2u-WnondVku8uZZo4k' LIMIT 1
2018-01-03 18:51:37:SELECT * FROM t_act WHERE 1 AND id=5 LIMIT 1
2018-01-03 18:51:37:SELECT count(*) num FROM t_act_user WHERE 1 AND openid='oeDcV0W0lW2u-WnondVku8uZZo4k' LIMIT 1
2018-01-03 18:51:37:SELECT * FROM t_act_group WHERE 1 AND act_id=5
2018-01-03 18:51:37:SELECT * FROM t_act_user WHERE 1 AND act_id=5 AND group_id=1 order by use_time DESC
2018-01-03 18:51:37:SELECT * FROM t_user WHERE 1 AND openid='oeDcV0W0lW2u-WnondVku8uZZo4k' LIMIT 1
2018-01-03 18:52:37:SELECT * FROM t_user WHERE 1 AND openid = 'oeDcV0TIhZCvU1UFnqrdS_fKJxW0' LIMIT 1
2018-01-03 18:57:46:SELECT * FROM t_act WHERE 1 AND id=5 LIMIT 1
2018-01-03 18:57:46:SELECT count(*) num FROM t_act_user WHERE 1 AND openid='oeDcV0W0lW2u-WnondVku8uZZo4k' LIMIT 1
2018-01-03 18:57:46:SELECT * FROM t_act_group WHERE 1 AND act_id=5
2018-01-03 18:57:46:SELECT * FROM t_act_user WHERE 1 AND act_id=5 AND group_id=1 order by use_time DESC
2018-01-03 18:57:46:SELECT * FROM t_user WHERE 1 AND openid='oeDcV0W0lW2u-WnondVku8uZZo4k' LIMIT 1
2018-01-03 18:59:14:SELECT count(*) num FROM t_act_user WHERE 1 AND openid='oeDcV0W0lW2u-WnondVku8uZZo4k' LIMIT 1
2018-01-03 19:02:36:SELECT * FROM t_act WHERE 1 AND id=5 LIMIT 1
2018-01-03 19:02:36:SELECT count(*) num FROM t_act_user WHERE 1 AND openid='oeDcV0W0lW2u-WnondVku8uZZo4k' LIMIT 1
2018-01-03 19:02:36:SELECT * FROM t_act_group WHERE 1 AND act_id=5
2018-01-03 19:02:36:SELECT * FROM t_act_user WHERE 1 AND act_id=5 AND group_id=1 order by use_time DESC
2018-01-03 19:02:36:SELECT * FROM t_user WHERE 1 AND openid='oeDcV0W0lW2u-WnondVku8uZZo4k' LIMIT 1
2018-01-03 19:02:46:SELECT * FROM t_act WHERE 1 AND id=5 LIMIT 1
2018-01-03 19:02:46:SELECT count(*) num FROM t_act_user WHERE 1 AND openid='oeDcV0W0lW2u-WnondVku8uZZo4k' LIMIT 1
2018-01-03 19:02:46:SELECT * FROM t_act_group WHERE 1 AND act_id=5
2018-01-03 19:02:46:SELECT * FROM t_act_user WHERE 1 AND act_id=5 AND group_id=1 order by use_time DESC
2018-01-03 19:02:47:SELECT * FROM t_user WHERE 1 AND openid='oeDcV0W0lW2u-WnondVku8uZZo4k' LIMIT 1
