2018-01-03 09:50:32:UPDATE t_user SET logo='act/poster/wx3d00770652053edd.o6zAJs9bs--3Qn1Jkc_lFPynmD4A.5f518f06f4fa52d19ae8fd81c05683e7.png' WHERE 1 AND openid = 'oeDcV0W0lW2u-WnondVku8uZZo4k'
2018-01-03 10:09:35:UPDATE t_user SET logo='act/poster/wx3d00770652053edd.o6zAJs9bs--3Qn1Jkc_lFPynmD4A.5f518f06f4fa52d19ae8fd81c05683e7.png' WHERE 1 AND openid = 'oeDcV0W0lW2u-WnondVku8uZZo4k'
2018-01-03 10:09:51:UPDATE t_user SET logo='act/poster/wx3d00770652053edd.o6zAJs9bs--3Qn1Jkc_lFPynmD4A.5f518f06f4fa52d19ae8fd81c05683e7.png' WHERE 1 AND openid = 'oeDcV0W0lW2u-WnondVku8uZZo4k'
2018-01-03 10:18:28:UPDATE t_user SET logo='act/poster/wx3d00770652053edd.o6zAJs9bs--3Qn1Jkc_lFPynmD4A.9b4dd72eb2145e579a872a719c16a694.png' WHERE 1 AND openid = 'oeDcV0W0lW2u-WnondVku8uZZo4k'
2018-01-03 11:27:27:UPDATE t_user SET logo='act/poster/tmp_0ec8b6087c7a2acc839d0ff6bb6d14cda517b6a96373eb82.png' WHERE 1 AND openid = 'oeDcV0W0lW2u-WnondVku8uZZo4k'
2018-01-03 14:07:20:UPDATE t_user SET logo='act/wx3d00770652053edd.o6zAJs9bs--3Qn1Jkc_lFPynmD4A.74060a714d688842bf08571b38f57a44.png' WHERE 1 AND openid = 'oeDcV0W0lW2u-WnondVku8uZZo4k'
2018-01-03 14:11:05:UPDATE t_user SET logo='logo/wx3d00770652053edd.o6zAJs9bs--3Qn1Jkc_lFPynmD4A.74060a714d688842bf08571b38f57a44.png' WHERE 1 AND openid = 'oeDcV0W0lW2u-WnondVku8uZZo4k'
2018-01-03 14:23:16:UPDATE t_user SET logo='act/tmp_fe10b25f6389569436b2e376d1afa1c6.jpg' WHERE 1 AND openid = 'oeDcV0TIhZCvU1UFnqrdS_fKJxW0'
2018-01-03 14:23:18:UPDATE t_user SET logo='act/poster/tmp_7e5684541b28bf6c03a3d9dacf240c92.png' WHERE 1 AND openid = 'oeDcV0TIhZCvU1UFnqrdS_fKJxW0'
2018-01-03 14:24:22:UPDATE t_user SET logo='act/poster/tmp_7e5684541b28bf6c03a3d9dacf240c92.png' WHERE 1 AND openid = 'oeDcV0TIhZCvU1UFnqrdS_fKJxW0'
2018-01-03 14:24:31:UPDATE t_user SET logo='act/poster/tmp_7e5684541b28bf6c03a3d9dacf240c92.png' WHERE 1 AND openid = 'oeDcV0TIhZCvU1UFnqrdS_fKJxW0'
2018-01-03 14:24:38:UPDATE t_user SET logo='act/poster/tmp_7e5684541b28bf6c03a3d9dacf240c92.png' WHERE 1 AND openid = 'oeDcV0TIhZCvU1UFnqrdS_fKJxW0'
2018-01-03 14:24:38:UPDATE t_user SET logo='act/poster/tmp_7e5684541b28bf6c03a3d9dacf240c92.png' WHERE 1 AND openid = 'oeDcV0TIhZCvU1UFnqrdS_fKJxW0'
2018-01-03 14:24:38:UPDATE t_user SET logo='act/poster/tmp_7e5684541b28bf6c03a3d9dacf240c92.png' WHERE 1 AND openid = 'oeDcV0TIhZCvU1UFnqrdS_fKJxW0'
2018-01-03 14:24:38:UPDATE t_user SET logo='act/poster/tmp_7e5684541b28bf6c03a3d9dacf240c92.png' WHERE 1 AND openid = 'oeDcV0TIhZCvU1UFnqrdS_fKJxW0'
2018-01-03 14:24:38:UPDATE t_user SET logo='act/poster/tmp_7e5684541b28bf6c03a3d9dacf240c92.png' WHERE 1 AND openid = 'oeDcV0TIhZCvU1UFnqrdS_fKJxW0'
2018-01-03 14:24:38:UPDATE t_user SET logo='act/poster/tmp_7e5684541b28bf6c03a3d9dacf240c92.png' WHERE 1 AND openid = 'oeDcV0TIhZCvU1UFnqrdS_fKJxW0'
2018-01-03 14:24:38:UPDATE t_user SET logo='act/poster/tmp_7e5684541b28bf6c03a3d9dacf240c92.png' WHERE 1 AND openid = 'oeDcV0TIhZCvU1UFnqrdS_fKJxW0'
2018-01-03 14:24:39:UPDATE t_user SET logo='act/poster/tmp_7e5684541b28bf6c03a3d9dacf240c92.png' WHERE 1 AND openid = 'oeDcV0TIhZCvU1UFnqrdS_fKJxW0'
2018-01-03 14:25:04:UPDATE t_user SET logo='act/poster/tmp_2f5d6ee04dca9d2c3a68f906197fa342.png' WHERE 1 AND openid = 'oeDcV0TIhZCvU1UFnqrdS_fKJxW0'
2018-01-03 14:25:05:UPDATE t_user SET logo='act/poster/tmp_2f5d6ee04dca9d2c3a68f906197fa342.png' WHERE 1 AND openid = 'oeDcV0TIhZCvU1UFnqrdS_fKJxW0'
2018-01-03 14:26:08:UPDATE t_user SET logo='act/poster/tmp_d7677a517801787a0c79ff163d93bfe58e3682ce1d78ad1d.png' WHERE 1 AND openid = 'oeDcV0W0lW2u-WnondVku8uZZo4k'
2018-01-03 14:26:49:UPDATE t_user SET logo='act/poster/tmp_f9b2c315aee440c6278d26f966a9dcbf.png' WHERE 1 AND openid = 'oeDcV0TIhZCvU1UFnqrdS_fKJxW0'
2018-01-03 15:10:36:UPDATE t_act_group SET person_has='person_has+1' WHERE 1 
2018-01-03 15:32:51:UPDATE t_act_group SET person_has='person_has+1' WHERE 1 group_id=1
2018-01-03 15:53:17:UPDATE t_act_group SET person_has='person_has+1' WHERE 1 group_id=1
2018-01-03 16:00:31:UPDATE t_act_group SET person_has='person_has+1' WHERE 1 group_id=1
2018-01-03 16:02:50:UPDATE t_act_group SET person_has='person_has+1' WHERE 1 AND group_id=1
2018-01-03 16:03:37:UPDATE t_act_group SET person_has='person_has+1' WHERE 1 AND id=1
2018-01-03 16:03:49:UPDATE t_act_group SET person_has='person_has+1' WHERE 1 AND id=1
2018-01-03 16:05:40:UPDATE t_act_group SET person_has='person_has+1' WHERE 1 AND id=1
2018-01-03 18:22:36:UPDATE t_user SET logo='act/poster/tmp_5cdb6a8ad3494e4d843048a1c8456294.png' WHERE 1 AND openid = 'oeDcV0TIhZCvU1UFnqrdS_fKJxW0'
