2018-01-18 16:46:04:UPDATE t_user SET logo='act/tmp_bc095037fc577000330c3ab24a03e70309ab8c6575382af1.jpg' WHERE 1 AND openid = 'oeDcV0W0lW2u-WnondVku8uZZo4k'
2018-01-18 16:46:14:UPDATE t_user SET logo='act/poster/tmp_dd5201005c242780789b3a976a89d7274be9b2a25c92ef6b.png' WHERE 1 AND openid = 'oeDcV0W0lW2u-WnondVku8uZZo4k'
2018-01-18 16:46:14:UPDATE t_user SET logo='act/poster/tmp_dd5201005c242780789b3a976a89d7274be9b2a25c92ef6b.png' WHERE 1 AND openid = 'oeDcV0W0lW2u-WnondVku8uZZo4k'
2018-01-18 16:53:06:UPDATE t_user SET logo='act/wx3d00770652053edd.o6zAJs9bs--3Qn1Jkc_lFPynmD4A.63e45f76f36000fe96f5d75406f0fb15.png' WHERE 1 AND openid = 'oeDcV0W0lW2u-WnondVku8uZZo4k'
2018-01-18 16:56:17:UPDATE t_user SET logo='act/poster/wx3d00770652053edd.o6zAJs9bs--3Qn1Jkc_lFPynmD4A.7576f19beb30615a810f023acf332f78.png' WHERE 1 AND openid = 'oeDcV0W0lW2u-WnondVku8uZZo4k'
2018-01-18 16:56:17:UPDATE t_user SET logo='act/poster/wx3d00770652053edd.o6zAJs9bs--3Qn1Jkc_lFPynmD4A.7576f19beb30615a810f023acf332f78.png' WHERE 1 AND openid = 'oeDcV0W0lW2u-WnondVku8uZZo4k'
2018-01-18 17:51:30:UPDATE t_user SET logo='act/tmp_5a7e2ad9618e8b5a9aa02cd26e2551f0dc4725f5f166c290.jpg' WHERE 1 AND openid = 'oeDcV0W0lW2u-WnondVku8uZZo4k'
2018-01-18 17:51:58:UPDATE t_user SET logo='act/poster/tmp_2e243add15018990f74e97cd17d81d7252c76d031fd98780.png' WHERE 1 AND openid = 'oeDcV0W0lW2u-WnondVku8uZZo4k'
2018-01-18 17:51:58:UPDATE t_user SET logo='act/poster/tmp_2e243add15018990f74e97cd17d81d7252c76d031fd98780.png' WHERE 1 AND openid = 'oeDcV0W0lW2u-WnondVku8uZZo4k'
2018-01-18 17:59:29:UPDATE t_user SET logo='act/tmp_01a00b671fc503d1622022f67a38d6eaedfd66f0607c804e.jpg' WHERE 1 AND openid = 'oeDcV0W0lW2u-WnondVku8uZZo4k'
2018-01-18 18:00:06:UPDATE t_user SET logo='act/poster/tmp_c4fcf8075b18f274614f954bf5425765fad9dd904f6aad53.png' WHERE 1 AND openid = 'oeDcV0W0lW2u-WnondVku8uZZo4k'
2018-01-18 18:00:06:UPDATE t_user SET logo='act/poster/tmp_c4fcf8075b18f274614f954bf5425765fad9dd904f6aad53.png' WHERE 1 AND openid = 'oeDcV0W0lW2u-WnondVku8uZZo4k'
2018-01-18 18:01:56:UPDATE t_user SET logo='act/tmp_05ec7cfa1c25477e6afb2a10d4b67813b9615732b1a35591.jpg' WHERE 1 AND openid = 'oeDcV0W0lW2u-WnondVku8uZZo4k'
2018-01-18 18:02:07:UPDATE t_user SET logo='act/poster/tmp_eb65991b5174e120a90134b417f16afcbaabc214ba32f6ce.png' WHERE 1 AND openid = 'oeDcV0W0lW2u-WnondVku8uZZo4k'
2018-01-18 18:02:07:UPDATE t_user SET logo='act/poster/tmp_eb65991b5174e120a90134b417f16afcbaabc214ba32f6ce.png' WHERE 1 AND openid = 'oeDcV0W0lW2u-WnondVku8uZZo4k'
2018-01-18 21:25:36:UPDATE t_user SET logo='act/tmp_d2409fde96b8cac90c3ccbef40cc855ccbb800cf3f1dfa99.jpg' WHERE 1 AND openid = 'oeDcV0W0lW2u-WnondVku8uZZo4k'
2018-01-18 21:25:50:UPDATE t_user SET logo='act/poster/tmp_1a7f2d3c7e669ba1f15c1bb3bdcf8760bfbd85535ec4c418.png' WHERE 1 AND openid = 'oeDcV0W0lW2u-WnondVku8uZZo4k'
2018-01-18 21:25:50:UPDATE t_user SET logo='act/poster/tmp_1a7f2d3c7e669ba1f15c1bb3bdcf8760bfbd85535ec4c418.png' WHERE 1 AND openid = 'oeDcV0W0lW2u-WnondVku8uZZo4k'
2018-01-18 21:34:03:UPDATE t_user SET logo='act/poster/wx3d00770652053edd.o6zAJs9bs--3Qn1Jkc_lFPynmD4A.72f9fdf5291c7c23e1ff8f33e4a536bc.png' WHERE 1 AND openid = 'oeDcV0W0lW2u-WnondVku8uZZo4k'
2018-01-18 21:34:03:UPDATE t_user SET logo='act/poster/wx3d00770652053edd.o6zAJs9bs--3Qn1Jkc_lFPynmD4A.72f9fdf5291c7c23e1ff8f33e4a536bc.png' WHERE 1 AND openid = 'oeDcV0W0lW2u-WnondVku8uZZo4k'
2018-01-18 21:35:54:UPDATE t_user SET logo='act/poster/wx3d00770652053edd.o6zAJs9bs--3Qn1Jkc_lFPynmD4A.fad89a6dd823512d46d07e4b18ffd3c6.png' WHERE 1 AND openid = 'oeDcV0W0lW2u-WnondVku8uZZo4k'
2018-01-18 21:35:54:UPDATE t_user SET logo='act/poster/wx3d00770652053edd.o6zAJs9bs--3Qn1Jkc_lFPynmD4A.fad89a6dd823512d46d07e4b18ffd3c6.png' WHERE 1 AND openid = 'oeDcV0W0lW2u-WnondVku8uZZo4k'
2018-01-18 21:38:52:UPDATE t_user SET logo='act/poster/wx3d00770652053edd.o6zAJs9bs--3Qn1Jkc_lFPynmD4A.72f9fdf5291c7c23e1ff8f33e4a536bc.png' WHERE 1 AND openid = 'oeDcV0W0lW2u-WnondVku8uZZo4k'
2018-01-18 21:44:16:UPDATE t_user SET logo='act/poster/tmp_b744b2c5da290ceedeb4aa784273aaf4604a0690df21db24.png' WHERE 1 AND openid = 'oeDcV0W0lW2u-WnondVku8uZZo4k'
2018-01-18 22:09:50:UPDATE t_act_group SET add_time='1516284590',end_time='1516295390',person_has=person_has+'1' WHERE 1 AND id=526
