2018-01-12 10:59:46:UPDATE t_user SET logo='act/tmp_07b3f2d26c0a3817479503875e192ce44b9999c22b1fe74f.jpg' WHERE 1 AND openid = 'oeDcV0W0lW2u-WnondVku8uZZo4k'
2018-01-12 11:01:27:UPDATE t_user SET logo='act/poster/tmp_f36b0bffe91885a03a314fe3e3d42be65dd5dd67e5b7d3e2.png' WHERE 1 AND openid = 'oeDcV0W0lW2u-WnondVku8uZZo4k'
2018-01-12 12:19:39:UPDATE t_act_group SET add_time='1515730779',end_time='1515741579',person_has=person_has+'1' WHERE 1 AND id=352
2018-01-12 13:54:26:UPDATE t_user SET mobile='15580907641',avatarUrl='https://wx.qlogo.cn/mmopen/vi_32/DYAIOgq83epmsqu4O32XY7KjIib1KtVIc4W0syylE5rnbV0UA7Hb4cJaViauYv84L06aKDsufTptezghPociaNlRw/0',name='时溪',nick_name='shiela47',wx='shixixi',address='湖南省长沙市岳麓区谷苑路嘉运路交叉口南侧',gender='2',city='Changsha',logo='https://xcxs1.xizai.com/pintu/images/act/poster/tmp_f36b0bffe91885a03a314fe3e3d42be65dd5dd67e5b7d3e2.png',openid='oeDcV0W0lW2u-WnondVku8uZZo4k' WHERE 1 AND openid = 'oeDcV0W0lW2u-WnondVku8uZZo4k'
2018-01-12 14:07:52:UPDATE t_user SET logo='logo/wx3d00770652053edd.o6zAJs9bs--3Qn1Jkc_lFPynmD4A.9a72b459e1f50b598eda5662fa1488c4.png' WHERE 1 AND openid = 'oeDcV0W0lW2u-WnondVku8uZZo4k'
2018-01-12 14:08:01:UPDATE t_user SET mobile='15580907641',avatarUrl='https://wx.qlogo.cn/mmopen/vi_32/DYAIOgq83epmsqu4O32XY7KjIib1KtVIc4W0syylE5rnbV0UA7Hb4cJaViauYv84L06aKDsufTptezghPociaNlRw/0',name='时溪',nick_name='shiela47',wx='sx',address='湖南省长沙市岳麓区谷苑路嘉运路交叉口南侧',gender='2',city='Changsha',logo='http://tmp/wx3d00770652053edd.o6zAJs9bs--3Qn1Jkc_lFPynmD4A.9a72b459e1f50b598eda5662fa1488c4.png',openid='oeDcV0W0lW2u-WnondVku8uZZo4k' WHERE 1 AND openid = 'oeDcV0W0lW2u-WnondVku8uZZo4k'
2018-01-12 14:09:02:UPDATE t_user SET logo='logo/wx3d00770652053edd.o6zAJs9bs--3Qn1Jkc_lFPynmD4A.6a10599619a65c4963523e304277ae8e.png' WHERE 1 AND openid = 'oeDcV0W0lW2u-WnondVku8uZZo4k'
2018-01-12 14:10:56:UPDATE t_user SET logo='logo/wx3d00770652053edd.o6zAJs9bs--3Qn1Jkc_lFPynmD4A.0a20a07147151c7972fed786fe088a69.png' WHERE 1 AND openid = 'oeDcV0W0lW2u-WnondVku8uZZo4k'
2018-01-12 14:11:32:UPDATE t_user SET logo='logo/wx3d00770652053edd.o6zAJs9bs--3Qn1Jkc_lFPynmD4A.6a10599619a65c4963523e304277ae8e.png' WHERE 1 AND openid = 'oeDcV0W0lW2u-WnondVku8uZZo4k'
2018-01-12 14:13:20:UPDATE t_user SET logo='logo/wx3d00770652053edd.o6zAJs9bs--3Qn1Jkc_lFPynmD4A.839f01bc0f2c367566eaa707d843619f.png' WHERE 1 AND openid = 'oeDcV0W0lW2u-WnondVku8uZZo4k'
2018-01-12 14:13:56:UPDATE t_user SET lat='28.23529',lng='112.93134',mobile='15580907641',avatarUrl='https://wx.qlogo.cn/mmopen/vi_32/DYAIOgq83epmsqu4O32XY7KjIib1KtVIc4W0syylE5rnbV0UA7Hb4cJaViauYv84L06aKDsufTptezghPociaNlRw/0',name='时光',nick_name='shiela47',wx='shiela47',address='湖南省长沙市岳麓区金星北路1段517',gender='2',city='Changsha',logo='logo/wx3d00770652053edd.o6zAJs9bs--3Qn1Jkc_lFPynmD4A.839f01bc0f2c367566eaa707d843619f.png',openid='oeDcV0W0lW2u-WnondVku8uZZo4k' WHERE 1 AND openid = 'oeDcV0W0lW2u-WnondVku8uZZo4k'
2018-01-12 15:17:20:UPDATE t_user SET logo='act/tmp_907252ba82b3b592a59537d74cd4c26155f3141d73df00c0.jpg' WHERE 1 AND openid = 'oeDcV0W0lW2u-WnondVku8uZZo4k'
2018-01-12 15:17:29:UPDATE t_user SET logo='act/tmp_43656f432cd8be893d06f8c797cfe80842fa2b1eea0b319d.jpg' WHERE 1 AND openid = 'oeDcV0W0lW2u-WnondVku8uZZo4k'
2018-01-12 15:17:51:UPDATE t_user SET logo='act/poster/tmp_262b81539528ced04214a95db15c3762561d07bde9d10297.png' WHERE 1 AND openid = 'oeDcV0W0lW2u-WnondVku8uZZo4k'
2018-01-12 15:27:07:UPDATE t_user SET logo='act/tmp_53f9c969aa7f47da057da69be9295fa8.jpg' WHERE 1 AND openid = 'oeDcV0TIhZCvU1UFnqrdS_fKJxW0'
2018-01-12 15:27:17:UPDATE t_user SET logo='act/poster/tmp_028e5f8bae08e813bbad1aaf2c16b581.png' WHERE 1 AND openid = 'oeDcV0TIhZCvU1UFnqrdS_fKJxW0'
2018-01-12 15:27:49:UPDATE t_user SET logo='act/poster/tmp_028e5f8bae08e813bbad1aaf2c16b581.png' WHERE 1 AND openid = 'oeDcV0TIhZCvU1UFnqrdS_fKJxW0'
2018-01-12 15:30:29:UPDATE t_act_group SET add_time='1515742229',end_time='1515753029',person_has=person_has+'1' WHERE 1 AND id=362
2018-01-12 15:42:52:UPDATE t_act_group SET add_time='1515742972',end_time='1515753772',person_has=person_has+'1' WHERE 1 AND id=372
2018-01-12 17:13:47:UPDATE t_user SET logo='act/tmp_fb627bf29c8213465ee3763156119f7dd630db4a1a8c16ad.jpg' WHERE 1 AND openid = 'oeDcV0W0lW2u-WnondVku8uZZo4k'
2018-01-12 17:13:55:UPDATE t_user SET logo='act/poster/tmp_3f575f3a10f0da1bac5a2175e503c1dc15f4796528caa552.png' WHERE 1 AND openid = 'oeDcV0W0lW2u-WnondVku8uZZo4k'
2018-01-12 17:27:16:UPDATE t_user SET logo='act/tmp_d3b40e0208f84d7391a1c532846bbe09.jpg' WHERE 1 AND openid = 'oeDcV0TIhZCvU1UFnqrdS_fKJxW0'
2018-01-12 17:27:29:UPDATE t_user SET logo='act/tmp_1fdb387d57586f2cd4f0341ad346b34e.jpg' WHERE 1 AND openid = 'oeDcV0TIhZCvU1UFnqrdS_fKJxW0'
2018-01-12 17:27:48:UPDATE t_user SET logo='act/poster/tmp_91e2508f56b09ba9bf6ffe957994843f.png' WHERE 1 AND openid = 'oeDcV0TIhZCvU1UFnqrdS_fKJxW0'
2018-01-12 18:05:25:UPDATE t_user SET logo='act/tmp_1c30bbd871d110ff88be52b2260c21cd.jpg' WHERE 1 AND openid = 'oeDcV0TIhZCvU1UFnqrdS_fKJxW0'
2018-01-12 18:07:50:UPDATE t_user SET logo='act/tmp_b6b31d24ec9fd24f4319be5d0ba4fe8b.jpg' WHERE 1 AND openid = 'oeDcV0TIhZCvU1UFnqrdS_fKJxW0'
2018-01-12 18:09:01:UPDATE t_user SET logo='act/tmp_46188f80c9b84683f867d719f9dc4b79.jpg' WHERE 1 AND openid = 'oeDcV0TIhZCvU1UFnqrdS_fKJxW0'
2018-01-12 18:12:49:UPDATE t_user SET logo='act/tmp_1707094055ecee5f14e19dc5c86f5039.jpg' WHERE 1 AND openid = 'oeDcV0TIhZCvU1UFnqrdS_fKJxW0'
2018-01-12 18:12:54:UPDATE t_user SET logo='act/tmp_5ad598c85818eeb69875d2e03ad26276.jpg' WHERE 1 AND openid = 'oeDcV0TIhZCvU1UFnqrdS_fKJxW0'
2018-01-12 18:13:30:UPDATE t_user SET logo='act/tmp_5a78a7b07a68ea88815ea395fc70308f.jpg' WHERE 1 AND openid = 'oeDcV0TIhZCvU1UFnqrdS_fKJxW0'
2018-01-12 18:13:35:UPDATE t_user SET logo='act/tmp_ca94146d4ff95e93c322e068c7e313bc.jpg' WHERE 1 AND openid = 'oeDcV0TIhZCvU1UFnqrdS_fKJxW0'
2018-01-12 18:14:26:UPDATE t_user SET logo='act/tmp_f7533aec4a4b04a8de2c7568dede8084.jpg' WHERE 1 AND openid = 'oeDcV0TIhZCvU1UFnqrdS_fKJxW0'
2018-01-12 18:14:47:UPDATE t_user SET logo='act/poster/tmp_2007341c4ec9e5ce7fc54ce4e36fbc86.png' WHERE 1 AND openid = 'oeDcV0TIhZCvU1UFnqrdS_fKJxW0'
2018-01-12 18:15:43:UPDATE t_user SET logo='act/tmp_c077b1cbae191f843f76d105a25beb68.jpg' WHERE 1 AND openid = 'oeDcV0TIhZCvU1UFnqrdS_fKJxW0'
2018-01-12 18:15:46:UPDATE t_user SET logo='act/poster/tmp_14fef1a5b42b17a36de237f82429e95a.png' WHERE 1 AND openid = 'oeDcV0TIhZCvU1UFnqrdS_fKJxW0'
2018-01-12 21:20:39:UPDATE t_user SET logo='logo/wx3d00770652053edd.o6zAJs9bs--3Qn1Jkc_lFPynmD4A.9a72b459e1f50b598eda5662fa1488c4.png' WHERE 1 AND openid = 'oeDcV0W0lW2u-WnondVku8uZZo4k'
2018-01-12 21:20:59:UPDATE t_user SET mobile='15580907641',avatarUrl='https://wx.qlogo.cn/mmopen/vi_32/DYAIOgq83epmsqu4O32XY7KjIib1KtVIc4W0syylE5rnbV0UA7Hb4cJaViauYv84L06aKDsufTptezghPociaNlRw/0',name='测经纬度',nick_name='shiela47',wx='shiela47',address='湖南省长沙市岳麓区金星北路1段517',gender='2',city='Changsha',logo='logo/wx3d00770652053edd.o6zAJs9bs--3Qn1Jkc_lFPynmD4A.9a72b459e1f50b598eda5662fa1488c4.png',openid='oeDcV0W0lW2u-WnondVku8uZZo4k' WHERE 1 AND openid = 'oeDcV0W0lW2u-WnondVku8uZZo4k'
2018-01-12 21:29:10:UPDATE t_user SET lat='28.21294',lng='112.85637',mobile='15580907641',avatarUrl='https://wx.qlogo.cn/mmopen/vi_32/DYAIOgq83epmsqu4O32XY7KjIib1KtVIc4W0syylE5rnbV0UA7Hb4cJaViauYv84L06aKDsufTptezghPociaNlRw/0',name='测经纬度',nick_name='shiela47',wx='shiela47',address='湖南省长沙市岳麓区谷苑路嘉运路交叉口南侧',gender='2',city='Changsha',logo='logo/wx3d00770652053edd.o6zAJs9bs--3Qn1Jkc_lFPynmD4A.9a72b459e1f50b598eda5662fa1488c4.png',openid='oeDcV0W0lW2u-WnondVku8uZZo4k' WHERE 1 AND openid = 'oeDcV0W0lW2u-WnondVku8uZZo4k'
2018-01-12 21:37:51:UPDATE t_user SET logo='act/poster/wx3d00770652053edd.o6zAJs9bs--3Qn1Jkc_lFPynmD4A.4ea1c8effb8714e4a010e30697141dc8.png' WHERE 1 AND openid = 'oeDcV0W0lW2u-WnondVku8uZZo4k'
2018-01-12 23:38:05:UPDATE t_user SET logo='act/tmp_8b1e0ed1580d31e6934f1e2ae13bb9da334548d6518a0831.jpg' WHERE 1 AND openid = 'oeDcV0Zc4eR8nIigyAVbHx0c5oAc'
2018-01-12 23:38:12:UPDATE t_user SET logo='act/poster/tmp_084bcb0ec3c604218a59c33b70b2ee991e98009771739084.png' WHERE 1 AND openid = 'oeDcV0Zc4eR8nIigyAVbHx0c5oAc'
2018-01-12 23:59:48:UPDATE t_user SET lat='28.201869',lng='112.861249',mobile='15812345678',avatarUrl='https://wx.qlogo.cn/mmopen/vi_32/4GXO0Stia1PausEWexoTAzxxljoVzEjdBSvs4XnfQnMyEFRCE0ZHx15vtUkl6YdnBXNOXzvz2Qjod3rdLpYiclibA/0',name='Cdssas',nick_name='aaaaaaaaaa陈端生0123456789+-×÷',wx='Cds1',address='湖南省长沙市岳麓区湖南省长沙市岳麓区麓谷新世界(麓谷汽车世界南)',gender='1',city='Changsha',logo='act/poster/tmp_084bcb0ec3c604218a59c33b70b2ee991e98009771739084.png',openid='oeDcV0Zc4eR8nIigyAVbHx0c5oAc' WHERE 1 AND openid = 'oeDcV0Zc4eR8nIigyAVbHx0c5oAc'
