2017-12-31 10:47:45:UPDATE t_user SET logo='/data/wwwroot/Resource/wx3d00770652053edd.o6zAJs4veQKFpDYm5ezSRdk_RR4Q.674d27cbbacd6bda0aa482e32f5c2e7c.jpg' WHERE 1 AND openid = 'oeDcV0Zc4eR8nIigyAVbHx0c5oAc'
2017-12-31 10:48:55:UPDATE t_user SET logo='/data/wwwroot/Resource/wx3d00770652053edd.o6zAJs4veQKFpDYm5ezSRdk_RR4Q.674d27cbbacd6bda0aa482e32f5c2e7c.jpg' WHERE 1 AND openid = 'oeDcV0Zc4eR8nIigyAVbHx0c5oAc'
2017-12-31 10:56:39:UPDATE t_user SET logo='/data/wwwroot/Resource/images/XCX/logo/wx3d00770652053edd.o6zAJs4veQKFpDYm5ezSRdk_RR4Q.674d27cbbacd6bda0aa482e32f5c2e7c.jpg' WHERE 1 AND openid = 'oeDcV0Zc4eR8nIigyAVbHx0c5oAc'
2017-12-31 10:59:23:UPDATE t_user SET logo='images/XCX/logo/wx3d00770652053edd.o6zAJs4veQKFpDYm5ezSRdk_RR4Q.674d27cbbacd6bda0aa482e32f5c2e7c.jpg' WHERE 1 AND openid = 'oeDcV0Zc4eR8nIigyAVbHx0c5oAc'
2017-12-31 10:59:41:UPDATE t_user SET logo='images/XCX/logo/wx3d00770652053edd.o6zAJs9bs--3Qn1Jkc_lFPynmD4A.76335cb145d548304ee5224640033782.png' WHERE 1 AND openid = 'oeDcV0W0lW2u-WnondVku8uZZo4k'
2017-12-31 11:09:09:UPDATE t_user SET logo='images/XCX//wx3d00770652053edd.o6zAJs9bs--3Qn1Jkc_lFPynmD4A.281a5de885e1261344fee0dcecc34507.png' WHERE 1 AND openid = 'oeDcV0W0lW2u-WnondVku8uZZo4k'
2017-12-31 11:47:48:UPDATE t_user SET logo='xcx/images/logo/wx3d00770652053edd.o6zAJs4veQKFpDYm5ezSRdk_RR4Q.674d27cbbacd6bda0aa482e32f5c2e7c.jpg' WHERE 1 AND openid = 'oeDcV0Zc4eR8nIigyAVbHx0c5oAc'
2017-12-31 11:49:13:UPDATE t_user SET logo='xcx/images/logo/wx3d00770652053edd.o6zAJs4veQKFpDYm5ezSRdk_RR4Q.674d27cbbacd6bda0aa482e32f5c2e7c.jpg' WHERE 1 AND openid = 'oeDcV0Zc4eR8nIigyAVbHx0c5oAc'
2017-12-31 11:55:31:UPDATE t_user SET logo='logo/wx3d00770652053edd.o6zAJs4veQKFpDYm5ezSRdk_RR4Q.674d27cbbacd6bda0aa482e32f5c2e7c.jpg' WHERE 1 AND openid = 'oeDcV0Zc4eR8nIigyAVbHx0c5oAc'
2017-12-31 11:58:12:UPDATE t_user SET logo='logo/wx3d00770652053edd.o6zAJs4veQKFpDYm5ezSRdk_RR4Q.674d27cbbacd6bda0aa482e32f5c2e7c.jpg' WHERE 1 AND openid = 'oeDcV0Zc4eR8nIigyAVbHx0c5oAc'
2017-12-31 12:01:36:UPDATE t_user SET logo='logo/wx3d00770652053edd.o6zAJs4veQKFpDYm5ezSRdk_RR4Q.674d27cbbacd6bda0aa482e32f5c2e7c.jpg' WHERE 1 AND openid = 'oeDcV0Zc4eR8nIigyAVbHx0c5oAc'
2017-12-31 12:10:15:UPDATE t_user SET logo='logo/wx3d00770652053edd.o6zAJs4veQKFpDYm5ezSRdk_RR4Q.674d27cbbacd6bda0aa482e32f5c2e7c.jpg' WHERE 1 AND openid = 'oeDcV0Zc4eR8nIigyAVbHx0c5oAc'
2017-12-31 12:12:19:UPDATE t_user SET logo='logo/wx3d00770652053edd.o6zAJs4veQKFpDYm5ezSRdk_RR4Q.674d27cbbacd6bda0aa482e32f5c2e7c.jpg' WHERE 1 AND openid = 'oeDcV0Zc4eR8nIigyAVbHx0c5oAc'
2017-12-31 12:16:02:UPDATE t_user SET logo='logo/wx3d00770652053edd.o6zAJs4veQKFpDYm5ezSRdk_RR4Q.674d27cbbacd6bda0aa482e32f5c2e7c.jpg' WHERE 1 AND openid = 'oeDcV0Zc4eR8nIigyAVbHx0c5oAc'
2017-12-31 12:20:57:UPDATE t_user SET lat='',lng='',mobile='111',is_show_info='SHOW',name='111',wx='1111',address='',logo='http://tmp/wx3d00770652053edd.o6zAJs4veQKFpDYm5ezSRdk_RR4Q.674d27cbbacd6bda0aa482e32f5c2e7c.jpg',openid='oeDcV0Zc4eR8nIigyAVbHx0c5oAc' WHERE 1 AND openid = 'oeDcV0Zc4eR8nIigyAVbHx0c5oAc'
2017-12-31 12:22:38:UPDATE t_user SET lat='',lng='',mobile='1',is_show_info='SHOW',name='11',wx='11',address='',logo='../../image/camera.png',openid='oeDcV0Zc4eR8nIigyAVbHx0c5oAc' WHERE 1 AND openid = 'oeDcV0Zc4eR8nIigyAVbHx0c5oAc'
2017-12-31 13:44:07:UPDATE t_user SET logo='logo/wx3d00770652053edd.o6zAJs9bs--3Qn1Jkc_lFPynmD4A.76335cb145d548304ee5224640033782.png' WHERE 1 AND openid = 'oeDcV0W0lW2u-WnondVku8uZZo4k'
2017-12-31 13:56:10:UPDATE t_user SET logo='logo/wx3d00770652053edd.o6zAJs9bs--3Qn1Jkc_lFPynmD4A.0a20a07147151c7972fed786fe088a69.png' WHERE 1 AND openid = 'oeDcV0W0lW2u-WnondVku8uZZo4k'
2017-12-31 13:56:42:UPDATE t_user SET logo='logo/wx3d00770652053edd.o6zAJs9bs--3Qn1Jkc_lFPynmD4A.76335cb145d548304ee5224640033782.png' WHERE 1 AND openid = 'oeDcV0W0lW2u-WnondVku8uZZo4k'
2017-12-31 13:59:05:UPDATE t_user SET logo='logo/wx3d00770652053edd.o6zAJs9bs--3Qn1Jkc_lFPynmD4A.9a72b459e1f50b598eda5662fa1488c4.png' WHERE 1 AND openid = '[object Undefined]'
2017-12-31 14:03:18:UPDATE t_user SET logo='logo/wx3d00770652053edd.o6zAJs9bs--3Qn1Jkc_lFPynmD4A.e9b56b0010c54da87ac3e7d08a5e38c0.png' WHERE 1 AND openid = 'oeDcV0W0lW2u-WnondVku8uZZo4k'
2017-12-31 14:04:28:UPDATE t_user SET logo='logo/wx3d00770652053edd.o6zAJs9bs--3Qn1Jkc_lFPynmD4A.0a20a07147151c7972fed786fe088a69.png' WHERE 1 AND openid = 'oeDcV0W0lW2u-WnondVku8uZZo4k'
2017-12-31 14:04:47:UPDATE t_user SET logo='logo/wx3d00770652053edd.o6zAJs9bs--3Qn1Jkc_lFPynmD4A.0a20a07147151c7972fed786fe088a69.png' WHERE 1 AND openid = 'oeDcV0W0lW2u-WnondVku8uZZo4k'
2017-12-31 14:07:02:UPDATE t_user SET logo='logo/wx3d00770652053edd.o6zAJs9bs--3Qn1Jkc_lFPynmD4A.e9b56b0010c54da87ac3e7d08a5e38c0.png' WHERE 1 AND openid = 'oeDcV0W0lW2u-WnondVku8uZZo4k'
2017-12-31 14:12:28:UPDATE t_user SET logo='logo/wx3d00770652053edd.o6zAJs9bs--3Qn1Jkc_lFPynmD4A.8d600000eab366851c13465ecce364c0.png' WHERE 1 AND openid = 'oeDcV0W0lW2u-WnondVku8uZZo4k'
2017-12-31 14:12:36:UPDATE t_user SET lat='28.23158',lng='112.88148',mobile='15580907641',avatarUrl='https://wx.qlogo.cn/mmopen/vi_32/DYAIOgq83epmsqu4O32XY7KjIib1KtVIc4W0syylE5rnbV0UA7Hb4cJaViauYv84L06aKDsufTptezghPociaNlRw/0',is_show_info='SHOW',name='时光小溪',nick_name='shiela47',wx='shiela',address='湖南省长沙市岳麓区麓谷街道青山路长沙中电软件园旁',declaration='',gender='2',city='Changsha',logo='http://tmp/wx3d00770652053edd.o6zAJs9bs--3Qn1Jkc_lFPynmD4A.8d600000eab366851c13465ecce364c0.png',openid='oeDcV0W0lW2u-WnondVku8uZZo4k' WHERE 1 AND openid = 'oeDcV0W0lW2u-WnondVku8uZZo4k'
2017-12-31 14:16:41:UPDATE t_user SET logo='logo/wx3d00770652053edd.o6zAJs9bs--3Qn1Jkc_lFPynmD4A.9a72b459e1f50b598eda5662fa1488c4.png' WHERE 1 AND openid = 'oeDcV0W0lW2u-WnondVku8uZZo4k'
2017-12-31 14:16:45:UPDATE t_user SET lat='28.2275',lng='112.8803',mobile='15580907641',avatarUrl='https://wx.qlogo.cn/mmopen/vi_32/DYAIOgq83epmsqu4O32XY7KjIib1KtVIc4W0syylE5rnbV0UA7Hb4cJaViauYv84L06aKDsufTptezghPociaNlRw/0',is_show_info='SHOW',name='时光',nick_name='shiela47',wx='shixi',address='湖南省长沙市岳麓区岳麓西大道',gender='2',city='Changsha',logo='http://tmp/wx3d00770652053edd.o6zAJs9bs--3Qn1Jkc_lFPynmD4A.9a72b459e1f50b598eda5662fa1488c4.png',openid='oeDcV0W0lW2u-WnondVku8uZZo4k' WHERE 1 AND openid = 'oeDcV0W0lW2u-WnondVku8uZZo4k'
2017-12-31 15:25:10:UPDATE t_user SET logo='logo/wx3d00770652053edd.o6zAJs4veQKFpDYm5ezSRdk_RR4Q.674d27cbbacd6bda0aa482e32f5c2e7c.jpg' WHERE 1 AND openid = 'oeDcV0Zc4eR8nIigyAVbHx0c5oAc'
2017-12-31 16:28:23:UPDATE t_user SET logo='act/poster/wx3d00770652053edd.o6zAJs4veQKFpDYm5ezSRdk_RR4Q.d0be2f52bcb30641a92f55b4326d0aa2.png' WHERE 1 AND openid = 'oeDcV0Zc4eR8nIigyAVbHx0c5oAc'
2017-12-31 16:29:11:UPDATE t_user SET logo='act/poster/wx3d00770652053edd.o6zAJs4veQKFpDYm5ezSRdk_RR4Q.d0be2f52bcb30641a92f55b4326d0aa2.png' WHERE 1 AND openid = 'oeDcV0Zc4eR8nIigyAVbHx0c5oAc'
2017-12-31 16:34:19:UPDATE t_user SET logo='act/poster/wx3d00770652053edd.o6zAJs9bs--3Qn1Jkc_lFPynmD4A.5f518f06f4fa52d19ae8fd81c05683e7.png' WHERE 1 AND openid = 'oeDcV0W0lW2u-WnondVku8uZZo4k'
2017-12-31 16:38:01:UPDATE t_user SET logo='act/poster/wx3d00770652053edd.o6zAJs9bs--3Qn1Jkc_lFPynmD4A.5f518f06f4fa52d19ae8fd81c05683e7.png' WHERE 1 AND openid = 'oeDcV0W0lW2u-WnondVku8uZZo4k'
2017-12-31 16:38:37:UPDATE t_user SET logo='act/poster/wx3d00770652053edd.o6zAJs9bs--3Qn1Jkc_lFPynmD4A.5f518f06f4fa52d19ae8fd81c05683e7.png' WHERE 1 AND openid = 'oeDcV0W0lW2u-WnondVku8uZZo4k'
2017-12-31 16:52:18:UPDATE t_user SET logo='act/poster/wx3d00770652053edd.o6zAJs9bs--3Qn1Jkc_lFPynmD4A.5f518f06f4fa52d19ae8fd81c05683e7.png' WHERE 1 AND openid = 'oeDcV0W0lW2u-WnondVku8uZZo4k'
2017-12-31 16:55:39:UPDATE t_user SET logo='act/poster/wx3d00770652053edd.o6zAJs9bs--3Qn1Jkc_lFPynmD4A.5f518f06f4fa52d19ae8fd81c05683e7.png' WHERE 1 AND openid = 'oeDcV0W0lW2u-WnondVku8uZZo4k'
2017-12-31 17:02:04:UPDATE t_user SET logo='act/poster/wx3d00770652053edd.o6zAJs9bs--3Qn1Jkc_lFPynmD4A.5f518f06f4fa52d19ae8fd81c05683e7.png' WHERE 1 AND openid = 'oeDcV0W0lW2u-WnondVku8uZZo4k'
2017-12-31 17:49:13:UPDATE t_user SET logo='act/poster/wx3d00770652053edd.o6zAJs9bs--3Qn1Jkc_lFPynmD4A.5f518f06f4fa52d19ae8fd81c05683e7.png' WHERE 1 AND openid = 'oeDcV0W0lW2u-WnondVku8uZZo4k'
2017-12-31 17:51:25:UPDATE t_user SET logo='act/poster/wx3d00770652053edd.o6zAJs9bs--3Qn1Jkc_lFPynmD4A.5f518f06f4fa52d19ae8fd81c05683e7.png' WHERE 1 AND openid = 'oeDcV0W0lW2u-WnondVku8uZZo4k'
2017-12-31 17:53:30:UPDATE t_user SET logo='act/poster/wx3d00770652053edd.o6zAJs9bs--3Qn1Jkc_lFPynmD4A.5f518f06f4fa52d19ae8fd81c05683e7.png' WHERE 1 AND openid = 'oeDcV0W0lW2u-WnondVku8uZZo4k'
2017-12-31 18:04:04:UPDATE t_user SET logo='act/poster/wx3d00770652053edd.o6zAJs9bs--3Qn1Jkc_lFPynmD4A.9b4dd72eb2145e579a872a719c16a694.png' WHERE 1 AND openid = 'oeDcV0W0lW2u-WnondVku8uZZo4k'
