2018-01-08 09:38:09:UPDATE t_user SET logo='act/wx3d00770652053edd.o6zAJs9bs--3Qn1Jkc_lFPynmD4A.839f01bc0f2c367566eaa707d843619f.png' WHERE 1 AND openid = 'oeDcV0W0lW2u-WnondVku8uZZo4k'
2018-01-08 09:38:15:UPDATE t_user SET logo='act/wx3d00770652053edd.o6zAJs9bs--3Qn1Jkc_lFPynmD4A.6a10599619a65c4963523e304277ae8e.png' WHERE 1 AND openid = 'oeDcV0W0lW2u-WnondVku8uZZo4k'
2018-01-08 09:38:31:UPDATE t_user SET logo='act/poster/wx3d00770652053edd.o6zAJs9bs--3Qn1Jkc_lFPynmD4A.baca2d98ff39c11b72c1a442f990db4f.png' WHERE 1 AND openid = 'oeDcV0W0lW2u-WnondVku8uZZo4k'
2018-01-08 10:19:03:UPDATE t_user SET logo='act/poster/tmp_6febd04f556485557df4782c6e6e03ab.png' WHERE 1 AND openid = 'oeDcV0TIhZCvU1UFnqrdS_fKJxW0'
2018-01-08 10:19:19:UPDATE t_user SET logo='act/poster/tmp_c0c1039338b953cedbf4a38f63807dcd.png' WHERE 1 AND openid = 'oeDcV0TIhZCvU1UFnqrdS_fKJxW0'
2018-01-08 10:34:00:UPDATE t_user SET logo='act/tmp_985a9e5a8955b3bd529d01c985f8fa55305f0266e2943653.jpg' WHERE 1 AND openid = 'oeDcV0W0lW2u-WnondVku8uZZo4k'
2018-01-08 10:34:06:UPDATE t_user SET logo='act/tmp_5978c7fa7f92d53263dd6611d24164bf9baaa4ba32a62d73.jpg' WHERE 1 AND openid = 'oeDcV0W0lW2u-WnondVku8uZZo4k'
2018-01-08 10:34:12:UPDATE t_user SET logo='act/tmp_495202dc77721ef78a241490d0afcc3adfe2b92e03d33e6e.jpg' WHERE 1 AND openid = 'oeDcV0W0lW2u-WnondVku8uZZo4k'
2018-01-08 10:34:16:UPDATE t_user SET logo='act/tmp_c73ff95ef47af09c6161c684bfa92ac2642371277abcb080.jpg' WHERE 1 AND openid = 'oeDcV0W0lW2u-WnondVku8uZZo4k'
2018-01-08 10:34:39:UPDATE t_user SET logo='act/poster/tmp_0f9aa802cd902fe23ba33d53285272a6999597539d65afec.png' WHERE 1 AND openid = 'oeDcV0W0lW2u-WnondVku8uZZo4k'
2018-01-08 14:43:00:UPDATE t_user SET logo='logo/wx3d00770652053edd.o6zAJs9bs--3Qn1Jkc_lFPynmD4A.1c95ad828d3d1ef9134336e8de95b0b3.jpg' WHERE 1 AND openid = 'oeDcV0W0lW2u-WnondVku8uZZo4k'
2018-01-08 14:45:25:UPDATE t_user SET logo='act/wx3d00770652053edd.o6zAJs9bs--3Qn1Jkc_lFPynmD4A.839f01bc0f2c367566eaa707d843619f.png' WHERE 1 AND openid = 'oeDcV0W0lW2u-WnondVku8uZZo4k'
2018-01-08 14:45:28:UPDATE t_user SET logo='act/wx3d00770652053edd.o6zAJs9bs--3Qn1Jkc_lFPynmD4A.6a10599619a65c4963523e304277ae8e.png' WHERE 1 AND openid = 'oeDcV0W0lW2u-WnondVku8uZZo4k'
2018-01-08 14:45:43:UPDATE t_user SET logo='act/poster/wx3d00770652053edd.o6zAJs9bs--3Qn1Jkc_lFPynmD4A.6b6b3a547b40b12405e7803a18aa3c63.png' WHERE 1 AND openid = 'oeDcV0W0lW2u-WnondVku8uZZo4k'
2018-01-08 14:53:47:UPDATE t_user SET logo='logo/wx3d00770652053edd.o6zAJs9bs--3Qn1Jkc_lFPynmD4A.0a20a07147151c7972fed786fe088a69.png' WHERE 1 AND openid = 'oeDcV0W0lW2u-WnondVku8uZZo4k'
2018-01-08 14:54:45:UPDATE t_user SET logo='act/wx3d00770652053edd.o6zAJs9bs--3Qn1Jkc_lFPynmD4A.839f01bc0f2c367566eaa707d843619f.png' WHERE 1 AND openid = 'oeDcV0W0lW2u-WnondVku8uZZo4k'
2018-01-08 14:54:49:UPDATE t_user SET logo='act/wx3d00770652053edd.o6zAJs9bs--3Qn1Jkc_lFPynmD4A.6a10599619a65c4963523e304277ae8e.png' WHERE 1 AND openid = 'oeDcV0W0lW2u-WnondVku8uZZo4k'
2018-01-08 14:55:04:UPDATE t_user SET logo='act/poster/wx3d00770652053edd.o6zAJs9bs--3Qn1Jkc_lFPynmD4A.e756eb43cc22c1f2e0c4c63623777dd5.png' WHERE 1 AND openid = 'oeDcV0W0lW2u-WnondVku8uZZo4k'
2018-01-08 14:56:38:UPDATE t_act_group SET person_has=person_has+'1' WHERE 1 AND id=1
2018-01-08 15:04:02:UPDATE t_user SET logo='act/wx3d00770652053edd.o6zAJs9bs--3Qn1Jkc_lFPynmD4A.74060a714d688842bf08571b38f57a44.png' WHERE 1 AND openid = 'oeDcV0W0lW2u-WnondVku8uZZo4k'
2018-01-08 15:04:04:UPDATE t_user SET logo='act/wx3d00770652053edd.o6zAJs9bs--3Qn1Jkc_lFPynmD4A.1c95ad828d3d1ef9134336e8de95b0b3.jpg' WHERE 1 AND openid = 'oeDcV0W0lW2u-WnondVku8uZZo4k'
2018-01-08 15:04:22:UPDATE t_user SET logo='act/poster/wx3d00770652053edd.o6zAJs9bs--3Qn1Jkc_lFPynmD4A.6acf903c1611f94f43deb6758ba9176f.png' WHERE 1 AND openid = 'oeDcV0W0lW2u-WnondVku8uZZo4k'
2018-01-08 15:05:28:UPDATE t_act_group SET person_has=person_has+'1' WHERE 1 AND id=11
2018-01-08 17:20:17:UPDATE t_user SET logo='act/tmp_fca13047d754ec599543a0bfb95c709f.jpg' WHERE 1 AND openid = 'oeDcV0TIhZCvU1UFnqrdS_fKJxW0'
2018-01-08 17:20:40:UPDATE t_user SET logo='act/poster/tmp_10b40355990a060e5eedd5a936072ada.png' WHERE 1 AND openid = 'oeDcV0TIhZCvU1UFnqrdS_fKJxW0'
2018-01-08 17:22:43:UPDATE t_user SET logo='act/poster/tmp_f5c2ae88332a9dd6bd791be0eff1e0fe.png' WHERE 1 AND openid = 'oeDcV0TIhZCvU1UFnqrdS_fKJxW0'
2018-01-08 17:24:04:UPDATE t_act_group SET person_has=person_has+'1' WHERE 1 AND id=31
2018-01-08 17:33:07:UPDATE t_user SET logo='act/tmp_d304a2c8e3eeb0fccf86bdd99214b1ee.jpg' WHERE 1 AND openid = 'oeDcV0TIhZCvU1UFnqrdS_fKJxW0'
2018-01-08 17:33:17:UPDATE t_user SET logo='act/tmp_1b14078f73a5725878a7f5c336f0c28a.jpg' WHERE 1 AND openid = 'oeDcV0TIhZCvU1UFnqrdS_fKJxW0'
2018-01-08 17:33:23:UPDATE t_user SET logo='act/tmp_f75adebf2519f9a469136f496415275e.jpg' WHERE 1 AND openid = 'oeDcV0TIhZCvU1UFnqrdS_fKJxW0'
2018-01-08 17:33:37:UPDATE t_user SET logo='act/poster/tmp_c226bf1003d5fa0d0686774f12cb5ed8.png' WHERE 1 AND openid = 'oeDcV0TIhZCvU1UFnqrdS_fKJxW0'
2018-01-08 17:59:10:UPDATE t_user SET logo='act/tmp_ebc9894db261815f49516668d26d46e8.jpg' WHERE 1 AND openid = 'oeDcV0TIhZCvU1UFnqrdS_fKJxW0'
2018-01-08 17:59:24:UPDATE t_user SET logo='act/poster/tmp_ca567aad8b593fdeb8f68a515f356183.png' WHERE 1 AND openid = 'oeDcV0TIhZCvU1UFnqrdS_fKJxW0'
2018-01-08 18:00:10:UPDATE t_act_group SET person_has=person_has+'1' WHERE 1 AND id=51
2018-01-08 19:43:06:UPDATE t_user SET logo='act/poster/tmp_e847b0e6c7bab2a4c2fc0266eedff520.png' WHERE 1 AND openid = 'oeDcV0TIhZCvU1UFnqrdS_fKJxW0'
2018-01-08 19:43:07:UPDATE t_user SET logo='act/poster/tmp_e847b0e6c7bab2a4c2fc0266eedff520.png' WHERE 1 AND openid = 'oeDcV0TIhZCvU1UFnqrdS_fKJxW0'
2018-01-08 19:43:08:UPDATE t_user SET logo='act/poster/tmp_e847b0e6c7bab2a4c2fc0266eedff520.png' WHERE 1 AND openid = 'oeDcV0TIhZCvU1UFnqrdS_fKJxW0'
2018-01-08 19:47:15:UPDATE t_user SET logo='act/poster/wx3d00770652053edd.o6zAJs9bs--3Qn1Jkc_lFPynmD4A.37c897afb7a2b3d0a2f0ee812c83b070.png' WHERE 1 AND openid = 'oeDcV0W0lW2u-WnondVku8uZZo4k'
2018-01-08 19:48:01:UPDATE t_user SET logo='act/poster/tmp_590d4ae1ad75a00d15bfda98dc0f8243.png' WHERE 1 AND openid = 'oeDcV0TIhZCvU1UFnqrdS_fKJxW0'
2018-01-08 19:48:47:UPDATE t_user SET logo='act/poster/tmp_590d4ae1ad75a00d15bfda98dc0f8243.png' WHERE 1 AND openid = 'oeDcV0TIhZCvU1UFnqrdS_fKJxW0'
2018-01-08 20:17:49:UPDATE t_user SET logo='act/poster/tmp_398efc7296836bfe0c425ed11140d4c1.png' WHERE 1 AND openid = 'oeDcV0TIhZCvU1UFnqrdS_fKJxW0'
2018-01-08 20:32:41:UPDATE t_user SET logo='act/poster/tmp_b3281ac6cbbb00bbd9d0a51a18372fdf.png' WHERE 1 AND openid = 'oeDcV0TIhZCvU1UFnqrdS_fKJxW0'
2018-01-08 20:33:51:UPDATE t_user SET logo='act/poster/tmp_b3281ac6cbbb00bbd9d0a51a18372fdf.png' WHERE 1 AND openid = 'oeDcV0TIhZCvU1UFnqrdS_fKJxW0'
2018-01-08 20:33:51:UPDATE t_user SET logo='act/poster/tmp_b3281ac6cbbb00bbd9d0a51a18372fdf.png' WHERE 1 AND openid = 'oeDcV0TIhZCvU1UFnqrdS_fKJxW0'
2018-01-08 20:33:51:UPDATE t_user SET logo='act/poster/tmp_b3281ac6cbbb00bbd9d0a51a18372fdf.png' WHERE 1 AND openid = 'oeDcV0TIhZCvU1UFnqrdS_fKJxW0'
2018-01-08 20:33:51:UPDATE t_user SET logo='act/poster/tmp_b3281ac6cbbb00bbd9d0a51a18372fdf.png' WHERE 1 AND openid = 'oeDcV0TIhZCvU1UFnqrdS_fKJxW0'
2018-01-08 20:33:51:UPDATE t_user SET logo='act/poster/tmp_b3281ac6cbbb00bbd9d0a51a18372fdf.png' WHERE 1 AND openid = 'oeDcV0TIhZCvU1UFnqrdS_fKJxW0'
2018-01-08 20:33:51:UPDATE t_user SET logo='act/poster/tmp_b3281ac6cbbb00bbd9d0a51a18372fdf.png' WHERE 1 AND openid = 'oeDcV0TIhZCvU1UFnqrdS_fKJxW0'
2018-01-08 20:33:51:UPDATE t_user SET logo='act/poster/tmp_b3281ac6cbbb00bbd9d0a51a18372fdf.png' WHERE 1 AND openid = 'oeDcV0TIhZCvU1UFnqrdS_fKJxW0'
2018-01-08 20:33:51:UPDATE t_user SET logo='act/poster/tmp_b3281ac6cbbb00bbd9d0a51a18372fdf.png' WHERE 1 AND openid = 'oeDcV0TIhZCvU1UFnqrdS_fKJxW0'
2018-01-08 20:33:51:UPDATE t_user SET logo='act/poster/tmp_b3281ac6cbbb00bbd9d0a51a18372fdf.png' WHERE 1 AND openid = 'oeDcV0TIhZCvU1UFnqrdS_fKJxW0'
2018-01-08 20:57:51:UPDATE t_user SET logo='act/poster/tmp_f94fb294d271633f9a73de449d498cfc.png' WHERE 1 AND openid = 'oeDcV0TIhZCvU1UFnqrdS_fKJxW0'
2018-01-08 20:58:58:UPDATE t_user SET logo='act/tmp_89c55a2c2bc0dd5edbf9bb9ba44fb786.jpg' WHERE 1 AND openid = 'oeDcV0TIhZCvU1UFnqrdS_fKJxW0'
2018-01-08 20:59:02:UPDATE t_user SET logo='act/tmp_ca3661ea7ff5d046599e4a451c35497f.jpg' WHERE 1 AND openid = 'oeDcV0TIhZCvU1UFnqrdS_fKJxW0'
2018-01-08 20:59:09:UPDATE t_user SET logo='act/tmp_fdec64a08a1cacc33f41c5ef65c6bb81.jpg' WHERE 1 AND openid = 'oeDcV0TIhZCvU1UFnqrdS_fKJxW0'
2018-01-08 20:59:29:UPDATE t_user SET logo='act/tmp_73ba1b5691d706517f45b17eb36d67fa.jpg' WHERE 1 AND openid = 'oeDcV0TIhZCvU1UFnqrdS_fKJxW0'
2018-01-08 20:59:32:UPDATE t_user SET logo='act/poster/tmp_d1037e5bf8d8b42dd983be3e36cab097.png' WHERE 1 AND openid = 'oeDcV0TIhZCvU1UFnqrdS_fKJxW0'
2018-01-08 21:29:48:UPDATE t_user SET logo='act/poster/tmp_4a69aa849126bd4e8d823188433d8cd0.png' WHERE 1 AND openid = 'oeDcV0TIhZCvU1UFnqrdS_fKJxW0'
