2018-01-06 09:43:49:UPDATE t_user SET lat='',lng='',mobile='',avatarUrl='https://wx.qlogo.cn/mmopen/vi_32/DYAIOgq83epmsqu4O32XY7KjIib1KtVIc4W0syylE5rnbV0UA7Hb4cJaViauYv84L06aKDsufTptezghPociaNlRw/0',is_show_info='SHOW',name='',nick_name='shiela47',wx='',address='',gender='2',city='Changsha',logo='../../image/camera.png',openid='oeDcV0W0lW2u-WnondVku8uZZo4k' WHERE 1 AND openid = 'oeDcV0W0lW2u-WnondVku8uZZo4k'
2018-01-06 09:48:53:UPDATE t_user SET lat='28.23158',lng='112.88148',mobile='1558090764',avatarUrl='https://wx.qlogo.cn/mmopen/vi_32/DYAIOgq83epmsqu4O32XY7KjIib1KtVIc4W0syylE5rnbV0UA7Hb4cJaViauYv84L06aKDsufTptezghPociaNlRw/0',is_show_info='SHOW',name='时溪溪',nick_name='shiela47',wx='shixi47',address='湖南省长沙市岳麓区麓谷街道青山路长沙中电软件园旁',gender='2',city='Changsha',logo='../../image/camera.png',openid='oeDcV0W0lW2u-WnondVku8uZZo4k' WHERE 1 AND openid = 'oeDcV0W0lW2u-WnondVku8uZZo4k'
2018-01-06 09:50:09:UPDATE t_user SET lat='',lng='',mobile='15580907641',avatarUrl='https://wx.qlogo.cn/mmopen/vi_32/DYAIOgq83epmsqu4O32XY7KjIib1KtVIc4W0syylE5rnbV0UA7Hb4cJaViauYv84L06aKDsufTptezghPociaNlRw/0',is_show_info='SHOW',name='时溪溪',nick_name='shiela47',wx='',address='',gender='2',city='Changsha',logo='../../image/camera.png',openid='oeDcV0W0lW2u-WnondVku8uZZo4k' WHERE 1 AND openid = 'oeDcV0W0lW2u-WnondVku8uZZo4k'
2018-01-06 09:54:15:UPDATE t_user SET logo='logo/wx3d00770652053edd.o6zAJs9bs--3Qn1Jkc_lFPynmD4A.176b14333792d724f50badd3293074d7.png' WHERE 1 AND openid = 'oeDcV0W0lW2u-WnondVku8uZZo4k'
2018-01-06 09:54:28:UPDATE t_user SET lat='28.23158',lng='112.88148',mobile='15580907641',avatarUrl='https://wx.qlogo.cn/mmopen/vi_32/DYAIOgq83epmsqu4O32XY7KjIib1KtVIc4W0syylE5rnbV0UA7Hb4cJaViauYv84L06aKDsufTptezghPociaNlRw/0',is_show_info='SHOW',name='时溪溪',nick_name='shiela47',wx='shixi',address='湖南省长沙市岳麓区麓谷街道青山路长沙中电软件园旁',gender='2',city='Changsha',logo='http://tmp/wx3d00770652053edd.o6zAJs9bs--3Qn1Jkc_lFPynmD4A.176b14333792d724f50badd3293074d7.png',openid='oeDcV0W0lW2u-WnondVku8uZZo4k' WHERE 1 AND openid = 'oeDcV0W0lW2u-WnondVku8uZZo4k'
2018-01-06 10:01:31:UPDATE t_user SET logo='logo/tmp_beff8842701b7a668f11f54a385acea5175da7fcbab49ed9.jpg' WHERE 1 AND openid = 'oeDcV0W0lW2u-WnondVku8uZZo4k'
2018-01-06 10:01:34:UPDATE t_user SET logo='act/poster/tmp_8ad9f2b3e80d332b385847be7abee2ca.png' WHERE 1 AND openid = 'oeDcV0TIhZCvU1UFnqrdS_fKJxW0'
2018-01-06 14:31:24:UPDATE t_user SET logo='act/wx3d00770652053edd.o6zAJs9bs--3Qn1Jkc_lFPynmD4A.9a72b459e1f50b598eda5662fa1488c4.png' WHERE 1 AND openid = 'oeDcV0W0lW2u-WnondVku8uZZo4k'
2018-01-06 14:34:04:UPDATE t_user SET logo='act/wx3d00770652053edd.o6zAJs9bs--3Qn1Jkc_lFPynmD4A.1c95ad828d3d1ef9134336e8de95b0b3.jpg' WHERE 1 AND openid = 'oeDcV0W0lW2u-WnondVku8uZZo4k'
2018-01-06 14:38:32:UPDATE t_user SET logo='act/wx3d00770652053edd.o6zAJs9bs--3Qn1Jkc_lFPynmD4A.1c95ad828d3d1ef9134336e8de95b0b3.jpg' WHERE 1 AND openid = 'oeDcV0W0lW2u-WnondVku8uZZo4k'
2018-01-06 14:39:25:UPDATE t_user SET logo='act/wx3d00770652053edd.o6zAJs9bs--3Qn1Jkc_lFPynmD4A.1c95ad828d3d1ef9134336e8de95b0b3.jpg' WHERE 1 AND openid = 'oeDcV0W0lW2u-WnondVku8uZZo4k'
2018-01-06 14:39:51:UPDATE t_user SET logo='act/wx3d00770652053edd.o6zAJs9bs--3Qn1Jkc_lFPynmD4A.176b14333792d724f50badd3293074d7.png' WHERE 1 AND openid = 'oeDcV0W0lW2u-WnondVku8uZZo4k'
2018-01-06 14:56:47:UPDATE t_user SET logo='act/wx3d00770652053edd.o6zAJs9bs--3Qn1Jkc_lFPynmD4A.176b14333792d724f50badd3293074d7.png' WHERE 1 AND openid = 'oeDcV0W0lW2u-WnondVku8uZZo4k'
2018-01-06 15:01:27:UPDATE t_user SET logo='act/wx3d00770652053edd.o6zAJs9bs--3Qn1Jkc_lFPynmD4A.176b14333792d724f50badd3293074d7.png' WHERE 1 AND openid = 'oeDcV0W0lW2u-WnondVku8uZZo4k'
2018-01-06 15:01:57:UPDATE t_user SET logo='act/wx3d00770652053edd.o6zAJs9bs--3Qn1Jkc_lFPynmD4A.176b14333792d724f50badd3293074d7.png' WHERE 1 AND openid = 'oeDcV0W0lW2u-WnondVku8uZZo4k'
2018-01-06 15:07:04:UPDATE t_user SET logo='act/wx3d00770652053edd.o6zAJs9bs--3Qn1Jkc_lFPynmD4A.0a20a07147151c7972fed786fe088a69.png' WHERE 1 AND openid = 'oeDcV0W0lW2u-WnondVku8uZZo4k'
2018-01-06 15:07:28:UPDATE t_user SET logo='act/wx3d00770652053edd.o6zAJs9bs--3Qn1Jkc_lFPynmD4A.76335cb145d548304ee5224640033782.png' WHERE 1 AND openid = 'oeDcV0W0lW2u-WnondVku8uZZo4k'
2018-01-06 15:07:55:UPDATE t_user SET logo='act/wx3d00770652053edd.o6zAJs9bs--3Qn1Jkc_lFPynmD4A.9a72b459e1f50b598eda5662fa1488c4.png' WHERE 1 AND openid = 'oeDcV0W0lW2u-WnondVku8uZZo4k'
2018-01-06 15:08:16:UPDATE t_user SET logo='act/wx3d00770652053edd.o6zAJs9bs--3Qn1Jkc_lFPynmD4A.9a92f94c0c8733d08042930df417a1e0.png' WHERE 1 AND openid = 'oeDcV0W0lW2u-WnondVku8uZZo4k'
2018-01-06 15:08:33:UPDATE t_user SET logo='act/wx3d00770652053edd.o6zAJs9bs--3Qn1Jkc_lFPynmD4A.9a92f94c0c8733d08042930df417a1e0.png' WHERE 1 AND openid = 'oeDcV0W0lW2u-WnondVku8uZZo4k'
2018-01-06 15:09:20:UPDATE t_user SET logo='act/wx3d00770652053edd.o6zAJs9bs--3Qn1Jkc_lFPynmD4A.80ad22715dd238ade6bed71efadd318d.png' WHERE 1 AND openid = 'oeDcV0W0lW2u-WnondVku8uZZo4k'
2018-01-06 15:20:46:UPDATE t_user SET logo='act/wx3d00770652053edd.o6zAJs9bs--3Qn1Jkc_lFPynmD4A.9a92f94c0c8733d08042930df417a1e0.png' WHERE 1 AND openid = 'oeDcV0W0lW2u-WnondVku8uZZo4k'
2018-01-06 15:21:14:UPDATE t_user SET logo='act/wx3d00770652053edd.o6zAJs9bs--3Qn1Jkc_lFPynmD4A.80ad22715dd238ade6bed71efadd318d.png' WHERE 1 AND openid = 'oeDcV0W0lW2u-WnondVku8uZZo4k'
2018-01-06 15:23:07:UPDATE t_user SET logo='act/wx3d00770652053edd.o6zAJs9bs--3Qn1Jkc_lFPynmD4A.9a92f94c0c8733d08042930df417a1e0.png' WHERE 1 AND openid = 'oeDcV0W0lW2u-WnondVku8uZZo4k'
2018-01-06 15:23:13:UPDATE t_user SET logo='act/wx3d00770652053edd.o6zAJs9bs--3Qn1Jkc_lFPynmD4A.80ad22715dd238ade6bed71efadd318d.png' WHERE 1 AND openid = 'oeDcV0W0lW2u-WnondVku8uZZo4k'
2018-01-06 15:23:30:UPDATE t_user SET logo='act/wx3d00770652053edd.o6zAJs9bs--3Qn1Jkc_lFPynmD4A.6a10599619a65c4963523e304277ae8e.png' WHERE 1 AND openid = 'oeDcV0W0lW2u-WnondVku8uZZo4k'
2018-01-06 15:24:27:UPDATE t_user SET logo='act/wx3d00770652053edd.o6zAJs9bs--3Qn1Jkc_lFPynmD4A.839f01bc0f2c367566eaa707d843619f.png' WHERE 1 AND openid = 'oeDcV0W0lW2u-WnondVku8uZZo4k'
2018-01-06 15:24:42:UPDATE t_user SET logo='act/wx3d00770652053edd.o6zAJs9bs--3Qn1Jkc_lFPynmD4A.6a10599619a65c4963523e304277ae8e.png' WHERE 1 AND openid = 'oeDcV0W0lW2u-WnondVku8uZZo4k'
2018-01-06 15:25:51:UPDATE t_user SET logo='act/wx3d00770652053edd.o6zAJs9bs--3Qn1Jkc_lFPynmD4A.176b14333792d724f50badd3293074d7.png' WHERE 1 AND openid = 'oeDcV0W0lW2u-WnondVku8uZZo4k'
2018-01-06 15:26:12:UPDATE t_user SET logo='act/wx3d00770652053edd.o6zAJs9bs--3Qn1Jkc_lFPynmD4A.6a10599619a65c4963523e304277ae8e.png' WHERE 1 AND openid = 'oeDcV0W0lW2u-WnondVku8uZZo4k'
2018-01-06 15:27:55:UPDATE t_user SET logo='act/wx3d00770652053edd.o6zAJs9bs--3Qn1Jkc_lFPynmD4A.176b14333792d724f50badd3293074d7.png' WHERE 1 AND openid = 'oeDcV0W0lW2u-WnondVku8uZZo4k'
2018-01-06 15:28:05:UPDATE t_user SET logo='act/wx3d00770652053edd.o6zAJs9bs--3Qn1Jkc_lFPynmD4A.6a10599619a65c4963523e304277ae8e.png' WHERE 1 AND openid = 'oeDcV0W0lW2u-WnondVku8uZZo4k'
2018-01-06 15:29:03:UPDATE t_user SET logo='act/wx3d00770652053edd.o6zAJs9bs--3Qn1Jkc_lFPynmD4A.6a10599619a65c4963523e304277ae8e.png' WHERE 1 AND openid = 'oeDcV0W0lW2u-WnondVku8uZZo4k'
2018-01-06 15:30:37:UPDATE t_user SET logo='act/wx3d00770652053edd.o6zAJs9bs--3Qn1Jkc_lFPynmD4A.6a10599619a65c4963523e304277ae8e.png' WHERE 1 AND openid = 'oeDcV0W0lW2u-WnondVku8uZZo4k'
2018-01-06 15:31:27:UPDATE t_user SET logo='act/wx3d00770652053edd.o6zAJs9bs--3Qn1Jkc_lFPynmD4A.6a10599619a65c4963523e304277ae8e.png' WHERE 1 AND openid = '[object Undefined]'
2018-01-06 15:33:17:UPDATE t_user SET logo='act/wx3d00770652053edd.o6zAJs9bs--3Qn1Jkc_lFPynmD4A.839f01bc0f2c367566eaa707d843619f.png' WHERE 1 AND openid = '[object Undefined]'
2018-01-06 15:35:25:UPDATE t_user SET logo='act/wx3d00770652053edd.o6zAJs9bs--3Qn1Jkc_lFPynmD4A.6a10599619a65c4963523e304277ae8e.png' WHERE 1 AND openid = '[object Undefined]'
2018-01-06 15:35:48:UPDATE t_user SET logo='act/wx3d00770652053edd.o6zAJs9bs--3Qn1Jkc_lFPynmD4A.839f01bc0f2c367566eaa707d843619f.png' WHERE 1 AND openid = '[object Undefined]'
2018-01-06 15:38:13:UPDATE t_user SET logo='act/wx3d00770652053edd.o6zAJs9bs--3Qn1Jkc_lFPynmD4A.176b14333792d724f50badd3293074d7.png' WHERE 1 AND openid = '[object Undefined]'
2018-01-06 15:38:22:UPDATE t_user SET logo='act/wx3d00770652053edd.o6zAJs9bs--3Qn1Jkc_lFPynmD4A.6a10599619a65c4963523e304277ae8e.png' WHERE 1 AND openid = '[object Undefined]'
2018-01-06 15:38:42:UPDATE t_user SET logo='act/wx3d00770652053edd.o6zAJs9bs--3Qn1Jkc_lFPynmD4A.839f01bc0f2c367566eaa707d843619f.png' WHERE 1 AND openid = '[object Undefined]'
2018-01-06 15:39:50:UPDATE t_user SET logo='act/wx3d00770652053edd.o6zAJs9bs--3Qn1Jkc_lFPynmD4A.1c95ad828d3d1ef9134336e8de95b0b3.jpg' WHERE 1 AND openid = '[object Undefined]'
2018-01-06 15:41:33:UPDATE t_user SET logo='act/wx3d00770652053edd.o6zAJs9bs--3Qn1Jkc_lFPynmD4A.fed8f23c6b00bb768e586d8f008b33d8.png' WHERE 1 AND openid = '[object Undefined]'
2018-01-06 15:41:58:UPDATE t_user SET logo='act/wx3d00770652053edd.o6zAJs9bs--3Qn1Jkc_lFPynmD4A.8d600000eab366851c13465ecce364c0.png' WHERE 1 AND openid = '[object Undefined]'
2018-01-06 15:42:03:UPDATE t_user SET logo='act/wx3d00770652053edd.o6zAJs9bs--3Qn1Jkc_lFPynmD4A.0a20a07147151c7972fed786fe088a69.png' WHERE 1 AND openid = '[object Undefined]'
2018-01-06 15:48:29:UPDATE t_user SET logo='act/wx3d00770652053edd.o6zAJs9bs--3Qn1Jkc_lFPynmD4A.6a10599619a65c4963523e304277ae8e.png' WHERE 1 AND openid = '[object Undefined]'
2018-01-06 15:48:32:UPDATE t_user SET logo='act/wx3d00770652053edd.o6zAJs9bs--3Qn1Jkc_lFPynmD4A.839f01bc0f2c367566eaa707d843619f.png' WHERE 1 AND openid = '[object Undefined]'
2018-01-06 15:48:35:UPDATE t_user SET logo='act/wx3d00770652053edd.o6zAJs9bs--3Qn1Jkc_lFPynmD4A.9a92f94c0c8733d08042930df417a1e0.png' WHERE 1 AND openid = '[object Undefined]'
2018-01-06 15:48:39:UPDATE t_user SET logo='act/wx3d00770652053edd.o6zAJs9bs--3Qn1Jkc_lFPynmD4A.9a72b459e1f50b598eda5662fa1488c4.png' WHERE 1 AND openid = '[object Undefined]'
2018-01-06 15:48:44:UPDATE t_user SET logo='act/wx3d00770652053edd.o6zAJs9bs--3Qn1Jkc_lFPynmD4A.8d600000eab366851c13465ecce364c0.png' WHERE 1 AND openid = '[object Undefined]'
2018-01-06 15:48:48:UPDATE t_user SET logo='act/wx3d00770652053edd.o6zAJs9bs--3Qn1Jkc_lFPynmD4A.8d600000eab366851c13465ecce364c0.png' WHERE 1 AND openid = '[object Undefined]'
2018-01-06 15:48:53:UPDATE t_user SET logo='act/wx3d00770652053edd.o6zAJs9bs--3Qn1Jkc_lFPynmD4A.dd9bc250a95abbfb4a0fcad44d529ccc.jpg' WHERE 1 AND openid = '[object Undefined]'
2018-01-06 15:48:57:UPDATE t_user SET logo='act/wx3d00770652053edd.o6zAJs9bs--3Qn1Jkc_lFPynmD4A.1c95ad828d3d1ef9134336e8de95b0b3.jpg' WHERE 1 AND openid = '[object Undefined]'
2018-01-06 15:49:01:UPDATE t_user SET logo='act/wx3d00770652053edd.o6zAJs9bs--3Qn1Jkc_lFPynmD4A.176b14333792d724f50badd3293074d7.png' WHERE 1 AND openid = '[object Undefined]'
2018-01-06 15:49:10:UPDATE t_user SET logo='act/wx3d00770652053edd.o6zAJs9bs--3Qn1Jkc_lFPynmD4A.76335cb145d548304ee5224640033782.png' WHERE 1 AND openid = '[object Undefined]'
2018-01-06 15:49:43:UPDATE t_user SET logo='act/wx3d00770652053edd.o6zAJs9bs--3Qn1Jkc_lFPynmD4A.dfa841c7d499073e723113a84946e817.png' WHERE 1 AND openid = '[object Undefined]'
2018-01-06 15:52:32:UPDATE t_user SET logo='act/wx3d00770652053edd.o6zAJs9bs--3Qn1Jkc_lFPynmD4A.6a10599619a65c4963523e304277ae8e.png' WHERE 1 AND openid = '[object Undefined]'
2018-01-06 15:59:08:UPDATE t_user SET logo='act/wx3d00770652053edd.o6zAJs9bs--3Qn1Jkc_lFPynmD4A.6a10599619a65c4963523e304277ae8e.png' WHERE 1 AND openid = '[object Undefined]'
2018-01-06 15:59:14:UPDATE t_user SET logo='act/wx3d00770652053edd.o6zAJs9bs--3Qn1Jkc_lFPynmD4A.839f01bc0f2c367566eaa707d843619f.png' WHERE 1 AND openid = '[object Undefined]'
2018-01-06 15:59:22:UPDATE t_user SET logo='act/wx3d00770652053edd.o6zAJs9bs--3Qn1Jkc_lFPynmD4A.8d600000eab366851c13465ecce364c0.png' WHERE 1 AND openid = '[object Undefined]'
2018-01-06 15:59:31:UPDATE t_user SET logo='act/wx3d00770652053edd.o6zAJs9bs--3Qn1Jkc_lFPynmD4A.281a5de885e1261344fee0dcecc34507.png' WHERE 1 AND openid = '[object Undefined]'
2018-01-06 15:59:37:UPDATE t_user SET logo='act/wx3d00770652053edd.o6zAJs9bs--3Qn1Jkc_lFPynmD4A.dfa841c7d499073e723113a84946e817.png' WHERE 1 AND openid = '[object Undefined]'
2018-01-06 15:59:53:UPDATE t_user SET logo='act/wx3d00770652053edd.o6zAJs9bs--3Qn1Jkc_lFPynmD4A.74060a714d688842bf08571b38f57a44.png' WHERE 1 AND openid = '[object Undefined]'
2018-01-06 16:00:09:UPDATE t_user SET logo='act/wx3d00770652053edd.o6zAJs9bs--3Qn1Jkc_lFPynmD4A.1c95ad828d3d1ef9134336e8de95b0b3.jpg' WHERE 1 AND openid = '[object Undefined]'
2018-01-06 16:00:15:UPDATE t_user SET logo='act/wx3d00770652053edd.o6zAJs9bs--3Qn1Jkc_lFPynmD4A.4e447d151daa674d700c7f27dbeaff1d.png' WHERE 1 AND openid = '[object Undefined]'
2018-01-06 16:01:25:UPDATE t_user SET logo='act/wx3d00770652053edd.o6zAJs9bs--3Qn1Jkc_lFPynmD4A.6a10599619a65c4963523e304277ae8e.png' WHERE 1 AND openid = '[object Undefined]'
2018-01-06 16:12:33:UPDATE t_user SET logo='act/wx3d00770652053edd.o6zAJs9bs--3Qn1Jkc_lFPynmD4A.0a20a07147151c7972fed786fe088a69.png' WHERE 1 AND openid = '[object Undefined]'
2018-01-06 16:12:36:UPDATE t_user SET logo='act/wx3d00770652053edd.o6zAJs9bs--3Qn1Jkc_lFPynmD4A.281a5de885e1261344fee0dcecc34507.png' WHERE 1 AND openid = '[object Undefined]'
2018-01-06 16:12:39:UPDATE t_user SET logo='act/wx3d00770652053edd.o6zAJs9bs--3Qn1Jkc_lFPynmD4A.6a10599619a65c4963523e304277ae8e.png' WHERE 1 AND openid = '[object Undefined]'
2018-01-06 16:12:42:UPDATE t_user SET logo='act/wx3d00770652053edd.o6zAJs9bs--3Qn1Jkc_lFPynmD4A.80ad22715dd238ade6bed71efadd318d.png' WHERE 1 AND openid = '[object Undefined]'
2018-01-06 16:12:44:UPDATE t_user SET logo='act/wx3d00770652053edd.o6zAJs9bs--3Qn1Jkc_lFPynmD4A.9a72b459e1f50b598eda5662fa1488c4.png' WHERE 1 AND openid = '[object Undefined]'
2018-01-06 16:12:48:UPDATE t_user SET logo='act/wx3d00770652053edd.o6zAJs9bs--3Qn1Jkc_lFPynmD4A.dfa841c7d499073e723113a84946e817.png' WHERE 1 AND openid = '[object Undefined]'
2018-01-06 16:23:36:UPDATE t_user SET logo='act/wx3d00770652053edd.o6zAJs9bs--3Qn1Jkc_lFPynmD4A.6a10599619a65c4963523e304277ae8e.png' WHERE 1 AND openid = '[object Undefined]'
2018-01-06 16:23:38:UPDATE t_user SET logo='act/wx3d00770652053edd.o6zAJs9bs--3Qn1Jkc_lFPynmD4A.281a5de885e1261344fee0dcecc34507.png' WHERE 1 AND openid = '[object Undefined]'
2018-01-06 16:24:43:UPDATE t_user SET logo='act/wx3d00770652053edd.o6zAJs9bs--3Qn1Jkc_lFPynmD4A.6a10599619a65c4963523e304277ae8e.png' WHERE 1 AND openid = '[object Undefined]'
2018-01-06 16:24:46:UPDATE t_user SET logo='act/wx3d00770652053edd.o6zAJs9bs--3Qn1Jkc_lFPynmD4A.281a5de885e1261344fee0dcecc34507.png' WHERE 1 AND openid = '[object Undefined]'
2018-01-06 16:30:55:UPDATE t_user SET logo='act/tmp_ec2b5fb0ca540d6f99cd97b015837dd423ea4434f825d8e2.jpg' WHERE 1 AND openid = 'oeDcV0W0lW2u-WnondVku8uZZo4k'
2018-01-06 16:30:59:UPDATE t_user SET logo='act/tmp_75b1326bd73460500eadf5b0da7ebf08e3bcc3c277e5cbb1.jpg' WHERE 1 AND openid = 'oeDcV0W0lW2u-WnondVku8uZZo4k'
2018-01-06 16:49:52:UPDATE t_user SET logo='act/tmp_119f7e5b660ace06281a19772c3001cc.jpg' WHERE 1 AND openid = 'oeDcV0TIhZCvU1UFnqrdS_fKJxW0'
2018-01-06 16:50:13:UPDATE t_user SET logo='act/tmp_0f61f143ad6b7dd8b6d66b9536f5a5d3.jpg' WHERE 1 AND openid = 'oeDcV0TIhZCvU1UFnqrdS_fKJxW0'
2018-01-06 16:50:24:UPDATE t_user SET logo='act/poster/tmp_f4e78e542a20552eeb70569d93534a2a.png' WHERE 1 AND openid = 'oeDcV0TIhZCvU1UFnqrdS_fKJxW0'
2018-01-06 17:13:10:UPDATE t_user SET logo='act/wx3d00770652053edd.o6zAJs9bs--3Qn1Jkc_lFPynmD4A.6a10599619a65c4963523e304277ae8e.png' WHERE 1 AND openid = 'oeDcV0W0lW2u-WnondVku8uZZo4k'
2018-01-06 17:13:21:UPDATE t_user SET logo='act/wx3d00770652053edd.o6zAJs9bs--3Qn1Jkc_lFPynmD4A.839f01bc0f2c367566eaa707d843619f.png' WHERE 1 AND openid = 'oeDcV0W0lW2u-WnondVku8uZZo4k'
2018-01-06 17:23:15:UPDATE t_user SET logo='act/poster/wx3d00770652053edd.o6zAJs9bs--3Qn1Jkc_lFPynmD4A.614e5c07edf7a57fe7f6b3f8cd19ac2c.png' WHERE 1 AND openid = 'oeDcV0W0lW2u-WnondVku8uZZo4k'
2018-01-06 17:24:02:UPDATE t_user SET logo='act/wx3d00770652053edd.o6zAJs9bs--3Qn1Jkc_lFPynmD4A.6a10599619a65c4963523e304277ae8e.png' WHERE 1 AND openid = 'oeDcV0W0lW2u-WnondVku8uZZo4k'
2018-01-06 17:24:56:UPDATE t_user SET logo='act/wx3d00770652053edd.o6zAJs9bs--3Qn1Jkc_lFPynmD4A.281a5de885e1261344fee0dcecc34507.png' WHERE 1 AND openid = 'oeDcV0W0lW2u-WnondVku8uZZo4k'
2018-01-06 17:25:54:UPDATE t_user SET logo='act/wx3d00770652053edd.o6zAJs9bs--3Qn1Jkc_lFPynmD4A.6a10599619a65c4963523e304277ae8e.png' WHERE 1 AND openid = 'oeDcV0W0lW2u-WnondVku8uZZo4k'
2018-01-06 17:26:33:UPDATE t_user SET logo='act/wx3d00770652053edd.o6zAJs9bs--3Qn1Jkc_lFPynmD4A.6a10599619a65c4963523e304277ae8e.png' WHERE 1 AND openid = 'oeDcV0W0lW2u-WnondVku8uZZo4k'
2018-01-06 17:40:14:UPDATE t_user SET logo='act/wx3d00770652053edd.o6zAJs9bs--3Qn1Jkc_lFPynmD4A.6a10599619a65c4963523e304277ae8e.png' WHERE 1 AND openid = 'oeDcV0W0lW2u-WnondVku8uZZo4k'
2018-01-06 17:46:38:UPDATE t_user SET logo='act/wx3d00770652053edd.o6zAJs9bs--3Qn1Jkc_lFPynmD4A.6a10599619a65c4963523e304277ae8e.png' WHERE 1 AND openid = 'oeDcV0W0lW2u-WnondVku8uZZo4k'
2018-01-06 17:46:40:UPDATE t_user SET logo='act/wx3d00770652053edd.o6zAJs9bs--3Qn1Jkc_lFPynmD4A.8d600000eab366851c13465ecce364c0.png' WHERE 1 AND openid = 'oeDcV0W0lW2u-WnondVku8uZZo4k'
2018-01-06 17:46:59:UPDATE t_user SET logo='act/poster/wx3d00770652053edd.o6zAJs9bs--3Qn1Jkc_lFPynmD4A.614e5c07edf7a57fe7f6b3f8cd19ac2c.png' WHERE 1 AND openid = 'oeDcV0W0lW2u-WnondVku8uZZo4k'
2018-01-06 17:51:15:UPDATE t_user SET logo='act/wx3d00770652053edd.o6zAJs9bs--3Qn1Jkc_lFPynmD4A.6a10599619a65c4963523e304277ae8e.png' WHERE 1 AND openid = 'oeDcV0W0lW2u-WnondVku8uZZo4k'
2018-01-06 17:51:25:UPDATE t_user SET logo='act/wx3d00770652053edd.o6zAJs9bs--3Qn1Jkc_lFPynmD4A.176b14333792d724f50badd3293074d7.png' WHERE 1 AND openid = 'oeDcV0W0lW2u-WnondVku8uZZo4k'
2018-01-06 17:51:40:UPDATE t_user SET logo='act/poster/wx3d00770652053edd.o6zAJs9bs--3Qn1Jkc_lFPynmD4A.614e5c07edf7a57fe7f6b3f8cd19ac2c.png' WHERE 1 AND openid = 'oeDcV0W0lW2u-WnondVku8uZZo4k'
2018-01-06 17:53:31:UPDATE t_user SET logo='act/wx3d00770652053edd.o6zAJs9bs--3Qn1Jkc_lFPynmD4A.6a10599619a65c4963523e304277ae8e.png' WHERE 1 AND openid = 'oeDcV0W0lW2u-WnondVku8uZZo4k'
2018-01-06 17:53:34:UPDATE t_user SET logo='act/wx3d00770652053edd.o6zAJs9bs--3Qn1Jkc_lFPynmD4A.839f01bc0f2c367566eaa707d843619f.png' WHERE 1 AND openid = 'oeDcV0W0lW2u-WnondVku8uZZo4k'
2018-01-06 17:53:40:UPDATE t_user SET logo='act/poster/wx3d00770652053edd.o6zAJs9bs--3Qn1Jkc_lFPynmD4A.d43e2e9208e9d304faf522321c60f8ef.png' WHERE 1 AND openid = 'oeDcV0W0lW2u-WnondVku8uZZo4k'
2018-01-06 17:58:56:UPDATE t_user SET logo='act/wx3d00770652053edd.o6zAJs9bs--3Qn1Jkc_lFPynmD4A.8d600000eab366851c13465ecce364c0.png' WHERE 1 AND openid = 'oeDcV0W0lW2u-WnondVku8uZZo4k'
2018-01-06 17:59:01:UPDATE t_user SET logo='act/wx3d00770652053edd.o6zAJs9bs--3Qn1Jkc_lFPynmD4A.dfa841c7d499073e723113a84946e817.png' WHERE 1 AND openid = 'oeDcV0W0lW2u-WnondVku8uZZo4k'
2018-01-06 17:59:15:UPDATE t_user SET logo='act/poster/wx3d00770652053edd.o6zAJs9bs--3Qn1Jkc_lFPynmD4A.9812f0b88f19192a58bdbaf49602c2d7.png' WHERE 1 AND openid = 'oeDcV0W0lW2u-WnondVku8uZZo4k'
2018-01-06 19:27:32:UPDATE t_user SET logo='act/tmp_b0a0b77e5a84196bd9ffcba1c8512df6.jpg' WHERE 1 AND openid = 'oeDcV0TIhZCvU1UFnqrdS_fKJxW0'
2018-01-06 19:27:36:UPDATE t_user SET logo='act/tmp_6795586fdcc54468f526438e2e3b1e07.jpg' WHERE 1 AND openid = 'oeDcV0TIhZCvU1UFnqrdS_fKJxW0'
2018-01-06 19:27:42:UPDATE t_user SET logo='act/tmp_701f07b857d86ec76e64b50877599613.jpg' WHERE 1 AND openid = 'oeDcV0TIhZCvU1UFnqrdS_fKJxW0'
2018-01-06 19:27:48:UPDATE t_user SET logo='act/poster/tmp_d8d894196594f24782a054bb0b8ccf96.png' WHERE 1 AND openid = 'oeDcV0TIhZCvU1UFnqrdS_fKJxW0'
2018-01-06 19:27:58:UPDATE t_user SET logo='act/poster/tmp_d8d894196594f24782a054bb0b8ccf96.png' WHERE 1 AND openid = 'oeDcV0TIhZCvU1UFnqrdS_fKJxW0'
2018-01-06 19:36:34:UPDATE t_user SET logo='act/poster/wx3d00770652053edd.o6zAJs9bs--3Qn1Jkc_lFPynmD4A.d2e4f58f297caaae37510bdb96f1026e.png' WHERE 1 AND openid = 'oeDcV0W0lW2u-WnondVku8uZZo4k'
2018-01-06 19:45:25:UPDATE t_act_group SET ,person_has=person_has+'1' WHERE 1 AND id=7
2018-01-06 19:49:18:UPDATE t_act_group SET person_has=person_has+'1' WHERE 1 AND id=7
2018-01-06 19:49:26:UPDATE t_act_group SET person_has=person_has+'1' WHERE 1 AND id=7
2018-01-06 20:55:46:UPDATE t_act_group SET person_has=person_has+'1' WHERE 1 AND id=7
2018-01-06 20:55:57:UPDATE t_act_group SET person_has=person_has+'1' WHERE 1 AND id=7
