2018-01-10 09:09:23:UPDATE t_user SET logo='act/tmp_9ed8d8b70fb6dc883f6d3829261137a44a55b1ffaf3dc769.jpg' WHERE 1 AND openid = 'oeDcV0W0lW2u-WnondVku8uZZo4k'
2018-01-10 09:09:26:UPDATE t_user SET logo='act/tmp_337572296d13d238abe254a703d59121aed0fe49b5ad774b.jpg' WHERE 1 AND openid = 'oeDcV0W0lW2u-WnondVku8uZZo4k'
2018-01-10 09:09:38:UPDATE t_user SET logo='act/poster/tmp_9ab70a7cb063077174f2de2db9b2e1cdb3bcf9035adbe321.png' WHERE 1 AND openid = 'oeDcV0W0lW2u-WnondVku8uZZo4k'
2018-01-10 10:14:30:UPDATE t_act_group SET person_has=person_has+'1' WHERE 1 AND id=242
2018-01-10 11:26:07:UPDATE t_user SET lat='28.202000693733',lng='112.86139062869',mobile='18912345678',avatarUrl='https://wx.qlogo.cn/mmopen/vi_32/Fp75BwsBiaLEb5LZPDViaWJRVCjs9bib5HKCcWiaF1DjTdMwCStJD4KcaMZibuAs94SHszvA0pG8arMCPXy3I7e7dYw/0',is_show_info='SHOW',name='123456',nick_name='阿三',wx='123',address='长沙市岳麓区麓谷维也纳国际酒店(高新区麓谷店)',gender='1',city='Shenzhen',logo='../../image/camera.png',openid='oeDcV0TIhZCvU1UFnqrdS_fKJxW0' WHERE 1 AND openid = 'oeDcV0TIhZCvU1UFnqrdS_fKJxW0'
2018-01-10 11:26:08:UPDATE t_user SET lat='28.202000693733',lng='112.86139062869',mobile='18912345678',avatarUrl='https://wx.qlogo.cn/mmopen/vi_32/Fp75BwsBiaLEb5LZPDViaWJRVCjs9bib5HKCcWiaF1DjTdMwCStJD4KcaMZibuAs94SHszvA0pG8arMCPXy3I7e7dYw/0',is_show_info='SHOW',name='123456',nick_name='阿三',wx='123',address='长沙市岳麓区麓谷维也纳国际酒店(高新区麓谷店)',gender='1',city='Shenzhen',logo='../../image/camera.png',openid='oeDcV0TIhZCvU1UFnqrdS_fKJxW0' WHERE 1 AND openid = 'oeDcV0TIhZCvU1UFnqrdS_fKJxW0'
2018-01-10 11:26:48:UPDATE t_user SET logo='act/tmp_5584940b8970e1fca90c84400580fc08.jpg' WHERE 1 AND openid = 'oeDcV0TIhZCvU1UFnqrdS_fKJxW0'
2018-01-10 11:26:50:UPDATE t_user SET logo='act/tmp_bfb6e952d8dedf14ce458882f4647616.jpg' WHERE 1 AND openid = 'oeDcV0TIhZCvU1UFnqrdS_fKJxW0'
2018-01-10 11:26:51:UPDATE t_user SET logo='act/poster/tmp_17dbb4af1dda17bee351735020f0787b.png' WHERE 1 AND openid = 'oeDcV0TIhZCvU1UFnqrdS_fKJxW0'
2018-01-10 11:29:47:UPDATE t_user SET logo='act/tmp_a0b635bec765f94e29c0ebd05ac71c56.jpg' WHERE 1 AND openid = 'oeDcV0W0lW2u-WnondVku8uZZo4k'
2018-01-10 11:30:01:UPDATE t_user SET logo='act/tmp_6dd33a07fcf876910f0235c85b0294e8.jpg' WHERE 1 AND openid = 'oeDcV0W0lW2u-WnondVku8uZZo4k'
2018-01-10 11:30:13:UPDATE t_user SET logo='act/tmp_543571e8cb53166d0c54d7eb5cbbadb3.jpg' WHERE 1 AND openid = 'oeDcV0W0lW2u-WnondVku8uZZo4k'
2018-01-10 11:30:38:UPDATE t_user SET logo='act/poster/tmp_0fe9f7b9db0b9a210e07732de328d5dd.png' WHERE 1 AND openid = 'oeDcV0W0lW2u-WnondVku8uZZo4k'
2018-01-10 12:23:01:UPDATE t_user SET logo='act/tmp_f263280b2e574b7b0fdc7a6206b5b7c4.jpg' WHERE 1 AND openid = 'oeDcV0TIhZCvU1UFnqrdS_fKJxW0'
2018-01-10 12:24:28:UPDATE t_user SET logo='act/poster/tmp_6a9c4a14e52b17a685122753fe914938.png' WHERE 1 AND openid = 'oeDcV0TIhZCvU1UFnqrdS_fKJxW0'
2018-01-10 12:43:21:UPDATE t_user SET logo='act/poster/tmp_7a8ffd18b82b8e2cd882ee66469c3ec0.png' WHERE 1 AND openid = 'oeDcV0TIhZCvU1UFnqrdS_fKJxW0'
2018-01-10 12:48:44:UPDATE t_act_group SET person_has=person_has+'1' WHERE 1 AND id=282
2018-01-10 14:12:08:UPDATE t_user SET logo='act/tmp_5413858ee103f63b14b30a7dccfd785e.jpg' WHERE 1 AND openid = 'oeDcV0W0lW2u-WnondVku8uZZo4k'
2018-01-10 14:23:29:UPDATE t_user SET logo='act/tmp_643153fb5afb67aa43e91c31b184a472.jpg' WHERE 1 AND openid = 'oeDcV0fcvgQXwTF1AXrK17a5-l-M'
2018-01-10 14:23:49:UPDATE t_user SET logo='act/tmp_b7e86b834fde5bc0e0c4e15d95440c19.jpg' WHERE 1 AND openid = 'oeDcV0fcvgQXwTF1AXrK17a5-l-M'
2018-01-10 14:24:31:UPDATE t_user SET logo='act/poster/tmp_59d454df65efe5f0ce3c1c04f369a2fe.png' WHERE 1 AND openid = 'oeDcV0fcvgQXwTF1AXrK17a5-l-M'
2018-01-10 15:07:30:UPDATE t_act_group SET person_has=person_has+'1' WHERE 1 AND id=272
2018-01-10 15:07:43:UPDATE t_act_group SET person_has=person_has+'1' WHERE 1 AND id=292
2018-01-10 17:31:18:UPDATE t_user SET logo='act/poster/tmp_02f15cd01cbb59225e709ba6c52ff446.png' WHERE 1 AND openid = 'oeDcV0TIhZCvU1UFnqrdS_fKJxW0'
2018-01-10 17:36:28:UPDATE t_act_group SET person_has=person_has+'1' WHERE 1 AND id=302
2018-01-10 20:50:02:UPDATE t_user SET logo='act/poster/tmp_6bfecf60495aaec07695300f30cc1645.png' WHERE 1 AND openid = 'oeDcV0TIhZCvU1UFnqrdS_fKJxW0'
