2018-01-09 01:54:27:UPDATE t_user SET logo='act/poster/tmp_c9a2903567b14b1853938aa12cb107ce.png' WHERE 1 AND openid = 'oeDcV0TIhZCvU1UFnqrdS_fKJxW0'
2018-01-09 01:56:53:UPDATE t_act_group SET person_has=person_has+'1' WHERE 1 AND id=112
2018-01-09 11:23:25:UPDATE t_user SET logo='act/tmp_353e4cbfb1f552d907765bf1802a820d6bbb95f2594eb3e9.jpg' WHERE 1 AND openid = 'oeDcV0W0lW2u-WnondVku8uZZo4k'
2018-01-09 11:23:30:UPDATE t_user SET logo='act/tmp_94b1c9df2ef1e381aed02d4220b76fee379983dbdcb636ce.jpg' WHERE 1 AND openid = 'oeDcV0W0lW2u-WnondVku8uZZo4k'
2018-01-09 11:23:57:UPDATE t_user SET logo='act/poster/tmp_9bdc4d40e99208f71058452dc7f3bd8c486e9e4b39fad718.png' WHERE 1 AND openid = 'oeDcV0W0lW2u-WnondVku8uZZo4k'
2018-01-09 11:25:55:UPDATE t_user SET logo='act/wx3d00770652053edd.o6zAJs9bs--3Qn1Jkc_lFPynmD4A.6a10599619a65c4963523e304277ae8e.png' WHERE 1 AND openid = 'oeDcV0W0lW2u-WnondVku8uZZo4k'
2018-01-09 11:25:58:UPDATE t_user SET logo='act/wx3d00770652053edd.o6zAJs9bs--3Qn1Jkc_lFPynmD4A.839f01bc0f2c367566eaa707d843619f.png' WHERE 1 AND openid = 'oeDcV0W0lW2u-WnondVku8uZZo4k'
2018-01-09 12:45:09:UPDATE t_user SET logo='act/tmp_ea7f35a1b6c20fc72ed28c6114b94615.jpg' WHERE 1 AND openid = 'oeDcV0TIhZCvU1UFnqrdS_fKJxW0'
2018-01-09 12:45:11:UPDATE t_user SET logo='act/poster/tmp_5563d8966769e95f3edd59d45295df92.png' WHERE 1 AND openid = 'oeDcV0TIhZCvU1UFnqrdS_fKJxW0'
2018-01-09 13:34:28:UPDATE t_user SET logo='act/poster/wx3d00770652053edd.o6zAJs9bs--3Qn1Jkc_lFPynmD4A.03d7fe9ee41b56630a01857157cd8654.png' WHERE 1 AND openid = 'oeDcV0W0lW2u-WnondVku8uZZo4k'
2018-01-09 13:44:17:UPDATE t_user SET logo='act/wx3d00770652053edd.o6zAJs9bs--3Qn1Jkc_lFPynmD4A.6a10599619a65c4963523e304277ae8e.png' WHERE 1 AND openid = 'oeDcV0W0lW2u-WnondVku8uZZo4k'
2018-01-09 13:44:20:UPDATE t_user SET logo='act/wx3d00770652053edd.o6zAJs9bs--3Qn1Jkc_lFPynmD4A.839f01bc0f2c367566eaa707d843619f.png' WHERE 1 AND openid = 'oeDcV0W0lW2u-WnondVku8uZZo4k'
2018-01-09 13:45:25:UPDATE t_user SET logo='act/poster/wx3d00770652053edd.o6zAJs9bs--3Qn1Jkc_lFPynmD4A.6acf903c1611f94f43deb6758ba9176f.png' WHERE 1 AND openid = 'oeDcV0W0lW2u-WnondVku8uZZo4k'
2018-01-09 13:52:44:UPDATE t_act_group SET person_has=person_has+'1' WHERE 1 AND id=122
2018-01-09 14:15:10:UPDATE t_act_group SET person_has=person_has+'1' WHERE 1 AND id=152
2018-01-09 14:16:36:UPDATE t_user SET logo='act/tmp_d2d68d6061889d302a6b8da744fdbec0df8f62ec61299db6.jpg' WHERE 1 AND openid = 'oeDcV0W0lW2u-WnondVku8uZZo4k'
2018-01-09 14:16:45:UPDATE t_user SET logo='act/tmp_b94b69a410b4812c5715c92077ee7b49.jpg' WHERE 1 AND openid = 'oeDcV0TIhZCvU1UFnqrdS_fKJxW0'
2018-01-09 14:17:59:UPDATE t_user SET logo='act/tmp_7342361d80f15940354e44a9c45984987bad777cbca0f14f.jpg' WHERE 1 AND openid = 'oeDcV0W0lW2u-WnondVku8uZZo4k'
2018-01-09 14:18:04:UPDATE t_user SET logo='act/tmp_474dca1496a53d659c354250a1ab341a3c8bc6ce9b30c660.jpg' WHERE 1 AND openid = 'oeDcV0W0lW2u-WnondVku8uZZo4k'
2018-01-09 14:19:09:UPDATE t_user SET logo='act/tmp_e9f142392279993bc62f8158ee879692.jpg' WHERE 1 AND openid = 'oeDcV0TIhZCvU1UFnqrdS_fKJxW0'
2018-01-09 14:19:11:UPDATE t_user SET logo='act/poster/tmp_97d8a0f5ef0267e54268cb0a18a8de62.png' WHERE 1 AND openid = 'oeDcV0TIhZCvU1UFnqrdS_fKJxW0'
2018-01-09 14:47:06:UPDATE t_user SET logo='act/tmp_ab9a217fe3dfb53b8271205e276b4c904e70e25339a29e44.jpg' WHERE 1 AND openid = 'oeDcV0W0lW2u-WnondVku8uZZo4k'
2018-01-09 14:47:23:UPDATE t_user SET logo='act/poster/tmp_90699e3dd209a51b040c5317e64d2157b3add5e46f4a1060.png' WHERE 1 AND openid = 'oeDcV0W0lW2u-WnondVku8uZZo4k'
2018-01-09 15:17:22:UPDATE t_act_group SET person_has=person_has+'1' WHERE 1 AND id=172
2018-01-09 15:40:13:UPDATE t_act_group SET person_has=person_has+'1' WHERE 1 AND id=142
2018-01-09 17:02:26:UPDATE t_act_group SET person_has=person_has+'1' WHERE 1 AND id=162
2018-01-09 17:03:09:UPDATE t_user SET logo='act/tmp_42ef1fec2123680feb79ee1f0d41c271.jpg' WHERE 1 AND openid = 'oeDcV0TIhZCvU1UFnqrdS_fKJxW0'
2018-01-09 17:03:24:UPDATE t_user SET logo='act/tmp_a2aa9c1fb3c386486948e997e02e60cb.jpg' WHERE 1 AND openid = 'oeDcV0TIhZCvU1UFnqrdS_fKJxW0'
2018-01-09 17:03:26:UPDATE t_user SET logo='act/tmp_8c53948a5c5bbf275ff06f04e47bb76deccb9e1bedc1a867.jpg' WHERE 1 AND openid = 'oeDcV0W0lW2u-WnondVku8uZZo4k'
2018-01-09 17:03:34:UPDATE t_user SET logo='act/tmp_e54ec676f1331ce9694bca1911d0757233f934b817808f21.jpg' WHERE 1 AND openid = 'oeDcV0W0lW2u-WnondVku8uZZo4k'
2018-01-09 17:03:36:UPDATE t_user SET logo='act/poster/tmp_993aafbd11ab1b668744e10f2edd7023.png' WHERE 1 AND openid = 'oeDcV0TIhZCvU1UFnqrdS_fKJxW0'
2018-01-09 17:03:37:UPDATE t_user SET logo='act/poster/tmp_993aafbd11ab1b668744e10f2edd7023.png' WHERE 1 AND openid = 'oeDcV0TIhZCvU1UFnqrdS_fKJxW0'
2018-01-09 17:03:45:UPDATE t_user SET logo='act/poster/tmp_993aafbd11ab1b668744e10f2edd7023.png' WHERE 1 AND openid = 'oeDcV0TIhZCvU1UFnqrdS_fKJxW0'
2018-01-09 17:03:54:UPDATE t_user SET logo='act/tmp_0e6afb385671e3846b610d83cba1bc35.jpg' WHERE 1 AND openid = 'oeDcV0TIhZCvU1UFnqrdS_fKJxW0'
2018-01-09 17:04:20:UPDATE t_user SET logo='act/poster/tmp_993aafbd11ab1b668744e10f2edd7023.png' WHERE 1 AND openid = 'oeDcV0TIhZCvU1UFnqrdS_fKJxW0'
2018-01-09 17:04:25:UPDATE t_user SET logo='act/poster/tmp_993aafbd11ab1b668744e10f2edd7023.png' WHERE 1 AND openid = 'oeDcV0TIhZCvU1UFnqrdS_fKJxW0'
2018-01-09 17:04:36:UPDATE t_user SET logo='act/tmp_e106fc456e21699db8bc4f55dd408bc1f8e9e3916ae7ef44.jpg' WHERE 1 AND openid = 'oeDcV0W0lW2u-WnondVku8uZZo4k'
2018-01-09 17:04:37:UPDATE t_user SET logo='act/poster/tmp_993aafbd11ab1b668744e10f2edd7023.png' WHERE 1 AND openid = 'oeDcV0TIhZCvU1UFnqrdS_fKJxW0'
2018-01-09 17:04:40:UPDATE t_user SET logo='act/poster/tmp_993aafbd11ab1b668744e10f2edd7023.png' WHERE 1 AND openid = 'oeDcV0TIhZCvU1UFnqrdS_fKJxW0'
2018-01-09 17:05:10:UPDATE t_user SET logo='act/tmp_f38f197e485c5a42e90e89e572c18cafb5bbd23e599037aa.jpg' WHERE 1 AND openid = 'oeDcV0W0lW2u-WnondVku8uZZo4k'
2018-01-09 17:05:59:UPDATE t_user SET logo='act/tmp_aacc46fe6ee9780b854f4db3fecf9f2ff08434a913e5372d.jpg' WHERE 1 AND openid = 'oeDcV0W0lW2u-WnondVku8uZZo4k'
2018-01-09 17:06:01:UPDATE t_user SET logo='act/poster/tmp_d483f644bb39cbd46a8d7ce440a4a299c8f831b2687c8124.png' WHERE 1 AND openid = 'oeDcV0W0lW2u-WnondVku8uZZo4k'
2018-01-09 17:06:39:UPDATE t_user SET logo='act/tmp_726131c766737908a02c64318472c705.jpg' WHERE 1 AND openid = 'oeDcV0TIhZCvU1UFnqrdS_fKJxW0'
2018-01-09 17:08:23:UPDATE t_user SET logo='act/wx3d00770652053edd.o6zAJs9bs--3Qn1Jkc_lFPynmD4A.74060a714d688842bf08571b38f57a44.png' WHERE 1 AND openid = 'oeDcV0W0lW2u-WnondVku8uZZo4k'
2018-01-09 17:14:11:UPDATE t_user SET logo='act/wx3d00770652053edd.o6zAJs9bs--3Qn1Jkc_lFPynmD4A.1c95ad828d3d1ef9134336e8de95b0b3.jpg' WHERE 1 AND openid = 'oeDcV0W0lW2u-WnondVku8uZZo4k'
2018-01-09 17:14:16:UPDATE t_user SET logo='act/wx3d00770652053edd.o6zAJs9bs--3Qn1Jkc_lFPynmD4A.281a5de885e1261344fee0dcecc34507.png' WHERE 1 AND openid = 'oeDcV0W0lW2u-WnondVku8uZZo4k'
2018-01-09 17:15:16:UPDATE t_user SET logo='act/wx3d00770652053edd.o6zAJs9bs--3Qn1Jkc_lFPynmD4A.488f9e33446d3432da0626a7d54d9eee.png' WHERE 1 AND openid = 'oeDcV0W0lW2u-WnondVku8uZZo4k'
2018-01-09 17:15:17:UPDATE t_user SET logo='act/poster/wx3d00770652053edd.o6zAJs9bs--3Qn1Jkc_lFPynmD4A.999c71d42c181a79e697c6c7f4c1e56c.png' WHERE 1 AND openid = 'oeDcV0W0lW2u-WnondVku8uZZo4k'
2018-01-09 17:16:59:UPDATE t_user SET logo='act/poster/wx3d00770652053edd.o6zAJs9bs--3Qn1Jkc_lFPynmD4A.999c71d42c181a79e697c6c7f4c1e56c.png' WHERE 1 AND openid = 'oeDcV0W0lW2u-WnondVku8uZZo4k'
2018-01-09 17:18:41:UPDATE t_user SET logo='act/wx3d00770652053edd.o6zAJs9bs--3Qn1Jkc_lFPynmD4A.74060a714d688842bf08571b38f57a44.png' WHERE 1 AND openid = 'oeDcV0W0lW2u-WnondVku8uZZo4k'
2018-01-09 17:18:46:UPDATE t_user SET logo='act/wx3d00770652053edd.o6zAJs9bs--3Qn1Jkc_lFPynmD4A.281a5de885e1261344fee0dcecc34507.png' WHERE 1 AND openid = 'oeDcV0W0lW2u-WnondVku8uZZo4k'
2018-01-09 17:18:50:UPDATE t_user SET logo='act/poster/wx3d00770652053edd.o6zAJs9bs--3Qn1Jkc_lFPynmD4A.58ade021d57431d276f4d179df266048.png' WHERE 1 AND openid = 'oeDcV0W0lW2u-WnondVku8uZZo4k'
2018-01-09 17:18:59:UPDATE t_user SET logo='act/poster/wx3d00770652053edd.o6zAJs9bs--3Qn1Jkc_lFPynmD4A.58ade021d57431d276f4d179df266048.png' WHERE 1 AND openid = 'oeDcV0W0lW2u-WnondVku8uZZo4k'
2018-01-09 17:45:22:UPDATE t_user SET logo='act/poster/tmp_b5585a07d7ac0f3de4f71455407f5d5f.png' WHERE 1 AND openid = 'oeDcV0TIhZCvU1UFnqrdS_fKJxW0'
2018-01-09 17:45:22:UPDATE t_user SET logo='act/poster/tmp_af6b2e1b1afab30b0a5b6c6c1286b09f.png' WHERE 1 AND openid = 'oeDcV0TIhZCvU1UFnqrdS_fKJxW0'
2018-01-09 17:50:39:UPDATE t_user SET logo='act/poster/tmp_83892df9733efb12e6910d874a28e02b.png' WHERE 1 AND openid = 'oeDcV0TIhZCvU1UFnqrdS_fKJxW0'
2018-01-09 18:12:23:UPDATE t_user SET lat='28.201862975529',lng='112.86130539088',mobile='18900798371',avatarUrl='https://wx.qlogo.cn/mmopen/vi_32/Fp75BwsBiaLEb5LZPDViaWJRVCjs9bib5HKCcWiaF1DjTdMwCStJD4KcaMZibuAs94SHszvA0pG8arMCPXy3I7e7dYw/0',is_show_info='SHOW',name='获利',nick_name='阿三',wx='事件发生后',address='湖南省长沙市岳麓区湖南省长沙市岳麓区麓谷新世界(麓谷汽车世界南)',gender='1',city='Shenzhen',logo='wxfile://tmp_17f8612799cab9e7adc2f5d668c271e2.jpg',openid='oeDcV0TIhZCvU1UFnqrdS_fKJxW0' WHERE 1 AND openid = 'oeDcV0TIhZCvU1UFnqrdS_fKJxW0'
2018-01-09 18:20:18:UPDATE t_user SET logo='act/tmp_4fec69f1573c0fb8e79f3f58e79da28d.jpg' WHERE 1 AND openid = 'oeDcV0TIhZCvU1UFnqrdS_fKJxW0'
2018-01-09 18:20:43:UPDATE t_user SET logo='act/tmp_ed52d39d582520856d4af58e3842d37c.jpg' WHERE 1 AND openid = 'oeDcV0TIhZCvU1UFnqrdS_fKJxW0'
2018-01-09 18:21:14:UPDATE t_user SET logo='act/poster/tmp_58bbf5aa94aa473f98ae9a284328c4f9.png' WHERE 1 AND openid = 'oeDcV0TIhZCvU1UFnqrdS_fKJxW0'
2018-01-09 18:21:38:UPDATE t_user SET logo='act/tmp_e461df8bd82494ee01887cc13c3b8ba0.jpg' WHERE 1 AND openid = 'oeDcV0TIhZCvU1UFnqrdS_fKJxW0'
2018-01-09 18:22:18:UPDATE t_user SET logo='act/tmp_538583ebed07c3c5c6c7d9885974361a.jpg' WHERE 1 AND openid = 'oeDcV0TIhZCvU1UFnqrdS_fKJxW0'
2018-01-09 18:22:35:UPDATE t_user SET logo='act/poster/tmp_1fc353b354c8bbe200d94585b967afe7.png' WHERE 1 AND openid = 'oeDcV0TIhZCvU1UFnqrdS_fKJxW0'
2018-01-09 18:27:35:UPDATE t_user SET logo='act/tmp_de6f82e31e5a5582c5e7d0a1d398244bcfb0ee47b9b25b0f.jpg' WHERE 1 AND openid = 'oeDcV0W0lW2u-WnondVku8uZZo4k'
2018-01-09 18:28:46:UPDATE t_user SET logo='act/tmp_b4676ad6af2e8939cdf68f5bb0aa96a6.jpg' WHERE 1 AND openid = 'oeDcV0TIhZCvU1UFnqrdS_fKJxW0'
2018-01-09 18:41:21:UPDATE t_user SET logo='act/tmp_729ac896abb600e4c6183602a1f40da9.jpg' WHERE 1 AND openid = 'oeDcV0TIhZCvU1UFnqrdS_fKJxW0'
2018-01-09 18:45:43:UPDATE t_user SET logo='act/poster/tmp_e615e140865782276ba941ec996a4755.png' WHERE 1 AND openid = 'oeDcV0TIhZCvU1UFnqrdS_fKJxW0'
2018-01-09 18:46:50:UPDATE t_act_group SET person_has=person_has+'1' WHERE 1 AND id=202
2018-01-09 18:48:08:UPDATE t_user SET logo='act/tmp_9194f20c5552ab681de71364fbc4bad1.jpg' WHERE 1 AND openid = 'oeDcV0TIhZCvU1UFnqrdS_fKJxW0'
2018-01-09 18:48:12:UPDATE t_user SET logo='act/poster/tmp_99916fc077e3af3e6c91c8edb19b7892.png' WHERE 1 AND openid = 'oeDcV0TIhZCvU1UFnqrdS_fKJxW0'
2018-01-09 18:49:03:UPDATE t_act_group SET person_has=person_has+'1' WHERE 1 AND id=212
2018-01-09 18:52:13:UPDATE t_user SET logo='act/poster/tmp_55a0de4c842b8e8f1d0a01033f4a7b48.png' WHERE 1 AND openid = 'oeDcV0TIhZCvU1UFnqrdS_fKJxW0'
2018-01-09 18:54:54:UPDATE t_user SET logo='act/tmp_90a27a46df5510fb727c7ab25d183082.jpg' WHERE 1 AND openid = 'oeDcV0TIhZCvU1UFnqrdS_fKJxW0'
2018-01-09 18:55:01:UPDATE t_user SET logo='act/poster/tmp_e74538933da6132e7ea91cb22a6de858.png' WHERE 1 AND openid = 'oeDcV0TIhZCvU1UFnqrdS_fKJxW0'
2018-01-09 18:55:26:UPDATE t_user SET logo='act/poster/tmp_44d9066121faaf4cd1f1d4e0a2084441.png' WHERE 1 AND openid = 'oeDcV0TIhZCvU1UFnqrdS_fKJxW0'
2018-01-09 19:01:04:UPDATE t_act_group SET person_has=person_has+'1' WHERE 1 AND id=182
2018-01-09 20:50:45:UPDATE t_user SET logo='act/tmp_f73c3d3f180c77c24176f089f278fb71.jpg' WHERE 1 AND openid = 'oeDcV0TIhZCvU1UFnqrdS_fKJxW0'
2018-01-09 20:50:48:UPDATE t_user SET logo='act/poster/tmp_f6fcb051ebd05969c39210386be00916.png' WHERE 1 AND openid = 'oeDcV0TIhZCvU1UFnqrdS_fKJxW0'
