2018-01-11 17:19:38:UPDATE t_user SET logo='act/poster/tmp_0b7d4f3127416f5beff514b6e377afcd.png' WHERE 1 AND openid = 'oeDcV0TIhZCvU1UFnqrdS_fKJxW0'
2018-01-11 17:20:53:UPDATE t_act_group SET person_has=person_has+'1' WHERE 1 AND id=322
2018-01-11 18:44:25:UPDATE t_user SET mobile='15580907641',avatarUrl='https://wx.qlogo.cn/mmopen/vi_32/DYAIOgq83epmsqu4O32XY7KjIib1KtVIc4W0syylE5rnbV0UA7Hb4cJaViauYv84L06aKDsufTptezghPociaNlRw/0',name='时溪',nick_name='shiela47',wx='shixi',address='湖南省长沙市岳麓区谷苑路嘉运路交叉口南侧',gender='2',city='Changsha',logo='https://xcxs1.xizai.com/pintu/images/act/tmp_5413858ee103f63b14b30a7dccfd785e.jpg',openid='oeDcV0W0lW2u-WnondVku8uZZo4k' WHERE 1 AND openid = 'oeDcV0W0lW2u-WnondVku8uZZo4k'
2018-01-11 19:40:15:UPDATE t_act_group SET person_has=person_has+'1' WHERE 1 AND id=322
2018-01-11 20:22:47:UPDATE t_user SET logo='logo/wx3d00770652053edd.o6zAJs9bs--3Qn1Jkc_lFPynmD4A.839f01bc0f2c367566eaa707d843619f.png' WHERE 1 AND openid = 'oeDcV0W0lW2u-WnondVku8uZZo4k'
2018-01-11 20:23:38:UPDATE t_user SET logo='logo/wx3d00770652053edd.o6zAJs9bs--3Qn1Jkc_lFPynmD4A.281a5de885e1261344fee0dcecc34507.png' WHERE 1 AND openid = 'oeDcV0W0lW2u-WnondVku8uZZo4k'
2018-01-11 20:26:05:UPDATE t_user SET logo='logo/tmp_a7a0849aed534ec817ae99d236c2acd4.jpg' WHERE 1 AND openid = '[object Undefined]'
2018-01-11 20:27:26:UPDATE t_user SET logo='logo/tmp_8746248eb456b8c254e8b797f2ca7962.jpg' WHERE 1 AND openid = '[object Undefined]'
2018-01-11 20:28:17:UPDATE t_user SET logo='logo/tmp_ff65320a1addaa2bfd5f7c63cfc45f1a.jpg' WHERE 1 AND openid = '[object Undefined]'
2018-01-11 20:35:57:UPDATE t_user SET logo='logo/wx3d00770652053edd.o6zAJs9bs--3Qn1Jkc_lFPynmD4A.8d600000eab366851c13465ecce364c0.png' WHERE 1 AND openid = 'oeDcV0W0lW2u-WnondVku8uZZo4k'
2018-01-11 20:40:11:UPDATE t_user SET logo='logo/tmp_384a81fa820b9f0765236db6e64c98a0.jpg' WHERE 1 AND openid = 'oeDcV0Zc4eR8nIigyAVbHx0c5oAc'
2018-01-11 20:40:23:UPDATE t_user SET logo='logo/wx3d00770652053edd.o6zAJs9bs--3Qn1Jkc_lFPynmD4A.839f01bc0f2c367566eaa707d843619f.png' WHERE 1 AND openid = 'oeDcV0W0lW2u-WnondVku8uZZo4k'
2018-01-11 20:42:18:UPDATE t_user SET logo='logo/wx3d00770652053edd.o6zAJs9bs--3Qn1Jkc_lFPynmD4A.4e447d151daa674d700c7f27dbeaff1d.png' WHERE 1 AND openid = 'oeDcV0W0lW2u-WnondVku8uZZo4k'
2018-01-11 20:42:36:UPDATE t_user SET logo='logo/tmp_d4b3a5577e8e317d8b9889e678613c98.jpg' WHERE 1 AND openid = 'oeDcV0Zc4eR8nIigyAVbHx0c5oAc'
2018-01-11 20:43:16:UPDATE t_user SET logo='logo/tmp_e9222fd87616cfa4a6175c0785626119.jpg' WHERE 1 AND openid = 'oeDcV0Zc4eR8nIigyAVbHx0c5oAc'
2018-01-11 20:53:19:UPDATE t_user SET logo='logo/tmp_da0602771e7cba49ec89b63dc082c74d.jpg' WHERE 1 AND openid = 'oeDcV0Zc4eR8nIigyAVbHx0c5oAc'
2018-01-11 21:04:35:UPDATE t_user SET logo='logo/tmp_42f57623454397acb705ad85e1c2d556.jpg' WHERE 1 AND openid = 'oeDcV0Zc4eR8nIigyAVbHx0c5oAc'
2018-01-11 21:05:42:UPDATE t_user SET logo='logo/tmp_1b434fe8fb02434765fa13b7cf0c709e.jpg' WHERE 1 AND openid = 'oeDcV0Zc4eR8nIigyAVbHx0c5oAc'
2018-01-11 21:07:42:UPDATE t_user SET logo='logo/tmp_73a2d189c6557d08ff798da546257b76.jpg' WHERE 1 AND openid = 'oeDcV0Zc4eR8nIigyAVbHx0c5oAc'
2018-01-11 21:09:41:UPDATE t_user SET logo='logo/tmp_0f40321d428625c6d2293af94ae39dc1.jpg' WHERE 1 AND openid = 'oeDcV0Zc4eR8nIigyAVbHx0c5oAc'
2018-01-11 21:36:59:UPDATE t_user SET logo='logo/tmp_279d55c56ae1fa2a391220c026f75c3f.jpg' WHERE 1 AND openid = 'oeDcV0Zc4eR8nIigyAVbHx0c5oAc'
2018-01-11 21:37:51:UPDATE t_user SET logo='logo/tmp_49dbc4e6e4ddd340254de6e82baace20.jpg' WHERE 1 AND openid = 'oeDcV0Zc4eR8nIigyAVbHx0c5oAc'
2018-01-11 21:40:39:UPDATE t_user SET logo='logo/tmp_b91d86b451de2e886fbef0f69b809725.jpg' WHERE 1 AND openid = 'oeDcV0Zc4eR8nIigyAVbHx0c5oAc'
2018-01-11 21:40:47:UPDATE t_user SET logo='logo/tmp_b91d86b451de2e886fbef0f69b809725.jpg' WHERE 1 AND openid = 'oeDcV0Zc4eR8nIigyAVbHx0c5oAc'
2018-01-11 21:40:47:UPDATE t_user SET logo='logo/tmp_b91d86b451de2e886fbef0f69b809725.jpg' WHERE 1 AND openid = 'oeDcV0Zc4eR8nIigyAVbHx0c5oAc'
2018-01-11 21:40:59:UPDATE t_user SET logo='logo/tmp_5fabe13db2884d33d5f248103f916de7.jpg' WHERE 1 AND openid = 'oeDcV0Zc4eR8nIigyAVbHx0c5oAc'
2018-01-11 21:41:19:UPDATE t_user SET logo='logo/tmp_4e03d73658de57207219a092dd9c0bb0.jpg' WHERE 1 AND openid = 'oeDcV0Zc4eR8nIigyAVbHx0c5oAc'
2018-01-11 21:41:35:UPDATE t_user SET logo='logo/tmp_31227dabc01f54de7ef2f7422e7219d9.jpg' WHERE 1 AND openid = 'oeDcV0Zc4eR8nIigyAVbHx0c5oAc'
2018-01-11 21:41:58:UPDATE t_user SET logo='logo/tmp_d719b2f174e20b32c93d234f18a390f2.jpg' WHERE 1 AND openid = 'oeDcV0Zc4eR8nIigyAVbHx0c5oAc'
2018-01-11 21:42:16:UPDATE t_user SET logo='logo/tmp_3bb2ee67664c77028a80550169df392c.jpg' WHERE 1 AND openid = 'oeDcV0Zc4eR8nIigyAVbHx0c5oAc'
2018-01-11 21:42:36:UPDATE t_user SET logo='logo/tmp_ae4856bf9b02bad22ff373fdb52111e3.jpg' WHERE 1 AND openid = 'oeDcV0Zc4eR8nIigyAVbHx0c5oAc'
2018-01-11 21:44:19:UPDATE t_user SET logo='logo/tmp_58c744e22ceb3f27888c89953094ef30.jpg' WHERE 1 AND openid = 'oeDcV0Zc4eR8nIigyAVbHx0c5oAc'
2018-01-11 21:46:22:UPDATE t_user SET logo='logo/tmp_dc5037f696089b638f42a775db319d85.jpg' WHERE 1 AND openid = 'oeDcV0Zc4eR8nIigyAVbHx0c5oAc'
2018-01-11 21:49:42:UPDATE t_user SET logo='logo/tmp_0752a30b1ec24e9d19f95791cf86e6b0.jpg' WHERE 1 AND openid = 'oeDcV0Zc4eR8nIigyAVbHx0c5oAc'
2018-01-11 21:50:51:UPDATE t_user SET logo='act/tmp_ee6c282d716cfb83563f83b2b1f91ae7.jpg' WHERE 1 AND openid = 'oeDcV0Zc4eR8nIigyAVbHx0c5oAc'
2018-01-11 21:54:26:UPDATE t_user SET logo='logo/tmp_7188f8877cc648e19fbe7670aeb6b17f.jpg' WHERE 1 AND openid = 'oeDcV0Zc4eR8nIigyAVbHx0c5oAc'
2018-01-11 22:01:39:UPDATE t_user SET logo='act/tmp_43faba2272a1ee7f41e57eb46015cfba.jpg' WHERE 1 AND openid = 'oeDcV0TIhZCvU1UFnqrdS_fKJxW0'
2018-01-11 22:02:32:UPDATE t_user SET logo='act/tmp_d888ddc73e730a9dbc84119d01c40b1b.jpg' WHERE 1 AND openid = 'oeDcV0TIhZCvU1UFnqrdS_fKJxW0'
2018-01-11 22:03:15:UPDATE t_user SET logo='act/tmp_1c92fe5d4503b7ee62b9638ff4c3ae47.jpg' WHERE 1 AND openid = 'oeDcV0TIhZCvU1UFnqrdS_fKJxW0'
2018-01-11 22:05:21:UPDATE t_user SET logo='act/tmp_fbe233488b47ae47e31c74e6baa74099.jpg' WHERE 1 AND openid = 'oeDcV0TIhZCvU1UFnqrdS_fKJxW0'
2018-01-11 22:06:11:UPDATE t_user SET logo='act/poster/tmp_6094707cfa5803ba75a4ee84272d7e5f.png' WHERE 1 AND openid = 'oeDcV0TIhZCvU1UFnqrdS_fKJxW0'
2018-01-11 22:07:33:UPDATE t_user SET lat='28.201869235451',lng='112.86124856567',mobile='15812345678',avatarUrl='https://wx.qlogo.cn/mmopen/vi_32/4GXO0Stia1PausEWexoTAzxxljoVzEjdBSvs4XnfQnMyEFRCE0ZHx15vtUkl6YdnBXNOXzvz2Qjod3rdLpYiclibA/0',is_show_info='SHOW',name='Cdssas',nick_name='aaaaaaaaaa陈端生0123456789+-×÷',wx='Cds',address='湖南省长沙市岳麓区湖南省长沙市岳麓区麓谷新世界(麓谷汽车世界南)',gender='1',city='Changsha',logo='wxfile://tmp_7188f8877cc648e19fbe7670aeb6b17f.jpg',openid='oeDcV0Zc4eR8nIigyAVbHx0c5oAc' WHERE 1 AND openid = 'oeDcV0Zc4eR8nIigyAVbHx0c5oAc'
2018-01-11 22:08:56:UPDATE t_user SET logo='act/tmp_73475424e07cd4408e45d4c2b910eda4dc13eb087060e230.jpg' WHERE 1 AND openid = 'oeDcV0W0lW2u-WnondVku8uZZo4k'
2018-01-11 22:09:00:UPDATE t_user SET lat='28.221260713671',lng='112.87691811689',mobile='18912345678',avatarUrl='https://wx.qlogo.cn/mmopen/vi_32/Fp75BwsBiaLEb5LZPDViaWJRVCjs9bib5HKCcWiaF1DjTdMwCStJD4KcaMZibuAs94SHszvA0pG8arMCPXy3I7e7dYw/0',name='123456',nick_name='阿三',wx='123',address='湖南省长沙市岳麓区桐梓坡路408号',gender='1',city='Shenzhen',logo='https://xcxs1.xizai.com/pintu/images/act/poster/tmp_6094707cfa5803ba75a4ee84272d7e5f.png',openid='oeDcV0TIhZCvU1UFnqrdS_fKJxW0' WHERE 1 AND openid = 'oeDcV0TIhZCvU1UFnqrdS_fKJxW0'
2018-01-11 22:09:00:UPDATE t_user SET logo='act/tmp_42e330934e9af74810fc0ebc765633f53e3c044b125bee60.jpg' WHERE 1 AND openid = 'oeDcV0W0lW2u-WnondVku8uZZo4k'
2018-01-11 22:09:07:UPDATE t_user SET logo='act/poster/tmp_e2891e08aa0cee68ca041ceaa74ee23ba6f7a310758166ee.png' WHERE 1 AND openid = 'oeDcV0W0lW2u-WnondVku8uZZo4k'
2018-01-11 22:09:54:UPDATE t_user SET lat='28.176031414571',lng='113.02564389358',mobile='18912345678',avatarUrl='https://wx.qlogo.cn/mmopen/vi_32/Fp75BwsBiaLEb5LZPDViaWJRVCjs9bib5HKCcWiaF1DjTdMwCStJD4KcaMZibuAs94SHszvA0pG8arMCPXy3I7e7dYw/0',name='123456',nick_name='阿三',wx='123',address='湖南省长沙市雨花区火焰村汇达大厦一楼101,102号及二楼201号西南角部分',gender='1',city='Shenzhen',logo='https://xcxs1.xizai.com/pintu/images/https://xcxs1.xizai.com/pintu/images/act/poster/tmp_6094707cfa5803ba75a4ee84272d7e5f.png',openid='oeDcV0TIhZCvU1UFnqrdS_fKJxW0' WHERE 1 AND openid = 'oeDcV0TIhZCvU1UFnqrdS_fKJxW0'
