2018-01-17 10:52:14:UPDATE t_user SET logo='act/wx3d00770652053edd.o6zAJs9bs--3Qn1Jkc_lFPynmD4A.9b8933d0fc8c091fb4f48a208d3cd4c3.png' WHERE 1 AND openid = 'oeDcV0W0lW2u-WnondVku8uZZo4k'
2018-01-17 10:52:17:UPDATE t_user SET logo='act/wx3d00770652053edd.o6zAJs9bs--3Qn1Jkc_lFPynmD4A.46fb47194498945c833fab9f4719d5ee.png' WHERE 1 AND openid = 'oeDcV0W0lW2u-WnondVku8uZZo4k'
2018-01-17 10:52:20:UPDATE t_user SET logo='act/wx3d00770652053edd.o6zAJs9bs--3Qn1Jkc_lFPynmD4A.4285b7513a72bb6c4e655cbc57fb82a3.png' WHERE 1 AND openid = 'oeDcV0W0lW2u-WnondVku8uZZo4k'
2018-01-17 10:52:23:UPDATE t_user SET logo='act/wx3d00770652053edd.o6zAJs9bs--3Qn1Jkc_lFPynmD4A.891d9de6ea78ec546005f38587e80543.png' WHERE 1 AND openid = 'oeDcV0W0lW2u-WnondVku8uZZo4k'
2018-01-17 10:52:26:UPDATE t_user SET logo='act/wx3d00770652053edd.o6zAJs9bs--3Qn1Jkc_lFPynmD4A.891d9de6ea78ec546005f38587e80543.png' WHERE 1 AND openid = 'oeDcV0W0lW2u-WnondVku8uZZo4k'
2018-01-17 10:52:30:UPDATE t_user SET logo='act/wx3d00770652053edd.o6zAJs9bs--3Qn1Jkc_lFPynmD4A.9b8933d0fc8c091fb4f48a208d3cd4c3.png' WHERE 1 AND openid = 'oeDcV0W0lW2u-WnondVku8uZZo4k'
2018-01-17 10:55:16:UPDATE t_user SET logo='act/wx3d00770652053edd.o6zAJs9bs--3Qn1Jkc_lFPynmD4A.63e45f76f36000fe96f5d75406f0fb15.png' WHERE 1 AND openid = 'oeDcV0W0lW2u-WnondVku8uZZo4k'
2018-01-17 10:59:12:UPDATE t_user SET logo='act/wx3d00770652053edd.o6zAJs9bs--3Qn1Jkc_lFPynmD4A.9b8933d0fc8c091fb4f48a208d3cd4c3.png' WHERE 1 AND openid = 'oeDcV0W0lW2u-WnondVku8uZZo4k'
2018-01-17 11:07:21:UPDATE t_user SET logo='act/wx3d00770652053edd.o6zAJs9bs--3Qn1Jkc_lFPynmD4A.63e45f76f36000fe96f5d75406f0fb15.png' WHERE 1 AND openid = 'oeDcV0W0lW2u-WnondVku8uZZo4k'
2018-01-17 11:15:54:UPDATE t_user SET logo='act/wx3d00770652053edd.o6zAJs9bs--3Qn1Jkc_lFPynmD4A.63e45f76f36000fe96f5d75406f0fb15.png' WHERE 1 AND openid = 'oeDcV0W0lW2u-WnondVku8uZZo4k'
2018-01-17 11:15:54:UPDATE t_user SET logo='act/wx3d00770652053edd.o6zAJs9bs--3Qn1Jkc_lFPynmD4A.46fb47194498945c833fab9f4719d5ee.png' WHERE 1 AND openid = 'oeDcV0W0lW2u-WnondVku8uZZo4k'
2018-01-17 11:20:00:UPDATE t_user SET logo='act/wx3d00770652053edd.o6zAJs9bs--3Qn1Jkc_lFPynmD4A.4285b7513a72bb6c4e655cbc57fb82a3.png' WHERE 1 AND openid = 'oeDcV0W0lW2u-WnondVku8uZZo4k'
2018-01-17 11:20:12:UPDATE t_user SET logo='act/wx3d00770652053edd.o6zAJs9bs--3Qn1Jkc_lFPynmD4A.891d9de6ea78ec546005f38587e80543.png' WHERE 1 AND openid = 'oeDcV0W0lW2u-WnondVku8uZZo4k'
2018-01-17 11:37:57:UPDATE t_user SET logo='act/wx3d00770652053edd.o6zAJs9bs--3Qn1Jkc_lFPynmD4A.9b8933d0fc8c091fb4f48a208d3cd4c3.png' WHERE 1 AND openid = 'oeDcV0W0lW2u-WnondVku8uZZo4k'
2018-01-17 11:39:03:UPDATE t_user SET logo='act/wx3d00770652053edd.o6zAJs9bs--3Qn1Jkc_lFPynmD4A.4285b7513a72bb6c4e655cbc57fb82a3.png' WHERE 1 AND openid = 'oeDcV0W0lW2u-WnondVku8uZZo4k'
2018-01-17 11:41:16:UPDATE t_user SET logo='act/wx3d00770652053edd.o6zAJs9bs--3Qn1Jkc_lFPynmD4A.9b8933d0fc8c091fb4f48a208d3cd4c3.png' WHERE 1 AND openid = 'oeDcV0W0lW2u-WnondVku8uZZo4k'
2018-01-17 11:41:20:UPDATE t_user SET logo='act/wx3d00770652053edd.o6zAJs9bs--3Qn1Jkc_lFPynmD4A.63e45f76f36000fe96f5d75406f0fb15.png' WHERE 1 AND openid = 'oeDcV0W0lW2u-WnondVku8uZZo4k'
2018-01-17 11:41:24:UPDATE t_user SET logo='act/wx3d00770652053edd.o6zAJs9bs--3Qn1Jkc_lFPynmD4A.63e45f76f36000fe96f5d75406f0fb15.png' WHERE 1 AND openid = 'oeDcV0W0lW2u-WnondVku8uZZo4k'
2018-01-17 11:41:29:UPDATE t_user SET logo='act/wx3d00770652053edd.o6zAJs9bs--3Qn1Jkc_lFPynmD4A.63e45f76f36000fe96f5d75406f0fb15.png' WHERE 1 AND openid = 'oeDcV0W0lW2u-WnondVku8uZZo4k'
2018-01-17 11:41:34:UPDATE t_user SET logo='act/wx3d00770652053edd.o6zAJs9bs--3Qn1Jkc_lFPynmD4A.63e45f76f36000fe96f5d75406f0fb15.png' WHERE 1 AND openid = 'oeDcV0W0lW2u-WnondVku8uZZo4k'
2018-01-17 11:41:37:UPDATE t_user SET logo='act/wx3d00770652053edd.o6zAJs9bs--3Qn1Jkc_lFPynmD4A.63e45f76f36000fe96f5d75406f0fb15.png' WHERE 1 AND openid = 'oeDcV0W0lW2u-WnondVku8uZZo4k'
2018-01-17 11:41:46:UPDATE t_user SET logo='act/wx3d00770652053edd.o6zAJs9bs--3Qn1Jkc_lFPynmD4A.63e45f76f36000fe96f5d75406f0fb15.png' WHERE 1 AND openid = 'oeDcV0W0lW2u-WnondVku8uZZo4k'
2018-01-17 11:41:49:UPDATE t_user SET logo='act/wx3d00770652053edd.o6zAJs9bs--3Qn1Jkc_lFPynmD4A.63e45f76f36000fe96f5d75406f0fb15.png' WHERE 1 AND openid = 'oeDcV0W0lW2u-WnondVku8uZZo4k'
2018-01-17 11:41:55:UPDATE t_user SET logo='act/wx3d00770652053edd.o6zAJs9bs--3Qn1Jkc_lFPynmD4A.63e45f76f36000fe96f5d75406f0fb15.png' WHERE 1 AND openid = 'oeDcV0W0lW2u-WnondVku8uZZo4k'
2018-01-17 11:42:07:UPDATE t_user SET logo='act/wx3d00770652053edd.o6zAJs9bs--3Qn1Jkc_lFPynmD4A.63e45f76f36000fe96f5d75406f0fb15.png' WHERE 1 AND openid = 'oeDcV0W0lW2u-WnondVku8uZZo4k'
2018-01-17 11:42:10:UPDATE t_user SET logo='act/wx3d00770652053edd.o6zAJs9bs--3Qn1Jkc_lFPynmD4A.63e45f76f36000fe96f5d75406f0fb15.png' WHERE 1 AND openid = 'oeDcV0W0lW2u-WnondVku8uZZo4k'
2018-01-17 11:43:38:UPDATE t_user SET logo='act/wx3d00770652053edd.o6zAJs9bs--3Qn1Jkc_lFPynmD4A.63e45f76f36000fe96f5d75406f0fb15.png' WHERE 1 AND openid = 'oeDcV0W0lW2u-WnondVku8uZZo4k'
2018-01-17 11:44:02:UPDATE t_user SET logo='act/wx3d00770652053edd.o6zAJs9bs--3Qn1Jkc_lFPynmD4A.9b8933d0fc8c091fb4f48a208d3cd4c3.png' WHERE 1 AND openid = 'oeDcV0W0lW2u-WnondVku8uZZo4k'
2018-01-17 11:44:06:UPDATE t_user SET logo='act/wx3d00770652053edd.o6zAJs9bs--3Qn1Jkc_lFPynmD4A.63e45f76f36000fe96f5d75406f0fb15.png' WHERE 1 AND openid = 'oeDcV0W0lW2u-WnondVku8uZZo4k'
2018-01-17 11:46:09:UPDATE t_user SET logo='act/wx3d00770652053edd.o6zAJs9bs--3Qn1Jkc_lFPynmD4A.9b8933d0fc8c091fb4f48a208d3cd4c3.png' WHERE 1 AND openid = 'oeDcV0W0lW2u-WnondVku8uZZo4k'
2018-01-17 11:46:56:UPDATE t_user SET logo='act/wx3d00770652053edd.o6zAJs9bs--3Qn1Jkc_lFPynmD4A.63e45f76f36000fe96f5d75406f0fb15.png' WHERE 1 AND openid = 'oeDcV0W0lW2u-WnondVku8uZZo4k'
2018-01-17 11:50:46:UPDATE t_user SET logo='act/wx3d00770652053edd.o6zAJs9bs--3Qn1Jkc_lFPynmD4A.9b8933d0fc8c091fb4f48a208d3cd4c3.png' WHERE 1 AND openid = 'oeDcV0W0lW2u-WnondVku8uZZo4k'
2018-01-17 11:50:48:UPDATE t_user SET logo='act/wx3d00770652053edd.o6zAJs9bs--3Qn1Jkc_lFPynmD4A.63e45f76f36000fe96f5d75406f0fb15.png' WHERE 1 AND openid = 'oeDcV0W0lW2u-WnondVku8uZZo4k'
2018-01-17 11:51:11:UPDATE t_user SET logo='act/wx3d00770652053edd.o6zAJs9bs--3Qn1Jkc_lFPynmD4A.9b8933d0fc8c091fb4f48a208d3cd4c3.png' WHERE 1 AND openid = 'oeDcV0W0lW2u-WnondVku8uZZo4k'
2018-01-17 11:51:11:UPDATE t_user SET logo='act/wx3d00770652053edd.o6zAJs9bs--3Qn1Jkc_lFPynmD4A.63e45f76f36000fe96f5d75406f0fb15.png' WHERE 1 AND openid = 'oeDcV0W0lW2u-WnondVku8uZZo4k'
2018-01-17 11:51:12:UPDATE t_user SET logo='act/wx3d00770652053edd.o6zAJs9bs--3Qn1Jkc_lFPynmD4A.46fb47194498945c833fab9f4719d5ee.png' WHERE 1 AND openid = 'oeDcV0W0lW2u-WnondVku8uZZo4k'
2018-01-17 11:51:12:UPDATE t_user SET logo='act/wx3d00770652053edd.o6zAJs9bs--3Qn1Jkc_lFPynmD4A.4285b7513a72bb6c4e655cbc57fb82a3.png' WHERE 1 AND openid = 'oeDcV0W0lW2u-WnondVku8uZZo4k'
2018-01-17 11:51:13:UPDATE t_user SET logo='act/wx3d00770652053edd.o6zAJs9bs--3Qn1Jkc_lFPynmD4A.891d9de6ea78ec546005f38587e80543.png' WHERE 1 AND openid = 'oeDcV0W0lW2u-WnondVku8uZZo4k'
2018-01-17 11:52:07:UPDATE t_user SET logo='act/wx3d00770652053edd.o6zAJs9bs--3Qn1Jkc_lFPynmD4A.9b8933d0fc8c091fb4f48a208d3cd4c3.png' WHERE 1 AND openid = 'oeDcV0W0lW2u-WnondVku8uZZo4k'
2018-01-17 11:52:07:UPDATE t_user SET logo='act/wx3d00770652053edd.o6zAJs9bs--3Qn1Jkc_lFPynmD4A.63e45f76f36000fe96f5d75406f0fb15.png' WHERE 1 AND openid = 'oeDcV0W0lW2u-WnondVku8uZZo4k'
2018-01-17 11:52:08:UPDATE t_user SET logo='act/wx3d00770652053edd.o6zAJs9bs--3Qn1Jkc_lFPynmD4A.46fb47194498945c833fab9f4719d5ee.png' WHERE 1 AND openid = 'oeDcV0W0lW2u-WnondVku8uZZo4k'
2018-01-17 11:52:14:UPDATE t_user SET logo='act/wx3d00770652053edd.o6zAJs9bs--3Qn1Jkc_lFPynmD4A.63e45f76f36000fe96f5d75406f0fb15.png' WHERE 1 AND openid = 'oeDcV0W0lW2u-WnondVku8uZZo4k'
2018-01-17 11:52:16:UPDATE t_user SET logo='act/wx3d00770652053edd.o6zAJs9bs--3Qn1Jkc_lFPynmD4A.4285b7513a72bb6c4e655cbc57fb82a3.png' WHERE 1 AND openid = 'oeDcV0W0lW2u-WnondVku8uZZo4k'
2018-01-17 11:52:17:UPDATE t_user SET logo='act/wx3d00770652053edd.o6zAJs9bs--3Qn1Jkc_lFPynmD4A.891d9de6ea78ec546005f38587e80543.png' WHERE 1 AND openid = 'oeDcV0W0lW2u-WnondVku8uZZo4k'
2018-01-17 11:52:21:UPDATE t_user SET logo='act/wx3d00770652053edd.o6zAJs9bs--3Qn1Jkc_lFPynmD4A.9b8933d0fc8c091fb4f48a208d3cd4c3.png' WHERE 1 AND openid = 'oeDcV0W0lW2u-WnondVku8uZZo4k'
2018-01-17 11:52:22:UPDATE t_user SET logo='act/wx3d00770652053edd.o6zAJs9bs--3Qn1Jkc_lFPynmD4A.63e45f76f36000fe96f5d75406f0fb15.png' WHERE 1 AND openid = 'oeDcV0W0lW2u-WnondVku8uZZo4k'
2018-01-17 11:52:49:UPDATE t_user SET logo='act/wx3d00770652053edd.o6zAJs9bs--3Qn1Jkc_lFPynmD4A.9b8933d0fc8c091fb4f48a208d3cd4c3.png' WHERE 1 AND openid = 'oeDcV0W0lW2u-WnondVku8uZZo4k'
2018-01-17 11:52:50:UPDATE t_user SET logo='act/wx3d00770652053edd.o6zAJs9bs--3Qn1Jkc_lFPynmD4A.63e45f76f36000fe96f5d75406f0fb15.png' WHERE 1 AND openid = 'oeDcV0W0lW2u-WnondVku8uZZo4k'
2018-01-17 11:52:50:UPDATE t_user SET logo='act/wx3d00770652053edd.o6zAJs9bs--3Qn1Jkc_lFPynmD4A.46fb47194498945c833fab9f4719d5ee.png' WHERE 1 AND openid = 'oeDcV0W0lW2u-WnondVku8uZZo4k'
2018-01-17 11:53:27:UPDATE t_user SET logo='act/wx3d00770652053edd.o6zAJs9bs--3Qn1Jkc_lFPynmD4A.9b8933d0fc8c091fb4f48a208d3cd4c3.png' WHERE 1 AND openid = 'oeDcV0W0lW2u-WnondVku8uZZo4k'
2018-01-17 11:53:27:UPDATE t_user SET logo='act/wx3d00770652053edd.o6zAJs9bs--3Qn1Jkc_lFPynmD4A.63e45f76f36000fe96f5d75406f0fb15.png' WHERE 1 AND openid = 'oeDcV0W0lW2u-WnondVku8uZZo4k'
2018-01-17 11:53:28:UPDATE t_user SET logo='act/wx3d00770652053edd.o6zAJs9bs--3Qn1Jkc_lFPynmD4A.46fb47194498945c833fab9f4719d5ee.png' WHERE 1 AND openid = 'oeDcV0W0lW2u-WnondVku8uZZo4k'
2018-01-17 11:53:33:UPDATE t_user SET logo='act/wx3d00770652053edd.o6zAJs9bs--3Qn1Jkc_lFPynmD4A.9b8933d0fc8c091fb4f48a208d3cd4c3.png' WHERE 1 AND openid = 'oeDcV0W0lW2u-WnondVku8uZZo4k'
2018-01-17 11:53:34:UPDATE t_user SET logo='act/wx3d00770652053edd.o6zAJs9bs--3Qn1Jkc_lFPynmD4A.63e45f76f36000fe96f5d75406f0fb15.png' WHERE 1 AND openid = 'oeDcV0W0lW2u-WnondVku8uZZo4k'
2018-01-17 11:53:35:UPDATE t_user SET logo='act/wx3d00770652053edd.o6zAJs9bs--3Qn1Jkc_lFPynmD4A.4285b7513a72bb6c4e655cbc57fb82a3.png' WHERE 1 AND openid = 'oeDcV0W0lW2u-WnondVku8uZZo4k'
2018-01-17 11:53:35:UPDATE t_user SET logo='act/wx3d00770652053edd.o6zAJs9bs--3Qn1Jkc_lFPynmD4A.891d9de6ea78ec546005f38587e80543.png' WHERE 1 AND openid = 'oeDcV0W0lW2u-WnondVku8uZZo4k'
2018-01-17 11:55:29:UPDATE t_user SET logo='act/wx3d00770652053edd.o6zAJs9bs--3Qn1Jkc_lFPynmD4A.4285b7513a72bb6c4e655cbc57fb82a3.png' WHERE 1 AND openid = 'oeDcV0W0lW2u-WnondVku8uZZo4k'
2018-01-17 11:55:52:UPDATE t_user SET logo='act/wx3d00770652053edd.o6zAJs9bs--3Qn1Jkc_lFPynmD4A.46fb47194498945c833fab9f4719d5ee.png' WHERE 1 AND openid = 'oeDcV0W0lW2u-WnondVku8uZZo4k'
2018-01-17 13:43:35:UPDATE t_user SET logo='act/wx3d00770652053edd.o6zAJs9bs--3Qn1Jkc_lFPynmD4A.9b8933d0fc8c091fb4f48a208d3cd4c3.png' WHERE 1 AND openid = 'oeDcV0W0lW2u-WnondVku8uZZo4k'
2018-01-17 13:44:01:UPDATE t_user SET logo='act/wx3d00770652053edd.o6zAJs9bs--3Qn1Jkc_lFPynmD4A.63e45f76f36000fe96f5d75406f0fb15.png' WHERE 1 AND openid = 'oeDcV0W0lW2u-WnondVku8uZZo4k'
2018-01-17 13:44:20:UPDATE t_user SET logo='act/wx3d00770652053edd.o6zAJs9bs--3Qn1Jkc_lFPynmD4A.46fb47194498945c833fab9f4719d5ee.png' WHERE 1 AND openid = 'oeDcV0W0lW2u-WnondVku8uZZo4k'
2018-01-17 13:44:44:UPDATE t_user SET logo='act/wx3d00770652053edd.o6zAJs9bs--3Qn1Jkc_lFPynmD4A.9b8933d0fc8c091fb4f48a208d3cd4c3.png' WHERE 1 AND openid = 'oeDcV0W0lW2u-WnondVku8uZZo4k'
2018-01-17 13:45:01:UPDATE t_user SET logo='act/wx3d00770652053edd.o6zAJs9bs--3Qn1Jkc_lFPynmD4A.63e45f76f36000fe96f5d75406f0fb15.png' WHERE 1 AND openid = 'oeDcV0W0lW2u-WnondVku8uZZo4k'
2018-01-17 13:45:24:UPDATE t_user SET logo='act/wx3d00770652053edd.o6zAJs9bs--3Qn1Jkc_lFPynmD4A.46fb47194498945c833fab9f4719d5ee.png' WHERE 1 AND openid = 'oeDcV0W0lW2u-WnondVku8uZZo4k'
2018-01-17 13:46:12:UPDATE t_user SET logo='act/wx3d00770652053edd.o6zAJs9bs--3Qn1Jkc_lFPynmD4A.4285b7513a72bb6c4e655cbc57fb82a3.png' WHERE 1 AND openid = 'oeDcV0W0lW2u-WnondVku8uZZo4k'
2018-01-17 13:47:37:UPDATE t_user SET logo='act/wx3d00770652053edd.o6zAJs9bs--3Qn1Jkc_lFPynmD4A.9b8933d0fc8c091fb4f48a208d3cd4c3.png' WHERE 1 AND openid = 'oeDcV0W0lW2u-WnondVku8uZZo4k'
2018-01-17 13:47:37:UPDATE t_user SET logo='act/wx3d00770652053edd.o6zAJs9bs--3Qn1Jkc_lFPynmD4A.63e45f76f36000fe96f5d75406f0fb15.png' WHERE 1 AND openid = 'oeDcV0W0lW2u-WnondVku8uZZo4k'
2018-01-17 13:47:38:UPDATE t_user SET logo='act/wx3d00770652053edd.o6zAJs9bs--3Qn1Jkc_lFPynmD4A.46fb47194498945c833fab9f4719d5ee.png' WHERE 1 AND openid = 'oeDcV0W0lW2u-WnondVku8uZZo4k'
2018-01-17 13:47:43:UPDATE t_user SET logo='act/wx3d00770652053edd.o6zAJs9bs--3Qn1Jkc_lFPynmD4A.63e45f76f36000fe96f5d75406f0fb15.png' WHERE 1 AND openid = 'oeDcV0W0lW2u-WnondVku8uZZo4k'
2018-01-17 13:47:43:UPDATE t_user SET logo='act/wx3d00770652053edd.o6zAJs9bs--3Qn1Jkc_lFPynmD4A.46fb47194498945c833fab9f4719d5ee.png' WHERE 1 AND openid = 'oeDcV0W0lW2u-WnondVku8uZZo4k'
2018-01-17 13:47:44:UPDATE t_user SET logo='act/wx3d00770652053edd.o6zAJs9bs--3Qn1Jkc_lFPynmD4A.4285b7513a72bb6c4e655cbc57fb82a3.png' WHERE 1 AND openid = 'oeDcV0W0lW2u-WnondVku8uZZo4k'
2018-01-17 13:48:00:UPDATE t_user SET logo='act/wx3d00770652053edd.o6zAJs9bs--3Qn1Jkc_lFPynmD4A.891d9de6ea78ec546005f38587e80543.png' WHERE 1 AND openid = 'oeDcV0W0lW2u-WnondVku8uZZo4k'
2018-01-17 13:48:07:UPDATE t_user SET logo='act/wx3d00770652053edd.o6zAJs9bs--3Qn1Jkc_lFPynmD4A.4285b7513a72bb6c4e655cbc57fb82a3.png' WHERE 1 AND openid = 'oeDcV0W0lW2u-WnondVku8uZZo4k'
2018-01-17 13:48:18:UPDATE t_user SET logo='act/wx3d00770652053edd.o6zAJs9bs--3Qn1Jkc_lFPynmD4A.9b8933d0fc8c091fb4f48a208d3cd4c3.png' WHERE 1 AND openid = 'oeDcV0W0lW2u-WnondVku8uZZo4k'
2018-01-17 13:49:53:UPDATE t_user SET logo='act/wx3d00770652053edd.o6zAJs9bs--3Qn1Jkc_lFPynmD4A.8e7d0720d4c46903ec4816f7e93deba3.png' WHERE 1 AND openid = 'oeDcV0W0lW2u-WnondVku8uZZo4k'
2018-01-17 14:16:59:UPDATE t_user SET logo='act/wx3d00770652053edd.o6zAJs9bs--3Qn1Jkc_lFPynmD4A.9281b0bd4577b90d878f15a2694cbe9c.png' WHERE 1 AND openid = 'oeDcV0W0lW2u-WnondVku8uZZo4k'
2018-01-17 14:17:00:UPDATE t_user SET logo='act/wx3d00770652053edd.o6zAJs9bs--3Qn1Jkc_lFPynmD4A.144a93532158c85affd502ee0ecee2e1.png' WHERE 1 AND openid = 'oeDcV0W0lW2u-WnondVku8uZZo4k'
2018-01-17 14:17:20:UPDATE t_user SET logo='act/wx3d00770652053edd.o6zAJs9bs--3Qn1Jkc_lFPynmD4A.6a10599619a65c4963523e304277ae8e.png' WHERE 1 AND openid = 'oeDcV0W0lW2u-WnondVku8uZZo4k'
2018-01-17 14:17:21:UPDATE t_user SET logo='act/wx3d00770652053edd.o6zAJs9bs--3Qn1Jkc_lFPynmD4A.839f01bc0f2c367566eaa707d843619f.png' WHERE 1 AND openid = 'oeDcV0W0lW2u-WnondVku8uZZo4k'
2018-01-17 14:17:21:UPDATE t_user SET logo='act/wx3d00770652053edd.o6zAJs9bs--3Qn1Jkc_lFPynmD4A.dbc86c5ff4110ccde3b70b81d288e8fc.png' WHERE 1 AND openid = 'oeDcV0W0lW2u-WnondVku8uZZo4k'
2018-01-17 14:17:22:UPDATE t_user SET logo='act/wx3d00770652053edd.o6zAJs9bs--3Qn1Jkc_lFPynmD4A.9a72b459e1f50b598eda5662fa1488c4.png' WHERE 1 AND openid = 'oeDcV0W0lW2u-WnondVku8uZZo4k'
2018-01-17 14:17:30:UPDATE t_user SET logo='act/wx3d00770652053edd.o6zAJs9bs--3Qn1Jkc_lFPynmD4A.281a5de885e1261344fee0dcecc34507.png' WHERE 1 AND openid = 'oeDcV0W0lW2u-WnondVku8uZZo4k'
2018-01-17 14:22:52:UPDATE t_user SET logo='act/wx3d00770652053edd.o6zAJs9bs--3Qn1Jkc_lFPynmD4A.8e7d0720d4c46903ec4816f7e93deba3.png' WHERE 1 AND openid = 'oeDcV0W0lW2u-WnondVku8uZZo4k'
2018-01-17 14:22:52:UPDATE t_user SET logo='act/wx3d00770652053edd.o6zAJs9bs--3Qn1Jkc_lFPynmD4A.80ad22715dd238ade6bed71efadd318d.png' WHERE 1 AND openid = 'oeDcV0W0lW2u-WnondVku8uZZo4k'
2018-01-17 14:22:52:UPDATE t_user SET logo='act/wx3d00770652053edd.o6zAJs9bs--3Qn1Jkc_lFPynmD4A.9a72b459e1f50b598eda5662fa1488c4.png' WHERE 1 AND openid = 'oeDcV0W0lW2u-WnondVku8uZZo4k'
2018-01-17 14:22:57:UPDATE t_user SET logo='act/wx3d00770652053edd.o6zAJs9bs--3Qn1Jkc_lFPynmD4A.488f9e33446d3432da0626a7d54d9eee.png' WHERE 1 AND openid = 'oeDcV0W0lW2u-WnondVku8uZZo4k'
2018-01-17 14:25:47:UPDATE t_user SET logo='act/wx3d00770652053edd.o6zAJs9bs--3Qn1Jkc_lFPynmD4A.80ad22715dd238ade6bed71efadd318d.png' WHERE 1 AND openid = 'oeDcV0W0lW2u-WnondVku8uZZo4k'
2018-01-17 14:25:47:UPDATE t_user SET logo='act/wx3d00770652053edd.o6zAJs9bs--3Qn1Jkc_lFPynmD4A.9a72b459e1f50b598eda5662fa1488c4.png' WHERE 1 AND openid = 'oeDcV0W0lW2u-WnondVku8uZZo4k'
2018-01-17 14:25:47:UPDATE t_user SET logo='act/wx3d00770652053edd.o6zAJs9bs--3Qn1Jkc_lFPynmD4A.76335cb145d548304ee5224640033782.png' WHERE 1 AND openid = 'oeDcV0W0lW2u-WnondVku8uZZo4k'
2018-01-17 14:25:52:UPDATE t_user SET logo='act/wx3d00770652053edd.o6zAJs9bs--3Qn1Jkc_lFPynmD4A.6a10599619a65c4963523e304277ae8e.png' WHERE 1 AND openid = 'oeDcV0W0lW2u-WnondVku8uZZo4k'
2018-01-17 14:25:53:UPDATE t_user SET logo='act/wx3d00770652053edd.o6zAJs9bs--3Qn1Jkc_lFPynmD4A.839f01bc0f2c367566eaa707d843619f.png' WHERE 1 AND openid = 'oeDcV0W0lW2u-WnondVku8uZZo4k'
2018-01-17 14:25:53:UPDATE t_user SET logo='act/wx3d00770652053edd.o6zAJs9bs--3Qn1Jkc_lFPynmD4A.9a92f94c0c8733d08042930df417a1e0.png' WHERE 1 AND openid = 'oeDcV0W0lW2u-WnondVku8uZZo4k'
2018-01-17 14:26:01:UPDATE t_user SET logo='act/wx3d00770652053edd.o6zAJs9bs--3Qn1Jkc_lFPynmD4A.dbc86c5ff4110ccde3b70b81d288e8fc.png' WHERE 1 AND openid = 'oeDcV0W0lW2u-WnondVku8uZZo4k'
2018-01-17 14:35:47:UPDATE t_user SET logo='act/wx3d00770652053edd.o6zAJs9bs--3Qn1Jkc_lFPynmD4A.46fb47194498945c833fab9f4719d5ee.png' WHERE 1 AND openid = 'oeDcV0W0lW2u-WnondVku8uZZo4k'
2018-01-17 14:35:48:UPDATE t_user SET logo='act/wx3d00770652053edd.o6zAJs9bs--3Qn1Jkc_lFPynmD4A.4285b7513a72bb6c4e655cbc57fb82a3.png' WHERE 1 AND openid = 'oeDcV0W0lW2u-WnondVku8uZZo4k'
2018-01-17 14:35:48:UPDATE t_user SET logo='act/wx3d00770652053edd.o6zAJs9bs--3Qn1Jkc_lFPynmD4A.891d9de6ea78ec546005f38587e80543.png' WHERE 1 AND openid = 'oeDcV0W0lW2u-WnondVku8uZZo4k'
2018-01-17 14:36:19:UPDATE t_user SET logo='act/wx3d00770652053edd.o6zAJs9bs--3Qn1Jkc_lFPynmD4A.9b8933d0fc8c091fb4f48a208d3cd4c3.png' WHERE 1 AND openid = 'oeDcV0W0lW2u-WnondVku8uZZo4k'
2018-01-17 14:36:20:UPDATE t_user SET logo='act/wx3d00770652053edd.o6zAJs9bs--3Qn1Jkc_lFPynmD4A.63e45f76f36000fe96f5d75406f0fb15.png' WHERE 1 AND openid = 'oeDcV0W0lW2u-WnondVku8uZZo4k'
2018-01-17 14:36:41:UPDATE t_user SET logo='act/wx3d00770652053edd.o6zAJs9bs--3Qn1Jkc_lFPynmD4A.dbc86c5ff4110ccde3b70b81d288e8fc.png' WHERE 1 AND openid = 'oeDcV0W0lW2u-WnondVku8uZZo4k'
2018-01-17 14:36:53:UPDATE t_user SET logo='act/wx3d00770652053edd.o6zAJs9bs--3Qn1Jkc_lFPynmD4A.176b14333792d724f50badd3293074d7.png' WHERE 1 AND openid = 'oeDcV0W0lW2u-WnondVku8uZZo4k'
2018-01-17 14:37:04:UPDATE t_user SET logo='act/wx3d00770652053edd.o6zAJs9bs--3Qn1Jkc_lFPynmD4A.1c95ad828d3d1ef9134336e8de95b0b3.jpg' WHERE 1 AND openid = 'oeDcV0W0lW2u-WnondVku8uZZo4k'
2018-01-17 14:51:46:UPDATE t_user SET logo='act/tmp_2c6af5e074638462fe6d867a4eb7132e27daa6d0cfe6036f.jpg' WHERE 1 AND openid = 'oeDcV0W0lW2u-WnondVku8uZZo4k'
2018-01-17 14:51:47:UPDATE t_user SET logo='act/tmp_3a065be828eb77e7ea8beb5dc6d5f8df42cd729aeb7de4d9.jpg' WHERE 1 AND openid = 'oeDcV0W0lW2u-WnondVku8uZZo4k'
2018-01-17 14:51:47:UPDATE t_user SET logo='act/tmp_f03fc9872e0f42dc0530ef43ff4f175c5332d817909083bd.jpg' WHERE 1 AND openid = 'oeDcV0W0lW2u-WnondVku8uZZo4k'
2018-01-17 14:51:57:UPDATE t_user SET logo='act/tmp_16d035e61e655abf85d7a2e4f9ab7555007cc607640916f4.jpg' WHERE 1 AND openid = 'oeDcV0W0lW2u-WnondVku8uZZo4k'
2018-01-17 14:51:58:UPDATE t_user SET logo='act/tmp_9b671c17afc43ed64fc02f4fc03dbdd76f25d6b9371ed6f1.jpg' WHERE 1 AND openid = 'oeDcV0W0lW2u-WnondVku8uZZo4k'
2018-01-17 14:51:59:UPDATE t_user SET logo='act/tmp_933a69af6439801d3ad4d8fe5a049039390045de4caeee31.jpg' WHERE 1 AND openid = 'oeDcV0W0lW2u-WnondVku8uZZo4k'
2018-01-17 14:52:09:UPDATE t_user SET logo='act/tmp_038ca3ad3932345d97eebb70728cd8197c145f361782a518.jpg' WHERE 1 AND openid = 'oeDcV0W0lW2u-WnondVku8uZZo4k'
2018-01-17 14:52:20:UPDATE t_user SET logo='act/poster/tmp_ea548ef79bd67a132bbdbd7fbc69abd5bf2c3c6464b979f0.png' WHERE 1 AND openid = 'oeDcV0W0lW2u-WnondVku8uZZo4k'
2018-01-17 14:54:30:UPDATE t_user SET logo='act/poster/wx3d00770652053edd.o6zAJs9bs--3Qn1Jkc_lFPynmD4A.67cba4e3ad3d26b7381dec21ffc70c8e.png' WHERE 1 AND openid = 'oeDcV0W0lW2u-WnondVku8uZZo4k'
2018-01-17 14:57:19:UPDATE t_user SET logo='logo/tmp_f67c90af5946522087c3232eb3e9e5335556f8bcf9050574.jpg' WHERE 1 AND openid = 'oeDcV0W0lW2u-WnondVku8uZZo4k'
2018-01-17 14:57:22:UPDATE t_user SET lat='28.21294',lng='112.85637',mobile='15580907641',avatarUrl='https://wx.qlogo.cn/mmopen/vi_32/DYAIOgq83epmsqu4O32XY7KjIib1KtVIc4W0syylE5rnbV0UA7Hb4cJaViauYv84L06aKDsufTptezghPociaNlRw/0',name='小石头',nick_name='shiela47',wx='shiela47',address='湖南省长沙市岳麓区谷苑路嘉运路交叉口南侧',gender='2',city='Changsha',logo='logo/tmp_f67c90af5946522087c3232eb3e9e5335556f8bcf9050574.jpg',openid='oeDcV0W0lW2u-WnondVku8uZZo4k' WHERE 1 AND openid = 'oeDcV0W0lW2u-WnondVku8uZZo4k'
2018-01-17 15:07:03:UPDATE t_user SET logo='act/poster/tmp_84fee9fa12553c9df720c8aaafcceeb79b25d845649e82b0.png' WHERE 1 AND openid = 'oeDcV0W0lW2u-WnondVku8uZZo4k'
2018-01-17 17:00:58:UPDATE t_user SET logo='act/tmp_f646b9bec215cbc03e61b294a9c8c0a1da29e32b0af9bda9.jpg' WHERE 1 AND openid = 'oeDcV0W0lW2u-WnondVku8uZZo4k'
2018-01-17 17:01:10:UPDATE t_user SET logo='act/tmp_fe2f758f86b6e3c166c3c5610538a50cc8a8fed99d9fe473.jpg' WHERE 1 AND openid = 'oeDcV0W0lW2u-WnondVku8uZZo4k'
2018-01-17 17:01:11:UPDATE t_user SET logo='act/tmp_fb24ddd4a0852e2973316c3079042728e5871d17353d083f.jpg' WHERE 1 AND openid = 'oeDcV0W0lW2u-WnondVku8uZZo4k'
2018-01-17 17:01:21:UPDATE t_user SET logo='act/tmp_129107883848e1deaada24cce3e8e233e5ac666abfd653a7.jpg' WHERE 1 AND openid = 'oeDcV0W0lW2u-WnondVku8uZZo4k'
2018-01-17 17:01:21:UPDATE t_user SET logo='act/tmp_6f15659cac6380f218ab6480e4b71644d60b8e0169d36c2b.jpg' WHERE 1 AND openid = 'oeDcV0W0lW2u-WnondVku8uZZo4k'
2018-01-17 17:02:59:UPDATE t_user SET logo='act/poster/tmp_c7614ce0607183a14c4a242b67121623ced9195dcd1a6bdb.png' WHERE 1 AND openid = 'oeDcV0W0lW2u-WnondVku8uZZo4k'
2018-01-17 17:16:15:UPDATE t_user SET logo='logo/tmp_2f6638f1c5986ea518ff677cbe0fb3fc8e04a3c60fc129e6.jpg' WHERE 1 AND openid = 'oeDcV0W0lW2u-WnondVku8uZZo4k'
2018-01-17 17:16:20:UPDATE t_user SET lat='28.16025',lng='112.98541',mobile='15580907641',avatarUrl='https://wx.qlogo.cn/mmopen/vi_32/DYAIOgq83epmsqu4O32XY7KjIib1KtVIc4W0syylE5rnbV0UA7Hb4cJaViauYv84L06aKDsufTptezghPociaNlRw/0',name='小石头',nick_name='shiela47',wx='shiela47',address='湖南省长沙市天心区芙蓉中路三段398号新时空大厦(芙蓉中路与黄土岭路交汇处)',gender='2',city='Changsha',logo='logo/tmp_2f6638f1c5986ea518ff677cbe0fb3fc8e04a3c60fc129e6.jpg',openid='oeDcV0W0lW2u-WnondVku8uZZo4k' WHERE 1 AND openid = 'oeDcV0W0lW2u-WnondVku8uZZo4k'
2018-01-17 17:17:24:UPDATE t_user SET logo='act/tmp_3aadef9bf5c177c57a5750002bf015aace773b11ead335ee.jpg' WHERE 1 AND openid = 'oeDcV0W0lW2u-WnondVku8uZZo4k'
2018-01-17 17:17:39:UPDATE t_user SET logo='act/poster/tmp_7ee33c630d2310968d1a6985e77839abe02cbd3cd2c945e8.png' WHERE 1 AND openid = 'oeDcV0W0lW2u-WnondVku8uZZo4k'
