2018-01-22 09:44:38:UPDATE t_user SET logo='logo/tmp_228cb8263e0a0e17f8331425d91678de.jpg' WHERE 1 AND openid = 'oqwUY43puYDedzWuzHQsEasZa78I'
2018-01-22 09:44:59:UPDATE t_user SET logo='act/tmp_990036605250772f0fc31d30765726da.jpg' WHERE 1 AND openid = 'oqwUY43puYDedzWuzHQsEasZa78I'
2018-01-22 09:45:08:UPDATE t_user SET logo='act/tmp_6f1ed2de0d2a88beadda5ae63610c6cb.jpg' WHERE 1 AND openid = 'oqwUY43puYDedzWuzHQsEasZa78I'
2018-01-22 09:45:28:UPDATE t_user SET logo='act/poster/tmp_02c1519b8de1f1c7ded3ab8b19f33759.png' WHERE 1 AND openid = 'oqwUY43puYDedzWuzHQsEasZa78I'
2018-01-22 11:10:38:UPDATE t_user SET logo='logo/wxd727ee9e47b2faa6.o6zAJs9bs--3Qn1Jkc_lFPynmD4A.9b8933d0fc8c091fb4f48a208d3cd4c3.png' WHERE 1 AND openid = 'oqwUY4yUqU2tV5iezn8AOBiC0Kj0'
2018-01-22 11:20:26:UPDATE t_user SET logo='act/poster/wxd727ee9e47b2faa6.o6zAJs9bs--3Qn1Jkc_lFPynmD4A.c6e57583bf7144e882cc3c419d5c9cd8.png' WHERE 1 AND openid = 'oqwUY4yUqU2tV5iezn8AOBiC0Kj0'
2018-01-22 12:36:27:UPDATE t_user SET logo='logo/wxd727ee9e47b2faa6.o6zAJs4veQKFpDYm5ezSRdk_RR4Q.72e6cbfc69c31b9e8cce0ed4d0453194.png' WHERE 1 AND openid = 'oqwUY4-BiS3uITslES1zTxXRDNyg'
2018-01-22 12:36:28:UPDATE t_user SET lat='',lng='',mobile='15111234452',avatarUrl='https://wx.qlogo.cn/mmopen/vi_32/Ric6VfVFX2JyL2c8t07HKhdn0fQrpEKzWNyBEofOAjDBic7jWxNhYJiceQBXBLT22crbicbick0VK2vKCKsQeojgncg/0',is_show_info='SHOW',name='1511123334',nick_name='aaaaaaaaaa陈端生0123456789+-×÷',wx='23424',address='',gender='1',city='Changsha',logo='http://tmp/wxd727ee9e47b2faa6.o6zAJs4veQKFpDYm5ezSRdk_RR4Q.72e6cbfc69c31b9e8cce0ed4d0453194.png',openid='oqwUY4-BiS3uITslES1zTxXRDNyg' WHERE 1 AND openid = 'oqwUY4-BiS3uITslES1zTxXRDNyg'
2018-01-22 12:40:25:UPDATE t_user SET logo='act/poster/wxd727ee9e47b2faa6.o6zAJs4veQKFpDYm5ezSRdk_RR4Q.7eb9eb94f0fbd615b5d2ff1a2753b546.png' WHERE 1 AND openid = 'oqwUY4-BiS3uITslES1zTxXRDNyg'
2018-01-22 12:40:35:UPDATE t_user SET logo='act/poster/wxd727ee9e47b2faa6.o6zAJs4veQKFpDYm5ezSRdk_RR4Q.7eb9eb94f0fbd615b5d2ff1a2753b546.png' WHERE 1 AND openid = 'oqwUY4-BiS3uITslES1zTxXRDNyg'
2018-01-22 12:40:40:UPDATE t_user SET logo='act/poster/wxd727ee9e47b2faa6.o6zAJs4veQKFpDYm5ezSRdk_RR4Q.7eb9eb94f0fbd615b5d2ff1a2753b546.png' WHERE 1 AND openid = 'oqwUY4-BiS3uITslES1zTxXRDNyg'
2018-01-22 12:40:50:UPDATE t_user SET logo='act/poster/wxd727ee9e47b2faa6.o6zAJs4veQKFpDYm5ezSRdk_RR4Q.7eb9eb94f0fbd615b5d2ff1a2753b546.png' WHERE 1 AND openid = 'oqwUY4-BiS3uITslES1zTxXRDNyg'
2018-01-22 12:41:11:UPDATE t_user SET logo='act/poster/wxd727ee9e47b2faa6.o6zAJs4veQKFpDYm5ezSRdk_RR4Q.7eb9eb94f0fbd615b5d2ff1a2753b546.png' WHERE 1 AND openid = 'oqwUY4-BiS3uITslES1zTxXRDNyg'
2018-01-22 12:42:10:UPDATE t_user SET logo='act/poster/wxd727ee9e47b2faa6.o6zAJs9bs--3Qn1Jkc_lFPynmD4A.7eb9eb94f0fbd615b5d2ff1a2753b546.png' WHERE 1 AND openid = 'oqwUY4yUqU2tV5iezn8AOBiC0Kj0'
2018-01-22 12:43:07:UPDATE t_user SET logo='act/poster/wxd727ee9e47b2faa6.o6zAJs9bs--3Qn1Jkc_lFPynmD4A.7eb9eb94f0fbd615b5d2ff1a2753b546.png' WHERE 1 AND openid = 'oqwUY4yUqU2tV5iezn8AOBiC0Kj0'
2018-01-22 13:31:08:UPDATE t_user SET logo='act/poster/wxd727ee9e47b2faa6.o6zAJs9bs--3Qn1Jkc_lFPynmD4A.7eb9eb94f0fbd615b5d2ff1a2753b546.png' WHERE 1 AND openid = 'oqwUY4yUqU2tV5iezn8AOBiC0Kj0'
2018-01-22 13:46:13:UPDATE t_user SET logo='act/poster/wxd727ee9e47b2faa6.o6zAJs9bs--3Qn1Jkc_lFPynmD4A.7eb9eb94f0fbd615b5d2ff1a2753b546.png' WHERE 1 AND openid = 'oqwUY4yUqU2tV5iezn8AOBiC0Kj0'
2018-01-22 13:47:00:UPDATE t_user SET logo='act/poster/wxd727ee9e47b2faa6.o6zAJs9bs--3Qn1Jkc_lFPynmD4A.7eb9eb94f0fbd615b5d2ff1a2753b546.png' WHERE 1 AND openid = 'oqwUY4yUqU2tV5iezn8AOBiC0Kj0'
2018-01-22 13:47:24:UPDATE t_user SET logo='act/poster/wxd727ee9e47b2faa6.o6zAJs9bs--3Qn1Jkc_lFPynmD4A.7eb9eb94f0fbd615b5d2ff1a2753b546.png' WHERE 1 AND openid = 'oqwUY4yUqU2tV5iezn8AOBiC0Kj0'
2018-01-22 13:49:02:UPDATE t_user SET logo='act/poster/wxd727ee9e47b2faa6.o6zAJs9bs--3Qn1Jkc_lFPynmD4A.7eb9eb94f0fbd615b5d2ff1a2753b546.png' WHERE 1 AND openid = 'oqwUY4yUqU2tV5iezn8AOBiC0Kj0'
2018-01-22 13:49:14:UPDATE t_user SET logo='act/wxd727ee9e47b2faa6.o6zAJs9bs--3Qn1Jkc_lFPynmD4A.72e6cbfc69c31b9e8cce0ed4d0453194.png' WHERE 1 AND openid = 'oqwUY4yUqU2tV5iezn8AOBiC0Kj0'
2018-01-22 13:49:18:UPDATE t_user SET logo='act/poster/wxd727ee9e47b2faa6.o6zAJs9bs--3Qn1Jkc_lFPynmD4A.7eb9eb94f0fbd615b5d2ff1a2753b546.png' WHERE 1 AND openid = 'oqwUY4yUqU2tV5iezn8AOBiC0Kj0'
2018-01-22 13:53:19:UPDATE t_user SET logo='act/wxd727ee9e47b2faa6.o6zAJs4veQKFpDYm5ezSRdk_RR4Q.891d9de6ea78ec546005f38587e80543.png' WHERE 1 AND openid = 'oqwUY4-BiS3uITslES1zTxXRDNyg'
2018-01-22 13:55:11:UPDATE t_user SET logo='act/wxd727ee9e47b2faa6.o6zAJs4veQKFpDYm5ezSRdk_RR4Q.891d9de6ea78ec546005f38587e80543.png' WHERE 1 AND openid = 'oqwUY4-BiS3uITslES1zTxXRDNyg'
2018-01-22 13:55:23:UPDATE t_user SET logo='act/poster/wxd727ee9e47b2faa6.o6zAJs4veQKFpDYm5ezSRdk_RR4Q.fad89a6dd823512d46d07e4b18ffd3c6.png' WHERE 1 AND openid = 'oqwUY4-BiS3uITslES1zTxXRDNyg'
2018-01-22 14:26:38:UPDATE t_user SET logo='act/poster/wxd727ee9e47b2faa6.o6zAJs4veQKFpDYm5ezSRdk_RR4Q.cdb167e577a196dfc1635c22da7b8af9.png' WHERE 1 AND openid = 'oqwUY4-BiS3uITslES1zTxXRDNyg'
2018-01-22 14:28:09:UPDATE t_user SET logo='act/poster/wxd727ee9e47b2faa6.o6zAJs4veQKFpDYm5ezSRdk_RR4Q.cdb167e577a196dfc1635c22da7b8af9.png' WHERE 1 AND openid = 'oqwUY4-BiS3uITslES1zTxXRDNyg'
