2016-10-17 11:01:36|INFO|请求|{"service":"Home.DoSearch","channel":"bt","page_no":"1","key_word":"1"}
2016-10-17 11:02:01|INFO|请求|{"service":"Home.DoSearch","channel":"bt","page_no":"1","key_word":"1"}
2016-10-17 11:03:57|INFO|请求|{"service":"Home.DoSearch","channel":"bt","page_no":"1","key_word":"1"}
2016-10-17 11:04:07|INFO|请求|{"service":"Home.DoSearch","channel":"bt","page_no":"1","key_word":"1"}
2016-10-17 11:08:13|INFO|请求|{"service":"Home.DoSearch","channel":"bt","page_no":"1","key_word":"1"}
2016-10-17 11:10:37|INFO|请求|{"service":"Home.DoSearch","channel":"bt","page_no":"1","key_word":"1"}
2016-10-17 11:12:25|INFO|请求|{"service":"Home.DoSearch","channel":"bt","page_no":"1","key_word":"1"}
2016-10-17 11:17:48|INFO|请求|{"service":"Home.DoSearch","channel":"bt","page_no":"1","key_word":"1"}
2016-10-17 11:20:26|INFO|请求|{"service":"Home.DoSearch","channel":"bt","page_no":"1","key_word":"1"}
2016-10-17 11:28:26|INFO|请求|{"service":"Home.DoSearch","channel":"bt","page_no":"1","key_word":"1"}
2016-10-17 11:30:19|INFO|请求|{"service":"Home.DoSearch","channel":"bt","page_no":"1","key_word":"1"}
2016-10-17 11:31:58|INFO|请求|{"service":"Home.DoSearch","channel":"bt","page_no":"1","key_word":"1"}
2016-10-17 11:32:26|INFO|请求|{"service":"Home.DoSearch","channel":"bt","page_no":"1","key_word":"1"}
2016-10-17 11:33:09|INFO|请求|{"service":"Home.DoSearch","channel":"bt","page_no":"1","key_word":"1"}
2016-10-17 11:33:28|INFO|请求|{"service":"Home.DoSearch","channel":"bt","page_no":"1","key_word":"1"}
2016-10-17 11:33:49|INFO|请求|{"service":"Home.DoSearch","channel":"bt","page_no":"1","key_word":"1"}
2016-10-17 11:34:58|INFO|请求|{"service":"Home.DoSearch","channel":"bt","page_no":"1","key_word":"1","__sql__":"1"}
2016-10-17 11:41:31|INFO|请求|{"service":"Home.DoSearch","channel":"bt","page_no":"1","key_word":"1","__sql__":"1"}
2016-10-17 11:50:38|INFO|请求|{"service":"Home.DoSearch","channel":"bt","page_no":"1","key_word":"1","__sql__":"1"}
2016-10-17 11:50:45|INFO|请求|{"service":"Home.DoSearch","channel":"bt","page_no":"1","key_word":"1"}
2016-10-17 11:51:07|INFO|请求|{"service":"Home.DoSearch","channel":"bt","page_no":"1","key_word":"1"}
2016-10-17 11:51:14|INFO|请求|{"service":"Home.DoSearch","channel":"bt","page_no":"1","key_word":"1"}
2016-10-17 11:51:36|INFO|请求|{"service":"Home.DoSearch","channel":"bt","page_no":"1","key_word":"1","__sql__":"1"}
2016-10-17 11:52:11|INFO|请求|{"service":"Home.DoSearch","channel":"bt","page_no":"1","key_word":"1"}
2016-10-17 11:52:58|INFO|请求|{"service":"service=Home.getLiveList","channel":"bt","id":"13","page_no":"1","page_size":"10"}
2016-10-17 11:53:10|INFO|请求|{"service":"Home.getLiveList","channel":"bt","id":"13","page_no":"1","page_size":"10"}
2016-10-17 12:04:00|INFO|请求|{"service":"Personal.getFansList","channel":"bt","user_id":"14"}
2016-10-17 12:04:32|INFO|请求|{"service":"Personal.getFansList","channel":"bt","user_id":"14"}
2016-10-17 12:04:36|INFO|请求|{"service":"Personal.getFansList","channel":"bt","user_id":"14"}
2016-10-17 12:45:43|INFO|请求|{"service":"Personal.getFansList","channel":"bt","user_id":"14"}
2016-10-17 12:46:16|INFO|请求|{"service":"Personal.getFansList","channel":"bt","user_id":"14"}
2016-10-17 13:39:53|INFO|请求|{"service":"Personal.getFansList","channel":"bt","user_id":"14"}
2016-10-17 13:42:37|INFO|请求|{"service":"Personal.getFansList","channel":"bt","user_id":"14"}
2016-10-17 13:43:04|INFO|请求|{"service":"Personal.getFansList","channel":"bt","user_id":"14"}
2016-10-17 13:43:53|INFO|请求|{"service":"Personal.getFansList","channel":"bt","user_id":"14"}
2016-10-17 13:45:01|INFO|请求|{"service":"Personal.getFansList","channel":"bt","user_id":"14"}
2016-10-17 13:45:29|INFO|请求|{"service":"Personal.getFansList","channel":"bt","user_id":"14"}
2016-10-17 13:45:46|INFO|请求|{"service":"Personal.getFansList","channel":"bt","user_id":"14"}
2016-10-17 13:46:20|INFO|请求|{"service":"Personal.getFollowList","channel":"bt","user_id":"14"}
2016-10-17 14:46:54|INFO|请求|{"service":"Personal.homePage","channel":"bt","user_id":"14"}
2016-10-17 14:47:34|INFO|请求|{"service":"Personal.homePage","channel":"bt","user_id":"14","self_user_id":"14"}
2016-10-17 14:54:13|INFO|请求|{"service":"Personal.homePage","channel":"bt","user_id":"14","self_user_id":"14"}
2016-10-17 14:54:35|INFO|请求|{"service":"Personal.homePage","channel":"bt","user_id":"14","self_user_id":"14"}
2016-10-17 14:55:06|INFO|请求|{"service":"Personal.homePage","channel":"bt","user_id":"14","self_user_id":"14"}
2016-10-17 14:55:35|INFO|请求|{"service":"Personal.homePage","channel":"bt","user_id":"14","self_user_id":"14"}
2016-10-17 14:55:38|INFO|请求|{"service":"Personal.homePage","channel":"bt","user_id":"14","self_user_id":"14"}
2016-10-17 14:56:09|INFO|请求|{"service":"Personal.homePage","channel":"bt","user_id":"14","self_user_id":"14"}
2016-10-17 14:56:28|INFO|请求|{"service":"Personal.homePage","channel":"bt","user_id":"14","self_user_id":"14"}
2016-10-17 15:24:25|INFO|请求|{"service":"Live.UserEntry","channel":"bt","live_id":"1"}
2016-10-17 15:24:34|INFO|请求|{"service":"Live.UserEntry","channel":"bt","live_id":"1","user_id":"14"}
2016-10-17 15:32:17|INFO|请求|{"service":"Home.getCoinRank"}
2016-10-17 15:55:22|INFO|请求|{"service":"Home.getCoinRank"}
2016-10-17 15:56:15|INFO|请求|{"service":"Home.getCoinRank"}
2016-10-17 15:56:33|INFO|请求|{"service":"Home.getCoinRank"}
2016-10-17 16:00:28|INFO|请求|{"service":"Home.getCoinRank"}
2016-10-17 16:04:09|INFO|请求|{"service":"Home.getCoinRank"}
2016-10-17 16:04:16|INFO|请求|{"service":"Home.getCoinRank"}
2016-10-17 16:04:34|INFO|请求|{"service":"Home.getCoinRank"}
2016-10-17 16:28:38|INFO|请求|{"service":"Home.getTodayWinner"}
2016-10-17 16:30:10|INFO|请求|{"service":"Home.getTodayWinner"}
2016-10-17 17:45:27|INFO|请求|{"service":"Home.getTodayWinner"}
2016-10-17 17:45:30|INFO|请求|{"service":"Home.getTodayWinner"}
2016-10-17 17:46:09|INFO|请求|{"service":"Home.getTodayWinner","__sql__":"1"}
2016-10-17 17:54:23|INFO|请求|{"service":"Home.getTodayWinner","__sql__":"1"}
2016-10-17 17:56:43|INFO|请求|{"service":"Home.getTodayWinner","__sql__":"1"}
2016-10-17 17:59:15|INFO|请求|{"service":"Home.getTodayWinner","__sql__":"1"}
2016-10-17 17:59:42|INFO|请求|{"service":"Home.getTodayWinner"}
2016-10-17 18:00:11|INFO|请求|{"service":"Home.getTodayWinner"}
2016-10-17 18:00:48|INFO|请求|{"service":"Home.getTodayWinner"}
2016-10-17 18:01:28|INFO|请求|{"service":"Home.getTodayWinner"}
2016-10-17 18:13:39|INFO|请求|{"service":"Home.getTodayWinner"}
2016-10-17 18:13:53|INFO|请求|{"service":"Home.getTodayWinner"}
2016-10-17 18:13:57|INFO|请求|{"service":"Home.getTodayWinner"}
2016-10-17 18:14:00|INFO|请求|{"service":"Home.getTodayWinner"}
2016-10-17 18:14:03|INFO|请求|{"service":"Home.getTodayWinner"}
2016-10-17 18:14:06|INFO|请求|{"service":"Home.getTodayWinner"}
2016-10-17 18:14:08|INFO|请求|{"service":"Home.getTodayWinner"}
