2016-10-18 09:35:50|INFO|请求|{"service":"Personal.getFansList","channel":"bt","user_id":"14"}
2016-10-18 09:35:59|INFO|请求|{"service":"Personal.getFollowList","channel":"bt","user_id":"14"}
2016-10-18 10:18:34|INFO|请求|{"service":"Personal.homePage","channel":"bt","user_id":"14","self_user_id":"14"}
2016-10-18 11:11:17|INFO|请求|{"service":"Default.insertUpdate"}
2016-10-18 11:11:39|INFO|请求|{"service":"Default.insertUpdate"}
2016-10-18 11:12:47|INFO|请求|{"service":"Default.insertUpdate"}
2016-10-18 11:14:18|INFO|请求|{"service":"Default.insertUpdate"}
2016-10-18 11:19:02|INFO|请求|{"service":"Default.insertUpdate"}
2016-10-18 11:25:48|INFO|请求|{"service":"Personal.toggleFollow","channel":"bt","user_id":"14","to_user_id":"15","act":"add"}
2016-10-18 11:26:33|INFO|请求|{"service":"Personal.toggleFollow","channel":"bt","user_id":"14","to_user_id":"15","act":"add"}
2016-10-18 11:26:51|INFO|请求|{"service":"Personal.toggleFollow","channel":"bt","user_id":"14","to_user_id":"15","act":"add"}
2016-10-18 11:27:45|INFO|请求|{"service":"Personal.toggleFollow","channel":"bt","user_id":"14","to_user_id":"15","act":"add"}
2016-10-18 11:27:51|INFO|请求|{"service":"Personal.toggleFollow","channel":"bt","user_id":"14","to_user_id":"16","act":"add"}
2016-10-18 11:29:04|INFO|请求|{"service":"Personal.toggleFollow","channel":"bt","user_id":"14","to_user_id":"16","act":"add"}
2016-10-18 11:29:09|INFO|请求|{"service":"Personal.toggleFollow","channel":"bt","user_id":"14","to_user_id":"17","act":"add"}
2016-10-18 14:28:38|INFO|请求|{"service":"Home.DoSearch","channel":"bt","page_no":"1","key_word":"1"}
2016-10-18 14:28:49|INFO|请求|{"service":"Home.DoSearch","channel":"bt","page_no":"1","key_word":"1","user_id":"14"}
2016-10-18 14:29:40|INFO|请求|{"service":"Home.DoSearch","channel":"bt","page_no":"1","key_word":"1","user_id":"14","__sql__":"1"}
2016-10-18 14:33:40|INFO|请求|{"service":"Home.DoSearch","channel":"bt","page_no":"1","key_word":"1","user_id":"14","__sql__":"1"}
2016-10-18 14:33:44|INFO|请求|{"service":"Home.DoSearch","channel":"bt","page_no":"1","key_word":"1","user_id":"14"}
2016-10-18 14:35:07|INFO|请求|{"service":"Home.DoSearch","channel":"bt","page_no":"1","key_word":"1","user_id":"14"}
2016-10-18 14:37:12|INFO|请求|{"service":"Home.DoSearch","channel":"bt","page_no":"1","key_word":"1","user_id":"14"}
2016-10-18 14:37:49|INFO|请求|{"service":"Home.DoSearch","channel":"bt","page_no":"1","key_word":"1","user_id":"14"}
2016-10-18 14:40:12|INFO|请求|{"service":"Home.DoSearch","channel":"bt","page_no":"1","key_word":"1","user_id":"14"}
2016-10-18 14:41:19|INFO|请求|{"service":"Home.DoSearch","channel":"bt","page_no":"1","key_word":"1","user_id":"14"}
2016-10-18 14:41:26|INFO|请求|{"service":"Home.DoSearch","channel":"bt","page_no":"1","key_word":"1","user_id":"14","__sql__":"1"}
2016-10-18 14:42:54|INFO|请求|{"service":"Home.DoSearch","channel":"bt","page_no":"1","key_word":"1","user_id":"14","__sql__":"1"}
2016-10-18 14:45:38|INFO|请求|{"service":"Home.DoSearch","channel":"bt","page_no":"1","key_word":"1","user_id":"14"}
2016-10-18 14:47:47|INFO|请求|{"service":"Home.DoSearch","channel":"bt","page_no":"1","key_word":"1","user_id":"14","__sql__":"1"}
2016-10-18 15:54:48|INFO|请求|{"service":"Home.DoSearch","channel":"bt","page_no":"1","key_word":"1","user_id":"14","__sql__":"1"}
2016-10-18 15:55:31|INFO|请求|{"service":"Home.DoSearch","channel":"bt","page_no":"1","key_word":"1","user_id":"14","__sql__":"1"}
2016-10-18 15:55:36|INFO|请求|{"service":"Home.DoSearch","channel":"bt","page_no":"1","key_word":"1","user_id":"14"}
2016-10-18 15:57:15|INFO|请求|{"service":"Home.DoSearch","channel":"bt","page_no":"1","key_word":"1","user_id":"14"}
2016-10-18 15:57:25|INFO|请求|{"service":"Home.DoSearch","channel":"bt","page_no":"1","key_word":"1","user_id":"14"}
2016-10-18 15:57:44|INFO|请求|{"service":"Home.DoSearch","channel":"bt","page_no":"1","key_word":"1","user_id":"14"}
2016-10-18 15:58:53|INFO|请求|{"service":"Home.DoSearch","channel":"bt","page_no":"1","key_word":"1","user_id":"14"}
2016-10-18 15:59:08|INFO|请求|{"service":"Home.DoSearch","channel":"bt","page_no":"1","key_word":"1","user_id":"14"}
2016-10-18 15:59:32|INFO|请求|{"service":"Home.DoSearch","channel":"bt","page_no":"1","key_word":"1","user_id":"14"}
2016-10-18 15:59:48|INFO|请求|{"service":"Home.DoSearch","channel":"bt","page_no":"1","key_word":"1","user_id":"14"}
2016-10-18 16:02:05|INFO|请求|{"service":"Home.DoSearch","channel":"bt","page_no":"1","key_word":"1","user_id":"14"}
2016-10-18 16:30:36|INFO|请求|{"service":"Personal.getFansList","channel":"bt","user_id":"14","self_user_id":"15"}
2016-10-18 16:31:15|INFO|请求|{"service":"Personal.getFansList","channel":"bt","user_id":"14","self_user_id":"15"}
2016-10-18 16:34:29|INFO|请求|{"service":"Personal.getFansList","channel":"bt","user_id":"14","self_user_id":"15"}
2016-10-18 16:38:07|INFO|请求|{"service":"Personal.homePage","channel":"bt","user_id":"14","self_user_id":"14"}
2016-10-18 16:38:17|INFO|请求|{"service":"Personal.homePage","channel":"bt","user_id":"14","self_user_id":"15"}
2016-10-18 16:48:45|INFO|请求|{"service":"Personal.homePage","channel":"bt","user_id":"14","self_user_id":"15"}
2016-10-18 16:48:52|INFO|请求|{"service":"Personal.getFansList","channel":"bt","user_id":"14","self_user_id":"15"}
2016-10-18 16:59:38|INFO|请求|{"service":"Personal.getFansList","channel":"bt","user_id":"14","self_user_id":"15"}
2016-10-18 17:00:06|INFO|请求|{"service":"Personal.getFansList","channel":"bt","user_id":"14","self_user_id":"15"}
2016-10-18 17:00:39|INFO|请求|{"service":"Personal.getFansList","channel":"bt","user_id":"14","self_user_id":"15"}
2016-10-18 17:01:22|INFO|请求|{"service":"Personal.getFansList","channel":"bt","user_id":"14","self_user_id":"15"}
2016-10-18 17:01:26|INFO|请求|{"service":"Personal.getFansList","channel":"bt","user_id":"14","self_user_id":"15"}
2016-10-18 17:10:11|INFO|请求|{"service":"Personal.getFansList","channel":"bt","user_id":"14","self_user_id":"15"}
2016-10-18 17:13:41|INFO|请求|{"service":"Personal.getFansList","channel":"bt","user_id":"14","self_user_id":"15"}
2016-10-18 17:32:38|INFO|请求|{"service":"Personal.getFansList","channel":"bt","user_id":"14","self_user_id":"15"}
2016-10-18 17:32:55|INFO|请求|{"service":"Personal.getFansList","channel":"bt","user_id":"14","self_user_id":"15"}
2016-10-18 17:43:05|INFO|请求|{"service":"Personal.getFansList","channel":"bt","user_id":"14","self_user_id":"114"}
2016-10-18 17:43:09|INFO|请求|{"service":"Personal.getFansList","channel":"bt","user_id":"14","self_user_id":"14"}
2016-10-18 17:49:14|INFO|请求|{"service":"Personal.getFollowList","channel":"bt","user_id":"14","self_user_id":"15"}
2016-10-18 17:51:03|INFO|请求|{"service":"Personal.getFollowList","channel":"bt","user_id":"14","self_user_id":"15"}
2016-10-18 17:53:50|INFO|请求|{"service":"Personal.getFollowList","channel":"bt","user_id":"14","self_user_id":"15"}
2016-10-18 17:55:42|INFO|请求|{"service":"Personal.getFollowList","channel":"bt","user_id":"14","self_user_id":"15"}
2016-10-18 17:58:29|INFO|请求|{"service":"Personal.getFollowList","channel":"bt","user_id":"14","self_user_id":"15"}
2016-10-18 17:58:43|INFO|请求|{"service":"Personal.getFollowList","channel":"bt","user_id":"14","self_user_id":"14"}
2016-10-18 18:27:11|INFO|请求|{"service":"Personal.toggleFollow","channel":"bt","user_id":"14","to_user_id":"15","act":"del"}
2016-10-18 18:27:15|INFO|请求|{"service":"Personal.toggleFollow","channel":"bt","user_id":"14","to_user_id":"15","act":"add"}
2016-10-18 18:27:32|INFO|请求|{"service":"Personal.toggleFollow","channel":"bt","user_id":"14","to_user_id":"15","act":"add"}
2016-10-18 18:30:48|INFO|请求|{"service":"Personal.toggleFollow","channel":"bt","user_id":"14","to_user_id":"15","act":"add"}
2016-10-18 18:30:58|INFO|请求|{"service":"Personal.toggleFollow","channel":"bt","user_id":"14","to_user_id":"15","act":"add"}
2016-10-18 18:31:09|INFO|请求|{"service":"Personal.toggleFollow","channel":"bt","user_id":"14","to_user_id":"15","act":"add"}
2016-10-18 18:44:52|INFO|请求|{"service":"User.getUserInfo","user_id":"14"}
2016-10-18 18:46:46|INFO|请求|{"service":"User.getUserInfo","user_id":"14"}
2016-10-18 18:46:59|INFO|请求|{"service":"User.getUserInfo","user_id":"14"}
2016-10-18 18:47:02|INFO|请求|{"service":"User.getUserInfo","user_id":"14"}
2016-10-18 18:57:59|INFO|请求|{"service":"Personal.toggleFollow","channel":"bt","user_id":"14","to_user_id":"15","act":"del"}
2016-10-18 18:58:03|INFO|请求|{"service":"Personal.toggleFollow","channel":"bt","user_id":"14","to_user_id":"15","act":"add"}
2016-10-18 19:00:19|INFO|请求|{"service":"Personal.toggleFollow","channel":"bt","user_id":"14","to_user_id":"15","act":"del"}
2016-10-18 19:52:05|INFO|请求|{"service":"User.getUserInfo","user_id":"14"}
2016-10-18 19:52:56|INFO|请求|{"service":"User.getUserInfo","user_id":"14"}
2016-10-18 19:53:06|INFO|请求|{"service":"User.getUserInfo","user_id":"14"}
2016-10-18 19:53:08|INFO|请求|{"service":"User.getUserInfo","user_id":"14"}
2016-10-18 19:53:27|INFO|请求|{"service":"User.getUserInfo","user_id":"14"}
2016-10-18 19:54:59|INFO|请求|{"service":"User.getUserInfo","user_id":"14"}
2016-10-18 19:55:23|INFO|请求|{"service":"User.getUserInfo","user_id":"14"}
2016-10-18 19:56:22|INFO|请求|{"service":"User.getUserInfo","user_id":"14"}
2016-10-18 20:05:21|INFO|请求|{"service":"Live.UserEntry","channel":"bt","live_id":"1","user_id":"14"}
2016-10-18 20:18:22|INFO|请求|{"service":"User.getUserInfo","user_id":"14"}
2016-10-18 20:18:39|INFO|请求|{"service":"User.getUserInfo","user_id":"14","self_user_id":"15"}
2016-10-18 20:20:03|INFO|请求|{"service":"User.getUserInfo","user_id":"14","self_user_id":"15"}
2016-10-18 20:20:38|INFO|请求|{"service":"User.getUserInfo","user_id":"14","self_user_id":"15"}
2016-10-18 20:20:59|INFO|请求|{"service":"User.getUserInfo","user_id":"14","self_user_id":"15"}
2016-10-18 20:22:48|INFO|请求|{"service":"Personal.homePage","channel":"bt","user_id":"19","self_user_id":"34"}
2016-10-18 20:23:04|INFO|请求|{"service":"Personal.homePage","channel":"bt","user_id":"19","self_user_id":"34"}
2016-10-18 20:24:05|INFO|请求|{"service":"Personal.homePage","channel":"bt","user_id":"19","self_user_id":"34"}
2016-10-18 20:24:59|INFO|请求|{"service":"Personal.homePage","channel":"bt","user_id":"19","self_user_id":"34"}
2016-10-18 20:25:53|INFO|请求|{"service":"Personal.homePage","channel":"bt","user_id":"19","self_user_id":"34"}
2016-10-18 20:26:13|INFO|请求|{"service":"Home.DoSearch","channel":"bt","page_no":"1","key_word":"1","user_id":"34"}
2016-10-18 20:30:29|INFO|请求|{"service":"Home.DoSearch","channel":"bt","page_no":"1","key_word":"1","user_id":"34"}
