2016-10-20 13:46:30|INFO|请求|{"service":"Default.sendMsg"}
2016-10-20 13:47:11|INFO|请求|{"service":"Default.sendMsg"}
2016-10-20 13:48:09|INFO|请求|{"service":"Default.sendMsg"}
2016-10-20 14:13:31|INFO|请求|{"service":"Home.getLiveList","channel":"bt","id":"13","page_no":"1","page_size":"10"}
2016-10-20 14:13:40|INFO|请求|{"service":"Home.getLiveList","channel":"bt","id":"13","page_no":"1","page_size":"10","user_id":"14"}
2016-10-20 14:14:15|INFO|请求|{"service":"Home.getLiveList","channel":"bt","id":"13","page_no":"1","page_size":"10","user_id":"14"}
2016-10-20 14:14:17|INFO|请求|{"service":"Home.getLiveList","channel":"bt","id":"13","page_no":"1","page_size":"10","user_id":"14"}
2016-10-20 14:14:54|INFO|请求|{"service":"Default.sendMsg"}
2016-10-20 14:14:58|INFO|请求|{"service":"Home.getLiveList","channel":"bt","id":"13","page_no":"1","page_size":"10","user_id":"14"}
2016-10-20 14:14:59|INFO|请求|{"service":"Home.getLiveList","channel":"bt","id":"13","page_no":"1","page_size":"10","user_id":"14"}
2016-10-20 14:17:58|INFO|请求|{"service":"Default.sendMsg"}
2016-10-20 14:18:14|INFO|请求|{"service":"Home.getLiveList","channel":"bt","id":"13","page_no":"1","page_size":"10","user_id":"14"}
2016-10-20 14:31:34|INFO|请求|{"service":"Home.getLiveList","channel":"bt","id":"13","page_no":"1","page_size":"10","user_id":"14"}
2016-10-20 14:35:20|INFO|请求|{"service":"Home.getLiveList","channel":"bt","id":"13","page_no":"1","page_size":"10","user_id":"14"}
2016-10-20 14:38:13|INFO|请求|{"service":"Home.getLiveList","channel":"bt","id":"13","page_no":"1","page_size":"10","user_id":"14"}
2016-10-20 15:07:35|INFO|请求|{"service":"Live.buyLiveTicket","channel":"bt","user_id":"14","live_id":"1","price":"1"}
2016-10-20 15:08:27|INFO|请求|{"service":"Live.buyLiveTicket","channel":"bt","user_id":"14","live_id":"1","price":"1"}
2016-10-20 15:16:23|INFO|请求|{"service":"Home.GetLiveList"}
2016-10-20 15:16:38|INFO|请求|{"service":"Home.getLiveList","channel":"bt","user_id":"14","page_no":"1","page_size":"10"}
2016-10-20 15:22:02|INFO|请求|{"service":"Home.getLiveList","channel":"bt","user_id":"14","page_no":"1","page_size":"10"}
2016-10-20 15:32:14|INFO|请求|{"service":"Crond.act"}
2016-10-20 15:32:14|INFO|非法外部请求|{"service":"Crond.act"}
2016-10-20 16:39:53|INFO|请求|{"service":"Game.ReqCard","channel":"bt","gid":"1","live_id":"7","user_id":"1","dealer_id":"14"}
2016-10-20 16:42:26|INFO|请求|{"service":"Crond.dealCard"}
2016-10-20 16:42:26|INFO|请求|{"service":"Game.ReqCard","channel":"bt","gid":"1","live_id":"7","user_id":"1","dealer_id":"14"}
2016-10-20 16:43:25|INFO|请求|{"service":"Crond.dealCard"}
2016-10-20 16:43:25|INFO|请求|{"service":"Game.ReqCard","channel":"bt","gid":"1","live_id":"7","user_id":"1","dealer_id":"14"}
2016-10-20 16:44:02|INFO|请求|{"service":"Crond.dealCard"}
2016-10-20 16:44:02|INFO|请求|{"service":"Game.ReqCard","channel":"bt","gid":"1","live_id":"7","user_id":"1","dealer_id":"14"}
2016-10-20 16:49:47|INFO|请求|{"service":"Default.sendMsg"}
2016-10-20 16:57:26|INFO|请求|{"service":"Default.chat"}
2016-10-20 17:05:47|INFO|请求|{"service":"Default.chat"}
2016-10-20 17:05:47|INFO|请求|{"service":"Game.ReqCard","channel":"bt","gid":"1","live_id":"7","user_id":"1","dealer_id":"14"}
2016-10-20 17:06:13|INFO|请求|{"service":"Default.chat"}
2016-10-20 17:06:13|INFO|请求|{"service":"Game.ReqCard","channel":"bt","gid":"1","live_id":"7","user_id":"1","dealer_id":"14"}
2016-10-20 17:06:35|INFO|请求|{"service":"Default.chat"}
2016-10-20 17:06:35|INFO|请求|{"service":"Game.ReqCard","channel":"bt","gid":"1","live_id":"7","user_id":"1","dealer_id":"14"}
2016-10-20 17:07:41|INFO|请求|{"service":"Crond.dealCard"}
2016-10-20 17:07:41|INFO|请求|{"service":"Game.ReqCard","channel":"bt","gid":"1","live_id":"7","user_id":"1","dealer_id":"14"}
2016-10-20 17:07:43|INFO|请求|{"service":"Crond.dealCard"}
2016-10-20 17:07:43|INFO|请求|{"service":"Game.ReqCard","channel":"bt","gid":"1","live_id":"7","user_id":"1","dealer_id":"14"}
2016-10-20 17:07:45|INFO|请求|{"service":"Default.chat"}
2016-10-20 17:07:45|INFO|请求|{"service":"Game.ReqCard","channel":"bt","gid":"1","live_id":"7","user_id":"1","dealer_id":"14"}
2016-10-20 17:08:03|INFO|请求|{"service":"Default.chat"}
2016-10-20 17:08:03|INFO|请求|{"service":"Game.ReqCard","channel":"bt","gid":"1","live_id":"7","user_id":"1","dealer_id":"14"}
2016-10-20 17:10:33|INFO|请求|{"service":"Default.chat"}
2016-10-20 17:10:33|INFO|请求|{"service":"Game.ReqCard","channel":"bt","gid":"1","live_id":"7","user_id":"1","dealer_id":"14"}
2016-10-20 17:11:06|INFO|请求|{"service":"Default.chat"}
2016-10-20 17:11:06|INFO|请求|{"service":"Game.ReqCard","channel":"bt","gid":"1","live_id":"7","user_id":"1","dealer_id":"14"}
2016-10-20 17:11:08|INFO|请求|{"service":"Default.chat"}
2016-10-20 17:11:08|INFO|请求|{"service":"Game.ReqCard","channel":"bt","gid":"1","live_id":"7","user_id":"1","dealer_id":"14"}
2016-10-20 17:12:29|INFO|请求|{"service":"Game.ReqCard","channel":"bt","gid":"1","live_id":"7","user_id":"1","dealer_id":"14"}
2016-10-20 17:12:30|INFO|请求|{"service":"Game.ReqCard","channel":"bt","gid":"1","live_id":"7","user_id":"1","dealer_id":"14"}
2016-10-20 17:13:18|INFO|请求|{"service":"Game.ReqCard","channel":"bt","gid":"1","live_id":"7","user_id":"1","dealer_id":"14"}
2016-10-20 17:14:13|INFO|请求|{"service":"Game.ReqCard","channel":"bt","gid":"1","live_id":"7","user_id":"1","dealer_id":"14"}
2016-10-20 17:14:28|INFO|请求|{"service":"Game.ReqCard","channel":"bt","gid":"1","live_id":"7","user_id":"1","dealer_id":"14"}
2016-10-20 17:14:59|INFO|请求|{"service":"Game.ReqCard","channel":"bt","gid":"1","live_id":"7","user_id":"1","dealer_id":"14"}
2016-10-20 17:15:07|INFO|请求|{"service":"Game.ReqCard","channel":"bt","gid":"1","live_id":"7","user_id":"1","dealer_id":"14"}
2016-10-20 17:15:43|INFO|请求|{"service":"Game.ReqCard","channel":"bt","gid":"1","live_id":"7","user_id":"1","dealer_id":"14"}
2016-10-20 17:16:09|INFO|请求|{"service":"Game.ReqCard","channel":"bt","gid":"1","live_id":"7","user_id":"1","dealer_id":"14"}
2016-10-20 17:17:07|INFO|请求|{"service":"Game.ReqCard","channel":"bt","gid":"1","live_id":"7","user_id":"1","dealer_id":"14"}
2016-10-20 17:17:42|INFO|请求|{"service":"Game.ReqCard","channel":"bt","gid":"1","live_id":"7","user_id":"1","dealer_id":"14"}
2016-10-20 17:18:35|INFO|请求|{"service":"Game.ReqCard","channel":"bt","gid":"1","live_id":"7","user_id":"1","dealer_id":"14"}
2016-10-20 17:19:05|INFO|请求|{"service":"Game.ReqCard","channel":"bt","gid":"1","live_id":"7","user_id":"1","dealer_id":"14"}
2016-10-20 17:20:00|INFO|请求|{"service":"Game.ReqCard","channel":"bt","gid":"1","live_id":"7","user_id":"1","dealer_id":"14"}
2016-10-20 17:20:30|INFO|请求|{"service":"Game.ReqCard","channel":"bt","gid":"1","live_id":"7","user_id":"1","dealer_id":"14"}
2016-10-20 17:21:06|INFO|请求|{"service":"Game.ReqCard","channel":"bt","gid":"1","live_id":"7","user_id":"1","dealer_id":"14"}
2016-10-20 17:21:16|INFO|请求|{"service":"Game.ReqCard","channel":"bt","gid":"1","live_id":"7","user_id":"1","dealer_id":"14"}
2016-10-20 17:21:26|INFO|请求|{"service":"Game.ReqCard","channel":"bt","gid":"1","live_id":"7","user_id":"1","dealer_id":"14"}
2016-10-20 17:21:28|INFO|请求|{"service":"Game.ReqCard","channel":"bt","gid":"1","live_id":"7","user_id":"1","dealer_id":"14"}
2016-10-20 17:21:38|INFO|请求|{"service":"Game.ReqCard","channel":"bt","gid":"1","live_id":"7","user_id":"1","dealer_id":"14"}
2016-10-20 17:21:39|INFO|请求|{"service":"Game.ReqCard","channel":"bt","gid":"1","live_id":"7","user_id":"1","dealer_id":"14"}
2016-10-20 17:21:48|INFO|请求|{"service":"Game.ReqCard","channel":"bt","gid":"1","live_id":"7","user_id":"1","dealer_id":"14"}
2016-10-20 17:22:13|INFO|请求|{"service":"Game.ReqCard","channel":"bt","gid":"1","live_id":"7","user_id":"1","dealer_id":"14"}
2016-10-20 17:22:14|INFO|请求|{"service":"Game.ReqCard","channel":"bt","gid":"1","live_id":"7","user_id":"1","dealer_id":"14"}
2016-10-20 17:22:24|INFO|请求|{"service":"Game.ReqCard","channel":"bt","gid":"1","live_id":"7","user_id":"1","dealer_id":"14"}
2016-10-20 17:22:25|INFO|请求|{"service":"Game.ReqCard","channel":"bt","gid":"1","live_id":"7","user_id":"1","dealer_id":"14"}
2016-10-20 17:22:33|INFO|请求|{"service":"Game.ReqCard","channel":"bt","gid":"1","live_id":"7","user_id":"1","dealer_id":"14"}
2016-10-20 17:22:34|INFO|请求|{"service":"Game.ReqCard","channel":"bt","gid":"1","live_id":"7","user_id":"1","dealer_id":"14"}
2016-10-20 17:22:53|INFO|请求|{"service":"Game.ReqCard","channel":"bt","gid":"1","live_id":"7","user_id":"1","dealer_id":"14"}
2016-10-20 17:24:12|INFO|请求|{"service":"Game.ReqCard","channel":"bt","gid":"1","live_id":"7","user_id":"1","dealer_id":"14"}
2016-10-20 17:25:16|INFO|请求|{"service":"Game.ReqCard","channel":"bt","gid":"1","live_id":"7","user_id":"1","dealer_id":"14"}
2016-10-20 17:25:33|INFO|请求|{"service":"Game.ReqCard","channel":"bt","gid":"1","live_id":"7","user_id":"1","dealer_id":"14"}
2016-10-20 17:25:37|INFO|请求|{"service":"Game.ReqCard","channel":"bt","gid":"1","live_id":"7","user_id":"1","dealer_id":"14"}
2016-10-20 17:25:55|INFO|请求|{"service":"Game.ReqCard","channel":"bt","gid":"1","live_id":"7","user_id":"1","dealer_id":"14"}
2016-10-20 17:25:56|INFO|请求|{"service":"Game.ReqCard","channel":"bt","gid":"1","live_id":"7","user_id":"1","dealer_id":"14"}
2016-10-20 17:30:02|INFO|请求|{"service":"Game.ReqCard","channel":"bt","gid":"1","live_id":"7","user_id":"1","dealer_id":"14"}
2016-10-20 17:30:03|INFO|请求|{"service":"Game.ReqCard","channel":"bt","gid":"1","live_id":"7","user_id":"1","dealer_id":"14"}
2016-10-20 17:30:17|INFO|请求|{"service":"Game.ReqCard","channel":"bt","gid":"1","live_id":"7","user_id":"1","dealer_id":"14"}
2016-10-20 17:30:18|INFO|请求|{"service":"Game.ReqCard","channel":"bt","gid":"1","live_id":"7","user_id":"1","dealer_id":"14"}
2016-10-20 17:30:35|INFO|请求|{"service":"Game.ReqCard","channel":"bt","gid":"1","live_id":"7","user_id":"1","dealer_id":"14"}
2016-10-20 17:30:36|INFO|请求|{"service":"Game.ReqCard","channel":"bt","gid":"1","live_id":"7","user_id":"1","dealer_id":"14"}
2016-10-20 17:32:53|INFO|请求|{"service":"Game.ReqCard","channel":"bt","gid":"1","live_id":"7","user_id":"1","dealer_id":"14"}
2016-10-20 17:33:09|INFO|请求|{"service":"Game.ReqCard","channel":"bt","gid":"1","live_id":"7","user_id":"1","dealer_id":"14"}
2016-10-20 17:33:11|INFO|请求|{"service":"Game.ReqCard","channel":"bt","gid":"1","live_id":"7","user_id":"1","dealer_id":"14"}
2016-10-20 17:34:29|INFO|请求|{"service":"Game.ReqCard","channel":"bt","gid":"1","live_id":"7","user_id":"1","dealer_id":"14"}
2016-10-20 17:34:35|INFO|请求|{"service":"Game.ReqCard","channel":"bt","gid":"1","live_id":"7","user_id":"1","dealer_id":"14"}
2016-10-20 17:35:21|INFO|请求|{"service":"Game.ReqCard","channel":"bt","gid":"1","live_id":"7","user_id":"1","dealer_id":"14"}
2016-10-20 17:35:41|INFO|请求|{"service":"Game.ReqCard","channel":"bt","gid":"1","live_id":"7","user_id":"1","dealer_id":"14"}
2016-10-20 17:35:44|INFO|请求|{"service":"Game.ReqCard","channel":"bt","gid":"1","live_id":"7","user_id":"1","dealer_id":"14"}
2016-10-20 17:37:46|INFO|请求|{"service":"Game.ReqCard","channel":"bt","gid":"1","live_id":"7","user_id":"1","dealer_id":"14"}
2016-10-20 17:37:49|INFO|请求|{"service":"Game.ReqCard","channel":"bt","gid":"1","live_id":"7","user_id":"1","dealer_id":"14"}
2016-10-20 17:38:10|INFO|请求|{"service":"Game.ReqCard","channel":"bt","gid":"1","live_id":"7","user_id":"1","dealer_id":"14"}
2016-10-20 17:41:40|INFO|请求|{"service":"Game.ReqCard","channel":"bt","gid":"1","live_id":"7","user_id":"1","dealer_id":"14"}
2016-10-20 17:42:21|INFO|请求|{"service":"Game.ReqCard","channel":"bt","gid":"1","live_id":"7","user_id":"1","dealer_id":"14"}
2016-10-20 17:42:54|INFO|请求|{"service":"Game.ReqCard","channel":"bt","gid":"1","live_id":"7","user_id":"1","dealer_id":"14"}
2016-10-20 17:43:10|INFO|请求|{"service":"Default.chat"}
2016-10-20 17:43:10|INFO|请求|{"service":"Game.ReqCard","channel":"bt","gid":"1","live_id":"7","user_id":"1","dealer_id":"14"}
2016-10-20 17:43:12|INFO|请求|{"service":"Default.chat"}
2016-10-20 17:43:12|INFO|请求|{"service":"Game.ReqCard","channel":"bt","gid":"1","live_id":"7","user_id":"1","dealer_id":"14"}
2016-10-20 17:43:15|INFO|请求|{"service":"Game.ReqCard","channel":"bt","gid":"1","live_id":"7","user_id":"1","dealer_id":"14"}
2016-10-20 17:43:25|INFO|请求|{"service":"Game.ReqCard","channel":"bt","gid":"1","live_id":"7","user_id":"1","dealer_id":"14"}
2016-10-20 17:43:28|INFO|请求|{"service":"Game.ReqCard","channel":"bt","gid":"1","live_id":"7","user_id":"1","dealer_id":"14"}
2016-10-20 17:44:07|INFO|请求|{"service":"Game.ReqCard","channel":"bt","gid":"1","live_id":"7","user_id":"1","dealer_id":"14"}
2016-10-20 17:45:49|INFO|请求|{"service":"Game.ReqCard","channel":"bt","gid":"1","live_id":"7","user_id":"1","dealer_id":"14"}
2016-10-20 17:46:04|INFO|请求|{"service":"Game.ReqCard","channel":"bt","gid":"1","live_id":"7","user_id":"1","dealer_id":"14"}
2016-10-20 17:48:37|INFO|请求|{"service":"Game.ReqCard","channel":"bt","gid":"1","live_id":"7","user_id":"1","dealer_id":"14"}
2016-10-20 17:48:53|INFO|请求|{"service":"Game.ReqCard","channel":"bt","gid":"1","live_id":"7","user_id":"1","dealer_id":"14"}
2016-10-20 17:49:01|INFO|请求|{"service":"Game.ReqCard","channel":"bt","gid":"1","live_id":"7","user_id":"1","dealer_id":"14"}
2016-10-20 17:49:36|INFO|请求|{"service":"Game.ReqCard","channel":"bt","gid":"1","live_id":"7","user_id":"1","dealer_id":"14"}
2016-10-20 17:49:48|INFO|请求|{"service":"Game.ReqCard","channel":"bt","gid":"1","live_id":"7","user_id":"1","dealer_id":"14"}
2016-10-20 17:50:22|INFO|请求|{"service":"Game.ReqCard","channel":"bt","gid":"1","live_id":"7","user_id":"1","dealer_id":"14"}
2016-10-20 17:50:53|INFO|请求|{"service":"Game.ReqCard","channel":"bt","gid":"1","live_id":"7","user_id":"1","dealer_id":"14"}
2016-10-20 17:52:24|INFO|请求|{"service":"Game.ReqCard","channel":"bt","gid":"1","live_id":"7","user_id":"1","dealer_id":"14"}
2016-10-20 17:53:09|INFO|请求|{"service":"Game.ReqCard","channel":"bt","gid":"1","live_id":"7","user_id":"1","dealer_id":"14"}
2016-10-20 17:54:12|INFO|请求|{"service":"Game.ReqCard","channel":"bt","gid":"1","live_id":"7","user_id":"1","dealer_id":"14"}
2016-10-20 17:54:24|INFO|请求|{"service":"Game.ReqCard","channel":"bt","gid":"1","live_id":"7","user_id":"1","dealer_id":"14"}
2016-10-20 17:55:20|INFO|请求|{"service":"Game.ReqCard","channel":"bt","gid":"1","live_id":"7","user_id":"1","dealer_id":"14"}
2016-10-20 17:56:24|INFO|请求|{"service":"Game.ReqCard","channel":"bt","gid":"1","live_id":"7","user_id":"1","dealer_id":"14"}
2016-10-20 17:57:13|INFO|请求|{"service":"Game.ReqCard","channel":"bt","gid":"1","live_id":"7","user_id":"1","dealer_id":"14"}
2016-10-20 17:57:54|INFO|请求|{"service":"Game.ReqCard","channel":"bt","gid":"1","live_id":"7","user_id":"1","dealer_id":"14"}
2016-10-20 17:59:32|INFO|请求|{"service":"Game.ReqCard","channel":"bt","gid":"1","live_id":"7","user_id":"1","dealer_id":"14"}
2016-10-20 18:00:44|INFO|请求|{"service":"Crond.dealCard"}
2016-10-20 18:00:44|INFO|请求|{"service":"Game.ReqCard","channel":"bt","gid":"1","live_id":"7","user_id":"1","dealer_id":"14"}
2016-10-20 18:00:58|INFO|请求|{"service":"Default.chat"}
2016-10-20 18:00:58|INFO|请求|{"service":"Game.ReqCard","channel":"bt","gid":"1","live_id":"7","user_id":"1","dealer_id":"14"}
2016-10-20 18:01:07|INFO|请求|{"service":"Default.chat"}
2016-10-20 18:01:07|INFO|请求|{"service":"Game.ReqCard","channel":"bt","gid":"1","live_id":"7","user_id":"1","dealer_id":"14"}
2016-10-20 18:03:22|INFO|请求|{"service":"Default.chat"}
2016-10-20 18:03:22|INFO|请求|{"service":"Game.ReqCard","channel":"bt","gid":"1","live_id":"7","user_id":"1","dealer_id":"14"}
2016-10-20 18:04:11|INFO|请求|{"service":"Default.chat"}
2016-10-20 18:04:11|INFO|请求|{"service":"Game.ReqCard","channel":"bt","gid":"1","live_id":"7","user_id":"1","dealer_id":"14"}
2016-10-20 18:05:27|INFO|请求|{"service":"Default.chat"}
2016-10-20 18:05:28|INFO|请求|{"service":"Game.ReqCard","channel":"bt","gid":"1","live_id":"7","user_id":"1","dealer_id":"14"}
2016-10-20 18:08:26|INFO|请求|{"service":"Default.chat"}
2016-10-20 18:08:26|INFO|请求|{"service":"Game.ReqCard","channel":"bt","gid":"1","live_id":"7","user_id":"1","dealer_id":"14"}
2016-10-20 18:09:18|INFO|请求|{"service":"Default.chat"}
2016-10-20 18:09:18|INFO|请求|{"service":"Game.ReqCard","channel":"bt","gid":"1","live_id":"7","user_id":"1","dealer_id":"14"}
2016-10-20 18:09:27|INFO|请求|{"service":"Default.chat"}
2016-10-20 18:09:27|INFO|请求|{"service":"Game.ReqCard","channel":"bt","gid":"1","live_id":"7","user_id":"1","dealer_id":"14"}
2016-10-20 18:10:57|INFO|请求|{"service":"Default.chat"}
2016-10-20 18:10:57|INFO|请求|{"service":"Game.ReqCard","channel":"bt","gid":"1","live_id":"7","user_id":"1","dealer_id":"14"}
2016-10-20 18:11:27|INFO|请求|{"service":"Default.chat"}
2016-10-20 18:11:27|INFO|请求|{"service":"Game.ReqCard","channel":"bt","gid":"1","live_id":"7","user_id":"1","dealer_id":"14"}
2016-10-20 18:16:45|INFO|请求|{"service":"Default.chat"}
2016-10-20 18:17:52|INFO|请求|{"service":"Default.chat"}
2016-10-20 18:18:07|INFO|请求|{"service":"Default.chat"}
2016-10-20 18:18:29|INFO|请求|{"service":"Default.chat"}
2016-10-20 18:26:53|INFO|请求|{"service":"Default.chat"}
2016-10-20 18:26:53|INFO|请求|{"service":"Game.ReqCard","channel":"bt","gid":"1","live_id":"7","user_id":"1","dealer_id":"14"}
2016-10-20 18:28:12|INFO|请求|{"service":"Default.chat"}
2016-10-20 18:28:12|INFO|请求|{"service":"Game.ReqCard","channel":"bt","gid":"1","live_id":"7","user_id":"1","dealer_id":"14"}
2016-10-20 18:30:30|INFO|请求|{"service":"Default.chat"}
2016-10-20 18:30:30|INFO|请求|{"service":"Game.ReqCard","channel":"bt","gid":"1","live_id":"7","user_id":"1","dealer_id":"14"}
2016-10-20 18:49:12|INFO|请求|{"service":"Default.chat"}
2016-10-20 18:49:12|INFO|请求|{"service":"Game.ReqCard","channel":"bt","gid":"1","live_id":"7","user_id":"1","dealer_id":"14"}
2016-10-20 18:52:15|INFO|请求|{"service":"Default.chat"}
2016-10-20 18:52:15|INFO|请求|{"service":"Game.ReqCard","channel":"bt","gid":"1","live_id":"7","user_id":"1","dealer_id":"14"}
2016-10-20 18:56:23|INFO|请求|{"service":"Default.chat"}
2016-10-20 18:56:23|INFO|请求|{"service":"Game.ReqCard","channel":"bt","gid":"1","live_id":"7","user_id":"1","dealer_id":"14"}
2016-10-20 19:03:36|INFO|请求|{"service":"Default.chat"}
2016-10-20 19:03:36|INFO|请求|{"service":"Game.ReqCard","channel":"bt","gid":"1","live_id":"7","user_id":"1","dealer_id":"14"}
2016-10-20 19:04:10|INFO|请求|{"service":"Default.chat"}
2016-10-20 19:04:10|INFO|请求|{"service":"Game.ReqCard","channel":"bt","gid":"1","live_id":"7","user_id":"1","dealer_id":"14"}
2016-10-20 19:04:35|INFO|请求|{"service":"Default.chat"}
2016-10-20 19:04:35|INFO|请求|{"service":"Game.ReqCard","channel":"bt","gid":"1","live_id":"7","user_id":"1","dealer_id":"14"}
2016-10-20 19:05:28|INFO|请求|{"service":"Default.chat"}
2016-10-20 19:05:28|INFO|请求|{"service":"Game.ReqCard","channel":"bt","gid":"1","live_id":"7","user_id":"1","dealer_id":"14"}
2016-10-20 19:06:17|INFO|请求|{"service":"Default.chat"}
2016-10-20 19:06:17|INFO|请求|{"service":"Game.ReqCard","channel":"bt","gid":"1","live_id":"7","user_id":"1","dealer_id":"14"}
2016-10-20 19:41:28|INFO|请求|{"service":"Default.chat"}
2016-10-20 19:41:28|INFO|请求|{"service":"Game.ReqCard","channel":"bt","gid":"1","live_id":"7","user_id":"1","dealer_id":"14"}
2016-10-20 19:42:32|INFO|请求|{"service":"Default.chat"}
2016-10-20 19:42:32|INFO|请求|{"service":"Game.ReqCard","channel":"bt","gid":"1","live_id":"7","user_id":"1","dealer_id":"14"}
2016-10-20 19:43:19|INFO|请求|{"service":"Default.chat"}
2016-10-20 19:43:19|INFO|请求|{"service":"Game.ReqCard","channel":"bt","gid":"1","live_id":"7","user_id":"1","dealer_id":"14"}
2016-10-20 19:44:21|INFO|请求|{"service":"Default.chat"}
2016-10-20 19:44:21|INFO|请求|{"service":"Game.ReqCard","channel":"bt","gid":"1","live_id":"7","user_id":"1","dealer_id":"14"}
2016-10-20 19:45:13|INFO|请求|{"service":"Default.chat"}
2016-10-20 19:45:13|INFO|请求|{"service":"Game.ReqCard","channel":"bt","gid":"1","live_id":"7","user_id":"1","dealer_id":"14"}
2016-10-20 19:45:55|INFO|请求|{"service":"Default.chat"}
2016-10-20 19:45:55|INFO|请求|{"service":"Game.ReqCard","channel":"bt","gid":"1","live_id":"7","user_id":"1","dealer_id":"14"}
2016-10-20 19:46:37|INFO|请求|{"service":"Default.chat"}
2016-10-20 19:46:37|INFO|请求|{"service":"Game.ReqCard","channel":"bt","gid":"1","live_id":"7","user_id":"1","dealer_id":"14"}
2016-10-20 19:48:09|INFO|请求|{"service":"Default.chat"}
2016-10-20 19:48:09|INFO|请求|{"service":"Game.ReqCard","channel":"bt","gid":"1","live_id":"7","user_id":"1","dealer_id":"14"}
2016-10-20 19:48:46|INFO|请求|{"service":"Default.chat"}
2016-10-20 19:48:46|INFO|请求|{"service":"Game.ReqCard","channel":"bt","gid":"1","live_id":"7","user_id":"1","dealer_id":"14"}
2016-10-20 19:49:37|INFO|请求|{"service":"Default.chat"}
2016-10-20 19:49:38|INFO|请求|{"service":"Game.ReqCard","channel":"bt","gid":"1","live_id":"7","user_id":"1","dealer_id":"14"}
2016-10-20 19:50:57|INFO|请求|{"service":"Default.chat"}
2016-10-20 19:50:57|INFO|请求|{"service":"Game.ReqCard","channel":"bt","gid":"1","live_id":"7","user_id":"1","dealer_id":"14"}
2016-10-20 19:52:40|INFO|请求|{"service":"Default.chat"}
2016-10-20 19:52:40|INFO|请求|{"service":"Game.ReqCard","channel":"bt","gid":"1","live_id":"7","user_id":"1","dealer_id":"14"}
2016-10-20 19:53:26|INFO|请求|{"service":"Default.chat"}
2016-10-20 19:53:27|INFO|请求|{"service":"Game.ReqCard","channel":"bt","gid":"1","live_id":"7","user_id":"1","dealer_id":"14"}
2016-10-20 19:54:20|INFO|请求|{"service":"Default.chat"}
2016-10-20 19:54:21|INFO|请求|{"service":"Game.ReqCard","channel":"bt","gid":"1","live_id":"7","user_id":"1","dealer_id":"14"}
2016-10-20 19:56:42|INFO|请求|{"service":"Default.chat"}
2016-10-20 19:56:42|INFO|请求|{"service":"Game.ReqCard","channel":"bt","gid":"1","live_id":"7","user_id":"1","dealer_id":"14"}
2016-10-20 20:02:35|INFO|请求|{"service":"Game.SetResult","channel":"bt","gid":"1","live_id":"7","loop_id":"502","bet_pool1":"1000","bet_pool2":"1000","bet_pool3":"0"}
2016-10-20 20:02:42|INFO|请求|{"service":"Game.SetResult","channel":"bt","gid":"1","live_id":"7","loop_id":"502","bet_pool1":"1000","bet_pool2":"1000","bet_pool3":"0","user_id":"14"}
2016-10-20 20:02:42|ERROR|非在直播数据不允许回调|{"service":"Game.SetResult","channel":"bt","gid":"1","live_id":"7","loop_id":"502","bet_pool1":"1000","bet_pool2":"1000","bet_pool3":"0","user_id":"14"}
2016-10-20 20:03:01|INFO|请求|{"service":"Game.SetResult","channel":"bt","gid":"1","live_id":"7","loop_id":"502","bet_pool1":"2000","bet_pool2":"1000","bet_pool3":"0","user_id":"14"}
2016-10-20 20:03:01|ERROR|非在直播数据不允许回调|{"service":"Game.SetResult","channel":"bt","gid":"1","live_id":"7","loop_id":"502","bet_pool1":"2000","bet_pool2":"1000","bet_pool3":"0","user_id":"14"}
2016-10-20 20:04:47|INFO|请求|{"service":"Crond.act"}
2016-10-20 20:04:47|INFO|非法外部请求|{"service":"Crond.act"}
2016-10-20 20:06:08|INFO|请求|{"service":"Crond.act"}
2016-10-20 20:06:49|INFO|请求|{"service":"Crond.act"}
2016-10-20 20:07:32|INFO|请求|{"service":"Crond.act"}
2016-10-20 20:08:33|INFO|请求|{"service":"Crond.act"}
2016-10-20 20:08:50|INFO|请求|{"service":"Crond.act"}
2016-10-20 20:09:27|INFO|请求|{"service":"Crond.act"}
2016-10-20 20:09:52|INFO|请求|{"service":"Crond.act"}
2016-10-20 20:10:11|INFO|请求|{"service":"Crond.act"}
2016-10-20 20:10:19|INFO|请求|{"service":"Crond.act"}
2016-10-20 20:10:54|INFO|请求|{"service":"Crond.act"}
2016-10-20 20:10:54|INFO|加入聊天室成功|{"id":"23","mb_id":"100015","im_id":"eacb1d1eb882496aa60ae85d81efc99e","im_pwd":"6eee4d33c03c8b23cb8d6d3e8a3a45a8","third_id":"","third_extra":"","user_type":"9","channel":"bt","login_name":"","nick_name":"\u673a\u5668\u4eba2\u53f7","password":"","phone":"","sex":"1","is_anchor":"0","address":"","signature":"","level":"0","experience":"0","avatar":"http:\/\/img59.nipic.com\/file\/20140924\/2531170_202208296000_1.jpg","coin_num":"0","diamond_num":"0","send_num":"0","receive_num":"0","fans_num":"0","follow_num":"0","is_limit":"0","create_time":"2016-10-08 10:25:17","live_id":"1"}
2016-10-20 20:10:54|ERROR|253935214219231664聊天室不存在|[]
2016-10-20 20:11:27|INFO|请求|{"service":"Crond.act"}
2016-10-20 20:11:27|INFO|加入聊天室成功|{"id":"22","mb_id":"100014","im_id":"d5479a3f95634dcf981137cb7456e889","im_pwd":"6eee4d33c03c8b23cb8d6d3e8a3a45a8","third_id":"","third_extra":"","user_type":"9","channel":"bt","login_name":"","nick_name":"\u673a\u5668\u4eba1\u53f7","password":"","phone":"","sex":"0","is_anchor":"0","address":"","signature":"","level":"0","experience":"0","avatar":"http:\/\/img59.nipic.com\/file\/20140924\/2531170_202208296000_1.jpg","coin_num":"0","diamond_num":"0","send_num":"0","receive_num":"0","fans_num":"0","follow_num":"0","is_limit":"0","create_time":"2016-10-08 10:25:16","live_id":"1"}
2016-10-20 20:11:27|ERROR|253935214219231664聊天室不存在|[]
2016-10-20 20:12:14|INFO|请求|{"service":"Crond.act"}
2016-10-20 20:12:14|ERROR|255078339906109868聊天室不存在|[]
2016-10-20 20:15:00|INFO|请求|{"service":"Default.sendMsg"}
2016-10-20 20:17:10|INFO|请求|{"service":"Crond.act"}
2016-10-20 20:17:10|ERROR|255078339906109868聊天室不存在|[]
2016-10-20 20:17:10|INFO|加入聊天室成功|{"id":"23","mb_id":"100015","im_id":"eacb1d1eb882496aa60ae85d81efc99e","im_pwd":"6eee4d33c03c8b23cb8d6d3e8a3a45a8","third_id":"","third_extra":"","user_type":"9","channel":"bt","login_name":"","nick_name":"\u673a\u5668\u4eba2\u53f7","password":"","phone":"","sex":"1","is_anchor":"0","address":"","signature":"","level":"0","experience":"0","avatar":"http:\/\/img59.nipic.com\/file\/20140924\/2531170_202208296000_1.jpg","coin_num":"0","diamond_num":"0","send_num":"0","receive_num":"0","fans_num":"0","follow_num":"0","is_limit":"0","create_time":"2016-10-08 10:25:17","live_id":"7"}
2016-10-20 20:17:34|INFO|请求|{"service":"Crond.act"}
2016-10-20 20:17:34|INFO|加入聊天室成功|{"id":"24","mb_id":"100016","im_id":"c01a8dfbc0f74241bb4aade117cc261f","im_pwd":"6eee4d33c03c8b23cb8d6d3e8a3a45a8","third_id":"","third_extra":"","user_type":"9","channel":"bt","login_name":"","nick_name":"\u673a\u5668\u4eba3\u53f7","password":"","phone":"","sex":"2","is_anchor":"0","address":"","signature":"","level":"0","experience":"0","avatar":"http:\/\/img59.nipic.com\/file\/20140924\/2531170_202208296000_1.jpg","coin_num":"0","diamond_num":"0","send_num":"0","receive_num":"0","fans_num":"0","follow_num":"0","is_limit":"0","create_time":"2016-10-08 10:25:19","live_id":"1"}
2016-10-20 20:17:34|ERROR|253935214219231664聊天室不存在|[]
2016-10-20 20:22:37|INFO|请求|{"service":"Crond.act"}
2016-10-20 20:22:37|INFO|没有获取到机器人,机器人不够啦
2016-10-20 20:22:37|ERROR|253935214219231664聊天室不存在|[]
2016-10-20 20:23:57|INFO|请求|{"service":"Crond.act"}
2016-10-20 20:23:57|INFO|请求|{"service":"Game.ReqCard","channel":"bt","gid":"1","live_id":"7","user_id":"1","dealer_id":"14"}
2016-10-20 20:28:48|INFO|请求|{"service":"Crond.dealcard"}
2016-10-20 20:29:00|INFO|请求|{"service":"Crond.dealcard"}
2016-10-20 20:29:00|INFO|请求|{"service":"Game.ReqCard","channel":"bt","gid":"1","live_id":"7","user_id":"1","dealer_id":"14"}
2016-10-20 20:33:33|INFO|请求|{"service":"Crond.dealcard"}
2016-10-20 20:33:37|INFO|请求|{"service":"Crond.dealcard"}
2016-10-20 20:33:37|INFO|请求|{"service":"Game.ReqCard","channel":"bt","gid":"1","live_id":"7","user_id":"1","dealer_id":"14"}
2016-10-20 20:34:42|INFO|请求|{"service":"Crond.dealcard"}
2016-10-20 20:34:49|INFO|请求|{"service":"Crond.dealcard"}
2016-10-20 20:42:51|INFO|请求|{"service":"Crond.act"}
2016-10-20 20:42:51|INFO|请求|{"service":"Game.ReqCard","channel":"bt","gid":"1","live_id":"7","user_id":"1","dealer_id":"14"}
2016-10-20 20:43:24|INFO|请求|{"service":"Crond.act"}
2016-10-20 20:43:49|INFO|请求|{"service":"Crond.act"}
2016-10-20 20:43:49|INFO|请求|{"service":"Game.ReqCard","channel":"bt","gid":"1","live_id":"7","user_id":"1","dealer_id":"14"}
2016-10-20 20:43:49|INFO|没有获取到机器人,机器人不够啦
2016-10-20 20:43:49|INFO|加入聊天室成功|{"id":"24","mb_id":"100016","im_id":"c01a8dfbc0f74241bb4aade117cc261f","im_pwd":"6eee4d33c03c8b23cb8d6d3e8a3a45a8","third_id":"","third_extra":"","user_type":"9","channel":"bt","login_name":"","nick_name":"\u673a\u5668\u4eba3\u53f7","password":"","phone":"","sex":"2","is_anchor":"0","address":"","signature":"","level":"0","experience":"0","avatar":"http:\/\/img59.nipic.com\/file\/20140924\/2531170_202208296000_1.jpg","coin_num":"0","diamond_num":"0","send_num":"0","receive_num":"0","fans_num":"0","follow_num":"0","is_limit":"0","create_time":"2016-10-08 10:25:19","live_id":"7"}
