2016-10-08 10:05:09|INFO|请求|{"service":"Home.DoSearch","channel":"bt","key_word":"1","page_no":"1","page_size":"10"}
2016-10-08 10:54:39|INFO|请求|{"service":"Default.getGift2"}
2016-10-08 10:56:25|INFO|请求|{"service":"Default.getGift2"}
2016-10-08 11:03:59|INFO|请求|{"service":"Default.getGift"}
2016-10-08 11:05:01|INFO|请求|{"service":"Default.getGift"}
2016-10-08 11:06:56|INFO|请求|{"service":"Default.getGift"}
2016-10-08 11:07:06|INFO|请求|{"service":"Default.getGift"}
2016-10-08 11:08:54|INFO|请求|{"service":"Default.getGift"}
2016-10-08 11:09:18|INFO|请求|{"service":"Default.getGift"}
2016-10-08 18:13:15|INFO|请求|{"service":"Live.anchorEntry","channel":"bt","user_id":"18"}
2016-10-08 18:13:22|INFO|请求|{"service":"Live.anchorEntry","channel":"bt","user_id":"18","live_id":"1"}
2016-10-08 18:14:48|INFO|请求|{"service":"Live.anchorEntry","channel":"bt","user_id":"18","live_id":"1"}
2016-10-08 18:14:51|INFO|请求|{"service":"Live.anchorEntry","channel":"bt","user_id":"18","live_id":"1"}
2016-10-08 18:15:24|INFO|请求|{"service":"Live.anchorEntry","channel":"bt","user_id":"18","live_id":"1"}
2016-10-08 18:15:37|INFO|请求|{"service":"Live.anchorEntry","channel":"bt","user_id":"18","live_id":"1"}
2016-10-08 18:15:39|INFO|请求|{"service":"Live.anchorEntry","channel":"bt","user_id":"18","live_id":"1"}
2016-10-08 18:15:46|INFO|请求|{"service":"Live.anchorEntry","channel":"bt","user_id":"18","live_id":"1"}
2016-10-08 18:17:46|INFO|请求|{"service":"Live.anchorEntry","channel":"bt","user_id":"18","live_id":"1"}
2016-10-08 18:18:14|INFO|请求|{"service":"Live.anchorEntry","channel":"bt","user_id":"18","live_id":"1"}
2016-10-08 18:19:23|INFO|请求|{"service":"Live.anchorEntry","channel":"bt","user_id":"18","live_id":"1"}
2016-10-08 18:19:28|INFO|请求|{"service":"Live.anchorEntry","channel":"bt","user_id":"18","live_id":"1"}
2016-10-08 18:19:30|INFO|请求|{"service":"Live.anchorEntry","channel":"bt","user_id":"18","live_id":"1"}
2016-10-08 18:19:31|INFO|请求|{"service":"Live.anchorEntry","channel":"bt","user_id":"18","live_id":"1"}
2016-10-08 18:26:07|INFO|请求|{"service":"Live.anchorEntry","channel":"bt","user_id":"18","live_id":"1"}
2016-10-08 18:31:20|INFO|请求|{"service":"Live.anchorEntry","channel":"bt","user_id":"18","live_id":"1"}
2016-10-08 18:31:45|INFO|请求|{"service":"Live.anchorEntry","channel":"bt","user_id":"18","live_id":"1"}
2016-10-08 18:32:11|INFO|请求|{"service":"Live.anchorEntry","channel":"bt","user_id":"18","live_id":"1"}
2016-10-08 18:36:58|INFO|请求|{"service":"Live.anchorEntry","channel":"bt","user_id":"18","live_id":"1"}
2016-10-08 18:37:35|INFO|请求|{"service":"Live.anchorEntry","channel":"bt","user_id":"18","live_id":"1"}
2016-10-08 18:39:56|INFO|请求|{"service":"Live.anchorEntry","channel":"bt","user_id":"18","live_id":"1"}
2016-10-08 19:43:39|INFO|请求|{"service":"Home.getBannerList","channel":"bt"}
2016-10-08 19:48:41|INFO|请求|{"service":"Home.getBannerList","channel":"bt"}
2016-10-08 19:48:54|INFO|请求|{"service":"Personal.honePage","channel":"bt","user_id":"14"}
2016-10-08 19:52:21|INFO|请求|{"service":"Personal.honePage","channel":"bt","user_id":"18"}
2016-10-08 19:52:34|INFO|请求|{"service":"Personal.honePage","channel":"bt","user_id":"14"}
2016-10-08 19:54:04|INFO|请求|{"service":"Personal.honePage","channel":"bt","user_id":"17"}
2016-10-08 20:00:55|INFO|请求|{"service":"Home.DoSearch","channel":"bt","page_no":"1","key_word":"1"}
2016-10-08 20:01:15|INFO|请求|{"service":"Home.getBannerList","channel":"bt"}
2016-10-08 20:03:05|INFO|请求|{"service":"Personal.honePage","channel":"bt","user_id":"14"}
2016-10-08 20:06:45|INFO|请求|{"service":"Home.getBannerList","channel":"bt"}
2016-10-08 21:00:10|INFO|请求|{"service":"Default.test"}
2016-10-08 21:00:56|INFO|请求|{"service":"Default.test"}
