2016-10-19 09:26:20|INFO|请求|{"service":"Personal.getFansList","channel":"bt","user_id":"14","self_user_id":"15"}
2016-10-19 10:14:27|INFO|请求|{"service":"Home.DoSearch","channel":"bt","page_no":"1","key_word":"1","user_id":"14"}
2016-10-19 11:10:22|INFO|请求|{"service":"Home.report","user_id":"14","to_user_id":"15","type":"1"}
2016-10-19 11:10:39|INFO|请求|{"service":"App.report","user_id":"14","to_user_id":"15","type":"1"}
2016-10-19 11:11:00|INFO|请求|{"service":"App.report","user_id":"14","to_user_id":"15","type":"1"}
2016-10-19 11:11:41|INFO|请求|{"service":"App.report","user_id":"14","to_user_id":"15","type":"1"}
2016-10-19 12:21:09|INFO|请求|{"version_name":"3.0.0","self_user_id":"34","version_code":"15","service":"Personal.GetFansList","channel":"bt","user_id":"34","os":"Android"}
2016-10-19 12:22:37|INFO|请求|{"version_name":"3.0.0","self_user_id":"34","version_code":"15","service":"Personal.GetFansList","channel":"bt","user_id":"34","os":"Android"}
2016-10-19 12:23:11|INFO|请求|{"version_name":"3.0.0","self_user_id":"34","version_code":"15","service":"Personal.GetFansList","channel":"bt","user_id":"34","os":"Android"}
2016-10-19 12:25:29|INFO|请求|{"version_name":"3.0.0","self_user_id":"34","version_code":"15","service":"Personal.GetFansList","channel":"bt","user_id":"34","os":"Android"}
2016-10-19 12:30:50|INFO|请求|{"version_name":"3.0.0","self_user_id":"34","version_code":"15","service":"Personal.GetFansList","channel":"bt","user_id":"34","os":"Android"}
2016-10-19 12:33:00|INFO|请求|{"version_name":"3.0.0","self_user_id":"34","version_code":"15","service":"Personal.GetFansList","channel":"bt","user_id":"34","os":"Android"}
2016-10-19 12:33:10|INFO|请求|{"version_name":"3.0.0","self_user_id":"34","version_code":"15","service":"Personal.GetFansList","channel":"bt","user_id":"34","os":"Android"}
2016-10-19 12:34:18|INFO|请求|{"version_name":"3.0.0","self_user_id":"34","version_code":"15","service":"Personal.GetFansList","channel":"bt","user_id":"34","os":"Android"}
2016-10-19 14:49:21|INFO|请求|{"service":"Game.GetLiveRank","channel":"bt","gid":"1","live_id":"1"}
2016-10-19 14:53:41|INFO|请求|{"service":"Game.GetLiveRank","channel":"bt","gid":"1","live_id":"1"}
2016-10-19 14:54:13|INFO|请求|{"service":"Game.GetLiveRank","channel":"bt","gid":"1","live_id":"1"}
2016-10-19 14:54:54|INFO|请求|{"service":"Game.GetLiveRank","channel":"bt","gid":"1","live_id":"1"}
2016-10-19 14:57:59|INFO|请求|{"service":"Game.GetLiveRank","channel":"bt","gid":"1","live_id":"1"}
2016-10-19 15:01:13|INFO|请求|{"service":"Game.GetLiveRank","channel":"bt","gid":"1","live_id":"1"}
2016-10-19 15:40:07|INFO|请求|{"service":"Game.GetLiveRank","channel":"bt","gid":"1","live_id":"1"}
2016-10-19 15:40:17|INFO|请求|{"service":"Game.GetLiveRank","channel":"bt","gid":"1","live_id":"1","__sql__":"1"}
2016-10-19 15:41:19|INFO|请求|{"service":"Game.GetLiveRank","channel":"bt","gid":"1","live_id":"1","__sql__":"1"}
2016-10-19 15:45:40|INFO|请求|{"service":"Game.GetLiveRank","channel":"bt","gid":"1","live_id":"1","__sql__":"1"}
2016-10-19 15:45:53|INFO|请求|{"service":"Game.GetLiveRank","channel":"bt","gid":"1","live_id":"1"}
2016-10-19 15:47:39|INFO|请求|{"service":"Game.GetLiveRank","channel":"bt","gid":"1","live_id":"1"}
